[2023-06-08 07:52:44,302] {scheduler_job.py:181} INFO - Started process (PID=37) to work on /opt/airflow/dags/init.py
[2023-06-08 07:52:44,303] {scheduler_job.py:632} INFO - Processing file /opt/airflow/dags/init.py for tasks to queue
[2023-06-08 07:52:44,304] {logging_mixin.py:104} INFO - [2023-06-08 07:52:44,304] {dagbag.py:496} INFO - Filling up the DagBag from /opt/airflow/dags/init.py
[2023-06-08 07:52:44,361] {scheduler_job.py:642} INFO - DAG(s) dict_keys(['1_init_once_seed_data']) retrieved from /opt/airflow/dags/init.py
[2023-06-08 07:52:48,884] {logging_mixin.py:104} INFO - [2023-06-08 07:52:48,883] {dag.py:1833} INFO - Sync 1 DAGs
[2023-06-08 07:52:48,896] {logging_mixin.py:104} INFO - [2023-06-08 07:52:48,895] {dag.py:1852} INFO - Creating ORM DAG for 1_init_once_seed_data
[2023-06-08 07:52:48,903] {logging_mixin.py:104} INFO - [2023-06-08 07:52:48,902] {dag.py:2306} INFO - Setting next_dagrun for 1_init_once_seed_data to 2020-08-01T00:00:00+00:00
[2023-06-08 07:52:48,919] {scheduler_job.py:189} INFO - Processing /opt/airflow/dags/init.py took 4.619 seconds
[2023-06-08 07:53:21,731] {scheduler_job.py:181} INFO - Started process (PID=483) to work on /opt/airflow/dags/init.py
[2023-06-08 07:53:21,733] {scheduler_job.py:632} INFO - Processing file /opt/airflow/dags/init.py for tasks to queue
[2023-06-08 07:53:21,734] {logging_mixin.py:104} INFO - [2023-06-08 07:53:21,734] {dagbag.py:496} INFO - Filling up the DagBag from /opt/airflow/dags/init.py
[2023-06-08 07:53:21,778] {scheduler_job.py:642} INFO - DAG(s) dict_keys(['1_init_once_seed_data']) retrieved from /opt/airflow/dags/init.py
[2023-06-08 07:53:21,800] {logging_mixin.py:104} INFO - [2023-06-08 07:53:21,800] {dag.py:1833} INFO - Sync 1 DAGs
[2023-06-08 07:53:21,814] {logging_mixin.py:104} INFO - [2023-06-08 07:53:21,814] {dag.py:2306} INFO - Setting next_dagrun for 1_init_once_seed_data to 2020-08-01T00:00:00+00:00
[2023-06-08 07:53:21,824] {scheduler_job.py:189} INFO - Processing /opt/airflow/dags/init.py took 0.097 seconds
[2023-06-08 07:53:51,937] {scheduler_job.py:181} INFO - Started process (PID=546) to work on /opt/airflow/dags/init.py
[2023-06-08 07:53:51,938] {scheduler_job.py:632} INFO - Processing file /opt/airflow/dags/init.py for tasks to queue
[2023-06-08 07:53:51,939] {logging_mixin.py:104} INFO - [2023-06-08 07:53:51,939] {dagbag.py:496} INFO - Filling up the DagBag from /opt/airflow/dags/init.py
[2023-06-08 07:53:51,978] {scheduler_job.py:642} INFO - DAG(s) dict_keys(['1_init_once_seed_data']) retrieved from /opt/airflow/dags/init.py
[2023-06-08 07:53:51,993] {logging_mixin.py:104} INFO - [2023-06-08 07:53:51,993] {dag.py:1833} INFO - Sync 1 DAGs
[2023-06-08 07:53:52,005] {logging_mixin.py:104} INFO - [2023-06-08 07:53:52,005] {dag.py:2306} INFO - Setting next_dagrun for 1_init_once_seed_data to 2020-08-01T00:00:00+00:00
[2023-06-08 07:53:52,015] {scheduler_job.py:189} INFO - Processing /opt/airflow/dags/init.py took 0.080 seconds
[2023-06-08 07:54:22,262] {scheduler_job.py:181} INFO - Started process (PID=597) to work on /opt/airflow/dags/init.py
[2023-06-08 07:54:22,263] {scheduler_job.py:632} INFO - Processing file /opt/airflow/dags/init.py for tasks to queue
[2023-06-08 07:54:22,264] {logging_mixin.py:104} INFO - [2023-06-08 07:54:22,264] {dagbag.py:496} INFO - Filling up the DagBag from /opt/airflow/dags/init.py
[2023-06-08 07:54:22,303] {scheduler_job.py:642} INFO - DAG(s) dict_keys(['1_init_once_seed_data']) retrieved from /opt/airflow/dags/init.py
[2023-06-08 07:54:22,318] {logging_mixin.py:104} INFO - [2023-06-08 07:54:22,318] {dag.py:1833} INFO - Sync 1 DAGs
[2023-06-08 07:54:22,331] {logging_mixin.py:104} INFO - [2023-06-08 07:54:22,331] {dag.py:2306} INFO - Setting next_dagrun for 1_init_once_seed_data to 2020-08-01T00:00:00+00:00
[2023-06-08 07:54:22,342] {scheduler_job.py:189} INFO - Processing /opt/airflow/dags/init.py took 0.083 seconds
[2023-06-08 07:54:52,666] {scheduler_job.py:181} INFO - Started process (PID=660) to work on /opt/airflow/dags/init.py
[2023-06-08 07:54:52,668] {scheduler_job.py:632} INFO - Processing file /opt/airflow/dags/init.py for tasks to queue
[2023-06-08 07:54:52,669] {logging_mixin.py:104} INFO - [2023-06-08 07:54:52,669] {dagbag.py:496} INFO - Filling up the DagBag from /opt/airflow/dags/init.py
[2023-06-08 07:54:52,709] {scheduler_job.py:642} INFO - DAG(s) dict_keys(['1_init_once_seed_data']) retrieved from /opt/airflow/dags/init.py
[2023-06-08 07:54:52,727] {logging_mixin.py:104} INFO - [2023-06-08 07:54:52,727] {dag.py:1833} INFO - Sync 1 DAGs
[2023-06-08 07:54:52,740] {logging_mixin.py:104} INFO - [2023-06-08 07:54:52,740] {dag.py:2306} INFO - Setting next_dagrun for 1_init_once_seed_data to 2020-08-01T00:00:00+00:00
[2023-06-08 07:54:52,753] {scheduler_job.py:189} INFO - Processing /opt/airflow/dags/init.py took 0.089 seconds
[2023-06-08 07:55:23,127] {scheduler_job.py:181} INFO - Started process (PID=723) to work on /opt/airflow/dags/init.py
[2023-06-08 07:55:23,128] {scheduler_job.py:632} INFO - Processing file /opt/airflow/dags/init.py for tasks to queue
[2023-06-08 07:55:23,129] {logging_mixin.py:104} INFO - [2023-06-08 07:55:23,128] {dagbag.py:496} INFO - Filling up the DagBag from /opt/airflow/dags/init.py
[2023-06-08 07:55:23,172] {scheduler_job.py:642} INFO - DAG(s) dict_keys(['1_init_once_seed_data']) retrieved from /opt/airflow/dags/init.py
[2023-06-08 07:55:23,189] {logging_mixin.py:104} INFO - [2023-06-08 07:55:23,188] {dag.py:1833} INFO - Sync 1 DAGs
[2023-06-08 07:55:23,202] {logging_mixin.py:104} INFO - [2023-06-08 07:55:23,202] {dag.py:2306} INFO - Setting next_dagrun for 1_init_once_seed_data to 2020-08-01T00:00:00+00:00
[2023-06-08 07:55:23,212] {scheduler_job.py:189} INFO - Processing /opt/airflow/dags/init.py took 0.088 seconds
[2023-06-08 07:55:53,930] {scheduler_job.py:181} INFO - Started process (PID=777) to work on /opt/airflow/dags/init.py
[2023-06-08 07:55:53,931] {scheduler_job.py:632} INFO - Processing file /opt/airflow/dags/init.py for tasks to queue
[2023-06-08 07:55:53,932] {logging_mixin.py:104} INFO - [2023-06-08 07:55:53,932] {dagbag.py:496} INFO - Filling up the DagBag from /opt/airflow/dags/init.py
[2023-06-08 07:55:53,973] {scheduler_job.py:642} INFO - DAG(s) dict_keys(['1_init_once_seed_data']) retrieved from /opt/airflow/dags/init.py
[2023-06-08 07:55:53,989] {logging_mixin.py:104} INFO - [2023-06-08 07:55:53,989] {dag.py:1833} INFO - Sync 1 DAGs
[2023-06-08 07:55:54,000] {logging_mixin.py:104} INFO - [2023-06-08 07:55:54,000] {dag.py:2306} INFO - Setting next_dagrun for 1_init_once_seed_data to 2020-08-01T00:00:00+00:00
[2023-06-08 07:55:54,010] {scheduler_job.py:189} INFO - Processing /opt/airflow/dags/init.py took 0.083 seconds
[2023-06-08 07:56:24,816] {scheduler_job.py:181} INFO - Started process (PID=840) to work on /opt/airflow/dags/init.py
[2023-06-08 07:56:24,817] {scheduler_job.py:632} INFO - Processing file /opt/airflow/dags/init.py for tasks to queue
[2023-06-08 07:56:24,818] {logging_mixin.py:104} INFO - [2023-06-08 07:56:24,818] {dagbag.py:496} INFO - Filling up the DagBag from /opt/airflow/dags/init.py
[2023-06-08 07:56:24,863] {scheduler_job.py:642} INFO - DAG(s) dict_keys(['1_init_once_seed_data']) retrieved from /opt/airflow/dags/init.py
[2023-06-08 07:56:24,881] {logging_mixin.py:104} INFO - [2023-06-08 07:56:24,880] {dag.py:1833} INFO - Sync 1 DAGs
[2023-06-08 07:56:24,894] {logging_mixin.py:104} INFO - [2023-06-08 07:56:24,894] {dag.py:2306} INFO - Setting next_dagrun for 1_init_once_seed_data to 2020-08-01T00:00:00+00:00
[2023-06-08 07:56:24,905] {scheduler_job.py:189} INFO - Processing /opt/airflow/dags/init.py took 0.093 seconds
[2023-06-08 07:56:55,228] {scheduler_job.py:181} INFO - Started process (PID=893) to work on /opt/airflow/dags/init.py
[2023-06-08 07:56:55,229] {scheduler_job.py:632} INFO - Processing file /opt/airflow/dags/init.py for tasks to queue
[2023-06-08 07:56:55,230] {logging_mixin.py:104} INFO - [2023-06-08 07:56:55,230] {dagbag.py:496} INFO - Filling up the DagBag from /opt/airflow/dags/init.py
[2023-06-08 07:56:55,265] {scheduler_job.py:642} INFO - DAG(s) dict_keys(['1_init_once_seed_data']) retrieved from /opt/airflow/dags/init.py
[2023-06-08 07:56:55,281] {logging_mixin.py:104} INFO - [2023-06-08 07:56:55,280] {dag.py:1833} INFO - Sync 1 DAGs
[2023-06-08 07:56:55,292] {logging_mixin.py:104} INFO - [2023-06-08 07:56:55,292] {dag.py:2306} INFO - Setting next_dagrun for 1_init_once_seed_data to 2020-08-01T00:00:00+00:00
[2023-06-08 07:56:55,305] {scheduler_job.py:189} INFO - Processing /opt/airflow/dags/init.py took 0.080 seconds
[2023-06-08 07:57:25,888] {scheduler_job.py:181} INFO - Started process (PID=956) to work on /opt/airflow/dags/init.py
[2023-06-08 07:57:25,890] {scheduler_job.py:632} INFO - Processing file /opt/airflow/dags/init.py for tasks to queue
[2023-06-08 07:57:25,890] {logging_mixin.py:104} INFO - [2023-06-08 07:57:25,890] {dagbag.py:496} INFO - Filling up the DagBag from /opt/airflow/dags/init.py
[2023-06-08 07:57:25,932] {scheduler_job.py:642} INFO - DAG(s) dict_keys(['1_init_once_seed_data']) retrieved from /opt/airflow/dags/init.py
[2023-06-08 07:57:25,949] {logging_mixin.py:104} INFO - [2023-06-08 07:57:25,948] {dag.py:1833} INFO - Sync 1 DAGs
[2023-06-08 07:57:25,961] {logging_mixin.py:104} INFO - [2023-06-08 07:57:25,961] {dag.py:2306} INFO - Setting next_dagrun for 1_init_once_seed_data to 2020-08-01T00:00:00+00:00
[2023-06-08 07:57:25,976] {scheduler_job.py:189} INFO - Processing /opt/airflow/dags/init.py took 0.090 seconds
[2023-06-08 08:00:00,508] {scheduler_job.py:181} INFO - Started process (PID=37) to work on /opt/airflow/dags/init.py
[2023-06-08 08:00:00,510] {scheduler_job.py:632} INFO - Processing file /opt/airflow/dags/init.py for tasks to queue
[2023-06-08 08:00:00,512] {logging_mixin.py:104} INFO - [2023-06-08 08:00:00,512] {dagbag.py:496} INFO - Filling up the DagBag from /opt/airflow/dags/init.py
[2023-06-08 08:00:00,570] {scheduler_job.py:642} INFO - DAG(s) dict_keys(['1_init_once_seed_data']) retrieved from /opt/airflow/dags/init.py
[2023-06-08 08:00:00,594] {logging_mixin.py:104} INFO - [2023-06-08 08:00:00,594] {dag.py:1833} INFO - Sync 1 DAGs
[2023-06-08 08:00:00,609] {logging_mixin.py:104} INFO - [2023-06-08 08:00:00,609] {dag.py:2306} INFO - Setting next_dagrun for 1_init_once_seed_data to 2020-08-01T00:00:00+00:00
[2023-06-08 08:00:00,622] {scheduler_job.py:189} INFO - Processing /opt/airflow/dags/init.py took 0.118 seconds
[2023-06-08 08:00:31,515] {scheduler_job.py:181} INFO - Started process (PID=99) to work on /opt/airflow/dags/init.py
[2023-06-08 08:00:31,517] {scheduler_job.py:632} INFO - Processing file /opt/airflow/dags/init.py for tasks to queue
[2023-06-08 08:00:31,518] {logging_mixin.py:104} INFO - [2023-06-08 08:00:31,518] {dagbag.py:496} INFO - Filling up the DagBag from /opt/airflow/dags/init.py
[2023-06-08 08:00:31,570] {scheduler_job.py:642} INFO - DAG(s) dict_keys(['1_init_once_seed_data']) retrieved from /opt/airflow/dags/init.py
[2023-06-08 08:00:31,588] {logging_mixin.py:104} INFO - [2023-06-08 08:00:31,588] {dag.py:1833} INFO - Sync 1 DAGs
[2023-06-08 08:00:31,601] {logging_mixin.py:104} INFO - [2023-06-08 08:00:31,601] {dag.py:2306} INFO - Setting next_dagrun for 1_init_once_seed_data to 2020-08-01T00:00:00+00:00
[2023-06-08 08:00:31,611] {scheduler_job.py:189} INFO - Processing /opt/airflow/dags/init.py took 0.099 seconds
[2023-06-08 08:01:01,830] {scheduler_job.py:181} INFO - Started process (PID=152) to work on /opt/airflow/dags/init.py
[2023-06-08 08:01:01,831] {scheduler_job.py:632} INFO - Processing file /opt/airflow/dags/init.py for tasks to queue
[2023-06-08 08:01:01,832] {logging_mixin.py:104} INFO - [2023-06-08 08:01:01,832] {dagbag.py:496} INFO - Filling up the DagBag from /opt/airflow/dags/init.py
[2023-06-08 08:01:01,886] {scheduler_job.py:642} INFO - DAG(s) dict_keys(['1_init_once_seed_data']) retrieved from /opt/airflow/dags/init.py
[2023-06-08 08:01:01,907] {logging_mixin.py:104} INFO - [2023-06-08 08:01:01,907] {dag.py:1833} INFO - Sync 1 DAGs
[2023-06-08 08:01:01,921] {logging_mixin.py:104} INFO - [2023-06-08 08:01:01,921] {dag.py:2306} INFO - Setting next_dagrun for 1_init_once_seed_data to 2020-08-01T00:00:00+00:00
[2023-06-08 08:01:01,931] {scheduler_job.py:189} INFO - Processing /opt/airflow/dags/init.py took 0.105 seconds
[2023-06-08 08:01:32,551] {scheduler_job.py:181} INFO - Started process (PID=215) to work on /opt/airflow/dags/init.py
[2023-06-08 08:01:32,552] {scheduler_job.py:632} INFO - Processing file /opt/airflow/dags/init.py for tasks to queue
[2023-06-08 08:01:32,553] {logging_mixin.py:104} INFO - [2023-06-08 08:01:32,553] {dagbag.py:496} INFO - Filling up the DagBag from /opt/airflow/dags/init.py
[2023-06-08 08:01:32,601] {scheduler_job.py:642} INFO - DAG(s) dict_keys(['1_init_once_seed_data']) retrieved from /opt/airflow/dags/init.py
[2023-06-08 08:01:32,619] {logging_mixin.py:104} INFO - [2023-06-08 08:01:32,619] {dag.py:1833} INFO - Sync 1 DAGs
[2023-06-08 08:01:32,632] {logging_mixin.py:104} INFO - [2023-06-08 08:01:32,632] {dag.py:2306} INFO - Setting next_dagrun for 1_init_once_seed_data to 2020-08-01T00:00:00+00:00
[2023-06-08 08:01:32,643] {scheduler_job.py:189} INFO - Processing /opt/airflow/dags/init.py took 0.096 seconds
[2023-06-08 08:02:03,337] {scheduler_job.py:181} INFO - Started process (PID=277) to work on /opt/airflow/dags/init.py
[2023-06-08 08:02:03,339] {scheduler_job.py:632} INFO - Processing file /opt/airflow/dags/init.py for tasks to queue
[2023-06-08 08:02:03,340] {logging_mixin.py:104} INFO - [2023-06-08 08:02:03,340] {dagbag.py:496} INFO - Filling up the DagBag from /opt/airflow/dags/init.py
[2023-06-08 08:02:03,388] {scheduler_job.py:642} INFO - DAG(s) dict_keys(['1_init_once_seed_data']) retrieved from /opt/airflow/dags/init.py
[2023-06-08 08:02:03,409] {logging_mixin.py:104} INFO - [2023-06-08 08:02:03,408] {dag.py:1833} INFO - Sync 1 DAGs
[2023-06-08 08:02:03,423] {logging_mixin.py:104} INFO - [2023-06-08 08:02:03,423] {dag.py:2306} INFO - Setting next_dagrun for 1_init_once_seed_data to 2020-08-01T00:00:00+00:00
[2023-06-08 08:02:03,436] {scheduler_job.py:189} INFO - Processing /opt/airflow/dags/init.py took 0.101 seconds
[2023-06-08 08:02:33,764] {scheduler_job.py:181} INFO - Started process (PID=331) to work on /opt/airflow/dags/init.py
[2023-06-08 08:02:33,766] {scheduler_job.py:632} INFO - Processing file /opt/airflow/dags/init.py for tasks to queue
[2023-06-08 08:02:33,767] {logging_mixin.py:104} INFO - [2023-06-08 08:02:33,767] {dagbag.py:496} INFO - Filling up the DagBag from /opt/airflow/dags/init.py
[2023-06-08 08:02:33,817] {scheduler_job.py:642} INFO - DAG(s) dict_keys(['1_init_once_seed_data']) retrieved from /opt/airflow/dags/init.py
[2023-06-08 08:02:33,836] {logging_mixin.py:104} INFO - [2023-06-08 08:02:33,836] {dag.py:1833} INFO - Sync 1 DAGs
[2023-06-08 08:02:33,850] {logging_mixin.py:104} INFO - [2023-06-08 08:02:33,850] {dag.py:2306} INFO - Setting next_dagrun for 1_init_once_seed_data to 2020-08-01T00:00:00+00:00
[2023-06-08 08:02:33,860] {scheduler_job.py:189} INFO - Processing /opt/airflow/dags/init.py took 0.100 seconds
[2023-06-08 08:03:04,398] {scheduler_job.py:181} INFO - Started process (PID=394) to work on /opt/airflow/dags/init.py
[2023-06-08 08:03:04,399] {scheduler_job.py:632} INFO - Processing file /opt/airflow/dags/init.py for tasks to queue
[2023-06-08 08:03:04,400] {logging_mixin.py:104} INFO - [2023-06-08 08:03:04,400] {dagbag.py:496} INFO - Filling up the DagBag from /opt/airflow/dags/init.py
[2023-06-08 08:03:04,448] {scheduler_job.py:642} INFO - DAG(s) dict_keys(['1_init_once_seed_data']) retrieved from /opt/airflow/dags/init.py
[2023-06-08 08:03:04,467] {logging_mixin.py:104} INFO - [2023-06-08 08:03:04,467] {dag.py:1833} INFO - Sync 1 DAGs
[2023-06-08 08:03:04,480] {logging_mixin.py:104} INFO - [2023-06-08 08:03:04,480] {dag.py:2306} INFO - Setting next_dagrun for 1_init_once_seed_data to 2020-08-01T00:00:00+00:00
[2023-06-08 08:03:04,490] {scheduler_job.py:189} INFO - Processing /opt/airflow/dags/init.py took 0.096 seconds
[2023-06-08 08:03:34,685] {scheduler_job.py:181} INFO - Started process (PID=447) to work on /opt/airflow/dags/init.py
[2023-06-08 08:03:34,687] {scheduler_job.py:632} INFO - Processing file /opt/airflow/dags/init.py for tasks to queue
[2023-06-08 08:03:34,689] {logging_mixin.py:104} INFO - [2023-06-08 08:03:34,689] {dagbag.py:496} INFO - Filling up the DagBag from /opt/airflow/dags/init.py
[2023-06-08 08:03:34,743] {scheduler_job.py:642} INFO - DAG(s) dict_keys(['1_init_once_seed_data']) retrieved from /opt/airflow/dags/init.py
[2023-06-08 08:03:34,762] {logging_mixin.py:104} INFO - [2023-06-08 08:03:34,762] {dag.py:1833} INFO - Sync 1 DAGs
[2023-06-08 08:03:34,778] {logging_mixin.py:104} INFO - [2023-06-08 08:03:34,778] {dag.py:2306} INFO - Setting next_dagrun for 1_init_once_seed_data to 2020-08-01T00:00:00+00:00
[2023-06-08 08:03:34,789] {scheduler_job.py:189} INFO - Processing /opt/airflow/dags/init.py took 0.109 seconds
[2023-06-08 08:04:05,117] {scheduler_job.py:181} INFO - Started process (PID=510) to work on /opt/airflow/dags/init.py
[2023-06-08 08:04:05,118] {scheduler_job.py:632} INFO - Processing file /opt/airflow/dags/init.py for tasks to queue
[2023-06-08 08:04:05,120] {logging_mixin.py:104} INFO - [2023-06-08 08:04:05,119] {dagbag.py:496} INFO - Filling up the DagBag from /opt/airflow/dags/init.py
[2023-06-08 08:04:05,171] {scheduler_job.py:642} INFO - DAG(s) dict_keys(['1_init_once_seed_data']) retrieved from /opt/airflow/dags/init.py
[2023-06-08 08:04:05,195] {logging_mixin.py:104} INFO - [2023-06-08 08:04:05,195] {dag.py:1833} INFO - Sync 1 DAGs
[2023-06-08 08:04:05,211] {logging_mixin.py:104} INFO - [2023-06-08 08:04:05,210] {dag.py:2306} INFO - Setting next_dagrun for 1_init_once_seed_data to 2020-08-01T00:00:00+00:00
[2023-06-08 08:04:05,224] {scheduler_job.py:189} INFO - Processing /opt/airflow/dags/init.py took 0.109 seconds
[2023-06-08 08:41:49,543] {scheduler_job.py:181} INFO - Started process (PID=47) to work on /opt/airflow/dags/init.py
[2023-06-08 08:41:49,546] {scheduler_job.py:632} INFO - Processing file /opt/airflow/dags/init.py for tasks to queue
[2023-06-08 08:41:49,547] {logging_mixin.py:104} INFO - [2023-06-08 08:41:49,547] {dagbag.py:496} INFO - Filling up the DagBag from /opt/airflow/dags/init.py
[2023-06-08 08:41:49,638] {scheduler_job.py:642} INFO - DAG(s) dict_keys(['1_init_once_seed_data']) retrieved from /opt/airflow/dags/init.py
[2023-06-08 08:41:49,685] {logging_mixin.py:104} INFO - [2023-06-08 08:41:49,685] {dag.py:1833} INFO - Sync 1 DAGs
[2023-06-08 08:41:49,720] {logging_mixin.py:104} INFO - [2023-06-08 08:41:49,720] {dag.py:2306} INFO - Setting next_dagrun for 1_init_once_seed_data to 2020-08-01T00:00:00+00:00
[2023-06-08 08:41:49,744] {scheduler_job.py:189} INFO - Processing /opt/airflow/dags/init.py took 0.215 seconds
[2023-06-08 08:42:19,784] {scheduler_job.py:181} INFO - Started process (PID=99) to work on /opt/airflow/dags/init.py
[2023-06-08 08:42:19,786] {scheduler_job.py:632} INFO - Processing file /opt/airflow/dags/init.py for tasks to queue
[2023-06-08 08:42:19,787] {logging_mixin.py:104} INFO - [2023-06-08 08:42:19,787] {dagbag.py:496} INFO - Filling up the DagBag from /opt/airflow/dags/init.py
[2023-06-08 08:42:19,843] {scheduler_job.py:642} INFO - DAG(s) dict_keys(['1_init_once_seed_data']) retrieved from /opt/airflow/dags/init.py
[2023-06-08 08:42:19,863] {logging_mixin.py:104} INFO - [2023-06-08 08:42:19,863] {dag.py:1833} INFO - Sync 1 DAGs
[2023-06-08 08:42:19,877] {logging_mixin.py:104} INFO - [2023-06-08 08:42:19,877] {dag.py:2306} INFO - Setting next_dagrun for 1_init_once_seed_data to 2020-08-01T00:00:00+00:00
[2023-06-08 08:42:19,889] {scheduler_job.py:189} INFO - Processing /opt/airflow/dags/init.py took 0.108 seconds
[2023-06-08 08:42:50,433] {scheduler_job.py:181} INFO - Started process (PID=161) to work on /opt/airflow/dags/init.py
[2023-06-08 08:42:50,434] {scheduler_job.py:632} INFO - Processing file /opt/airflow/dags/init.py for tasks to queue
[2023-06-08 08:42:50,435] {logging_mixin.py:104} INFO - [2023-06-08 08:42:50,435] {dagbag.py:496} INFO - Filling up the DagBag from /opt/airflow/dags/init.py
[2023-06-08 08:42:50,491] {scheduler_job.py:642} INFO - DAG(s) dict_keys(['1_init_once_seed_data']) retrieved from /opt/airflow/dags/init.py
[2023-06-08 08:42:50,513] {logging_mixin.py:104} INFO - [2023-06-08 08:42:50,513] {dag.py:1833} INFO - Sync 1 DAGs
[2023-06-08 08:42:50,529] {logging_mixin.py:104} INFO - [2023-06-08 08:42:50,529] {dag.py:2306} INFO - Setting next_dagrun for 1_init_once_seed_data to 2020-08-01T00:00:00+00:00
[2023-06-08 08:42:50,541] {scheduler_job.py:189} INFO - Processing /opt/airflow/dags/init.py took 0.112 seconds
[2023-06-08 08:43:20,911] {scheduler_job.py:181} INFO - Started process (PID=215) to work on /opt/airflow/dags/init.py
[2023-06-08 08:43:20,913] {scheduler_job.py:632} INFO - Processing file /opt/airflow/dags/init.py for tasks to queue
[2023-06-08 08:43:20,914] {logging_mixin.py:104} INFO - [2023-06-08 08:43:20,914] {dagbag.py:496} INFO - Filling up the DagBag from /opt/airflow/dags/init.py
[2023-06-08 08:43:20,976] {scheduler_job.py:642} INFO - DAG(s) dict_keys(['1_init_once_seed_data']) retrieved from /opt/airflow/dags/init.py
[2023-06-08 08:43:21,001] {logging_mixin.py:104} INFO - [2023-06-08 08:43:21,001] {dag.py:1833} INFO - Sync 1 DAGs
[2023-06-08 08:43:21,020] {logging_mixin.py:104} INFO - [2023-06-08 08:43:21,019] {dag.py:2306} INFO - Setting next_dagrun for 1_init_once_seed_data to 2020-08-01T00:00:00+00:00
[2023-06-08 08:43:21,035] {scheduler_job.py:189} INFO - Processing /opt/airflow/dags/init.py took 0.128 seconds
[2023-06-08 08:43:51,255] {scheduler_job.py:181} INFO - Started process (PID=278) to work on /opt/airflow/dags/init.py
[2023-06-08 08:43:51,256] {scheduler_job.py:632} INFO - Processing file /opt/airflow/dags/init.py for tasks to queue
[2023-06-08 08:43:51,258] {logging_mixin.py:104} INFO - [2023-06-08 08:43:51,258] {dagbag.py:496} INFO - Filling up the DagBag from /opt/airflow/dags/init.py
[2023-06-08 08:43:51,313] {scheduler_job.py:642} INFO - DAG(s) dict_keys(['1_init_once_seed_data']) retrieved from /opt/airflow/dags/init.py
[2023-06-08 08:43:51,334] {logging_mixin.py:104} INFO - [2023-06-08 08:43:51,334] {dag.py:1833} INFO - Sync 1 DAGs
[2023-06-08 08:43:51,350] {logging_mixin.py:104} INFO - [2023-06-08 08:43:51,350] {dag.py:2306} INFO - Setting next_dagrun for 1_init_once_seed_data to 2020-08-01T00:00:00+00:00
[2023-06-08 08:43:51,362] {scheduler_job.py:189} INFO - Processing /opt/airflow/dags/init.py took 0.110 seconds
[2023-06-08 08:44:21,561] {scheduler_job.py:181} INFO - Started process (PID=332) to work on /opt/airflow/dags/init.py
[2023-06-08 08:44:21,563] {scheduler_job.py:632} INFO - Processing file /opt/airflow/dags/init.py for tasks to queue
[2023-06-08 08:44:21,564] {logging_mixin.py:104} INFO - [2023-06-08 08:44:21,564] {dagbag.py:496} INFO - Filling up the DagBag from /opt/airflow/dags/init.py
[2023-06-08 08:44:21,623] {scheduler_job.py:642} INFO - DAG(s) dict_keys(['1_init_once_seed_data']) retrieved from /opt/airflow/dags/init.py
[2023-06-08 08:44:21,647] {logging_mixin.py:104} INFO - [2023-06-08 08:44:21,646] {dag.py:1833} INFO - Sync 1 DAGs
[2023-06-08 08:44:21,661] {logging_mixin.py:104} INFO - [2023-06-08 08:44:21,661] {dag.py:2306} INFO - Setting next_dagrun for 1_init_once_seed_data to 2020-08-01T00:00:00+00:00
[2023-06-08 08:44:21,672] {scheduler_job.py:189} INFO - Processing /opt/airflow/dags/init.py took 0.114 seconds
[2023-06-08 08:44:51,904] {scheduler_job.py:181} INFO - Started process (PID=394) to work on /opt/airflow/dags/init.py
[2023-06-08 08:44:51,906] {scheduler_job.py:632} INFO - Processing file /opt/airflow/dags/init.py for tasks to queue
[2023-06-08 08:44:51,907] {logging_mixin.py:104} INFO - [2023-06-08 08:44:51,907] {dagbag.py:496} INFO - Filling up the DagBag from /opt/airflow/dags/init.py
[2023-06-08 08:44:51,979] {scheduler_job.py:642} INFO - DAG(s) dict_keys(['1_init_once_seed_data']) retrieved from /opt/airflow/dags/init.py
[2023-06-08 08:44:52,005] {logging_mixin.py:104} INFO - [2023-06-08 08:44:52,004] {dag.py:1833} INFO - Sync 1 DAGs
[2023-06-08 08:44:52,022] {logging_mixin.py:104} INFO - [2023-06-08 08:44:52,022] {dag.py:2306} INFO - Setting next_dagrun for 1_init_once_seed_data to 2020-08-01T00:00:00+00:00
[2023-06-08 08:44:52,036] {scheduler_job.py:189} INFO - Processing /opt/airflow/dags/init.py took 0.138 seconds
[2023-06-08 08:45:22,582] {scheduler_job.py:181} INFO - Started process (PID=448) to work on /opt/airflow/dags/init.py
[2023-06-08 08:45:22,584] {scheduler_job.py:632} INFO - Processing file /opt/airflow/dags/init.py for tasks to queue
[2023-06-08 08:45:22,586] {logging_mixin.py:104} INFO - [2023-06-08 08:45:22,586] {dagbag.py:496} INFO - Filling up the DagBag from /opt/airflow/dags/init.py
[2023-06-08 08:45:22,644] {scheduler_job.py:642} INFO - DAG(s) dict_keys(['1_init_once_seed_data']) retrieved from /opt/airflow/dags/init.py
[2023-06-08 08:45:22,665] {logging_mixin.py:104} INFO - [2023-06-08 08:45:22,665] {dag.py:1833} INFO - Sync 1 DAGs
[2023-06-08 08:45:22,681] {logging_mixin.py:104} INFO - [2023-06-08 08:45:22,681] {dag.py:2306} INFO - Setting next_dagrun for 1_init_once_seed_data to 2020-08-01T00:00:00+00:00
[2023-06-08 08:45:22,694] {scheduler_job.py:189} INFO - Processing /opt/airflow/dags/init.py took 0.118 seconds
[2023-06-08 08:45:53,368] {scheduler_job.py:181} INFO - Started process (PID=511) to work on /opt/airflow/dags/init.py
[2023-06-08 08:45:53,370] {scheduler_job.py:632} INFO - Processing file /opt/airflow/dags/init.py for tasks to queue
[2023-06-08 08:45:53,371] {logging_mixin.py:104} INFO - [2023-06-08 08:45:53,371] {dagbag.py:496} INFO - Filling up the DagBag from /opt/airflow/dags/init.py
[2023-06-08 08:45:53,436] {scheduler_job.py:642} INFO - DAG(s) dict_keys(['1_init_once_seed_data']) retrieved from /opt/airflow/dags/init.py
[2023-06-08 08:45:53,457] {logging_mixin.py:104} INFO - [2023-06-08 08:45:53,457] {dag.py:1833} INFO - Sync 1 DAGs
[2023-06-08 08:45:53,473] {logging_mixin.py:104} INFO - [2023-06-08 08:45:53,473] {dag.py:2306} INFO - Setting next_dagrun for 1_init_once_seed_data to 2020-08-01T00:00:00+00:00
[2023-06-08 08:45:53,485] {scheduler_job.py:189} INFO - Processing /opt/airflow/dags/init.py took 0.121 seconds
[2023-06-08 08:46:24,001] {scheduler_job.py:181} INFO - Started process (PID=564) to work on /opt/airflow/dags/init.py
[2023-06-08 08:46:24,003] {scheduler_job.py:632} INFO - Processing file /opt/airflow/dags/init.py for tasks to queue
[2023-06-08 08:46:24,004] {logging_mixin.py:104} INFO - [2023-06-08 08:46:24,004] {dagbag.py:496} INFO - Filling up the DagBag from /opt/airflow/dags/init.py
[2023-06-08 08:46:24,057] {scheduler_job.py:642} INFO - DAG(s) dict_keys(['1_init_once_seed_data']) retrieved from /opt/airflow/dags/init.py
[2023-06-08 08:46:24,082] {logging_mixin.py:104} INFO - [2023-06-08 08:46:24,082] {dag.py:1833} INFO - Sync 1 DAGs
[2023-06-08 08:46:24,098] {logging_mixin.py:104} INFO - [2023-06-08 08:46:24,098] {dag.py:2306} INFO - Setting next_dagrun for 1_init_once_seed_data to 2020-08-01T00:00:00+00:00
[2023-06-08 08:46:24,110] {scheduler_job.py:189} INFO - Processing /opt/airflow/dags/init.py took 0.114 seconds
[2023-06-08 08:46:54,894] {scheduler_job.py:181} INFO - Started process (PID=627) to work on /opt/airflow/dags/init.py
[2023-06-08 08:46:54,895] {scheduler_job.py:632} INFO - Processing file /opt/airflow/dags/init.py for tasks to queue
[2023-06-08 08:46:54,897] {logging_mixin.py:104} INFO - [2023-06-08 08:46:54,896] {dagbag.py:496} INFO - Filling up the DagBag from /opt/airflow/dags/init.py
[2023-06-08 08:46:54,954] {scheduler_job.py:642} INFO - DAG(s) dict_keys(['1_init_once_seed_data']) retrieved from /opt/airflow/dags/init.py
[2023-06-08 08:46:54,976] {logging_mixin.py:104} INFO - [2023-06-08 08:46:54,976] {dag.py:1833} INFO - Sync 1 DAGs
[2023-06-08 08:46:54,993] {logging_mixin.py:104} INFO - [2023-06-08 08:46:54,993] {dag.py:2306} INFO - Setting next_dagrun for 1_init_once_seed_data to 2020-08-01T00:00:00+00:00
[2023-06-08 08:46:55,007] {scheduler_job.py:189} INFO - Processing /opt/airflow/dags/init.py took 0.118 seconds
[2023-06-08 08:47:25,112] {scheduler_job.py:181} INFO - Started process (PID=680) to work on /opt/airflow/dags/init.py
[2023-06-08 08:47:25,113] {scheduler_job.py:632} INFO - Processing file /opt/airflow/dags/init.py for tasks to queue
[2023-06-08 08:47:25,115] {logging_mixin.py:104} INFO - [2023-06-08 08:47:25,114] {dagbag.py:496} INFO - Filling up the DagBag from /opt/airflow/dags/init.py
[2023-06-08 08:47:25,169] {scheduler_job.py:642} INFO - DAG(s) dict_keys(['1_init_once_seed_data']) retrieved from /opt/airflow/dags/init.py
[2023-06-08 08:47:25,189] {logging_mixin.py:104} INFO - [2023-06-08 08:47:25,189] {dag.py:1833} INFO - Sync 1 DAGs
[2023-06-08 08:47:25,206] {logging_mixin.py:104} INFO - [2023-06-08 08:47:25,206] {dag.py:2306} INFO - Setting next_dagrun for 1_init_once_seed_data to 2020-08-01T00:00:00+00:00
[2023-06-08 08:47:25,217] {scheduler_job.py:189} INFO - Processing /opt/airflow/dags/init.py took 0.109 seconds
[2023-06-08 08:47:56,142] {scheduler_job.py:181} INFO - Started process (PID=743) to work on /opt/airflow/dags/init.py
[2023-06-08 08:47:56,143] {scheduler_job.py:632} INFO - Processing file /opt/airflow/dags/init.py for tasks to queue
[2023-06-08 08:47:56,145] {logging_mixin.py:104} INFO - [2023-06-08 08:47:56,144] {dagbag.py:496} INFO - Filling up the DagBag from /opt/airflow/dags/init.py
[2023-06-08 08:47:56,196] {scheduler_job.py:642} INFO - DAG(s) dict_keys(['1_init_once_seed_data']) retrieved from /opt/airflow/dags/init.py
[2023-06-08 08:47:56,216] {logging_mixin.py:104} INFO - [2023-06-08 08:47:56,216] {dag.py:1833} INFO - Sync 1 DAGs
[2023-06-08 08:47:56,233] {logging_mixin.py:104} INFO - [2023-06-08 08:47:56,233] {dag.py:2306} INFO - Setting next_dagrun for 1_init_once_seed_data to 2020-08-01T00:00:00+00:00
[2023-06-08 08:47:56,246] {scheduler_job.py:189} INFO - Processing /opt/airflow/dags/init.py took 0.108 seconds
[2023-06-08 08:48:26,440] {scheduler_job.py:181} INFO - Started process (PID=796) to work on /opt/airflow/dags/init.py
[2023-06-08 08:48:26,442] {scheduler_job.py:632} INFO - Processing file /opt/airflow/dags/init.py for tasks to queue
[2023-06-08 08:48:26,443] {logging_mixin.py:104} INFO - [2023-06-08 08:48:26,443] {dagbag.py:496} INFO - Filling up the DagBag from /opt/airflow/dags/init.py
[2023-06-08 08:48:26,503] {scheduler_job.py:642} INFO - DAG(s) dict_keys(['1_init_once_seed_data']) retrieved from /opt/airflow/dags/init.py
[2023-06-08 08:48:26,533] {logging_mixin.py:104} INFO - [2023-06-08 08:48:26,533] {dag.py:1833} INFO - Sync 1 DAGs
[2023-06-08 08:48:26,554] {logging_mixin.py:104} INFO - [2023-06-08 08:48:26,554] {dag.py:2306} INFO - Setting next_dagrun for 1_init_once_seed_data to 2020-08-01T00:00:00+00:00
[2023-06-08 08:48:26,568] {scheduler_job.py:189} INFO - Processing /opt/airflow/dags/init.py took 0.131 seconds
[2023-06-08 08:48:56,677] {scheduler_job.py:181} INFO - Started process (PID=859) to work on /opt/airflow/dags/init.py
[2023-06-08 08:48:56,679] {scheduler_job.py:632} INFO - Processing file /opt/airflow/dags/init.py for tasks to queue
[2023-06-08 08:48:56,681] {logging_mixin.py:104} INFO - [2023-06-08 08:48:56,680] {dagbag.py:496} INFO - Filling up the DagBag from /opt/airflow/dags/init.py
[2023-06-08 08:48:56,744] {scheduler_job.py:642} INFO - DAG(s) dict_keys(['1_init_once_seed_data']) retrieved from /opt/airflow/dags/init.py
[2023-06-08 08:48:56,769] {logging_mixin.py:104} INFO - [2023-06-08 08:48:56,769] {dag.py:1833} INFO - Sync 1 DAGs
[2023-06-08 08:48:56,786] {logging_mixin.py:104} INFO - [2023-06-08 08:48:56,786] {dag.py:2306} INFO - Setting next_dagrun for 1_init_once_seed_data to 2020-08-01T00:00:00+00:00
[2023-06-08 08:48:56,798] {scheduler_job.py:189} INFO - Processing /opt/airflow/dags/init.py took 0.126 seconds
[2023-06-08 08:49:27,169] {scheduler_job.py:181} INFO - Started process (PID=912) to work on /opt/airflow/dags/init.py
[2023-06-08 08:49:27,171] {scheduler_job.py:632} INFO - Processing file /opt/airflow/dags/init.py for tasks to queue
[2023-06-08 08:49:27,173] {logging_mixin.py:104} INFO - [2023-06-08 08:49:27,173] {dagbag.py:496} INFO - Filling up the DagBag from /opt/airflow/dags/init.py
[2023-06-08 08:49:27,241] {scheduler_job.py:642} INFO - DAG(s) dict_keys(['1_init_once_seed_data']) retrieved from /opt/airflow/dags/init.py
[2023-06-08 08:49:27,266] {logging_mixin.py:104} INFO - [2023-06-08 08:49:27,266] {dag.py:1833} INFO - Sync 1 DAGs
[2023-06-08 08:49:27,285] {logging_mixin.py:104} INFO - [2023-06-08 08:49:27,285] {dag.py:2306} INFO - Setting next_dagrun for 1_init_once_seed_data to 2020-08-01T00:00:00+00:00
[2023-06-08 08:49:27,296] {scheduler_job.py:189} INFO - Processing /opt/airflow/dags/init.py took 0.133 seconds
[2023-06-08 08:49:57,851] {scheduler_job.py:181} INFO - Started process (PID=975) to work on /opt/airflow/dags/init.py
[2023-06-08 08:49:57,853] {scheduler_job.py:632} INFO - Processing file /opt/airflow/dags/init.py for tasks to queue
[2023-06-08 08:49:57,855] {logging_mixin.py:104} INFO - [2023-06-08 08:49:57,855] {dagbag.py:496} INFO - Filling up the DagBag from /opt/airflow/dags/init.py
[2023-06-08 08:49:57,916] {scheduler_job.py:642} INFO - DAG(s) dict_keys(['1_init_once_seed_data']) retrieved from /opt/airflow/dags/init.py
[2023-06-08 08:49:57,940] {logging_mixin.py:104} INFO - [2023-06-08 08:49:57,940] {dag.py:1833} INFO - Sync 1 DAGs
[2023-06-08 08:49:57,963] {logging_mixin.py:104} INFO - [2023-06-08 08:49:57,962] {dag.py:2306} INFO - Setting next_dagrun for 1_init_once_seed_data to 2020-08-01T00:00:00+00:00
[2023-06-08 08:49:57,977] {scheduler_job.py:189} INFO - Processing /opt/airflow/dags/init.py took 0.129 seconds
[2023-06-08 08:50:28,485] {scheduler_job.py:181} INFO - Started process (PID=1028) to work on /opt/airflow/dags/init.py
[2023-06-08 08:50:28,488] {scheduler_job.py:632} INFO - Processing file /opt/airflow/dags/init.py for tasks to queue
[2023-06-08 08:50:28,490] {logging_mixin.py:104} INFO - [2023-06-08 08:50:28,489] {dagbag.py:496} INFO - Filling up the DagBag from /opt/airflow/dags/init.py
[2023-06-08 08:50:28,550] {scheduler_job.py:642} INFO - DAG(s) dict_keys(['1_init_once_seed_data']) retrieved from /opt/airflow/dags/init.py
[2023-06-08 08:50:28,574] {logging_mixin.py:104} INFO - [2023-06-08 08:50:28,573] {dag.py:1833} INFO - Sync 1 DAGs
[2023-06-08 08:50:28,588] {logging_mixin.py:104} INFO - [2023-06-08 08:50:28,588] {dag.py:2306} INFO - Setting next_dagrun for 1_init_once_seed_data to 2020-08-01T00:00:00+00:00
[2023-06-08 08:50:28,599] {scheduler_job.py:189} INFO - Processing /opt/airflow/dags/init.py took 0.119 seconds
[2023-06-08 08:50:58,729] {scheduler_job.py:181} INFO - Started process (PID=1091) to work on /opt/airflow/dags/init.py
[2023-06-08 08:50:58,730] {scheduler_job.py:632} INFO - Processing file /opt/airflow/dags/init.py for tasks to queue
[2023-06-08 08:50:58,732] {logging_mixin.py:104} INFO - [2023-06-08 08:50:58,732] {dagbag.py:496} INFO - Filling up the DagBag from /opt/airflow/dags/init.py
[2023-06-08 08:50:58,788] {scheduler_job.py:642} INFO - DAG(s) dict_keys(['1_init_once_seed_data']) retrieved from /opt/airflow/dags/init.py
[2023-06-08 08:50:58,811] {logging_mixin.py:104} INFO - [2023-06-08 08:50:58,811] {dag.py:1833} INFO - Sync 1 DAGs
[2023-06-08 08:50:58,826] {logging_mixin.py:104} INFO - [2023-06-08 08:50:58,825] {dag.py:2306} INFO - Setting next_dagrun for 1_init_once_seed_data to 2020-08-01T00:00:00+00:00
[2023-06-08 08:50:58,837] {scheduler_job.py:189} INFO - Processing /opt/airflow/dags/init.py took 0.112 seconds
[2023-06-08 08:51:29,218] {scheduler_job.py:181} INFO - Started process (PID=1144) to work on /opt/airflow/dags/init.py
[2023-06-08 08:51:29,220] {scheduler_job.py:632} INFO - Processing file /opt/airflow/dags/init.py for tasks to queue
[2023-06-08 08:51:29,221] {logging_mixin.py:104} INFO - [2023-06-08 08:51:29,221] {dagbag.py:496} INFO - Filling up the DagBag from /opt/airflow/dags/init.py
[2023-06-08 08:51:29,283] {scheduler_job.py:642} INFO - DAG(s) dict_keys(['1_init_once_seed_data']) retrieved from /opt/airflow/dags/init.py
[2023-06-08 08:51:29,313] {logging_mixin.py:104} INFO - [2023-06-08 08:51:29,312] {dag.py:1833} INFO - Sync 1 DAGs
[2023-06-08 08:51:29,328] {logging_mixin.py:104} INFO - [2023-06-08 08:51:29,328] {dag.py:2306} INFO - Setting next_dagrun for 1_init_once_seed_data to 2020-08-01T00:00:00+00:00
[2023-06-08 08:51:29,341] {scheduler_job.py:189} INFO - Processing /opt/airflow/dags/init.py took 0.127 seconds
[2023-06-08 08:51:59,422] {scheduler_job.py:181} INFO - Started process (PID=1207) to work on /opt/airflow/dags/init.py
[2023-06-08 08:51:59,424] {scheduler_job.py:632} INFO - Processing file /opt/airflow/dags/init.py for tasks to queue
[2023-06-08 08:51:59,425] {logging_mixin.py:104} INFO - [2023-06-08 08:51:59,425] {dagbag.py:496} INFO - Filling up the DagBag from /opt/airflow/dags/init.py
[2023-06-08 08:51:59,485] {scheduler_job.py:642} INFO - DAG(s) dict_keys(['1_init_once_seed_data']) retrieved from /opt/airflow/dags/init.py
[2023-06-08 08:51:59,505] {logging_mixin.py:104} INFO - [2023-06-08 08:51:59,505] {dag.py:1833} INFO - Sync 1 DAGs
[2023-06-08 08:51:59,519] {logging_mixin.py:104} INFO - [2023-06-08 08:51:59,519] {dag.py:2306} INFO - Setting next_dagrun for 1_init_once_seed_data to 2020-08-01T00:00:00+00:00
[2023-06-08 08:51:59,531] {scheduler_job.py:189} INFO - Processing /opt/airflow/dags/init.py took 0.113 seconds
[2023-06-08 08:52:29,750] {scheduler_job.py:181} INFO - Started process (PID=1260) to work on /opt/airflow/dags/init.py
[2023-06-08 08:52:29,752] {scheduler_job.py:632} INFO - Processing file /opt/airflow/dags/init.py for tasks to queue
[2023-06-08 08:52:29,753] {logging_mixin.py:104} INFO - [2023-06-08 08:52:29,753] {dagbag.py:496} INFO - Filling up the DagBag from /opt/airflow/dags/init.py
[2023-06-08 08:52:29,813] {scheduler_job.py:642} INFO - DAG(s) dict_keys(['1_init_once_seed_data']) retrieved from /opt/airflow/dags/init.py
[2023-06-08 08:52:29,834] {logging_mixin.py:104} INFO - [2023-06-08 08:52:29,833] {dag.py:1833} INFO - Sync 1 DAGs
[2023-06-08 08:52:29,848] {logging_mixin.py:104} INFO - [2023-06-08 08:52:29,848] {dag.py:2306} INFO - Setting next_dagrun for 1_init_once_seed_data to 2020-08-01T00:00:00+00:00
[2023-06-08 08:52:29,861] {scheduler_job.py:189} INFO - Processing /opt/airflow/dags/init.py took 0.114 seconds
[2023-06-08 08:52:59,910] {scheduler_job.py:181} INFO - Started process (PID=1313) to work on /opt/airflow/dags/init.py
[2023-06-08 08:52:59,912] {scheduler_job.py:632} INFO - Processing file /opt/airflow/dags/init.py for tasks to queue
[2023-06-08 08:52:59,914] {logging_mixin.py:104} INFO - [2023-06-08 08:52:59,914] {dagbag.py:496} INFO - Filling up the DagBag from /opt/airflow/dags/init.py
[2023-06-08 08:52:59,986] {scheduler_job.py:642} INFO - DAG(s) dict_keys(['1_init_once_seed_data']) retrieved from /opt/airflow/dags/init.py
[2023-06-08 08:53:00,015] {logging_mixin.py:104} INFO - [2023-06-08 08:53:00,015] {dag.py:1833} INFO - Sync 1 DAGs
[2023-06-08 08:53:00,037] {logging_mixin.py:104} INFO - [2023-06-08 08:53:00,037] {dag.py:2306} INFO - Setting next_dagrun for 1_init_once_seed_data to None
[2023-06-08 08:53:00,052] {scheduler_job.py:189} INFO - Processing /opt/airflow/dags/init.py took 0.147 seconds
[2023-06-08 08:53:30,278] {scheduler_job.py:181} INFO - Started process (PID=1376) to work on /opt/airflow/dags/init.py
[2023-06-08 08:53:30,280] {scheduler_job.py:632} INFO - Processing file /opt/airflow/dags/init.py for tasks to queue
[2023-06-08 08:53:30,282] {logging_mixin.py:104} INFO - [2023-06-08 08:53:30,282] {dagbag.py:496} INFO - Filling up the DagBag from /opt/airflow/dags/init.py
[2023-06-08 08:53:30,343] {scheduler_job.py:642} INFO - DAG(s) dict_keys(['1_init_once_seed_data']) retrieved from /opt/airflow/dags/init.py
[2023-06-08 08:53:30,365] {logging_mixin.py:104} INFO - [2023-06-08 08:53:30,365] {dag.py:1833} INFO - Sync 1 DAGs
[2023-06-08 08:53:30,379] {logging_mixin.py:104} INFO - [2023-06-08 08:53:30,379] {dag.py:2306} INFO - Setting next_dagrun for 1_init_once_seed_data to None
[2023-06-08 08:53:30,391] {scheduler_job.py:189} INFO - Processing /opt/airflow/dags/init.py took 0.118 seconds
[2023-06-08 08:54:00,670] {scheduler_job.py:181} INFO - Started process (PID=1429) to work on /opt/airflow/dags/init.py
[2023-06-08 08:54:00,675] {scheduler_job.py:632} INFO - Processing file /opt/airflow/dags/init.py for tasks to queue
[2023-06-08 08:54:00,676] {logging_mixin.py:104} INFO - [2023-06-08 08:54:00,676] {dagbag.py:496} INFO - Filling up the DagBag from /opt/airflow/dags/init.py
[2023-06-08 08:54:00,739] {scheduler_job.py:642} INFO - DAG(s) dict_keys(['1_init_once_seed_data']) retrieved from /opt/airflow/dags/init.py
[2023-06-08 08:54:00,763] {logging_mixin.py:104} INFO - [2023-06-08 08:54:00,763] {dag.py:1833} INFO - Sync 1 DAGs
[2023-06-08 08:54:00,777] {logging_mixin.py:104} INFO - [2023-06-08 08:54:00,777] {dag.py:2306} INFO - Setting next_dagrun for 1_init_once_seed_data to None
[2023-06-08 08:54:00,789] {scheduler_job.py:189} INFO - Processing /opt/airflow/dags/init.py took 0.128 seconds
[2023-06-08 08:54:31,271] {scheduler_job.py:181} INFO - Started process (PID=1492) to work on /opt/airflow/dags/init.py
[2023-06-08 08:54:31,277] {scheduler_job.py:632} INFO - Processing file /opt/airflow/dags/init.py for tasks to queue
[2023-06-08 08:54:31,280] {logging_mixin.py:104} INFO - [2023-06-08 08:54:31,280] {dagbag.py:496} INFO - Filling up the DagBag from /opt/airflow/dags/init.py
[2023-06-08 08:54:31,358] {scheduler_job.py:642} INFO - DAG(s) dict_keys(['1_init_once_seed_data']) retrieved from /opt/airflow/dags/init.py
[2023-06-08 08:54:31,378] {logging_mixin.py:104} INFO - [2023-06-08 08:54:31,378] {dag.py:1833} INFO - Sync 1 DAGs
[2023-06-08 08:54:31,393] {logging_mixin.py:104} INFO - [2023-06-08 08:54:31,393] {dag.py:2306} INFO - Setting next_dagrun for 1_init_once_seed_data to None
[2023-06-08 08:54:31,406] {scheduler_job.py:189} INFO - Processing /opt/airflow/dags/init.py took 0.147 seconds
[2023-06-08 08:55:02,152] {scheduler_job.py:181} INFO - Started process (PID=1545) to work on /opt/airflow/dags/init.py
[2023-06-08 08:55:02,154] {scheduler_job.py:632} INFO - Processing file /opt/airflow/dags/init.py for tasks to queue
[2023-06-08 08:55:02,156] {logging_mixin.py:104} INFO - [2023-06-08 08:55:02,156] {dagbag.py:496} INFO - Filling up the DagBag from /opt/airflow/dags/init.py
[2023-06-08 08:55:02,217] {scheduler_job.py:642} INFO - DAG(s) dict_keys(['1_init_once_seed_data']) retrieved from /opt/airflow/dags/init.py
[2023-06-08 08:55:02,237] {logging_mixin.py:104} INFO - [2023-06-08 08:55:02,237] {dag.py:1833} INFO - Sync 1 DAGs
[2023-06-08 08:55:02,251] {logging_mixin.py:104} INFO - [2023-06-08 08:55:02,251] {dag.py:2306} INFO - Setting next_dagrun for 1_init_once_seed_data to None
[2023-06-08 08:55:02,264] {scheduler_job.py:189} INFO - Processing /opt/airflow/dags/init.py took 0.119 seconds
[2023-06-08 08:55:32,930] {scheduler_job.py:181} INFO - Started process (PID=1609) to work on /opt/airflow/dags/init.py
[2023-06-08 08:55:32,933] {scheduler_job.py:632} INFO - Processing file /opt/airflow/dags/init.py for tasks to queue
[2023-06-08 08:55:32,935] {logging_mixin.py:104} INFO - [2023-06-08 08:55:32,935] {dagbag.py:496} INFO - Filling up the DagBag from /opt/airflow/dags/init.py
[2023-06-08 08:55:33,007] {scheduler_job.py:642} INFO - DAG(s) dict_keys(['1_init_once_seed_data']) retrieved from /opt/airflow/dags/init.py
[2023-06-08 08:55:33,032] {logging_mixin.py:104} INFO - [2023-06-08 08:55:33,032] {dag.py:1833} INFO - Sync 1 DAGs
[2023-06-08 08:55:33,050] {logging_mixin.py:104} INFO - [2023-06-08 08:55:33,049] {dag.py:2306} INFO - Setting next_dagrun for 1_init_once_seed_data to None
[2023-06-08 08:55:33,068] {scheduler_job.py:189} INFO - Processing /opt/airflow/dags/init.py took 0.143 seconds
[2023-06-08 08:56:03,850] {scheduler_job.py:181} INFO - Started process (PID=1662) to work on /opt/airflow/dags/init.py
[2023-06-08 08:56:03,853] {scheduler_job.py:632} INFO - Processing file /opt/airflow/dags/init.py for tasks to queue
[2023-06-08 08:56:03,855] {logging_mixin.py:104} INFO - [2023-06-08 08:56:03,855] {dagbag.py:496} INFO - Filling up the DagBag from /opt/airflow/dags/init.py
[2023-06-08 08:56:03,916] {scheduler_job.py:642} INFO - DAG(s) dict_keys(['1_init_once_seed_data']) retrieved from /opt/airflow/dags/init.py
[2023-06-08 08:56:03,937] {logging_mixin.py:104} INFO - [2023-06-08 08:56:03,937] {dag.py:1833} INFO - Sync 1 DAGs
[2023-06-08 08:56:03,952] {logging_mixin.py:104} INFO - [2023-06-08 08:56:03,952] {dag.py:2306} INFO - Setting next_dagrun for 1_init_once_seed_data to None
[2023-06-08 08:56:03,964] {scheduler_job.py:189} INFO - Processing /opt/airflow/dags/init.py took 0.121 seconds
[2023-06-08 08:56:34,951] {scheduler_job.py:181} INFO - Started process (PID=1725) to work on /opt/airflow/dags/init.py
[2023-06-08 08:56:34,953] {scheduler_job.py:632} INFO - Processing file /opt/airflow/dags/init.py for tasks to queue
[2023-06-08 08:56:34,954] {logging_mixin.py:104} INFO - [2023-06-08 08:56:34,954] {dagbag.py:496} INFO - Filling up the DagBag from /opt/airflow/dags/init.py
[2023-06-08 08:56:35,013] {scheduler_job.py:642} INFO - DAG(s) dict_keys(['1_init_once_seed_data']) retrieved from /opt/airflow/dags/init.py
[2023-06-08 08:56:35,033] {logging_mixin.py:104} INFO - [2023-06-08 08:56:35,033] {dag.py:1833} INFO - Sync 1 DAGs
[2023-06-08 08:56:35,047] {logging_mixin.py:104} INFO - [2023-06-08 08:56:35,047] {dag.py:2306} INFO - Setting next_dagrun for 1_init_once_seed_data to None
[2023-06-08 08:56:35,059] {scheduler_job.py:189} INFO - Processing /opt/airflow/dags/init.py took 0.111 seconds
[2023-06-08 08:57:05,530] {scheduler_job.py:181} INFO - Started process (PID=1779) to work on /opt/airflow/dags/init.py
[2023-06-08 08:57:05,531] {scheduler_job.py:632} INFO - Processing file /opt/airflow/dags/init.py for tasks to queue
[2023-06-08 08:57:05,533] {logging_mixin.py:104} INFO - [2023-06-08 08:57:05,533] {dagbag.py:496} INFO - Filling up the DagBag from /opt/airflow/dags/init.py
[2023-06-08 08:57:05,590] {scheduler_job.py:642} INFO - DAG(s) dict_keys(['1_init_once_seed_data']) retrieved from /opt/airflow/dags/init.py
[2023-06-08 08:57:05,611] {logging_mixin.py:104} INFO - [2023-06-08 08:57:05,611] {dag.py:1833} INFO - Sync 1 DAGs
[2023-06-08 08:57:05,628] {logging_mixin.py:104} INFO - [2023-06-08 08:57:05,628] {dag.py:2306} INFO - Setting next_dagrun for 1_init_once_seed_data to None
[2023-06-08 08:57:05,640] {scheduler_job.py:189} INFO - Processing /opt/airflow/dags/init.py took 0.114 seconds
[2023-06-08 08:57:36,352] {scheduler_job.py:181} INFO - Started process (PID=1842) to work on /opt/airflow/dags/init.py
[2023-06-08 08:57:36,354] {scheduler_job.py:632} INFO - Processing file /opt/airflow/dags/init.py for tasks to queue
[2023-06-08 08:57:36,356] {logging_mixin.py:104} INFO - [2023-06-08 08:57:36,355] {dagbag.py:496} INFO - Filling up the DagBag from /opt/airflow/dags/init.py
[2023-06-08 08:57:36,419] {scheduler_job.py:642} INFO - DAG(s) dict_keys(['1_init_once_seed_data']) retrieved from /opt/airflow/dags/init.py
[2023-06-08 08:57:36,443] {logging_mixin.py:104} INFO - [2023-06-08 08:57:36,443] {dag.py:1833} INFO - Sync 1 DAGs
[2023-06-08 08:57:36,461] {logging_mixin.py:104} INFO - [2023-06-08 08:57:36,461] {dag.py:2306} INFO - Setting next_dagrun for 1_init_once_seed_data to None
[2023-06-08 08:57:36,476] {scheduler_job.py:189} INFO - Processing /opt/airflow/dags/init.py took 0.128 seconds
[2023-06-08 08:58:07,229] {scheduler_job.py:181} INFO - Started process (PID=1895) to work on /opt/airflow/dags/init.py
[2023-06-08 08:58:07,232] {scheduler_job.py:632} INFO - Processing file /opt/airflow/dags/init.py for tasks to queue
[2023-06-08 08:58:07,234] {logging_mixin.py:104} INFO - [2023-06-08 08:58:07,234] {dagbag.py:496} INFO - Filling up the DagBag from /opt/airflow/dags/init.py
[2023-06-08 08:58:07,303] {scheduler_job.py:642} INFO - DAG(s) dict_keys(['1_init_once_seed_data']) retrieved from /opt/airflow/dags/init.py
[2023-06-08 08:58:07,325] {logging_mixin.py:104} INFO - [2023-06-08 08:58:07,324] {dag.py:1833} INFO - Sync 1 DAGs
[2023-06-08 08:58:07,340] {logging_mixin.py:104} INFO - [2023-06-08 08:58:07,340] {dag.py:2306} INFO - Setting next_dagrun for 1_init_once_seed_data to None
[2023-06-08 08:58:07,352] {scheduler_job.py:189} INFO - Processing /opt/airflow/dags/init.py took 0.128 seconds
[2023-06-08 08:58:37,395] {scheduler_job.py:181} INFO - Started process (PID=1958) to work on /opt/airflow/dags/init.py
[2023-06-08 08:58:37,397] {scheduler_job.py:632} INFO - Processing file /opt/airflow/dags/init.py for tasks to queue
[2023-06-08 08:58:37,398] {logging_mixin.py:104} INFO - [2023-06-08 08:58:37,398] {dagbag.py:496} INFO - Filling up the DagBag from /opt/airflow/dags/init.py
[2023-06-08 08:58:37,459] {scheduler_job.py:642} INFO - DAG(s) dict_keys(['1_init_once_seed_data']) retrieved from /opt/airflow/dags/init.py
[2023-06-08 08:58:37,481] {logging_mixin.py:104} INFO - [2023-06-08 08:58:37,481] {dag.py:1833} INFO - Sync 1 DAGs
[2023-06-08 08:58:37,496] {logging_mixin.py:104} INFO - [2023-06-08 08:58:37,496] {dag.py:2306} INFO - Setting next_dagrun for 1_init_once_seed_data to None
[2023-06-08 08:58:37,511] {scheduler_job.py:189} INFO - Processing /opt/airflow/dags/init.py took 0.120 seconds
[2023-06-08 08:59:07,746] {scheduler_job.py:181} INFO - Started process (PID=2011) to work on /opt/airflow/dags/init.py
[2023-06-08 08:59:07,751] {scheduler_job.py:632} INFO - Processing file /opt/airflow/dags/init.py for tasks to queue
[2023-06-08 08:59:07,754] {logging_mixin.py:104} INFO - [2023-06-08 08:59:07,754] {dagbag.py:496} INFO - Filling up the DagBag from /opt/airflow/dags/init.py
[2023-06-08 08:59:07,869] {scheduler_job.py:642} INFO - DAG(s) dict_keys(['1_init_once_seed_data']) retrieved from /opt/airflow/dags/init.py
[2023-06-08 08:59:07,901] {logging_mixin.py:104} INFO - [2023-06-08 08:59:07,901] {dag.py:1833} INFO - Sync 1 DAGs
[2023-06-08 08:59:07,920] {logging_mixin.py:104} INFO - [2023-06-08 08:59:07,920] {dag.py:2306} INFO - Setting next_dagrun for 1_init_once_seed_data to None
[2023-06-08 08:59:07,931] {scheduler_job.py:189} INFO - Processing /opt/airflow/dags/init.py took 0.193 seconds
[2023-06-08 08:59:38,355] {scheduler_job.py:181} INFO - Started process (PID=2064) to work on /opt/airflow/dags/init.py
[2023-06-08 08:59:38,357] {scheduler_job.py:632} INFO - Processing file /opt/airflow/dags/init.py for tasks to queue
[2023-06-08 08:59:38,359] {logging_mixin.py:104} INFO - [2023-06-08 08:59:38,358] {dagbag.py:496} INFO - Filling up the DagBag from /opt/airflow/dags/init.py
[2023-06-08 08:59:38,418] {scheduler_job.py:642} INFO - DAG(s) dict_keys(['1_init_once_seed_data']) retrieved from /opt/airflow/dags/init.py
[2023-06-08 08:59:38,447] {logging_mixin.py:104} INFO - [2023-06-08 08:59:38,447] {dag.py:1833} INFO - Sync 1 DAGs
[2023-06-08 08:59:38,467] {logging_mixin.py:104} INFO - [2023-06-08 08:59:38,467] {dag.py:2306} INFO - Setting next_dagrun for 1_init_once_seed_data to None
[2023-06-08 08:59:38,483] {scheduler_job.py:189} INFO - Processing /opt/airflow/dags/init.py took 0.133 seconds
[2023-06-08 09:00:08,909] {scheduler_job.py:181} INFO - Started process (PID=2127) to work on /opt/airflow/dags/init.py
[2023-06-08 09:00:08,910] {scheduler_job.py:632} INFO - Processing file /opt/airflow/dags/init.py for tasks to queue
[2023-06-08 09:00:08,911] {logging_mixin.py:104} INFO - [2023-06-08 09:00:08,911] {dagbag.py:496} INFO - Filling up the DagBag from /opt/airflow/dags/init.py
[2023-06-08 09:00:08,978] {scheduler_job.py:642} INFO - DAG(s) dict_keys(['1_init_once_seed_data']) retrieved from /opt/airflow/dags/init.py
[2023-06-08 09:00:09,005] {logging_mixin.py:104} INFO - [2023-06-08 09:00:09,004] {dag.py:1833} INFO - Sync 1 DAGs
[2023-06-08 09:00:09,022] {logging_mixin.py:104} INFO - [2023-06-08 09:00:09,022] {dag.py:2306} INFO - Setting next_dagrun for 1_init_once_seed_data to None
[2023-06-08 09:00:09,036] {scheduler_job.py:189} INFO - Processing /opt/airflow/dags/init.py took 0.131 seconds
[2023-06-08 09:00:39,616] {scheduler_job.py:181} INFO - Started process (PID=2180) to work on /opt/airflow/dags/init.py
[2023-06-08 09:00:39,618] {scheduler_job.py:632} INFO - Processing file /opt/airflow/dags/init.py for tasks to queue
[2023-06-08 09:00:39,620] {logging_mixin.py:104} INFO - [2023-06-08 09:00:39,620] {dagbag.py:496} INFO - Filling up the DagBag from /opt/airflow/dags/init.py
[2023-06-08 09:00:39,702] {scheduler_job.py:642} INFO - DAG(s) dict_keys(['1_init_once_seed_data']) retrieved from /opt/airflow/dags/init.py
[2023-06-08 09:00:39,724] {logging_mixin.py:104} INFO - [2023-06-08 09:00:39,723] {dag.py:1833} INFO - Sync 1 DAGs
[2023-06-08 09:00:39,739] {logging_mixin.py:104} INFO - [2023-06-08 09:00:39,739] {dag.py:2306} INFO - Setting next_dagrun for 1_init_once_seed_data to None
[2023-06-08 09:00:39,751] {scheduler_job.py:189} INFO - Processing /opt/airflow/dags/init.py took 0.143 seconds
[2023-06-08 09:01:10,140] {scheduler_job.py:181} INFO - Started process (PID=2243) to work on /opt/airflow/dags/init.py
[2023-06-08 09:01:10,142] {scheduler_job.py:632} INFO - Processing file /opt/airflow/dags/init.py for tasks to queue
[2023-06-08 09:01:10,144] {logging_mixin.py:104} INFO - [2023-06-08 09:01:10,144] {dagbag.py:496} INFO - Filling up the DagBag from /opt/airflow/dags/init.py
[2023-06-08 09:01:10,229] {scheduler_job.py:642} INFO - DAG(s) dict_keys(['1_init_once_seed_data']) retrieved from /opt/airflow/dags/init.py
[2023-06-08 09:01:10,260] {logging_mixin.py:104} INFO - [2023-06-08 09:01:10,260] {dag.py:1833} INFO - Sync 1 DAGs
[2023-06-08 09:01:10,276] {logging_mixin.py:104} INFO - [2023-06-08 09:01:10,276] {dag.py:2306} INFO - Setting next_dagrun for 1_init_once_seed_data to None
[2023-06-08 09:01:10,288] {scheduler_job.py:189} INFO - Processing /opt/airflow/dags/init.py took 0.154 seconds
[2023-06-08 09:01:40,407] {scheduler_job.py:181} INFO - Started process (PID=2296) to work on /opt/airflow/dags/init.py
[2023-06-08 09:01:40,408] {scheduler_job.py:632} INFO - Processing file /opt/airflow/dags/init.py for tasks to queue
[2023-06-08 09:01:40,410] {logging_mixin.py:104} INFO - [2023-06-08 09:01:40,409] {dagbag.py:496} INFO - Filling up the DagBag from /opt/airflow/dags/init.py
[2023-06-08 09:01:40,468] {scheduler_job.py:642} INFO - DAG(s) dict_keys(['1_init_once_seed_data']) retrieved from /opt/airflow/dags/init.py
[2023-06-08 09:01:40,489] {logging_mixin.py:104} INFO - [2023-06-08 09:01:40,489] {dag.py:1833} INFO - Sync 1 DAGs
[2023-06-08 09:01:40,504] {logging_mixin.py:104} INFO - [2023-06-08 09:01:40,504] {dag.py:2306} INFO - Setting next_dagrun for 1_init_once_seed_data to None
[2023-06-08 09:01:40,516] {scheduler_job.py:189} INFO - Processing /opt/airflow/dags/init.py took 0.112 seconds
[2023-06-08 09:02:10,605] {scheduler_job.py:181} INFO - Started process (PID=2359) to work on /opt/airflow/dags/init.py
[2023-06-08 09:02:10,607] {scheduler_job.py:632} INFO - Processing file /opt/airflow/dags/init.py for tasks to queue
[2023-06-08 09:02:10,608] {logging_mixin.py:104} INFO - [2023-06-08 09:02:10,608] {dagbag.py:496} INFO - Filling up the DagBag from /opt/airflow/dags/init.py
[2023-06-08 09:02:10,666] {scheduler_job.py:642} INFO - DAG(s) dict_keys(['1_init_once_seed_data']) retrieved from /opt/airflow/dags/init.py
[2023-06-08 09:02:10,688] {logging_mixin.py:104} INFO - [2023-06-08 09:02:10,688] {dag.py:1833} INFO - Sync 1 DAGs
[2023-06-08 09:02:10,703] {logging_mixin.py:104} INFO - [2023-06-08 09:02:10,703] {dag.py:2306} INFO - Setting next_dagrun for 1_init_once_seed_data to None
[2023-06-08 09:02:10,716] {scheduler_job.py:189} INFO - Processing /opt/airflow/dags/init.py took 0.115 seconds
[2023-06-08 09:02:40,822] {scheduler_job.py:181} INFO - Started process (PID=2412) to work on /opt/airflow/dags/init.py
[2023-06-08 09:02:40,824] {scheduler_job.py:632} INFO - Processing file /opt/airflow/dags/init.py for tasks to queue
[2023-06-08 09:02:40,825] {logging_mixin.py:104} INFO - [2023-06-08 09:02:40,825] {dagbag.py:496} INFO - Filling up the DagBag from /opt/airflow/dags/init.py
[2023-06-08 09:02:40,882] {scheduler_job.py:642} INFO - DAG(s) dict_keys(['1_init_once_seed_data']) retrieved from /opt/airflow/dags/init.py
[2023-06-08 09:02:40,903] {logging_mixin.py:104} INFO - [2023-06-08 09:02:40,903] {dag.py:1833} INFO - Sync 1 DAGs
[2023-06-08 09:02:40,919] {logging_mixin.py:104} INFO - [2023-06-08 09:02:40,919] {dag.py:2306} INFO - Setting next_dagrun for 1_init_once_seed_data to None
[2023-06-08 09:02:40,932] {scheduler_job.py:189} INFO - Processing /opt/airflow/dags/init.py took 0.113 seconds
[2023-06-08 09:03:11,226] {scheduler_job.py:181} INFO - Started process (PID=2475) to work on /opt/airflow/dags/init.py
[2023-06-08 09:03:11,228] {scheduler_job.py:632} INFO - Processing file /opt/airflow/dags/init.py for tasks to queue
[2023-06-08 09:03:11,230] {logging_mixin.py:104} INFO - [2023-06-08 09:03:11,230] {dagbag.py:496} INFO - Filling up the DagBag from /opt/airflow/dags/init.py
[2023-06-08 09:03:11,288] {scheduler_job.py:642} INFO - DAG(s) dict_keys(['1_init_once_seed_data']) retrieved from /opt/airflow/dags/init.py
[2023-06-08 09:03:11,314] {logging_mixin.py:104} INFO - [2023-06-08 09:03:11,313] {dag.py:1833} INFO - Sync 1 DAGs
[2023-06-08 09:03:11,330] {logging_mixin.py:104} INFO - [2023-06-08 09:03:11,330] {dag.py:2306} INFO - Setting next_dagrun for 1_init_once_seed_data to None
[2023-06-08 09:03:11,343] {scheduler_job.py:189} INFO - Processing /opt/airflow/dags/init.py took 0.122 seconds
[2023-06-08 09:03:41,661] {scheduler_job.py:181} INFO - Started process (PID=2528) to work on /opt/airflow/dags/init.py
[2023-06-08 09:03:41,662] {scheduler_job.py:632} INFO - Processing file /opt/airflow/dags/init.py for tasks to queue
[2023-06-08 09:03:41,663] {logging_mixin.py:104} INFO - [2023-06-08 09:03:41,663] {dagbag.py:496} INFO - Filling up the DagBag from /opt/airflow/dags/init.py
[2023-06-08 09:03:41,718] {scheduler_job.py:642} INFO - DAG(s) dict_keys(['1_init_once_seed_data']) retrieved from /opt/airflow/dags/init.py
[2023-06-08 09:03:41,739] {logging_mixin.py:104} INFO - [2023-06-08 09:03:41,738] {dag.py:1833} INFO - Sync 1 DAGs
[2023-06-08 09:03:41,756] {logging_mixin.py:104} INFO - [2023-06-08 09:03:41,755] {dag.py:2306} INFO - Setting next_dagrun for 1_init_once_seed_data to None
[2023-06-08 09:03:41,770] {scheduler_job.py:189} INFO - Processing /opt/airflow/dags/init.py took 0.113 seconds
[2023-06-08 09:04:12,101] {scheduler_job.py:181} INFO - Started process (PID=2591) to work on /opt/airflow/dags/init.py
[2023-06-08 09:04:12,104] {scheduler_job.py:632} INFO - Processing file /opt/airflow/dags/init.py for tasks to queue
[2023-06-08 09:04:12,106] {logging_mixin.py:104} INFO - [2023-06-08 09:04:12,106] {dagbag.py:496} INFO - Filling up the DagBag from /opt/airflow/dags/init.py
[2023-06-08 09:04:12,169] {scheduler_job.py:642} INFO - DAG(s) dict_keys(['1_init_once_seed_data']) retrieved from /opt/airflow/dags/init.py
[2023-06-08 09:04:12,194] {logging_mixin.py:104} INFO - [2023-06-08 09:04:12,194] {dag.py:1833} INFO - Sync 1 DAGs
[2023-06-08 09:04:12,211] {logging_mixin.py:104} INFO - [2023-06-08 09:04:12,211] {dag.py:2306} INFO - Setting next_dagrun for 1_init_once_seed_data to None
[2023-06-08 09:04:12,224] {scheduler_job.py:189} INFO - Processing /opt/airflow/dags/init.py took 0.129 seconds
[2023-06-08 09:04:42,545] {scheduler_job.py:181} INFO - Started process (PID=2644) to work on /opt/airflow/dags/init.py
[2023-06-08 09:04:42,547] {scheduler_job.py:632} INFO - Processing file /opt/airflow/dags/init.py for tasks to queue
[2023-06-08 09:04:42,548] {logging_mixin.py:104} INFO - [2023-06-08 09:04:42,548] {dagbag.py:496} INFO - Filling up the DagBag from /opt/airflow/dags/init.py
[2023-06-08 09:04:42,604] {scheduler_job.py:642} INFO - DAG(s) dict_keys(['1_init_once_seed_data']) retrieved from /opt/airflow/dags/init.py
[2023-06-08 09:04:42,636] {logging_mixin.py:104} INFO - [2023-06-08 09:04:42,636] {dag.py:1833} INFO - Sync 1 DAGs
[2023-06-08 09:04:42,656] {logging_mixin.py:104} INFO - [2023-06-08 09:04:42,656] {dag.py:2306} INFO - Setting next_dagrun for 1_init_once_seed_data to None
[2023-06-08 09:04:42,671] {scheduler_job.py:189} INFO - Processing /opt/airflow/dags/init.py took 0.130 seconds
[2023-06-08 09:05:12,949] {scheduler_job.py:181} INFO - Started process (PID=2704) to work on /opt/airflow/dags/init.py
[2023-06-08 09:05:12,951] {scheduler_job.py:632} INFO - Processing file /opt/airflow/dags/init.py for tasks to queue
[2023-06-08 09:05:12,952] {logging_mixin.py:104} INFO - [2023-06-08 09:05:12,951] {dagbag.py:496} INFO - Filling up the DagBag from /opt/airflow/dags/init.py
[2023-06-08 09:05:13,008] {scheduler_job.py:642} INFO - DAG(s) dict_keys(['1_init_once_seed_data']) retrieved from /opt/airflow/dags/init.py
[2023-06-08 09:05:13,032] {logging_mixin.py:104} INFO - [2023-06-08 09:05:13,032] {dag.py:1833} INFO - Sync 1 DAGs
[2023-06-08 09:05:13,048] {logging_mixin.py:104} INFO - [2023-06-08 09:05:13,048] {dag.py:2306} INFO - Setting next_dagrun for 1_init_once_seed_data to None
[2023-06-08 09:05:13,059] {scheduler_job.py:189} INFO - Processing /opt/airflow/dags/init.py took 0.113 seconds
[2023-06-08 09:05:43,459] {scheduler_job.py:181} INFO - Started process (PID=2761) to work on /opt/airflow/dags/init.py
[2023-06-08 09:05:43,462] {scheduler_job.py:632} INFO - Processing file /opt/airflow/dags/init.py for tasks to queue
[2023-06-08 09:05:43,464] {logging_mixin.py:104} INFO - [2023-06-08 09:05:43,464] {dagbag.py:496} INFO - Filling up the DagBag from /opt/airflow/dags/init.py
[2023-06-08 09:05:43,554] {scheduler_job.py:642} INFO - DAG(s) dict_keys(['1_init_once_seed_data']) retrieved from /opt/airflow/dags/init.py
[2023-06-08 09:05:43,580] {logging_mixin.py:104} INFO - [2023-06-08 09:05:43,579] {dag.py:1833} INFO - Sync 1 DAGs
[2023-06-08 09:05:43,593] {logging_mixin.py:104} INFO - [2023-06-08 09:05:43,593] {dag.py:2306} INFO - Setting next_dagrun for 1_init_once_seed_data to None
[2023-06-08 09:05:43,604] {scheduler_job.py:189} INFO - Processing /opt/airflow/dags/init.py took 0.151 seconds
[2023-06-08 09:06:14,303] {scheduler_job.py:181} INFO - Started process (PID=2814) to work on /opt/airflow/dags/init.py
[2023-06-08 09:06:14,305] {scheduler_job.py:632} INFO - Processing file /opt/airflow/dags/init.py for tasks to queue
[2023-06-08 09:06:14,306] {logging_mixin.py:104} INFO - [2023-06-08 09:06:14,306] {dagbag.py:496} INFO - Filling up the DagBag from /opt/airflow/dags/init.py
[2023-06-08 09:06:14,368] {scheduler_job.py:642} INFO - DAG(s) dict_keys(['1_init_once_seed_data']) retrieved from /opt/airflow/dags/init.py
[2023-06-08 09:06:14,391] {logging_mixin.py:104} INFO - [2023-06-08 09:06:14,391] {dag.py:1833} INFO - Sync 1 DAGs
[2023-06-08 09:06:14,414] {logging_mixin.py:104} INFO - [2023-06-08 09:06:14,414] {dag.py:2306} INFO - Setting next_dagrun for 1_init_once_seed_data to None
[2023-06-08 09:06:14,427] {scheduler_job.py:189} INFO - Processing /opt/airflow/dags/init.py took 0.128 seconds
[2023-06-08 09:06:44,699] {scheduler_job.py:181} INFO - Started process (PID=2877) to work on /opt/airflow/dags/init.py
[2023-06-08 09:06:44,702] {scheduler_job.py:632} INFO - Processing file /opt/airflow/dags/init.py for tasks to queue
[2023-06-08 09:06:44,703] {logging_mixin.py:104} INFO - [2023-06-08 09:06:44,703] {dagbag.py:496} INFO - Filling up the DagBag from /opt/airflow/dags/init.py
[2023-06-08 09:06:44,779] {scheduler_job.py:642} INFO - DAG(s) dict_keys(['1_init_once_seed_data']) retrieved from /opt/airflow/dags/init.py
[2023-06-08 09:06:44,802] {logging_mixin.py:104} INFO - [2023-06-08 09:06:44,802] {dag.py:1833} INFO - Sync 1 DAGs
[2023-06-08 09:06:44,819] {logging_mixin.py:104} INFO - [2023-06-08 09:06:44,818] {dag.py:2306} INFO - Setting next_dagrun for 1_init_once_seed_data to None
[2023-06-08 09:06:44,831] {scheduler_job.py:189} INFO - Processing /opt/airflow/dags/init.py took 0.137 seconds
[2023-06-08 09:07:15,047] {scheduler_job.py:181} INFO - Started process (PID=2930) to work on /opt/airflow/dags/init.py
[2023-06-08 09:07:15,048] {scheduler_job.py:632} INFO - Processing file /opt/airflow/dags/init.py for tasks to queue
[2023-06-08 09:07:15,049] {logging_mixin.py:104} INFO - [2023-06-08 09:07:15,049] {dagbag.py:496} INFO - Filling up the DagBag from /opt/airflow/dags/init.py
[2023-06-08 09:07:15,096] {scheduler_job.py:642} INFO - DAG(s) dict_keys(['1_init_once_seed_data']) retrieved from /opt/airflow/dags/init.py
[2023-06-08 09:07:15,115] {logging_mixin.py:104} INFO - [2023-06-08 09:07:15,115] {dag.py:1833} INFO - Sync 1 DAGs
[2023-06-08 09:07:15,128] {logging_mixin.py:104} INFO - [2023-06-08 09:07:15,128] {dag.py:2306} INFO - Setting next_dagrun for 1_init_once_seed_data to None
[2023-06-08 09:07:15,139] {scheduler_job.py:189} INFO - Processing /opt/airflow/dags/init.py took 0.095 seconds
[2023-06-08 09:07:45,850] {scheduler_job.py:181} INFO - Started process (PID=2993) to work on /opt/airflow/dags/init.py
[2023-06-08 09:07:45,852] {scheduler_job.py:632} INFO - Processing file /opt/airflow/dags/init.py for tasks to queue
[2023-06-08 09:07:45,854] {logging_mixin.py:104} INFO - [2023-06-08 09:07:45,854] {dagbag.py:496} INFO - Filling up the DagBag from /opt/airflow/dags/init.py
[2023-06-08 09:07:45,917] {scheduler_job.py:642} INFO - DAG(s) dict_keys(['1_init_once_seed_data']) retrieved from /opt/airflow/dags/init.py
[2023-06-08 09:07:45,941] {logging_mixin.py:104} INFO - [2023-06-08 09:07:45,941] {dag.py:1833} INFO - Sync 1 DAGs
[2023-06-08 09:07:45,960] {logging_mixin.py:104} INFO - [2023-06-08 09:07:45,959] {dag.py:2306} INFO - Setting next_dagrun for 1_init_once_seed_data to None
[2023-06-08 09:07:45,978] {scheduler_job.py:189} INFO - Processing /opt/airflow/dags/init.py took 0.131 seconds
[2023-06-08 09:08:09,783] {scheduler_job.py:181} INFO - Started process (PID=3046) to work on /opt/airflow/dags/init.py
[2023-06-08 09:08:09,786] {scheduler_job.py:632} INFO - Processing file /opt/airflow/dags/init.py for tasks to queue
[2023-06-08 09:08:09,789] {logging_mixin.py:104} INFO - [2023-06-08 09:08:09,788] {dagbag.py:496} INFO - Filling up the DagBag from /opt/airflow/dags/init.py
[2023-06-08 09:08:09,898] {scheduler_job.py:642} INFO - DAG(s) dict_keys(['1_init_once_seed_data']) retrieved from /opt/airflow/dags/init.py
[2023-06-08 09:08:10,087] {logging_mixin.py:104} INFO - [2023-06-08 09:08:10,087] {dag.py:1833} INFO - Sync 1 DAGs
[2023-06-08 09:08:10,099] {logging_mixin.py:104} INFO - [2023-06-08 09:08:10,099] {dag.py:2306} INFO - Setting next_dagrun for 1_init_once_seed_data to None
[2023-06-08 09:08:10,118] {scheduler_job.py:189} INFO - Processing /opt/airflow/dags/init.py took 0.346 seconds
[2023-06-08 09:08:40,237] {scheduler_job.py:181} INFO - Started process (PID=3100) to work on /opt/airflow/dags/init.py
[2023-06-08 09:08:40,239] {scheduler_job.py:632} INFO - Processing file /opt/airflow/dags/init.py for tasks to queue
[2023-06-08 09:08:40,240] {logging_mixin.py:104} INFO - [2023-06-08 09:08:40,240] {dagbag.py:496} INFO - Filling up the DagBag from /opt/airflow/dags/init.py
[2023-06-08 09:08:40,290] {scheduler_job.py:642} INFO - DAG(s) dict_keys(['1_init_once_seed_data']) retrieved from /opt/airflow/dags/init.py
[2023-06-08 09:08:40,309] {logging_mixin.py:104} INFO - [2023-06-08 09:08:40,309] {dag.py:1833} INFO - Sync 1 DAGs
[2023-06-08 09:08:40,324] {logging_mixin.py:104} INFO - [2023-06-08 09:08:40,323] {dag.py:2306} INFO - Setting next_dagrun for 1_init_once_seed_data to None
[2023-06-08 09:08:40,335] {scheduler_job.py:189} INFO - Processing /opt/airflow/dags/init.py took 0.101 seconds
[2023-06-08 09:09:10,695] {scheduler_job.py:181} INFO - Started process (PID=3163) to work on /opt/airflow/dags/init.py
[2023-06-08 09:09:10,697] {scheduler_job.py:632} INFO - Processing file /opt/airflow/dags/init.py for tasks to queue
[2023-06-08 09:09:10,699] {logging_mixin.py:104} INFO - [2023-06-08 09:09:10,699] {dagbag.py:496} INFO - Filling up the DagBag from /opt/airflow/dags/init.py
[2023-06-08 09:09:10,759] {scheduler_job.py:642} INFO - DAG(s) dict_keys(['1_init_once_seed_data']) retrieved from /opt/airflow/dags/init.py
[2023-06-08 09:09:10,779] {logging_mixin.py:104} INFO - [2023-06-08 09:09:10,779] {dag.py:1833} INFO - Sync 1 DAGs
[2023-06-08 09:09:10,795] {logging_mixin.py:104} INFO - [2023-06-08 09:09:10,795] {dag.py:2306} INFO - Setting next_dagrun for 1_init_once_seed_data to None
[2023-06-08 09:09:10,809] {scheduler_job.py:189} INFO - Processing /opt/airflow/dags/init.py took 0.119 seconds
[2023-06-08 09:09:41,281] {scheduler_job.py:181} INFO - Started process (PID=3216) to work on /opt/airflow/dags/init.py
[2023-06-08 09:09:41,283] {scheduler_job.py:632} INFO - Processing file /opt/airflow/dags/init.py for tasks to queue
[2023-06-08 09:09:41,285] {logging_mixin.py:104} INFO - [2023-06-08 09:09:41,285] {dagbag.py:496} INFO - Filling up the DagBag from /opt/airflow/dags/init.py
[2023-06-08 09:09:41,355] {scheduler_job.py:642} INFO - DAG(s) dict_keys(['1_init_once_seed_data']) retrieved from /opt/airflow/dags/init.py
[2023-06-08 09:09:41,374] {logging_mixin.py:104} INFO - [2023-06-08 09:09:41,374] {dag.py:1833} INFO - Sync 1 DAGs
[2023-06-08 09:09:41,387] {logging_mixin.py:104} INFO - [2023-06-08 09:09:41,387] {dag.py:2306} INFO - Setting next_dagrun for 1_init_once_seed_data to None
[2023-06-08 09:09:41,398] {scheduler_job.py:189} INFO - Processing /opt/airflow/dags/init.py took 0.124 seconds
[2023-06-08 09:12:02,791] {scheduler_job.py:181} INFO - Started process (PID=37) to work on /opt/airflow/dags/init.py
[2023-06-08 09:12:02,793] {scheduler_job.py:632} INFO - Processing file /opt/airflow/dags/init.py for tasks to queue
[2023-06-08 09:12:02,794] {logging_mixin.py:104} INFO - [2023-06-08 09:12:02,794] {dagbag.py:496} INFO - Filling up the DagBag from /opt/airflow/dags/init.py
[2023-06-08 09:12:02,861] {scheduler_job.py:642} INFO - DAG(s) dict_keys(['1_init_once_seed_data']) retrieved from /opt/airflow/dags/init.py
[2023-06-08 09:12:02,886] {logging_mixin.py:104} INFO - [2023-06-08 09:12:02,886] {dag.py:1833} INFO - Sync 1 DAGs
[2023-06-08 09:12:02,906] {logging_mixin.py:104} INFO - [2023-06-08 09:12:02,906] {dag.py:2306} INFO - Setting next_dagrun for 1_init_once_seed_data to None
[2023-06-08 09:12:02,921] {scheduler_job.py:189} INFO - Processing /opt/airflow/dags/init.py took 0.133 seconds
[2023-06-08 09:12:33,580] {scheduler_job.py:181} INFO - Started process (PID=99) to work on /opt/airflow/dags/init.py
[2023-06-08 09:12:33,581] {scheduler_job.py:632} INFO - Processing file /opt/airflow/dags/init.py for tasks to queue
[2023-06-08 09:12:33,583] {logging_mixin.py:104} INFO - [2023-06-08 09:12:33,582] {dagbag.py:496} INFO - Filling up the DagBag from /opt/airflow/dags/init.py
[2023-06-08 09:12:33,642] {scheduler_job.py:642} INFO - DAG(s) dict_keys(['1_init_once_seed_data']) retrieved from /opt/airflow/dags/init.py
[2023-06-08 09:12:33,666] {logging_mixin.py:104} INFO - [2023-06-08 09:12:33,666] {dag.py:1833} INFO - Sync 1 DAGs
[2023-06-08 09:12:33,682] {logging_mixin.py:104} INFO - [2023-06-08 09:12:33,682] {dag.py:2306} INFO - Setting next_dagrun for 1_init_once_seed_data to None
[2023-06-08 09:12:33,694] {scheduler_job.py:189} INFO - Processing /opt/airflow/dags/init.py took 0.117 seconds
[2023-06-08 09:13:04,459] {scheduler_job.py:181} INFO - Started process (PID=152) to work on /opt/airflow/dags/init.py
[2023-06-08 09:13:04,461] {scheduler_job.py:632} INFO - Processing file /opt/airflow/dags/init.py for tasks to queue
[2023-06-08 09:13:04,463] {logging_mixin.py:104} INFO - [2023-06-08 09:13:04,463] {dagbag.py:496} INFO - Filling up the DagBag from /opt/airflow/dags/init.py
[2023-06-08 09:13:04,527] {scheduler_job.py:642} INFO - DAG(s) dict_keys(['1_init_once_seed_data']) retrieved from /opt/airflow/dags/init.py
[2023-06-08 09:13:04,554] {logging_mixin.py:104} INFO - [2023-06-08 09:13:04,554] {dag.py:1833} INFO - Sync 1 DAGs
[2023-06-08 09:13:04,571] {logging_mixin.py:104} INFO - [2023-06-08 09:13:04,571] {dag.py:2306} INFO - Setting next_dagrun for 1_init_once_seed_data to None
[2023-06-08 09:13:04,585] {scheduler_job.py:189} INFO - Processing /opt/airflow/dags/init.py took 0.131 seconds
[2023-06-08 09:13:34,870] {scheduler_job.py:181} INFO - Started process (PID=215) to work on /opt/airflow/dags/init.py
[2023-06-08 09:13:34,872] {scheduler_job.py:632} INFO - Processing file /opt/airflow/dags/init.py for tasks to queue
[2023-06-08 09:13:34,873] {logging_mixin.py:104} INFO - [2023-06-08 09:13:34,873] {dagbag.py:496} INFO - Filling up the DagBag from /opt/airflow/dags/init.py
[2023-06-08 09:13:34,928] {scheduler_job.py:642} INFO - DAG(s) dict_keys(['1_init_once_seed_data']) retrieved from /opt/airflow/dags/init.py
[2023-06-08 09:13:34,947] {logging_mixin.py:104} INFO - [2023-06-08 09:13:34,947] {dag.py:1833} INFO - Sync 1 DAGs
[2023-06-08 09:13:34,960] {logging_mixin.py:104} INFO - [2023-06-08 09:13:34,960] {dag.py:2306} INFO - Setting next_dagrun for 1_init_once_seed_data to None
[2023-06-08 09:13:34,970] {scheduler_job.py:189} INFO - Processing /opt/airflow/dags/init.py took 0.104 seconds
[2023-06-08 09:14:05,770] {scheduler_job.py:181} INFO - Started process (PID=268) to work on /opt/airflow/dags/init.py
[2023-06-08 09:14:05,772] {scheduler_job.py:632} INFO - Processing file /opt/airflow/dags/init.py for tasks to queue
[2023-06-08 09:14:05,773] {logging_mixin.py:104} INFO - [2023-06-08 09:14:05,773] {dagbag.py:496} INFO - Filling up the DagBag from /opt/airflow/dags/init.py
[2023-06-08 09:14:05,822] {scheduler_job.py:642} INFO - DAG(s) dict_keys(['1_init_once_seed_data']) retrieved from /opt/airflow/dags/init.py
[2023-06-08 09:14:05,840] {logging_mixin.py:104} INFO - [2023-06-08 09:14:05,840] {dag.py:1833} INFO - Sync 1 DAGs
[2023-06-08 09:14:05,854] {logging_mixin.py:104} INFO - [2023-06-08 09:14:05,854] {dag.py:2306} INFO - Setting next_dagrun for 1_init_once_seed_data to None
[2023-06-08 09:14:05,864] {scheduler_job.py:189} INFO - Processing /opt/airflow/dags/init.py took 0.097 seconds
[2023-06-08 09:14:36,686] {scheduler_job.py:181} INFO - Started process (PID=331) to work on /opt/airflow/dags/init.py
[2023-06-08 09:14:36,688] {scheduler_job.py:632} INFO - Processing file /opt/airflow/dags/init.py for tasks to queue
[2023-06-08 09:14:36,689] {logging_mixin.py:104} INFO - [2023-06-08 09:14:36,689] {dagbag.py:496} INFO - Filling up the DagBag from /opt/airflow/dags/init.py
[2023-06-08 09:14:36,744] {scheduler_job.py:642} INFO - DAG(s) dict_keys(['1_init_once_seed_data']) retrieved from /opt/airflow/dags/init.py
[2023-06-08 09:14:36,765] {logging_mixin.py:104} INFO - [2023-06-08 09:14:36,765] {dag.py:1833} INFO - Sync 1 DAGs
[2023-06-08 09:14:36,779] {logging_mixin.py:104} INFO - [2023-06-08 09:14:36,779] {dag.py:2306} INFO - Setting next_dagrun for 1_init_once_seed_data to None
[2023-06-08 09:14:36,791] {scheduler_job.py:189} INFO - Processing /opt/airflow/dags/init.py took 0.109 seconds
[2023-06-08 09:15:07,163] {scheduler_job.py:181} INFO - Started process (PID=384) to work on /opt/airflow/dags/init.py
[2023-06-08 09:15:07,165] {scheduler_job.py:632} INFO - Processing file /opt/airflow/dags/init.py for tasks to queue
[2023-06-08 09:15:07,166] {logging_mixin.py:104} INFO - [2023-06-08 09:15:07,166] {dagbag.py:496} INFO - Filling up the DagBag from /opt/airflow/dags/init.py
[2023-06-08 09:15:07,214] {scheduler_job.py:642} INFO - DAG(s) dict_keys(['1_init_once_seed_data']) retrieved from /opt/airflow/dags/init.py
[2023-06-08 09:15:07,233] {logging_mixin.py:104} INFO - [2023-06-08 09:15:07,233] {dag.py:1833} INFO - Sync 1 DAGs
[2023-06-08 09:15:07,246] {logging_mixin.py:104} INFO - [2023-06-08 09:15:07,246] {dag.py:2306} INFO - Setting next_dagrun for 1_init_once_seed_data to None
[2023-06-08 09:15:07,257] {scheduler_job.py:189} INFO - Processing /opt/airflow/dags/init.py took 0.096 seconds
[2023-06-08 09:15:37,957] {scheduler_job.py:181} INFO - Started process (PID=448) to work on /opt/airflow/dags/init.py
[2023-06-08 09:15:37,959] {scheduler_job.py:632} INFO - Processing file /opt/airflow/dags/init.py for tasks to queue
[2023-06-08 09:15:37,961] {logging_mixin.py:104} INFO - [2023-06-08 09:15:37,961] {dagbag.py:496} INFO - Filling up the DagBag from /opt/airflow/dags/init.py
[2023-06-08 09:15:38,024] {scheduler_job.py:642} INFO - DAG(s) dict_keys(['1_init_once_seed_data']) retrieved from /opt/airflow/dags/init.py
[2023-06-08 09:15:38,049] {logging_mixin.py:104} INFO - [2023-06-08 09:15:38,049] {dag.py:1833} INFO - Sync 1 DAGs
[2023-06-08 09:15:38,067] {logging_mixin.py:104} INFO - [2023-06-08 09:15:38,067] {dag.py:2306} INFO - Setting next_dagrun for 1_init_once_seed_data to None
[2023-06-08 09:15:38,084] {scheduler_job.py:189} INFO - Processing /opt/airflow/dags/init.py took 0.131 seconds
[2023-06-08 09:16:08,436] {scheduler_job.py:181} INFO - Started process (PID=501) to work on /opt/airflow/dags/init.py
[2023-06-08 09:16:08,437] {scheduler_job.py:632} INFO - Processing file /opt/airflow/dags/init.py for tasks to queue
[2023-06-08 09:16:08,438] {logging_mixin.py:104} INFO - [2023-06-08 09:16:08,438] {dagbag.py:496} INFO - Filling up the DagBag from /opt/airflow/dags/init.py
[2023-06-08 09:16:08,505] {scheduler_job.py:642} INFO - DAG(s) dict_keys(['1_init_once_seed_data']) retrieved from /opt/airflow/dags/init.py
[2023-06-08 09:16:08,527] {logging_mixin.py:104} INFO - [2023-06-08 09:16:08,527] {dag.py:1833} INFO - Sync 1 DAGs
[2023-06-08 09:16:08,546] {logging_mixin.py:104} INFO - [2023-06-08 09:16:08,546] {dag.py:2306} INFO - Setting next_dagrun for 1_init_once_seed_data to None
[2023-06-08 09:16:08,560] {scheduler_job.py:189} INFO - Processing /opt/airflow/dags/init.py took 0.127 seconds
[2023-06-08 09:16:39,412] {scheduler_job.py:181} INFO - Started process (PID=564) to work on /opt/airflow/dags/init.py
[2023-06-08 09:16:39,414] {scheduler_job.py:632} INFO - Processing file /opt/airflow/dags/init.py for tasks to queue
[2023-06-08 09:16:39,416] {logging_mixin.py:104} INFO - [2023-06-08 09:16:39,416] {dagbag.py:496} INFO - Filling up the DagBag from /opt/airflow/dags/init.py
[2023-06-08 09:16:39,486] {scheduler_job.py:642} INFO - DAG(s) dict_keys(['1_init_once_seed_data']) retrieved from /opt/airflow/dags/init.py
[2023-06-08 09:16:39,508] {logging_mixin.py:104} INFO - [2023-06-08 09:16:39,508] {dag.py:1833} INFO - Sync 1 DAGs
[2023-06-08 09:16:39,531] {logging_mixin.py:104} INFO - [2023-06-08 09:16:39,531] {dag.py:2306} INFO - Setting next_dagrun for 1_init_once_seed_data to None
[2023-06-08 09:16:39,548] {scheduler_job.py:189} INFO - Processing /opt/airflow/dags/init.py took 0.141 seconds
[2023-06-08 09:17:09,745] {scheduler_job.py:181} INFO - Started process (PID=617) to work on /opt/airflow/dags/init.py
[2023-06-08 09:17:09,746] {scheduler_job.py:632} INFO - Processing file /opt/airflow/dags/init.py for tasks to queue
[2023-06-08 09:17:09,747] {logging_mixin.py:104} INFO - [2023-06-08 09:17:09,747] {dagbag.py:496} INFO - Filling up the DagBag from /opt/airflow/dags/init.py
[2023-06-08 09:17:09,808] {scheduler_job.py:642} INFO - DAG(s) dict_keys(['1_init_once_seed_data']) retrieved from /opt/airflow/dags/init.py
[2023-06-08 09:17:09,833] {logging_mixin.py:104} INFO - [2023-06-08 09:17:09,833] {dag.py:1833} INFO - Sync 1 DAGs
[2023-06-08 09:17:09,851] {logging_mixin.py:104} INFO - [2023-06-08 09:17:09,851] {dag.py:2306} INFO - Setting next_dagrun for 1_init_once_seed_data to None
[2023-06-08 09:17:09,865] {scheduler_job.py:189} INFO - Processing /opt/airflow/dags/init.py took 0.124 seconds
[2023-06-08 09:17:40,601] {scheduler_job.py:181} INFO - Started process (PID=680) to work on /opt/airflow/dags/init.py
[2023-06-08 09:17:40,602] {scheduler_job.py:632} INFO - Processing file /opt/airflow/dags/init.py for tasks to queue
[2023-06-08 09:17:40,603] {logging_mixin.py:104} INFO - [2023-06-08 09:17:40,603] {dagbag.py:496} INFO - Filling up the DagBag from /opt/airflow/dags/init.py
[2023-06-08 09:17:40,652] {scheduler_job.py:642} INFO - DAG(s) dict_keys(['1_init_once_seed_data']) retrieved from /opt/airflow/dags/init.py
[2023-06-08 09:17:40,670] {logging_mixin.py:104} INFO - [2023-06-08 09:17:40,670] {dag.py:1833} INFO - Sync 1 DAGs
[2023-06-08 09:17:40,685] {logging_mixin.py:104} INFO - [2023-06-08 09:17:40,684] {dag.py:2306} INFO - Setting next_dagrun for 1_init_once_seed_data to None
[2023-06-08 09:17:40,695] {scheduler_job.py:189} INFO - Processing /opt/airflow/dags/init.py took 0.097 seconds
[2023-06-08 09:18:11,144] {scheduler_job.py:181} INFO - Started process (PID=733) to work on /opt/airflow/dags/init.py
[2023-06-08 09:18:11,145] {scheduler_job.py:632} INFO - Processing file /opt/airflow/dags/init.py for tasks to queue
[2023-06-08 09:18:11,146] {logging_mixin.py:104} INFO - [2023-06-08 09:18:11,146] {dagbag.py:496} INFO - Filling up the DagBag from /opt/airflow/dags/init.py
[2023-06-08 09:18:11,199] {scheduler_job.py:642} INFO - DAG(s) dict_keys(['1_init_once_seed_data']) retrieved from /opt/airflow/dags/init.py
[2023-06-08 09:18:11,219] {logging_mixin.py:104} INFO - [2023-06-08 09:18:11,219] {dag.py:1833} INFO - Sync 1 DAGs
[2023-06-08 09:18:11,236] {logging_mixin.py:104} INFO - [2023-06-08 09:18:11,236] {dag.py:2306} INFO - Setting next_dagrun for 1_init_once_seed_data to None
[2023-06-08 09:18:11,246] {scheduler_job.py:189} INFO - Processing /opt/airflow/dags/init.py took 0.106 seconds
[2023-06-08 09:18:41,830] {scheduler_job.py:181} INFO - Started process (PID=796) to work on /opt/airflow/dags/init.py
[2023-06-08 09:18:41,831] {scheduler_job.py:632} INFO - Processing file /opt/airflow/dags/init.py for tasks to queue
[2023-06-08 09:18:41,832] {logging_mixin.py:104} INFO - [2023-06-08 09:18:41,832] {dagbag.py:496} INFO - Filling up the DagBag from /opt/airflow/dags/init.py
[2023-06-08 09:18:41,885] {scheduler_job.py:642} INFO - DAG(s) dict_keys(['1_init_once_seed_data']) retrieved from /opt/airflow/dags/init.py
[2023-06-08 09:18:41,905] {logging_mixin.py:104} INFO - [2023-06-08 09:18:41,905] {dag.py:1833} INFO - Sync 1 DAGs
[2023-06-08 09:18:41,920] {logging_mixin.py:104} INFO - [2023-06-08 09:18:41,920] {dag.py:2306} INFO - Setting next_dagrun for 1_init_once_seed_data to None
[2023-06-08 09:18:41,932] {scheduler_job.py:189} INFO - Processing /opt/airflow/dags/init.py took 0.105 seconds
[2023-06-08 09:19:12,431] {scheduler_job.py:181} INFO - Started process (PID=849) to work on /opt/airflow/dags/init.py
[2023-06-08 09:19:12,434] {scheduler_job.py:632} INFO - Processing file /opt/airflow/dags/init.py for tasks to queue
[2023-06-08 09:19:12,435] {logging_mixin.py:104} INFO - [2023-06-08 09:19:12,435] {dagbag.py:496} INFO - Filling up the DagBag from /opt/airflow/dags/init.py
[2023-06-08 09:19:12,500] {scheduler_job.py:642} INFO - DAG(s) dict_keys(['1_init_once_seed_data']) retrieved from /opt/airflow/dags/init.py
[2023-06-08 09:19:12,525] {logging_mixin.py:104} INFO - [2023-06-08 09:19:12,525] {dag.py:1833} INFO - Sync 1 DAGs
[2023-06-08 09:19:12,540] {logging_mixin.py:104} INFO - [2023-06-08 09:19:12,540] {dag.py:2306} INFO - Setting next_dagrun for 1_init_once_seed_data to None
[2023-06-08 09:19:12,551] {scheduler_job.py:189} INFO - Processing /opt/airflow/dags/init.py took 0.123 seconds
[2023-06-08 09:19:42,751] {scheduler_job.py:181} INFO - Started process (PID=912) to work on /opt/airflow/dags/init.py
[2023-06-08 09:19:42,753] {scheduler_job.py:632} INFO - Processing file /opt/airflow/dags/init.py for tasks to queue
[2023-06-08 09:19:42,754] {logging_mixin.py:104} INFO - [2023-06-08 09:19:42,754] {dagbag.py:496} INFO - Filling up the DagBag from /opt/airflow/dags/init.py
[2023-06-08 09:19:42,811] {scheduler_job.py:642} INFO - DAG(s) dict_keys(['1_init_once_seed_data']) retrieved from /opt/airflow/dags/init.py
[2023-06-08 09:19:42,833] {logging_mixin.py:104} INFO - [2023-06-08 09:19:42,833] {dag.py:1833} INFO - Sync 1 DAGs
[2023-06-08 09:19:42,849] {logging_mixin.py:104} INFO - [2023-06-08 09:19:42,849] {dag.py:2306} INFO - Setting next_dagrun for 1_init_once_seed_data to None
[2023-06-08 09:19:42,862] {scheduler_job.py:189} INFO - Processing /opt/airflow/dags/init.py took 0.115 seconds
[2023-06-08 09:20:13,547] {scheduler_job.py:181} INFO - Started process (PID=965) to work on /opt/airflow/dags/init.py
[2023-06-08 09:20:13,549] {scheduler_job.py:632} INFO - Processing file /opt/airflow/dags/init.py for tasks to queue
[2023-06-08 09:20:13,551] {logging_mixin.py:104} INFO - [2023-06-08 09:20:13,550] {dagbag.py:496} INFO - Filling up the DagBag from /opt/airflow/dags/init.py
[2023-06-08 09:20:13,610] {scheduler_job.py:642} INFO - DAG(s) dict_keys(['1_init_once_seed_data']) retrieved from /opt/airflow/dags/init.py
[2023-06-08 09:20:13,629] {logging_mixin.py:104} INFO - [2023-06-08 09:20:13,629] {dag.py:1833} INFO - Sync 1 DAGs
[2023-06-08 09:20:13,643] {logging_mixin.py:104} INFO - [2023-06-08 09:20:13,643] {dag.py:2306} INFO - Setting next_dagrun for 1_init_once_seed_data to None
[2023-06-08 09:20:13,653] {scheduler_job.py:189} INFO - Processing /opt/airflow/dags/init.py took 0.110 seconds
[2023-06-08 09:20:44,279] {scheduler_job.py:181} INFO - Started process (PID=1028) to work on /opt/airflow/dags/init.py
[2023-06-08 09:20:44,281] {scheduler_job.py:632} INFO - Processing file /opt/airflow/dags/init.py for tasks to queue
[2023-06-08 09:20:44,283] {logging_mixin.py:104} INFO - [2023-06-08 09:20:44,282] {dagbag.py:496} INFO - Filling up the DagBag from /opt/airflow/dags/init.py
[2023-06-08 09:20:44,351] {scheduler_job.py:642} INFO - DAG(s) dict_keys(['1_init_once_seed_data']) retrieved from /opt/airflow/dags/init.py
[2023-06-08 09:20:44,376] {logging_mixin.py:104} INFO - [2023-06-08 09:20:44,376] {dag.py:1833} INFO - Sync 1 DAGs
[2023-06-08 09:20:44,389] {logging_mixin.py:104} INFO - [2023-06-08 09:20:44,389] {dag.py:2306} INFO - Setting next_dagrun for 1_init_once_seed_data to None
[2023-06-08 09:20:44,400] {scheduler_job.py:189} INFO - Processing /opt/airflow/dags/init.py took 0.126 seconds
[2023-06-08 09:21:14,919] {scheduler_job.py:181} INFO - Started process (PID=1081) to work on /opt/airflow/dags/init.py
[2023-06-08 09:21:14,922] {scheduler_job.py:632} INFO - Processing file /opt/airflow/dags/init.py for tasks to queue
[2023-06-08 09:21:14,923] {logging_mixin.py:104} INFO - [2023-06-08 09:21:14,923] {dagbag.py:496} INFO - Filling up the DagBag from /opt/airflow/dags/init.py
[2023-06-08 09:21:14,978] {scheduler_job.py:642} INFO - DAG(s) dict_keys(['1_init_once_seed_data']) retrieved from /opt/airflow/dags/init.py
[2023-06-08 09:21:15,001] {logging_mixin.py:104} INFO - [2023-06-08 09:21:15,001] {dag.py:1833} INFO - Sync 1 DAGs
[2023-06-08 09:21:15,015] {logging_mixin.py:104} INFO - [2023-06-08 09:21:15,014] {dag.py:2306} INFO - Setting next_dagrun for 1_init_once_seed_data to None
[2023-06-08 09:21:15,027] {scheduler_job.py:189} INFO - Processing /opt/airflow/dags/init.py took 0.111 seconds
[2023-06-08 09:21:45,863] {scheduler_job.py:181} INFO - Started process (PID=1144) to work on /opt/airflow/dags/init.py
[2023-06-08 09:21:45,865] {scheduler_job.py:632} INFO - Processing file /opt/airflow/dags/init.py for tasks to queue
[2023-06-08 09:21:45,867] {logging_mixin.py:104} INFO - [2023-06-08 09:21:45,866] {dagbag.py:496} INFO - Filling up the DagBag from /opt/airflow/dags/init.py
[2023-06-08 09:21:45,922] {scheduler_job.py:642} INFO - DAG(s) dict_keys(['1_init_once_seed_data']) retrieved from /opt/airflow/dags/init.py
[2023-06-08 09:21:45,943] {logging_mixin.py:104} INFO - [2023-06-08 09:21:45,943] {dag.py:1833} INFO - Sync 1 DAGs
[2023-06-08 09:21:45,957] {logging_mixin.py:104} INFO - [2023-06-08 09:21:45,957] {dag.py:2306} INFO - Setting next_dagrun for 1_init_once_seed_data to None
[2023-06-08 09:21:45,969] {scheduler_job.py:189} INFO - Processing /opt/airflow/dags/init.py took 0.111 seconds
[2023-06-08 09:22:16,207] {scheduler_job.py:181} INFO - Started process (PID=1197) to work on /opt/airflow/dags/init.py
[2023-06-08 09:22:16,209] {scheduler_job.py:632} INFO - Processing file /opt/airflow/dags/init.py for tasks to queue
[2023-06-08 09:22:16,211] {logging_mixin.py:104} INFO - [2023-06-08 09:22:16,210] {dagbag.py:496} INFO - Filling up the DagBag from /opt/airflow/dags/init.py
[2023-06-08 09:22:16,285] {scheduler_job.py:642} INFO - DAG(s) dict_keys(['1_init_once_seed_data']) retrieved from /opt/airflow/dags/init.py
[2023-06-08 09:22:16,322] {logging_mixin.py:104} INFO - [2023-06-08 09:22:16,321] {dag.py:1833} INFO - Sync 1 DAGs
[2023-06-08 09:22:16,356] {logging_mixin.py:104} INFO - [2023-06-08 09:22:16,356] {dag.py:2306} INFO - Setting next_dagrun for 1_init_once_seed_data to None
[2023-06-08 09:22:16,376] {scheduler_job.py:189} INFO - Processing /opt/airflow/dags/init.py took 0.173 seconds
[2023-06-08 09:24:37,698] {scheduler_job.py:181} INFO - Started process (PID=37) to work on /opt/airflow/dags/init.py
[2023-06-08 09:24:37,700] {scheduler_job.py:632} INFO - Processing file /opt/airflow/dags/init.py for tasks to queue
[2023-06-08 09:24:37,702] {logging_mixin.py:104} INFO - [2023-06-08 09:24:37,702] {dagbag.py:496} INFO - Filling up the DagBag from /opt/airflow/dags/init.py
[2023-06-08 09:24:37,766] {scheduler_job.py:642} INFO - DAG(s) dict_keys(['1_init_once_seed_data']) retrieved from /opt/airflow/dags/init.py
[2023-06-08 09:24:37,794] {logging_mixin.py:104} INFO - [2023-06-08 09:24:37,794] {dag.py:1833} INFO - Sync 1 DAGs
[2023-06-08 09:24:37,814] {logging_mixin.py:104} INFO - [2023-06-08 09:24:37,814] {dag.py:2306} INFO - Setting next_dagrun for 1_init_once_seed_data to None
[2023-06-08 09:24:37,829] {scheduler_job.py:189} INFO - Processing /opt/airflow/dags/init.py took 0.136 seconds
