[2023-06-12 07:53:29,897] {scheduler_job.py:181} INFO - Started process (PID=74) to work on /home/airflow/.local/lib/python3.6/site-packages/airflow/example_dags/example_branch_datetime_operator.py
[2023-06-12 07:53:29,899] {scheduler_job.py:632} INFO - Processing file /home/airflow/.local/lib/python3.6/site-packages/airflow/example_dags/example_branch_datetime_operator.py for tasks to queue
[2023-06-12 07:53:29,901] {logging_mixin.py:104} INFO - [2023-06-12 07:53:29,900] {dagbag.py:496} INFO - Filling up the DagBag from /home/airflow/.local/lib/python3.6/site-packages/airflow/example_dags/example_branch_datetime_operator.py
[2023-06-12 07:53:29,927] {scheduler_job.py:642} INFO - DAG(s) dict_keys(['example_branch_datetime_operator_2']) retrieved from /home/airflow/.local/lib/python3.6/site-packages/airflow/example_dags/example_branch_datetime_operator.py
[2023-06-12 07:53:30,289] {logging_mixin.py:104} INFO - [2023-06-12 07:53:30,289] {dag.py:1833} INFO - Sync 1 DAGs
[2023-06-12 07:53:30,321] {logging_mixin.py:104} INFO - [2023-06-12 07:53:30,321] {dag.py:2306} INFO - Setting next_dagrun for example_branch_datetime_operator_2 to 2023-06-10 00:00:00+00:00
[2023-06-12 07:53:30,346] {scheduler_job.py:189} INFO - Processing /home/airflow/.local/lib/python3.6/site-packages/airflow/example_dags/example_branch_datetime_operator.py took 0.454 seconds
[2023-06-12 07:54:01,200] {scheduler_job.py:181} INFO - Started process (PID=127) to work on /home/airflow/.local/lib/python3.6/site-packages/airflow/example_dags/example_branch_datetime_operator.py
[2023-06-12 07:54:01,201] {scheduler_job.py:632} INFO - Processing file /home/airflow/.local/lib/python3.6/site-packages/airflow/example_dags/example_branch_datetime_operator.py for tasks to queue
[2023-06-12 07:54:01,202] {logging_mixin.py:104} INFO - [2023-06-12 07:54:01,202] {dagbag.py:496} INFO - Filling up the DagBag from /home/airflow/.local/lib/python3.6/site-packages/airflow/example_dags/example_branch_datetime_operator.py
[2023-06-12 07:54:01,212] {scheduler_job.py:642} INFO - DAG(s) dict_keys(['example_branch_datetime_operator_2']) retrieved from /home/airflow/.local/lib/python3.6/site-packages/airflow/example_dags/example_branch_datetime_operator.py
[2023-06-12 07:54:01,229] {logging_mixin.py:104} INFO - [2023-06-12 07:54:01,229] {dag.py:1833} INFO - Sync 1 DAGs
[2023-06-12 07:54:01,244] {logging_mixin.py:104} INFO - [2023-06-12 07:54:01,244] {dag.py:2306} INFO - Setting next_dagrun for example_branch_datetime_operator_2 to 2023-06-10 00:00:00+00:00
[2023-06-12 07:54:01,256] {scheduler_job.py:189} INFO - Processing /home/airflow/.local/lib/python3.6/site-packages/airflow/example_dags/example_branch_datetime_operator.py took 0.059 seconds
[2023-06-12 07:54:32,117] {scheduler_job.py:181} INFO - Started process (PID=190) to work on /home/airflow/.local/lib/python3.6/site-packages/airflow/example_dags/example_branch_datetime_operator.py
[2023-06-12 07:54:32,119] {scheduler_job.py:632} INFO - Processing file /home/airflow/.local/lib/python3.6/site-packages/airflow/example_dags/example_branch_datetime_operator.py for tasks to queue
[2023-06-12 07:54:32,120] {logging_mixin.py:104} INFO - [2023-06-12 07:54:32,120] {dagbag.py:496} INFO - Filling up the DagBag from /home/airflow/.local/lib/python3.6/site-packages/airflow/example_dags/example_branch_datetime_operator.py
[2023-06-12 07:54:32,129] {scheduler_job.py:642} INFO - DAG(s) dict_keys(['example_branch_datetime_operator_2']) retrieved from /home/airflow/.local/lib/python3.6/site-packages/airflow/example_dags/example_branch_datetime_operator.py
[2023-06-12 07:54:32,145] {logging_mixin.py:104} INFO - [2023-06-12 07:54:32,145] {dag.py:1833} INFO - Sync 1 DAGs
[2023-06-12 07:54:32,158] {logging_mixin.py:104} INFO - [2023-06-12 07:54:32,158] {dag.py:2306} INFO - Setting next_dagrun for example_branch_datetime_operator_2 to 2023-06-10 00:00:00+00:00
[2023-06-12 07:54:32,168] {scheduler_job.py:189} INFO - Processing /home/airflow/.local/lib/python3.6/site-packages/airflow/example_dags/example_branch_datetime_operator.py took 0.054 seconds
[2023-06-12 07:55:02,314] {scheduler_job.py:181} INFO - Started process (PID=252) to work on /home/airflow/.local/lib/python3.6/site-packages/airflow/example_dags/example_branch_datetime_operator.py
[2023-06-12 07:55:02,315] {scheduler_job.py:632} INFO - Processing file /home/airflow/.local/lib/python3.6/site-packages/airflow/example_dags/example_branch_datetime_operator.py for tasks to queue
[2023-06-12 07:55:02,316] {logging_mixin.py:104} INFO - [2023-06-12 07:55:02,316] {dagbag.py:496} INFO - Filling up the DagBag from /home/airflow/.local/lib/python3.6/site-packages/airflow/example_dags/example_branch_datetime_operator.py
[2023-06-12 07:55:02,327] {scheduler_job.py:642} INFO - DAG(s) dict_keys(['example_branch_datetime_operator_2']) retrieved from /home/airflow/.local/lib/python3.6/site-packages/airflow/example_dags/example_branch_datetime_operator.py
[2023-06-12 07:55:02,345] {logging_mixin.py:104} INFO - [2023-06-12 07:55:02,345] {dag.py:1833} INFO - Sync 1 DAGs
[2023-06-12 07:55:02,361] {logging_mixin.py:104} INFO - [2023-06-12 07:55:02,361] {dag.py:2306} INFO - Setting next_dagrun for example_branch_datetime_operator_2 to 2023-06-10 00:00:00+00:00
[2023-06-12 07:55:02,371] {scheduler_job.py:189} INFO - Processing /home/airflow/.local/lib/python3.6/site-packages/airflow/example_dags/example_branch_datetime_operator.py took 0.060 seconds
[2023-06-12 07:55:32,694] {scheduler_job.py:181} INFO - Started process (PID=306) to work on /home/airflow/.local/lib/python3.6/site-packages/airflow/example_dags/example_branch_datetime_operator.py
[2023-06-12 07:55:32,695] {scheduler_job.py:632} INFO - Processing file /home/airflow/.local/lib/python3.6/site-packages/airflow/example_dags/example_branch_datetime_operator.py for tasks to queue
[2023-06-12 07:55:32,696] {logging_mixin.py:104} INFO - [2023-06-12 07:55:32,696] {dagbag.py:496} INFO - Filling up the DagBag from /home/airflow/.local/lib/python3.6/site-packages/airflow/example_dags/example_branch_datetime_operator.py
[2023-06-12 07:55:32,705] {scheduler_job.py:642} INFO - DAG(s) dict_keys(['example_branch_datetime_operator_2']) retrieved from /home/airflow/.local/lib/python3.6/site-packages/airflow/example_dags/example_branch_datetime_operator.py
[2023-06-12 07:55:32,721] {logging_mixin.py:104} INFO - [2023-06-12 07:55:32,721] {dag.py:1833} INFO - Sync 1 DAGs
[2023-06-12 07:55:32,734] {logging_mixin.py:104} INFO - [2023-06-12 07:55:32,734] {dag.py:2306} INFO - Setting next_dagrun for example_branch_datetime_operator_2 to 2023-06-10 00:00:00+00:00
[2023-06-12 07:55:32,743] {scheduler_job.py:189} INFO - Processing /home/airflow/.local/lib/python3.6/site-packages/airflow/example_dags/example_branch_datetime_operator.py took 0.052 seconds
[2023-06-12 07:56:03,221] {scheduler_job.py:181} INFO - Started process (PID=369) to work on /home/airflow/.local/lib/python3.6/site-packages/airflow/example_dags/example_branch_datetime_operator.py
[2023-06-12 07:56:03,223] {scheduler_job.py:632} INFO - Processing file /home/airflow/.local/lib/python3.6/site-packages/airflow/example_dags/example_branch_datetime_operator.py for tasks to queue
[2023-06-12 07:56:03,224] {logging_mixin.py:104} INFO - [2023-06-12 07:56:03,224] {dagbag.py:496} INFO - Filling up the DagBag from /home/airflow/.local/lib/python3.6/site-packages/airflow/example_dags/example_branch_datetime_operator.py
[2023-06-12 07:56:03,235] {scheduler_job.py:642} INFO - DAG(s) dict_keys(['example_branch_datetime_operator_2']) retrieved from /home/airflow/.local/lib/python3.6/site-packages/airflow/example_dags/example_branch_datetime_operator.py
[2023-06-12 07:56:03,255] {logging_mixin.py:104} INFO - [2023-06-12 07:56:03,254] {dag.py:1833} INFO - Sync 1 DAGs
[2023-06-12 07:56:03,269] {logging_mixin.py:104} INFO - [2023-06-12 07:56:03,269] {dag.py:2306} INFO - Setting next_dagrun for example_branch_datetime_operator_2 to 2023-06-10 00:00:00+00:00
[2023-06-12 07:56:03,278] {scheduler_job.py:189} INFO - Processing /home/airflow/.local/lib/python3.6/site-packages/airflow/example_dags/example_branch_datetime_operator.py took 0.060 seconds
[2023-06-12 07:56:33,651] {scheduler_job.py:181} INFO - Started process (PID=422) to work on /home/airflow/.local/lib/python3.6/site-packages/airflow/example_dags/example_branch_datetime_operator.py
[2023-06-12 07:56:33,652] {scheduler_job.py:632} INFO - Processing file /home/airflow/.local/lib/python3.6/site-packages/airflow/example_dags/example_branch_datetime_operator.py for tasks to queue
[2023-06-12 07:56:33,653] {logging_mixin.py:104} INFO - [2023-06-12 07:56:33,653] {dagbag.py:496} INFO - Filling up the DagBag from /home/airflow/.local/lib/python3.6/site-packages/airflow/example_dags/example_branch_datetime_operator.py
[2023-06-12 07:56:33,663] {scheduler_job.py:642} INFO - DAG(s) dict_keys(['example_branch_datetime_operator_2']) retrieved from /home/airflow/.local/lib/python3.6/site-packages/airflow/example_dags/example_branch_datetime_operator.py
[2023-06-12 07:56:33,679] {logging_mixin.py:104} INFO - [2023-06-12 07:56:33,679] {dag.py:1833} INFO - Sync 1 DAGs
[2023-06-12 07:56:33,693] {logging_mixin.py:104} INFO - [2023-06-12 07:56:33,693] {dag.py:2306} INFO - Setting next_dagrun for example_branch_datetime_operator_2 to 2023-06-10 00:00:00+00:00
[2023-06-12 07:56:33,703] {scheduler_job.py:189} INFO - Processing /home/airflow/.local/lib/python3.6/site-packages/airflow/example_dags/example_branch_datetime_operator.py took 0.055 seconds
[2023-06-12 07:57:04,691] {scheduler_job.py:181} INFO - Started process (PID=485) to work on /home/airflow/.local/lib/python3.6/site-packages/airflow/example_dags/example_branch_datetime_operator.py
[2023-06-12 07:57:04,692] {scheduler_job.py:632} INFO - Processing file /home/airflow/.local/lib/python3.6/site-packages/airflow/example_dags/example_branch_datetime_operator.py for tasks to queue
[2023-06-12 07:57:04,694] {logging_mixin.py:104} INFO - [2023-06-12 07:57:04,694] {dagbag.py:496} INFO - Filling up the DagBag from /home/airflow/.local/lib/python3.6/site-packages/airflow/example_dags/example_branch_datetime_operator.py
[2023-06-12 07:57:04,703] {scheduler_job.py:642} INFO - DAG(s) dict_keys(['example_branch_datetime_operator_2']) retrieved from /home/airflow/.local/lib/python3.6/site-packages/airflow/example_dags/example_branch_datetime_operator.py
[2023-06-12 07:57:04,724] {logging_mixin.py:104} INFO - [2023-06-12 07:57:04,724] {dag.py:1833} INFO - Sync 1 DAGs
[2023-06-12 07:57:04,740] {logging_mixin.py:104} INFO - [2023-06-12 07:57:04,740] {dag.py:2306} INFO - Setting next_dagrun for example_branch_datetime_operator_2 to 2023-06-10 00:00:00+00:00
[2023-06-12 07:57:04,751] {scheduler_job.py:189} INFO - Processing /home/airflow/.local/lib/python3.6/site-packages/airflow/example_dags/example_branch_datetime_operator.py took 0.064 seconds
[2023-06-12 07:57:35,704] {scheduler_job.py:181} INFO - Started process (PID=548) to work on /home/airflow/.local/lib/python3.6/site-packages/airflow/example_dags/example_branch_datetime_operator.py
[2023-06-12 07:57:35,705] {scheduler_job.py:632} INFO - Processing file /home/airflow/.local/lib/python3.6/site-packages/airflow/example_dags/example_branch_datetime_operator.py for tasks to queue
[2023-06-12 07:57:35,706] {logging_mixin.py:104} INFO - [2023-06-12 07:57:35,706] {dagbag.py:496} INFO - Filling up the DagBag from /home/airflow/.local/lib/python3.6/site-packages/airflow/example_dags/example_branch_datetime_operator.py
[2023-06-12 07:57:35,718] {scheduler_job.py:642} INFO - DAG(s) dict_keys(['example_branch_datetime_operator_2']) retrieved from /home/airflow/.local/lib/python3.6/site-packages/airflow/example_dags/example_branch_datetime_operator.py
[2023-06-12 07:57:35,737] {logging_mixin.py:104} INFO - [2023-06-12 07:57:35,737] {dag.py:1833} INFO - Sync 1 DAGs
[2023-06-12 07:57:35,755] {logging_mixin.py:104} INFO - [2023-06-12 07:57:35,754] {dag.py:2306} INFO - Setting next_dagrun for example_branch_datetime_operator_2 to 2023-06-10 00:00:00+00:00
[2023-06-12 07:57:35,765] {scheduler_job.py:189} INFO - Processing /home/airflow/.local/lib/python3.6/site-packages/airflow/example_dags/example_branch_datetime_operator.py took 0.063 seconds
[2023-06-12 07:58:05,979] {scheduler_job.py:181} INFO - Started process (PID=601) to work on /home/airflow/.local/lib/python3.6/site-packages/airflow/example_dags/example_branch_datetime_operator.py
[2023-06-12 07:58:05,980] {scheduler_job.py:632} INFO - Processing file /home/airflow/.local/lib/python3.6/site-packages/airflow/example_dags/example_branch_datetime_operator.py for tasks to queue
[2023-06-12 07:58:05,982] {logging_mixin.py:104} INFO - [2023-06-12 07:58:05,981] {dagbag.py:496} INFO - Filling up the DagBag from /home/airflow/.local/lib/python3.6/site-packages/airflow/example_dags/example_branch_datetime_operator.py
[2023-06-12 07:58:05,991] {scheduler_job.py:642} INFO - DAG(s) dict_keys(['example_branch_datetime_operator_2']) retrieved from /home/airflow/.local/lib/python3.6/site-packages/airflow/example_dags/example_branch_datetime_operator.py
[2023-06-12 07:58:06,008] {logging_mixin.py:104} INFO - [2023-06-12 07:58:06,008] {dag.py:1833} INFO - Sync 1 DAGs
[2023-06-12 07:58:06,023] {logging_mixin.py:104} INFO - [2023-06-12 07:58:06,022] {dag.py:2306} INFO - Setting next_dagrun for example_branch_datetime_operator_2 to 2023-06-10 00:00:00+00:00
[2023-06-12 07:58:06,032] {scheduler_job.py:189} INFO - Processing /home/airflow/.local/lib/python3.6/site-packages/airflow/example_dags/example_branch_datetime_operator.py took 0.055 seconds
[2023-06-12 07:58:36,152] {scheduler_job.py:181} INFO - Started process (PID=664) to work on /home/airflow/.local/lib/python3.6/site-packages/airflow/example_dags/example_branch_datetime_operator.py
[2023-06-12 07:58:36,153] {scheduler_job.py:632} INFO - Processing file /home/airflow/.local/lib/python3.6/site-packages/airflow/example_dags/example_branch_datetime_operator.py for tasks to queue
[2023-06-12 07:58:36,154] {logging_mixin.py:104} INFO - [2023-06-12 07:58:36,154] {dagbag.py:496} INFO - Filling up the DagBag from /home/airflow/.local/lib/python3.6/site-packages/airflow/example_dags/example_branch_datetime_operator.py
[2023-06-12 07:58:36,163] {scheduler_job.py:642} INFO - DAG(s) dict_keys(['example_branch_datetime_operator_2']) retrieved from /home/airflow/.local/lib/python3.6/site-packages/airflow/example_dags/example_branch_datetime_operator.py
[2023-06-12 07:58:36,180] {logging_mixin.py:104} INFO - [2023-06-12 07:58:36,179] {dag.py:1833} INFO - Sync 1 DAGs
[2023-06-12 07:58:36,193] {logging_mixin.py:104} INFO - [2023-06-12 07:58:36,192] {dag.py:2306} INFO - Setting next_dagrun for example_branch_datetime_operator_2 to 2023-06-10 00:00:00+00:00
[2023-06-12 07:58:36,203] {scheduler_job.py:189} INFO - Processing /home/airflow/.local/lib/python3.6/site-packages/airflow/example_dags/example_branch_datetime_operator.py took 0.053 seconds
[2023-06-12 07:59:07,208] {scheduler_job.py:181} INFO - Started process (PID=726) to work on /home/airflow/.local/lib/python3.6/site-packages/airflow/example_dags/example_branch_datetime_operator.py
[2023-06-12 07:59:07,209] {scheduler_job.py:632} INFO - Processing file /home/airflow/.local/lib/python3.6/site-packages/airflow/example_dags/example_branch_datetime_operator.py for tasks to queue
[2023-06-12 07:59:07,210] {logging_mixin.py:104} INFO - [2023-06-12 07:59:07,210] {dagbag.py:496} INFO - Filling up the DagBag from /home/airflow/.local/lib/python3.6/site-packages/airflow/example_dags/example_branch_datetime_operator.py
[2023-06-12 07:59:07,221] {scheduler_job.py:642} INFO - DAG(s) dict_keys(['example_branch_datetime_operator_2']) retrieved from /home/airflow/.local/lib/python3.6/site-packages/airflow/example_dags/example_branch_datetime_operator.py
[2023-06-12 07:59:07,240] {logging_mixin.py:104} INFO - [2023-06-12 07:59:07,240] {dag.py:1833} INFO - Sync 1 DAGs
[2023-06-12 07:59:07,256] {logging_mixin.py:104} INFO - [2023-06-12 07:59:07,256] {dag.py:2306} INFO - Setting next_dagrun for example_branch_datetime_operator_2 to 2023-06-10 00:00:00+00:00
[2023-06-12 07:59:07,266] {scheduler_job.py:189} INFO - Processing /home/airflow/.local/lib/python3.6/site-packages/airflow/example_dags/example_branch_datetime_operator.py took 0.061 seconds
[2023-06-12 07:59:38,047] {scheduler_job.py:181} INFO - Started process (PID=780) to work on /home/airflow/.local/lib/python3.6/site-packages/airflow/example_dags/example_branch_datetime_operator.py
[2023-06-12 07:59:38,049] {scheduler_job.py:632} INFO - Processing file /home/airflow/.local/lib/python3.6/site-packages/airflow/example_dags/example_branch_datetime_operator.py for tasks to queue
[2023-06-12 07:59:38,050] {logging_mixin.py:104} INFO - [2023-06-12 07:59:38,049] {dagbag.py:496} INFO - Filling up the DagBag from /home/airflow/.local/lib/python3.6/site-packages/airflow/example_dags/example_branch_datetime_operator.py
[2023-06-12 07:59:38,059] {scheduler_job.py:642} INFO - DAG(s) dict_keys(['example_branch_datetime_operator_2']) retrieved from /home/airflow/.local/lib/python3.6/site-packages/airflow/example_dags/example_branch_datetime_operator.py
[2023-06-12 07:59:38,078] {logging_mixin.py:104} INFO - [2023-06-12 07:59:38,078] {dag.py:1833} INFO - Sync 1 DAGs
[2023-06-12 07:59:38,094] {logging_mixin.py:104} INFO - [2023-06-12 07:59:38,094] {dag.py:2306} INFO - Setting next_dagrun for example_branch_datetime_operator_2 to 2023-06-10 00:00:00+00:00
[2023-06-12 07:59:38,105] {scheduler_job.py:189} INFO - Processing /home/airflow/.local/lib/python3.6/site-packages/airflow/example_dags/example_branch_datetime_operator.py took 0.060 seconds
[2023-06-12 08:00:09,179] {scheduler_job.py:181} INFO - Started process (PID=843) to work on /home/airflow/.local/lib/python3.6/site-packages/airflow/example_dags/example_branch_datetime_operator.py
[2023-06-12 08:00:09,180] {scheduler_job.py:632} INFO - Processing file /home/airflow/.local/lib/python3.6/site-packages/airflow/example_dags/example_branch_datetime_operator.py for tasks to queue
[2023-06-12 08:00:09,181] {logging_mixin.py:104} INFO - [2023-06-12 08:00:09,181] {dagbag.py:496} INFO - Filling up the DagBag from /home/airflow/.local/lib/python3.6/site-packages/airflow/example_dags/example_branch_datetime_operator.py
[2023-06-12 08:00:09,193] {scheduler_job.py:642} INFO - DAG(s) dict_keys(['example_branch_datetime_operator_2']) retrieved from /home/airflow/.local/lib/python3.6/site-packages/airflow/example_dags/example_branch_datetime_operator.py
[2023-06-12 08:00:09,209] {logging_mixin.py:104} INFO - [2023-06-12 08:00:09,209] {dag.py:1833} INFO - Sync 1 DAGs
[2023-06-12 08:00:09,223] {logging_mixin.py:104} INFO - [2023-06-12 08:00:09,223] {dag.py:2306} INFO - Setting next_dagrun for example_branch_datetime_operator_2 to 2023-06-10 00:00:00+00:00
[2023-06-12 08:00:09,233] {scheduler_job.py:189} INFO - Processing /home/airflow/.local/lib/python3.6/site-packages/airflow/example_dags/example_branch_datetime_operator.py took 0.056 seconds
[2023-06-12 08:00:40,129] {scheduler_job.py:181} INFO - Started process (PID=896) to work on /home/airflow/.local/lib/python3.6/site-packages/airflow/example_dags/example_branch_datetime_operator.py
[2023-06-12 08:00:40,130] {scheduler_job.py:632} INFO - Processing file /home/airflow/.local/lib/python3.6/site-packages/airflow/example_dags/example_branch_datetime_operator.py for tasks to queue
[2023-06-12 08:00:40,131] {logging_mixin.py:104} INFO - [2023-06-12 08:00:40,131] {dagbag.py:496} INFO - Filling up the DagBag from /home/airflow/.local/lib/python3.6/site-packages/airflow/example_dags/example_branch_datetime_operator.py
[2023-06-12 08:00:40,140] {scheduler_job.py:642} INFO - DAG(s) dict_keys(['example_branch_datetime_operator_2']) retrieved from /home/airflow/.local/lib/python3.6/site-packages/airflow/example_dags/example_branch_datetime_operator.py
[2023-06-12 08:00:40,156] {logging_mixin.py:104} INFO - [2023-06-12 08:00:40,156] {dag.py:1833} INFO - Sync 1 DAGs
[2023-06-12 08:00:40,171] {logging_mixin.py:104} INFO - [2023-06-12 08:00:40,171] {dag.py:2306} INFO - Setting next_dagrun for example_branch_datetime_operator_2 to 2023-06-10 00:00:00+00:00
[2023-06-12 08:00:40,181] {scheduler_job.py:189} INFO - Processing /home/airflow/.local/lib/python3.6/site-packages/airflow/example_dags/example_branch_datetime_operator.py took 0.055 seconds
[2023-06-12 08:01:10,998] {scheduler_job.py:181} INFO - Started process (PID=959) to work on /home/airflow/.local/lib/python3.6/site-packages/airflow/example_dags/example_branch_datetime_operator.py
[2023-06-12 08:01:10,999] {scheduler_job.py:632} INFO - Processing file /home/airflow/.local/lib/python3.6/site-packages/airflow/example_dags/example_branch_datetime_operator.py for tasks to queue
[2023-06-12 08:01:11,000] {logging_mixin.py:104} INFO - [2023-06-12 08:01:11,000] {dagbag.py:496} INFO - Filling up the DagBag from /home/airflow/.local/lib/python3.6/site-packages/airflow/example_dags/example_branch_datetime_operator.py
[2023-06-12 08:01:11,009] {scheduler_job.py:642} INFO - DAG(s) dict_keys(['example_branch_datetime_operator_2']) retrieved from /home/airflow/.local/lib/python3.6/site-packages/airflow/example_dags/example_branch_datetime_operator.py
[2023-06-12 08:01:11,027] {logging_mixin.py:104} INFO - [2023-06-12 08:01:11,027] {dag.py:1833} INFO - Sync 1 DAGs
[2023-06-12 08:01:11,043] {logging_mixin.py:104} INFO - [2023-06-12 08:01:11,043] {dag.py:2306} INFO - Setting next_dagrun for example_branch_datetime_operator_2 to 2023-06-10 00:00:00+00:00
[2023-06-12 08:01:11,055] {scheduler_job.py:189} INFO - Processing /home/airflow/.local/lib/python3.6/site-packages/airflow/example_dags/example_branch_datetime_operator.py took 0.059 seconds
[2023-06-12 08:01:41,088] {scheduler_job.py:181} INFO - Started process (PID=1022) to work on /home/airflow/.local/lib/python3.6/site-packages/airflow/example_dags/example_branch_datetime_operator.py
[2023-06-12 08:01:41,089] {scheduler_job.py:632} INFO - Processing file /home/airflow/.local/lib/python3.6/site-packages/airflow/example_dags/example_branch_datetime_operator.py for tasks to queue
[2023-06-12 08:01:41,090] {logging_mixin.py:104} INFO - [2023-06-12 08:01:41,089] {dagbag.py:496} INFO - Filling up the DagBag from /home/airflow/.local/lib/python3.6/site-packages/airflow/example_dags/example_branch_datetime_operator.py
[2023-06-12 08:01:41,098] {scheduler_job.py:642} INFO - DAG(s) dict_keys(['example_branch_datetime_operator_2']) retrieved from /home/airflow/.local/lib/python3.6/site-packages/airflow/example_dags/example_branch_datetime_operator.py
[2023-06-12 08:01:41,115] {logging_mixin.py:104} INFO - [2023-06-12 08:01:41,115] {dag.py:1833} INFO - Sync 1 DAGs
[2023-06-12 08:01:41,129] {logging_mixin.py:104} INFO - [2023-06-12 08:01:41,129] {dag.py:2306} INFO - Setting next_dagrun for example_branch_datetime_operator_2 to 2023-06-10 00:00:00+00:00
[2023-06-12 08:01:41,139] {scheduler_job.py:189} INFO - Processing /home/airflow/.local/lib/python3.6/site-packages/airflow/example_dags/example_branch_datetime_operator.py took 0.054 seconds
[2023-06-12 08:02:11,337] {scheduler_job.py:181} INFO - Started process (PID=1075) to work on /home/airflow/.local/lib/python3.6/site-packages/airflow/example_dags/example_branch_datetime_operator.py
[2023-06-12 08:02:11,338] {scheduler_job.py:632} INFO - Processing file /home/airflow/.local/lib/python3.6/site-packages/airflow/example_dags/example_branch_datetime_operator.py for tasks to queue
[2023-06-12 08:02:11,339] {logging_mixin.py:104} INFO - [2023-06-12 08:02:11,339] {dagbag.py:496} INFO - Filling up the DagBag from /home/airflow/.local/lib/python3.6/site-packages/airflow/example_dags/example_branch_datetime_operator.py
[2023-06-12 08:02:11,349] {scheduler_job.py:642} INFO - DAG(s) dict_keys(['example_branch_datetime_operator_2']) retrieved from /home/airflow/.local/lib/python3.6/site-packages/airflow/example_dags/example_branch_datetime_operator.py
[2023-06-12 08:02:11,365] {logging_mixin.py:104} INFO - [2023-06-12 08:02:11,365] {dag.py:1833} INFO - Sync 1 DAGs
[2023-06-12 08:02:11,381] {logging_mixin.py:104} INFO - [2023-06-12 08:02:11,381] {dag.py:2306} INFO - Setting next_dagrun for example_branch_datetime_operator_2 to 2023-06-10 00:00:00+00:00
[2023-06-12 08:02:11,389] {scheduler_job.py:189} INFO - Processing /home/airflow/.local/lib/python3.6/site-packages/airflow/example_dags/example_branch_datetime_operator.py took 0.055 seconds
[2023-06-12 08:02:41,792] {scheduler_job.py:181} INFO - Started process (PID=1138) to work on /home/airflow/.local/lib/python3.6/site-packages/airflow/example_dags/example_branch_datetime_operator.py
[2023-06-12 08:02:41,793] {scheduler_job.py:632} INFO - Processing file /home/airflow/.local/lib/python3.6/site-packages/airflow/example_dags/example_branch_datetime_operator.py for tasks to queue
[2023-06-12 08:02:41,794] {logging_mixin.py:104} INFO - [2023-06-12 08:02:41,794] {dagbag.py:496} INFO - Filling up the DagBag from /home/airflow/.local/lib/python3.6/site-packages/airflow/example_dags/example_branch_datetime_operator.py
[2023-06-12 08:02:41,803] {scheduler_job.py:642} INFO - DAG(s) dict_keys(['example_branch_datetime_operator_2']) retrieved from /home/airflow/.local/lib/python3.6/site-packages/airflow/example_dags/example_branch_datetime_operator.py
[2023-06-12 08:02:41,819] {logging_mixin.py:104} INFO - [2023-06-12 08:02:41,819] {dag.py:1833} INFO - Sync 1 DAGs
[2023-06-12 08:02:41,833] {logging_mixin.py:104} INFO - [2023-06-12 08:02:41,833] {dag.py:2306} INFO - Setting next_dagrun for example_branch_datetime_operator_2 to 2023-06-10 00:00:00+00:00
[2023-06-12 08:02:41,843] {scheduler_job.py:189} INFO - Processing /home/airflow/.local/lib/python3.6/site-packages/airflow/example_dags/example_branch_datetime_operator.py took 0.053 seconds
[2023-06-12 08:03:12,033] {scheduler_job.py:181} INFO - Started process (PID=1191) to work on /home/airflow/.local/lib/python3.6/site-packages/airflow/example_dags/example_branch_datetime_operator.py
[2023-06-12 08:03:12,035] {scheduler_job.py:632} INFO - Processing file /home/airflow/.local/lib/python3.6/site-packages/airflow/example_dags/example_branch_datetime_operator.py for tasks to queue
[2023-06-12 08:03:12,036] {logging_mixin.py:104} INFO - [2023-06-12 08:03:12,036] {dagbag.py:496} INFO - Filling up the DagBag from /home/airflow/.local/lib/python3.6/site-packages/airflow/example_dags/example_branch_datetime_operator.py
[2023-06-12 08:03:12,047] {scheduler_job.py:642} INFO - DAG(s) dict_keys(['example_branch_datetime_operator_2']) retrieved from /home/airflow/.local/lib/python3.6/site-packages/airflow/example_dags/example_branch_datetime_operator.py
[2023-06-12 08:03:12,067] {logging_mixin.py:104} INFO - [2023-06-12 08:03:12,067] {dag.py:1833} INFO - Sync 1 DAGs
[2023-06-12 08:03:12,083] {logging_mixin.py:104} INFO - [2023-06-12 08:03:12,083] {dag.py:2306} INFO - Setting next_dagrun for example_branch_datetime_operator_2 to 2023-06-10 00:00:00+00:00
[2023-06-12 08:03:12,091] {scheduler_job.py:189} INFO - Processing /home/airflow/.local/lib/python3.6/site-packages/airflow/example_dags/example_branch_datetime_operator.py took 0.061 seconds
[2023-06-12 08:03:42,442] {scheduler_job.py:181} INFO - Started process (PID=1254) to work on /home/airflow/.local/lib/python3.6/site-packages/airflow/example_dags/example_branch_datetime_operator.py
[2023-06-12 08:03:42,443] {scheduler_job.py:632} INFO - Processing file /home/airflow/.local/lib/python3.6/site-packages/airflow/example_dags/example_branch_datetime_operator.py for tasks to queue
[2023-06-12 08:03:42,444] {logging_mixin.py:104} INFO - [2023-06-12 08:03:42,444] {dagbag.py:496} INFO - Filling up the DagBag from /home/airflow/.local/lib/python3.6/site-packages/airflow/example_dags/example_branch_datetime_operator.py
[2023-06-12 08:03:42,457] {scheduler_job.py:642} INFO - DAG(s) dict_keys(['example_branch_datetime_operator_2']) retrieved from /home/airflow/.local/lib/python3.6/site-packages/airflow/example_dags/example_branch_datetime_operator.py
[2023-06-12 08:03:42,477] {logging_mixin.py:104} INFO - [2023-06-12 08:03:42,477] {dag.py:1833} INFO - Sync 1 DAGs
[2023-06-12 08:03:42,494] {logging_mixin.py:104} INFO - [2023-06-12 08:03:42,494] {dag.py:2306} INFO - Setting next_dagrun for example_branch_datetime_operator_2 to 2023-06-10 00:00:00+00:00
[2023-06-12 08:03:42,504] {scheduler_job.py:189} INFO - Processing /home/airflow/.local/lib/python3.6/site-packages/airflow/example_dags/example_branch_datetime_operator.py took 0.066 seconds
[2023-06-12 08:04:12,842] {scheduler_job.py:181} INFO - Started process (PID=1318) to work on /home/airflow/.local/lib/python3.6/site-packages/airflow/example_dags/example_branch_datetime_operator.py
[2023-06-12 08:04:12,844] {scheduler_job.py:632} INFO - Processing file /home/airflow/.local/lib/python3.6/site-packages/airflow/example_dags/example_branch_datetime_operator.py for tasks to queue
[2023-06-12 08:04:12,844] {logging_mixin.py:104} INFO - [2023-06-12 08:04:12,844] {dagbag.py:496} INFO - Filling up the DagBag from /home/airflow/.local/lib/python3.6/site-packages/airflow/example_dags/example_branch_datetime_operator.py
[2023-06-12 08:04:12,853] {scheduler_job.py:642} INFO - DAG(s) dict_keys(['example_branch_datetime_operator_2']) retrieved from /home/airflow/.local/lib/python3.6/site-packages/airflow/example_dags/example_branch_datetime_operator.py
[2023-06-12 08:04:12,870] {logging_mixin.py:104} INFO - [2023-06-12 08:04:12,870] {dag.py:1833} INFO - Sync 1 DAGs
[2023-06-12 08:04:12,885] {logging_mixin.py:104} INFO - [2023-06-12 08:04:12,885] {dag.py:2306} INFO - Setting next_dagrun for example_branch_datetime_operator_2 to 2023-06-10 00:00:00+00:00
[2023-06-12 08:04:12,896] {scheduler_job.py:189} INFO - Processing /home/airflow/.local/lib/python3.6/site-packages/airflow/example_dags/example_branch_datetime_operator.py took 0.056 seconds
[2023-06-12 08:04:43,285] {scheduler_job.py:181} INFO - Started process (PID=1371) to work on /home/airflow/.local/lib/python3.6/site-packages/airflow/example_dags/example_branch_datetime_operator.py
[2023-06-12 08:04:43,287] {scheduler_job.py:632} INFO - Processing file /home/airflow/.local/lib/python3.6/site-packages/airflow/example_dags/example_branch_datetime_operator.py for tasks to queue
[2023-06-12 08:04:43,287] {logging_mixin.py:104} INFO - [2023-06-12 08:04:43,287] {dagbag.py:496} INFO - Filling up the DagBag from /home/airflow/.local/lib/python3.6/site-packages/airflow/example_dags/example_branch_datetime_operator.py
[2023-06-12 08:04:43,298] {scheduler_job.py:642} INFO - DAG(s) dict_keys(['example_branch_datetime_operator_2']) retrieved from /home/airflow/.local/lib/python3.6/site-packages/airflow/example_dags/example_branch_datetime_operator.py
[2023-06-12 08:04:43,316] {logging_mixin.py:104} INFO - [2023-06-12 08:04:43,316] {dag.py:1833} INFO - Sync 1 DAGs
[2023-06-12 08:04:43,329] {logging_mixin.py:104} INFO - [2023-06-12 08:04:43,329] {dag.py:2306} INFO - Setting next_dagrun for example_branch_datetime_operator_2 to 2023-06-10 00:00:00+00:00
[2023-06-12 08:04:43,338] {scheduler_job.py:189} INFO - Processing /home/airflow/.local/lib/python3.6/site-packages/airflow/example_dags/example_branch_datetime_operator.py took 0.056 seconds
[2023-06-12 08:05:13,600] {scheduler_job.py:181} INFO - Started process (PID=1434) to work on /home/airflow/.local/lib/python3.6/site-packages/airflow/example_dags/example_branch_datetime_operator.py
[2023-06-12 08:05:13,601] {scheduler_job.py:632} INFO - Processing file /home/airflow/.local/lib/python3.6/site-packages/airflow/example_dags/example_branch_datetime_operator.py for tasks to queue
[2023-06-12 08:05:13,602] {logging_mixin.py:104} INFO - [2023-06-12 08:05:13,602] {dagbag.py:496} INFO - Filling up the DagBag from /home/airflow/.local/lib/python3.6/site-packages/airflow/example_dags/example_branch_datetime_operator.py
[2023-06-12 08:05:13,612] {scheduler_job.py:642} INFO - DAG(s) dict_keys(['example_branch_datetime_operator_2']) retrieved from /home/airflow/.local/lib/python3.6/site-packages/airflow/example_dags/example_branch_datetime_operator.py
[2023-06-12 08:05:13,628] {logging_mixin.py:104} INFO - [2023-06-12 08:05:13,628] {dag.py:1833} INFO - Sync 1 DAGs
[2023-06-12 08:05:13,641] {logging_mixin.py:104} INFO - [2023-06-12 08:05:13,641] {dag.py:2306} INFO - Setting next_dagrun for example_branch_datetime_operator_2 to 2023-06-10 00:00:00+00:00
[2023-06-12 08:05:13,651] {scheduler_job.py:189} INFO - Processing /home/airflow/.local/lib/python3.6/site-packages/airflow/example_dags/example_branch_datetime_operator.py took 0.054 seconds
[2023-06-12 08:05:44,863] {scheduler_job.py:181} INFO - Started process (PID=1495) to work on /home/airflow/.local/lib/python3.6/site-packages/airflow/example_dags/example_branch_datetime_operator.py
[2023-06-12 08:05:44,864] {scheduler_job.py:632} INFO - Processing file /home/airflow/.local/lib/python3.6/site-packages/airflow/example_dags/example_branch_datetime_operator.py for tasks to queue
[2023-06-12 08:05:44,865] {logging_mixin.py:104} INFO - [2023-06-12 08:05:44,865] {dagbag.py:496} INFO - Filling up the DagBag from /home/airflow/.local/lib/python3.6/site-packages/airflow/example_dags/example_branch_datetime_operator.py
[2023-06-12 08:05:44,876] {scheduler_job.py:642} INFO - DAG(s) dict_keys(['example_branch_datetime_operator_2']) retrieved from /home/airflow/.local/lib/python3.6/site-packages/airflow/example_dags/example_branch_datetime_operator.py
[2023-06-12 08:05:44,895] {logging_mixin.py:104} INFO - [2023-06-12 08:05:44,895] {dag.py:1833} INFO - Sync 1 DAGs
[2023-06-12 08:05:44,911] {logging_mixin.py:104} INFO - [2023-06-12 08:05:44,910] {dag.py:2306} INFO - Setting next_dagrun for example_branch_datetime_operator_2 to 2023-06-10 00:00:00+00:00
[2023-06-12 08:05:44,920] {scheduler_job.py:189} INFO - Processing /home/airflow/.local/lib/python3.6/site-packages/airflow/example_dags/example_branch_datetime_operator.py took 0.060 seconds
[2023-06-12 08:06:15,363] {scheduler_job.py:181} INFO - Started process (PID=1551) to work on /home/airflow/.local/lib/python3.6/site-packages/airflow/example_dags/example_branch_datetime_operator.py
[2023-06-12 08:06:15,364] {scheduler_job.py:632} INFO - Processing file /home/airflow/.local/lib/python3.6/site-packages/airflow/example_dags/example_branch_datetime_operator.py for tasks to queue
[2023-06-12 08:06:15,365] {logging_mixin.py:104} INFO - [2023-06-12 08:06:15,365] {dagbag.py:496} INFO - Filling up the DagBag from /home/airflow/.local/lib/python3.6/site-packages/airflow/example_dags/example_branch_datetime_operator.py
[2023-06-12 08:06:15,375] {scheduler_job.py:642} INFO - DAG(s) dict_keys(['example_branch_datetime_operator_2']) retrieved from /home/airflow/.local/lib/python3.6/site-packages/airflow/example_dags/example_branch_datetime_operator.py
[2023-06-12 08:06:15,394] {logging_mixin.py:104} INFO - [2023-06-12 08:06:15,394] {dag.py:1833} INFO - Sync 1 DAGs
[2023-06-12 08:06:15,407] {logging_mixin.py:104} INFO - [2023-06-12 08:06:15,407] {dag.py:2306} INFO - Setting next_dagrun for example_branch_datetime_operator_2 to 2023-06-10 00:00:00+00:00
[2023-06-12 08:06:15,416] {scheduler_job.py:189} INFO - Processing /home/airflow/.local/lib/python3.6/site-packages/airflow/example_dags/example_branch_datetime_operator.py took 0.056 seconds
[2023-06-12 08:06:45,612] {scheduler_job.py:181} INFO - Started process (PID=1614) to work on /home/airflow/.local/lib/python3.6/site-packages/airflow/example_dags/example_branch_datetime_operator.py
[2023-06-12 08:06:45,614] {scheduler_job.py:632} INFO - Processing file /home/airflow/.local/lib/python3.6/site-packages/airflow/example_dags/example_branch_datetime_operator.py for tasks to queue
[2023-06-12 08:06:45,615] {logging_mixin.py:104} INFO - [2023-06-12 08:06:45,615] {dagbag.py:496} INFO - Filling up the DagBag from /home/airflow/.local/lib/python3.6/site-packages/airflow/example_dags/example_branch_datetime_operator.py
[2023-06-12 08:06:45,625] {scheduler_job.py:642} INFO - DAG(s) dict_keys(['example_branch_datetime_operator_2']) retrieved from /home/airflow/.local/lib/python3.6/site-packages/airflow/example_dags/example_branch_datetime_operator.py
[2023-06-12 08:06:45,642] {logging_mixin.py:104} INFO - [2023-06-12 08:06:45,642] {dag.py:1833} INFO - Sync 1 DAGs
[2023-06-12 08:06:45,657] {logging_mixin.py:104} INFO - [2023-06-12 08:06:45,657] {dag.py:2306} INFO - Setting next_dagrun for example_branch_datetime_operator_2 to 2023-06-10 00:00:00+00:00
[2023-06-12 08:06:45,665] {scheduler_job.py:189} INFO - Processing /home/airflow/.local/lib/python3.6/site-packages/airflow/example_dags/example_branch_datetime_operator.py took 0.055 seconds
[2023-06-12 08:07:16,468] {scheduler_job.py:181} INFO - Started process (PID=1667) to work on /home/airflow/.local/lib/python3.6/site-packages/airflow/example_dags/example_branch_datetime_operator.py
[2023-06-12 08:07:16,469] {scheduler_job.py:632} INFO - Processing file /home/airflow/.local/lib/python3.6/site-packages/airflow/example_dags/example_branch_datetime_operator.py for tasks to queue
[2023-06-12 08:07:16,470] {logging_mixin.py:104} INFO - [2023-06-12 08:07:16,470] {dagbag.py:496} INFO - Filling up the DagBag from /home/airflow/.local/lib/python3.6/site-packages/airflow/example_dags/example_branch_datetime_operator.py
[2023-06-12 08:07:16,480] {scheduler_job.py:642} INFO - DAG(s) dict_keys(['example_branch_datetime_operator_2']) retrieved from /home/airflow/.local/lib/python3.6/site-packages/airflow/example_dags/example_branch_datetime_operator.py
[2023-06-12 08:07:16,496] {logging_mixin.py:104} INFO - [2023-06-12 08:07:16,496] {dag.py:1833} INFO - Sync 1 DAGs
[2023-06-12 08:07:16,509] {logging_mixin.py:104} INFO - [2023-06-12 08:07:16,509] {dag.py:2306} INFO - Setting next_dagrun for example_branch_datetime_operator_2 to 2023-06-10 00:00:00+00:00
[2023-06-12 08:07:16,519] {scheduler_job.py:189} INFO - Processing /home/airflow/.local/lib/python3.6/site-packages/airflow/example_dags/example_branch_datetime_operator.py took 0.054 seconds
[2023-06-12 08:07:46,931] {scheduler_job.py:181} INFO - Started process (PID=1730) to work on /home/airflow/.local/lib/python3.6/site-packages/airflow/example_dags/example_branch_datetime_operator.py
[2023-06-12 08:07:46,932] {scheduler_job.py:632} INFO - Processing file /home/airflow/.local/lib/python3.6/site-packages/airflow/example_dags/example_branch_datetime_operator.py for tasks to queue
[2023-06-12 08:07:46,933] {logging_mixin.py:104} INFO - [2023-06-12 08:07:46,933] {dagbag.py:496} INFO - Filling up the DagBag from /home/airflow/.local/lib/python3.6/site-packages/airflow/example_dags/example_branch_datetime_operator.py
[2023-06-12 08:07:46,944] {scheduler_job.py:642} INFO - DAG(s) dict_keys(['example_branch_datetime_operator_2']) retrieved from /home/airflow/.local/lib/python3.6/site-packages/airflow/example_dags/example_branch_datetime_operator.py
[2023-06-12 08:07:46,962] {logging_mixin.py:104} INFO - [2023-06-12 08:07:46,962] {dag.py:1833} INFO - Sync 1 DAGs
[2023-06-12 08:07:46,980] {logging_mixin.py:104} INFO - [2023-06-12 08:07:46,980] {dag.py:2306} INFO - Setting next_dagrun for example_branch_datetime_operator_2 to 2023-06-10 00:00:00+00:00
[2023-06-12 08:07:46,990] {scheduler_job.py:189} INFO - Processing /home/airflow/.local/lib/python3.6/site-packages/airflow/example_dags/example_branch_datetime_operator.py took 0.062 seconds
[2023-06-12 08:08:17,193] {scheduler_job.py:181} INFO - Started process (PID=1792) to work on /home/airflow/.local/lib/python3.6/site-packages/airflow/example_dags/example_branch_datetime_operator.py
[2023-06-12 08:08:17,194] {scheduler_job.py:632} INFO - Processing file /home/airflow/.local/lib/python3.6/site-packages/airflow/example_dags/example_branch_datetime_operator.py for tasks to queue
[2023-06-12 08:08:17,195] {logging_mixin.py:104} INFO - [2023-06-12 08:08:17,195] {dagbag.py:496} INFO - Filling up the DagBag from /home/airflow/.local/lib/python3.6/site-packages/airflow/example_dags/example_branch_datetime_operator.py
[2023-06-12 08:08:17,208] {scheduler_job.py:642} INFO - DAG(s) dict_keys(['example_branch_datetime_operator_2']) retrieved from /home/airflow/.local/lib/python3.6/site-packages/airflow/example_dags/example_branch_datetime_operator.py
[2023-06-12 08:08:17,227] {logging_mixin.py:104} INFO - [2023-06-12 08:08:17,227] {dag.py:1833} INFO - Sync 1 DAGs
[2023-06-12 08:08:17,242] {logging_mixin.py:104} INFO - [2023-06-12 08:08:17,242] {dag.py:2306} INFO - Setting next_dagrun for example_branch_datetime_operator_2 to 2023-06-10 00:00:00+00:00
[2023-06-12 08:08:17,252] {scheduler_job.py:189} INFO - Processing /home/airflow/.local/lib/python3.6/site-packages/airflow/example_dags/example_branch_datetime_operator.py took 0.062 seconds
[2023-06-12 08:08:47,821] {scheduler_job.py:181} INFO - Started process (PID=1847) to work on /home/airflow/.local/lib/python3.6/site-packages/airflow/example_dags/example_branch_datetime_operator.py
[2023-06-12 08:08:47,822] {scheduler_job.py:632} INFO - Processing file /home/airflow/.local/lib/python3.6/site-packages/airflow/example_dags/example_branch_datetime_operator.py for tasks to queue
[2023-06-12 08:08:47,823] {logging_mixin.py:104} INFO - [2023-06-12 08:08:47,823] {dagbag.py:496} INFO - Filling up the DagBag from /home/airflow/.local/lib/python3.6/site-packages/airflow/example_dags/example_branch_datetime_operator.py
[2023-06-12 08:08:47,832] {scheduler_job.py:642} INFO - DAG(s) dict_keys(['example_branch_datetime_operator_2']) retrieved from /home/airflow/.local/lib/python3.6/site-packages/airflow/example_dags/example_branch_datetime_operator.py
[2023-06-12 08:08:47,848] {logging_mixin.py:104} INFO - [2023-06-12 08:08:47,848] {dag.py:1833} INFO - Sync 1 DAGs
[2023-06-12 08:08:47,861] {logging_mixin.py:104} INFO - [2023-06-12 08:08:47,861] {dag.py:2306} INFO - Setting next_dagrun for example_branch_datetime_operator_2 to 2023-06-10 00:00:00+00:00
[2023-06-12 08:08:47,871] {scheduler_job.py:189} INFO - Processing /home/airflow/.local/lib/python3.6/site-packages/airflow/example_dags/example_branch_datetime_operator.py took 0.052 seconds
[2023-06-12 08:09:18,085] {scheduler_job.py:181} INFO - Started process (PID=1910) to work on /home/airflow/.local/lib/python3.6/site-packages/airflow/example_dags/example_branch_datetime_operator.py
[2023-06-12 08:09:18,087] {scheduler_job.py:632} INFO - Processing file /home/airflow/.local/lib/python3.6/site-packages/airflow/example_dags/example_branch_datetime_operator.py for tasks to queue
[2023-06-12 08:09:18,088] {logging_mixin.py:104} INFO - [2023-06-12 08:09:18,088] {dagbag.py:496} INFO - Filling up the DagBag from /home/airflow/.local/lib/python3.6/site-packages/airflow/example_dags/example_branch_datetime_operator.py
[2023-06-12 08:09:18,097] {scheduler_job.py:642} INFO - DAG(s) dict_keys(['example_branch_datetime_operator_2']) retrieved from /home/airflow/.local/lib/python3.6/site-packages/airflow/example_dags/example_branch_datetime_operator.py
[2023-06-12 08:09:18,114] {logging_mixin.py:104} INFO - [2023-06-12 08:09:18,114] {dag.py:1833} INFO - Sync 1 DAGs
[2023-06-12 08:09:18,128] {logging_mixin.py:104} INFO - [2023-06-12 08:09:18,128] {dag.py:2306} INFO - Setting next_dagrun for example_branch_datetime_operator_2 to 2023-06-10 00:00:00+00:00
[2023-06-12 08:09:18,137] {scheduler_job.py:189} INFO - Processing /home/airflow/.local/lib/python3.6/site-packages/airflow/example_dags/example_branch_datetime_operator.py took 0.054 seconds
[2023-06-12 08:09:48,371] {scheduler_job.py:181} INFO - Started process (PID=1963) to work on /home/airflow/.local/lib/python3.6/site-packages/airflow/example_dags/example_branch_datetime_operator.py
[2023-06-12 08:09:48,372] {scheduler_job.py:632} INFO - Processing file /home/airflow/.local/lib/python3.6/site-packages/airflow/example_dags/example_branch_datetime_operator.py for tasks to queue
[2023-06-12 08:09:48,373] {logging_mixin.py:104} INFO - [2023-06-12 08:09:48,373] {dagbag.py:496} INFO - Filling up the DagBag from /home/airflow/.local/lib/python3.6/site-packages/airflow/example_dags/example_branch_datetime_operator.py
[2023-06-12 08:09:48,382] {scheduler_job.py:642} INFO - DAG(s) dict_keys(['example_branch_datetime_operator_2']) retrieved from /home/airflow/.local/lib/python3.6/site-packages/airflow/example_dags/example_branch_datetime_operator.py
[2023-06-12 08:09:48,398] {logging_mixin.py:104} INFO - [2023-06-12 08:09:48,398] {dag.py:1833} INFO - Sync 1 DAGs
[2023-06-12 08:09:48,411] {logging_mixin.py:104} INFO - [2023-06-12 08:09:48,411] {dag.py:2306} INFO - Setting next_dagrun for example_branch_datetime_operator_2 to 2023-06-10 00:00:00+00:00
[2023-06-12 08:09:48,420] {scheduler_job.py:189} INFO - Processing /home/airflow/.local/lib/python3.6/site-packages/airflow/example_dags/example_branch_datetime_operator.py took 0.052 seconds
[2023-06-12 08:10:19,079] {scheduler_job.py:181} INFO - Started process (PID=2026) to work on /home/airflow/.local/lib/python3.6/site-packages/airflow/example_dags/example_branch_datetime_operator.py
[2023-06-12 08:10:19,080] {scheduler_job.py:632} INFO - Processing file /home/airflow/.local/lib/python3.6/site-packages/airflow/example_dags/example_branch_datetime_operator.py for tasks to queue
[2023-06-12 08:10:19,081] {logging_mixin.py:104} INFO - [2023-06-12 08:10:19,081] {dagbag.py:496} INFO - Filling up the DagBag from /home/airflow/.local/lib/python3.6/site-packages/airflow/example_dags/example_branch_datetime_operator.py
[2023-06-12 08:10:19,091] {scheduler_job.py:642} INFO - DAG(s) dict_keys(['example_branch_datetime_operator_2']) retrieved from /home/airflow/.local/lib/python3.6/site-packages/airflow/example_dags/example_branch_datetime_operator.py
[2023-06-12 08:10:19,107] {logging_mixin.py:104} INFO - [2023-06-12 08:10:19,107] {dag.py:1833} INFO - Sync 1 DAGs
[2023-06-12 08:10:19,122] {logging_mixin.py:104} INFO - [2023-06-12 08:10:19,122] {dag.py:2306} INFO - Setting next_dagrun for example_branch_datetime_operator_2 to 2023-06-10 00:00:00+00:00
[2023-06-12 08:10:19,130] {scheduler_job.py:189} INFO - Processing /home/airflow/.local/lib/python3.6/site-packages/airflow/example_dags/example_branch_datetime_operator.py took 0.054 seconds
[2023-06-12 08:10:49,620] {scheduler_job.py:181} INFO - Started process (PID=2089) to work on /home/airflow/.local/lib/python3.6/site-packages/airflow/example_dags/example_branch_datetime_operator.py
[2023-06-12 08:10:49,621] {scheduler_job.py:632} INFO - Processing file /home/airflow/.local/lib/python3.6/site-packages/airflow/example_dags/example_branch_datetime_operator.py for tasks to queue
[2023-06-12 08:10:49,622] {logging_mixin.py:104} INFO - [2023-06-12 08:10:49,622] {dagbag.py:496} INFO - Filling up the DagBag from /home/airflow/.local/lib/python3.6/site-packages/airflow/example_dags/example_branch_datetime_operator.py
[2023-06-12 08:10:49,632] {scheduler_job.py:642} INFO - DAG(s) dict_keys(['example_branch_datetime_operator_2']) retrieved from /home/airflow/.local/lib/python3.6/site-packages/airflow/example_dags/example_branch_datetime_operator.py
[2023-06-12 08:10:49,649] {logging_mixin.py:104} INFO - [2023-06-12 08:10:49,649] {dag.py:1833} INFO - Sync 1 DAGs
[2023-06-12 08:10:49,663] {logging_mixin.py:104} INFO - [2023-06-12 08:10:49,663] {dag.py:2306} INFO - Setting next_dagrun for example_branch_datetime_operator_2 to 2023-06-10 00:00:00+00:00
[2023-06-12 08:10:49,673] {scheduler_job.py:189} INFO - Processing /home/airflow/.local/lib/python3.6/site-packages/airflow/example_dags/example_branch_datetime_operator.py took 0.056 seconds
[2023-06-12 08:11:19,964] {scheduler_job.py:181} INFO - Started process (PID=2142) to work on /home/airflow/.local/lib/python3.6/site-packages/airflow/example_dags/example_branch_datetime_operator.py
[2023-06-12 08:11:19,965] {scheduler_job.py:632} INFO - Processing file /home/airflow/.local/lib/python3.6/site-packages/airflow/example_dags/example_branch_datetime_operator.py for tasks to queue
[2023-06-12 08:11:19,966] {logging_mixin.py:104} INFO - [2023-06-12 08:11:19,966] {dagbag.py:496} INFO - Filling up the DagBag from /home/airflow/.local/lib/python3.6/site-packages/airflow/example_dags/example_branch_datetime_operator.py
[2023-06-12 08:11:19,977] {scheduler_job.py:642} INFO - DAG(s) dict_keys(['example_branch_datetime_operator_2']) retrieved from /home/airflow/.local/lib/python3.6/site-packages/airflow/example_dags/example_branch_datetime_operator.py
[2023-06-12 08:11:19,998] {logging_mixin.py:104} INFO - [2023-06-12 08:11:19,997] {dag.py:1833} INFO - Sync 1 DAGs
[2023-06-12 08:11:20,012] {logging_mixin.py:104} INFO - [2023-06-12 08:11:20,012] {dag.py:2306} INFO - Setting next_dagrun for example_branch_datetime_operator_2 to 2023-06-10 00:00:00+00:00
[2023-06-12 08:11:20,021] {scheduler_job.py:189} INFO - Processing /home/airflow/.local/lib/python3.6/site-packages/airflow/example_dags/example_branch_datetime_operator.py took 0.060 seconds
[2023-06-12 08:11:50,193] {scheduler_job.py:181} INFO - Started process (PID=2205) to work on /home/airflow/.local/lib/python3.6/site-packages/airflow/example_dags/example_branch_datetime_operator.py
[2023-06-12 08:11:50,194] {scheduler_job.py:632} INFO - Processing file /home/airflow/.local/lib/python3.6/site-packages/airflow/example_dags/example_branch_datetime_operator.py for tasks to queue
[2023-06-12 08:11:50,195] {logging_mixin.py:104} INFO - [2023-06-12 08:11:50,195] {dagbag.py:496} INFO - Filling up the DagBag from /home/airflow/.local/lib/python3.6/site-packages/airflow/example_dags/example_branch_datetime_operator.py
[2023-06-12 08:11:50,205] {scheduler_job.py:642} INFO - DAG(s) dict_keys(['example_branch_datetime_operator_2']) retrieved from /home/airflow/.local/lib/python3.6/site-packages/airflow/example_dags/example_branch_datetime_operator.py
[2023-06-12 08:11:50,269] {logging_mixin.py:104} INFO - [2023-06-12 08:11:50,269] {dag.py:1833} INFO - Sync 1 DAGs
[2023-06-12 08:11:50,288] {logging_mixin.py:104} INFO - [2023-06-12 08:11:50,287] {dag.py:2306} INFO - Setting next_dagrun for example_branch_datetime_operator_2 to 2023-06-10 00:00:00+00:00
[2023-06-12 08:11:50,296] {scheduler_job.py:189} INFO - Processing /home/airflow/.local/lib/python3.6/site-packages/airflow/example_dags/example_branch_datetime_operator.py took 0.105 seconds
[2023-06-12 08:12:20,760] {scheduler_job.py:181} INFO - Started process (PID=2258) to work on /home/airflow/.local/lib/python3.6/site-packages/airflow/example_dags/example_branch_datetime_operator.py
[2023-06-12 08:12:20,762] {scheduler_job.py:632} INFO - Processing file /home/airflow/.local/lib/python3.6/site-packages/airflow/example_dags/example_branch_datetime_operator.py for tasks to queue
[2023-06-12 08:12:20,763] {logging_mixin.py:104} INFO - [2023-06-12 08:12:20,763] {dagbag.py:496} INFO - Filling up the DagBag from /home/airflow/.local/lib/python3.6/site-packages/airflow/example_dags/example_branch_datetime_operator.py
[2023-06-12 08:12:20,775] {scheduler_job.py:642} INFO - DAG(s) dict_keys(['example_branch_datetime_operator_2']) retrieved from /home/airflow/.local/lib/python3.6/site-packages/airflow/example_dags/example_branch_datetime_operator.py
[2023-06-12 08:12:20,848] {logging_mixin.py:104} INFO - [2023-06-12 08:12:20,848] {dag.py:1833} INFO - Sync 1 DAGs
[2023-06-12 08:12:20,865] {logging_mixin.py:104} INFO - [2023-06-12 08:12:20,865] {dag.py:2306} INFO - Setting next_dagrun for example_branch_datetime_operator_2 to 2023-06-10 00:00:00+00:00
[2023-06-12 08:12:20,879] {scheduler_job.py:189} INFO - Processing /home/airflow/.local/lib/python3.6/site-packages/airflow/example_dags/example_branch_datetime_operator.py took 0.122 seconds
[2023-06-12 08:12:51,062] {scheduler_job.py:181} INFO - Started process (PID=2321) to work on /home/airflow/.local/lib/python3.6/site-packages/airflow/example_dags/example_branch_datetime_operator.py
[2023-06-12 08:12:51,063] {scheduler_job.py:632} INFO - Processing file /home/airflow/.local/lib/python3.6/site-packages/airflow/example_dags/example_branch_datetime_operator.py for tasks to queue
[2023-06-12 08:12:51,064] {logging_mixin.py:104} INFO - [2023-06-12 08:12:51,064] {dagbag.py:496} INFO - Filling up the DagBag from /home/airflow/.local/lib/python3.6/site-packages/airflow/example_dags/example_branch_datetime_operator.py
[2023-06-12 08:12:51,075] {scheduler_job.py:642} INFO - DAG(s) dict_keys(['example_branch_datetime_operator_2']) retrieved from /home/airflow/.local/lib/python3.6/site-packages/airflow/example_dags/example_branch_datetime_operator.py
[2023-06-12 08:12:51,090] {logging_mixin.py:104} INFO - [2023-06-12 08:12:51,090] {dag.py:1833} INFO - Sync 1 DAGs
[2023-06-12 08:12:51,104] {logging_mixin.py:104} INFO - [2023-06-12 08:12:51,104] {dag.py:2306} INFO - Setting next_dagrun for example_branch_datetime_operator_2 to 2023-06-10 00:00:00+00:00
[2023-06-12 08:12:51,112] {scheduler_job.py:189} INFO - Processing /home/airflow/.local/lib/python3.6/site-packages/airflow/example_dags/example_branch_datetime_operator.py took 0.053 seconds
