[2023-06-12 07:53:26,420] {scheduler_job.py:181} INFO - Started process (PID=41) to work on /home/airflow/.local/lib/python3.6/site-packages/airflow/example_dags/example_dag_decorator.py
[2023-06-12 07:53:26,421] {scheduler_job.py:632} INFO - Processing file /home/airflow/.local/lib/python3.6/site-packages/airflow/example_dags/example_dag_decorator.py for tasks to queue
[2023-06-12 07:53:26,422] {logging_mixin.py:104} INFO - [2023-06-12 07:53:26,422] {dagbag.py:496} INFO - Filling up the DagBag from /home/airflow/.local/lib/python3.6/site-packages/airflow/example_dags/example_dag_decorator.py
[2023-06-12 07:53:26,442] {scheduler_job.py:642} INFO - DAG(s) dict_keys(['example_dag_decorator']) retrieved from /home/airflow/.local/lib/python3.6/site-packages/airflow/example_dags/example_dag_decorator.py
[2023-06-12 07:53:26,613] {logging_mixin.py:104} INFO - [2023-06-12 07:53:26,613] {dag.py:1833} INFO - Sync 1 DAGs
[2023-06-12 07:53:26,625] {logging_mixin.py:104} INFO - [2023-06-12 07:53:26,625] {dag.py:2306} INFO - Setting next_dagrun for example_dag_decorator to None
[2023-06-12 07:53:26,635] {scheduler_job.py:189} INFO - Processing /home/airflow/.local/lib/python3.6/site-packages/airflow/example_dags/example_dag_decorator.py took 0.219 seconds
[2023-06-12 07:53:57,167] {scheduler_job.py:181} INFO - Started process (PID=104) to work on /home/airflow/.local/lib/python3.6/site-packages/airflow/example_dags/example_dag_decorator.py
[2023-06-12 07:53:57,168] {scheduler_job.py:632} INFO - Processing file /home/airflow/.local/lib/python3.6/site-packages/airflow/example_dags/example_dag_decorator.py for tasks to queue
[2023-06-12 07:53:57,170] {logging_mixin.py:104} INFO - [2023-06-12 07:53:57,169] {dagbag.py:496} INFO - Filling up the DagBag from /home/airflow/.local/lib/python3.6/site-packages/airflow/example_dags/example_dag_decorator.py
[2023-06-12 07:53:57,187] {scheduler_job.py:642} INFO - DAG(s) dict_keys(['example_dag_decorator']) retrieved from /home/airflow/.local/lib/python3.6/site-packages/airflow/example_dags/example_dag_decorator.py
[2023-06-12 07:53:57,406] {logging_mixin.py:104} INFO - [2023-06-12 07:53:57,405] {dag.py:1833} INFO - Sync 1 DAGs
[2023-06-12 07:53:57,425] {logging_mixin.py:104} INFO - [2023-06-12 07:53:57,425] {dag.py:2306} INFO - Setting next_dagrun for example_dag_decorator to None
[2023-06-12 07:53:57,435] {scheduler_job.py:189} INFO - Processing /home/airflow/.local/lib/python3.6/site-packages/airflow/example_dags/example_dag_decorator.py took 0.271 seconds
[2023-06-12 07:54:27,824] {scheduler_job.py:181} INFO - Started process (PID=167) to work on /home/airflow/.local/lib/python3.6/site-packages/airflow/example_dags/example_dag_decorator.py
[2023-06-12 07:54:27,825] {scheduler_job.py:632} INFO - Processing file /home/airflow/.local/lib/python3.6/site-packages/airflow/example_dags/example_dag_decorator.py for tasks to queue
[2023-06-12 07:54:27,826] {logging_mixin.py:104} INFO - [2023-06-12 07:54:27,826] {dagbag.py:496} INFO - Filling up the DagBag from /home/airflow/.local/lib/python3.6/site-packages/airflow/example_dags/example_dag_decorator.py
[2023-06-12 07:54:27,844] {scheduler_job.py:642} INFO - DAG(s) dict_keys(['example_dag_decorator']) retrieved from /home/airflow/.local/lib/python3.6/site-packages/airflow/example_dags/example_dag_decorator.py
[2023-06-12 07:54:28,034] {logging_mixin.py:104} INFO - [2023-06-12 07:54:28,033] {dag.py:1833} INFO - Sync 1 DAGs
[2023-06-12 07:54:28,048] {logging_mixin.py:104} INFO - [2023-06-12 07:54:28,048] {dag.py:2306} INFO - Setting next_dagrun for example_dag_decorator to None
[2023-06-12 07:54:28,059] {scheduler_job.py:189} INFO - Processing /home/airflow/.local/lib/python3.6/site-packages/airflow/example_dags/example_dag_decorator.py took 0.238 seconds
[2023-06-12 07:54:58,754] {scheduler_job.py:181} INFO - Started process (PID=220) to work on /home/airflow/.local/lib/python3.6/site-packages/airflow/example_dags/example_dag_decorator.py
[2023-06-12 07:54:58,755] {scheduler_job.py:632} INFO - Processing file /home/airflow/.local/lib/python3.6/site-packages/airflow/example_dags/example_dag_decorator.py for tasks to queue
[2023-06-12 07:54:58,756] {logging_mixin.py:104} INFO - [2023-06-12 07:54:58,756] {dagbag.py:496} INFO - Filling up the DagBag from /home/airflow/.local/lib/python3.6/site-packages/airflow/example_dags/example_dag_decorator.py
[2023-06-12 07:54:58,773] {scheduler_job.py:642} INFO - DAG(s) dict_keys(['example_dag_decorator']) retrieved from /home/airflow/.local/lib/python3.6/site-packages/airflow/example_dags/example_dag_decorator.py
[2023-06-12 07:54:58,958] {logging_mixin.py:104} INFO - [2023-06-12 07:54:58,958] {dag.py:1833} INFO - Sync 1 DAGs
[2023-06-12 07:54:58,969] {logging_mixin.py:104} INFO - [2023-06-12 07:54:58,969] {dag.py:2306} INFO - Setting next_dagrun for example_dag_decorator to None
[2023-06-12 07:54:58,979] {scheduler_job.py:189} INFO - Processing /home/airflow/.local/lib/python3.6/site-packages/airflow/example_dags/example_dag_decorator.py took 0.228 seconds
[2023-06-12 07:55:29,138] {scheduler_job.py:181} INFO - Started process (PID=286) to work on /home/airflow/.local/lib/python3.6/site-packages/airflow/example_dags/example_dag_decorator.py
[2023-06-12 07:55:29,139] {scheduler_job.py:632} INFO - Processing file /home/airflow/.local/lib/python3.6/site-packages/airflow/example_dags/example_dag_decorator.py for tasks to queue
[2023-06-12 07:55:29,140] {logging_mixin.py:104} INFO - [2023-06-12 07:55:29,140] {dagbag.py:496} INFO - Filling up the DagBag from /home/airflow/.local/lib/python3.6/site-packages/airflow/example_dags/example_dag_decorator.py
[2023-06-12 07:55:29,154] {scheduler_job.py:642} INFO - DAG(s) dict_keys(['example_dag_decorator']) retrieved from /home/airflow/.local/lib/python3.6/site-packages/airflow/example_dags/example_dag_decorator.py
[2023-06-12 07:55:29,309] {logging_mixin.py:104} INFO - [2023-06-12 07:55:29,309] {dag.py:1833} INFO - Sync 1 DAGs
[2023-06-12 07:55:29,320] {logging_mixin.py:104} INFO - [2023-06-12 07:55:29,320] {dag.py:2306} INFO - Setting next_dagrun for example_dag_decorator to None
[2023-06-12 07:55:29,330] {scheduler_job.py:189} INFO - Processing /home/airflow/.local/lib/python3.6/site-packages/airflow/example_dags/example_dag_decorator.py took 0.194 seconds
[2023-06-12 07:55:59,546] {scheduler_job.py:181} INFO - Started process (PID=339) to work on /home/airflow/.local/lib/python3.6/site-packages/airflow/example_dags/example_dag_decorator.py
[2023-06-12 07:55:59,548] {scheduler_job.py:632} INFO - Processing file /home/airflow/.local/lib/python3.6/site-packages/airflow/example_dags/example_dag_decorator.py for tasks to queue
[2023-06-12 07:55:59,549] {logging_mixin.py:104} INFO - [2023-06-12 07:55:59,548] {dagbag.py:496} INFO - Filling up the DagBag from /home/airflow/.local/lib/python3.6/site-packages/airflow/example_dags/example_dag_decorator.py
[2023-06-12 07:55:59,565] {scheduler_job.py:642} INFO - DAG(s) dict_keys(['example_dag_decorator']) retrieved from /home/airflow/.local/lib/python3.6/site-packages/airflow/example_dags/example_dag_decorator.py
[2023-06-12 07:55:59,736] {logging_mixin.py:104} INFO - [2023-06-12 07:55:59,736] {dag.py:1833} INFO - Sync 1 DAGs
[2023-06-12 07:55:59,748] {logging_mixin.py:104} INFO - [2023-06-12 07:55:59,747] {dag.py:2306} INFO - Setting next_dagrun for example_dag_decorator to None
[2023-06-12 07:55:59,756] {scheduler_job.py:189} INFO - Processing /home/airflow/.local/lib/python3.6/site-packages/airflow/example_dags/example_dag_decorator.py took 0.213 seconds
[2023-06-12 07:56:30,136] {scheduler_job.py:181} INFO - Started process (PID=399) to work on /home/airflow/.local/lib/python3.6/site-packages/airflow/example_dags/example_dag_decorator.py
[2023-06-12 07:56:30,137] {scheduler_job.py:632} INFO - Processing file /home/airflow/.local/lib/python3.6/site-packages/airflow/example_dags/example_dag_decorator.py for tasks to queue
[2023-06-12 07:56:30,138] {logging_mixin.py:104} INFO - [2023-06-12 07:56:30,138] {dagbag.py:496} INFO - Filling up the DagBag from /home/airflow/.local/lib/python3.6/site-packages/airflow/example_dags/example_dag_decorator.py
[2023-06-12 07:56:30,152] {scheduler_job.py:642} INFO - DAG(s) dict_keys(['example_dag_decorator']) retrieved from /home/airflow/.local/lib/python3.6/site-packages/airflow/example_dags/example_dag_decorator.py
[2023-06-12 07:56:30,317] {logging_mixin.py:104} INFO - [2023-06-12 07:56:30,316] {dag.py:1833} INFO - Sync 1 DAGs
[2023-06-12 07:56:30,327] {logging_mixin.py:104} INFO - [2023-06-12 07:56:30,327] {dag.py:2306} INFO - Setting next_dagrun for example_dag_decorator to None
[2023-06-12 07:56:30,336] {scheduler_job.py:189} INFO - Processing /home/airflow/.local/lib/python3.6/site-packages/airflow/example_dags/example_dag_decorator.py took 0.203 seconds
[2023-06-12 07:57:00,705] {scheduler_job.py:181} INFO - Started process (PID=462) to work on /home/airflow/.local/lib/python3.6/site-packages/airflow/example_dags/example_dag_decorator.py
[2023-06-12 07:57:00,707] {scheduler_job.py:632} INFO - Processing file /home/airflow/.local/lib/python3.6/site-packages/airflow/example_dags/example_dag_decorator.py for tasks to queue
[2023-06-12 07:57:00,708] {logging_mixin.py:104} INFO - [2023-06-12 07:57:00,708] {dagbag.py:496} INFO - Filling up the DagBag from /home/airflow/.local/lib/python3.6/site-packages/airflow/example_dags/example_dag_decorator.py
[2023-06-12 07:57:00,726] {scheduler_job.py:642} INFO - DAG(s) dict_keys(['example_dag_decorator']) retrieved from /home/airflow/.local/lib/python3.6/site-packages/airflow/example_dags/example_dag_decorator.py
[2023-06-12 07:57:00,929] {logging_mixin.py:104} INFO - [2023-06-12 07:57:00,929] {dag.py:1833} INFO - Sync 1 DAGs
[2023-06-12 07:57:00,944] {logging_mixin.py:104} INFO - [2023-06-12 07:57:00,944] {dag.py:2306} INFO - Setting next_dagrun for example_dag_decorator to None
[2023-06-12 07:57:00,960] {scheduler_job.py:189} INFO - Processing /home/airflow/.local/lib/python3.6/site-packages/airflow/example_dags/example_dag_decorator.py took 0.259 seconds
[2023-06-12 07:57:31,351] {scheduler_job.py:181} INFO - Started process (PID=515) to work on /home/airflow/.local/lib/python3.6/site-packages/airflow/example_dags/example_dag_decorator.py
[2023-06-12 07:57:31,352] {scheduler_job.py:632} INFO - Processing file /home/airflow/.local/lib/python3.6/site-packages/airflow/example_dags/example_dag_decorator.py for tasks to queue
[2023-06-12 07:57:31,353] {logging_mixin.py:104} INFO - [2023-06-12 07:57:31,353] {dagbag.py:496} INFO - Filling up the DagBag from /home/airflow/.local/lib/python3.6/site-packages/airflow/example_dags/example_dag_decorator.py
[2023-06-12 07:57:31,368] {scheduler_job.py:642} INFO - DAG(s) dict_keys(['example_dag_decorator']) retrieved from /home/airflow/.local/lib/python3.6/site-packages/airflow/example_dags/example_dag_decorator.py
[2023-06-12 07:57:31,540] {logging_mixin.py:104} INFO - [2023-06-12 07:57:31,539] {dag.py:1833} INFO - Sync 1 DAGs
[2023-06-12 07:57:31,550] {logging_mixin.py:104} INFO - [2023-06-12 07:57:31,550] {dag.py:2306} INFO - Setting next_dagrun for example_dag_decorator to None
[2023-06-12 07:57:31,560] {scheduler_job.py:189} INFO - Processing /home/airflow/.local/lib/python3.6/site-packages/airflow/example_dags/example_dag_decorator.py took 0.211 seconds
[2023-06-12 07:58:02,464] {scheduler_job.py:181} INFO - Started process (PID=579) to work on /home/airflow/.local/lib/python3.6/site-packages/airflow/example_dags/example_dag_decorator.py
[2023-06-12 07:58:02,466] {scheduler_job.py:632} INFO - Processing file /home/airflow/.local/lib/python3.6/site-packages/airflow/example_dags/example_dag_decorator.py for tasks to queue
[2023-06-12 07:58:02,467] {logging_mixin.py:104} INFO - [2023-06-12 07:58:02,467] {dagbag.py:496} INFO - Filling up the DagBag from /home/airflow/.local/lib/python3.6/site-packages/airflow/example_dags/example_dag_decorator.py
[2023-06-12 07:58:02,486] {scheduler_job.py:642} INFO - DAG(s) dict_keys(['example_dag_decorator']) retrieved from /home/airflow/.local/lib/python3.6/site-packages/airflow/example_dags/example_dag_decorator.py
[2023-06-12 07:58:02,649] {logging_mixin.py:104} INFO - [2023-06-12 07:58:02,649] {dag.py:1833} INFO - Sync 1 DAGs
[2023-06-12 07:58:02,680] {logging_mixin.py:104} INFO - [2023-06-12 07:58:02,680] {dag.py:2306} INFO - Setting next_dagrun for example_dag_decorator to None
[2023-06-12 07:58:02,690] {scheduler_job.py:189} INFO - Processing /home/airflow/.local/lib/python3.6/site-packages/airflow/example_dags/example_dag_decorator.py took 0.229 seconds
[2023-06-12 07:58:32,872] {scheduler_job.py:181} INFO - Started process (PID=642) to work on /home/airflow/.local/lib/python3.6/site-packages/airflow/example_dags/example_dag_decorator.py
[2023-06-12 07:58:32,873] {scheduler_job.py:632} INFO - Processing file /home/airflow/.local/lib/python3.6/site-packages/airflow/example_dags/example_dag_decorator.py for tasks to queue
[2023-06-12 07:58:32,874] {logging_mixin.py:104} INFO - [2023-06-12 07:58:32,874] {dagbag.py:496} INFO - Filling up the DagBag from /home/airflow/.local/lib/python3.6/site-packages/airflow/example_dags/example_dag_decorator.py
[2023-06-12 07:58:32,889] {scheduler_job.py:642} INFO - DAG(s) dict_keys(['example_dag_decorator']) retrieved from /home/airflow/.local/lib/python3.6/site-packages/airflow/example_dags/example_dag_decorator.py
[2023-06-12 07:58:33,060] {logging_mixin.py:104} INFO - [2023-06-12 07:58:33,060] {dag.py:1833} INFO - Sync 1 DAGs
[2023-06-12 07:58:33,073] {logging_mixin.py:104} INFO - [2023-06-12 07:58:33,073] {dag.py:2306} INFO - Setting next_dagrun for example_dag_decorator to None
[2023-06-12 07:58:33,084] {scheduler_job.py:189} INFO - Processing /home/airflow/.local/lib/python3.6/site-packages/airflow/example_dags/example_dag_decorator.py took 0.215 seconds
[2023-06-12 07:59:03,848] {scheduler_job.py:181} INFO - Started process (PID=695) to work on /home/airflow/.local/lib/python3.6/site-packages/airflow/example_dags/example_dag_decorator.py
[2023-06-12 07:59:03,849] {scheduler_job.py:632} INFO - Processing file /home/airflow/.local/lib/python3.6/site-packages/airflow/example_dags/example_dag_decorator.py for tasks to queue
[2023-06-12 07:59:03,850] {logging_mixin.py:104} INFO - [2023-06-12 07:59:03,850] {dagbag.py:496} INFO - Filling up the DagBag from /home/airflow/.local/lib/python3.6/site-packages/airflow/example_dags/example_dag_decorator.py
[2023-06-12 07:59:03,866] {scheduler_job.py:642} INFO - DAG(s) dict_keys(['example_dag_decorator']) retrieved from /home/airflow/.local/lib/python3.6/site-packages/airflow/example_dags/example_dag_decorator.py
[2023-06-12 07:59:04,043] {logging_mixin.py:104} INFO - [2023-06-12 07:59:04,043] {dag.py:1833} INFO - Sync 1 DAGs
[2023-06-12 07:59:04,058] {logging_mixin.py:104} INFO - [2023-06-12 07:59:04,058] {dag.py:2306} INFO - Setting next_dagrun for example_dag_decorator to None
[2023-06-12 07:59:04,070] {scheduler_job.py:189} INFO - Processing /home/airflow/.local/lib/python3.6/site-packages/airflow/example_dags/example_dag_decorator.py took 0.226 seconds
[2023-06-12 07:59:34,805] {scheduler_job.py:181} INFO - Started process (PID=758) to work on /home/airflow/.local/lib/python3.6/site-packages/airflow/example_dags/example_dag_decorator.py
[2023-06-12 07:59:34,806] {scheduler_job.py:632} INFO - Processing file /home/airflow/.local/lib/python3.6/site-packages/airflow/example_dags/example_dag_decorator.py for tasks to queue
[2023-06-12 07:59:34,807] {logging_mixin.py:104} INFO - [2023-06-12 07:59:34,807] {dagbag.py:496} INFO - Filling up the DagBag from /home/airflow/.local/lib/python3.6/site-packages/airflow/example_dags/example_dag_decorator.py
[2023-06-12 07:59:34,829] {scheduler_job.py:642} INFO - DAG(s) dict_keys(['example_dag_decorator']) retrieved from /home/airflow/.local/lib/python3.6/site-packages/airflow/example_dags/example_dag_decorator.py
[2023-06-12 07:59:34,982] {logging_mixin.py:104} INFO - [2023-06-12 07:59:34,982] {dag.py:1833} INFO - Sync 1 DAGs
[2023-06-12 07:59:34,993] {logging_mixin.py:104} INFO - [2023-06-12 07:59:34,993] {dag.py:2306} INFO - Setting next_dagrun for example_dag_decorator to None
[2023-06-12 07:59:35,003] {scheduler_job.py:189} INFO - Processing /home/airflow/.local/lib/python3.6/site-packages/airflow/example_dags/example_dag_decorator.py took 0.200 seconds
[2023-06-12 08:00:05,746] {scheduler_job.py:181} INFO - Started process (PID=820) to work on /home/airflow/.local/lib/python3.6/site-packages/airflow/example_dags/example_dag_decorator.py
[2023-06-12 08:00:05,748] {scheduler_job.py:632} INFO - Processing file /home/airflow/.local/lib/python3.6/site-packages/airflow/example_dags/example_dag_decorator.py for tasks to queue
[2023-06-12 08:00:05,748] {logging_mixin.py:104} INFO - [2023-06-12 08:00:05,748] {dagbag.py:496} INFO - Filling up the DagBag from /home/airflow/.local/lib/python3.6/site-packages/airflow/example_dags/example_dag_decorator.py
[2023-06-12 08:00:05,763] {scheduler_job.py:642} INFO - DAG(s) dict_keys(['example_dag_decorator']) retrieved from /home/airflow/.local/lib/python3.6/site-packages/airflow/example_dags/example_dag_decorator.py
[2023-06-12 08:00:05,932] {logging_mixin.py:104} INFO - [2023-06-12 08:00:05,932] {dag.py:1833} INFO - Sync 1 DAGs
[2023-06-12 08:00:05,944] {logging_mixin.py:104} INFO - [2023-06-12 08:00:05,944] {dag.py:2306} INFO - Setting next_dagrun for example_dag_decorator to None
[2023-06-12 08:00:05,955] {scheduler_job.py:189} INFO - Processing /home/airflow/.local/lib/python3.6/site-packages/airflow/example_dags/example_dag_decorator.py took 0.211 seconds
[2023-06-12 08:00:36,082] {scheduler_job.py:181} INFO - Started process (PID=876) to work on /home/airflow/.local/lib/python3.6/site-packages/airflow/example_dags/example_dag_decorator.py
[2023-06-12 08:00:36,085] {scheduler_job.py:632} INFO - Processing file /home/airflow/.local/lib/python3.6/site-packages/airflow/example_dags/example_dag_decorator.py for tasks to queue
[2023-06-12 08:00:36,087] {logging_mixin.py:104} INFO - [2023-06-12 08:00:36,086] {dagbag.py:496} INFO - Filling up the DagBag from /home/airflow/.local/lib/python3.6/site-packages/airflow/example_dags/example_dag_decorator.py
[2023-06-12 08:00:36,108] {scheduler_job.py:642} INFO - DAG(s) dict_keys(['example_dag_decorator']) retrieved from /home/airflow/.local/lib/python3.6/site-packages/airflow/example_dags/example_dag_decorator.py
[2023-06-12 08:00:36,297] {logging_mixin.py:104} INFO - [2023-06-12 08:00:36,297] {dag.py:1833} INFO - Sync 1 DAGs
[2023-06-12 08:00:36,310] {logging_mixin.py:104} INFO - [2023-06-12 08:00:36,310] {dag.py:2306} INFO - Setting next_dagrun for example_dag_decorator to None
[2023-06-12 08:00:36,321] {scheduler_job.py:189} INFO - Processing /home/airflow/.local/lib/python3.6/site-packages/airflow/example_dags/example_dag_decorator.py took 0.243 seconds
[2023-06-12 08:01:06,904] {scheduler_job.py:181} INFO - Started process (PID=937) to work on /home/airflow/.local/lib/python3.6/site-packages/airflow/example_dags/example_dag_decorator.py
[2023-06-12 08:01:06,905] {scheduler_job.py:632} INFO - Processing file /home/airflow/.local/lib/python3.6/site-packages/airflow/example_dags/example_dag_decorator.py for tasks to queue
[2023-06-12 08:01:06,906] {logging_mixin.py:104} INFO - [2023-06-12 08:01:06,906] {dagbag.py:496} INFO - Filling up the DagBag from /home/airflow/.local/lib/python3.6/site-packages/airflow/example_dags/example_dag_decorator.py
[2023-06-12 08:01:06,921] {scheduler_job.py:642} INFO - DAG(s) dict_keys(['example_dag_decorator']) retrieved from /home/airflow/.local/lib/python3.6/site-packages/airflow/example_dags/example_dag_decorator.py
[2023-06-12 08:01:07,082] {logging_mixin.py:104} INFO - [2023-06-12 08:01:07,082] {dag.py:1833} INFO - Sync 1 DAGs
[2023-06-12 08:01:07,093] {logging_mixin.py:104} INFO - [2023-06-12 08:01:07,093] {dag.py:2306} INFO - Setting next_dagrun for example_dag_decorator to None
[2023-06-12 08:01:07,104] {scheduler_job.py:189} INFO - Processing /home/airflow/.local/lib/python3.6/site-packages/airflow/example_dags/example_dag_decorator.py took 0.203 seconds
[2023-06-12 08:01:37,803] {scheduler_job.py:181} INFO - Started process (PID=990) to work on /home/airflow/.local/lib/python3.6/site-packages/airflow/example_dags/example_dag_decorator.py
[2023-06-12 08:01:37,805] {scheduler_job.py:632} INFO - Processing file /home/airflow/.local/lib/python3.6/site-packages/airflow/example_dags/example_dag_decorator.py for tasks to queue
[2023-06-12 08:01:37,805] {logging_mixin.py:104} INFO - [2023-06-12 08:01:37,805] {dagbag.py:496} INFO - Filling up the DagBag from /home/airflow/.local/lib/python3.6/site-packages/airflow/example_dags/example_dag_decorator.py
[2023-06-12 08:01:37,819] {scheduler_job.py:642} INFO - DAG(s) dict_keys(['example_dag_decorator']) retrieved from /home/airflow/.local/lib/python3.6/site-packages/airflow/example_dags/example_dag_decorator.py
[2023-06-12 08:01:37,975] {logging_mixin.py:104} INFO - [2023-06-12 08:01:37,975] {dag.py:1833} INFO - Sync 1 DAGs
[2023-06-12 08:01:37,985] {logging_mixin.py:104} INFO - [2023-06-12 08:01:37,985] {dag.py:2306} INFO - Setting next_dagrun for example_dag_decorator to None
[2023-06-12 08:01:37,994] {scheduler_job.py:189} INFO - Processing /home/airflow/.local/lib/python3.6/site-packages/airflow/example_dags/example_dag_decorator.py took 0.193 seconds
[2023-06-12 08:02:08,102] {scheduler_job.py:181} INFO - Started process (PID=1055) to work on /home/airflow/.local/lib/python3.6/site-packages/airflow/example_dags/example_dag_decorator.py
[2023-06-12 08:02:08,103] {scheduler_job.py:632} INFO - Processing file /home/airflow/.local/lib/python3.6/site-packages/airflow/example_dags/example_dag_decorator.py for tasks to queue
[2023-06-12 08:02:08,104] {logging_mixin.py:104} INFO - [2023-06-12 08:02:08,104] {dagbag.py:496} INFO - Filling up the DagBag from /home/airflow/.local/lib/python3.6/site-packages/airflow/example_dags/example_dag_decorator.py
[2023-06-12 08:02:08,119] {scheduler_job.py:642} INFO - DAG(s) dict_keys(['example_dag_decorator']) retrieved from /home/airflow/.local/lib/python3.6/site-packages/airflow/example_dags/example_dag_decorator.py
[2023-06-12 08:02:08,138] {logging_mixin.py:104} INFO - [2023-06-12 08:02:08,137] {dag.py:1833} INFO - Sync 1 DAGs
[2023-06-12 08:02:08,149] {logging_mixin.py:104} INFO - [2023-06-12 08:02:08,149] {dag.py:2306} INFO - Setting next_dagrun for example_dag_decorator to None
[2023-06-12 08:02:08,158] {scheduler_job.py:189} INFO - Processing /home/airflow/.local/lib/python3.6/site-packages/airflow/example_dags/example_dag_decorator.py took 0.059 seconds
[2023-06-12 08:02:38,273] {scheduler_job.py:181} INFO - Started process (PID=1118) to work on /home/airflow/.local/lib/python3.6/site-packages/airflow/example_dags/example_dag_decorator.py
[2023-06-12 08:02:38,275] {scheduler_job.py:632} INFO - Processing file /home/airflow/.local/lib/python3.6/site-packages/airflow/example_dags/example_dag_decorator.py for tasks to queue
[2023-06-12 08:02:38,276] {logging_mixin.py:104} INFO - [2023-06-12 08:02:38,276] {dagbag.py:496} INFO - Filling up the DagBag from /home/airflow/.local/lib/python3.6/site-packages/airflow/example_dags/example_dag_decorator.py
[2023-06-12 08:02:38,293] {scheduler_job.py:642} INFO - DAG(s) dict_keys(['example_dag_decorator']) retrieved from /home/airflow/.local/lib/python3.6/site-packages/airflow/example_dags/example_dag_decorator.py
[2023-06-12 08:02:38,483] {logging_mixin.py:104} INFO - [2023-06-12 08:02:38,483] {dag.py:1833} INFO - Sync 1 DAGs
[2023-06-12 08:02:38,494] {logging_mixin.py:104} INFO - [2023-06-12 08:02:38,494] {dag.py:2306} INFO - Setting next_dagrun for example_dag_decorator to None
[2023-06-12 08:02:38,503] {scheduler_job.py:189} INFO - Processing /home/airflow/.local/lib/python3.6/site-packages/airflow/example_dags/example_dag_decorator.py took 0.232 seconds
[2023-06-12 08:03:08,739] {scheduler_job.py:181} INFO - Started process (PID=1171) to work on /home/airflow/.local/lib/python3.6/site-packages/airflow/example_dags/example_dag_decorator.py
[2023-06-12 08:03:08,740] {scheduler_job.py:632} INFO - Processing file /home/airflow/.local/lib/python3.6/site-packages/airflow/example_dags/example_dag_decorator.py for tasks to queue
[2023-06-12 08:03:08,741] {logging_mixin.py:104} INFO - [2023-06-12 08:03:08,741] {dagbag.py:496} INFO - Filling up the DagBag from /home/airflow/.local/lib/python3.6/site-packages/airflow/example_dags/example_dag_decorator.py
[2023-06-12 08:03:08,772] {scheduler_job.py:642} INFO - DAG(s) dict_keys(['example_dag_decorator']) retrieved from /home/airflow/.local/lib/python3.6/site-packages/airflow/example_dags/example_dag_decorator.py
[2023-06-12 08:03:08,789] {logging_mixin.py:104} INFO - [2023-06-12 08:03:08,789] {dag.py:1833} INFO - Sync 1 DAGs
[2023-06-12 08:03:08,800] {logging_mixin.py:104} INFO - [2023-06-12 08:03:08,800] {dag.py:2306} INFO - Setting next_dagrun for example_dag_decorator to None
[2023-06-12 08:03:08,811] {scheduler_job.py:189} INFO - Processing /home/airflow/.local/lib/python3.6/site-packages/airflow/example_dags/example_dag_decorator.py took 0.074 seconds
[2023-06-12 08:03:38,996] {scheduler_job.py:181} INFO - Started process (PID=1234) to work on /home/airflow/.local/lib/python3.6/site-packages/airflow/example_dags/example_dag_decorator.py
[2023-06-12 08:03:38,997] {scheduler_job.py:632} INFO - Processing file /home/airflow/.local/lib/python3.6/site-packages/airflow/example_dags/example_dag_decorator.py for tasks to queue
[2023-06-12 08:03:38,998] {logging_mixin.py:104} INFO - [2023-06-12 08:03:38,998] {dagbag.py:496} INFO - Filling up the DagBag from /home/airflow/.local/lib/python3.6/site-packages/airflow/example_dags/example_dag_decorator.py
[2023-06-12 08:03:39,014] {scheduler_job.py:642} INFO - DAG(s) dict_keys(['example_dag_decorator']) retrieved from /home/airflow/.local/lib/python3.6/site-packages/airflow/example_dags/example_dag_decorator.py
[2023-06-12 08:03:39,159] {logging_mixin.py:104} INFO - [2023-06-12 08:03:39,159] {dag.py:1833} INFO - Sync 1 DAGs
[2023-06-12 08:03:39,169] {logging_mixin.py:104} INFO - [2023-06-12 08:03:39,169] {dag.py:2306} INFO - Setting next_dagrun for example_dag_decorator to None
[2023-06-12 08:03:39,180] {scheduler_job.py:189} INFO - Processing /home/airflow/.local/lib/python3.6/site-packages/airflow/example_dags/example_dag_decorator.py took 0.187 seconds
[2023-06-12 08:04:09,213] {scheduler_job.py:181} INFO - Started process (PID=1285) to work on /home/airflow/.local/lib/python3.6/site-packages/airflow/example_dags/example_dag_decorator.py
[2023-06-12 08:04:09,214] {scheduler_job.py:632} INFO - Processing file /home/airflow/.local/lib/python3.6/site-packages/airflow/example_dags/example_dag_decorator.py for tasks to queue
[2023-06-12 08:04:09,215] {logging_mixin.py:104} INFO - [2023-06-12 08:04:09,215] {dagbag.py:496} INFO - Filling up the DagBag from /home/airflow/.local/lib/python3.6/site-packages/airflow/example_dags/example_dag_decorator.py
[2023-06-12 08:04:09,229] {scheduler_job.py:642} INFO - DAG(s) dict_keys(['example_dag_decorator']) retrieved from /home/airflow/.local/lib/python3.6/site-packages/airflow/example_dags/example_dag_decorator.py
[2023-06-12 08:04:09,369] {logging_mixin.py:104} INFO - [2023-06-12 08:04:09,369] {dag.py:1833} INFO - Sync 1 DAGs
[2023-06-12 08:04:09,379] {logging_mixin.py:104} INFO - [2023-06-12 08:04:09,379] {dag.py:2306} INFO - Setting next_dagrun for example_dag_decorator to None
[2023-06-12 08:04:09,389] {scheduler_job.py:189} INFO - Processing /home/airflow/.local/lib/python3.6/site-packages/airflow/example_dags/example_dag_decorator.py took 0.179 seconds
[2023-06-12 08:04:39,598] {scheduler_job.py:181} INFO - Started process (PID=1348) to work on /home/airflow/.local/lib/python3.6/site-packages/airflow/example_dags/example_dag_decorator.py
[2023-06-12 08:04:39,599] {scheduler_job.py:632} INFO - Processing file /home/airflow/.local/lib/python3.6/site-packages/airflow/example_dags/example_dag_decorator.py for tasks to queue
[2023-06-12 08:04:39,600] {logging_mixin.py:104} INFO - [2023-06-12 08:04:39,600] {dagbag.py:496} INFO - Filling up the DagBag from /home/airflow/.local/lib/python3.6/site-packages/airflow/example_dags/example_dag_decorator.py
[2023-06-12 08:04:39,617] {scheduler_job.py:642} INFO - DAG(s) dict_keys(['example_dag_decorator']) retrieved from /home/airflow/.local/lib/python3.6/site-packages/airflow/example_dags/example_dag_decorator.py
[2023-06-12 08:04:39,766] {logging_mixin.py:104} INFO - [2023-06-12 08:04:39,766] {dag.py:1833} INFO - Sync 1 DAGs
[2023-06-12 08:04:39,776] {logging_mixin.py:104} INFO - [2023-06-12 08:04:39,776] {dag.py:2306} INFO - Setting next_dagrun for example_dag_decorator to None
[2023-06-12 08:04:39,786] {scheduler_job.py:189} INFO - Processing /home/airflow/.local/lib/python3.6/site-packages/airflow/example_dags/example_dag_decorator.py took 0.191 seconds
[2023-06-12 08:05:10,003] {scheduler_job.py:181} INFO - Started process (PID=1408) to work on /home/airflow/.local/lib/python3.6/site-packages/airflow/example_dags/example_dag_decorator.py
[2023-06-12 08:05:10,004] {scheduler_job.py:632} INFO - Processing file /home/airflow/.local/lib/python3.6/site-packages/airflow/example_dags/example_dag_decorator.py for tasks to queue
[2023-06-12 08:05:10,005] {logging_mixin.py:104} INFO - [2023-06-12 08:05:10,005] {dagbag.py:496} INFO - Filling up the DagBag from /home/airflow/.local/lib/python3.6/site-packages/airflow/example_dags/example_dag_decorator.py
[2023-06-12 08:05:10,022] {scheduler_job.py:642} INFO - DAG(s) dict_keys(['example_dag_decorator']) retrieved from /home/airflow/.local/lib/python3.6/site-packages/airflow/example_dags/example_dag_decorator.py
[2023-06-12 08:05:10,177] {logging_mixin.py:104} INFO - [2023-06-12 08:05:10,177] {dag.py:1833} INFO - Sync 1 DAGs
[2023-06-12 08:05:10,187] {logging_mixin.py:104} INFO - [2023-06-12 08:05:10,187] {dag.py:2306} INFO - Setting next_dagrun for example_dag_decorator to None
[2023-06-12 08:05:10,197] {scheduler_job.py:189} INFO - Processing /home/airflow/.local/lib/python3.6/site-packages/airflow/example_dags/example_dag_decorator.py took 0.197 seconds
[2023-06-12 08:05:40,360] {scheduler_job.py:181} INFO - Started process (PID=1465) to work on /home/airflow/.local/lib/python3.6/site-packages/airflow/example_dags/example_dag_decorator.py
[2023-06-12 08:05:40,362] {scheduler_job.py:632} INFO - Processing file /home/airflow/.local/lib/python3.6/site-packages/airflow/example_dags/example_dag_decorator.py for tasks to queue
[2023-06-12 08:05:40,362] {logging_mixin.py:104} INFO - [2023-06-12 08:05:40,362] {dagbag.py:496} INFO - Filling up the DagBag from /home/airflow/.local/lib/python3.6/site-packages/airflow/example_dags/example_dag_decorator.py
[2023-06-12 08:05:40,377] {scheduler_job.py:642} INFO - DAG(s) dict_keys(['example_dag_decorator']) retrieved from /home/airflow/.local/lib/python3.6/site-packages/airflow/example_dags/example_dag_decorator.py
[2023-06-12 08:05:40,526] {logging_mixin.py:104} INFO - [2023-06-12 08:05:40,526] {dag.py:1833} INFO - Sync 1 DAGs
[2023-06-12 08:05:40,537] {logging_mixin.py:104} INFO - [2023-06-12 08:05:40,537] {dag.py:2306} INFO - Setting next_dagrun for example_dag_decorator to None
[2023-06-12 08:05:40,547] {scheduler_job.py:189} INFO - Processing /home/airflow/.local/lib/python3.6/site-packages/airflow/example_dags/example_dag_decorator.py took 0.189 seconds
[2023-06-12 08:06:10,848] {scheduler_job.py:181} INFO - Started process (PID=1529) to work on /home/airflow/.local/lib/python3.6/site-packages/airflow/example_dags/example_dag_decorator.py
[2023-06-12 08:06:10,849] {scheduler_job.py:632} INFO - Processing file /home/airflow/.local/lib/python3.6/site-packages/airflow/example_dags/example_dag_decorator.py for tasks to queue
[2023-06-12 08:06:10,850] {logging_mixin.py:104} INFO - [2023-06-12 08:06:10,850] {dagbag.py:496} INFO - Filling up the DagBag from /home/airflow/.local/lib/python3.6/site-packages/airflow/example_dags/example_dag_decorator.py
[2023-06-12 08:06:10,866] {scheduler_job.py:642} INFO - DAG(s) dict_keys(['example_dag_decorator']) retrieved from /home/airflow/.local/lib/python3.6/site-packages/airflow/example_dags/example_dag_decorator.py
[2023-06-12 08:06:11,026] {logging_mixin.py:104} INFO - [2023-06-12 08:06:11,026] {dag.py:1833} INFO - Sync 1 DAGs
[2023-06-12 08:06:11,040] {logging_mixin.py:104} INFO - [2023-06-12 08:06:11,040] {dag.py:2306} INFO - Setting next_dagrun for example_dag_decorator to None
[2023-06-12 08:06:11,049] {scheduler_job.py:189} INFO - Processing /home/airflow/.local/lib/python3.6/site-packages/airflow/example_dags/example_dag_decorator.py took 0.204 seconds
[2023-06-12 08:06:41,110] {scheduler_job.py:181} INFO - Started process (PID=1581) to work on /home/airflow/.local/lib/python3.6/site-packages/airflow/example_dags/example_dag_decorator.py
[2023-06-12 08:06:41,111] {scheduler_job.py:632} INFO - Processing file /home/airflow/.local/lib/python3.6/site-packages/airflow/example_dags/example_dag_decorator.py for tasks to queue
[2023-06-12 08:06:41,111] {logging_mixin.py:104} INFO - [2023-06-12 08:06:41,111] {dagbag.py:496} INFO - Filling up the DagBag from /home/airflow/.local/lib/python3.6/site-packages/airflow/example_dags/example_dag_decorator.py
[2023-06-12 08:06:41,127] {scheduler_job.py:642} INFO - DAG(s) dict_keys(['example_dag_decorator']) retrieved from /home/airflow/.local/lib/python3.6/site-packages/airflow/example_dags/example_dag_decorator.py
[2023-06-12 08:06:41,293] {logging_mixin.py:104} INFO - [2023-06-12 08:06:41,293] {dag.py:1833} INFO - Sync 1 DAGs
[2023-06-12 08:06:41,304] {logging_mixin.py:104} INFO - [2023-06-12 08:06:41,304] {dag.py:2306} INFO - Setting next_dagrun for example_dag_decorator to None
[2023-06-12 08:06:41,315] {scheduler_job.py:189} INFO - Processing /home/airflow/.local/lib/python3.6/site-packages/airflow/example_dags/example_dag_decorator.py took 0.208 seconds
[2023-06-12 08:07:12,199] {scheduler_job.py:181} INFO - Started process (PID=1644) to work on /home/airflow/.local/lib/python3.6/site-packages/airflow/example_dags/example_dag_decorator.py
[2023-06-12 08:07:12,200] {scheduler_job.py:632} INFO - Processing file /home/airflow/.local/lib/python3.6/site-packages/airflow/example_dags/example_dag_decorator.py for tasks to queue
[2023-06-12 08:07:12,201] {logging_mixin.py:104} INFO - [2023-06-12 08:07:12,201] {dagbag.py:496} INFO - Filling up the DagBag from /home/airflow/.local/lib/python3.6/site-packages/airflow/example_dags/example_dag_decorator.py
[2023-06-12 08:07:12,219] {scheduler_job.py:642} INFO - DAG(s) dict_keys(['example_dag_decorator']) retrieved from /home/airflow/.local/lib/python3.6/site-packages/airflow/example_dags/example_dag_decorator.py
[2023-06-12 08:07:12,395] {logging_mixin.py:104} INFO - [2023-06-12 08:07:12,395] {dag.py:1833} INFO - Sync 1 DAGs
[2023-06-12 08:07:12,406] {logging_mixin.py:104} INFO - [2023-06-12 08:07:12,406] {dag.py:2306} INFO - Setting next_dagrun for example_dag_decorator to None
[2023-06-12 08:07:12,416] {scheduler_job.py:189} INFO - Processing /home/airflow/.local/lib/python3.6/site-packages/airflow/example_dags/example_dag_decorator.py took 0.220 seconds
[2023-06-12 08:07:42,527] {scheduler_job.py:181} INFO - Started process (PID=1709) to work on /home/airflow/.local/lib/python3.6/site-packages/airflow/example_dags/example_dag_decorator.py
[2023-06-12 08:07:42,528] {scheduler_job.py:632} INFO - Processing file /home/airflow/.local/lib/python3.6/site-packages/airflow/example_dags/example_dag_decorator.py for tasks to queue
[2023-06-12 08:07:42,529] {logging_mixin.py:104} INFO - [2023-06-12 08:07:42,529] {dagbag.py:496} INFO - Filling up the DagBag from /home/airflow/.local/lib/python3.6/site-packages/airflow/example_dags/example_dag_decorator.py
[2023-06-12 08:07:42,547] {scheduler_job.py:642} INFO - DAG(s) dict_keys(['example_dag_decorator']) retrieved from /home/airflow/.local/lib/python3.6/site-packages/airflow/example_dags/example_dag_decorator.py
[2023-06-12 08:07:42,733] {logging_mixin.py:104} INFO - [2023-06-12 08:07:42,733] {dag.py:1833} INFO - Sync 1 DAGs
[2023-06-12 08:07:42,745] {logging_mixin.py:104} INFO - [2023-06-12 08:07:42,745] {dag.py:2306} INFO - Setting next_dagrun for example_dag_decorator to None
[2023-06-12 08:07:42,756] {scheduler_job.py:189} INFO - Processing /home/airflow/.local/lib/python3.6/site-packages/airflow/example_dags/example_dag_decorator.py took 0.233 seconds
[2023-06-12 08:08:12,935] {scheduler_job.py:181} INFO - Started process (PID=1764) to work on /home/airflow/.local/lib/python3.6/site-packages/airflow/example_dags/example_dag_decorator.py
[2023-06-12 08:08:12,936] {scheduler_job.py:632} INFO - Processing file /home/airflow/.local/lib/python3.6/site-packages/airflow/example_dags/example_dag_decorator.py for tasks to queue
[2023-06-12 08:08:12,937] {logging_mixin.py:104} INFO - [2023-06-12 08:08:12,937] {dagbag.py:496} INFO - Filling up the DagBag from /home/airflow/.local/lib/python3.6/site-packages/airflow/example_dags/example_dag_decorator.py
[2023-06-12 08:08:12,955] {scheduler_job.py:642} INFO - DAG(s) dict_keys(['example_dag_decorator']) retrieved from /home/airflow/.local/lib/python3.6/site-packages/airflow/example_dags/example_dag_decorator.py
[2023-06-12 08:08:13,146] {logging_mixin.py:104} INFO - [2023-06-12 08:08:13,146] {dag.py:1833} INFO - Sync 1 DAGs
[2023-06-12 08:08:13,157] {logging_mixin.py:104} INFO - [2023-06-12 08:08:13,157] {dag.py:2306} INFO - Setting next_dagrun for example_dag_decorator to None
[2023-06-12 08:08:13,167] {scheduler_job.py:189} INFO - Processing /home/airflow/.local/lib/python3.6/site-packages/airflow/example_dags/example_dag_decorator.py took 0.235 seconds
[2023-06-12 08:08:43,508] {scheduler_job.py:181} INFO - Started process (PID=1828) to work on /home/airflow/.local/lib/python3.6/site-packages/airflow/example_dags/example_dag_decorator.py
[2023-06-12 08:08:43,509] {scheduler_job.py:632} INFO - Processing file /home/airflow/.local/lib/python3.6/site-packages/airflow/example_dags/example_dag_decorator.py for tasks to queue
[2023-06-12 08:08:43,510] {logging_mixin.py:104} INFO - [2023-06-12 08:08:43,510] {dagbag.py:496} INFO - Filling up the DagBag from /home/airflow/.local/lib/python3.6/site-packages/airflow/example_dags/example_dag_decorator.py
[2023-06-12 08:08:43,524] {scheduler_job.py:642} INFO - DAG(s) dict_keys(['example_dag_decorator']) retrieved from /home/airflow/.local/lib/python3.6/site-packages/airflow/example_dags/example_dag_decorator.py
[2023-06-12 08:08:43,674] {logging_mixin.py:104} INFO - [2023-06-12 08:08:43,674] {dag.py:1833} INFO - Sync 1 DAGs
[2023-06-12 08:08:43,685] {logging_mixin.py:104} INFO - [2023-06-12 08:08:43,685] {dag.py:2306} INFO - Setting next_dagrun for example_dag_decorator to None
[2023-06-12 08:08:43,696] {scheduler_job.py:189} INFO - Processing /home/airflow/.local/lib/python3.6/site-packages/airflow/example_dags/example_dag_decorator.py took 0.192 seconds
[2023-06-12 08:09:13,867] {scheduler_job.py:181} INFO - Started process (PID=1881) to work on /home/airflow/.local/lib/python3.6/site-packages/airflow/example_dags/example_dag_decorator.py
[2023-06-12 08:09:13,869] {scheduler_job.py:632} INFO - Processing file /home/airflow/.local/lib/python3.6/site-packages/airflow/example_dags/example_dag_decorator.py for tasks to queue
[2023-06-12 08:09:13,869] {logging_mixin.py:104} INFO - [2023-06-12 08:09:13,869] {dagbag.py:496} INFO - Filling up the DagBag from /home/airflow/.local/lib/python3.6/site-packages/airflow/example_dags/example_dag_decorator.py
[2023-06-12 08:09:13,883] {scheduler_job.py:642} INFO - DAG(s) dict_keys(['example_dag_decorator']) retrieved from /home/airflow/.local/lib/python3.6/site-packages/airflow/example_dags/example_dag_decorator.py
[2023-06-12 08:09:14,030] {logging_mixin.py:104} INFO - [2023-06-12 08:09:14,030] {dag.py:1833} INFO - Sync 1 DAGs
[2023-06-12 08:09:14,041] {logging_mixin.py:104} INFO - [2023-06-12 08:09:14,041] {dag.py:2306} INFO - Setting next_dagrun for example_dag_decorator to None
[2023-06-12 08:09:14,052] {scheduler_job.py:189} INFO - Processing /home/airflow/.local/lib/python3.6/site-packages/airflow/example_dags/example_dag_decorator.py took 0.187 seconds
[2023-06-12 08:09:44,232] {scheduler_job.py:181} INFO - Started process (PID=1944) to work on /home/airflow/.local/lib/python3.6/site-packages/airflow/example_dags/example_dag_decorator.py
[2023-06-12 08:09:44,233] {scheduler_job.py:632} INFO - Processing file /home/airflow/.local/lib/python3.6/site-packages/airflow/example_dags/example_dag_decorator.py for tasks to queue
[2023-06-12 08:09:44,234] {logging_mixin.py:104} INFO - [2023-06-12 08:09:44,234] {dagbag.py:496} INFO - Filling up the DagBag from /home/airflow/.local/lib/python3.6/site-packages/airflow/example_dags/example_dag_decorator.py
[2023-06-12 08:09:44,247] {scheduler_job.py:642} INFO - DAG(s) dict_keys(['example_dag_decorator']) retrieved from /home/airflow/.local/lib/python3.6/site-packages/airflow/example_dags/example_dag_decorator.py
[2023-06-12 08:09:44,393] {logging_mixin.py:104} INFO - [2023-06-12 08:09:44,393] {dag.py:1833} INFO - Sync 1 DAGs
[2023-06-12 08:09:44,403] {logging_mixin.py:104} INFO - [2023-06-12 08:09:44,403] {dag.py:2306} INFO - Setting next_dagrun for example_dag_decorator to None
[2023-06-12 08:09:44,414] {scheduler_job.py:189} INFO - Processing /home/airflow/.local/lib/python3.6/site-packages/airflow/example_dags/example_dag_decorator.py took 0.185 seconds
[2023-06-12 08:10:14,658] {scheduler_job.py:181} INFO - Started process (PID=2006) to work on /home/airflow/.local/lib/python3.6/site-packages/airflow/example_dags/example_dag_decorator.py
[2023-06-12 08:10:14,659] {scheduler_job.py:632} INFO - Processing file /home/airflow/.local/lib/python3.6/site-packages/airflow/example_dags/example_dag_decorator.py for tasks to queue
[2023-06-12 08:10:14,659] {logging_mixin.py:104} INFO - [2023-06-12 08:10:14,659] {dagbag.py:496} INFO - Filling up the DagBag from /home/airflow/.local/lib/python3.6/site-packages/airflow/example_dags/example_dag_decorator.py
[2023-06-12 08:10:14,673] {scheduler_job.py:642} INFO - DAG(s) dict_keys(['example_dag_decorator']) retrieved from /home/airflow/.local/lib/python3.6/site-packages/airflow/example_dags/example_dag_decorator.py
[2023-06-12 08:10:14,823] {logging_mixin.py:104} INFO - [2023-06-12 08:10:14,823] {dag.py:1833} INFO - Sync 1 DAGs
[2023-06-12 08:10:14,833] {logging_mixin.py:104} INFO - [2023-06-12 08:10:14,833] {dag.py:2306} INFO - Setting next_dagrun for example_dag_decorator to None
[2023-06-12 08:10:14,843] {scheduler_job.py:189} INFO - Processing /home/airflow/.local/lib/python3.6/site-packages/airflow/example_dags/example_dag_decorator.py took 0.188 seconds
[2023-06-12 08:10:45,026] {scheduler_job.py:181} INFO - Started process (PID=2059) to work on /home/airflow/.local/lib/python3.6/site-packages/airflow/example_dags/example_dag_decorator.py
[2023-06-12 08:10:45,028] {scheduler_job.py:632} INFO - Processing file /home/airflow/.local/lib/python3.6/site-packages/airflow/example_dags/example_dag_decorator.py for tasks to queue
[2023-06-12 08:10:45,029] {logging_mixin.py:104} INFO - [2023-06-12 08:10:45,028] {dagbag.py:496} INFO - Filling up the DagBag from /home/airflow/.local/lib/python3.6/site-packages/airflow/example_dags/example_dag_decorator.py
[2023-06-12 08:10:45,042] {scheduler_job.py:642} INFO - DAG(s) dict_keys(['example_dag_decorator']) retrieved from /home/airflow/.local/lib/python3.6/site-packages/airflow/example_dags/example_dag_decorator.py
[2023-06-12 08:10:45,195] {logging_mixin.py:104} INFO - [2023-06-12 08:10:45,195] {dag.py:1833} INFO - Sync 1 DAGs
[2023-06-12 08:10:45,205] {logging_mixin.py:104} INFO - [2023-06-12 08:10:45,205] {dag.py:2306} INFO - Setting next_dagrun for example_dag_decorator to None
[2023-06-12 08:10:45,218] {scheduler_job.py:189} INFO - Processing /home/airflow/.local/lib/python3.6/site-packages/airflow/example_dags/example_dag_decorator.py took 0.195 seconds
[2023-06-12 08:11:15,487] {scheduler_job.py:181} INFO - Started process (PID=2122) to work on /home/airflow/.local/lib/python3.6/site-packages/airflow/example_dags/example_dag_decorator.py
[2023-06-12 08:11:15,488] {scheduler_job.py:632} INFO - Processing file /home/airflow/.local/lib/python3.6/site-packages/airflow/example_dags/example_dag_decorator.py for tasks to queue
[2023-06-12 08:11:15,489] {logging_mixin.py:104} INFO - [2023-06-12 08:11:15,489] {dagbag.py:496} INFO - Filling up the DagBag from /home/airflow/.local/lib/python3.6/site-packages/airflow/example_dags/example_dag_decorator.py
[2023-06-12 08:11:15,503] {scheduler_job.py:642} INFO - DAG(s) dict_keys(['example_dag_decorator']) retrieved from /home/airflow/.local/lib/python3.6/site-packages/airflow/example_dags/example_dag_decorator.py
[2023-06-12 08:11:15,652] {logging_mixin.py:104} INFO - [2023-06-12 08:11:15,651] {dag.py:1833} INFO - Sync 1 DAGs
[2023-06-12 08:11:15,662] {logging_mixin.py:104} INFO - [2023-06-12 08:11:15,662] {dag.py:2306} INFO - Setting next_dagrun for example_dag_decorator to None
[2023-06-12 08:11:15,672] {scheduler_job.py:189} INFO - Processing /home/airflow/.local/lib/python3.6/site-packages/airflow/example_dags/example_dag_decorator.py took 0.188 seconds
[2023-06-12 08:11:45,851] {scheduler_job.py:181} INFO - Started process (PID=2181) to work on /home/airflow/.local/lib/python3.6/site-packages/airflow/example_dags/example_dag_decorator.py
[2023-06-12 08:11:45,852] {scheduler_job.py:632} INFO - Processing file /home/airflow/.local/lib/python3.6/site-packages/airflow/example_dags/example_dag_decorator.py for tasks to queue
[2023-06-12 08:11:45,853] {logging_mixin.py:104} INFO - [2023-06-12 08:11:45,853] {dagbag.py:496} INFO - Filling up the DagBag from /home/airflow/.local/lib/python3.6/site-packages/airflow/example_dags/example_dag_decorator.py
[2023-06-12 08:11:45,868] {scheduler_job.py:642} INFO - DAG(s) dict_keys(['example_dag_decorator']) retrieved from /home/airflow/.local/lib/python3.6/site-packages/airflow/example_dags/example_dag_decorator.py
[2023-06-12 08:11:45,886] {logging_mixin.py:104} INFO - [2023-06-12 08:11:45,886] {dag.py:1833} INFO - Sync 1 DAGs
[2023-06-12 08:11:45,900] {logging_mixin.py:104} INFO - [2023-06-12 08:11:45,900] {dag.py:2306} INFO - Setting next_dagrun for example_dag_decorator to None
[2023-06-12 08:11:45,913] {scheduler_job.py:189} INFO - Processing /home/airflow/.local/lib/python3.6/site-packages/airflow/example_dags/example_dag_decorator.py took 0.065 seconds
[2023-06-12 08:12:16,239] {scheduler_job.py:181} INFO - Started process (PID=2235) to work on /home/airflow/.local/lib/python3.6/site-packages/airflow/example_dags/example_dag_decorator.py
[2023-06-12 08:12:16,240] {scheduler_job.py:632} INFO - Processing file /home/airflow/.local/lib/python3.6/site-packages/airflow/example_dags/example_dag_decorator.py for tasks to queue
[2023-06-12 08:12:16,240] {logging_mixin.py:104} INFO - [2023-06-12 08:12:16,240] {dagbag.py:496} INFO - Filling up the DagBag from /home/airflow/.local/lib/python3.6/site-packages/airflow/example_dags/example_dag_decorator.py
[2023-06-12 08:12:16,255] {scheduler_job.py:642} INFO - DAG(s) dict_keys(['example_dag_decorator']) retrieved from /home/airflow/.local/lib/python3.6/site-packages/airflow/example_dags/example_dag_decorator.py
[2023-06-12 08:12:16,410] {logging_mixin.py:104} INFO - [2023-06-12 08:12:16,409] {dag.py:1833} INFO - Sync 1 DAGs
[2023-06-12 08:12:16,420] {logging_mixin.py:104} INFO - [2023-06-12 08:12:16,420] {dag.py:2306} INFO - Setting next_dagrun for example_dag_decorator to None
[2023-06-12 08:12:16,430] {scheduler_job.py:189} INFO - Processing /home/airflow/.local/lib/python3.6/site-packages/airflow/example_dags/example_dag_decorator.py took 0.194 seconds
[2023-06-12 08:12:46,750] {scheduler_job.py:181} INFO - Started process (PID=2299) to work on /home/airflow/.local/lib/python3.6/site-packages/airflow/example_dags/example_dag_decorator.py
[2023-06-12 08:12:46,752] {scheduler_job.py:632} INFO - Processing file /home/airflow/.local/lib/python3.6/site-packages/airflow/example_dags/example_dag_decorator.py for tasks to queue
[2023-06-12 08:12:46,753] {logging_mixin.py:104} INFO - [2023-06-12 08:12:46,752] {dagbag.py:496} INFO - Filling up the DagBag from /home/airflow/.local/lib/python3.6/site-packages/airflow/example_dags/example_dag_decorator.py
[2023-06-12 08:12:46,768] {scheduler_job.py:642} INFO - DAG(s) dict_keys(['example_dag_decorator']) retrieved from /home/airflow/.local/lib/python3.6/site-packages/airflow/example_dags/example_dag_decorator.py
[2023-06-12 08:12:46,933] {logging_mixin.py:104} INFO - [2023-06-12 08:12:46,933] {dag.py:1833} INFO - Sync 1 DAGs
[2023-06-12 08:12:46,945] {logging_mixin.py:104} INFO - [2023-06-12 08:12:46,945] {dag.py:2306} INFO - Setting next_dagrun for example_dag_decorator to None
[2023-06-12 08:12:46,954] {scheduler_job.py:189} INFO - Processing /home/airflow/.local/lib/python3.6/site-packages/airflow/example_dags/example_dag_decorator.py took 0.206 seconds
