[2023-06-12 07:53:29,538] {scheduler_job.py:181} INFO - Started process (PID=72) to work on /home/airflow/.local/lib/python3.6/site-packages/airflow/example_dags/example_python_operator.py
[2023-06-12 07:53:29,540] {scheduler_job.py:632} INFO - Processing file /home/airflow/.local/lib/python3.6/site-packages/airflow/example_dags/example_python_operator.py for tasks to queue
[2023-06-12 07:53:29,542] {logging_mixin.py:104} INFO - [2023-06-12 07:53:29,542] {dagbag.py:496} INFO - Filling up the DagBag from /home/airflow/.local/lib/python3.6/site-packages/airflow/example_dags/example_python_operator.py
[2023-06-12 07:53:29,559] {scheduler_job.py:642} INFO - DAG(s) dict_keys(['example_python_operator']) retrieved from /home/airflow/.local/lib/python3.6/site-packages/airflow/example_dags/example_python_operator.py
[2023-06-12 07:53:29,828] {logging_mixin.py:104} INFO - [2023-06-12 07:53:29,827] {dag.py:1833} INFO - Sync 1 DAGs
[2023-06-12 07:53:29,847] {logging_mixin.py:104} INFO - [2023-06-12 07:53:29,847] {dag.py:2306} INFO - Setting next_dagrun for example_python_operator to None
[2023-06-12 07:53:29,862] {scheduler_job.py:189} INFO - Processing /home/airflow/.local/lib/python3.6/site-packages/airflow/example_dags/example_python_operator.py took 0.329 seconds
[2023-06-12 07:53:59,905] {scheduler_job.py:181} INFO - Started process (PID=125) to work on /home/airflow/.local/lib/python3.6/site-packages/airflow/example_dags/example_python_operator.py
[2023-06-12 07:53:59,907] {scheduler_job.py:632} INFO - Processing file /home/airflow/.local/lib/python3.6/site-packages/airflow/example_dags/example_python_operator.py for tasks to queue
[2023-06-12 07:53:59,908] {logging_mixin.py:104} INFO - [2023-06-12 07:53:59,907] {dagbag.py:496} INFO - Filling up the DagBag from /home/airflow/.local/lib/python3.6/site-packages/airflow/example_dags/example_python_operator.py
[2023-06-12 07:53:59,920] {scheduler_job.py:642} INFO - DAG(s) dict_keys(['example_python_operator']) retrieved from /home/airflow/.local/lib/python3.6/site-packages/airflow/example_dags/example_python_operator.py
[2023-06-12 07:53:59,941] {logging_mixin.py:104} INFO - [2023-06-12 07:53:59,941] {dag.py:1833} INFO - Sync 1 DAGs
[2023-06-12 07:53:59,959] {logging_mixin.py:104} INFO - [2023-06-12 07:53:59,959] {dag.py:2306} INFO - Setting next_dagrun for example_python_operator to None
[2023-06-12 07:53:59,970] {scheduler_job.py:189} INFO - Processing /home/airflow/.local/lib/python3.6/site-packages/airflow/example_dags/example_python_operator.py took 0.068 seconds
[2023-06-12 07:54:31,040] {scheduler_job.py:181} INFO - Started process (PID=188) to work on /home/airflow/.local/lib/python3.6/site-packages/airflow/example_dags/example_python_operator.py
[2023-06-12 07:54:31,041] {scheduler_job.py:632} INFO - Processing file /home/airflow/.local/lib/python3.6/site-packages/airflow/example_dags/example_python_operator.py for tasks to queue
[2023-06-12 07:54:31,042] {logging_mixin.py:104} INFO - [2023-06-12 07:54:31,041] {dagbag.py:496} INFO - Filling up the DagBag from /home/airflow/.local/lib/python3.6/site-packages/airflow/example_dags/example_python_operator.py
[2023-06-12 07:54:31,051] {scheduler_job.py:642} INFO - DAG(s) dict_keys(['example_python_operator']) retrieved from /home/airflow/.local/lib/python3.6/site-packages/airflow/example_dags/example_python_operator.py
[2023-06-12 07:54:31,067] {logging_mixin.py:104} INFO - [2023-06-12 07:54:31,067] {dag.py:1833} INFO - Sync 1 DAGs
[2023-06-12 07:54:31,078] {logging_mixin.py:104} INFO - [2023-06-12 07:54:31,078] {dag.py:2306} INFO - Setting next_dagrun for example_python_operator to None
[2023-06-12 07:54:31,087] {scheduler_job.py:189} INFO - Processing /home/airflow/.local/lib/python3.6/site-packages/airflow/example_dags/example_python_operator.py took 0.050 seconds
[2023-06-12 07:55:02,133] {scheduler_job.py:181} INFO - Started process (PID=248) to work on /home/airflow/.local/lib/python3.6/site-packages/airflow/example_dags/example_python_operator.py
[2023-06-12 07:55:02,134] {scheduler_job.py:632} INFO - Processing file /home/airflow/.local/lib/python3.6/site-packages/airflow/example_dags/example_python_operator.py for tasks to queue
[2023-06-12 07:55:02,135] {logging_mixin.py:104} INFO - [2023-06-12 07:55:02,135] {dagbag.py:496} INFO - Filling up the DagBag from /home/airflow/.local/lib/python3.6/site-packages/airflow/example_dags/example_python_operator.py
[2023-06-12 07:55:02,147] {scheduler_job.py:642} INFO - DAG(s) dict_keys(['example_python_operator']) retrieved from /home/airflow/.local/lib/python3.6/site-packages/airflow/example_dags/example_python_operator.py
[2023-06-12 07:55:02,169] {logging_mixin.py:104} INFO - [2023-06-12 07:55:02,169] {dag.py:1833} INFO - Sync 1 DAGs
[2023-06-12 07:55:02,183] {logging_mixin.py:104} INFO - [2023-06-12 07:55:02,183] {dag.py:2306} INFO - Setting next_dagrun for example_python_operator to None
[2023-06-12 07:55:02,193] {scheduler_job.py:189} INFO - Processing /home/airflow/.local/lib/python3.6/site-packages/airflow/example_dags/example_python_operator.py took 0.063 seconds
[2023-06-12 07:55:32,560] {scheduler_job.py:181} INFO - Started process (PID=304) to work on /home/airflow/.local/lib/python3.6/site-packages/airflow/example_dags/example_python_operator.py
[2023-06-12 07:55:32,561] {scheduler_job.py:632} INFO - Processing file /home/airflow/.local/lib/python3.6/site-packages/airflow/example_dags/example_python_operator.py for tasks to queue
[2023-06-12 07:55:32,561] {logging_mixin.py:104} INFO - [2023-06-12 07:55:32,561] {dagbag.py:496} INFO - Filling up the DagBag from /home/airflow/.local/lib/python3.6/site-packages/airflow/example_dags/example_python_operator.py
[2023-06-12 07:55:32,571] {scheduler_job.py:642} INFO - DAG(s) dict_keys(['example_python_operator']) retrieved from /home/airflow/.local/lib/python3.6/site-packages/airflow/example_dags/example_python_operator.py
[2023-06-12 07:55:32,589] {logging_mixin.py:104} INFO - [2023-06-12 07:55:32,589] {dag.py:1833} INFO - Sync 1 DAGs
[2023-06-12 07:55:32,601] {logging_mixin.py:104} INFO - [2023-06-12 07:55:32,601] {dag.py:2306} INFO - Setting next_dagrun for example_python_operator to None
[2023-06-12 07:55:32,612] {scheduler_job.py:189} INFO - Processing /home/airflow/.local/lib/python3.6/site-packages/airflow/example_dags/example_python_operator.py took 0.055 seconds
[2023-06-12 07:56:03,117] {scheduler_job.py:181} INFO - Started process (PID=367) to work on /home/airflow/.local/lib/python3.6/site-packages/airflow/example_dags/example_python_operator.py
[2023-06-12 07:56:03,118] {scheduler_job.py:632} INFO - Processing file /home/airflow/.local/lib/python3.6/site-packages/airflow/example_dags/example_python_operator.py for tasks to queue
[2023-06-12 07:56:03,119] {logging_mixin.py:104} INFO - [2023-06-12 07:56:03,119] {dagbag.py:496} INFO - Filling up the DagBag from /home/airflow/.local/lib/python3.6/site-packages/airflow/example_dags/example_python_operator.py
[2023-06-12 07:56:03,128] {scheduler_job.py:642} INFO - DAG(s) dict_keys(['example_python_operator']) retrieved from /home/airflow/.local/lib/python3.6/site-packages/airflow/example_dags/example_python_operator.py
[2023-06-12 07:56:03,144] {logging_mixin.py:104} INFO - [2023-06-12 07:56:03,144] {dag.py:1833} INFO - Sync 1 DAGs
[2023-06-12 07:56:03,156] {logging_mixin.py:104} INFO - [2023-06-12 07:56:03,156] {dag.py:2306} INFO - Setting next_dagrun for example_python_operator to None
[2023-06-12 07:56:03,165] {scheduler_job.py:189} INFO - Processing /home/airflow/.local/lib/python3.6/site-packages/airflow/example_dags/example_python_operator.py took 0.051 seconds
[2023-06-12 07:56:33,536] {scheduler_job.py:181} INFO - Started process (PID=420) to work on /home/airflow/.local/lib/python3.6/site-packages/airflow/example_dags/example_python_operator.py
[2023-06-12 07:56:33,537] {scheduler_job.py:632} INFO - Processing file /home/airflow/.local/lib/python3.6/site-packages/airflow/example_dags/example_python_operator.py for tasks to queue
[2023-06-12 07:56:33,538] {logging_mixin.py:104} INFO - [2023-06-12 07:56:33,538] {dagbag.py:496} INFO - Filling up the DagBag from /home/airflow/.local/lib/python3.6/site-packages/airflow/example_dags/example_python_operator.py
[2023-06-12 07:56:33,548] {scheduler_job.py:642} INFO - DAG(s) dict_keys(['example_python_operator']) retrieved from /home/airflow/.local/lib/python3.6/site-packages/airflow/example_dags/example_python_operator.py
[2023-06-12 07:56:33,563] {logging_mixin.py:104} INFO - [2023-06-12 07:56:33,563] {dag.py:1833} INFO - Sync 1 DAGs
[2023-06-12 07:56:33,575] {logging_mixin.py:104} INFO - [2023-06-12 07:56:33,575] {dag.py:2306} INFO - Setting next_dagrun for example_python_operator to None
[2023-06-12 07:56:33,584] {scheduler_job.py:189} INFO - Processing /home/airflow/.local/lib/python3.6/site-packages/airflow/example_dags/example_python_operator.py took 0.051 seconds
[2023-06-12 07:57:04,581] {scheduler_job.py:181} INFO - Started process (PID=483) to work on /home/airflow/.local/lib/python3.6/site-packages/airflow/example_dags/example_python_operator.py
[2023-06-12 07:57:04,582] {scheduler_job.py:632} INFO - Processing file /home/airflow/.local/lib/python3.6/site-packages/airflow/example_dags/example_python_operator.py for tasks to queue
[2023-06-12 07:57:04,583] {logging_mixin.py:104} INFO - [2023-06-12 07:57:04,583] {dagbag.py:496} INFO - Filling up the DagBag from /home/airflow/.local/lib/python3.6/site-packages/airflow/example_dags/example_python_operator.py
[2023-06-12 07:57:04,595] {scheduler_job.py:642} INFO - DAG(s) dict_keys(['example_python_operator']) retrieved from /home/airflow/.local/lib/python3.6/site-packages/airflow/example_dags/example_python_operator.py
[2023-06-12 07:57:04,613] {logging_mixin.py:104} INFO - [2023-06-12 07:57:04,613] {dag.py:1833} INFO - Sync 1 DAGs
[2023-06-12 07:57:04,627] {logging_mixin.py:104} INFO - [2023-06-12 07:57:04,627] {dag.py:2306} INFO - Setting next_dagrun for example_python_operator to None
[2023-06-12 07:57:04,636] {scheduler_job.py:189} INFO - Processing /home/airflow/.local/lib/python3.6/site-packages/airflow/example_dags/example_python_operator.py took 0.058 seconds
[2023-06-12 07:57:35,549] {scheduler_job.py:181} INFO - Started process (PID=546) to work on /home/airflow/.local/lib/python3.6/site-packages/airflow/example_dags/example_python_operator.py
[2023-06-12 07:57:35,550] {scheduler_job.py:632} INFO - Processing file /home/airflow/.local/lib/python3.6/site-packages/airflow/example_dags/example_python_operator.py for tasks to queue
[2023-06-12 07:57:35,551] {logging_mixin.py:104} INFO - [2023-06-12 07:57:35,551] {dagbag.py:496} INFO - Filling up the DagBag from /home/airflow/.local/lib/python3.6/site-packages/airflow/example_dags/example_python_operator.py
[2023-06-12 07:57:35,563] {scheduler_job.py:642} INFO - DAG(s) dict_keys(['example_python_operator']) retrieved from /home/airflow/.local/lib/python3.6/site-packages/airflow/example_dags/example_python_operator.py
[2023-06-12 07:57:35,582] {logging_mixin.py:104} INFO - [2023-06-12 07:57:35,582] {dag.py:1833} INFO - Sync 1 DAGs
[2023-06-12 07:57:35,599] {logging_mixin.py:104} INFO - [2023-06-12 07:57:35,598] {dag.py:2306} INFO - Setting next_dagrun for example_python_operator to None
[2023-06-12 07:57:35,609] {scheduler_job.py:189} INFO - Processing /home/airflow/.local/lib/python3.6/site-packages/airflow/example_dags/example_python_operator.py took 0.063 seconds
[2023-06-12 07:58:05,797] {scheduler_job.py:181} INFO - Started process (PID=599) to work on /home/airflow/.local/lib/python3.6/site-packages/airflow/example_dags/example_python_operator.py
[2023-06-12 07:58:05,798] {scheduler_job.py:632} INFO - Processing file /home/airflow/.local/lib/python3.6/site-packages/airflow/example_dags/example_python_operator.py for tasks to queue
[2023-06-12 07:58:05,799] {logging_mixin.py:104} INFO - [2023-06-12 07:58:05,799] {dagbag.py:496} INFO - Filling up the DagBag from /home/airflow/.local/lib/python3.6/site-packages/airflow/example_dags/example_python_operator.py
[2023-06-12 07:58:05,809] {scheduler_job.py:642} INFO - DAG(s) dict_keys(['example_python_operator']) retrieved from /home/airflow/.local/lib/python3.6/site-packages/airflow/example_dags/example_python_operator.py
[2023-06-12 07:58:05,827] {logging_mixin.py:104} INFO - [2023-06-12 07:58:05,827] {dag.py:1833} INFO - Sync 1 DAGs
[2023-06-12 07:58:05,840] {logging_mixin.py:104} INFO - [2023-06-12 07:58:05,840] {dag.py:2306} INFO - Setting next_dagrun for example_python_operator to None
[2023-06-12 07:58:05,849] {scheduler_job.py:189} INFO - Processing /home/airflow/.local/lib/python3.6/site-packages/airflow/example_dags/example_python_operator.py took 0.055 seconds
[2023-06-12 07:58:35,923] {scheduler_job.py:181} INFO - Started process (PID=661) to work on /home/airflow/.local/lib/python3.6/site-packages/airflow/example_dags/example_python_operator.py
[2023-06-12 07:58:35,924] {scheduler_job.py:632} INFO - Processing file /home/airflow/.local/lib/python3.6/site-packages/airflow/example_dags/example_python_operator.py for tasks to queue
[2023-06-12 07:58:35,925] {logging_mixin.py:104} INFO - [2023-06-12 07:58:35,925] {dagbag.py:496} INFO - Filling up the DagBag from /home/airflow/.local/lib/python3.6/site-packages/airflow/example_dags/example_python_operator.py
[2023-06-12 07:58:35,935] {scheduler_job.py:642} INFO - DAG(s) dict_keys(['example_python_operator']) retrieved from /home/airflow/.local/lib/python3.6/site-packages/airflow/example_dags/example_python_operator.py
[2023-06-12 07:58:35,952] {logging_mixin.py:104} INFO - [2023-06-12 07:58:35,951] {dag.py:1833} INFO - Sync 1 DAGs
[2023-06-12 07:58:35,964] {logging_mixin.py:104} INFO - [2023-06-12 07:58:35,964] {dag.py:2306} INFO - Setting next_dagrun for example_python_operator to None
[2023-06-12 07:58:35,973] {scheduler_job.py:189} INFO - Processing /home/airflow/.local/lib/python3.6/site-packages/airflow/example_dags/example_python_operator.py took 0.053 seconds
[2023-06-12 07:59:07,132] {scheduler_job.py:181} INFO - Started process (PID=724) to work on /home/airflow/.local/lib/python3.6/site-packages/airflow/example_dags/example_python_operator.py
[2023-06-12 07:59:07,133] {scheduler_job.py:632} INFO - Processing file /home/airflow/.local/lib/python3.6/site-packages/airflow/example_dags/example_python_operator.py for tasks to queue
[2023-06-12 07:59:07,134] {logging_mixin.py:104} INFO - [2023-06-12 07:59:07,134] {dagbag.py:496} INFO - Filling up the DagBag from /home/airflow/.local/lib/python3.6/site-packages/airflow/example_dags/example_python_operator.py
[2023-06-12 07:59:07,146] {scheduler_job.py:642} INFO - DAG(s) dict_keys(['example_python_operator']) retrieved from /home/airflow/.local/lib/python3.6/site-packages/airflow/example_dags/example_python_operator.py
[2023-06-12 07:59:07,164] {logging_mixin.py:104} INFO - [2023-06-12 07:59:07,164] {dag.py:1833} INFO - Sync 1 DAGs
[2023-06-12 07:59:07,179] {logging_mixin.py:104} INFO - [2023-06-12 07:59:07,179] {dag.py:2306} INFO - Setting next_dagrun for example_python_operator to None
[2023-06-12 07:59:07,188] {scheduler_job.py:189} INFO - Processing /home/airflow/.local/lib/python3.6/site-packages/airflow/example_dags/example_python_operator.py took 0.058 seconds
[2023-06-12 07:59:37,968] {scheduler_job.py:181} INFO - Started process (PID=778) to work on /home/airflow/.local/lib/python3.6/site-packages/airflow/example_dags/example_python_operator.py
[2023-06-12 07:59:37,970] {scheduler_job.py:632} INFO - Processing file /home/airflow/.local/lib/python3.6/site-packages/airflow/example_dags/example_python_operator.py for tasks to queue
[2023-06-12 07:59:37,970] {logging_mixin.py:104} INFO - [2023-06-12 07:59:37,970] {dagbag.py:496} INFO - Filling up the DagBag from /home/airflow/.local/lib/python3.6/site-packages/airflow/example_dags/example_python_operator.py
[2023-06-12 07:59:37,981] {scheduler_job.py:642} INFO - DAG(s) dict_keys(['example_python_operator']) retrieved from /home/airflow/.local/lib/python3.6/site-packages/airflow/example_dags/example_python_operator.py
[2023-06-12 07:59:37,998] {logging_mixin.py:104} INFO - [2023-06-12 07:59:37,998] {dag.py:1833} INFO - Sync 1 DAGs
[2023-06-12 07:59:38,013] {logging_mixin.py:104} INFO - [2023-06-12 07:59:38,013] {dag.py:2306} INFO - Setting next_dagrun for example_python_operator to None
[2023-06-12 07:59:38,022] {scheduler_job.py:189} INFO - Processing /home/airflow/.local/lib/python3.6/site-packages/airflow/example_dags/example_python_operator.py took 0.057 seconds
[2023-06-12 08:00:08,989] {scheduler_job.py:181} INFO - Started process (PID=841) to work on /home/airflow/.local/lib/python3.6/site-packages/airflow/example_dags/example_python_operator.py
[2023-06-12 08:00:08,991] {scheduler_job.py:632} INFO - Processing file /home/airflow/.local/lib/python3.6/site-packages/airflow/example_dags/example_python_operator.py for tasks to queue
[2023-06-12 08:00:08,991] {logging_mixin.py:104} INFO - [2023-06-12 08:00:08,991] {dagbag.py:496} INFO - Filling up the DagBag from /home/airflow/.local/lib/python3.6/site-packages/airflow/example_dags/example_python_operator.py
[2023-06-12 08:00:09,001] {scheduler_job.py:642} INFO - DAG(s) dict_keys(['example_python_operator']) retrieved from /home/airflow/.local/lib/python3.6/site-packages/airflow/example_dags/example_python_operator.py
[2023-06-12 08:00:09,018] {logging_mixin.py:104} INFO - [2023-06-12 08:00:09,018] {dag.py:1833} INFO - Sync 1 DAGs
[2023-06-12 08:00:09,030] {logging_mixin.py:104} INFO - [2023-06-12 08:00:09,030] {dag.py:2306} INFO - Setting next_dagrun for example_python_operator to None
[2023-06-12 08:00:09,039] {scheduler_job.py:189} INFO - Processing /home/airflow/.local/lib/python3.6/site-packages/airflow/example_dags/example_python_operator.py took 0.053 seconds
[2023-06-12 08:00:40,046] {scheduler_job.py:181} INFO - Started process (PID=894) to work on /home/airflow/.local/lib/python3.6/site-packages/airflow/example_dags/example_python_operator.py
[2023-06-12 08:00:40,047] {scheduler_job.py:632} INFO - Processing file /home/airflow/.local/lib/python3.6/site-packages/airflow/example_dags/example_python_operator.py for tasks to queue
[2023-06-12 08:00:40,048] {logging_mixin.py:104} INFO - [2023-06-12 08:00:40,048] {dagbag.py:496} INFO - Filling up the DagBag from /home/airflow/.local/lib/python3.6/site-packages/airflow/example_dags/example_python_operator.py
[2023-06-12 08:00:40,058] {scheduler_job.py:642} INFO - DAG(s) dict_keys(['example_python_operator']) retrieved from /home/airflow/.local/lib/python3.6/site-packages/airflow/example_dags/example_python_operator.py
[2023-06-12 08:00:40,074] {logging_mixin.py:104} INFO - [2023-06-12 08:00:40,074] {dag.py:1833} INFO - Sync 1 DAGs
[2023-06-12 08:00:40,086] {logging_mixin.py:104} INFO - [2023-06-12 08:00:40,086] {dag.py:2306} INFO - Setting next_dagrun for example_python_operator to None
[2023-06-12 08:00:40,097] {scheduler_job.py:189} INFO - Processing /home/airflow/.local/lib/python3.6/site-packages/airflow/example_dags/example_python_operator.py took 0.054 seconds
[2023-06-12 08:01:10,908] {scheduler_job.py:181} INFO - Started process (PID=957) to work on /home/airflow/.local/lib/python3.6/site-packages/airflow/example_dags/example_python_operator.py
[2023-06-12 08:01:10,909] {scheduler_job.py:632} INFO - Processing file /home/airflow/.local/lib/python3.6/site-packages/airflow/example_dags/example_python_operator.py for tasks to queue
[2023-06-12 08:01:10,910] {logging_mixin.py:104} INFO - [2023-06-12 08:01:10,910] {dagbag.py:496} INFO - Filling up the DagBag from /home/airflow/.local/lib/python3.6/site-packages/airflow/example_dags/example_python_operator.py
[2023-06-12 08:01:10,921] {scheduler_job.py:642} INFO - DAG(s) dict_keys(['example_python_operator']) retrieved from /home/airflow/.local/lib/python3.6/site-packages/airflow/example_dags/example_python_operator.py
[2023-06-12 08:01:10,941] {logging_mixin.py:104} INFO - [2023-06-12 08:01:10,941] {dag.py:1833} INFO - Sync 1 DAGs
[2023-06-12 08:01:10,956] {logging_mixin.py:104} INFO - [2023-06-12 08:01:10,956] {dag.py:2306} INFO - Setting next_dagrun for example_python_operator to None
[2023-06-12 08:01:10,967] {scheduler_job.py:189} INFO - Processing /home/airflow/.local/lib/python3.6/site-packages/airflow/example_dags/example_python_operator.py took 0.061 seconds
[2023-06-12 08:01:41,007] {scheduler_job.py:181} INFO - Started process (PID=1020) to work on /home/airflow/.local/lib/python3.6/site-packages/airflow/example_dags/example_python_operator.py
[2023-06-12 08:01:41,008] {scheduler_job.py:632} INFO - Processing file /home/airflow/.local/lib/python3.6/site-packages/airflow/example_dags/example_python_operator.py for tasks to queue
[2023-06-12 08:01:41,009] {logging_mixin.py:104} INFO - [2023-06-12 08:01:41,009] {dagbag.py:496} INFO - Filling up the DagBag from /home/airflow/.local/lib/python3.6/site-packages/airflow/example_dags/example_python_operator.py
[2023-06-12 08:01:41,019] {scheduler_job.py:642} INFO - DAG(s) dict_keys(['example_python_operator']) retrieved from /home/airflow/.local/lib/python3.6/site-packages/airflow/example_dags/example_python_operator.py
[2023-06-12 08:01:41,035] {logging_mixin.py:104} INFO - [2023-06-12 08:01:41,035] {dag.py:1833} INFO - Sync 1 DAGs
[2023-06-12 08:01:41,048] {logging_mixin.py:104} INFO - [2023-06-12 08:01:41,047] {dag.py:2306} INFO - Setting next_dagrun for example_python_operator to None
[2023-06-12 08:01:41,058] {scheduler_job.py:189} INFO - Processing /home/airflow/.local/lib/python3.6/site-packages/airflow/example_dags/example_python_operator.py took 0.054 seconds
[2023-06-12 08:02:11,151] {scheduler_job.py:181} INFO - Started process (PID=1073) to work on /home/airflow/.local/lib/python3.6/site-packages/airflow/example_dags/example_python_operator.py
[2023-06-12 08:02:11,152] {scheduler_job.py:632} INFO - Processing file /home/airflow/.local/lib/python3.6/site-packages/airflow/example_dags/example_python_operator.py for tasks to queue
[2023-06-12 08:02:11,154] {logging_mixin.py:104} INFO - [2023-06-12 08:02:11,153] {dagbag.py:496} INFO - Filling up the DagBag from /home/airflow/.local/lib/python3.6/site-packages/airflow/example_dags/example_python_operator.py
[2023-06-12 08:02:11,167] {scheduler_job.py:642} INFO - DAG(s) dict_keys(['example_python_operator']) retrieved from /home/airflow/.local/lib/python3.6/site-packages/airflow/example_dags/example_python_operator.py
[2023-06-12 08:02:11,190] {logging_mixin.py:104} INFO - [2023-06-12 08:02:11,189] {dag.py:1833} INFO - Sync 1 DAGs
[2023-06-12 08:02:11,207] {logging_mixin.py:104} INFO - [2023-06-12 08:02:11,206] {dag.py:2306} INFO - Setting next_dagrun for example_python_operator to None
[2023-06-12 08:02:11,219] {scheduler_job.py:189} INFO - Processing /home/airflow/.local/lib/python3.6/site-packages/airflow/example_dags/example_python_operator.py took 0.072 seconds
[2023-06-12 08:02:41,597] {scheduler_job.py:181} INFO - Started process (PID=1136) to work on /home/airflow/.local/lib/python3.6/site-packages/airflow/example_dags/example_python_operator.py
[2023-06-12 08:02:41,598] {scheduler_job.py:632} INFO - Processing file /home/airflow/.local/lib/python3.6/site-packages/airflow/example_dags/example_python_operator.py for tasks to queue
[2023-06-12 08:02:41,599] {logging_mixin.py:104} INFO - [2023-06-12 08:02:41,598] {dagbag.py:496} INFO - Filling up the DagBag from /home/airflow/.local/lib/python3.6/site-packages/airflow/example_dags/example_python_operator.py
[2023-06-12 08:02:41,608] {scheduler_job.py:642} INFO - DAG(s) dict_keys(['example_python_operator']) retrieved from /home/airflow/.local/lib/python3.6/site-packages/airflow/example_dags/example_python_operator.py
[2023-06-12 08:02:41,626] {logging_mixin.py:104} INFO - [2023-06-12 08:02:41,626] {dag.py:1833} INFO - Sync 1 DAGs
[2023-06-12 08:02:41,637] {logging_mixin.py:104} INFO - [2023-06-12 08:02:41,637] {dag.py:2306} INFO - Setting next_dagrun for example_python_operator to None
[2023-06-12 08:02:41,646] {scheduler_job.py:189} INFO - Processing /home/airflow/.local/lib/python3.6/site-packages/airflow/example_dags/example_python_operator.py took 0.052 seconds
[2023-06-12 08:03:11,955] {scheduler_job.py:181} INFO - Started process (PID=1189) to work on /home/airflow/.local/lib/python3.6/site-packages/airflow/example_dags/example_python_operator.py
[2023-06-12 08:03:11,957] {scheduler_job.py:632} INFO - Processing file /home/airflow/.local/lib/python3.6/site-packages/airflow/example_dags/example_python_operator.py for tasks to queue
[2023-06-12 08:03:11,958] {logging_mixin.py:104} INFO - [2023-06-12 08:03:11,958] {dagbag.py:496} INFO - Filling up the DagBag from /home/airflow/.local/lib/python3.6/site-packages/airflow/example_dags/example_python_operator.py
[2023-06-12 08:03:11,970] {scheduler_job.py:642} INFO - DAG(s) dict_keys(['example_python_operator']) retrieved from /home/airflow/.local/lib/python3.6/site-packages/airflow/example_dags/example_python_operator.py
[2023-06-12 08:03:11,990] {logging_mixin.py:104} INFO - [2023-06-12 08:03:11,990] {dag.py:1833} INFO - Sync 1 DAGs
[2023-06-12 08:03:12,004] {logging_mixin.py:104} INFO - [2023-06-12 08:03:12,004] {dag.py:2306} INFO - Setting next_dagrun for example_python_operator to None
[2023-06-12 08:03:12,014] {scheduler_job.py:189} INFO - Processing /home/airflow/.local/lib/python3.6/site-packages/airflow/example_dags/example_python_operator.py took 0.062 seconds
[2023-06-12 08:03:42,315] {scheduler_job.py:181} INFO - Started process (PID=1252) to work on /home/airflow/.local/lib/python3.6/site-packages/airflow/example_dags/example_python_operator.py
[2023-06-12 08:03:42,317] {scheduler_job.py:632} INFO - Processing file /home/airflow/.local/lib/python3.6/site-packages/airflow/example_dags/example_python_operator.py for tasks to queue
[2023-06-12 08:03:42,318] {logging_mixin.py:104} INFO - [2023-06-12 08:03:42,318] {dagbag.py:496} INFO - Filling up the DagBag from /home/airflow/.local/lib/python3.6/site-packages/airflow/example_dags/example_python_operator.py
[2023-06-12 08:03:42,331] {scheduler_job.py:642} INFO - DAG(s) dict_keys(['example_python_operator']) retrieved from /home/airflow/.local/lib/python3.6/site-packages/airflow/example_dags/example_python_operator.py
[2023-06-12 08:03:42,349] {logging_mixin.py:104} INFO - [2023-06-12 08:03:42,349] {dag.py:1833} INFO - Sync 1 DAGs
[2023-06-12 08:03:42,361] {logging_mixin.py:104} INFO - [2023-06-12 08:03:42,361] {dag.py:2306} INFO - Setting next_dagrun for example_python_operator to None
[2023-06-12 08:03:42,372] {scheduler_job.py:189} INFO - Processing /home/airflow/.local/lib/python3.6/site-packages/airflow/example_dags/example_python_operator.py took 0.060 seconds
[2023-06-12 08:04:12,678] {scheduler_job.py:181} INFO - Started process (PID=1316) to work on /home/airflow/.local/lib/python3.6/site-packages/airflow/example_dags/example_python_operator.py
[2023-06-12 08:04:12,679] {scheduler_job.py:632} INFO - Processing file /home/airflow/.local/lib/python3.6/site-packages/airflow/example_dags/example_python_operator.py for tasks to queue
[2023-06-12 08:04:12,679] {logging_mixin.py:104} INFO - [2023-06-12 08:04:12,679] {dagbag.py:496} INFO - Filling up the DagBag from /home/airflow/.local/lib/python3.6/site-packages/airflow/example_dags/example_python_operator.py
[2023-06-12 08:04:12,691] {scheduler_job.py:642} INFO - DAG(s) dict_keys(['example_python_operator']) retrieved from /home/airflow/.local/lib/python3.6/site-packages/airflow/example_dags/example_python_operator.py
[2023-06-12 08:04:12,708] {logging_mixin.py:104} INFO - [2023-06-12 08:04:12,708] {dag.py:1833} INFO - Sync 1 DAGs
[2023-06-12 08:04:12,721] {logging_mixin.py:104} INFO - [2023-06-12 08:04:12,721] {dag.py:2306} INFO - Setting next_dagrun for example_python_operator to None
[2023-06-12 08:04:12,730] {scheduler_job.py:189} INFO - Processing /home/airflow/.local/lib/python3.6/site-packages/airflow/example_dags/example_python_operator.py took 0.055 seconds
[2023-06-12 08:04:43,106] {scheduler_job.py:181} INFO - Started process (PID=1369) to work on /home/airflow/.local/lib/python3.6/site-packages/airflow/example_dags/example_python_operator.py
[2023-06-12 08:04:43,107] {scheduler_job.py:632} INFO - Processing file /home/airflow/.local/lib/python3.6/site-packages/airflow/example_dags/example_python_operator.py for tasks to queue
[2023-06-12 08:04:43,108] {logging_mixin.py:104} INFO - [2023-06-12 08:04:43,108] {dagbag.py:496} INFO - Filling up the DagBag from /home/airflow/.local/lib/python3.6/site-packages/airflow/example_dags/example_python_operator.py
[2023-06-12 08:04:43,119] {scheduler_job.py:642} INFO - DAG(s) dict_keys(['example_python_operator']) retrieved from /home/airflow/.local/lib/python3.6/site-packages/airflow/example_dags/example_python_operator.py
[2023-06-12 08:04:43,136] {logging_mixin.py:104} INFO - [2023-06-12 08:04:43,136] {dag.py:1833} INFO - Sync 1 DAGs
[2023-06-12 08:04:43,148] {logging_mixin.py:104} INFO - [2023-06-12 08:04:43,148] {dag.py:2306} INFO - Setting next_dagrun for example_python_operator to None
[2023-06-12 08:04:43,157] {scheduler_job.py:189} INFO - Processing /home/airflow/.local/lib/python3.6/site-packages/airflow/example_dags/example_python_operator.py took 0.054 seconds
[2023-06-12 08:05:13,518] {scheduler_job.py:181} INFO - Started process (PID=1432) to work on /home/airflow/.local/lib/python3.6/site-packages/airflow/example_dags/example_python_operator.py
[2023-06-12 08:05:13,520] {scheduler_job.py:632} INFO - Processing file /home/airflow/.local/lib/python3.6/site-packages/airflow/example_dags/example_python_operator.py for tasks to queue
[2023-06-12 08:05:13,521] {logging_mixin.py:104} INFO - [2023-06-12 08:05:13,520] {dagbag.py:496} INFO - Filling up the DagBag from /home/airflow/.local/lib/python3.6/site-packages/airflow/example_dags/example_python_operator.py
[2023-06-12 08:05:13,532] {scheduler_job.py:642} INFO - DAG(s) dict_keys(['example_python_operator']) retrieved from /home/airflow/.local/lib/python3.6/site-packages/airflow/example_dags/example_python_operator.py
[2023-06-12 08:05:13,549] {logging_mixin.py:104} INFO - [2023-06-12 08:05:13,549] {dag.py:1833} INFO - Sync 1 DAGs
[2023-06-12 08:05:13,561] {logging_mixin.py:104} INFO - [2023-06-12 08:05:13,561] {dag.py:2306} INFO - Setting next_dagrun for example_python_operator to None
[2023-06-12 08:05:13,571] {scheduler_job.py:189} INFO - Processing /home/airflow/.local/lib/python3.6/site-packages/airflow/example_dags/example_python_operator.py took 0.055 seconds
[2023-06-12 08:05:44,713] {scheduler_job.py:181} INFO - Started process (PID=1486) to work on /home/airflow/.local/lib/python3.6/site-packages/airflow/example_dags/example_python_operator.py
[2023-06-12 08:05:44,715] {scheduler_job.py:632} INFO - Processing file /home/airflow/.local/lib/python3.6/site-packages/airflow/example_dags/example_python_operator.py for tasks to queue
[2023-06-12 08:05:44,716] {logging_mixin.py:104} INFO - [2023-06-12 08:05:44,716] {dagbag.py:496} INFO - Filling up the DagBag from /home/airflow/.local/lib/python3.6/site-packages/airflow/example_dags/example_python_operator.py
[2023-06-12 08:05:44,730] {scheduler_job.py:642} INFO - DAG(s) dict_keys(['example_python_operator']) retrieved from /home/airflow/.local/lib/python3.6/site-packages/airflow/example_dags/example_python_operator.py
[2023-06-12 08:05:44,806] {logging_mixin.py:104} INFO - [2023-06-12 08:05:44,805] {dag.py:1833} INFO - Sync 1 DAGs
[2023-06-12 08:05:44,821] {logging_mixin.py:104} INFO - [2023-06-12 08:05:44,821] {dag.py:2306} INFO - Setting next_dagrun for example_python_operator to None
[2023-06-12 08:05:44,833] {scheduler_job.py:189} INFO - Processing /home/airflow/.local/lib/python3.6/site-packages/airflow/example_dags/example_python_operator.py took 0.123 seconds
[2023-06-12 08:06:15,288] {scheduler_job.py:181} INFO - Started process (PID=1549) to work on /home/airflow/.local/lib/python3.6/site-packages/airflow/example_dags/example_python_operator.py
[2023-06-12 08:06:15,289] {scheduler_job.py:632} INFO - Processing file /home/airflow/.local/lib/python3.6/site-packages/airflow/example_dags/example_python_operator.py for tasks to queue
[2023-06-12 08:06:15,290] {logging_mixin.py:104} INFO - [2023-06-12 08:06:15,290] {dagbag.py:496} INFO - Filling up the DagBag from /home/airflow/.local/lib/python3.6/site-packages/airflow/example_dags/example_python_operator.py
[2023-06-12 08:06:15,302] {scheduler_job.py:642} INFO - DAG(s) dict_keys(['example_python_operator']) retrieved from /home/airflow/.local/lib/python3.6/site-packages/airflow/example_dags/example_python_operator.py
[2023-06-12 08:06:15,318] {logging_mixin.py:104} INFO - [2023-06-12 08:06:15,318] {dag.py:1833} INFO - Sync 1 DAGs
[2023-06-12 08:06:15,329] {logging_mixin.py:104} INFO - [2023-06-12 08:06:15,329] {dag.py:2306} INFO - Setting next_dagrun for example_python_operator to None
[2023-06-12 08:06:15,338] {scheduler_job.py:189} INFO - Processing /home/airflow/.local/lib/python3.6/site-packages/airflow/example_dags/example_python_operator.py took 0.053 seconds
[2023-06-12 08:06:45,473] {scheduler_job.py:181} INFO - Started process (PID=1612) to work on /home/airflow/.local/lib/python3.6/site-packages/airflow/example_dags/example_python_operator.py
[2023-06-12 08:06:45,474] {scheduler_job.py:632} INFO - Processing file /home/airflow/.local/lib/python3.6/site-packages/airflow/example_dags/example_python_operator.py for tasks to queue
[2023-06-12 08:06:45,475] {logging_mixin.py:104} INFO - [2023-06-12 08:06:45,475] {dagbag.py:496} INFO - Filling up the DagBag from /home/airflow/.local/lib/python3.6/site-packages/airflow/example_dags/example_python_operator.py
[2023-06-12 08:06:45,486] {scheduler_job.py:642} INFO - DAG(s) dict_keys(['example_python_operator']) retrieved from /home/airflow/.local/lib/python3.6/site-packages/airflow/example_dags/example_python_operator.py
[2023-06-12 08:06:45,502] {logging_mixin.py:104} INFO - [2023-06-12 08:06:45,502] {dag.py:1833} INFO - Sync 1 DAGs
[2023-06-12 08:06:45,513] {logging_mixin.py:104} INFO - [2023-06-12 08:06:45,513] {dag.py:2306} INFO - Setting next_dagrun for example_python_operator to None
[2023-06-12 08:06:45,522] {scheduler_job.py:189} INFO - Processing /home/airflow/.local/lib/python3.6/site-packages/airflow/example_dags/example_python_operator.py took 0.051 seconds
[2023-06-12 08:07:16,357] {scheduler_job.py:181} INFO - Started process (PID=1665) to work on /home/airflow/.local/lib/python3.6/site-packages/airflow/example_dags/example_python_operator.py
[2023-06-12 08:07:16,358] {scheduler_job.py:632} INFO - Processing file /home/airflow/.local/lib/python3.6/site-packages/airflow/example_dags/example_python_operator.py for tasks to queue
[2023-06-12 08:07:16,359] {logging_mixin.py:104} INFO - [2023-06-12 08:07:16,359] {dagbag.py:496} INFO - Filling up the DagBag from /home/airflow/.local/lib/python3.6/site-packages/airflow/example_dags/example_python_operator.py
[2023-06-12 08:07:16,371] {scheduler_job.py:642} INFO - DAG(s) dict_keys(['example_python_operator']) retrieved from /home/airflow/.local/lib/python3.6/site-packages/airflow/example_dags/example_python_operator.py
[2023-06-12 08:07:16,388] {logging_mixin.py:104} INFO - [2023-06-12 08:07:16,388] {dag.py:1833} INFO - Sync 1 DAGs
[2023-06-12 08:07:16,400] {logging_mixin.py:104} INFO - [2023-06-12 08:07:16,399] {dag.py:2306} INFO - Setting next_dagrun for example_python_operator to None
[2023-06-12 08:07:16,408] {scheduler_job.py:189} INFO - Processing /home/airflow/.local/lib/python3.6/site-packages/airflow/example_dags/example_python_operator.py took 0.054 seconds
[2023-06-12 08:07:46,783] {scheduler_job.py:181} INFO - Started process (PID=1728) to work on /home/airflow/.local/lib/python3.6/site-packages/airflow/example_dags/example_python_operator.py
[2023-06-12 08:07:46,785] {scheduler_job.py:632} INFO - Processing file /home/airflow/.local/lib/python3.6/site-packages/airflow/example_dags/example_python_operator.py for tasks to queue
[2023-06-12 08:07:46,786] {logging_mixin.py:104} INFO - [2023-06-12 08:07:46,786] {dagbag.py:496} INFO - Filling up the DagBag from /home/airflow/.local/lib/python3.6/site-packages/airflow/example_dags/example_python_operator.py
[2023-06-12 08:07:46,804] {scheduler_job.py:642} INFO - DAG(s) dict_keys(['example_python_operator']) retrieved from /home/airflow/.local/lib/python3.6/site-packages/airflow/example_dags/example_python_operator.py
[2023-06-12 08:07:46,831] {logging_mixin.py:104} INFO - [2023-06-12 08:07:46,831] {dag.py:1833} INFO - Sync 1 DAGs
[2023-06-12 08:07:46,863] {logging_mixin.py:104} INFO - [2023-06-12 08:07:46,863] {dag.py:2306} INFO - Setting next_dagrun for example_python_operator to None
[2023-06-12 08:07:46,876] {scheduler_job.py:189} INFO - Processing /home/airflow/.local/lib/python3.6/site-packages/airflow/example_dags/example_python_operator.py took 0.097 seconds
[2023-06-12 08:08:17,087] {scheduler_job.py:181} INFO - Started process (PID=1790) to work on /home/airflow/.local/lib/python3.6/site-packages/airflow/example_dags/example_python_operator.py
[2023-06-12 08:08:17,089] {scheduler_job.py:632} INFO - Processing file /home/airflow/.local/lib/python3.6/site-packages/airflow/example_dags/example_python_operator.py for tasks to queue
[2023-06-12 08:08:17,090] {logging_mixin.py:104} INFO - [2023-06-12 08:08:17,090] {dagbag.py:496} INFO - Filling up the DagBag from /home/airflow/.local/lib/python3.6/site-packages/airflow/example_dags/example_python_operator.py
[2023-06-12 08:08:17,103] {scheduler_job.py:642} INFO - DAG(s) dict_keys(['example_python_operator']) retrieved from /home/airflow/.local/lib/python3.6/site-packages/airflow/example_dags/example_python_operator.py
[2023-06-12 08:08:17,121] {logging_mixin.py:104} INFO - [2023-06-12 08:08:17,121] {dag.py:1833} INFO - Sync 1 DAGs
[2023-06-12 08:08:17,134] {logging_mixin.py:104} INFO - [2023-06-12 08:08:17,134] {dag.py:2306} INFO - Setting next_dagrun for example_python_operator to None
[2023-06-12 08:08:17,143] {scheduler_job.py:189} INFO - Processing /home/airflow/.local/lib/python3.6/site-packages/airflow/example_dags/example_python_operator.py took 0.059 seconds
[2023-06-12 08:08:47,687] {scheduler_job.py:181} INFO - Started process (PID=1845) to work on /home/airflow/.local/lib/python3.6/site-packages/airflow/example_dags/example_python_operator.py
[2023-06-12 08:08:47,688] {scheduler_job.py:632} INFO - Processing file /home/airflow/.local/lib/python3.6/site-packages/airflow/example_dags/example_python_operator.py for tasks to queue
[2023-06-12 08:08:47,689] {logging_mixin.py:104} INFO - [2023-06-12 08:08:47,689] {dagbag.py:496} INFO - Filling up the DagBag from /home/airflow/.local/lib/python3.6/site-packages/airflow/example_dags/example_python_operator.py
[2023-06-12 08:08:47,698] {scheduler_job.py:642} INFO - DAG(s) dict_keys(['example_python_operator']) retrieved from /home/airflow/.local/lib/python3.6/site-packages/airflow/example_dags/example_python_operator.py
[2023-06-12 08:08:47,714] {logging_mixin.py:104} INFO - [2023-06-12 08:08:47,714] {dag.py:1833} INFO - Sync 1 DAGs
[2023-06-12 08:08:47,725] {logging_mixin.py:104} INFO - [2023-06-12 08:08:47,725] {dag.py:2306} INFO - Setting next_dagrun for example_python_operator to None
[2023-06-12 08:08:47,794] {scheduler_job.py:189} INFO - Processing /home/airflow/.local/lib/python3.6/site-packages/airflow/example_dags/example_python_operator.py took 0.110 seconds
[2023-06-12 08:09:17,974] {scheduler_job.py:181} INFO - Started process (PID=1908) to work on /home/airflow/.local/lib/python3.6/site-packages/airflow/example_dags/example_python_operator.py
[2023-06-12 08:09:17,976] {scheduler_job.py:632} INFO - Processing file /home/airflow/.local/lib/python3.6/site-packages/airflow/example_dags/example_python_operator.py for tasks to queue
[2023-06-12 08:09:17,976] {logging_mixin.py:104} INFO - [2023-06-12 08:09:17,976] {dagbag.py:496} INFO - Filling up the DagBag from /home/airflow/.local/lib/python3.6/site-packages/airflow/example_dags/example_python_operator.py
[2023-06-12 08:09:17,987] {scheduler_job.py:642} INFO - DAG(s) dict_keys(['example_python_operator']) retrieved from /home/airflow/.local/lib/python3.6/site-packages/airflow/example_dags/example_python_operator.py
[2023-06-12 08:09:18,006] {logging_mixin.py:104} INFO - [2023-06-12 08:09:18,006] {dag.py:1833} INFO - Sync 1 DAGs
[2023-06-12 08:09:18,018] {logging_mixin.py:104} INFO - [2023-06-12 08:09:18,018] {dag.py:2306} INFO - Setting next_dagrun for example_python_operator to None
[2023-06-12 08:09:18,028] {scheduler_job.py:189} INFO - Processing /home/airflow/.local/lib/python3.6/site-packages/airflow/example_dags/example_python_operator.py took 0.056 seconds
[2023-06-12 08:09:48,248] {scheduler_job.py:181} INFO - Started process (PID=1961) to work on /home/airflow/.local/lib/python3.6/site-packages/airflow/example_dags/example_python_operator.py
[2023-06-12 08:09:48,249] {scheduler_job.py:632} INFO - Processing file /home/airflow/.local/lib/python3.6/site-packages/airflow/example_dags/example_python_operator.py for tasks to queue
[2023-06-12 08:09:48,249] {logging_mixin.py:104} INFO - [2023-06-12 08:09:48,249] {dagbag.py:496} INFO - Filling up the DagBag from /home/airflow/.local/lib/python3.6/site-packages/airflow/example_dags/example_python_operator.py
[2023-06-12 08:09:48,259] {scheduler_job.py:642} INFO - DAG(s) dict_keys(['example_python_operator']) retrieved from /home/airflow/.local/lib/python3.6/site-packages/airflow/example_dags/example_python_operator.py
[2023-06-12 08:09:48,276] {logging_mixin.py:104} INFO - [2023-06-12 08:09:48,276] {dag.py:1833} INFO - Sync 1 DAGs
[2023-06-12 08:09:48,287] {logging_mixin.py:104} INFO - [2023-06-12 08:09:48,287] {dag.py:2306} INFO - Setting next_dagrun for example_python_operator to None
[2023-06-12 08:09:48,296] {scheduler_job.py:189} INFO - Processing /home/airflow/.local/lib/python3.6/site-packages/airflow/example_dags/example_python_operator.py took 0.051 seconds
[2023-06-12 08:10:18,905] {scheduler_job.py:181} INFO - Started process (PID=2024) to work on /home/airflow/.local/lib/python3.6/site-packages/airflow/example_dags/example_python_operator.py
[2023-06-12 08:10:18,906] {scheduler_job.py:632} INFO - Processing file /home/airflow/.local/lib/python3.6/site-packages/airflow/example_dags/example_python_operator.py for tasks to queue
[2023-06-12 08:10:18,907] {logging_mixin.py:104} INFO - [2023-06-12 08:10:18,907] {dagbag.py:496} INFO - Filling up the DagBag from /home/airflow/.local/lib/python3.6/site-packages/airflow/example_dags/example_python_operator.py
[2023-06-12 08:10:18,923] {scheduler_job.py:642} INFO - DAG(s) dict_keys(['example_python_operator']) retrieved from /home/airflow/.local/lib/python3.6/site-packages/airflow/example_dags/example_python_operator.py
[2023-06-12 08:10:18,947] {logging_mixin.py:104} INFO - [2023-06-12 08:10:18,947] {dag.py:1833} INFO - Sync 1 DAGs
[2023-06-12 08:10:18,963] {logging_mixin.py:104} INFO - [2023-06-12 08:10:18,963] {dag.py:2306} INFO - Setting next_dagrun for example_python_operator to None
[2023-06-12 08:10:18,973] {scheduler_job.py:189} INFO - Processing /home/airflow/.local/lib/python3.6/site-packages/airflow/example_dags/example_python_operator.py took 0.071 seconds
[2023-06-12 08:10:49,460] {scheduler_job.py:181} INFO - Started process (PID=2087) to work on /home/airflow/.local/lib/python3.6/site-packages/airflow/example_dags/example_python_operator.py
[2023-06-12 08:10:49,461] {scheduler_job.py:632} INFO - Processing file /home/airflow/.local/lib/python3.6/site-packages/airflow/example_dags/example_python_operator.py for tasks to queue
[2023-06-12 08:10:49,462] {logging_mixin.py:104} INFO - [2023-06-12 08:10:49,462] {dagbag.py:496} INFO - Filling up the DagBag from /home/airflow/.local/lib/python3.6/site-packages/airflow/example_dags/example_python_operator.py
[2023-06-12 08:10:49,472] {scheduler_job.py:642} INFO - DAG(s) dict_keys(['example_python_operator']) retrieved from /home/airflow/.local/lib/python3.6/site-packages/airflow/example_dags/example_python_operator.py
[2023-06-12 08:10:49,489] {logging_mixin.py:104} INFO - [2023-06-12 08:10:49,489] {dag.py:1833} INFO - Sync 1 DAGs
[2023-06-12 08:10:49,500] {logging_mixin.py:104} INFO - [2023-06-12 08:10:49,500] {dag.py:2306} INFO - Setting next_dagrun for example_python_operator to None
[2023-06-12 08:10:49,509] {scheduler_job.py:189} INFO - Processing /home/airflow/.local/lib/python3.6/site-packages/airflow/example_dags/example_python_operator.py took 0.052 seconds
[2023-06-12 08:11:19,810] {scheduler_job.py:181} INFO - Started process (PID=2140) to work on /home/airflow/.local/lib/python3.6/site-packages/airflow/example_dags/example_python_operator.py
[2023-06-12 08:11:19,811] {scheduler_job.py:632} INFO - Processing file /home/airflow/.local/lib/python3.6/site-packages/airflow/example_dags/example_python_operator.py for tasks to queue
[2023-06-12 08:11:19,812] {logging_mixin.py:104} INFO - [2023-06-12 08:11:19,812] {dagbag.py:496} INFO - Filling up the DagBag from /home/airflow/.local/lib/python3.6/site-packages/airflow/example_dags/example_python_operator.py
[2023-06-12 08:11:19,825] {scheduler_job.py:642} INFO - DAG(s) dict_keys(['example_python_operator']) retrieved from /home/airflow/.local/lib/python3.6/site-packages/airflow/example_dags/example_python_operator.py
[2023-06-12 08:11:19,845] {logging_mixin.py:104} INFO - [2023-06-12 08:11:19,845] {dag.py:1833} INFO - Sync 1 DAGs
[2023-06-12 08:11:19,859] {logging_mixin.py:104} INFO - [2023-06-12 08:11:19,859] {dag.py:2306} INFO - Setting next_dagrun for example_python_operator to None
[2023-06-12 08:11:19,903] {scheduler_job.py:189} INFO - Processing /home/airflow/.local/lib/python3.6/site-packages/airflow/example_dags/example_python_operator.py took 0.097 seconds
[2023-06-12 08:11:50,064] {scheduler_job.py:181} INFO - Started process (PID=2203) to work on /home/airflow/.local/lib/python3.6/site-packages/airflow/example_dags/example_python_operator.py
[2023-06-12 08:11:50,065] {scheduler_job.py:632} INFO - Processing file /home/airflow/.local/lib/python3.6/site-packages/airflow/example_dags/example_python_operator.py for tasks to queue
[2023-06-12 08:11:50,066] {logging_mixin.py:104} INFO - [2023-06-12 08:11:50,065] {dagbag.py:496} INFO - Filling up the DagBag from /home/airflow/.local/lib/python3.6/site-packages/airflow/example_dags/example_python_operator.py
[2023-06-12 08:11:50,076] {scheduler_job.py:642} INFO - DAG(s) dict_keys(['example_python_operator']) retrieved from /home/airflow/.local/lib/python3.6/site-packages/airflow/example_dags/example_python_operator.py
[2023-06-12 08:11:50,092] {logging_mixin.py:104} INFO - [2023-06-12 08:11:50,092] {dag.py:1833} INFO - Sync 1 DAGs
[2023-06-12 08:11:50,103] {logging_mixin.py:104} INFO - [2023-06-12 08:11:50,103] {dag.py:2306} INFO - Setting next_dagrun for example_python_operator to None
[2023-06-12 08:11:50,112] {scheduler_job.py:189} INFO - Processing /home/airflow/.local/lib/python3.6/site-packages/airflow/example_dags/example_python_operator.py took 0.051 seconds
[2023-06-12 08:12:20,542] {scheduler_job.py:181} INFO - Started process (PID=2256) to work on /home/airflow/.local/lib/python3.6/site-packages/airflow/example_dags/example_python_operator.py
[2023-06-12 08:12:20,544] {scheduler_job.py:632} INFO - Processing file /home/airflow/.local/lib/python3.6/site-packages/airflow/example_dags/example_python_operator.py for tasks to queue
[2023-06-12 08:12:20,545] {logging_mixin.py:104} INFO - [2023-06-12 08:12:20,545] {dagbag.py:496} INFO - Filling up the DagBag from /home/airflow/.local/lib/python3.6/site-packages/airflow/example_dags/example_python_operator.py
[2023-06-12 08:12:20,556] {scheduler_job.py:642} INFO - DAG(s) dict_keys(['example_python_operator']) retrieved from /home/airflow/.local/lib/python3.6/site-packages/airflow/example_dags/example_python_operator.py
[2023-06-12 08:12:20,576] {logging_mixin.py:104} INFO - [2023-06-12 08:12:20,576] {dag.py:1833} INFO - Sync 1 DAGs
[2023-06-12 08:12:20,589] {logging_mixin.py:104} INFO - [2023-06-12 08:12:20,589] {dag.py:2306} INFO - Setting next_dagrun for example_python_operator to None
[2023-06-12 08:12:20,598] {scheduler_job.py:189} INFO - Processing /home/airflow/.local/lib/python3.6/site-packages/airflow/example_dags/example_python_operator.py took 0.058 seconds
[2023-06-12 08:12:50,924] {scheduler_job.py:181} INFO - Started process (PID=2319) to work on /home/airflow/.local/lib/python3.6/site-packages/airflow/example_dags/example_python_operator.py
[2023-06-12 08:12:50,925] {scheduler_job.py:632} INFO - Processing file /home/airflow/.local/lib/python3.6/site-packages/airflow/example_dags/example_python_operator.py for tasks to queue
[2023-06-12 08:12:50,926] {logging_mixin.py:104} INFO - [2023-06-12 08:12:50,926] {dagbag.py:496} INFO - Filling up the DagBag from /home/airflow/.local/lib/python3.6/site-packages/airflow/example_dags/example_python_operator.py
[2023-06-12 08:12:50,936] {scheduler_job.py:642} INFO - DAG(s) dict_keys(['example_python_operator']) retrieved from /home/airflow/.local/lib/python3.6/site-packages/airflow/example_dags/example_python_operator.py
[2023-06-12 08:12:50,952] {logging_mixin.py:104} INFO - [2023-06-12 08:12:50,952] {dag.py:1833} INFO - Sync 1 DAGs
[2023-06-12 08:12:50,964] {logging_mixin.py:104} INFO - [2023-06-12 08:12:50,964] {dag.py:2306} INFO - Setting next_dagrun for example_python_operator to None
[2023-06-12 08:12:50,973] {scheduler_job.py:189} INFO - Processing /home/airflow/.local/lib/python3.6/site-packages/airflow/example_dags/example_python_operator.py took 0.052 seconds
