[2023-06-12 07:53:28,799] {scheduler_job.py:181} INFO - Started process (PID=68) to work on /home/airflow/.local/lib/python3.6/site-packages/airflow/example_dags/example_branch_day_of_week_operator.py
[2023-06-12 07:53:28,801] {scheduler_job.py:632} INFO - Processing file /home/airflow/.local/lib/python3.6/site-packages/airflow/example_dags/example_branch_day_of_week_operator.py for tasks to queue
[2023-06-12 07:53:28,802] {logging_mixin.py:104} INFO - [2023-06-12 07:53:28,801] {dagbag.py:496} INFO - Filling up the DagBag from /home/airflow/.local/lib/python3.6/site-packages/airflow/example_dags/example_branch_day_of_week_operator.py
[2023-06-12 07:53:28,819] {scheduler_job.py:642} INFO - DAG(s) dict_keys(['example_weekday_branch_operator']) retrieved from /home/airflow/.local/lib/python3.6/site-packages/airflow/example_dags/example_branch_day_of_week_operator.py
[2023-06-12 07:53:29,064] {logging_mixin.py:104} INFO - [2023-06-12 07:53:29,064] {dag.py:1833} INFO - Sync 1 DAGs
[2023-06-12 07:53:29,083] {logging_mixin.py:104} INFO - [2023-06-12 07:53:29,083] {dag.py:2306} INFO - Setting next_dagrun for example_weekday_branch_operator to 2023-06-10 00:00:00+00:00
[2023-06-12 07:53:29,096] {scheduler_job.py:189} INFO - Processing /home/airflow/.local/lib/python3.6/site-packages/airflow/example_dags/example_branch_day_of_week_operator.py took 0.300 seconds
[2023-06-12 07:53:59,529] {scheduler_job.py:181} INFO - Started process (PID=121) to work on /home/airflow/.local/lib/python3.6/site-packages/airflow/example_dags/example_branch_day_of_week_operator.py
[2023-06-12 07:53:59,530] {scheduler_job.py:632} INFO - Processing file /home/airflow/.local/lib/python3.6/site-packages/airflow/example_dags/example_branch_day_of_week_operator.py for tasks to queue
[2023-06-12 07:53:59,531] {logging_mixin.py:104} INFO - [2023-06-12 07:53:59,531] {dagbag.py:496} INFO - Filling up the DagBag from /home/airflow/.local/lib/python3.6/site-packages/airflow/example_dags/example_branch_day_of_week_operator.py
[2023-06-12 07:53:59,541] {scheduler_job.py:642} INFO - DAG(s) dict_keys(['example_weekday_branch_operator']) retrieved from /home/airflow/.local/lib/python3.6/site-packages/airflow/example_dags/example_branch_day_of_week_operator.py
[2023-06-12 07:53:59,566] {logging_mixin.py:104} INFO - [2023-06-12 07:53:59,566] {dag.py:1833} INFO - Sync 1 DAGs
[2023-06-12 07:53:59,585] {logging_mixin.py:104} INFO - [2023-06-12 07:53:59,585] {dag.py:2306} INFO - Setting next_dagrun for example_weekday_branch_operator to 2023-06-10 00:00:00+00:00
[2023-06-12 07:53:59,595] {scheduler_job.py:189} INFO - Processing /home/airflow/.local/lib/python3.6/site-packages/airflow/example_dags/example_branch_day_of_week_operator.py took 0.069 seconds
[2023-06-12 07:54:29,731] {scheduler_job.py:181} INFO - Started process (PID=184) to work on /home/airflow/.local/lib/python3.6/site-packages/airflow/example_dags/example_branch_day_of_week_operator.py
[2023-06-12 07:54:29,733] {scheduler_job.py:632} INFO - Processing file /home/airflow/.local/lib/python3.6/site-packages/airflow/example_dags/example_branch_day_of_week_operator.py for tasks to queue
[2023-06-12 07:54:29,734] {logging_mixin.py:104} INFO - [2023-06-12 07:54:29,734] {dagbag.py:496} INFO - Filling up the DagBag from /home/airflow/.local/lib/python3.6/site-packages/airflow/example_dags/example_branch_day_of_week_operator.py
[2023-06-12 07:54:29,744] {scheduler_job.py:642} INFO - DAG(s) dict_keys(['example_weekday_branch_operator']) retrieved from /home/airflow/.local/lib/python3.6/site-packages/airflow/example_dags/example_branch_day_of_week_operator.py
[2023-06-12 07:54:29,764] {logging_mixin.py:104} INFO - [2023-06-12 07:54:29,764] {dag.py:1833} INFO - Sync 1 DAGs
[2023-06-12 07:54:29,778] {logging_mixin.py:104} INFO - [2023-06-12 07:54:29,778] {dag.py:2306} INFO - Setting next_dagrun for example_weekday_branch_operator to 2023-06-10 00:00:00+00:00
[2023-06-12 07:54:29,787] {scheduler_job.py:189} INFO - Processing /home/airflow/.local/lib/python3.6/site-packages/airflow/example_dags/example_branch_day_of_week_operator.py took 0.059 seconds
[2023-06-12 07:55:00,811] {scheduler_job.py:181} INFO - Started process (PID=237) to work on /home/airflow/.local/lib/python3.6/site-packages/airflow/example_dags/example_branch_day_of_week_operator.py
[2023-06-12 07:55:00,812] {scheduler_job.py:632} INFO - Processing file /home/airflow/.local/lib/python3.6/site-packages/airflow/example_dags/example_branch_day_of_week_operator.py for tasks to queue
[2023-06-12 07:55:00,813] {logging_mixin.py:104} INFO - [2023-06-12 07:55:00,813] {dagbag.py:496} INFO - Filling up the DagBag from /home/airflow/.local/lib/python3.6/site-packages/airflow/example_dags/example_branch_day_of_week_operator.py
[2023-06-12 07:55:00,825] {scheduler_job.py:642} INFO - DAG(s) dict_keys(['example_weekday_branch_operator']) retrieved from /home/airflow/.local/lib/python3.6/site-packages/airflow/example_dags/example_branch_day_of_week_operator.py
[2023-06-12 07:55:00,842] {logging_mixin.py:104} INFO - [2023-06-12 07:55:00,841] {dag.py:1833} INFO - Sync 1 DAGs
[2023-06-12 07:55:00,855] {logging_mixin.py:104} INFO - [2023-06-12 07:55:00,855] {dag.py:2306} INFO - Setting next_dagrun for example_weekday_branch_operator to 2023-06-10 00:00:00+00:00
[2023-06-12 07:55:00,864] {scheduler_job.py:189} INFO - Processing /home/airflow/.local/lib/python3.6/site-packages/airflow/example_dags/example_branch_day_of_week_operator.py took 0.056 seconds
[2023-06-12 07:55:31,335] {scheduler_job.py:181} INFO - Started process (PID=300) to work on /home/airflow/.local/lib/python3.6/site-packages/airflow/example_dags/example_branch_day_of_week_operator.py
[2023-06-12 07:55:31,336] {scheduler_job.py:632} INFO - Processing file /home/airflow/.local/lib/python3.6/site-packages/airflow/example_dags/example_branch_day_of_week_operator.py for tasks to queue
[2023-06-12 07:55:31,337] {logging_mixin.py:104} INFO - [2023-06-12 07:55:31,337] {dagbag.py:496} INFO - Filling up the DagBag from /home/airflow/.local/lib/python3.6/site-packages/airflow/example_dags/example_branch_day_of_week_operator.py
[2023-06-12 07:55:31,346] {scheduler_job.py:642} INFO - DAG(s) dict_keys(['example_weekday_branch_operator']) retrieved from /home/airflow/.local/lib/python3.6/site-packages/airflow/example_dags/example_branch_day_of_week_operator.py
[2023-06-12 07:55:31,363] {logging_mixin.py:104} INFO - [2023-06-12 07:55:31,363] {dag.py:1833} INFO - Sync 1 DAGs
[2023-06-12 07:55:31,378] {logging_mixin.py:104} INFO - [2023-06-12 07:55:31,378] {dag.py:2306} INFO - Setting next_dagrun for example_weekday_branch_operator to 2023-06-10 00:00:00+00:00
[2023-06-12 07:55:31,387] {scheduler_job.py:189} INFO - Processing /home/airflow/.local/lib/python3.6/site-packages/airflow/example_dags/example_branch_day_of_week_operator.py took 0.054 seconds
[2023-06-12 07:56:01,798] {scheduler_job.py:181} INFO - Started process (PID=363) to work on /home/airflow/.local/lib/python3.6/site-packages/airflow/example_dags/example_branch_day_of_week_operator.py
[2023-06-12 07:56:01,800] {scheduler_job.py:632} INFO - Processing file /home/airflow/.local/lib/python3.6/site-packages/airflow/example_dags/example_branch_day_of_week_operator.py for tasks to queue
[2023-06-12 07:56:01,800] {logging_mixin.py:104} INFO - [2023-06-12 07:56:01,800] {dagbag.py:496} INFO - Filling up the DagBag from /home/airflow/.local/lib/python3.6/site-packages/airflow/example_dags/example_branch_day_of_week_operator.py
[2023-06-12 07:56:01,809] {scheduler_job.py:642} INFO - DAG(s) dict_keys(['example_weekday_branch_operator']) retrieved from /home/airflow/.local/lib/python3.6/site-packages/airflow/example_dags/example_branch_day_of_week_operator.py
[2023-06-12 07:56:01,825] {logging_mixin.py:104} INFO - [2023-06-12 07:56:01,825] {dag.py:1833} INFO - Sync 1 DAGs
[2023-06-12 07:56:01,838] {logging_mixin.py:104} INFO - [2023-06-12 07:56:01,838] {dag.py:2306} INFO - Setting next_dagrun for example_weekday_branch_operator to 2023-06-10 00:00:00+00:00
[2023-06-12 07:56:01,848] {scheduler_job.py:189} INFO - Processing /home/airflow/.local/lib/python3.6/site-packages/airflow/example_dags/example_branch_day_of_week_operator.py took 0.052 seconds
[2023-06-12 07:56:32,179] {scheduler_job.py:181} INFO - Started process (PID=416) to work on /home/airflow/.local/lib/python3.6/site-packages/airflow/example_dags/example_branch_day_of_week_operator.py
[2023-06-12 07:56:32,180] {scheduler_job.py:632} INFO - Processing file /home/airflow/.local/lib/python3.6/site-packages/airflow/example_dags/example_branch_day_of_week_operator.py for tasks to queue
[2023-06-12 07:56:32,181] {logging_mixin.py:104} INFO - [2023-06-12 07:56:32,181] {dagbag.py:496} INFO - Filling up the DagBag from /home/airflow/.local/lib/python3.6/site-packages/airflow/example_dags/example_branch_day_of_week_operator.py
[2023-06-12 07:56:32,191] {scheduler_job.py:642} INFO - DAG(s) dict_keys(['example_weekday_branch_operator']) retrieved from /home/airflow/.local/lib/python3.6/site-packages/airflow/example_dags/example_branch_day_of_week_operator.py
[2023-06-12 07:56:32,209] {logging_mixin.py:104} INFO - [2023-06-12 07:56:32,209] {dag.py:1833} INFO - Sync 1 DAGs
[2023-06-12 07:56:32,226] {logging_mixin.py:104} INFO - [2023-06-12 07:56:32,226] {dag.py:2306} INFO - Setting next_dagrun for example_weekday_branch_operator to 2023-06-10 00:00:00+00:00
[2023-06-12 07:56:32,238] {scheduler_job.py:189} INFO - Processing /home/airflow/.local/lib/python3.6/site-packages/airflow/example_dags/example_branch_day_of_week_operator.py took 0.062 seconds
[2023-06-12 07:57:03,231] {scheduler_job.py:181} INFO - Started process (PID=479) to work on /home/airflow/.local/lib/python3.6/site-packages/airflow/example_dags/example_branch_day_of_week_operator.py
[2023-06-12 07:57:03,232] {scheduler_job.py:632} INFO - Processing file /home/airflow/.local/lib/python3.6/site-packages/airflow/example_dags/example_branch_day_of_week_operator.py for tasks to queue
[2023-06-12 07:57:03,233] {logging_mixin.py:104} INFO - [2023-06-12 07:57:03,233] {dagbag.py:496} INFO - Filling up the DagBag from /home/airflow/.local/lib/python3.6/site-packages/airflow/example_dags/example_branch_day_of_week_operator.py
[2023-06-12 07:57:03,242] {scheduler_job.py:642} INFO - DAG(s) dict_keys(['example_weekday_branch_operator']) retrieved from /home/airflow/.local/lib/python3.6/site-packages/airflow/example_dags/example_branch_day_of_week_operator.py
[2023-06-12 07:57:03,259] {logging_mixin.py:104} INFO - [2023-06-12 07:57:03,259] {dag.py:1833} INFO - Sync 1 DAGs
[2023-06-12 07:57:03,273] {logging_mixin.py:104} INFO - [2023-06-12 07:57:03,273] {dag.py:2306} INFO - Setting next_dagrun for example_weekday_branch_operator to 2023-06-10 00:00:00+00:00
[2023-06-12 07:57:03,283] {scheduler_job.py:189} INFO - Processing /home/airflow/.local/lib/python3.6/site-packages/airflow/example_dags/example_branch_day_of_week_operator.py took 0.055 seconds
[2023-06-12 07:57:33,431] {scheduler_job.py:181} INFO - Started process (PID=532) to work on /home/airflow/.local/lib/python3.6/site-packages/airflow/example_dags/example_branch_day_of_week_operator.py
[2023-06-12 07:57:33,433] {scheduler_job.py:632} INFO - Processing file /home/airflow/.local/lib/python3.6/site-packages/airflow/example_dags/example_branch_day_of_week_operator.py for tasks to queue
[2023-06-12 07:57:33,434] {logging_mixin.py:104} INFO - [2023-06-12 07:57:33,434] {dagbag.py:496} INFO - Filling up the DagBag from /home/airflow/.local/lib/python3.6/site-packages/airflow/example_dags/example_branch_day_of_week_operator.py
[2023-06-12 07:57:33,445] {scheduler_job.py:642} INFO - DAG(s) dict_keys(['example_weekday_branch_operator']) retrieved from /home/airflow/.local/lib/python3.6/site-packages/airflow/example_dags/example_branch_day_of_week_operator.py
[2023-06-12 07:57:33,464] {logging_mixin.py:104} INFO - [2023-06-12 07:57:33,463] {dag.py:1833} INFO - Sync 1 DAGs
[2023-06-12 07:57:33,481] {logging_mixin.py:104} INFO - [2023-06-12 07:57:33,481] {dag.py:2306} INFO - Setting next_dagrun for example_weekday_branch_operator to 2023-06-10 00:00:00+00:00
[2023-06-12 07:57:33,490] {scheduler_job.py:189} INFO - Processing /home/airflow/.local/lib/python3.6/site-packages/airflow/example_dags/example_branch_day_of_week_operator.py took 0.062 seconds
[2023-06-12 07:58:04,428] {scheduler_job.py:181} INFO - Started process (PID=595) to work on /home/airflow/.local/lib/python3.6/site-packages/airflow/example_dags/example_branch_day_of_week_operator.py
[2023-06-12 07:58:04,429] {scheduler_job.py:632} INFO - Processing file /home/airflow/.local/lib/python3.6/site-packages/airflow/example_dags/example_branch_day_of_week_operator.py for tasks to queue
[2023-06-12 07:58:04,430] {logging_mixin.py:104} INFO - [2023-06-12 07:58:04,430] {dagbag.py:496} INFO - Filling up the DagBag from /home/airflow/.local/lib/python3.6/site-packages/airflow/example_dags/example_branch_day_of_week_operator.py
[2023-06-12 07:58:04,441] {scheduler_job.py:642} INFO - DAG(s) dict_keys(['example_weekday_branch_operator']) retrieved from /home/airflow/.local/lib/python3.6/site-packages/airflow/example_dags/example_branch_day_of_week_operator.py
[2023-06-12 07:58:04,461] {logging_mixin.py:104} INFO - [2023-06-12 07:58:04,461] {dag.py:1833} INFO - Sync 1 DAGs
[2023-06-12 07:58:04,479] {logging_mixin.py:104} INFO - [2023-06-12 07:58:04,479] {dag.py:2306} INFO - Setting next_dagrun for example_weekday_branch_operator to 2023-06-10 00:00:00+00:00
[2023-06-12 07:58:04,488] {scheduler_job.py:189} INFO - Processing /home/airflow/.local/lib/python3.6/site-packages/airflow/example_dags/example_branch_day_of_week_operator.py took 0.063 seconds
[2023-06-12 07:58:34,835] {scheduler_job.py:181} INFO - Started process (PID=658) to work on /home/airflow/.local/lib/python3.6/site-packages/airflow/example_dags/example_branch_day_of_week_operator.py
[2023-06-12 07:58:34,836] {scheduler_job.py:632} INFO - Processing file /home/airflow/.local/lib/python3.6/site-packages/airflow/example_dags/example_branch_day_of_week_operator.py for tasks to queue
[2023-06-12 07:58:34,838] {logging_mixin.py:104} INFO - [2023-06-12 07:58:34,837] {dagbag.py:496} INFO - Filling up the DagBag from /home/airflow/.local/lib/python3.6/site-packages/airflow/example_dags/example_branch_day_of_week_operator.py
[2023-06-12 07:58:34,849] {scheduler_job.py:642} INFO - DAG(s) dict_keys(['example_weekday_branch_operator']) retrieved from /home/airflow/.local/lib/python3.6/site-packages/airflow/example_dags/example_branch_day_of_week_operator.py
[2023-06-12 07:58:34,866] {logging_mixin.py:104} INFO - [2023-06-12 07:58:34,866] {dag.py:1833} INFO - Sync 1 DAGs
[2023-06-12 07:58:34,880] {logging_mixin.py:104} INFO - [2023-06-12 07:58:34,880] {dag.py:2306} INFO - Setting next_dagrun for example_weekday_branch_operator to 2023-06-10 00:00:00+00:00
[2023-06-12 07:58:34,890] {scheduler_job.py:189} INFO - Processing /home/airflow/.local/lib/python3.6/site-packages/airflow/example_dags/example_branch_day_of_week_operator.py took 0.058 seconds
[2023-06-12 07:59:05,765] {scheduler_job.py:181} INFO - Started process (PID=711) to work on /home/airflow/.local/lib/python3.6/site-packages/airflow/example_dags/example_branch_day_of_week_operator.py
[2023-06-12 07:59:05,775] {scheduler_job.py:632} INFO - Processing file /home/airflow/.local/lib/python3.6/site-packages/airflow/example_dags/example_branch_day_of_week_operator.py for tasks to queue
[2023-06-12 07:59:05,776] {logging_mixin.py:104} INFO - [2023-06-12 07:59:05,776] {dagbag.py:496} INFO - Filling up the DagBag from /home/airflow/.local/lib/python3.6/site-packages/airflow/example_dags/example_branch_day_of_week_operator.py
[2023-06-12 07:59:05,790] {scheduler_job.py:642} INFO - DAG(s) dict_keys(['example_weekday_branch_operator']) retrieved from /home/airflow/.local/lib/python3.6/site-packages/airflow/example_dags/example_branch_day_of_week_operator.py
[2023-06-12 07:59:05,834] {logging_mixin.py:104} INFO - [2023-06-12 07:59:05,834] {dag.py:1833} INFO - Sync 1 DAGs
[2023-06-12 07:59:05,858] {logging_mixin.py:104} INFO - [2023-06-12 07:59:05,858] {dag.py:2306} INFO - Setting next_dagrun for example_weekday_branch_operator to 2023-06-10 00:00:00+00:00
[2023-06-12 07:59:05,870] {scheduler_job.py:189} INFO - Processing /home/airflow/.local/lib/python3.6/site-packages/airflow/example_dags/example_branch_day_of_week_operator.py took 0.108 seconds
[2023-06-12 07:59:36,641] {scheduler_job.py:181} INFO - Started process (PID=774) to work on /home/airflow/.local/lib/python3.6/site-packages/airflow/example_dags/example_branch_day_of_week_operator.py
[2023-06-12 07:59:36,643] {scheduler_job.py:632} INFO - Processing file /home/airflow/.local/lib/python3.6/site-packages/airflow/example_dags/example_branch_day_of_week_operator.py for tasks to queue
[2023-06-12 07:59:36,643] {logging_mixin.py:104} INFO - [2023-06-12 07:59:36,643] {dagbag.py:496} INFO - Filling up the DagBag from /home/airflow/.local/lib/python3.6/site-packages/airflow/example_dags/example_branch_day_of_week_operator.py
[2023-06-12 07:59:36,652] {scheduler_job.py:642} INFO - DAG(s) dict_keys(['example_weekday_branch_operator']) retrieved from /home/airflow/.local/lib/python3.6/site-packages/airflow/example_dags/example_branch_day_of_week_operator.py
[2023-06-12 07:59:36,669] {logging_mixin.py:104} INFO - [2023-06-12 07:59:36,668] {dag.py:1833} INFO - Sync 1 DAGs
[2023-06-12 07:59:36,682] {logging_mixin.py:104} INFO - [2023-06-12 07:59:36,682] {dag.py:2306} INFO - Setting next_dagrun for example_weekday_branch_operator to 2023-06-10 00:00:00+00:00
[2023-06-12 07:59:36,693] {scheduler_job.py:189} INFO - Processing /home/airflow/.local/lib/python3.6/site-packages/airflow/example_dags/example_branch_day_of_week_operator.py took 0.055 seconds
[2023-06-12 08:00:07,674] {scheduler_job.py:181} INFO - Started process (PID=837) to work on /home/airflow/.local/lib/python3.6/site-packages/airflow/example_dags/example_branch_day_of_week_operator.py
[2023-06-12 08:00:07,675] {scheduler_job.py:632} INFO - Processing file /home/airflow/.local/lib/python3.6/site-packages/airflow/example_dags/example_branch_day_of_week_operator.py for tasks to queue
[2023-06-12 08:00:07,677] {logging_mixin.py:104} INFO - [2023-06-12 08:00:07,676] {dagbag.py:496} INFO - Filling up the DagBag from /home/airflow/.local/lib/python3.6/site-packages/airflow/example_dags/example_branch_day_of_week_operator.py
[2023-06-12 08:00:07,688] {scheduler_job.py:642} INFO - DAG(s) dict_keys(['example_weekday_branch_operator']) retrieved from /home/airflow/.local/lib/python3.6/site-packages/airflow/example_dags/example_branch_day_of_week_operator.py
[2023-06-12 08:00:07,707] {logging_mixin.py:104} INFO - [2023-06-12 08:00:07,707] {dag.py:1833} INFO - Sync 1 DAGs
[2023-06-12 08:00:07,724] {logging_mixin.py:104} INFO - [2023-06-12 08:00:07,724] {dag.py:2306} INFO - Setting next_dagrun for example_weekday_branch_operator to 2023-06-10 00:00:00+00:00
[2023-06-12 08:00:07,732] {scheduler_job.py:189} INFO - Processing /home/airflow/.local/lib/python3.6/site-packages/airflow/example_dags/example_branch_day_of_week_operator.py took 0.061 seconds
[2023-06-12 08:00:37,911] {scheduler_job.py:181} INFO - Started process (PID=890) to work on /home/airflow/.local/lib/python3.6/site-packages/airflow/example_dags/example_branch_day_of_week_operator.py
[2023-06-12 08:00:37,912] {scheduler_job.py:632} INFO - Processing file /home/airflow/.local/lib/python3.6/site-packages/airflow/example_dags/example_branch_day_of_week_operator.py for tasks to queue
[2023-06-12 08:00:37,913] {logging_mixin.py:104} INFO - [2023-06-12 08:00:37,913] {dagbag.py:496} INFO - Filling up the DagBag from /home/airflow/.local/lib/python3.6/site-packages/airflow/example_dags/example_branch_day_of_week_operator.py
[2023-06-12 08:00:37,922] {scheduler_job.py:642} INFO - DAG(s) dict_keys(['example_weekday_branch_operator']) retrieved from /home/airflow/.local/lib/python3.6/site-packages/airflow/example_dags/example_branch_day_of_week_operator.py
[2023-06-12 08:00:37,939] {logging_mixin.py:104} INFO - [2023-06-12 08:00:37,938] {dag.py:1833} INFO - Sync 1 DAGs
[2023-06-12 08:00:37,953] {logging_mixin.py:104} INFO - [2023-06-12 08:00:37,953] {dag.py:2306} INFO - Setting next_dagrun for example_weekday_branch_operator to 2023-06-10 00:00:00+00:00
[2023-06-12 08:00:37,961] {scheduler_job.py:189} INFO - Processing /home/airflow/.local/lib/python3.6/site-packages/airflow/example_dags/example_branch_day_of_week_operator.py took 0.053 seconds
[2023-06-12 08:01:08,791] {scheduler_job.py:181} INFO - Started process (PID=953) to work on /home/airflow/.local/lib/python3.6/site-packages/airflow/example_dags/example_branch_day_of_week_operator.py
[2023-06-12 08:01:08,792] {scheduler_job.py:632} INFO - Processing file /home/airflow/.local/lib/python3.6/site-packages/airflow/example_dags/example_branch_day_of_week_operator.py for tasks to queue
[2023-06-12 08:01:08,793] {logging_mixin.py:104} INFO - [2023-06-12 08:01:08,793] {dagbag.py:496} INFO - Filling up the DagBag from /home/airflow/.local/lib/python3.6/site-packages/airflow/example_dags/example_branch_day_of_week_operator.py
[2023-06-12 08:01:08,803] {scheduler_job.py:642} INFO - DAG(s) dict_keys(['example_weekday_branch_operator']) retrieved from /home/airflow/.local/lib/python3.6/site-packages/airflow/example_dags/example_branch_day_of_week_operator.py
[2023-06-12 08:01:08,819] {logging_mixin.py:104} INFO - [2023-06-12 08:01:08,819] {dag.py:1833} INFO - Sync 1 DAGs
[2023-06-12 08:01:08,834] {logging_mixin.py:104} INFO - [2023-06-12 08:01:08,834] {dag.py:2306} INFO - Setting next_dagrun for example_weekday_branch_operator to 2023-06-10 00:00:00+00:00
[2023-06-12 08:01:08,842] {scheduler_job.py:189} INFO - Processing /home/airflow/.local/lib/python3.6/site-packages/airflow/example_dags/example_branch_day_of_week_operator.py took 0.054 seconds
[2023-06-12 08:01:39,692] {scheduler_job.py:181} INFO - Started process (PID=1016) to work on /home/airflow/.local/lib/python3.6/site-packages/airflow/example_dags/example_branch_day_of_week_operator.py
[2023-06-12 08:01:39,693] {scheduler_job.py:632} INFO - Processing file /home/airflow/.local/lib/python3.6/site-packages/airflow/example_dags/example_branch_day_of_week_operator.py for tasks to queue
[2023-06-12 08:01:39,694] {logging_mixin.py:104} INFO - [2023-06-12 08:01:39,694] {dagbag.py:496} INFO - Filling up the DagBag from /home/airflow/.local/lib/python3.6/site-packages/airflow/example_dags/example_branch_day_of_week_operator.py
[2023-06-12 08:01:39,705] {scheduler_job.py:642} INFO - DAG(s) dict_keys(['example_weekday_branch_operator']) retrieved from /home/airflow/.local/lib/python3.6/site-packages/airflow/example_dags/example_branch_day_of_week_operator.py
[2023-06-12 08:01:39,724] {logging_mixin.py:104} INFO - [2023-06-12 08:01:39,723] {dag.py:1833} INFO - Sync 1 DAGs
[2023-06-12 08:01:39,742] {logging_mixin.py:104} INFO - [2023-06-12 08:01:39,742] {dag.py:2306} INFO - Setting next_dagrun for example_weekday_branch_operator to 2023-06-10 00:00:00+00:00
[2023-06-12 08:01:39,751] {scheduler_job.py:189} INFO - Processing /home/airflow/.local/lib/python3.6/site-packages/airflow/example_dags/example_branch_day_of_week_operator.py took 0.062 seconds
[2023-06-12 08:02:09,931] {scheduler_job.py:181} INFO - Started process (PID=1069) to work on /home/airflow/.local/lib/python3.6/site-packages/airflow/example_dags/example_branch_day_of_week_operator.py
[2023-06-12 08:02:09,933] {scheduler_job.py:632} INFO - Processing file /home/airflow/.local/lib/python3.6/site-packages/airflow/example_dags/example_branch_day_of_week_operator.py for tasks to queue
[2023-06-12 08:02:09,934] {logging_mixin.py:104} INFO - [2023-06-12 08:02:09,934] {dagbag.py:496} INFO - Filling up the DagBag from /home/airflow/.local/lib/python3.6/site-packages/airflow/example_dags/example_branch_day_of_week_operator.py
[2023-06-12 08:02:09,944] {scheduler_job.py:642} INFO - DAG(s) dict_keys(['example_weekday_branch_operator']) retrieved from /home/airflow/.local/lib/python3.6/site-packages/airflow/example_dags/example_branch_day_of_week_operator.py
[2023-06-12 08:02:09,962] {logging_mixin.py:104} INFO - [2023-06-12 08:02:09,961] {dag.py:1833} INFO - Sync 1 DAGs
[2023-06-12 08:02:09,981] {logging_mixin.py:104} INFO - [2023-06-12 08:02:09,981] {dag.py:2306} INFO - Setting next_dagrun for example_weekday_branch_operator to 2023-06-10 00:00:00+00:00
[2023-06-12 08:02:09,995] {scheduler_job.py:189} INFO - Processing /home/airflow/.local/lib/python3.6/site-packages/airflow/example_dags/example_branch_day_of_week_operator.py took 0.067 seconds
[2023-06-12 08:02:40,273] {scheduler_job.py:181} INFO - Started process (PID=1132) to work on /home/airflow/.local/lib/python3.6/site-packages/airflow/example_dags/example_branch_day_of_week_operator.py
[2023-06-12 08:02:40,274] {scheduler_job.py:632} INFO - Processing file /home/airflow/.local/lib/python3.6/site-packages/airflow/example_dags/example_branch_day_of_week_operator.py for tasks to queue
[2023-06-12 08:02:40,275] {logging_mixin.py:104} INFO - [2023-06-12 08:02:40,275] {dagbag.py:496} INFO - Filling up the DagBag from /home/airflow/.local/lib/python3.6/site-packages/airflow/example_dags/example_branch_day_of_week_operator.py
[2023-06-12 08:02:40,285] {scheduler_job.py:642} INFO - DAG(s) dict_keys(['example_weekday_branch_operator']) retrieved from /home/airflow/.local/lib/python3.6/site-packages/airflow/example_dags/example_branch_day_of_week_operator.py
[2023-06-12 08:02:40,301] {logging_mixin.py:104} INFO - [2023-06-12 08:02:40,301] {dag.py:1833} INFO - Sync 1 DAGs
[2023-06-12 08:02:40,316] {logging_mixin.py:104} INFO - [2023-06-12 08:02:40,316] {dag.py:2306} INFO - Setting next_dagrun for example_weekday_branch_operator to 2023-06-10 00:00:00+00:00
[2023-06-12 08:02:40,324] {scheduler_job.py:189} INFO - Processing /home/airflow/.local/lib/python3.6/site-packages/airflow/example_dags/example_branch_day_of_week_operator.py took 0.055 seconds
[2023-06-12 08:03:10,611] {scheduler_job.py:181} INFO - Started process (PID=1185) to work on /home/airflow/.local/lib/python3.6/site-packages/airflow/example_dags/example_branch_day_of_week_operator.py
[2023-06-12 08:03:10,613] {scheduler_job.py:632} INFO - Processing file /home/airflow/.local/lib/python3.6/site-packages/airflow/example_dags/example_branch_day_of_week_operator.py for tasks to queue
[2023-06-12 08:03:10,614] {logging_mixin.py:104} INFO - [2023-06-12 08:03:10,614] {dagbag.py:496} INFO - Filling up the DagBag from /home/airflow/.local/lib/python3.6/site-packages/airflow/example_dags/example_branch_day_of_week_operator.py
[2023-06-12 08:03:10,624] {scheduler_job.py:642} INFO - DAG(s) dict_keys(['example_weekday_branch_operator']) retrieved from /home/airflow/.local/lib/python3.6/site-packages/airflow/example_dags/example_branch_day_of_week_operator.py
[2023-06-12 08:03:10,641] {logging_mixin.py:104} INFO - [2023-06-12 08:03:10,641] {dag.py:1833} INFO - Sync 1 DAGs
[2023-06-12 08:03:10,657] {logging_mixin.py:104} INFO - [2023-06-12 08:03:10,657] {dag.py:2306} INFO - Setting next_dagrun for example_weekday_branch_operator to 2023-06-10 00:00:00+00:00
[2023-06-12 08:03:10,668] {scheduler_job.py:189} INFO - Processing /home/airflow/.local/lib/python3.6/site-packages/airflow/example_dags/example_branch_day_of_week_operator.py took 0.060 seconds
[2023-06-12 08:03:40,990] {scheduler_job.py:181} INFO - Started process (PID=1248) to work on /home/airflow/.local/lib/python3.6/site-packages/airflow/example_dags/example_branch_day_of_week_operator.py
[2023-06-12 08:03:40,991] {scheduler_job.py:632} INFO - Processing file /home/airflow/.local/lib/python3.6/site-packages/airflow/example_dags/example_branch_day_of_week_operator.py for tasks to queue
[2023-06-12 08:03:40,992] {logging_mixin.py:104} INFO - [2023-06-12 08:03:40,992] {dagbag.py:496} INFO - Filling up the DagBag from /home/airflow/.local/lib/python3.6/site-packages/airflow/example_dags/example_branch_day_of_week_operator.py
[2023-06-12 08:03:41,006] {scheduler_job.py:642} INFO - DAG(s) dict_keys(['example_weekday_branch_operator']) retrieved from /home/airflow/.local/lib/python3.6/site-packages/airflow/example_dags/example_branch_day_of_week_operator.py
[2023-06-12 08:03:41,025] {logging_mixin.py:104} INFO - [2023-06-12 08:03:41,025] {dag.py:1833} INFO - Sync 1 DAGs
[2023-06-12 08:03:41,039] {logging_mixin.py:104} INFO - [2023-06-12 08:03:41,039] {dag.py:2306} INFO - Setting next_dagrun for example_weekday_branch_operator to 2023-06-10 00:00:00+00:00
[2023-06-12 08:03:41,047] {scheduler_job.py:189} INFO - Processing /home/airflow/.local/lib/python3.6/site-packages/airflow/example_dags/example_branch_day_of_week_operator.py took 0.060 seconds
[2023-06-12 08:04:11,354] {scheduler_job.py:181} INFO - Started process (PID=1311) to work on /home/airflow/.local/lib/python3.6/site-packages/airflow/example_dags/example_branch_day_of_week_operator.py
[2023-06-12 08:04:11,355] {scheduler_job.py:632} INFO - Processing file /home/airflow/.local/lib/python3.6/site-packages/airflow/example_dags/example_branch_day_of_week_operator.py for tasks to queue
[2023-06-12 08:04:11,356] {logging_mixin.py:104} INFO - [2023-06-12 08:04:11,356] {dagbag.py:496} INFO - Filling up the DagBag from /home/airflow/.local/lib/python3.6/site-packages/airflow/example_dags/example_branch_day_of_week_operator.py
[2023-06-12 08:04:11,368] {scheduler_job.py:642} INFO - DAG(s) dict_keys(['example_weekday_branch_operator']) retrieved from /home/airflow/.local/lib/python3.6/site-packages/airflow/example_dags/example_branch_day_of_week_operator.py
[2023-06-12 08:04:11,390] {logging_mixin.py:104} INFO - [2023-06-12 08:04:11,390] {dag.py:1833} INFO - Sync 1 DAGs
[2023-06-12 08:04:11,408] {logging_mixin.py:104} INFO - [2023-06-12 08:04:11,408] {dag.py:2306} INFO - Setting next_dagrun for example_weekday_branch_operator to 2023-06-10 00:00:00+00:00
[2023-06-12 08:04:11,419] {scheduler_job.py:189} INFO - Processing /home/airflow/.local/lib/python3.6/site-packages/airflow/example_dags/example_branch_day_of_week_operator.py took 0.069 seconds
[2023-06-12 08:04:41,765] {scheduler_job.py:181} INFO - Started process (PID=1365) to work on /home/airflow/.local/lib/python3.6/site-packages/airflow/example_dags/example_branch_day_of_week_operator.py
[2023-06-12 08:04:41,766] {scheduler_job.py:632} INFO - Processing file /home/airflow/.local/lib/python3.6/site-packages/airflow/example_dags/example_branch_day_of_week_operator.py for tasks to queue
[2023-06-12 08:04:41,767] {logging_mixin.py:104} INFO - [2023-06-12 08:04:41,767] {dagbag.py:496} INFO - Filling up the DagBag from /home/airflow/.local/lib/python3.6/site-packages/airflow/example_dags/example_branch_day_of_week_operator.py
[2023-06-12 08:04:41,777] {scheduler_job.py:642} INFO - DAG(s) dict_keys(['example_weekday_branch_operator']) retrieved from /home/airflow/.local/lib/python3.6/site-packages/airflow/example_dags/example_branch_day_of_week_operator.py
[2023-06-12 08:04:41,796] {logging_mixin.py:104} INFO - [2023-06-12 08:04:41,796] {dag.py:1833} INFO - Sync 1 DAGs
[2023-06-12 08:04:41,811] {logging_mixin.py:104} INFO - [2023-06-12 08:04:41,811] {dag.py:2306} INFO - Setting next_dagrun for example_weekday_branch_operator to 2023-06-10 00:00:00+00:00
[2023-06-12 08:04:41,821] {scheduler_job.py:189} INFO - Processing /home/airflow/.local/lib/python3.6/site-packages/airflow/example_dags/example_branch_day_of_week_operator.py took 0.060 seconds
[2023-06-12 08:05:12,184] {scheduler_job.py:181} INFO - Started process (PID=1428) to work on /home/airflow/.local/lib/python3.6/site-packages/airflow/example_dags/example_branch_day_of_week_operator.py
[2023-06-12 08:05:12,185] {scheduler_job.py:632} INFO - Processing file /home/airflow/.local/lib/python3.6/site-packages/airflow/example_dags/example_branch_day_of_week_operator.py for tasks to queue
[2023-06-12 08:05:12,186] {logging_mixin.py:104} INFO - [2023-06-12 08:05:12,186] {dagbag.py:496} INFO - Filling up the DagBag from /home/airflow/.local/lib/python3.6/site-packages/airflow/example_dags/example_branch_day_of_week_operator.py
[2023-06-12 08:05:12,198] {scheduler_job.py:642} INFO - DAG(s) dict_keys(['example_weekday_branch_operator']) retrieved from /home/airflow/.local/lib/python3.6/site-packages/airflow/example_dags/example_branch_day_of_week_operator.py
[2023-06-12 08:05:12,213] {logging_mixin.py:104} INFO - [2023-06-12 08:05:12,213] {dag.py:1833} INFO - Sync 1 DAGs
[2023-06-12 08:05:12,227] {logging_mixin.py:104} INFO - [2023-06-12 08:05:12,226] {dag.py:2306} INFO - Setting next_dagrun for example_weekday_branch_operator to 2023-06-10 00:00:00+00:00
[2023-06-12 08:05:12,236] {scheduler_job.py:189} INFO - Processing /home/airflow/.local/lib/python3.6/site-packages/airflow/example_dags/example_branch_day_of_week_operator.py took 0.055 seconds
[2023-06-12 08:05:42,310] {scheduler_job.py:181} INFO - Started process (PID=1482) to work on /home/airflow/.local/lib/python3.6/site-packages/airflow/example_dags/example_branch_day_of_week_operator.py
[2023-06-12 08:05:42,312] {scheduler_job.py:632} INFO - Processing file /home/airflow/.local/lib/python3.6/site-packages/airflow/example_dags/example_branch_day_of_week_operator.py for tasks to queue
[2023-06-12 08:05:42,313] {logging_mixin.py:104} INFO - [2023-06-12 08:05:42,312] {dagbag.py:496} INFO - Filling up the DagBag from /home/airflow/.local/lib/python3.6/site-packages/airflow/example_dags/example_branch_day_of_week_operator.py
[2023-06-12 08:05:42,323] {scheduler_job.py:642} INFO - DAG(s) dict_keys(['example_weekday_branch_operator']) retrieved from /home/airflow/.local/lib/python3.6/site-packages/airflow/example_dags/example_branch_day_of_week_operator.py
[2023-06-12 08:05:42,340] {logging_mixin.py:104} INFO - [2023-06-12 08:05:42,340] {dag.py:1833} INFO - Sync 1 DAGs
[2023-06-12 08:05:42,353] {logging_mixin.py:104} INFO - [2023-06-12 08:05:42,353] {dag.py:2306} INFO - Setting next_dagrun for example_weekday_branch_operator to 2023-06-10 00:00:00+00:00
[2023-06-12 08:05:42,363] {scheduler_job.py:189} INFO - Processing /home/airflow/.local/lib/python3.6/site-packages/airflow/example_dags/example_branch_day_of_week_operator.py took 0.056 seconds
[2023-06-12 08:06:12,910] {scheduler_job.py:181} INFO - Started process (PID=1545) to work on /home/airflow/.local/lib/python3.6/site-packages/airflow/example_dags/example_branch_day_of_week_operator.py
[2023-06-12 08:06:12,911] {scheduler_job.py:632} INFO - Processing file /home/airflow/.local/lib/python3.6/site-packages/airflow/example_dags/example_branch_day_of_week_operator.py for tasks to queue
[2023-06-12 08:06:12,912] {logging_mixin.py:104} INFO - [2023-06-12 08:06:12,912] {dagbag.py:496} INFO - Filling up the DagBag from /home/airflow/.local/lib/python3.6/site-packages/airflow/example_dags/example_branch_day_of_week_operator.py
[2023-06-12 08:06:12,925] {scheduler_job.py:642} INFO - DAG(s) dict_keys(['example_weekday_branch_operator']) retrieved from /home/airflow/.local/lib/python3.6/site-packages/airflow/example_dags/example_branch_day_of_week_operator.py
[2023-06-12 08:06:12,948] {logging_mixin.py:104} INFO - [2023-06-12 08:06:12,948] {dag.py:1833} INFO - Sync 1 DAGs
[2023-06-12 08:06:12,964] {logging_mixin.py:104} INFO - [2023-06-12 08:06:12,964] {dag.py:2306} INFO - Setting next_dagrun for example_weekday_branch_operator to 2023-06-10 00:00:00+00:00
[2023-06-12 08:06:12,975] {scheduler_job.py:189} INFO - Processing /home/airflow/.local/lib/python3.6/site-packages/airflow/example_dags/example_branch_day_of_week_operator.py took 0.069 seconds
[2023-06-12 08:06:43,287] {scheduler_job.py:181} INFO - Started process (PID=1605) to work on /home/airflow/.local/lib/python3.6/site-packages/airflow/example_dags/example_branch_day_of_week_operator.py
[2023-06-12 08:06:43,288] {scheduler_job.py:632} INFO - Processing file /home/airflow/.local/lib/python3.6/site-packages/airflow/example_dags/example_branch_day_of_week_operator.py for tasks to queue
[2023-06-12 08:06:43,289] {logging_mixin.py:104} INFO - [2023-06-12 08:06:43,289] {dagbag.py:496} INFO - Filling up the DagBag from /home/airflow/.local/lib/python3.6/site-packages/airflow/example_dags/example_branch_day_of_week_operator.py
[2023-06-12 08:06:43,300] {scheduler_job.py:642} INFO - DAG(s) dict_keys(['example_weekday_branch_operator']) retrieved from /home/airflow/.local/lib/python3.6/site-packages/airflow/example_dags/example_branch_day_of_week_operator.py
[2023-06-12 08:06:43,319] {logging_mixin.py:104} INFO - [2023-06-12 08:06:43,319] {dag.py:1833} INFO - Sync 1 DAGs
[2023-06-12 08:06:43,336] {logging_mixin.py:104} INFO - [2023-06-12 08:06:43,336] {dag.py:2306} INFO - Setting next_dagrun for example_weekday_branch_operator to 2023-06-10 00:00:00+00:00
[2023-06-12 08:06:43,351] {scheduler_job.py:189} INFO - Processing /home/airflow/.local/lib/python3.6/site-packages/airflow/example_dags/example_branch_day_of_week_operator.py took 0.067 seconds
[2023-06-12 08:07:14,035] {scheduler_job.py:181} INFO - Started process (PID=1661) to work on /home/airflow/.local/lib/python3.6/site-packages/airflow/example_dags/example_branch_day_of_week_operator.py
[2023-06-12 08:07:14,037] {scheduler_job.py:632} INFO - Processing file /home/airflow/.local/lib/python3.6/site-packages/airflow/example_dags/example_branch_day_of_week_operator.py for tasks to queue
[2023-06-12 08:07:14,038] {logging_mixin.py:104} INFO - [2023-06-12 08:07:14,037] {dagbag.py:496} INFO - Filling up the DagBag from /home/airflow/.local/lib/python3.6/site-packages/airflow/example_dags/example_branch_day_of_week_operator.py
[2023-06-12 08:07:14,049] {scheduler_job.py:642} INFO - DAG(s) dict_keys(['example_weekday_branch_operator']) retrieved from /home/airflow/.local/lib/python3.6/site-packages/airflow/example_dags/example_branch_day_of_week_operator.py
[2023-06-12 08:07:14,069] {logging_mixin.py:104} INFO - [2023-06-12 08:07:14,069] {dag.py:1833} INFO - Sync 1 DAGs
[2023-06-12 08:07:14,086] {logging_mixin.py:104} INFO - [2023-06-12 08:07:14,086] {dag.py:2306} INFO - Setting next_dagrun for example_weekday_branch_operator to 2023-06-10 00:00:00+00:00
[2023-06-12 08:07:14,095] {scheduler_job.py:189} INFO - Processing /home/airflow/.local/lib/python3.6/site-packages/airflow/example_dags/example_branch_day_of_week_operator.py took 0.062 seconds
[2023-06-12 08:07:44,349] {scheduler_job.py:181} INFO - Started process (PID=1724) to work on /home/airflow/.local/lib/python3.6/site-packages/airflow/example_dags/example_branch_day_of_week_operator.py
[2023-06-12 08:07:44,350] {scheduler_job.py:632} INFO - Processing file /home/airflow/.local/lib/python3.6/site-packages/airflow/example_dags/example_branch_day_of_week_operator.py for tasks to queue
[2023-06-12 08:07:44,351] {logging_mixin.py:104} INFO - [2023-06-12 08:07:44,351] {dagbag.py:496} INFO - Filling up the DagBag from /home/airflow/.local/lib/python3.6/site-packages/airflow/example_dags/example_branch_day_of_week_operator.py
[2023-06-12 08:07:44,361] {scheduler_job.py:642} INFO - DAG(s) dict_keys(['example_weekday_branch_operator']) retrieved from /home/airflow/.local/lib/python3.6/site-packages/airflow/example_dags/example_branch_day_of_week_operator.py
[2023-06-12 08:07:44,377] {logging_mixin.py:104} INFO - [2023-06-12 08:07:44,377] {dag.py:1833} INFO - Sync 1 DAGs
[2023-06-12 08:07:44,391] {logging_mixin.py:104} INFO - [2023-06-12 08:07:44,391] {dag.py:2306} INFO - Setting next_dagrun for example_weekday_branch_operator to 2023-06-10 00:00:00+00:00
[2023-06-12 08:07:44,401] {scheduler_job.py:189} INFO - Processing /home/airflow/.local/lib/python3.6/site-packages/airflow/example_dags/example_branch_day_of_week_operator.py took 0.054 seconds
[2023-06-12 08:08:14,686] {scheduler_job.py:181} INFO - Started process (PID=1777) to work on /home/airflow/.local/lib/python3.6/site-packages/airflow/example_dags/example_branch_day_of_week_operator.py
[2023-06-12 08:08:14,687] {scheduler_job.py:632} INFO - Processing file /home/airflow/.local/lib/python3.6/site-packages/airflow/example_dags/example_branch_day_of_week_operator.py for tasks to queue
[2023-06-12 08:08:14,688] {logging_mixin.py:104} INFO - [2023-06-12 08:08:14,688] {dagbag.py:496} INFO - Filling up the DagBag from /home/airflow/.local/lib/python3.6/site-packages/airflow/example_dags/example_branch_day_of_week_operator.py
[2023-06-12 08:08:14,699] {scheduler_job.py:642} INFO - DAG(s) dict_keys(['example_weekday_branch_operator']) retrieved from /home/airflow/.local/lib/python3.6/site-packages/airflow/example_dags/example_branch_day_of_week_operator.py
[2023-06-12 08:08:14,717] {logging_mixin.py:104} INFO - [2023-06-12 08:08:14,717] {dag.py:1833} INFO - Sync 1 DAGs
[2023-06-12 08:08:14,731] {logging_mixin.py:104} INFO - [2023-06-12 08:08:14,730] {dag.py:2306} INFO - Setting next_dagrun for example_weekday_branch_operator to 2023-06-10 00:00:00+00:00
[2023-06-12 08:08:14,739] {scheduler_job.py:189} INFO - Processing /home/airflow/.local/lib/python3.6/site-packages/airflow/example_dags/example_branch_day_of_week_operator.py took 0.055 seconds
[2023-06-12 08:08:45,375] {scheduler_job.py:181} INFO - Started process (PID=1841) to work on /home/airflow/.local/lib/python3.6/site-packages/airflow/example_dags/example_branch_day_of_week_operator.py
[2023-06-12 08:08:45,377] {scheduler_job.py:632} INFO - Processing file /home/airflow/.local/lib/python3.6/site-packages/airflow/example_dags/example_branch_day_of_week_operator.py for tasks to queue
[2023-06-12 08:08:45,378] {logging_mixin.py:104} INFO - [2023-06-12 08:08:45,378] {dagbag.py:496} INFO - Filling up the DagBag from /home/airflow/.local/lib/python3.6/site-packages/airflow/example_dags/example_branch_day_of_week_operator.py
[2023-06-12 08:08:45,387] {scheduler_job.py:642} INFO - DAG(s) dict_keys(['example_weekday_branch_operator']) retrieved from /home/airflow/.local/lib/python3.6/site-packages/airflow/example_dags/example_branch_day_of_week_operator.py
[2023-06-12 08:08:45,406] {logging_mixin.py:104} INFO - [2023-06-12 08:08:45,406] {dag.py:1833} INFO - Sync 1 DAGs
[2023-06-12 08:08:45,422] {logging_mixin.py:104} INFO - [2023-06-12 08:08:45,422] {dag.py:2306} INFO - Setting next_dagrun for example_weekday_branch_operator to 2023-06-10 00:00:00+00:00
[2023-06-12 08:08:45,431] {scheduler_job.py:189} INFO - Processing /home/airflow/.local/lib/python3.6/site-packages/airflow/example_dags/example_branch_day_of_week_operator.py took 0.059 seconds
[2023-06-12 08:09:15,648] {scheduler_job.py:181} INFO - Started process (PID=1904) to work on /home/airflow/.local/lib/python3.6/site-packages/airflow/example_dags/example_branch_day_of_week_operator.py
[2023-06-12 08:09:15,649] {scheduler_job.py:632} INFO - Processing file /home/airflow/.local/lib/python3.6/site-packages/airflow/example_dags/example_branch_day_of_week_operator.py for tasks to queue
[2023-06-12 08:09:15,650] {logging_mixin.py:104} INFO - [2023-06-12 08:09:15,650] {dagbag.py:496} INFO - Filling up the DagBag from /home/airflow/.local/lib/python3.6/site-packages/airflow/example_dags/example_branch_day_of_week_operator.py
[2023-06-12 08:09:15,659] {scheduler_job.py:642} INFO - DAG(s) dict_keys(['example_weekday_branch_operator']) retrieved from /home/airflow/.local/lib/python3.6/site-packages/airflow/example_dags/example_branch_day_of_week_operator.py
[2023-06-12 08:09:15,676] {logging_mixin.py:104} INFO - [2023-06-12 08:09:15,676] {dag.py:1833} INFO - Sync 1 DAGs
[2023-06-12 08:09:15,690] {logging_mixin.py:104} INFO - [2023-06-12 08:09:15,690] {dag.py:2306} INFO - Setting next_dagrun for example_weekday_branch_operator to 2023-06-10 00:00:00+00:00
[2023-06-12 08:09:15,700] {scheduler_job.py:189} INFO - Processing /home/airflow/.local/lib/python3.6/site-packages/airflow/example_dags/example_branch_day_of_week_operator.py took 0.055 seconds
[2023-06-12 08:09:45,963] {scheduler_job.py:181} INFO - Started process (PID=1957) to work on /home/airflow/.local/lib/python3.6/site-packages/airflow/example_dags/example_branch_day_of_week_operator.py
[2023-06-12 08:09:45,964] {scheduler_job.py:632} INFO - Processing file /home/airflow/.local/lib/python3.6/site-packages/airflow/example_dags/example_branch_day_of_week_operator.py for tasks to queue
[2023-06-12 08:09:45,965] {logging_mixin.py:104} INFO - [2023-06-12 08:09:45,965] {dagbag.py:496} INFO - Filling up the DagBag from /home/airflow/.local/lib/python3.6/site-packages/airflow/example_dags/example_branch_day_of_week_operator.py
[2023-06-12 08:09:45,974] {scheduler_job.py:642} INFO - DAG(s) dict_keys(['example_weekday_branch_operator']) retrieved from /home/airflow/.local/lib/python3.6/site-packages/airflow/example_dags/example_branch_day_of_week_operator.py
[2023-06-12 08:09:45,989] {logging_mixin.py:104} INFO - [2023-06-12 08:09:45,989] {dag.py:1833} INFO - Sync 1 DAGs
[2023-06-12 08:09:46,002] {logging_mixin.py:104} INFO - [2023-06-12 08:09:46,002] {dag.py:2306} INFO - Setting next_dagrun for example_weekday_branch_operator to 2023-06-10 00:00:00+00:00
[2023-06-12 08:09:46,011] {scheduler_job.py:189} INFO - Processing /home/airflow/.local/lib/python3.6/site-packages/airflow/example_dags/example_branch_day_of_week_operator.py took 0.051 seconds
[2023-06-12 08:10:16,549] {scheduler_job.py:181} INFO - Started process (PID=2020) to work on /home/airflow/.local/lib/python3.6/site-packages/airflow/example_dags/example_branch_day_of_week_operator.py
[2023-06-12 08:10:16,550] {scheduler_job.py:632} INFO - Processing file /home/airflow/.local/lib/python3.6/site-packages/airflow/example_dags/example_branch_day_of_week_operator.py for tasks to queue
[2023-06-12 08:10:16,551] {logging_mixin.py:104} INFO - [2023-06-12 08:10:16,551] {dagbag.py:496} INFO - Filling up the DagBag from /home/airflow/.local/lib/python3.6/site-packages/airflow/example_dags/example_branch_day_of_week_operator.py
[2023-06-12 08:10:16,561] {scheduler_job.py:642} INFO - DAG(s) dict_keys(['example_weekday_branch_operator']) retrieved from /home/airflow/.local/lib/python3.6/site-packages/airflow/example_dags/example_branch_day_of_week_operator.py
[2023-06-12 08:10:16,578] {logging_mixin.py:104} INFO - [2023-06-12 08:10:16,578] {dag.py:1833} INFO - Sync 1 DAGs
[2023-06-12 08:10:16,593] {logging_mixin.py:104} INFO - [2023-06-12 08:10:16,593] {dag.py:2306} INFO - Setting next_dagrun for example_weekday_branch_operator to 2023-06-10 00:00:00+00:00
[2023-06-12 08:10:16,601] {scheduler_job.py:189} INFO - Processing /home/airflow/.local/lib/python3.6/site-packages/airflow/example_dags/example_branch_day_of_week_operator.py took 0.055 seconds
[2023-06-12 08:10:47,022] {scheduler_job.py:181} INFO - Started process (PID=2073) to work on /home/airflow/.local/lib/python3.6/site-packages/airflow/example_dags/example_branch_day_of_week_operator.py
[2023-06-12 08:10:47,023] {scheduler_job.py:632} INFO - Processing file /home/airflow/.local/lib/python3.6/site-packages/airflow/example_dags/example_branch_day_of_week_operator.py for tasks to queue
[2023-06-12 08:10:47,024] {logging_mixin.py:104} INFO - [2023-06-12 08:10:47,024] {dagbag.py:496} INFO - Filling up the DagBag from /home/airflow/.local/lib/python3.6/site-packages/airflow/example_dags/example_branch_day_of_week_operator.py
[2023-06-12 08:10:47,035] {scheduler_job.py:642} INFO - DAG(s) dict_keys(['example_weekday_branch_operator']) retrieved from /home/airflow/.local/lib/python3.6/site-packages/airflow/example_dags/example_branch_day_of_week_operator.py
[2023-06-12 08:10:47,053] {logging_mixin.py:104} INFO - [2023-06-12 08:10:47,053] {dag.py:1833} INFO - Sync 1 DAGs
[2023-06-12 08:10:47,070] {logging_mixin.py:104} INFO - [2023-06-12 08:10:47,070] {dag.py:2306} INFO - Setting next_dagrun for example_weekday_branch_operator to 2023-06-10 00:00:00+00:00
[2023-06-12 08:10:47,079] {scheduler_job.py:189} INFO - Processing /home/airflow/.local/lib/python3.6/site-packages/airflow/example_dags/example_branch_day_of_week_operator.py took 0.059 seconds
[2023-06-12 08:11:17,605] {scheduler_job.py:181} INFO - Started process (PID=2136) to work on /home/airflow/.local/lib/python3.6/site-packages/airflow/example_dags/example_branch_day_of_week_operator.py
[2023-06-12 08:11:17,607] {scheduler_job.py:632} INFO - Processing file /home/airflow/.local/lib/python3.6/site-packages/airflow/example_dags/example_branch_day_of_week_operator.py for tasks to queue
[2023-06-12 08:11:17,608] {logging_mixin.py:104} INFO - [2023-06-12 08:11:17,608] {dagbag.py:496} INFO - Filling up the DagBag from /home/airflow/.local/lib/python3.6/site-packages/airflow/example_dags/example_branch_day_of_week_operator.py
[2023-06-12 08:11:17,617] {scheduler_job.py:642} INFO - DAG(s) dict_keys(['example_weekday_branch_operator']) retrieved from /home/airflow/.local/lib/python3.6/site-packages/airflow/example_dags/example_branch_day_of_week_operator.py
[2023-06-12 08:11:17,635] {logging_mixin.py:104} INFO - [2023-06-12 08:11:17,635] {dag.py:1833} INFO - Sync 1 DAGs
[2023-06-12 08:11:17,651] {logging_mixin.py:104} INFO - [2023-06-12 08:11:17,651] {dag.py:2306} INFO - Setting next_dagrun for example_weekday_branch_operator to 2023-06-10 00:00:00+00:00
[2023-06-12 08:11:17,670] {scheduler_job.py:189} INFO - Processing /home/airflow/.local/lib/python3.6/site-packages/airflow/example_dags/example_branch_day_of_week_operator.py took 0.067 seconds
[2023-06-12 08:11:47,948] {scheduler_job.py:181} INFO - Started process (PID=2199) to work on /home/airflow/.local/lib/python3.6/site-packages/airflow/example_dags/example_branch_day_of_week_operator.py
[2023-06-12 08:11:47,949] {scheduler_job.py:632} INFO - Processing file /home/airflow/.local/lib/python3.6/site-packages/airflow/example_dags/example_branch_day_of_week_operator.py for tasks to queue
[2023-06-12 08:11:47,950] {logging_mixin.py:104} INFO - [2023-06-12 08:11:47,950] {dagbag.py:496} INFO - Filling up the DagBag from /home/airflow/.local/lib/python3.6/site-packages/airflow/example_dags/example_branch_day_of_week_operator.py
[2023-06-12 08:11:47,960] {scheduler_job.py:642} INFO - DAG(s) dict_keys(['example_weekday_branch_operator']) retrieved from /home/airflow/.local/lib/python3.6/site-packages/airflow/example_dags/example_branch_day_of_week_operator.py
[2023-06-12 08:11:47,975] {logging_mixin.py:104} INFO - [2023-06-12 08:11:47,975] {dag.py:1833} INFO - Sync 1 DAGs
[2023-06-12 08:11:47,989] {logging_mixin.py:104} INFO - [2023-06-12 08:11:47,988] {dag.py:2306} INFO - Setting next_dagrun for example_weekday_branch_operator to 2023-06-10 00:00:00+00:00
[2023-06-12 08:11:47,997] {scheduler_job.py:189} INFO - Processing /home/airflow/.local/lib/python3.6/site-packages/airflow/example_dags/example_branch_day_of_week_operator.py took 0.051 seconds
[2023-06-12 08:12:18,236] {scheduler_job.py:181} INFO - Started process (PID=2252) to work on /home/airflow/.local/lib/python3.6/site-packages/airflow/example_dags/example_branch_day_of_week_operator.py
[2023-06-12 08:12:18,237] {scheduler_job.py:632} INFO - Processing file /home/airflow/.local/lib/python3.6/site-packages/airflow/example_dags/example_branch_day_of_week_operator.py for tasks to queue
[2023-06-12 08:12:18,238] {logging_mixin.py:104} INFO - [2023-06-12 08:12:18,238] {dagbag.py:496} INFO - Filling up the DagBag from /home/airflow/.local/lib/python3.6/site-packages/airflow/example_dags/example_branch_day_of_week_operator.py
[2023-06-12 08:12:18,246] {scheduler_job.py:642} INFO - DAG(s) dict_keys(['example_weekday_branch_operator']) retrieved from /home/airflow/.local/lib/python3.6/site-packages/airflow/example_dags/example_branch_day_of_week_operator.py
[2023-06-12 08:12:18,263] {logging_mixin.py:104} INFO - [2023-06-12 08:12:18,263] {dag.py:1833} INFO - Sync 1 DAGs
[2023-06-12 08:12:18,276] {logging_mixin.py:104} INFO - [2023-06-12 08:12:18,276] {dag.py:2306} INFO - Setting next_dagrun for example_weekday_branch_operator to 2023-06-10 00:00:00+00:00
[2023-06-12 08:12:18,284] {scheduler_job.py:189} INFO - Processing /home/airflow/.local/lib/python3.6/site-packages/airflow/example_dags/example_branch_day_of_week_operator.py took 0.051 seconds
[2023-06-12 08:12:48,828] {scheduler_job.py:181} INFO - Started process (PID=2315) to work on /home/airflow/.local/lib/python3.6/site-packages/airflow/example_dags/example_branch_day_of_week_operator.py
[2023-06-12 08:12:48,830] {scheduler_job.py:632} INFO - Processing file /home/airflow/.local/lib/python3.6/site-packages/airflow/example_dags/example_branch_day_of_week_operator.py for tasks to queue
[2023-06-12 08:12:48,830] {logging_mixin.py:104} INFO - [2023-06-12 08:12:48,830] {dagbag.py:496} INFO - Filling up the DagBag from /home/airflow/.local/lib/python3.6/site-packages/airflow/example_dags/example_branch_day_of_week_operator.py
[2023-06-12 08:12:48,841] {scheduler_job.py:642} INFO - DAG(s) dict_keys(['example_weekday_branch_operator']) retrieved from /home/airflow/.local/lib/python3.6/site-packages/airflow/example_dags/example_branch_day_of_week_operator.py
[2023-06-12 08:12:48,859] {logging_mixin.py:104} INFO - [2023-06-12 08:12:48,859] {dag.py:1833} INFO - Sync 1 DAGs
[2023-06-12 08:12:48,877] {logging_mixin.py:104} INFO - [2023-06-12 08:12:48,877] {dag.py:2306} INFO - Setting next_dagrun for example_weekday_branch_operator to 2023-06-10 00:00:00+00:00
[2023-06-12 08:12:48,887] {scheduler_job.py:189} INFO - Processing /home/airflow/.local/lib/python3.6/site-packages/airflow/example_dags/example_branch_day_of_week_operator.py took 0.061 seconds
