[2023-06-12 07:53:26,557] {scheduler_job.py:181} INFO - Started process (PID=42) to work on /home/airflow/.local/lib/python3.6/site-packages/airflow/example_dags/example_xcom.py
[2023-06-12 07:53:26,558] {scheduler_job.py:632} INFO - Processing file /home/airflow/.local/lib/python3.6/site-packages/airflow/example_dags/example_xcom.py for tasks to queue
[2023-06-12 07:53:26,559] {logging_mixin.py:104} INFO - [2023-06-12 07:53:26,559] {dagbag.py:496} INFO - Filling up the DagBag from /home/airflow/.local/lib/python3.6/site-packages/airflow/example_dags/example_xcom.py
[2023-06-12 07:53:26,568] {scheduler_job.py:642} INFO - DAG(s) dict_keys(['example_xcom']) retrieved from /home/airflow/.local/lib/python3.6/site-packages/airflow/example_dags/example_xcom.py
[2023-06-12 07:53:26,738] {logging_mixin.py:104} INFO - [2023-06-12 07:53:26,738] {dag.py:1833} INFO - Sync 1 DAGs
[2023-06-12 07:53:26,749] {logging_mixin.py:104} INFO - [2023-06-12 07:53:26,749] {dag.py:2306} INFO - Setting next_dagrun for example_xcom to 2023-06-10 00:00:00+00:00
[2023-06-12 07:53:26,760] {scheduler_job.py:189} INFO - Processing /home/airflow/.local/lib/python3.6/site-packages/airflow/example_dags/example_xcom.py took 0.206 seconds
[2023-06-12 07:53:57,180] {scheduler_job.py:181} INFO - Started process (PID=105) to work on /home/airflow/.local/lib/python3.6/site-packages/airflow/example_dags/example_xcom.py
[2023-06-12 07:53:57,181] {scheduler_job.py:632} INFO - Processing file /home/airflow/.local/lib/python3.6/site-packages/airflow/example_dags/example_xcom.py for tasks to queue
[2023-06-12 07:53:57,182] {logging_mixin.py:104} INFO - [2023-06-12 07:53:57,182] {dagbag.py:496} INFO - Filling up the DagBag from /home/airflow/.local/lib/python3.6/site-packages/airflow/example_dags/example_xcom.py
[2023-06-12 07:53:57,193] {scheduler_job.py:642} INFO - DAG(s) dict_keys(['example_xcom']) retrieved from /home/airflow/.local/lib/python3.6/site-packages/airflow/example_dags/example_xcom.py
[2023-06-12 07:53:57,211] {logging_mixin.py:104} INFO - [2023-06-12 07:53:57,211] {dag.py:1833} INFO - Sync 1 DAGs
[2023-06-12 07:53:57,225] {logging_mixin.py:104} INFO - [2023-06-12 07:53:57,225] {dag.py:2306} INFO - Setting next_dagrun for example_xcom to 2023-06-10 00:00:00+00:00
[2023-06-12 07:53:57,237] {scheduler_job.py:189} INFO - Processing /home/airflow/.local/lib/python3.6/site-packages/airflow/example_dags/example_xcom.py took 0.060 seconds
[2023-06-12 07:54:27,824] {scheduler_job.py:181} INFO - Started process (PID=168) to work on /home/airflow/.local/lib/python3.6/site-packages/airflow/example_dags/example_xcom.py
[2023-06-12 07:54:27,826] {scheduler_job.py:632} INFO - Processing file /home/airflow/.local/lib/python3.6/site-packages/airflow/example_dags/example_xcom.py for tasks to queue
[2023-06-12 07:54:27,827] {logging_mixin.py:104} INFO - [2023-06-12 07:54:27,827] {dagbag.py:496} INFO - Filling up the DagBag from /home/airflow/.local/lib/python3.6/site-packages/airflow/example_dags/example_xcom.py
[2023-06-12 07:54:27,838] {scheduler_job.py:642} INFO - DAG(s) dict_keys(['example_xcom']) retrieved from /home/airflow/.local/lib/python3.6/site-packages/airflow/example_dags/example_xcom.py
[2023-06-12 07:54:27,859] {logging_mixin.py:104} INFO - [2023-06-12 07:54:27,859] {dag.py:1833} INFO - Sync 1 DAGs
[2023-06-12 07:54:27,875] {logging_mixin.py:104} INFO - [2023-06-12 07:54:27,875] {dag.py:2306} INFO - Setting next_dagrun for example_xcom to 2023-06-10 00:00:00+00:00
[2023-06-12 07:54:27,886] {scheduler_job.py:189} INFO - Processing /home/airflow/.local/lib/python3.6/site-packages/airflow/example_dags/example_xcom.py took 0.065 seconds
[2023-06-12 07:54:58,755] {scheduler_job.py:181} INFO - Started process (PID=221) to work on /home/airflow/.local/lib/python3.6/site-packages/airflow/example_dags/example_xcom.py
[2023-06-12 07:54:58,756] {scheduler_job.py:632} INFO - Processing file /home/airflow/.local/lib/python3.6/site-packages/airflow/example_dags/example_xcom.py for tasks to queue
[2023-06-12 07:54:58,756] {logging_mixin.py:104} INFO - [2023-06-12 07:54:58,756] {dagbag.py:496} INFO - Filling up the DagBag from /home/airflow/.local/lib/python3.6/site-packages/airflow/example_dags/example_xcom.py
[2023-06-12 07:54:58,767] {scheduler_job.py:642} INFO - DAG(s) dict_keys(['example_xcom']) retrieved from /home/airflow/.local/lib/python3.6/site-packages/airflow/example_dags/example_xcom.py
[2023-06-12 07:54:58,784] {logging_mixin.py:104} INFO - [2023-06-12 07:54:58,784] {dag.py:1833} INFO - Sync 1 DAGs
[2023-06-12 07:54:58,796] {logging_mixin.py:104} INFO - [2023-06-12 07:54:58,796] {dag.py:2306} INFO - Setting next_dagrun for example_xcom to 2023-06-10 00:00:00+00:00
[2023-06-12 07:54:58,806] {scheduler_job.py:189} INFO - Processing /home/airflow/.local/lib/python3.6/site-packages/airflow/example_dags/example_xcom.py took 0.054 seconds
[2023-06-12 07:55:28,908] {scheduler_job.py:181} INFO - Started process (PID=283) to work on /home/airflow/.local/lib/python3.6/site-packages/airflow/example_dags/example_xcom.py
[2023-06-12 07:55:28,910] {scheduler_job.py:632} INFO - Processing file /home/airflow/.local/lib/python3.6/site-packages/airflow/example_dags/example_xcom.py for tasks to queue
[2023-06-12 07:55:28,911] {logging_mixin.py:104} INFO - [2023-06-12 07:55:28,910] {dagbag.py:496} INFO - Filling up the DagBag from /home/airflow/.local/lib/python3.6/site-packages/airflow/example_dags/example_xcom.py
[2023-06-12 07:55:28,920] {scheduler_job.py:642} INFO - DAG(s) dict_keys(['example_xcom']) retrieved from /home/airflow/.local/lib/python3.6/site-packages/airflow/example_dags/example_xcom.py
[2023-06-12 07:55:28,938] {logging_mixin.py:104} INFO - [2023-06-12 07:55:28,938] {dag.py:1833} INFO - Sync 1 DAGs
[2023-06-12 07:55:28,950] {logging_mixin.py:104} INFO - [2023-06-12 07:55:28,950] {dag.py:2306} INFO - Setting next_dagrun for example_xcom to 2023-06-10 00:00:00+00:00
[2023-06-12 07:55:28,958] {scheduler_job.py:189} INFO - Processing /home/airflow/.local/lib/python3.6/site-packages/airflow/example_dags/example_xcom.py took 0.053 seconds
[2023-06-12 07:55:59,370] {scheduler_job.py:181} INFO - Started process (PID=336) to work on /home/airflow/.local/lib/python3.6/site-packages/airflow/example_dags/example_xcom.py
[2023-06-12 07:55:59,372] {scheduler_job.py:632} INFO - Processing file /home/airflow/.local/lib/python3.6/site-packages/airflow/example_dags/example_xcom.py for tasks to queue
[2023-06-12 07:55:59,373] {logging_mixin.py:104} INFO - [2023-06-12 07:55:59,373] {dagbag.py:496} INFO - Filling up the DagBag from /home/airflow/.local/lib/python3.6/site-packages/airflow/example_dags/example_xcom.py
[2023-06-12 07:55:59,386] {scheduler_job.py:642} INFO - DAG(s) dict_keys(['example_xcom']) retrieved from /home/airflow/.local/lib/python3.6/site-packages/airflow/example_dags/example_xcom.py
[2023-06-12 07:55:59,405] {logging_mixin.py:104} INFO - [2023-06-12 07:55:59,405] {dag.py:1833} INFO - Sync 1 DAGs
[2023-06-12 07:55:59,419] {logging_mixin.py:104} INFO - [2023-06-12 07:55:59,419] {dag.py:2306} INFO - Setting next_dagrun for example_xcom to 2023-06-10 00:00:00+00:00
[2023-06-12 07:55:59,430] {scheduler_job.py:189} INFO - Processing /home/airflow/.local/lib/python3.6/site-packages/airflow/example_dags/example_xcom.py took 0.063 seconds
[2023-06-12 07:56:30,137] {scheduler_job.py:181} INFO - Started process (PID=400) to work on /home/airflow/.local/lib/python3.6/site-packages/airflow/example_dags/example_xcom.py
[2023-06-12 07:56:30,139] {scheduler_job.py:632} INFO - Processing file /home/airflow/.local/lib/python3.6/site-packages/airflow/example_dags/example_xcom.py for tasks to queue
[2023-06-12 07:56:30,140] {logging_mixin.py:104} INFO - [2023-06-12 07:56:30,139] {dagbag.py:496} INFO - Filling up the DagBag from /home/airflow/.local/lib/python3.6/site-packages/airflow/example_dags/example_xcom.py
[2023-06-12 07:56:30,148] {scheduler_job.py:642} INFO - DAG(s) dict_keys(['example_xcom']) retrieved from /home/airflow/.local/lib/python3.6/site-packages/airflow/example_dags/example_xcom.py
[2023-06-12 07:56:30,166] {logging_mixin.py:104} INFO - [2023-06-12 07:56:30,166] {dag.py:1833} INFO - Sync 1 DAGs
[2023-06-12 07:56:30,179] {logging_mixin.py:104} INFO - [2023-06-12 07:56:30,178] {dag.py:2306} INFO - Setting next_dagrun for example_xcom to 2023-06-10 00:00:00+00:00
[2023-06-12 07:56:30,187] {scheduler_job.py:189} INFO - Processing /home/airflow/.local/lib/python3.6/site-packages/airflow/example_dags/example_xcom.py took 0.052 seconds
[2023-06-12 07:57:00,991] {scheduler_job.py:181} INFO - Started process (PID=463) to work on /home/airflow/.local/lib/python3.6/site-packages/airflow/example_dags/example_xcom.py
[2023-06-12 07:57:00,993] {scheduler_job.py:632} INFO - Processing file /home/airflow/.local/lib/python3.6/site-packages/airflow/example_dags/example_xcom.py for tasks to queue
[2023-06-12 07:57:00,994] {logging_mixin.py:104} INFO - [2023-06-12 07:57:00,994] {dagbag.py:496} INFO - Filling up the DagBag from /home/airflow/.local/lib/python3.6/site-packages/airflow/example_dags/example_xcom.py
[2023-06-12 07:57:01,006] {scheduler_job.py:642} INFO - DAG(s) dict_keys(['example_xcom']) retrieved from /home/airflow/.local/lib/python3.6/site-packages/airflow/example_dags/example_xcom.py
[2023-06-12 07:57:01,027] {logging_mixin.py:104} INFO - [2023-06-12 07:57:01,026] {dag.py:1833} INFO - Sync 1 DAGs
[2023-06-12 07:57:01,043] {logging_mixin.py:104} INFO - [2023-06-12 07:57:01,043] {dag.py:2306} INFO - Setting next_dagrun for example_xcom to 2023-06-10 00:00:00+00:00
[2023-06-12 07:57:01,057] {scheduler_job.py:189} INFO - Processing /home/airflow/.local/lib/python3.6/site-packages/airflow/example_dags/example_xcom.py took 0.069 seconds
[2023-06-12 07:57:31,352] {scheduler_job.py:181} INFO - Started process (PID=516) to work on /home/airflow/.local/lib/python3.6/site-packages/airflow/example_dags/example_xcom.py
[2023-06-12 07:57:31,353] {scheduler_job.py:632} INFO - Processing file /home/airflow/.local/lib/python3.6/site-packages/airflow/example_dags/example_xcom.py for tasks to queue
[2023-06-12 07:57:31,354] {logging_mixin.py:104} INFO - [2023-06-12 07:57:31,354] {dagbag.py:496} INFO - Filling up the DagBag from /home/airflow/.local/lib/python3.6/site-packages/airflow/example_dags/example_xcom.py
[2023-06-12 07:57:31,362] {scheduler_job.py:642} INFO - DAG(s) dict_keys(['example_xcom']) retrieved from /home/airflow/.local/lib/python3.6/site-packages/airflow/example_dags/example_xcom.py
[2023-06-12 07:57:31,380] {logging_mixin.py:104} INFO - [2023-06-12 07:57:31,380] {dag.py:1833} INFO - Sync 1 DAGs
[2023-06-12 07:57:31,392] {logging_mixin.py:104} INFO - [2023-06-12 07:57:31,392] {dag.py:2306} INFO - Setting next_dagrun for example_xcom to 2023-06-10 00:00:00+00:00
[2023-06-12 07:57:31,400] {scheduler_job.py:189} INFO - Processing /home/airflow/.local/lib/python3.6/site-packages/airflow/example_dags/example_xcom.py took 0.051 seconds
[2023-06-12 07:58:01,460] {scheduler_job.py:181} INFO - Started process (PID=578) to work on /home/airflow/.local/lib/python3.6/site-packages/airflow/example_dags/example_xcom.py
[2023-06-12 07:58:01,461] {scheduler_job.py:632} INFO - Processing file /home/airflow/.local/lib/python3.6/site-packages/airflow/example_dags/example_xcom.py for tasks to queue
[2023-06-12 07:58:01,462] {logging_mixin.py:104} INFO - [2023-06-12 07:58:01,462] {dagbag.py:496} INFO - Filling up the DagBag from /home/airflow/.local/lib/python3.6/site-packages/airflow/example_dags/example_xcom.py
[2023-06-12 07:58:01,471] {scheduler_job.py:642} INFO - DAG(s) dict_keys(['example_xcom']) retrieved from /home/airflow/.local/lib/python3.6/site-packages/airflow/example_dags/example_xcom.py
[2023-06-12 07:58:01,486] {logging_mixin.py:104} INFO - [2023-06-12 07:58:01,486] {dag.py:1833} INFO - Sync 1 DAGs
[2023-06-12 07:58:01,498] {logging_mixin.py:104} INFO - [2023-06-12 07:58:01,498] {dag.py:2306} INFO - Setting next_dagrun for example_xcom to 2023-06-10 00:00:00+00:00
[2023-06-12 07:58:01,508] {scheduler_job.py:189} INFO - Processing /home/airflow/.local/lib/python3.6/site-packages/airflow/example_dags/example_xcom.py took 0.051 seconds
[2023-06-12 07:58:31,870] {scheduler_job.py:181} INFO - Started process (PID=638) to work on /home/airflow/.local/lib/python3.6/site-packages/airflow/example_dags/example_xcom.py
[2023-06-12 07:58:31,888] {scheduler_job.py:632} INFO - Processing file /home/airflow/.local/lib/python3.6/site-packages/airflow/example_dags/example_xcom.py for tasks to queue
[2023-06-12 07:58:31,889] {logging_mixin.py:104} INFO - [2023-06-12 07:58:31,889] {dagbag.py:496} INFO - Filling up the DagBag from /home/airflow/.local/lib/python3.6/site-packages/airflow/example_dags/example_xcom.py
[2023-06-12 07:58:31,899] {scheduler_job.py:642} INFO - DAG(s) dict_keys(['example_xcom']) retrieved from /home/airflow/.local/lib/python3.6/site-packages/airflow/example_dags/example_xcom.py
[2023-06-12 07:58:31,917] {logging_mixin.py:104} INFO - [2023-06-12 07:58:31,917] {dag.py:1833} INFO - Sync 1 DAGs
[2023-06-12 07:58:31,930] {logging_mixin.py:104} INFO - [2023-06-12 07:58:31,929] {dag.py:2306} INFO - Setting next_dagrun for example_xcom to 2023-06-10 00:00:00+00:00
[2023-06-12 07:58:31,941] {scheduler_job.py:189} INFO - Processing /home/airflow/.local/lib/python3.6/site-packages/airflow/example_dags/example_xcom.py took 0.073 seconds
[2023-06-12 07:59:02,842] {scheduler_job.py:181} INFO - Started process (PID=694) to work on /home/airflow/.local/lib/python3.6/site-packages/airflow/example_dags/example_xcom.py
[2023-06-12 07:59:02,844] {scheduler_job.py:632} INFO - Processing file /home/airflow/.local/lib/python3.6/site-packages/airflow/example_dags/example_xcom.py for tasks to queue
[2023-06-12 07:59:02,844] {logging_mixin.py:104} INFO - [2023-06-12 07:59:02,844] {dagbag.py:496} INFO - Filling up the DagBag from /home/airflow/.local/lib/python3.6/site-packages/airflow/example_dags/example_xcom.py
[2023-06-12 07:59:02,854] {scheduler_job.py:642} INFO - DAG(s) dict_keys(['example_xcom']) retrieved from /home/airflow/.local/lib/python3.6/site-packages/airflow/example_dags/example_xcom.py
[2023-06-12 07:59:02,873] {logging_mixin.py:104} INFO - [2023-06-12 07:59:02,873] {dag.py:1833} INFO - Sync 1 DAGs
[2023-06-12 07:59:02,886] {logging_mixin.py:104} INFO - [2023-06-12 07:59:02,885] {dag.py:2306} INFO - Setting next_dagrun for example_xcom to 2023-06-10 00:00:00+00:00
[2023-06-12 07:59:02,897] {scheduler_job.py:189} INFO - Processing /home/airflow/.local/lib/python3.6/site-packages/airflow/example_dags/example_xcom.py took 0.057 seconds
[2023-06-12 07:59:33,804] {scheduler_job.py:181} INFO - Started process (PID=757) to work on /home/airflow/.local/lib/python3.6/site-packages/airflow/example_dags/example_xcom.py
[2023-06-12 07:59:33,805] {scheduler_job.py:632} INFO - Processing file /home/airflow/.local/lib/python3.6/site-packages/airflow/example_dags/example_xcom.py for tasks to queue
[2023-06-12 07:59:33,807] {logging_mixin.py:104} INFO - [2023-06-12 07:59:33,806] {dagbag.py:496} INFO - Filling up the DagBag from /home/airflow/.local/lib/python3.6/site-packages/airflow/example_dags/example_xcom.py
[2023-06-12 07:59:33,816] {scheduler_job.py:642} INFO - DAG(s) dict_keys(['example_xcom']) retrieved from /home/airflow/.local/lib/python3.6/site-packages/airflow/example_dags/example_xcom.py
[2023-06-12 07:59:33,832] {logging_mixin.py:104} INFO - [2023-06-12 07:59:33,832] {dag.py:1833} INFO - Sync 1 DAGs
[2023-06-12 07:59:33,844] {logging_mixin.py:104} INFO - [2023-06-12 07:59:33,844] {dag.py:2306} INFO - Setting next_dagrun for example_xcom to 2023-06-10 00:00:00+00:00
[2023-06-12 07:59:33,853] {scheduler_job.py:189} INFO - Processing /home/airflow/.local/lib/python3.6/site-packages/airflow/example_dags/example_xcom.py took 0.052 seconds
[2023-06-12 08:00:04,727] {scheduler_job.py:181} INFO - Started process (PID=810) to work on /home/airflow/.local/lib/python3.6/site-packages/airflow/example_dags/example_xcom.py
[2023-06-12 08:00:04,728] {scheduler_job.py:632} INFO - Processing file /home/airflow/.local/lib/python3.6/site-packages/airflow/example_dags/example_xcom.py for tasks to queue
[2023-06-12 08:00:04,729] {logging_mixin.py:104} INFO - [2023-06-12 08:00:04,729] {dagbag.py:496} INFO - Filling up the DagBag from /home/airflow/.local/lib/python3.6/site-packages/airflow/example_dags/example_xcom.py
[2023-06-12 08:00:04,738] {scheduler_job.py:642} INFO - DAG(s) dict_keys(['example_xcom']) retrieved from /home/airflow/.local/lib/python3.6/site-packages/airflow/example_dags/example_xcom.py
[2023-06-12 08:00:04,754] {logging_mixin.py:104} INFO - [2023-06-12 08:00:04,754] {dag.py:1833} INFO - Sync 1 DAGs
[2023-06-12 08:00:04,766] {logging_mixin.py:104} INFO - [2023-06-12 08:00:04,766] {dag.py:2306} INFO - Setting next_dagrun for example_xcom to 2023-06-10 00:00:00+00:00
[2023-06-12 08:00:04,775] {scheduler_job.py:189} INFO - Processing /home/airflow/.local/lib/python3.6/site-packages/airflow/example_dags/example_xcom.py took 0.051 seconds
[2023-06-12 08:00:34,909] {scheduler_job.py:181} INFO - Started process (PID=873) to work on /home/airflow/.local/lib/python3.6/site-packages/airflow/example_dags/example_xcom.py
[2023-06-12 08:00:34,910] {scheduler_job.py:632} INFO - Processing file /home/airflow/.local/lib/python3.6/site-packages/airflow/example_dags/example_xcom.py for tasks to queue
[2023-06-12 08:00:34,911] {logging_mixin.py:104} INFO - [2023-06-12 08:00:34,911] {dagbag.py:496} INFO - Filling up the DagBag from /home/airflow/.local/lib/python3.6/site-packages/airflow/example_dags/example_xcom.py
[2023-06-12 08:00:34,920] {scheduler_job.py:642} INFO - DAG(s) dict_keys(['example_xcom']) retrieved from /home/airflow/.local/lib/python3.6/site-packages/airflow/example_dags/example_xcom.py
[2023-06-12 08:00:34,936] {logging_mixin.py:104} INFO - [2023-06-12 08:00:34,935] {dag.py:1833} INFO - Sync 1 DAGs
[2023-06-12 08:00:34,948] {logging_mixin.py:104} INFO - [2023-06-12 08:00:34,948] {dag.py:2306} INFO - Setting next_dagrun for example_xcom to 2023-06-10 00:00:00+00:00
[2023-06-12 08:00:34,956] {scheduler_job.py:189} INFO - Processing /home/airflow/.local/lib/python3.6/site-packages/airflow/example_dags/example_xcom.py took 0.050 seconds
[2023-06-12 08:01:05,885] {scheduler_job.py:181} INFO - Started process (PID=936) to work on /home/airflow/.local/lib/python3.6/site-packages/airflow/example_dags/example_xcom.py
[2023-06-12 08:01:05,886] {scheduler_job.py:632} INFO - Processing file /home/airflow/.local/lib/python3.6/site-packages/airflow/example_dags/example_xcom.py for tasks to queue
[2023-06-12 08:01:05,887] {logging_mixin.py:104} INFO - [2023-06-12 08:01:05,887] {dagbag.py:496} INFO - Filling up the DagBag from /home/airflow/.local/lib/python3.6/site-packages/airflow/example_dags/example_xcom.py
[2023-06-12 08:01:05,895] {scheduler_job.py:642} INFO - DAG(s) dict_keys(['example_xcom']) retrieved from /home/airflow/.local/lib/python3.6/site-packages/airflow/example_dags/example_xcom.py
[2023-06-12 08:01:05,911] {logging_mixin.py:104} INFO - [2023-06-12 08:01:05,911] {dag.py:1833} INFO - Sync 1 DAGs
[2023-06-12 08:01:05,923] {logging_mixin.py:104} INFO - [2023-06-12 08:01:05,923] {dag.py:2306} INFO - Setting next_dagrun for example_xcom to 2023-06-10 00:00:00+00:00
[2023-06-12 08:01:05,932] {scheduler_job.py:189} INFO - Processing /home/airflow/.local/lib/python3.6/site-packages/airflow/example_dags/example_xcom.py took 0.050 seconds
[2023-06-12 08:01:36,790] {scheduler_job.py:181} INFO - Started process (PID=989) to work on /home/airflow/.local/lib/python3.6/site-packages/airflow/example_dags/example_xcom.py
[2023-06-12 08:01:36,792] {scheduler_job.py:632} INFO - Processing file /home/airflow/.local/lib/python3.6/site-packages/airflow/example_dags/example_xcom.py for tasks to queue
[2023-06-12 08:01:36,792] {logging_mixin.py:104} INFO - [2023-06-12 08:01:36,792] {dagbag.py:496} INFO - Filling up the DagBag from /home/airflow/.local/lib/python3.6/site-packages/airflow/example_dags/example_xcom.py
[2023-06-12 08:01:36,801] {scheduler_job.py:642} INFO - DAG(s) dict_keys(['example_xcom']) retrieved from /home/airflow/.local/lib/python3.6/site-packages/airflow/example_dags/example_xcom.py
[2023-06-12 08:01:36,816] {logging_mixin.py:104} INFO - [2023-06-12 08:01:36,816] {dag.py:1833} INFO - Sync 1 DAGs
[2023-06-12 08:01:36,829] {logging_mixin.py:104} INFO - [2023-06-12 08:01:36,829] {dag.py:2306} INFO - Setting next_dagrun for example_xcom to 2023-06-10 00:00:00+00:00
[2023-06-12 08:01:36,838] {scheduler_job.py:189} INFO - Processing /home/airflow/.local/lib/python3.6/site-packages/airflow/example_dags/example_xcom.py took 0.050 seconds
[2023-06-12 08:02:07,790] {scheduler_job.py:181} INFO - Started process (PID=1052) to work on /home/airflow/.local/lib/python3.6/site-packages/airflow/example_dags/example_xcom.py
[2023-06-12 08:02:07,791] {scheduler_job.py:632} INFO - Processing file /home/airflow/.local/lib/python3.6/site-packages/airflow/example_dags/example_xcom.py for tasks to queue
[2023-06-12 08:02:07,792] {logging_mixin.py:104} INFO - [2023-06-12 08:02:07,792] {dagbag.py:496} INFO - Filling up the DagBag from /home/airflow/.local/lib/python3.6/site-packages/airflow/example_dags/example_xcom.py
[2023-06-12 08:02:07,801] {scheduler_job.py:642} INFO - DAG(s) dict_keys(['example_xcom']) retrieved from /home/airflow/.local/lib/python3.6/site-packages/airflow/example_dags/example_xcom.py
[2023-06-12 08:02:07,859] {logging_mixin.py:104} INFO - [2023-06-12 08:02:07,859] {dag.py:1833} INFO - Sync 1 DAGs
[2023-06-12 08:02:07,876] {logging_mixin.py:104} INFO - [2023-06-12 08:02:07,876] {dag.py:2306} INFO - Setting next_dagrun for example_xcom to 2023-06-10 00:00:00+00:00
[2023-06-12 08:02:07,885] {scheduler_job.py:189} INFO - Processing /home/airflow/.local/lib/python3.6/site-packages/airflow/example_dags/example_xcom.py took 0.098 seconds
[2023-06-12 08:02:38,184] {scheduler_job.py:181} INFO - Started process (PID=1115) to work on /home/airflow/.local/lib/python3.6/site-packages/airflow/example_dags/example_xcom.py
[2023-06-12 08:02:38,185] {scheduler_job.py:632} INFO - Processing file /home/airflow/.local/lib/python3.6/site-packages/airflow/example_dags/example_xcom.py for tasks to queue
[2023-06-12 08:02:38,186] {logging_mixin.py:104} INFO - [2023-06-12 08:02:38,186] {dagbag.py:496} INFO - Filling up the DagBag from /home/airflow/.local/lib/python3.6/site-packages/airflow/example_dags/example_xcom.py
[2023-06-12 08:02:38,198] {scheduler_job.py:642} INFO - DAG(s) dict_keys(['example_xcom']) retrieved from /home/airflow/.local/lib/python3.6/site-packages/airflow/example_dags/example_xcom.py
[2023-06-12 08:02:38,216] {logging_mixin.py:104} INFO - [2023-06-12 08:02:38,215] {dag.py:1833} INFO - Sync 1 DAGs
[2023-06-12 08:02:38,230] {logging_mixin.py:104} INFO - [2023-06-12 08:02:38,230] {dag.py:2306} INFO - Setting next_dagrun for example_xcom to 2023-06-10 00:00:00+00:00
[2023-06-12 08:02:38,239] {scheduler_job.py:189} INFO - Processing /home/airflow/.local/lib/python3.6/site-packages/airflow/example_dags/example_xcom.py took 0.058 seconds
[2023-06-12 08:03:08,515] {scheduler_job.py:181} INFO - Started process (PID=1168) to work on /home/airflow/.local/lib/python3.6/site-packages/airflow/example_dags/example_xcom.py
[2023-06-12 08:03:08,517] {scheduler_job.py:632} INFO - Processing file /home/airflow/.local/lib/python3.6/site-packages/airflow/example_dags/example_xcom.py for tasks to queue
[2023-06-12 08:03:08,518] {logging_mixin.py:104} INFO - [2023-06-12 08:03:08,517] {dagbag.py:496} INFO - Filling up the DagBag from /home/airflow/.local/lib/python3.6/site-packages/airflow/example_dags/example_xcom.py
[2023-06-12 08:03:08,526] {scheduler_job.py:642} INFO - DAG(s) dict_keys(['example_xcom']) retrieved from /home/airflow/.local/lib/python3.6/site-packages/airflow/example_dags/example_xcom.py
[2023-06-12 08:03:08,542] {logging_mixin.py:104} INFO - [2023-06-12 08:03:08,542] {dag.py:1833} INFO - Sync 1 DAGs
[2023-06-12 08:03:08,555] {logging_mixin.py:104} INFO - [2023-06-12 08:03:08,555] {dag.py:2306} INFO - Setting next_dagrun for example_xcom to 2023-06-10 00:00:00+00:00
[2023-06-12 08:03:08,564] {scheduler_job.py:189} INFO - Processing /home/airflow/.local/lib/python3.6/site-packages/airflow/example_dags/example_xcom.py took 0.051 seconds
[2023-06-12 08:03:38,839] {scheduler_job.py:181} INFO - Started process (PID=1231) to work on /home/airflow/.local/lib/python3.6/site-packages/airflow/example_dags/example_xcom.py
[2023-06-12 08:03:38,840] {scheduler_job.py:632} INFO - Processing file /home/airflow/.local/lib/python3.6/site-packages/airflow/example_dags/example_xcom.py for tasks to queue
[2023-06-12 08:03:38,840] {logging_mixin.py:104} INFO - [2023-06-12 08:03:38,840] {dagbag.py:496} INFO - Filling up the DagBag from /home/airflow/.local/lib/python3.6/site-packages/airflow/example_dags/example_xcom.py
[2023-06-12 08:03:38,849] {scheduler_job.py:642} INFO - DAG(s) dict_keys(['example_xcom']) retrieved from /home/airflow/.local/lib/python3.6/site-packages/airflow/example_dags/example_xcom.py
[2023-06-12 08:03:38,866] {logging_mixin.py:104} INFO - [2023-06-12 08:03:38,866] {dag.py:1833} INFO - Sync 1 DAGs
[2023-06-12 08:03:38,878] {logging_mixin.py:104} INFO - [2023-06-12 08:03:38,878] {dag.py:2306} INFO - Setting next_dagrun for example_xcom to 2023-06-10 00:00:00+00:00
[2023-06-12 08:03:38,887] {scheduler_job.py:189} INFO - Processing /home/airflow/.local/lib/python3.6/site-packages/airflow/example_dags/example_xcom.py took 0.051 seconds
[2023-06-12 08:04:09,441] {scheduler_job.py:181} INFO - Started process (PID=1286) to work on /home/airflow/.local/lib/python3.6/site-packages/airflow/example_dags/example_xcom.py
[2023-06-12 08:04:09,442] {scheduler_job.py:632} INFO - Processing file /home/airflow/.local/lib/python3.6/site-packages/airflow/example_dags/example_xcom.py for tasks to queue
[2023-06-12 08:04:09,443] {logging_mixin.py:104} INFO - [2023-06-12 08:04:09,443] {dagbag.py:496} INFO - Filling up the DagBag from /home/airflow/.local/lib/python3.6/site-packages/airflow/example_dags/example_xcom.py
[2023-06-12 08:04:09,452] {scheduler_job.py:642} INFO - DAG(s) dict_keys(['example_xcom']) retrieved from /home/airflow/.local/lib/python3.6/site-packages/airflow/example_dags/example_xcom.py
[2023-06-12 08:04:09,470] {logging_mixin.py:104} INFO - [2023-06-12 08:04:09,469] {dag.py:1833} INFO - Sync 1 DAGs
[2023-06-12 08:04:09,481] {logging_mixin.py:104} INFO - [2023-06-12 08:04:09,481] {dag.py:2306} INFO - Setting next_dagrun for example_xcom to 2023-06-10 00:00:00+00:00
[2023-06-12 08:04:09,491] {scheduler_job.py:189} INFO - Processing /home/airflow/.local/lib/python3.6/site-packages/airflow/example_dags/example_xcom.py took 0.052 seconds
[2023-06-12 08:04:39,842] {scheduler_job.py:181} INFO - Started process (PID=1349) to work on /home/airflow/.local/lib/python3.6/site-packages/airflow/example_dags/example_xcom.py
[2023-06-12 08:04:39,843] {scheduler_job.py:632} INFO - Processing file /home/airflow/.local/lib/python3.6/site-packages/airflow/example_dags/example_xcom.py for tasks to queue
[2023-06-12 08:04:39,844] {logging_mixin.py:104} INFO - [2023-06-12 08:04:39,844] {dagbag.py:496} INFO - Filling up the DagBag from /home/airflow/.local/lib/python3.6/site-packages/airflow/example_dags/example_xcom.py
[2023-06-12 08:04:39,855] {scheduler_job.py:642} INFO - DAG(s) dict_keys(['example_xcom']) retrieved from /home/airflow/.local/lib/python3.6/site-packages/airflow/example_dags/example_xcom.py
[2023-06-12 08:04:39,873] {logging_mixin.py:104} INFO - [2023-06-12 08:04:39,873] {dag.py:1833} INFO - Sync 1 DAGs
[2023-06-12 08:04:39,886] {logging_mixin.py:104} INFO - [2023-06-12 08:04:39,886] {dag.py:2306} INFO - Setting next_dagrun for example_xcom to 2023-06-10 00:00:00+00:00
[2023-06-12 08:04:39,897] {scheduler_job.py:189} INFO - Processing /home/airflow/.local/lib/python3.6/site-packages/airflow/example_dags/example_xcom.py took 0.057 seconds
[2023-06-12 08:05:10,251] {scheduler_job.py:181} INFO - Started process (PID=1411) to work on /home/airflow/.local/lib/python3.6/site-packages/airflow/example_dags/example_xcom.py
[2023-06-12 08:05:10,252] {scheduler_job.py:632} INFO - Processing file /home/airflow/.local/lib/python3.6/site-packages/airflow/example_dags/example_xcom.py for tasks to queue
[2023-06-12 08:05:10,253] {logging_mixin.py:104} INFO - [2023-06-12 08:05:10,253] {dagbag.py:496} INFO - Filling up the DagBag from /home/airflow/.local/lib/python3.6/site-packages/airflow/example_dags/example_xcom.py
[2023-06-12 08:05:10,263] {scheduler_job.py:642} INFO - DAG(s) dict_keys(['example_xcom']) retrieved from /home/airflow/.local/lib/python3.6/site-packages/airflow/example_dags/example_xcom.py
[2023-06-12 08:05:10,280] {logging_mixin.py:104} INFO - [2023-06-12 08:05:10,280] {dag.py:1833} INFO - Sync 1 DAGs
[2023-06-12 08:05:10,293] {logging_mixin.py:104} INFO - [2023-06-12 08:05:10,293] {dag.py:2306} INFO - Setting next_dagrun for example_xcom to 2023-06-10 00:00:00+00:00
[2023-06-12 08:05:10,304] {scheduler_job.py:189} INFO - Processing /home/airflow/.local/lib/python3.6/site-packages/airflow/example_dags/example_xcom.py took 0.056 seconds
[2023-06-12 08:05:40,366] {scheduler_job.py:181} INFO - Started process (PID=1466) to work on /home/airflow/.local/lib/python3.6/site-packages/airflow/example_dags/example_xcom.py
[2023-06-12 08:05:40,367] {scheduler_job.py:632} INFO - Processing file /home/airflow/.local/lib/python3.6/site-packages/airflow/example_dags/example_xcom.py for tasks to queue
[2023-06-12 08:05:40,368] {logging_mixin.py:104} INFO - [2023-06-12 08:05:40,368] {dagbag.py:496} INFO - Filling up the DagBag from /home/airflow/.local/lib/python3.6/site-packages/airflow/example_dags/example_xcom.py
[2023-06-12 08:05:40,378] {scheduler_job.py:642} INFO - DAG(s) dict_keys(['example_xcom']) retrieved from /home/airflow/.local/lib/python3.6/site-packages/airflow/example_dags/example_xcom.py
[2023-06-12 08:05:40,393] {logging_mixin.py:104} INFO - [2023-06-12 08:05:40,393] {dag.py:1833} INFO - Sync 1 DAGs
[2023-06-12 08:05:40,404] {logging_mixin.py:104} INFO - [2023-06-12 08:05:40,403] {dag.py:2306} INFO - Setting next_dagrun for example_xcom to 2023-06-10 00:00:00+00:00
[2023-06-12 08:05:40,412] {scheduler_job.py:189} INFO - Processing /home/airflow/.local/lib/python3.6/site-packages/airflow/example_dags/example_xcom.py took 0.049 seconds
[2023-06-12 08:06:10,764] {scheduler_job.py:181} INFO - Started process (PID=1528) to work on /home/airflow/.local/lib/python3.6/site-packages/airflow/example_dags/example_xcom.py
[2023-06-12 08:06:10,766] {scheduler_job.py:632} INFO - Processing file /home/airflow/.local/lib/python3.6/site-packages/airflow/example_dags/example_xcom.py for tasks to queue
[2023-06-12 08:06:10,767] {logging_mixin.py:104} INFO - [2023-06-12 08:06:10,767] {dagbag.py:496} INFO - Filling up the DagBag from /home/airflow/.local/lib/python3.6/site-packages/airflow/example_dags/example_xcom.py
[2023-06-12 08:06:10,780] {scheduler_job.py:642} INFO - DAG(s) dict_keys(['example_xcom']) retrieved from /home/airflow/.local/lib/python3.6/site-packages/airflow/example_dags/example_xcom.py
[2023-06-12 08:06:10,798] {logging_mixin.py:104} INFO - [2023-06-12 08:06:10,798] {dag.py:1833} INFO - Sync 1 DAGs
[2023-06-12 08:06:10,811] {logging_mixin.py:104} INFO - [2023-06-12 08:06:10,810] {dag.py:2306} INFO - Setting next_dagrun for example_xcom to 2023-06-10 00:00:00+00:00
[2023-06-12 08:06:10,821] {scheduler_job.py:189} INFO - Processing /home/airflow/.local/lib/python3.6/site-packages/airflow/example_dags/example_xcom.py took 0.060 seconds
[2023-06-12 08:06:41,341] {scheduler_job.py:181} INFO - Started process (PID=1582) to work on /home/airflow/.local/lib/python3.6/site-packages/airflow/example_dags/example_xcom.py
[2023-06-12 08:06:41,342] {scheduler_job.py:632} INFO - Processing file /home/airflow/.local/lib/python3.6/site-packages/airflow/example_dags/example_xcom.py for tasks to queue
[2023-06-12 08:06:41,343] {logging_mixin.py:104} INFO - [2023-06-12 08:06:41,343] {dagbag.py:496} INFO - Filling up the DagBag from /home/airflow/.local/lib/python3.6/site-packages/airflow/example_dags/example_xcom.py
[2023-06-12 08:06:41,354] {scheduler_job.py:642} INFO - DAG(s) dict_keys(['example_xcom']) retrieved from /home/airflow/.local/lib/python3.6/site-packages/airflow/example_dags/example_xcom.py
[2023-06-12 08:06:41,371] {logging_mixin.py:104} INFO - [2023-06-12 08:06:41,371] {dag.py:1833} INFO - Sync 1 DAGs
[2023-06-12 08:06:41,382] {logging_mixin.py:104} INFO - [2023-06-12 08:06:41,382] {dag.py:2306} INFO - Setting next_dagrun for example_xcom to 2023-06-10 00:00:00+00:00
[2023-06-12 08:06:41,490] {scheduler_job.py:189} INFO - Processing /home/airflow/.local/lib/python3.6/site-packages/airflow/example_dags/example_xcom.py took 0.151 seconds
[2023-06-12 08:07:12,199] {scheduler_job.py:181} INFO - Started process (PID=1645) to work on /home/airflow/.local/lib/python3.6/site-packages/airflow/example_dags/example_xcom.py
[2023-06-12 08:07:12,200] {scheduler_job.py:632} INFO - Processing file /home/airflow/.local/lib/python3.6/site-packages/airflow/example_dags/example_xcom.py for tasks to queue
[2023-06-12 08:07:12,201] {logging_mixin.py:104} INFO - [2023-06-12 08:07:12,201] {dagbag.py:496} INFO - Filling up the DagBag from /home/airflow/.local/lib/python3.6/site-packages/airflow/example_dags/example_xcom.py
[2023-06-12 08:07:12,212] {scheduler_job.py:642} INFO - DAG(s) dict_keys(['example_xcom']) retrieved from /home/airflow/.local/lib/python3.6/site-packages/airflow/example_dags/example_xcom.py
[2023-06-12 08:07:12,230] {logging_mixin.py:104} INFO - [2023-06-12 08:07:12,230] {dag.py:1833} INFO - Sync 1 DAGs
[2023-06-12 08:07:12,244] {logging_mixin.py:104} INFO - [2023-06-12 08:07:12,244] {dag.py:2306} INFO - Setting next_dagrun for example_xcom to 2023-06-10 00:00:00+00:00
[2023-06-12 08:07:12,254] {scheduler_job.py:189} INFO - Processing /home/airflow/.local/lib/python3.6/site-packages/airflow/example_dags/example_xcom.py took 0.058 seconds
[2023-06-12 08:07:42,349] {scheduler_job.py:181} INFO - Started process (PID=1707) to work on /home/airflow/.local/lib/python3.6/site-packages/airflow/example_dags/example_xcom.py
[2023-06-12 08:07:42,350] {scheduler_job.py:632} INFO - Processing file /home/airflow/.local/lib/python3.6/site-packages/airflow/example_dags/example_xcom.py for tasks to queue
[2023-06-12 08:07:42,351] {logging_mixin.py:104} INFO - [2023-06-12 08:07:42,351] {dagbag.py:496} INFO - Filling up the DagBag from /home/airflow/.local/lib/python3.6/site-packages/airflow/example_dags/example_xcom.py
[2023-06-12 08:07:42,362] {scheduler_job.py:642} INFO - DAG(s) dict_keys(['example_xcom']) retrieved from /home/airflow/.local/lib/python3.6/site-packages/airflow/example_dags/example_xcom.py
[2023-06-12 08:07:42,382] {logging_mixin.py:104} INFO - [2023-06-12 08:07:42,381] {dag.py:1833} INFO - Sync 1 DAGs
[2023-06-12 08:07:42,395] {logging_mixin.py:104} INFO - [2023-06-12 08:07:42,395] {dag.py:2306} INFO - Setting next_dagrun for example_xcom to 2023-06-10 00:00:00+00:00
[2023-06-12 08:07:42,405] {scheduler_job.py:189} INFO - Processing /home/airflow/.local/lib/python3.6/site-packages/airflow/example_dags/example_xcom.py took 0.059 seconds
[2023-06-12 08:08:12,704] {scheduler_job.py:181} INFO - Started process (PID=1760) to work on /home/airflow/.local/lib/python3.6/site-packages/airflow/example_dags/example_xcom.py
[2023-06-12 08:08:12,705] {scheduler_job.py:632} INFO - Processing file /home/airflow/.local/lib/python3.6/site-packages/airflow/example_dags/example_xcom.py for tasks to queue
[2023-06-12 08:08:12,706] {logging_mixin.py:104} INFO - [2023-06-12 08:08:12,706] {dagbag.py:496} INFO - Filling up the DagBag from /home/airflow/.local/lib/python3.6/site-packages/airflow/example_dags/example_xcom.py
[2023-06-12 08:08:12,715] {scheduler_job.py:642} INFO - DAG(s) dict_keys(['example_xcom']) retrieved from /home/airflow/.local/lib/python3.6/site-packages/airflow/example_dags/example_xcom.py
[2023-06-12 08:08:12,731] {logging_mixin.py:104} INFO - [2023-06-12 08:08:12,731] {dag.py:1833} INFO - Sync 1 DAGs
[2023-06-12 08:08:12,742] {logging_mixin.py:104} INFO - [2023-06-12 08:08:12,742] {dag.py:2306} INFO - Setting next_dagrun for example_xcom to 2023-06-10 00:00:00+00:00
[2023-06-12 08:08:12,752] {scheduler_job.py:189} INFO - Processing /home/airflow/.local/lib/python3.6/site-packages/airflow/example_dags/example_xcom.py took 0.051 seconds
[2023-06-12 08:08:43,263] {scheduler_job.py:181} INFO - Started process (PID=1824) to work on /home/airflow/.local/lib/python3.6/site-packages/airflow/example_dags/example_xcom.py
[2023-06-12 08:08:43,264] {scheduler_job.py:632} INFO - Processing file /home/airflow/.local/lib/python3.6/site-packages/airflow/example_dags/example_xcom.py for tasks to queue
[2023-06-12 08:08:43,265] {logging_mixin.py:104} INFO - [2023-06-12 08:08:43,265] {dagbag.py:496} INFO - Filling up the DagBag from /home/airflow/.local/lib/python3.6/site-packages/airflow/example_dags/example_xcom.py
[2023-06-12 08:08:43,275] {scheduler_job.py:642} INFO - DAG(s) dict_keys(['example_xcom']) retrieved from /home/airflow/.local/lib/python3.6/site-packages/airflow/example_dags/example_xcom.py
[2023-06-12 08:08:43,291] {logging_mixin.py:104} INFO - [2023-06-12 08:08:43,291] {dag.py:1833} INFO - Sync 1 DAGs
[2023-06-12 08:08:43,302] {logging_mixin.py:104} INFO - [2023-06-12 08:08:43,302] {dag.py:2306} INFO - Setting next_dagrun for example_xcom to 2023-06-10 00:00:00+00:00
[2023-06-12 08:08:43,311] {scheduler_job.py:189} INFO - Processing /home/airflow/.local/lib/python3.6/site-packages/airflow/example_dags/example_xcom.py took 0.051 seconds
[2023-06-12 08:09:13,639] {scheduler_job.py:181} INFO - Started process (PID=1877) to work on /home/airflow/.local/lib/python3.6/site-packages/airflow/example_dags/example_xcom.py
[2023-06-12 08:09:13,640] {scheduler_job.py:632} INFO - Processing file /home/airflow/.local/lib/python3.6/site-packages/airflow/example_dags/example_xcom.py for tasks to queue
[2023-06-12 08:09:13,640] {logging_mixin.py:104} INFO - [2023-06-12 08:09:13,640] {dagbag.py:496} INFO - Filling up the DagBag from /home/airflow/.local/lib/python3.6/site-packages/airflow/example_dags/example_xcom.py
[2023-06-12 08:09:13,649] {scheduler_job.py:642} INFO - DAG(s) dict_keys(['example_xcom']) retrieved from /home/airflow/.local/lib/python3.6/site-packages/airflow/example_dags/example_xcom.py
[2023-06-12 08:09:13,665] {logging_mixin.py:104} INFO - [2023-06-12 08:09:13,664] {dag.py:1833} INFO - Sync 1 DAGs
[2023-06-12 08:09:13,675] {logging_mixin.py:104} INFO - [2023-06-12 08:09:13,675] {dag.py:2306} INFO - Setting next_dagrun for example_xcom to 2023-06-10 00:00:00+00:00
[2023-06-12 08:09:13,684] {scheduler_job.py:189} INFO - Processing /home/airflow/.local/lib/python3.6/site-packages/airflow/example_dags/example_xcom.py took 0.048 seconds
[2023-06-12 08:09:44,002] {scheduler_job.py:181} INFO - Started process (PID=1940) to work on /home/airflow/.local/lib/python3.6/site-packages/airflow/example_dags/example_xcom.py
[2023-06-12 08:09:44,003] {scheduler_job.py:632} INFO - Processing file /home/airflow/.local/lib/python3.6/site-packages/airflow/example_dags/example_xcom.py for tasks to queue
[2023-06-12 08:09:44,004] {logging_mixin.py:104} INFO - [2023-06-12 08:09:44,004] {dagbag.py:496} INFO - Filling up the DagBag from /home/airflow/.local/lib/python3.6/site-packages/airflow/example_dags/example_xcom.py
[2023-06-12 08:09:44,013] {scheduler_job.py:642} INFO - DAG(s) dict_keys(['example_xcom']) retrieved from /home/airflow/.local/lib/python3.6/site-packages/airflow/example_dags/example_xcom.py
[2023-06-12 08:09:44,028] {logging_mixin.py:104} INFO - [2023-06-12 08:09:44,028] {dag.py:1833} INFO - Sync 1 DAGs
[2023-06-12 08:09:44,040] {logging_mixin.py:104} INFO - [2023-06-12 08:09:44,040] {dag.py:2306} INFO - Setting next_dagrun for example_xcom to 2023-06-10 00:00:00+00:00
[2023-06-12 08:09:44,048] {scheduler_job.py:189} INFO - Processing /home/airflow/.local/lib/python3.6/site-packages/airflow/example_dags/example_xcom.py took 0.049 seconds
[2023-06-12 08:10:14,505] {scheduler_job.py:181} INFO - Started process (PID=2003) to work on /home/airflow/.local/lib/python3.6/site-packages/airflow/example_dags/example_xcom.py
[2023-06-12 08:10:14,506] {scheduler_job.py:632} INFO - Processing file /home/airflow/.local/lib/python3.6/site-packages/airflow/example_dags/example_xcom.py for tasks to queue
[2023-06-12 08:10:14,507] {logging_mixin.py:104} INFO - [2023-06-12 08:10:14,507] {dagbag.py:496} INFO - Filling up the DagBag from /home/airflow/.local/lib/python3.6/site-packages/airflow/example_dags/example_xcom.py
[2023-06-12 08:10:14,516] {scheduler_job.py:642} INFO - DAG(s) dict_keys(['example_xcom']) retrieved from /home/airflow/.local/lib/python3.6/site-packages/airflow/example_dags/example_xcom.py
[2023-06-12 08:10:14,532] {logging_mixin.py:104} INFO - [2023-06-12 08:10:14,532] {dag.py:1833} INFO - Sync 1 DAGs
[2023-06-12 08:10:14,543] {logging_mixin.py:104} INFO - [2023-06-12 08:10:14,542] {dag.py:2306} INFO - Setting next_dagrun for example_xcom to 2023-06-10 00:00:00+00:00
[2023-06-12 08:10:14,552] {scheduler_job.py:189} INFO - Processing /home/airflow/.local/lib/python3.6/site-packages/airflow/example_dags/example_xcom.py took 0.049 seconds
[2023-06-12 08:10:44,861] {scheduler_job.py:181} INFO - Started process (PID=2056) to work on /home/airflow/.local/lib/python3.6/site-packages/airflow/example_dags/example_xcom.py
[2023-06-12 08:10:44,863] {scheduler_job.py:632} INFO - Processing file /home/airflow/.local/lib/python3.6/site-packages/airflow/example_dags/example_xcom.py for tasks to queue
[2023-06-12 08:10:44,864] {logging_mixin.py:104} INFO - [2023-06-12 08:10:44,864] {dagbag.py:496} INFO - Filling up the DagBag from /home/airflow/.local/lib/python3.6/site-packages/airflow/example_dags/example_xcom.py
[2023-06-12 08:10:44,872] {scheduler_job.py:642} INFO - DAG(s) dict_keys(['example_xcom']) retrieved from /home/airflow/.local/lib/python3.6/site-packages/airflow/example_dags/example_xcom.py
[2023-06-12 08:10:44,889] {logging_mixin.py:104} INFO - [2023-06-12 08:10:44,889] {dag.py:1833} INFO - Sync 1 DAGs
[2023-06-12 08:10:44,901] {logging_mixin.py:104} INFO - [2023-06-12 08:10:44,900] {dag.py:2306} INFO - Setting next_dagrun for example_xcom to 2023-06-10 00:00:00+00:00
[2023-06-12 08:10:44,910] {scheduler_job.py:189} INFO - Processing /home/airflow/.local/lib/python3.6/site-packages/airflow/example_dags/example_xcom.py took 0.052 seconds
[2023-06-12 08:11:15,332] {scheduler_job.py:181} INFO - Started process (PID=2119) to work on /home/airflow/.local/lib/python3.6/site-packages/airflow/example_dags/example_xcom.py
[2023-06-12 08:11:15,333] {scheduler_job.py:632} INFO - Processing file /home/airflow/.local/lib/python3.6/site-packages/airflow/example_dags/example_xcom.py for tasks to queue
[2023-06-12 08:11:15,334] {logging_mixin.py:104} INFO - [2023-06-12 08:11:15,334] {dagbag.py:496} INFO - Filling up the DagBag from /home/airflow/.local/lib/python3.6/site-packages/airflow/example_dags/example_xcom.py
[2023-06-12 08:11:15,342] {scheduler_job.py:642} INFO - DAG(s) dict_keys(['example_xcom']) retrieved from /home/airflow/.local/lib/python3.6/site-packages/airflow/example_dags/example_xcom.py
[2023-06-12 08:11:15,358] {logging_mixin.py:104} INFO - [2023-06-12 08:11:15,358] {dag.py:1833} INFO - Sync 1 DAGs
[2023-06-12 08:11:15,369] {logging_mixin.py:104} INFO - [2023-06-12 08:11:15,369] {dag.py:2306} INFO - Setting next_dagrun for example_xcom to 2023-06-10 00:00:00+00:00
[2023-06-12 08:11:15,378] {scheduler_job.py:189} INFO - Processing /home/airflow/.local/lib/python3.6/site-packages/airflow/example_dags/example_xcom.py took 0.048 seconds
[2023-06-12 08:11:45,642] {scheduler_job.py:181} INFO - Started process (PID=2172) to work on /home/airflow/.local/lib/python3.6/site-packages/airflow/example_dags/example_xcom.py
[2023-06-12 08:11:45,643] {scheduler_job.py:632} INFO - Processing file /home/airflow/.local/lib/python3.6/site-packages/airflow/example_dags/example_xcom.py for tasks to queue
[2023-06-12 08:11:45,644] {logging_mixin.py:104} INFO - [2023-06-12 08:11:45,644] {dagbag.py:496} INFO - Filling up the DagBag from /home/airflow/.local/lib/python3.6/site-packages/airflow/example_dags/example_xcom.py
[2023-06-12 08:11:45,653] {scheduler_job.py:642} INFO - DAG(s) dict_keys(['example_xcom']) retrieved from /home/airflow/.local/lib/python3.6/site-packages/airflow/example_dags/example_xcom.py
[2023-06-12 08:11:45,672] {logging_mixin.py:104} INFO - [2023-06-12 08:11:45,672] {dag.py:1833} INFO - Sync 1 DAGs
[2023-06-12 08:11:45,684] {logging_mixin.py:104} INFO - [2023-06-12 08:11:45,684] {dag.py:2306} INFO - Setting next_dagrun for example_xcom to 2023-06-10 00:00:00+00:00
[2023-06-12 08:11:45,694] {scheduler_job.py:189} INFO - Processing /home/airflow/.local/lib/python3.6/site-packages/airflow/example_dags/example_xcom.py took 0.054 seconds
[2023-06-12 08:12:16,242] {scheduler_job.py:181} INFO - Started process (PID=2236) to work on /home/airflow/.local/lib/python3.6/site-packages/airflow/example_dags/example_xcom.py
[2023-06-12 08:12:16,243] {scheduler_job.py:632} INFO - Processing file /home/airflow/.local/lib/python3.6/site-packages/airflow/example_dags/example_xcom.py for tasks to queue
[2023-06-12 08:12:16,244] {logging_mixin.py:104} INFO - [2023-06-12 08:12:16,244] {dagbag.py:496} INFO - Filling up the DagBag from /home/airflow/.local/lib/python3.6/site-packages/airflow/example_dags/example_xcom.py
[2023-06-12 08:12:16,253] {scheduler_job.py:642} INFO - DAG(s) dict_keys(['example_xcom']) retrieved from /home/airflow/.local/lib/python3.6/site-packages/airflow/example_dags/example_xcom.py
[2023-06-12 08:12:16,270] {logging_mixin.py:104} INFO - [2023-06-12 08:12:16,269] {dag.py:1833} INFO - Sync 1 DAGs
[2023-06-12 08:12:16,280] {logging_mixin.py:104} INFO - [2023-06-12 08:12:16,280] {dag.py:2306} INFO - Setting next_dagrun for example_xcom to 2023-06-10 00:00:00+00:00
[2023-06-12 08:12:16,290] {scheduler_job.py:189} INFO - Processing /home/airflow/.local/lib/python3.6/site-packages/airflow/example_dags/example_xcom.py took 0.051 seconds
[2023-06-12 08:12:46,669] {scheduler_job.py:181} INFO - Started process (PID=2298) to work on /home/airflow/.local/lib/python3.6/site-packages/airflow/example_dags/example_xcom.py
[2023-06-12 08:12:46,670] {scheduler_job.py:632} INFO - Processing file /home/airflow/.local/lib/python3.6/site-packages/airflow/example_dags/example_xcom.py for tasks to queue
[2023-06-12 08:12:46,671] {logging_mixin.py:104} INFO - [2023-06-12 08:12:46,671] {dagbag.py:496} INFO - Filling up the DagBag from /home/airflow/.local/lib/python3.6/site-packages/airflow/example_dags/example_xcom.py
[2023-06-12 08:12:46,681] {scheduler_job.py:642} INFO - DAG(s) dict_keys(['example_xcom']) retrieved from /home/airflow/.local/lib/python3.6/site-packages/airflow/example_dags/example_xcom.py
[2023-06-12 08:12:46,698] {logging_mixin.py:104} INFO - [2023-06-12 08:12:46,698] {dag.py:1833} INFO - Sync 1 DAGs
[2023-06-12 08:12:46,712] {logging_mixin.py:104} INFO - [2023-06-12 08:12:46,712] {dag.py:2306} INFO - Setting next_dagrun for example_xcom to 2023-06-10 00:00:00+00:00
[2023-06-12 08:12:46,721] {scheduler_job.py:189} INFO - Processing /home/airflow/.local/lib/python3.6/site-packages/airflow/example_dags/example_xcom.py took 0.055 seconds
