[2023-06-12 07:53:26,176] {scheduler_job.py:181} INFO - Started process (PID=40) to work on /home/airflow/.local/lib/python3.6/site-packages/airflow/example_dags/example_branch_operator.py
[2023-06-12 07:53:26,178] {scheduler_job.py:632} INFO - Processing file /home/airflow/.local/lib/python3.6/site-packages/airflow/example_dags/example_branch_operator.py for tasks to queue
[2023-06-12 07:53:26,179] {logging_mixin.py:104} INFO - [2023-06-12 07:53:26,179] {dagbag.py:496} INFO - Filling up the DagBag from /home/airflow/.local/lib/python3.6/site-packages/airflow/example_dags/example_branch_operator.py
[2023-06-12 07:53:26,192] {scheduler_job.py:642} INFO - DAG(s) dict_keys(['example_branch_operator']) retrieved from /home/airflow/.local/lib/python3.6/site-packages/airflow/example_dags/example_branch_operator.py
[2023-06-12 07:53:26,384] {logging_mixin.py:104} INFO - [2023-06-12 07:53:26,384] {dag.py:1833} INFO - Sync 1 DAGs
[2023-06-12 07:53:26,400] {logging_mixin.py:104} INFO - [2023-06-12 07:53:26,400] {dag.py:2306} INFO - Setting next_dagrun for example_branch_operator to 2023-06-10 00:00:00+00:00
[2023-06-12 07:53:26,415] {scheduler_job.py:189} INFO - Processing /home/airflow/.local/lib/python3.6/site-packages/airflow/example_dags/example_branch_operator.py took 0.242 seconds
[2023-06-12 07:53:57,093] {scheduler_job.py:181} INFO - Started process (PID=103) to work on /home/airflow/.local/lib/python3.6/site-packages/airflow/example_dags/example_branch_operator.py
[2023-06-12 07:53:57,095] {scheduler_job.py:632} INFO - Processing file /home/airflow/.local/lib/python3.6/site-packages/airflow/example_dags/example_branch_operator.py for tasks to queue
[2023-06-12 07:53:57,095] {logging_mixin.py:104} INFO - [2023-06-12 07:53:57,095] {dagbag.py:496} INFO - Filling up the DagBag from /home/airflow/.local/lib/python3.6/site-packages/airflow/example_dags/example_branch_operator.py
[2023-06-12 07:53:57,109] {scheduler_job.py:642} INFO - DAG(s) dict_keys(['example_branch_operator']) retrieved from /home/airflow/.local/lib/python3.6/site-packages/airflow/example_dags/example_branch_operator.py
[2023-06-12 07:53:57,127] {logging_mixin.py:104} INFO - [2023-06-12 07:53:57,127] {dag.py:1833} INFO - Sync 1 DAGs
[2023-06-12 07:53:57,143] {logging_mixin.py:104} INFO - [2023-06-12 07:53:57,143] {dag.py:2306} INFO - Setting next_dagrun for example_branch_operator to 2023-06-10 00:00:00+00:00
[2023-06-12 07:53:57,154] {scheduler_job.py:189} INFO - Processing /home/airflow/.local/lib/python3.6/site-packages/airflow/example_dags/example_branch_operator.py took 0.065 seconds
[2023-06-12 07:54:27,740] {scheduler_job.py:181} INFO - Started process (PID=166) to work on /home/airflow/.local/lib/python3.6/site-packages/airflow/example_dags/example_branch_operator.py
[2023-06-12 07:54:27,742] {scheduler_job.py:632} INFO - Processing file /home/airflow/.local/lib/python3.6/site-packages/airflow/example_dags/example_branch_operator.py for tasks to queue
[2023-06-12 07:54:27,743] {logging_mixin.py:104} INFO - [2023-06-12 07:54:27,742] {dagbag.py:496} INFO - Filling up the DagBag from /home/airflow/.local/lib/python3.6/site-packages/airflow/example_dags/example_branch_operator.py
[2023-06-12 07:54:27,756] {scheduler_job.py:642} INFO - DAG(s) dict_keys(['example_branch_operator']) retrieved from /home/airflow/.local/lib/python3.6/site-packages/airflow/example_dags/example_branch_operator.py
[2023-06-12 07:54:27,776] {logging_mixin.py:104} INFO - [2023-06-12 07:54:27,775] {dag.py:1833} INFO - Sync 1 DAGs
[2023-06-12 07:54:27,791] {logging_mixin.py:104} INFO - [2023-06-12 07:54:27,791] {dag.py:2306} INFO - Setting next_dagrun for example_branch_operator to 2023-06-10 00:00:00+00:00
[2023-06-12 07:54:27,801] {scheduler_job.py:189} INFO - Processing /home/airflow/.local/lib/python3.6/site-packages/airflow/example_dags/example_branch_operator.py took 0.064 seconds
[2023-06-12 07:54:58,623] {scheduler_job.py:181} INFO - Started process (PID=219) to work on /home/airflow/.local/lib/python3.6/site-packages/airflow/example_dags/example_branch_operator.py
[2023-06-12 07:54:58,624] {scheduler_job.py:632} INFO - Processing file /home/airflow/.local/lib/python3.6/site-packages/airflow/example_dags/example_branch_operator.py for tasks to queue
[2023-06-12 07:54:58,625] {logging_mixin.py:104} INFO - [2023-06-12 07:54:58,625] {dagbag.py:496} INFO - Filling up the DagBag from /home/airflow/.local/lib/python3.6/site-packages/airflow/example_dags/example_branch_operator.py
[2023-06-12 07:54:58,636] {scheduler_job.py:642} INFO - DAG(s) dict_keys(['example_branch_operator']) retrieved from /home/airflow/.local/lib/python3.6/site-packages/airflow/example_dags/example_branch_operator.py
[2023-06-12 07:54:58,655] {logging_mixin.py:104} INFO - [2023-06-12 07:54:58,655] {dag.py:1833} INFO - Sync 1 DAGs
[2023-06-12 07:54:58,668] {logging_mixin.py:104} INFO - [2023-06-12 07:54:58,668] {dag.py:2306} INFO - Setting next_dagrun for example_branch_operator to 2023-06-10 00:00:00+00:00
[2023-06-12 07:54:58,676] {scheduler_job.py:189} INFO - Processing /home/airflow/.local/lib/python3.6/site-packages/airflow/example_dags/example_branch_operator.py took 0.057 seconds
[2023-06-12 07:55:28,819] {scheduler_job.py:181} INFO - Started process (PID=282) to work on /home/airflow/.local/lib/python3.6/site-packages/airflow/example_dags/example_branch_operator.py
[2023-06-12 07:55:28,821] {scheduler_job.py:632} INFO - Processing file /home/airflow/.local/lib/python3.6/site-packages/airflow/example_dags/example_branch_operator.py for tasks to queue
[2023-06-12 07:55:28,822] {logging_mixin.py:104} INFO - [2023-06-12 07:55:28,821] {dagbag.py:496} INFO - Filling up the DagBag from /home/airflow/.local/lib/python3.6/site-packages/airflow/example_dags/example_branch_operator.py
[2023-06-12 07:55:28,833] {scheduler_job.py:642} INFO - DAG(s) dict_keys(['example_branch_operator']) retrieved from /home/airflow/.local/lib/python3.6/site-packages/airflow/example_dags/example_branch_operator.py
[2023-06-12 07:55:28,850] {logging_mixin.py:104} INFO - [2023-06-12 07:55:28,850] {dag.py:1833} INFO - Sync 1 DAGs
[2023-06-12 07:55:28,863] {logging_mixin.py:104} INFO - [2023-06-12 07:55:28,863] {dag.py:2306} INFO - Setting next_dagrun for example_branch_operator to 2023-06-10 00:00:00+00:00
[2023-06-12 07:55:28,872] {scheduler_job.py:189} INFO - Processing /home/airflow/.local/lib/python3.6/site-packages/airflow/example_dags/example_branch_operator.py took 0.056 seconds
[2023-06-12 07:55:59,264] {scheduler_job.py:181} INFO - Started process (PID=335) to work on /home/airflow/.local/lib/python3.6/site-packages/airflow/example_dags/example_branch_operator.py
[2023-06-12 07:55:59,265] {scheduler_job.py:632} INFO - Processing file /home/airflow/.local/lib/python3.6/site-packages/airflow/example_dags/example_branch_operator.py for tasks to queue
[2023-06-12 07:55:59,266] {logging_mixin.py:104} INFO - [2023-06-12 07:55:59,266] {dagbag.py:496} INFO - Filling up the DagBag from /home/airflow/.local/lib/python3.6/site-packages/airflow/example_dags/example_branch_operator.py
[2023-06-12 07:55:59,278] {scheduler_job.py:642} INFO - DAG(s) dict_keys(['example_branch_operator']) retrieved from /home/airflow/.local/lib/python3.6/site-packages/airflow/example_dags/example_branch_operator.py
[2023-06-12 07:55:59,296] {logging_mixin.py:104} INFO - [2023-06-12 07:55:59,296] {dag.py:1833} INFO - Sync 1 DAGs
[2023-06-12 07:55:59,314] {logging_mixin.py:104} INFO - [2023-06-12 07:55:59,314] {dag.py:2306} INFO - Setting next_dagrun for example_branch_operator to 2023-06-10 00:00:00+00:00
[2023-06-12 07:55:59,325] {scheduler_job.py:189} INFO - Processing /home/airflow/.local/lib/python3.6/site-packages/airflow/example_dags/example_branch_operator.py took 0.064 seconds
[2023-06-12 07:56:30,063] {scheduler_job.py:181} INFO - Started process (PID=398) to work on /home/airflow/.local/lib/python3.6/site-packages/airflow/example_dags/example_branch_operator.py
[2023-06-12 07:56:30,064] {scheduler_job.py:632} INFO - Processing file /home/airflow/.local/lib/python3.6/site-packages/airflow/example_dags/example_branch_operator.py for tasks to queue
[2023-06-12 07:56:30,065] {logging_mixin.py:104} INFO - [2023-06-12 07:56:30,065] {dagbag.py:496} INFO - Filling up the DagBag from /home/airflow/.local/lib/python3.6/site-packages/airflow/example_dags/example_branch_operator.py
[2023-06-12 07:56:30,077] {scheduler_job.py:642} INFO - DAG(s) dict_keys(['example_branch_operator']) retrieved from /home/airflow/.local/lib/python3.6/site-packages/airflow/example_dags/example_branch_operator.py
[2023-06-12 07:56:30,095] {logging_mixin.py:104} INFO - [2023-06-12 07:56:30,095] {dag.py:1833} INFO - Sync 1 DAGs
[2023-06-12 07:56:30,108] {logging_mixin.py:104} INFO - [2023-06-12 07:56:30,108] {dag.py:2306} INFO - Setting next_dagrun for example_branch_operator to 2023-06-10 00:00:00+00:00
[2023-06-12 07:56:30,117] {scheduler_job.py:189} INFO - Processing /home/airflow/.local/lib/python3.6/site-packages/airflow/example_dags/example_branch_operator.py took 0.057 seconds
[2023-06-12 07:57:00,557] {scheduler_job.py:181} INFO - Started process (PID=461) to work on /home/airflow/.local/lib/python3.6/site-packages/airflow/example_dags/example_branch_operator.py
[2023-06-12 07:57:00,558] {scheduler_job.py:632} INFO - Processing file /home/airflow/.local/lib/python3.6/site-packages/airflow/example_dags/example_branch_operator.py for tasks to queue
[2023-06-12 07:57:00,559] {logging_mixin.py:104} INFO - [2023-06-12 07:57:00,559] {dagbag.py:496} INFO - Filling up the DagBag from /home/airflow/.local/lib/python3.6/site-packages/airflow/example_dags/example_branch_operator.py
[2023-06-12 07:57:00,572] {scheduler_job.py:642} INFO - DAG(s) dict_keys(['example_branch_operator']) retrieved from /home/airflow/.local/lib/python3.6/site-packages/airflow/example_dags/example_branch_operator.py
[2023-06-12 07:57:00,595] {logging_mixin.py:104} INFO - [2023-06-12 07:57:00,595] {dag.py:1833} INFO - Sync 1 DAGs
[2023-06-12 07:57:00,613] {logging_mixin.py:104} INFO - [2023-06-12 07:57:00,613] {dag.py:2306} INFO - Setting next_dagrun for example_branch_operator to 2023-06-10 00:00:00+00:00
[2023-06-12 07:57:00,621] {scheduler_job.py:189} INFO - Processing /home/airflow/.local/lib/python3.6/site-packages/airflow/example_dags/example_branch_operator.py took 0.067 seconds
[2023-06-12 07:57:31,277] {scheduler_job.py:181} INFO - Started process (PID=514) to work on /home/airflow/.local/lib/python3.6/site-packages/airflow/example_dags/example_branch_operator.py
[2023-06-12 07:57:31,279] {scheduler_job.py:632} INFO - Processing file /home/airflow/.local/lib/python3.6/site-packages/airflow/example_dags/example_branch_operator.py for tasks to queue
[2023-06-12 07:57:31,279] {logging_mixin.py:104} INFO - [2023-06-12 07:57:31,279] {dagbag.py:496} INFO - Filling up the DagBag from /home/airflow/.local/lib/python3.6/site-packages/airflow/example_dags/example_branch_operator.py
[2023-06-12 07:57:31,292] {scheduler_job.py:642} INFO - DAG(s) dict_keys(['example_branch_operator']) retrieved from /home/airflow/.local/lib/python3.6/site-packages/airflow/example_dags/example_branch_operator.py
[2023-06-12 07:57:31,309] {logging_mixin.py:104} INFO - [2023-06-12 07:57:31,309] {dag.py:1833} INFO - Sync 1 DAGs
[2023-06-12 07:57:31,324] {logging_mixin.py:104} INFO - [2023-06-12 07:57:31,324] {dag.py:2306} INFO - Setting next_dagrun for example_branch_operator to 2023-06-10 00:00:00+00:00
[2023-06-12 07:57:31,332] {scheduler_job.py:189} INFO - Processing /home/airflow/.local/lib/python3.6/site-packages/airflow/example_dags/example_branch_operator.py took 0.057 seconds
[2023-06-12 07:58:01,379] {scheduler_job.py:181} INFO - Started process (PID=577) to work on /home/airflow/.local/lib/python3.6/site-packages/airflow/example_dags/example_branch_operator.py
[2023-06-12 07:58:01,380] {scheduler_job.py:632} INFO - Processing file /home/airflow/.local/lib/python3.6/site-packages/airflow/example_dags/example_branch_operator.py for tasks to queue
[2023-06-12 07:58:01,381] {logging_mixin.py:104} INFO - [2023-06-12 07:58:01,381] {dagbag.py:496} INFO - Filling up the DagBag from /home/airflow/.local/lib/python3.6/site-packages/airflow/example_dags/example_branch_operator.py
[2023-06-12 07:58:01,392] {scheduler_job.py:642} INFO - DAG(s) dict_keys(['example_branch_operator']) retrieved from /home/airflow/.local/lib/python3.6/site-packages/airflow/example_dags/example_branch_operator.py
[2023-06-12 07:58:01,409] {logging_mixin.py:104} INFO - [2023-06-12 07:58:01,409] {dag.py:1833} INFO - Sync 1 DAGs
[2023-06-12 07:58:01,423] {logging_mixin.py:104} INFO - [2023-06-12 07:58:01,423] {dag.py:2306} INFO - Setting next_dagrun for example_branch_operator to 2023-06-10 00:00:00+00:00
[2023-06-12 07:58:01,432] {scheduler_job.py:189} INFO - Processing /home/airflow/.local/lib/python3.6/site-packages/airflow/example_dags/example_branch_operator.py took 0.055 seconds
[2023-06-12 07:58:31,708] {scheduler_job.py:181} INFO - Started process (PID=630) to work on /home/airflow/.local/lib/python3.6/site-packages/airflow/example_dags/example_branch_operator.py
[2023-06-12 07:58:31,709] {scheduler_job.py:632} INFO - Processing file /home/airflow/.local/lib/python3.6/site-packages/airflow/example_dags/example_branch_operator.py for tasks to queue
[2023-06-12 07:58:31,710] {logging_mixin.py:104} INFO - [2023-06-12 07:58:31,710] {dagbag.py:496} INFO - Filling up the DagBag from /home/airflow/.local/lib/python3.6/site-packages/airflow/example_dags/example_branch_operator.py
[2023-06-12 07:58:31,722] {scheduler_job.py:642} INFO - DAG(s) dict_keys(['example_branch_operator']) retrieved from /home/airflow/.local/lib/python3.6/site-packages/airflow/example_dags/example_branch_operator.py
[2023-06-12 07:58:31,810] {logging_mixin.py:104} INFO - [2023-06-12 07:58:31,810] {dag.py:1833} INFO - Sync 1 DAGs
[2023-06-12 07:58:31,826] {logging_mixin.py:104} INFO - [2023-06-12 07:58:31,826] {dag.py:2306} INFO - Setting next_dagrun for example_branch_operator to 2023-06-10 00:00:00+00:00
[2023-06-12 07:58:31,837] {scheduler_job.py:189} INFO - Processing /home/airflow/.local/lib/python3.6/site-packages/airflow/example_dags/example_branch_operator.py took 0.131 seconds
[2023-06-12 07:59:02,740] {scheduler_job.py:181} INFO - Started process (PID=693) to work on /home/airflow/.local/lib/python3.6/site-packages/airflow/example_dags/example_branch_operator.py
[2023-06-12 07:59:02,741] {scheduler_job.py:632} INFO - Processing file /home/airflow/.local/lib/python3.6/site-packages/airflow/example_dags/example_branch_operator.py for tasks to queue
[2023-06-12 07:59:02,742] {logging_mixin.py:104} INFO - [2023-06-12 07:59:02,742] {dagbag.py:496} INFO - Filling up the DagBag from /home/airflow/.local/lib/python3.6/site-packages/airflow/example_dags/example_branch_operator.py
[2023-06-12 07:59:02,754] {scheduler_job.py:642} INFO - DAG(s) dict_keys(['example_branch_operator']) retrieved from /home/airflow/.local/lib/python3.6/site-packages/airflow/example_dags/example_branch_operator.py
[2023-06-12 07:59:02,774] {logging_mixin.py:104} INFO - [2023-06-12 07:59:02,774] {dag.py:1833} INFO - Sync 1 DAGs
[2023-06-12 07:59:02,791] {logging_mixin.py:104} INFO - [2023-06-12 07:59:02,791] {dag.py:2306} INFO - Setting next_dagrun for example_branch_operator to 2023-06-10 00:00:00+00:00
[2023-06-12 07:59:02,801] {scheduler_job.py:189} INFO - Processing /home/airflow/.local/lib/python3.6/site-packages/airflow/example_dags/example_branch_operator.py took 0.064 seconds
[2023-06-12 07:59:33,720] {scheduler_job.py:181} INFO - Started process (PID=756) to work on /home/airflow/.local/lib/python3.6/site-packages/airflow/example_dags/example_branch_operator.py
[2023-06-12 07:59:33,721] {scheduler_job.py:632} INFO - Processing file /home/airflow/.local/lib/python3.6/site-packages/airflow/example_dags/example_branch_operator.py for tasks to queue
[2023-06-12 07:59:33,722] {logging_mixin.py:104} INFO - [2023-06-12 07:59:33,722] {dagbag.py:496} INFO - Filling up the DagBag from /home/airflow/.local/lib/python3.6/site-packages/airflow/example_dags/example_branch_operator.py
[2023-06-12 07:59:33,734] {scheduler_job.py:642} INFO - DAG(s) dict_keys(['example_branch_operator']) retrieved from /home/airflow/.local/lib/python3.6/site-packages/airflow/example_dags/example_branch_operator.py
[2023-06-12 07:59:33,750] {logging_mixin.py:104} INFO - [2023-06-12 07:59:33,750] {dag.py:1833} INFO - Sync 1 DAGs
[2023-06-12 07:59:33,764] {logging_mixin.py:104} INFO - [2023-06-12 07:59:33,764] {dag.py:2306} INFO - Setting next_dagrun for example_branch_operator to 2023-06-10 00:00:00+00:00
[2023-06-12 07:59:33,773] {scheduler_job.py:189} INFO - Processing /home/airflow/.local/lib/python3.6/site-packages/airflow/example_dags/example_branch_operator.py took 0.056 seconds
[2023-06-12 08:00:04,649] {scheduler_job.py:181} INFO - Started process (PID=809) to work on /home/airflow/.local/lib/python3.6/site-packages/airflow/example_dags/example_branch_operator.py
[2023-06-12 08:00:04,650] {scheduler_job.py:632} INFO - Processing file /home/airflow/.local/lib/python3.6/site-packages/airflow/example_dags/example_branch_operator.py for tasks to queue
[2023-06-12 08:00:04,651] {logging_mixin.py:104} INFO - [2023-06-12 08:00:04,651] {dagbag.py:496} INFO - Filling up the DagBag from /home/airflow/.local/lib/python3.6/site-packages/airflow/example_dags/example_branch_operator.py
[2023-06-12 08:00:04,664] {scheduler_job.py:642} INFO - DAG(s) dict_keys(['example_branch_operator']) retrieved from /home/airflow/.local/lib/python3.6/site-packages/airflow/example_dags/example_branch_operator.py
[2023-06-12 08:00:04,682] {logging_mixin.py:104} INFO - [2023-06-12 08:00:04,682] {dag.py:1833} INFO - Sync 1 DAGs
[2023-06-12 08:00:04,700] {logging_mixin.py:104} INFO - [2023-06-12 08:00:04,700] {dag.py:2306} INFO - Setting next_dagrun for example_branch_operator to 2023-06-10 00:00:00+00:00
[2023-06-12 08:00:04,710] {scheduler_job.py:189} INFO - Processing /home/airflow/.local/lib/python3.6/site-packages/airflow/example_dags/example_branch_operator.py took 0.064 seconds
[2023-06-12 08:00:34,840] {scheduler_job.py:181} INFO - Started process (PID=872) to work on /home/airflow/.local/lib/python3.6/site-packages/airflow/example_dags/example_branch_operator.py
[2023-06-12 08:00:34,842] {scheduler_job.py:632} INFO - Processing file /home/airflow/.local/lib/python3.6/site-packages/airflow/example_dags/example_branch_operator.py for tasks to queue
[2023-06-12 08:00:34,843] {logging_mixin.py:104} INFO - [2023-06-12 08:00:34,843] {dagbag.py:496} INFO - Filling up the DagBag from /home/airflow/.local/lib/python3.6/site-packages/airflow/example_dags/example_branch_operator.py
[2023-06-12 08:00:34,854] {scheduler_job.py:642} INFO - DAG(s) dict_keys(['example_branch_operator']) retrieved from /home/airflow/.local/lib/python3.6/site-packages/airflow/example_dags/example_branch_operator.py
[2023-06-12 08:00:34,872] {logging_mixin.py:104} INFO - [2023-06-12 08:00:34,872] {dag.py:1833} INFO - Sync 1 DAGs
[2023-06-12 08:00:34,887] {logging_mixin.py:104} INFO - [2023-06-12 08:00:34,887] {dag.py:2306} INFO - Setting next_dagrun for example_branch_operator to 2023-06-10 00:00:00+00:00
[2023-06-12 08:00:34,896] {scheduler_job.py:189} INFO - Processing /home/airflow/.local/lib/python3.6/site-packages/airflow/example_dags/example_branch_operator.py took 0.059 seconds
[2023-06-12 08:01:05,883] {scheduler_job.py:181} INFO - Started process (PID=935) to work on /home/airflow/.local/lib/python3.6/site-packages/airflow/example_dags/example_branch_operator.py
[2023-06-12 08:01:05,884] {scheduler_job.py:632} INFO - Processing file /home/airflow/.local/lib/python3.6/site-packages/airflow/example_dags/example_branch_operator.py for tasks to queue
[2023-06-12 08:01:05,885] {logging_mixin.py:104} INFO - [2023-06-12 08:01:05,884] {dagbag.py:496} INFO - Filling up the DagBag from /home/airflow/.local/lib/python3.6/site-packages/airflow/example_dags/example_branch_operator.py
[2023-06-12 08:01:05,895] {scheduler_job.py:642} INFO - DAG(s) dict_keys(['example_branch_operator']) retrieved from /home/airflow/.local/lib/python3.6/site-packages/airflow/example_dags/example_branch_operator.py
[2023-06-12 08:01:05,912] {logging_mixin.py:104} INFO - [2023-06-12 08:01:05,912] {dag.py:1833} INFO - Sync 1 DAGs
[2023-06-12 08:01:05,926] {logging_mixin.py:104} INFO - [2023-06-12 08:01:05,926] {dag.py:2306} INFO - Setting next_dagrun for example_branch_operator to 2023-06-10 00:00:00+00:00
[2023-06-12 08:01:05,935] {scheduler_job.py:189} INFO - Processing /home/airflow/.local/lib/python3.6/site-packages/airflow/example_dags/example_branch_operator.py took 0.056 seconds
[2023-06-12 08:01:36,705] {scheduler_job.py:181} INFO - Started process (PID=988) to work on /home/airflow/.local/lib/python3.6/site-packages/airflow/example_dags/example_branch_operator.py
[2023-06-12 08:01:36,706] {scheduler_job.py:632} INFO - Processing file /home/airflow/.local/lib/python3.6/site-packages/airflow/example_dags/example_branch_operator.py for tasks to queue
[2023-06-12 08:01:36,707] {logging_mixin.py:104} INFO - [2023-06-12 08:01:36,707] {dagbag.py:496} INFO - Filling up the DagBag from /home/airflow/.local/lib/python3.6/site-packages/airflow/example_dags/example_branch_operator.py
[2023-06-12 08:01:36,719] {scheduler_job.py:642} INFO - DAG(s) dict_keys(['example_branch_operator']) retrieved from /home/airflow/.local/lib/python3.6/site-packages/airflow/example_dags/example_branch_operator.py
[2023-06-12 08:01:36,737] {logging_mixin.py:104} INFO - [2023-06-12 08:01:36,737] {dag.py:1833} INFO - Sync 1 DAGs
[2023-06-12 08:01:36,750] {logging_mixin.py:104} INFO - [2023-06-12 08:01:36,750] {dag.py:2306} INFO - Setting next_dagrun for example_branch_operator to 2023-06-10 00:00:00+00:00
[2023-06-12 08:01:36,761] {scheduler_job.py:189} INFO - Processing /home/airflow/.local/lib/python3.6/site-packages/airflow/example_dags/example_branch_operator.py took 0.058 seconds
[2023-06-12 08:02:07,705] {scheduler_job.py:181} INFO - Started process (PID=1051) to work on /home/airflow/.local/lib/python3.6/site-packages/airflow/example_dags/example_branch_operator.py
[2023-06-12 08:02:07,706] {scheduler_job.py:632} INFO - Processing file /home/airflow/.local/lib/python3.6/site-packages/airflow/example_dags/example_branch_operator.py for tasks to queue
[2023-06-12 08:02:07,707] {logging_mixin.py:104} INFO - [2023-06-12 08:02:07,707] {dagbag.py:496} INFO - Filling up the DagBag from /home/airflow/.local/lib/python3.6/site-packages/airflow/example_dags/example_branch_operator.py
[2023-06-12 08:02:07,719] {scheduler_job.py:642} INFO - DAG(s) dict_keys(['example_branch_operator']) retrieved from /home/airflow/.local/lib/python3.6/site-packages/airflow/example_dags/example_branch_operator.py
[2023-06-12 08:02:07,738] {logging_mixin.py:104} INFO - [2023-06-12 08:02:07,738] {dag.py:1833} INFO - Sync 1 DAGs
[2023-06-12 08:02:07,752] {logging_mixin.py:104} INFO - [2023-06-12 08:02:07,752] {dag.py:2306} INFO - Setting next_dagrun for example_branch_operator to 2023-06-10 00:00:00+00:00
[2023-06-12 08:02:07,761] {scheduler_job.py:189} INFO - Processing /home/airflow/.local/lib/python3.6/site-packages/airflow/example_dags/example_branch_operator.py took 0.059 seconds
[2023-06-12 08:02:38,099] {scheduler_job.py:181} INFO - Started process (PID=1113) to work on /home/airflow/.local/lib/python3.6/site-packages/airflow/example_dags/example_branch_operator.py
[2023-06-12 08:02:38,101] {scheduler_job.py:632} INFO - Processing file /home/airflow/.local/lib/python3.6/site-packages/airflow/example_dags/example_branch_operator.py for tasks to queue
[2023-06-12 08:02:38,102] {logging_mixin.py:104} INFO - [2023-06-12 08:02:38,102] {dagbag.py:496} INFO - Filling up the DagBag from /home/airflow/.local/lib/python3.6/site-packages/airflow/example_dags/example_branch_operator.py
[2023-06-12 08:02:38,118] {scheduler_job.py:642} INFO - DAG(s) dict_keys(['example_branch_operator']) retrieved from /home/airflow/.local/lib/python3.6/site-packages/airflow/example_dags/example_branch_operator.py
[2023-06-12 08:02:38,137] {logging_mixin.py:104} INFO - [2023-06-12 08:02:38,137] {dag.py:1833} INFO - Sync 1 DAGs
[2023-06-12 08:02:38,153] {logging_mixin.py:104} INFO - [2023-06-12 08:02:38,153] {dag.py:2306} INFO - Setting next_dagrun for example_branch_operator to 2023-06-10 00:00:00+00:00
[2023-06-12 08:02:38,164] {scheduler_job.py:189} INFO - Processing /home/airflow/.local/lib/python3.6/site-packages/airflow/example_dags/example_branch_operator.py took 0.068 seconds
[2023-06-12 08:03:08,434] {scheduler_job.py:181} INFO - Started process (PID=1167) to work on /home/airflow/.local/lib/python3.6/site-packages/airflow/example_dags/example_branch_operator.py
[2023-06-12 08:03:08,435] {scheduler_job.py:632} INFO - Processing file /home/airflow/.local/lib/python3.6/site-packages/airflow/example_dags/example_branch_operator.py for tasks to queue
[2023-06-12 08:03:08,436] {logging_mixin.py:104} INFO - [2023-06-12 08:03:08,436] {dagbag.py:496} INFO - Filling up the DagBag from /home/airflow/.local/lib/python3.6/site-packages/airflow/example_dags/example_branch_operator.py
[2023-06-12 08:03:08,447] {scheduler_job.py:642} INFO - DAG(s) dict_keys(['example_branch_operator']) retrieved from /home/airflow/.local/lib/python3.6/site-packages/airflow/example_dags/example_branch_operator.py
[2023-06-12 08:03:08,465] {logging_mixin.py:104} INFO - [2023-06-12 08:03:08,465] {dag.py:1833} INFO - Sync 1 DAGs
[2023-06-12 08:03:08,478] {logging_mixin.py:104} INFO - [2023-06-12 08:03:08,478] {dag.py:2306} INFO - Setting next_dagrun for example_branch_operator to 2023-06-10 00:00:00+00:00
[2023-06-12 08:03:08,486] {scheduler_job.py:189} INFO - Processing /home/airflow/.local/lib/python3.6/site-packages/airflow/example_dags/example_branch_operator.py took 0.055 seconds
[2023-06-12 08:03:38,752] {scheduler_job.py:181} INFO - Started process (PID=1230) to work on /home/airflow/.local/lib/python3.6/site-packages/airflow/example_dags/example_branch_operator.py
[2023-06-12 08:03:38,754] {scheduler_job.py:632} INFO - Processing file /home/airflow/.local/lib/python3.6/site-packages/airflow/example_dags/example_branch_operator.py for tasks to queue
[2023-06-12 08:03:38,755] {logging_mixin.py:104} INFO - [2023-06-12 08:03:38,755] {dagbag.py:496} INFO - Filling up the DagBag from /home/airflow/.local/lib/python3.6/site-packages/airflow/example_dags/example_branch_operator.py
[2023-06-12 08:03:38,768] {scheduler_job.py:642} INFO - DAG(s) dict_keys(['example_branch_operator']) retrieved from /home/airflow/.local/lib/python3.6/site-packages/airflow/example_dags/example_branch_operator.py
[2023-06-12 08:03:38,786] {logging_mixin.py:104} INFO - [2023-06-12 08:03:38,786] {dag.py:1833} INFO - Sync 1 DAGs
[2023-06-12 08:03:38,799] {logging_mixin.py:104} INFO - [2023-06-12 08:03:38,799] {dag.py:2306} INFO - Setting next_dagrun for example_branch_operator to 2023-06-10 00:00:00+00:00
[2023-06-12 08:03:38,808] {scheduler_job.py:189} INFO - Processing /home/airflow/.local/lib/python3.6/site-packages/airflow/example_dags/example_branch_operator.py took 0.059 seconds
[2023-06-12 08:04:09,125] {scheduler_job.py:181} INFO - Started process (PID=1284) to work on /home/airflow/.local/lib/python3.6/site-packages/airflow/example_dags/example_branch_operator.py
[2023-06-12 08:04:09,128] {scheduler_job.py:632} INFO - Processing file /home/airflow/.local/lib/python3.6/site-packages/airflow/example_dags/example_branch_operator.py for tasks to queue
[2023-06-12 08:04:09,130] {logging_mixin.py:104} INFO - [2023-06-12 08:04:09,129] {dagbag.py:496} INFO - Filling up the DagBag from /home/airflow/.local/lib/python3.6/site-packages/airflow/example_dags/example_branch_operator.py
[2023-06-12 08:04:09,146] {scheduler_job.py:642} INFO - DAG(s) dict_keys(['example_branch_operator']) retrieved from /home/airflow/.local/lib/python3.6/site-packages/airflow/example_dags/example_branch_operator.py
[2023-06-12 08:04:09,163] {logging_mixin.py:104} INFO - [2023-06-12 08:04:09,163] {dag.py:1833} INFO - Sync 1 DAGs
[2023-06-12 08:04:09,176] {logging_mixin.py:104} INFO - [2023-06-12 08:04:09,175] {dag.py:2306} INFO - Setting next_dagrun for example_branch_operator to 2023-06-10 00:00:00+00:00
[2023-06-12 08:04:09,184] {scheduler_job.py:189} INFO - Processing /home/airflow/.local/lib/python3.6/site-packages/airflow/example_dags/example_branch_operator.py took 0.064 seconds
[2023-06-12 08:04:39,514] {scheduler_job.py:181} INFO - Started process (PID=1347) to work on /home/airflow/.local/lib/python3.6/site-packages/airflow/example_dags/example_branch_operator.py
[2023-06-12 08:04:39,515] {scheduler_job.py:632} INFO - Processing file /home/airflow/.local/lib/python3.6/site-packages/airflow/example_dags/example_branch_operator.py for tasks to queue
[2023-06-12 08:04:39,516] {logging_mixin.py:104} INFO - [2023-06-12 08:04:39,516] {dagbag.py:496} INFO - Filling up the DagBag from /home/airflow/.local/lib/python3.6/site-packages/airflow/example_dags/example_branch_operator.py
[2023-06-12 08:04:39,528] {scheduler_job.py:642} INFO - DAG(s) dict_keys(['example_branch_operator']) retrieved from /home/airflow/.local/lib/python3.6/site-packages/airflow/example_dags/example_branch_operator.py
[2023-06-12 08:04:39,545] {logging_mixin.py:104} INFO - [2023-06-12 08:04:39,545] {dag.py:1833} INFO - Sync 1 DAGs
[2023-06-12 08:04:39,558] {logging_mixin.py:104} INFO - [2023-06-12 08:04:39,558] {dag.py:2306} INFO - Setting next_dagrun for example_branch_operator to 2023-06-10 00:00:00+00:00
[2023-06-12 08:04:39,567] {scheduler_job.py:189} INFO - Processing /home/airflow/.local/lib/python3.6/site-packages/airflow/example_dags/example_branch_operator.py took 0.055 seconds
[2023-06-12 08:05:09,908] {scheduler_job.py:181} INFO - Started process (PID=1407) to work on /home/airflow/.local/lib/python3.6/site-packages/airflow/example_dags/example_branch_operator.py
[2023-06-12 08:05:09,910] {scheduler_job.py:632} INFO - Processing file /home/airflow/.local/lib/python3.6/site-packages/airflow/example_dags/example_branch_operator.py for tasks to queue
[2023-06-12 08:05:09,911] {logging_mixin.py:104} INFO - [2023-06-12 08:05:09,911] {dagbag.py:496} INFO - Filling up the DagBag from /home/airflow/.local/lib/python3.6/site-packages/airflow/example_dags/example_branch_operator.py
[2023-06-12 08:05:09,925] {scheduler_job.py:642} INFO - DAG(s) dict_keys(['example_branch_operator']) retrieved from /home/airflow/.local/lib/python3.6/site-packages/airflow/example_dags/example_branch_operator.py
[2023-06-12 08:05:09,944] {logging_mixin.py:104} INFO - [2023-06-12 08:05:09,944] {dag.py:1833} INFO - Sync 1 DAGs
[2023-06-12 08:05:09,960] {logging_mixin.py:104} INFO - [2023-06-12 08:05:09,959] {dag.py:2306} INFO - Setting next_dagrun for example_branch_operator to 2023-06-10 00:00:00+00:00
[2023-06-12 08:05:09,970] {scheduler_job.py:189} INFO - Processing /home/airflow/.local/lib/python3.6/site-packages/airflow/example_dags/example_branch_operator.py took 0.065 seconds
[2023-06-12 08:05:40,289] {scheduler_job.py:181} INFO - Started process (PID=1464) to work on /home/airflow/.local/lib/python3.6/site-packages/airflow/example_dags/example_branch_operator.py
[2023-06-12 08:05:40,291] {scheduler_job.py:632} INFO - Processing file /home/airflow/.local/lib/python3.6/site-packages/airflow/example_dags/example_branch_operator.py for tasks to queue
[2023-06-12 08:05:40,292] {logging_mixin.py:104} INFO - [2023-06-12 08:05:40,292] {dagbag.py:496} INFO - Filling up the DagBag from /home/airflow/.local/lib/python3.6/site-packages/airflow/example_dags/example_branch_operator.py
[2023-06-12 08:05:40,303] {scheduler_job.py:642} INFO - DAG(s) dict_keys(['example_branch_operator']) retrieved from /home/airflow/.local/lib/python3.6/site-packages/airflow/example_dags/example_branch_operator.py
[2023-06-12 08:05:40,320] {logging_mixin.py:104} INFO - [2023-06-12 08:05:40,320] {dag.py:1833} INFO - Sync 1 DAGs
[2023-06-12 08:05:40,333] {logging_mixin.py:104} INFO - [2023-06-12 08:05:40,333] {dag.py:2306} INFO - Setting next_dagrun for example_branch_operator to 2023-06-10 00:00:00+00:00
[2023-06-12 08:05:40,343] {scheduler_job.py:189} INFO - Processing /home/airflow/.local/lib/python3.6/site-packages/airflow/example_dags/example_branch_operator.py took 0.057 seconds
[2023-06-12 08:06:10,686] {scheduler_job.py:181} INFO - Started process (PID=1527) to work on /home/airflow/.local/lib/python3.6/site-packages/airflow/example_dags/example_branch_operator.py
[2023-06-12 08:06:10,688] {scheduler_job.py:632} INFO - Processing file /home/airflow/.local/lib/python3.6/site-packages/airflow/example_dags/example_branch_operator.py for tasks to queue
[2023-06-12 08:06:10,688] {logging_mixin.py:104} INFO - [2023-06-12 08:06:10,688] {dagbag.py:496} INFO - Filling up the DagBag from /home/airflow/.local/lib/python3.6/site-packages/airflow/example_dags/example_branch_operator.py
[2023-06-12 08:06:10,700] {scheduler_job.py:642} INFO - DAG(s) dict_keys(['example_branch_operator']) retrieved from /home/airflow/.local/lib/python3.6/site-packages/airflow/example_dags/example_branch_operator.py
[2023-06-12 08:06:10,717] {logging_mixin.py:104} INFO - [2023-06-12 08:06:10,717] {dag.py:1833} INFO - Sync 1 DAGs
[2023-06-12 08:06:10,730] {logging_mixin.py:104} INFO - [2023-06-12 08:06:10,730] {dag.py:2306} INFO - Setting next_dagrun for example_branch_operator to 2023-06-10 00:00:00+00:00
[2023-06-12 08:06:10,738] {scheduler_job.py:189} INFO - Processing /home/airflow/.local/lib/python3.6/site-packages/airflow/example_dags/example_branch_operator.py took 0.054 seconds
[2023-06-12 08:06:41,019] {scheduler_job.py:181} INFO - Started process (PID=1580) to work on /home/airflow/.local/lib/python3.6/site-packages/airflow/example_dags/example_branch_operator.py
[2023-06-12 08:06:41,020] {scheduler_job.py:632} INFO - Processing file /home/airflow/.local/lib/python3.6/site-packages/airflow/example_dags/example_branch_operator.py for tasks to queue
[2023-06-12 08:06:41,021] {logging_mixin.py:104} INFO - [2023-06-12 08:06:41,021] {dagbag.py:496} INFO - Filling up the DagBag from /home/airflow/.local/lib/python3.6/site-packages/airflow/example_dags/example_branch_operator.py
[2023-06-12 08:06:41,037] {scheduler_job.py:642} INFO - DAG(s) dict_keys(['example_branch_operator']) retrieved from /home/airflow/.local/lib/python3.6/site-packages/airflow/example_dags/example_branch_operator.py
[2023-06-12 08:06:41,056] {logging_mixin.py:104} INFO - [2023-06-12 08:06:41,056] {dag.py:1833} INFO - Sync 1 DAGs
[2023-06-12 08:06:41,073] {logging_mixin.py:104} INFO - [2023-06-12 08:06:41,073] {dag.py:2306} INFO - Setting next_dagrun for example_branch_operator to 2023-06-10 00:00:00+00:00
[2023-06-12 08:06:41,082] {scheduler_job.py:189} INFO - Processing /home/airflow/.local/lib/python3.6/site-packages/airflow/example_dags/example_branch_operator.py took 0.066 seconds
[2023-06-12 08:07:11,180] {scheduler_job.py:181} INFO - Started process (PID=1643) to work on /home/airflow/.local/lib/python3.6/site-packages/airflow/example_dags/example_branch_operator.py
[2023-06-12 08:07:11,181] {scheduler_job.py:632} INFO - Processing file /home/airflow/.local/lib/python3.6/site-packages/airflow/example_dags/example_branch_operator.py for tasks to queue
[2023-06-12 08:07:11,182] {logging_mixin.py:104} INFO - [2023-06-12 08:07:11,182] {dagbag.py:496} INFO - Filling up the DagBag from /home/airflow/.local/lib/python3.6/site-packages/airflow/example_dags/example_branch_operator.py
[2023-06-12 08:07:11,194] {scheduler_job.py:642} INFO - DAG(s) dict_keys(['example_branch_operator']) retrieved from /home/airflow/.local/lib/python3.6/site-packages/airflow/example_dags/example_branch_operator.py
[2023-06-12 08:07:11,210] {logging_mixin.py:104} INFO - [2023-06-12 08:07:11,210] {dag.py:1833} INFO - Sync 1 DAGs
[2023-06-12 08:07:11,223] {logging_mixin.py:104} INFO - [2023-06-12 08:07:11,223] {dag.py:2306} INFO - Setting next_dagrun for example_branch_operator to 2023-06-10 00:00:00+00:00
[2023-06-12 08:07:11,232] {scheduler_job.py:189} INFO - Processing /home/airflow/.local/lib/python3.6/site-packages/airflow/example_dags/example_branch_operator.py took 0.055 seconds
[2023-06-12 08:07:42,250] {scheduler_job.py:181} INFO - Started process (PID=1705) to work on /home/airflow/.local/lib/python3.6/site-packages/airflow/example_dags/example_branch_operator.py
[2023-06-12 08:07:42,251] {scheduler_job.py:632} INFO - Processing file /home/airflow/.local/lib/python3.6/site-packages/airflow/example_dags/example_branch_operator.py for tasks to queue
[2023-06-12 08:07:42,252] {logging_mixin.py:104} INFO - [2023-06-12 08:07:42,252] {dagbag.py:496} INFO - Filling up the DagBag from /home/airflow/.local/lib/python3.6/site-packages/airflow/example_dags/example_branch_operator.py
[2023-06-12 08:07:42,266] {scheduler_job.py:642} INFO - DAG(s) dict_keys(['example_branch_operator']) retrieved from /home/airflow/.local/lib/python3.6/site-packages/airflow/example_dags/example_branch_operator.py
[2023-06-12 08:07:42,287] {logging_mixin.py:104} INFO - [2023-06-12 08:07:42,287] {dag.py:1833} INFO - Sync 1 DAGs
[2023-06-12 08:07:42,304] {logging_mixin.py:104} INFO - [2023-06-12 08:07:42,304] {dag.py:2306} INFO - Setting next_dagrun for example_branch_operator to 2023-06-10 00:00:00+00:00
[2023-06-12 08:07:42,316] {scheduler_job.py:189} INFO - Processing /home/airflow/.local/lib/python3.6/site-packages/airflow/example_dags/example_branch_operator.py took 0.069 seconds
[2023-06-12 08:08:12,622] {scheduler_job.py:181} INFO - Started process (PID=1759) to work on /home/airflow/.local/lib/python3.6/site-packages/airflow/example_dags/example_branch_operator.py
[2023-06-12 08:08:12,623] {scheduler_job.py:632} INFO - Processing file /home/airflow/.local/lib/python3.6/site-packages/airflow/example_dags/example_branch_operator.py for tasks to queue
[2023-06-12 08:08:12,624] {logging_mixin.py:104} INFO - [2023-06-12 08:08:12,624] {dagbag.py:496} INFO - Filling up the DagBag from /home/airflow/.local/lib/python3.6/site-packages/airflow/example_dags/example_branch_operator.py
[2023-06-12 08:08:12,638] {scheduler_job.py:642} INFO - DAG(s) dict_keys(['example_branch_operator']) retrieved from /home/airflow/.local/lib/python3.6/site-packages/airflow/example_dags/example_branch_operator.py
[2023-06-12 08:08:12,654] {logging_mixin.py:104} INFO - [2023-06-12 08:08:12,654] {dag.py:1833} INFO - Sync 1 DAGs
[2023-06-12 08:08:12,667] {logging_mixin.py:104} INFO - [2023-06-12 08:08:12,667] {dag.py:2306} INFO - Setting next_dagrun for example_branch_operator to 2023-06-10 00:00:00+00:00
[2023-06-12 08:08:12,676] {scheduler_job.py:189} INFO - Processing /home/airflow/.local/lib/python3.6/site-packages/airflow/example_dags/example_branch_operator.py took 0.056 seconds
[2023-06-12 08:08:43,192] {scheduler_job.py:181} INFO - Started process (PID=1823) to work on /home/airflow/.local/lib/python3.6/site-packages/airflow/example_dags/example_branch_operator.py
[2023-06-12 08:08:43,193] {scheduler_job.py:632} INFO - Processing file /home/airflow/.local/lib/python3.6/site-packages/airflow/example_dags/example_branch_operator.py for tasks to queue
[2023-06-12 08:08:43,194] {logging_mixin.py:104} INFO - [2023-06-12 08:08:43,194] {dagbag.py:496} INFO - Filling up the DagBag from /home/airflow/.local/lib/python3.6/site-packages/airflow/example_dags/example_branch_operator.py
[2023-06-12 08:08:43,205] {scheduler_job.py:642} INFO - DAG(s) dict_keys(['example_branch_operator']) retrieved from /home/airflow/.local/lib/python3.6/site-packages/airflow/example_dags/example_branch_operator.py
[2023-06-12 08:08:43,222] {logging_mixin.py:104} INFO - [2023-06-12 08:08:43,222] {dag.py:1833} INFO - Sync 1 DAGs
[2023-06-12 08:08:43,235] {logging_mixin.py:104} INFO - [2023-06-12 08:08:43,235] {dag.py:2306} INFO - Setting next_dagrun for example_branch_operator to 2023-06-10 00:00:00+00:00
[2023-06-12 08:08:43,245] {scheduler_job.py:189} INFO - Processing /home/airflow/.local/lib/python3.6/site-packages/airflow/example_dags/example_branch_operator.py took 0.055 seconds
[2023-06-12 08:09:13,561] {scheduler_job.py:181} INFO - Started process (PID=1876) to work on /home/airflow/.local/lib/python3.6/site-packages/airflow/example_dags/example_branch_operator.py
[2023-06-12 08:09:13,563] {scheduler_job.py:632} INFO - Processing file /home/airflow/.local/lib/python3.6/site-packages/airflow/example_dags/example_branch_operator.py for tasks to queue
[2023-06-12 08:09:13,563] {logging_mixin.py:104} INFO - [2023-06-12 08:09:13,563] {dagbag.py:496} INFO - Filling up the DagBag from /home/airflow/.local/lib/python3.6/site-packages/airflow/example_dags/example_branch_operator.py
[2023-06-12 08:09:13,575] {scheduler_job.py:642} INFO - DAG(s) dict_keys(['example_branch_operator']) retrieved from /home/airflow/.local/lib/python3.6/site-packages/airflow/example_dags/example_branch_operator.py
[2023-06-12 08:09:13,593] {logging_mixin.py:104} INFO - [2023-06-12 08:09:13,593] {dag.py:1833} INFO - Sync 1 DAGs
[2023-06-12 08:09:13,605] {logging_mixin.py:104} INFO - [2023-06-12 08:09:13,605] {dag.py:2306} INFO - Setting next_dagrun for example_branch_operator to 2023-06-10 00:00:00+00:00
[2023-06-12 08:09:13,615] {scheduler_job.py:189} INFO - Processing /home/airflow/.local/lib/python3.6/site-packages/airflow/example_dags/example_branch_operator.py took 0.056 seconds
[2023-06-12 08:09:43,915] {scheduler_job.py:181} INFO - Started process (PID=1939) to work on /home/airflow/.local/lib/python3.6/site-packages/airflow/example_dags/example_branch_operator.py
[2023-06-12 08:09:43,916] {scheduler_job.py:632} INFO - Processing file /home/airflow/.local/lib/python3.6/site-packages/airflow/example_dags/example_branch_operator.py for tasks to queue
[2023-06-12 08:09:43,917] {logging_mixin.py:104} INFO - [2023-06-12 08:09:43,917] {dagbag.py:496} INFO - Filling up the DagBag from /home/airflow/.local/lib/python3.6/site-packages/airflow/example_dags/example_branch_operator.py
[2023-06-12 08:09:43,931] {scheduler_job.py:642} INFO - DAG(s) dict_keys(['example_branch_operator']) retrieved from /home/airflow/.local/lib/python3.6/site-packages/airflow/example_dags/example_branch_operator.py
[2023-06-12 08:09:43,949] {logging_mixin.py:104} INFO - [2023-06-12 08:09:43,949] {dag.py:1833} INFO - Sync 1 DAGs
[2023-06-12 08:09:43,962] {logging_mixin.py:104} INFO - [2023-06-12 08:09:43,962] {dag.py:2306} INFO - Setting next_dagrun for example_branch_operator to 2023-06-10 00:00:00+00:00
[2023-06-12 08:09:43,972] {scheduler_job.py:189} INFO - Processing /home/airflow/.local/lib/python3.6/site-packages/airflow/example_dags/example_branch_operator.py took 0.060 seconds
[2023-06-12 08:10:14,420] {scheduler_job.py:181} INFO - Started process (PID=2002) to work on /home/airflow/.local/lib/python3.6/site-packages/airflow/example_dags/example_branch_operator.py
[2023-06-12 08:10:14,422] {scheduler_job.py:632} INFO - Processing file /home/airflow/.local/lib/python3.6/site-packages/airflow/example_dags/example_branch_operator.py for tasks to queue
[2023-06-12 08:10:14,423] {logging_mixin.py:104} INFO - [2023-06-12 08:10:14,423] {dagbag.py:496} INFO - Filling up the DagBag from /home/airflow/.local/lib/python3.6/site-packages/airflow/example_dags/example_branch_operator.py
[2023-06-12 08:10:14,436] {scheduler_job.py:642} INFO - DAG(s) dict_keys(['example_branch_operator']) retrieved from /home/airflow/.local/lib/python3.6/site-packages/airflow/example_dags/example_branch_operator.py
[2023-06-12 08:10:14,454] {logging_mixin.py:104} INFO - [2023-06-12 08:10:14,454] {dag.py:1833} INFO - Sync 1 DAGs
[2023-06-12 08:10:14,467] {logging_mixin.py:104} INFO - [2023-06-12 08:10:14,467] {dag.py:2306} INFO - Setting next_dagrun for example_branch_operator to 2023-06-10 00:00:00+00:00
[2023-06-12 08:10:14,476] {scheduler_job.py:189} INFO - Processing /home/airflow/.local/lib/python3.6/site-packages/airflow/example_dags/example_branch_operator.py took 0.059 seconds
[2023-06-12 08:10:44,777] {scheduler_job.py:181} INFO - Started process (PID=2055) to work on /home/airflow/.local/lib/python3.6/site-packages/airflow/example_dags/example_branch_operator.py
[2023-06-12 08:10:44,778] {scheduler_job.py:632} INFO - Processing file /home/airflow/.local/lib/python3.6/site-packages/airflow/example_dags/example_branch_operator.py for tasks to queue
[2023-06-12 08:10:44,779] {logging_mixin.py:104} INFO - [2023-06-12 08:10:44,779] {dagbag.py:496} INFO - Filling up the DagBag from /home/airflow/.local/lib/python3.6/site-packages/airflow/example_dags/example_branch_operator.py
[2023-06-12 08:10:44,791] {scheduler_job.py:642} INFO - DAG(s) dict_keys(['example_branch_operator']) retrieved from /home/airflow/.local/lib/python3.6/site-packages/airflow/example_dags/example_branch_operator.py
[2023-06-12 08:10:44,809] {logging_mixin.py:104} INFO - [2023-06-12 08:10:44,809] {dag.py:1833} INFO - Sync 1 DAGs
[2023-06-12 08:10:44,823] {logging_mixin.py:104} INFO - [2023-06-12 08:10:44,823] {dag.py:2306} INFO - Setting next_dagrun for example_branch_operator to 2023-06-10 00:00:00+00:00
[2023-06-12 08:10:44,832] {scheduler_job.py:189} INFO - Processing /home/airflow/.local/lib/python3.6/site-packages/airflow/example_dags/example_branch_operator.py took 0.058 seconds
[2023-06-12 08:11:15,257] {scheduler_job.py:181} INFO - Started process (PID=2118) to work on /home/airflow/.local/lib/python3.6/site-packages/airflow/example_dags/example_branch_operator.py
[2023-06-12 08:11:15,258] {scheduler_job.py:632} INFO - Processing file /home/airflow/.local/lib/python3.6/site-packages/airflow/example_dags/example_branch_operator.py for tasks to queue
[2023-06-12 08:11:15,259] {logging_mixin.py:104} INFO - [2023-06-12 08:11:15,259] {dagbag.py:496} INFO - Filling up the DagBag from /home/airflow/.local/lib/python3.6/site-packages/airflow/example_dags/example_branch_operator.py
[2023-06-12 08:11:15,271] {scheduler_job.py:642} INFO - DAG(s) dict_keys(['example_branch_operator']) retrieved from /home/airflow/.local/lib/python3.6/site-packages/airflow/example_dags/example_branch_operator.py
[2023-06-12 08:11:15,287] {logging_mixin.py:104} INFO - [2023-06-12 08:11:15,287] {dag.py:1833} INFO - Sync 1 DAGs
[2023-06-12 08:11:15,300] {logging_mixin.py:104} INFO - [2023-06-12 08:11:15,300] {dag.py:2306} INFO - Setting next_dagrun for example_branch_operator to 2023-06-10 00:00:00+00:00
[2023-06-12 08:11:15,309] {scheduler_job.py:189} INFO - Processing /home/airflow/.local/lib/python3.6/site-packages/airflow/example_dags/example_branch_operator.py took 0.055 seconds
[2023-06-12 08:11:45,553] {scheduler_job.py:181} INFO - Started process (PID=2171) to work on /home/airflow/.local/lib/python3.6/site-packages/airflow/example_dags/example_branch_operator.py
[2023-06-12 08:11:45,554] {scheduler_job.py:632} INFO - Processing file /home/airflow/.local/lib/python3.6/site-packages/airflow/example_dags/example_branch_operator.py for tasks to queue
[2023-06-12 08:11:45,555] {logging_mixin.py:104} INFO - [2023-06-12 08:11:45,555] {dagbag.py:496} INFO - Filling up the DagBag from /home/airflow/.local/lib/python3.6/site-packages/airflow/example_dags/example_branch_operator.py
[2023-06-12 08:11:45,568] {scheduler_job.py:642} INFO - DAG(s) dict_keys(['example_branch_operator']) retrieved from /home/airflow/.local/lib/python3.6/site-packages/airflow/example_dags/example_branch_operator.py
[2023-06-12 08:11:45,588] {logging_mixin.py:104} INFO - [2023-06-12 08:11:45,588] {dag.py:1833} INFO - Sync 1 DAGs
[2023-06-12 08:11:45,604] {logging_mixin.py:104} INFO - [2023-06-12 08:11:45,604] {dag.py:2306} INFO - Setting next_dagrun for example_branch_operator to 2023-06-10 00:00:00+00:00
[2023-06-12 08:11:45,612] {scheduler_job.py:189} INFO - Processing /home/airflow/.local/lib/python3.6/site-packages/airflow/example_dags/example_branch_operator.py took 0.063 seconds
[2023-06-12 08:12:16,169] {scheduler_job.py:181} INFO - Started process (PID=2234) to work on /home/airflow/.local/lib/python3.6/site-packages/airflow/example_dags/example_branch_operator.py
[2023-06-12 08:12:16,170] {scheduler_job.py:632} INFO - Processing file /home/airflow/.local/lib/python3.6/site-packages/airflow/example_dags/example_branch_operator.py for tasks to queue
[2023-06-12 08:12:16,171] {logging_mixin.py:104} INFO - [2023-06-12 08:12:16,171] {dagbag.py:496} INFO - Filling up the DagBag from /home/airflow/.local/lib/python3.6/site-packages/airflow/example_dags/example_branch_operator.py
[2023-06-12 08:12:16,182] {scheduler_job.py:642} INFO - DAG(s) dict_keys(['example_branch_operator']) retrieved from /home/airflow/.local/lib/python3.6/site-packages/airflow/example_dags/example_branch_operator.py
[2023-06-12 08:12:16,199] {logging_mixin.py:104} INFO - [2023-06-12 08:12:16,199] {dag.py:1833} INFO - Sync 1 DAGs
[2023-06-12 08:12:16,212] {logging_mixin.py:104} INFO - [2023-06-12 08:12:16,212] {dag.py:2306} INFO - Setting next_dagrun for example_branch_operator to 2023-06-10 00:00:00+00:00
[2023-06-12 08:12:16,222] {scheduler_job.py:189} INFO - Processing /home/airflow/.local/lib/python3.6/site-packages/airflow/example_dags/example_branch_operator.py took 0.056 seconds
[2023-06-12 08:12:46,580] {scheduler_job.py:181} INFO - Started process (PID=2297) to work on /home/airflow/.local/lib/python3.6/site-packages/airflow/example_dags/example_branch_operator.py
[2023-06-12 08:12:46,581] {scheduler_job.py:632} INFO - Processing file /home/airflow/.local/lib/python3.6/site-packages/airflow/example_dags/example_branch_operator.py for tasks to queue
[2023-06-12 08:12:46,582] {logging_mixin.py:104} INFO - [2023-06-12 08:12:46,582] {dagbag.py:496} INFO - Filling up the DagBag from /home/airflow/.local/lib/python3.6/site-packages/airflow/example_dags/example_branch_operator.py
[2023-06-12 08:12:46,595] {scheduler_job.py:642} INFO - DAG(s) dict_keys(['example_branch_operator']) retrieved from /home/airflow/.local/lib/python3.6/site-packages/airflow/example_dags/example_branch_operator.py
[2023-06-12 08:12:46,612] {logging_mixin.py:104} INFO - [2023-06-12 08:12:46,612] {dag.py:1833} INFO - Sync 1 DAGs
[2023-06-12 08:12:46,626] {logging_mixin.py:104} INFO - [2023-06-12 08:12:46,626] {dag.py:2306} INFO - Setting next_dagrun for example_branch_operator to 2023-06-10 00:00:00+00:00
[2023-06-12 08:12:46,635] {scheduler_job.py:189} INFO - Processing /home/airflow/.local/lib/python3.6/site-packages/airflow/example_dags/example_branch_operator.py took 0.058 seconds
