[2023-06-12 07:53:27,537] {scheduler_job.py:181} INFO - Started process (PID=49) to work on /home/airflow/.local/lib/python3.6/site-packages/airflow/example_dags/example_subdag_operator.py
[2023-06-12 07:53:27,538] {scheduler_job.py:632} INFO - Processing file /home/airflow/.local/lib/python3.6/site-packages/airflow/example_dags/example_subdag_operator.py for tasks to queue
[2023-06-12 07:53:27,539] {logging_mixin.py:104} INFO - [2023-06-12 07:53:27,539] {dagbag.py:496} INFO - Filling up the DagBag from /home/airflow/.local/lib/python3.6/site-packages/airflow/example_dags/example_subdag_operator.py
[2023-06-12 07:53:27,565] {scheduler_job.py:642} INFO - DAG(s) dict_keys(['example_subdag_operator.section-1', 'example_subdag_operator.section-2', 'example_subdag_operator']) retrieved from /home/airflow/.local/lib/python3.6/site-packages/airflow/example_dags/example_subdag_operator.py
[2023-06-12 07:53:27,755] {logging_mixin.py:104} INFO - [2023-06-12 07:53:27,755] {dag.py:1833} INFO - Sync 3 DAGs
[2023-06-12 07:53:27,769] {logging_mixin.py:104} INFO - [2023-06-12 07:53:27,769] {dag.py:2306} INFO - Setting next_dagrun for example_subdag_operator to 2023-06-10 00:00:00+00:00
[2023-06-12 07:53:27,770] {logging_mixin.py:104} INFO - [2023-06-12 07:53:27,770] {dag.py:2306} INFO - Setting next_dagrun for example_subdag_operator.section-1 to None
[2023-06-12 07:53:27,771] {logging_mixin.py:104} INFO - [2023-06-12 07:53:27,771] {dag.py:2306} INFO - Setting next_dagrun for example_subdag_operator.section-2 to None
[2023-06-12 07:53:27,781] {logging_mixin.py:104} INFO - [2023-06-12 07:53:27,781] {dag.py:1833} INFO - Sync 2 DAGs
[2023-06-12 07:53:27,788] {logging_mixin.py:104} INFO - [2023-06-12 07:53:27,787] {dag.py:2306} INFO - Setting next_dagrun for example_subdag_operator.section-1 to None
[2023-06-12 07:53:27,788] {logging_mixin.py:104} INFO - [2023-06-12 07:53:27,788] {dag.py:2306} INFO - Setting next_dagrun for example_subdag_operator.section-2 to None
[2023-06-12 07:53:27,795] {scheduler_job.py:189} INFO - Processing /home/airflow/.local/lib/python3.6/site-packages/airflow/example_dags/example_subdag_operator.py took 0.261 seconds
[2023-06-12 07:53:57,861] {scheduler_job.py:181} INFO - Started process (PID=112) to work on /home/airflow/.local/lib/python3.6/site-packages/airflow/example_dags/example_subdag_operator.py
[2023-06-12 07:53:57,862] {scheduler_job.py:632} INFO - Processing file /home/airflow/.local/lib/python3.6/site-packages/airflow/example_dags/example_subdag_operator.py for tasks to queue
[2023-06-12 07:53:57,863] {logging_mixin.py:104} INFO - [2023-06-12 07:53:57,863] {dagbag.py:496} INFO - Filling up the DagBag from /home/airflow/.local/lib/python3.6/site-packages/airflow/example_dags/example_subdag_operator.py
[2023-06-12 07:53:57,893] {scheduler_job.py:642} INFO - DAG(s) dict_keys(['example_subdag_operator.section-1', 'example_subdag_operator.section-2', 'example_subdag_operator']) retrieved from /home/airflow/.local/lib/python3.6/site-packages/airflow/example_dags/example_subdag_operator.py
[2023-06-12 07:53:57,908] {logging_mixin.py:104} INFO - [2023-06-12 07:53:57,908] {dag.py:1833} INFO - Sync 3 DAGs
[2023-06-12 07:53:57,923] {logging_mixin.py:104} INFO - [2023-06-12 07:53:57,923] {dag.py:2306} INFO - Setting next_dagrun for example_subdag_operator to 2023-06-10 00:00:00+00:00
[2023-06-12 07:53:57,924] {logging_mixin.py:104} INFO - [2023-06-12 07:53:57,924] {dag.py:2306} INFO - Setting next_dagrun for example_subdag_operator.section-1 to None
[2023-06-12 07:53:57,925] {logging_mixin.py:104} INFO - [2023-06-12 07:53:57,925] {dag.py:2306} INFO - Setting next_dagrun for example_subdag_operator.section-2 to None
[2023-06-12 07:53:57,934] {logging_mixin.py:104} INFO - [2023-06-12 07:53:57,933] {dag.py:1833} INFO - Sync 2 DAGs
[2023-06-12 07:53:57,941] {logging_mixin.py:104} INFO - [2023-06-12 07:53:57,940] {dag.py:2306} INFO - Setting next_dagrun for example_subdag_operator.section-1 to None
[2023-06-12 07:53:57,941] {logging_mixin.py:104} INFO - [2023-06-12 07:53:57,941] {dag.py:2306} INFO - Setting next_dagrun for example_subdag_operator.section-2 to None
[2023-06-12 07:53:57,947] {scheduler_job.py:189} INFO - Processing /home/airflow/.local/lib/python3.6/site-packages/airflow/example_dags/example_subdag_operator.py took 0.089 seconds
[2023-06-12 07:54:28,285] {scheduler_job.py:181} INFO - Started process (PID=175) to work on /home/airflow/.local/lib/python3.6/site-packages/airflow/example_dags/example_subdag_operator.py
[2023-06-12 07:54:28,286] {scheduler_job.py:632} INFO - Processing file /home/airflow/.local/lib/python3.6/site-packages/airflow/example_dags/example_subdag_operator.py for tasks to queue
[2023-06-12 07:54:28,287] {logging_mixin.py:104} INFO - [2023-06-12 07:54:28,287] {dagbag.py:496} INFO - Filling up the DagBag from /home/airflow/.local/lib/python3.6/site-packages/airflow/example_dags/example_subdag_operator.py
[2023-06-12 07:54:28,368] {scheduler_job.py:642} INFO - DAG(s) dict_keys(['example_subdag_operator.section-1', 'example_subdag_operator.section-2', 'example_subdag_operator']) retrieved from /home/airflow/.local/lib/python3.6/site-packages/airflow/example_dags/example_subdag_operator.py
[2023-06-12 07:54:28,385] {logging_mixin.py:104} INFO - [2023-06-12 07:54:28,385] {dag.py:1833} INFO - Sync 3 DAGs
[2023-06-12 07:54:28,407] {logging_mixin.py:104} INFO - [2023-06-12 07:54:28,407] {dag.py:2306} INFO - Setting next_dagrun for example_subdag_operator to 2023-06-10 00:00:00+00:00
[2023-06-12 07:54:28,408] {logging_mixin.py:104} INFO - [2023-06-12 07:54:28,408] {dag.py:2306} INFO - Setting next_dagrun for example_subdag_operator.section-1 to None
[2023-06-12 07:54:28,409] {logging_mixin.py:104} INFO - [2023-06-12 07:54:28,409] {dag.py:2306} INFO - Setting next_dagrun for example_subdag_operator.section-2 to None
[2023-06-12 07:54:28,420] {logging_mixin.py:104} INFO - [2023-06-12 07:54:28,420] {dag.py:1833} INFO - Sync 2 DAGs
[2023-06-12 07:54:28,429] {logging_mixin.py:104} INFO - [2023-06-12 07:54:28,429] {dag.py:2306} INFO - Setting next_dagrun for example_subdag_operator.section-1 to None
[2023-06-12 07:54:28,430] {logging_mixin.py:104} INFO - [2023-06-12 07:54:28,430] {dag.py:2306} INFO - Setting next_dagrun for example_subdag_operator.section-2 to None
[2023-06-12 07:54:28,440] {scheduler_job.py:189} INFO - Processing /home/airflow/.local/lib/python3.6/site-packages/airflow/example_dags/example_subdag_operator.py took 0.159 seconds
[2023-06-12 07:54:59,228] {scheduler_job.py:181} INFO - Started process (PID=228) to work on /home/airflow/.local/lib/python3.6/site-packages/airflow/example_dags/example_subdag_operator.py
[2023-06-12 07:54:59,229] {scheduler_job.py:632} INFO - Processing file /home/airflow/.local/lib/python3.6/site-packages/airflow/example_dags/example_subdag_operator.py for tasks to queue
[2023-06-12 07:54:59,230] {logging_mixin.py:104} INFO - [2023-06-12 07:54:59,230] {dagbag.py:496} INFO - Filling up the DagBag from /home/airflow/.local/lib/python3.6/site-packages/airflow/example_dags/example_subdag_operator.py
[2023-06-12 07:54:59,254] {scheduler_job.py:642} INFO - DAG(s) dict_keys(['example_subdag_operator.section-1', 'example_subdag_operator.section-2', 'example_subdag_operator']) retrieved from /home/airflow/.local/lib/python3.6/site-packages/airflow/example_dags/example_subdag_operator.py
[2023-06-12 07:54:59,262] {logging_mixin.py:104} INFO - [2023-06-12 07:54:59,262] {dag.py:1833} INFO - Sync 3 DAGs
[2023-06-12 07:54:59,275] {logging_mixin.py:104} INFO - [2023-06-12 07:54:59,274] {dag.py:2306} INFO - Setting next_dagrun for example_subdag_operator to 2023-06-10 00:00:00+00:00
[2023-06-12 07:54:59,276] {logging_mixin.py:104} INFO - [2023-06-12 07:54:59,276] {dag.py:2306} INFO - Setting next_dagrun for example_subdag_operator.section-1 to None
[2023-06-12 07:54:59,276] {logging_mixin.py:104} INFO - [2023-06-12 07:54:59,276] {dag.py:2306} INFO - Setting next_dagrun for example_subdag_operator.section-2 to None
[2023-06-12 07:54:59,284] {logging_mixin.py:104} INFO - [2023-06-12 07:54:59,284] {dag.py:1833} INFO - Sync 2 DAGs
[2023-06-12 07:54:59,290] {logging_mixin.py:104} INFO - [2023-06-12 07:54:59,290] {dag.py:2306} INFO - Setting next_dagrun for example_subdag_operator.section-1 to None
[2023-06-12 07:54:59,290] {logging_mixin.py:104} INFO - [2023-06-12 07:54:59,290] {dag.py:2306} INFO - Setting next_dagrun for example_subdag_operator.section-2 to None
[2023-06-12 07:54:59,296] {scheduler_job.py:189} INFO - Processing /home/airflow/.local/lib/python3.6/site-packages/airflow/example_dags/example_subdag_operator.py took 0.070 seconds
[2023-06-12 07:55:29,651] {scheduler_job.py:181} INFO - Started process (PID=291) to work on /home/airflow/.local/lib/python3.6/site-packages/airflow/example_dags/example_subdag_operator.py
[2023-06-12 07:55:29,652] {scheduler_job.py:632} INFO - Processing file /home/airflow/.local/lib/python3.6/site-packages/airflow/example_dags/example_subdag_operator.py for tasks to queue
[2023-06-12 07:55:29,653] {logging_mixin.py:104} INFO - [2023-06-12 07:55:29,653] {dagbag.py:496} INFO - Filling up the DagBag from /home/airflow/.local/lib/python3.6/site-packages/airflow/example_dags/example_subdag_operator.py
[2023-06-12 07:55:29,678] {scheduler_job.py:642} INFO - DAG(s) dict_keys(['example_subdag_operator.section-1', 'example_subdag_operator.section-2', 'example_subdag_operator']) retrieved from /home/airflow/.local/lib/python3.6/site-packages/airflow/example_dags/example_subdag_operator.py
[2023-06-12 07:55:29,689] {logging_mixin.py:104} INFO - [2023-06-12 07:55:29,689] {dag.py:1833} INFO - Sync 3 DAGs
[2023-06-12 07:55:29,703] {logging_mixin.py:104} INFO - [2023-06-12 07:55:29,702] {dag.py:2306} INFO - Setting next_dagrun for example_subdag_operator to 2023-06-10 00:00:00+00:00
[2023-06-12 07:55:29,704] {logging_mixin.py:104} INFO - [2023-06-12 07:55:29,704] {dag.py:2306} INFO - Setting next_dagrun for example_subdag_operator.section-1 to None
[2023-06-12 07:55:29,704] {logging_mixin.py:104} INFO - [2023-06-12 07:55:29,704] {dag.py:2306} INFO - Setting next_dagrun for example_subdag_operator.section-2 to None
[2023-06-12 07:55:29,712] {logging_mixin.py:104} INFO - [2023-06-12 07:55:29,712] {dag.py:1833} INFO - Sync 2 DAGs
[2023-06-12 07:55:29,718] {logging_mixin.py:104} INFO - [2023-06-12 07:55:29,718] {dag.py:2306} INFO - Setting next_dagrun for example_subdag_operator.section-1 to None
[2023-06-12 07:55:29,719] {logging_mixin.py:104} INFO - [2023-06-12 07:55:29,719] {dag.py:2306} INFO - Setting next_dagrun for example_subdag_operator.section-2 to None
[2023-06-12 07:55:29,726] {scheduler_job.py:189} INFO - Processing /home/airflow/.local/lib/python3.6/site-packages/airflow/example_dags/example_subdag_operator.py took 0.077 seconds
[2023-06-12 07:56:00,110] {scheduler_job.py:181} INFO - Started process (PID=344) to work on /home/airflow/.local/lib/python3.6/site-packages/airflow/example_dags/example_subdag_operator.py
[2023-06-12 07:56:00,112] {scheduler_job.py:632} INFO - Processing file /home/airflow/.local/lib/python3.6/site-packages/airflow/example_dags/example_subdag_operator.py for tasks to queue
[2023-06-12 07:56:00,113] {logging_mixin.py:104} INFO - [2023-06-12 07:56:00,113] {dagbag.py:496} INFO - Filling up the DagBag from /home/airflow/.local/lib/python3.6/site-packages/airflow/example_dags/example_subdag_operator.py
[2023-06-12 07:56:00,147] {scheduler_job.py:642} INFO - DAG(s) dict_keys(['example_subdag_operator.section-1', 'example_subdag_operator.section-2', 'example_subdag_operator']) retrieved from /home/airflow/.local/lib/python3.6/site-packages/airflow/example_dags/example_subdag_operator.py
[2023-06-12 07:56:00,159] {logging_mixin.py:104} INFO - [2023-06-12 07:56:00,159] {dag.py:1833} INFO - Sync 3 DAGs
[2023-06-12 07:56:00,176] {logging_mixin.py:104} INFO - [2023-06-12 07:56:00,176] {dag.py:2306} INFO - Setting next_dagrun for example_subdag_operator to 2023-06-10 00:00:00+00:00
[2023-06-12 07:56:00,177] {logging_mixin.py:104} INFO - [2023-06-12 07:56:00,177] {dag.py:2306} INFO - Setting next_dagrun for example_subdag_operator.section-1 to None
[2023-06-12 07:56:00,178] {logging_mixin.py:104} INFO - [2023-06-12 07:56:00,178] {dag.py:2306} INFO - Setting next_dagrun for example_subdag_operator.section-2 to None
[2023-06-12 07:56:00,184] {logging_mixin.py:104} INFO - [2023-06-12 07:56:00,184] {dag.py:1833} INFO - Sync 2 DAGs
[2023-06-12 07:56:00,190] {logging_mixin.py:104} INFO - [2023-06-12 07:56:00,190] {dag.py:2306} INFO - Setting next_dagrun for example_subdag_operator.section-1 to None
[2023-06-12 07:56:00,190] {logging_mixin.py:104} INFO - [2023-06-12 07:56:00,190] {dag.py:2306} INFO - Setting next_dagrun for example_subdag_operator.section-2 to None
[2023-06-12 07:56:00,197] {scheduler_job.py:189} INFO - Processing /home/airflow/.local/lib/python3.6/site-packages/airflow/example_dags/example_subdag_operator.py took 0.092 seconds
[2023-06-12 07:56:30,536] {scheduler_job.py:181} INFO - Started process (PID=407) to work on /home/airflow/.local/lib/python3.6/site-packages/airflow/example_dags/example_subdag_operator.py
[2023-06-12 07:56:30,537] {scheduler_job.py:632} INFO - Processing file /home/airflow/.local/lib/python3.6/site-packages/airflow/example_dags/example_subdag_operator.py for tasks to queue
[2023-06-12 07:56:30,538] {logging_mixin.py:104} INFO - [2023-06-12 07:56:30,538] {dagbag.py:496} INFO - Filling up the DagBag from /home/airflow/.local/lib/python3.6/site-packages/airflow/example_dags/example_subdag_operator.py
[2023-06-12 07:56:30,563] {scheduler_job.py:642} INFO - DAG(s) dict_keys(['example_subdag_operator.section-1', 'example_subdag_operator.section-2', 'example_subdag_operator']) retrieved from /home/airflow/.local/lib/python3.6/site-packages/airflow/example_dags/example_subdag_operator.py
[2023-06-12 07:56:30,572] {logging_mixin.py:104} INFO - [2023-06-12 07:56:30,572] {dag.py:1833} INFO - Sync 3 DAGs
[2023-06-12 07:56:30,585] {logging_mixin.py:104} INFO - [2023-06-12 07:56:30,585] {dag.py:2306} INFO - Setting next_dagrun for example_subdag_operator to 2023-06-10 00:00:00+00:00
[2023-06-12 07:56:30,586] {logging_mixin.py:104} INFO - [2023-06-12 07:56:30,586] {dag.py:2306} INFO - Setting next_dagrun for example_subdag_operator.section-1 to None
[2023-06-12 07:56:30,587] {logging_mixin.py:104} INFO - [2023-06-12 07:56:30,587] {dag.py:2306} INFO - Setting next_dagrun for example_subdag_operator.section-2 to None
[2023-06-12 07:56:30,595] {logging_mixin.py:104} INFO - [2023-06-12 07:56:30,595] {dag.py:1833} INFO - Sync 2 DAGs
[2023-06-12 07:56:30,601] {logging_mixin.py:104} INFO - [2023-06-12 07:56:30,601] {dag.py:2306} INFO - Setting next_dagrun for example_subdag_operator.section-1 to None
[2023-06-12 07:56:30,602] {logging_mixin.py:104} INFO - [2023-06-12 07:56:30,602] {dag.py:2306} INFO - Setting next_dagrun for example_subdag_operator.section-2 to None
[2023-06-12 07:56:30,609] {scheduler_job.py:189} INFO - Processing /home/airflow/.local/lib/python3.6/site-packages/airflow/example_dags/example_subdag_operator.py took 0.076 seconds
[2023-06-12 07:57:01,465] {scheduler_job.py:181} INFO - Started process (PID=470) to work on /home/airflow/.local/lib/python3.6/site-packages/airflow/example_dags/example_subdag_operator.py
[2023-06-12 07:57:01,467] {scheduler_job.py:632} INFO - Processing file /home/airflow/.local/lib/python3.6/site-packages/airflow/example_dags/example_subdag_operator.py for tasks to queue
[2023-06-12 07:57:01,468] {logging_mixin.py:104} INFO - [2023-06-12 07:57:01,468] {dagbag.py:496} INFO - Filling up the DagBag from /home/airflow/.local/lib/python3.6/site-packages/airflow/example_dags/example_subdag_operator.py
[2023-06-12 07:57:01,497] {scheduler_job.py:642} INFO - DAG(s) dict_keys(['example_subdag_operator.section-1', 'example_subdag_operator.section-2', 'example_subdag_operator']) retrieved from /home/airflow/.local/lib/python3.6/site-packages/airflow/example_dags/example_subdag_operator.py
[2023-06-12 07:57:01,511] {logging_mixin.py:104} INFO - [2023-06-12 07:57:01,511] {dag.py:1833} INFO - Sync 3 DAGs
[2023-06-12 07:57:01,526] {logging_mixin.py:104} INFO - [2023-06-12 07:57:01,526] {dag.py:2306} INFO - Setting next_dagrun for example_subdag_operator to 2023-06-10 00:00:00+00:00
[2023-06-12 07:57:01,528] {logging_mixin.py:104} INFO - [2023-06-12 07:57:01,528] {dag.py:2306} INFO - Setting next_dagrun for example_subdag_operator.section-1 to None
[2023-06-12 07:57:01,528] {logging_mixin.py:104} INFO - [2023-06-12 07:57:01,528] {dag.py:2306} INFO - Setting next_dagrun for example_subdag_operator.section-2 to None
[2023-06-12 07:57:01,535] {logging_mixin.py:104} INFO - [2023-06-12 07:57:01,535] {dag.py:1833} INFO - Sync 2 DAGs
[2023-06-12 07:57:01,543] {logging_mixin.py:104} INFO - [2023-06-12 07:57:01,543] {dag.py:2306} INFO - Setting next_dagrun for example_subdag_operator.section-1 to None
[2023-06-12 07:57:01,544] {logging_mixin.py:104} INFO - [2023-06-12 07:57:01,544] {dag.py:2306} INFO - Setting next_dagrun for example_subdag_operator.section-2 to None
[2023-06-12 07:57:01,551] {scheduler_job.py:189} INFO - Processing /home/airflow/.local/lib/python3.6/site-packages/airflow/example_dags/example_subdag_operator.py took 0.088 seconds
[2023-06-12 07:57:31,712] {scheduler_job.py:181} INFO - Started process (PID=522) to work on /home/airflow/.local/lib/python3.6/site-packages/airflow/example_dags/example_subdag_operator.py
[2023-06-12 07:57:31,713] {scheduler_job.py:632} INFO - Processing file /home/airflow/.local/lib/python3.6/site-packages/airflow/example_dags/example_subdag_operator.py for tasks to queue
[2023-06-12 07:57:31,714] {logging_mixin.py:104} INFO - [2023-06-12 07:57:31,714] {dagbag.py:496} INFO - Filling up the DagBag from /home/airflow/.local/lib/python3.6/site-packages/airflow/example_dags/example_subdag_operator.py
[2023-06-12 07:57:31,742] {scheduler_job.py:642} INFO - DAG(s) dict_keys(['example_subdag_operator.section-1', 'example_subdag_operator.section-2', 'example_subdag_operator']) retrieved from /home/airflow/.local/lib/python3.6/site-packages/airflow/example_dags/example_subdag_operator.py
[2023-06-12 07:57:31,754] {logging_mixin.py:104} INFO - [2023-06-12 07:57:31,754] {dag.py:1833} INFO - Sync 3 DAGs
[2023-06-12 07:57:31,768] {logging_mixin.py:104} INFO - [2023-06-12 07:57:31,768] {dag.py:2306} INFO - Setting next_dagrun for example_subdag_operator to 2023-06-10 00:00:00+00:00
[2023-06-12 07:57:31,769] {logging_mixin.py:104} INFO - [2023-06-12 07:57:31,769] {dag.py:2306} INFO - Setting next_dagrun for example_subdag_operator.section-1 to None
[2023-06-12 07:57:31,769] {logging_mixin.py:104} INFO - [2023-06-12 07:57:31,769] {dag.py:2306} INFO - Setting next_dagrun for example_subdag_operator.section-2 to None
[2023-06-12 07:57:31,777] {logging_mixin.py:104} INFO - [2023-06-12 07:57:31,777] {dag.py:1833} INFO - Sync 2 DAGs
[2023-06-12 07:57:31,786] {logging_mixin.py:104} INFO - [2023-06-12 07:57:31,786] {dag.py:2306} INFO - Setting next_dagrun for example_subdag_operator.section-1 to None
[2023-06-12 07:57:31,787] {logging_mixin.py:104} INFO - [2023-06-12 07:57:31,787] {dag.py:2306} INFO - Setting next_dagrun for example_subdag_operator.section-2 to None
[2023-06-12 07:57:31,794] {scheduler_job.py:189} INFO - Processing /home/airflow/.local/lib/python3.6/site-packages/airflow/example_dags/example_subdag_operator.py took 0.085 seconds
[2023-06-12 07:58:02,972] {scheduler_job.py:181} INFO - Started process (PID=586) to work on /home/airflow/.local/lib/python3.6/site-packages/airflow/example_dags/example_subdag_operator.py
[2023-06-12 07:58:02,973] {scheduler_job.py:632} INFO - Processing file /home/airflow/.local/lib/python3.6/site-packages/airflow/example_dags/example_subdag_operator.py for tasks to queue
[2023-06-12 07:58:02,974] {logging_mixin.py:104} INFO - [2023-06-12 07:58:02,974] {dagbag.py:496} INFO - Filling up the DagBag from /home/airflow/.local/lib/python3.6/site-packages/airflow/example_dags/example_subdag_operator.py
[2023-06-12 07:58:02,999] {scheduler_job.py:642} INFO - DAG(s) dict_keys(['example_subdag_operator.section-1', 'example_subdag_operator.section-2', 'example_subdag_operator']) retrieved from /home/airflow/.local/lib/python3.6/site-packages/airflow/example_dags/example_subdag_operator.py
[2023-06-12 07:58:03,010] {logging_mixin.py:104} INFO - [2023-06-12 07:58:03,010] {dag.py:1833} INFO - Sync 3 DAGs
[2023-06-12 07:58:03,023] {logging_mixin.py:104} INFO - [2023-06-12 07:58:03,023] {dag.py:2306} INFO - Setting next_dagrun for example_subdag_operator to 2023-06-10 00:00:00+00:00
[2023-06-12 07:58:03,025] {logging_mixin.py:104} INFO - [2023-06-12 07:58:03,025] {dag.py:2306} INFO - Setting next_dagrun for example_subdag_operator.section-1 to None
[2023-06-12 07:58:03,025] {logging_mixin.py:104} INFO - [2023-06-12 07:58:03,025] {dag.py:2306} INFO - Setting next_dagrun for example_subdag_operator.section-2 to None
[2023-06-12 07:58:03,034] {logging_mixin.py:104} INFO - [2023-06-12 07:58:03,034] {dag.py:1833} INFO - Sync 2 DAGs
[2023-06-12 07:58:03,041] {logging_mixin.py:104} INFO - [2023-06-12 07:58:03,041] {dag.py:2306} INFO - Setting next_dagrun for example_subdag_operator.section-1 to None
[2023-06-12 07:58:03,042] {logging_mixin.py:104} INFO - [2023-06-12 07:58:03,042] {dag.py:2306} INFO - Setting next_dagrun for example_subdag_operator.section-2 to None
[2023-06-12 07:58:03,050] {scheduler_job.py:189} INFO - Processing /home/airflow/.local/lib/python3.6/site-packages/airflow/example_dags/example_subdag_operator.py took 0.081 seconds
[2023-06-12 07:58:33,300] {scheduler_job.py:181} INFO - Started process (PID=649) to work on /home/airflow/.local/lib/python3.6/site-packages/airflow/example_dags/example_subdag_operator.py
[2023-06-12 07:58:33,302] {scheduler_job.py:632} INFO - Processing file /home/airflow/.local/lib/python3.6/site-packages/airflow/example_dags/example_subdag_operator.py for tasks to queue
[2023-06-12 07:58:33,303] {logging_mixin.py:104} INFO - [2023-06-12 07:58:33,303] {dagbag.py:496} INFO - Filling up the DagBag from /home/airflow/.local/lib/python3.6/site-packages/airflow/example_dags/example_subdag_operator.py
[2023-06-12 07:58:33,328] {scheduler_job.py:642} INFO - DAG(s) dict_keys(['example_subdag_operator.section-1', 'example_subdag_operator.section-2', 'example_subdag_operator']) retrieved from /home/airflow/.local/lib/python3.6/site-packages/airflow/example_dags/example_subdag_operator.py
[2023-06-12 07:58:33,340] {logging_mixin.py:104} INFO - [2023-06-12 07:58:33,340] {dag.py:1833} INFO - Sync 3 DAGs
[2023-06-12 07:58:33,357] {logging_mixin.py:104} INFO - [2023-06-12 07:58:33,357] {dag.py:2306} INFO - Setting next_dagrun for example_subdag_operator to 2023-06-10 00:00:00+00:00
[2023-06-12 07:58:33,358] {logging_mixin.py:104} INFO - [2023-06-12 07:58:33,358] {dag.py:2306} INFO - Setting next_dagrun for example_subdag_operator.section-1 to None
[2023-06-12 07:58:33,359] {logging_mixin.py:104} INFO - [2023-06-12 07:58:33,359] {dag.py:2306} INFO - Setting next_dagrun for example_subdag_operator.section-2 to None
[2023-06-12 07:58:33,369] {logging_mixin.py:104} INFO - [2023-06-12 07:58:33,369] {dag.py:1833} INFO - Sync 2 DAGs
[2023-06-12 07:58:33,377] {logging_mixin.py:104} INFO - [2023-06-12 07:58:33,377] {dag.py:2306} INFO - Setting next_dagrun for example_subdag_operator.section-1 to None
[2023-06-12 07:58:33,378] {logging_mixin.py:104} INFO - [2023-06-12 07:58:33,377] {dag.py:2306} INFO - Setting next_dagrun for example_subdag_operator.section-2 to None
[2023-06-12 07:58:33,384] {scheduler_job.py:189} INFO - Processing /home/airflow/.local/lib/python3.6/site-packages/airflow/example_dags/example_subdag_operator.py took 0.087 seconds
[2023-06-12 07:59:04,321] {scheduler_job.py:181} INFO - Started process (PID=702) to work on /home/airflow/.local/lib/python3.6/site-packages/airflow/example_dags/example_subdag_operator.py
[2023-06-12 07:59:04,322] {scheduler_job.py:632} INFO - Processing file /home/airflow/.local/lib/python3.6/site-packages/airflow/example_dags/example_subdag_operator.py for tasks to queue
[2023-06-12 07:59:04,324] {logging_mixin.py:104} INFO - [2023-06-12 07:59:04,323] {dagbag.py:496} INFO - Filling up the DagBag from /home/airflow/.local/lib/python3.6/site-packages/airflow/example_dags/example_subdag_operator.py
[2023-06-12 07:59:04,350] {scheduler_job.py:642} INFO - DAG(s) dict_keys(['example_subdag_operator.section-1', 'example_subdag_operator.section-2', 'example_subdag_operator']) retrieved from /home/airflow/.local/lib/python3.6/site-packages/airflow/example_dags/example_subdag_operator.py
[2023-06-12 07:59:04,361] {logging_mixin.py:104} INFO - [2023-06-12 07:59:04,360] {dag.py:1833} INFO - Sync 3 DAGs
[2023-06-12 07:59:04,375] {logging_mixin.py:104} INFO - [2023-06-12 07:59:04,375] {dag.py:2306} INFO - Setting next_dagrun for example_subdag_operator to 2023-06-10 00:00:00+00:00
[2023-06-12 07:59:04,376] {logging_mixin.py:104} INFO - [2023-06-12 07:59:04,376] {dag.py:2306} INFO - Setting next_dagrun for example_subdag_operator.section-1 to None
[2023-06-12 07:59:04,377] {logging_mixin.py:104} INFO - [2023-06-12 07:59:04,377] {dag.py:2306} INFO - Setting next_dagrun for example_subdag_operator.section-2 to None
[2023-06-12 07:59:04,385] {logging_mixin.py:104} INFO - [2023-06-12 07:59:04,385] {dag.py:1833} INFO - Sync 2 DAGs
[2023-06-12 07:59:04,391] {logging_mixin.py:104} INFO - [2023-06-12 07:59:04,391] {dag.py:2306} INFO - Setting next_dagrun for example_subdag_operator.section-1 to None
[2023-06-12 07:59:04,392] {logging_mixin.py:104} INFO - [2023-06-12 07:59:04,392] {dag.py:2306} INFO - Setting next_dagrun for example_subdag_operator.section-2 to None
[2023-06-12 07:59:04,398] {scheduler_job.py:189} INFO - Processing /home/airflow/.local/lib/python3.6/site-packages/airflow/example_dags/example_subdag_operator.py took 0.080 seconds
[2023-06-12 07:59:35,231] {scheduler_job.py:181} INFO - Started process (PID=765) to work on /home/airflow/.local/lib/python3.6/site-packages/airflow/example_dags/example_subdag_operator.py
[2023-06-12 07:59:35,233] {scheduler_job.py:632} INFO - Processing file /home/airflow/.local/lib/python3.6/site-packages/airflow/example_dags/example_subdag_operator.py for tasks to queue
[2023-06-12 07:59:35,234] {logging_mixin.py:104} INFO - [2023-06-12 07:59:35,233] {dagbag.py:496} INFO - Filling up the DagBag from /home/airflow/.local/lib/python3.6/site-packages/airflow/example_dags/example_subdag_operator.py
[2023-06-12 07:59:35,258] {scheduler_job.py:642} INFO - DAG(s) dict_keys(['example_subdag_operator.section-1', 'example_subdag_operator.section-2', 'example_subdag_operator']) retrieved from /home/airflow/.local/lib/python3.6/site-packages/airflow/example_dags/example_subdag_operator.py
[2023-06-12 07:59:35,267] {logging_mixin.py:104} INFO - [2023-06-12 07:59:35,267] {dag.py:1833} INFO - Sync 3 DAGs
[2023-06-12 07:59:35,283] {logging_mixin.py:104} INFO - [2023-06-12 07:59:35,283] {dag.py:2306} INFO - Setting next_dagrun for example_subdag_operator to 2023-06-10 00:00:00+00:00
[2023-06-12 07:59:35,284] {logging_mixin.py:104} INFO - [2023-06-12 07:59:35,284] {dag.py:2306} INFO - Setting next_dagrun for example_subdag_operator.section-1 to None
[2023-06-12 07:59:35,285] {logging_mixin.py:104} INFO - [2023-06-12 07:59:35,285] {dag.py:2306} INFO - Setting next_dagrun for example_subdag_operator.section-2 to None
[2023-06-12 07:59:35,292] {logging_mixin.py:104} INFO - [2023-06-12 07:59:35,292] {dag.py:1833} INFO - Sync 2 DAGs
[2023-06-12 07:59:35,297] {logging_mixin.py:104} INFO - [2023-06-12 07:59:35,297] {dag.py:2306} INFO - Setting next_dagrun for example_subdag_operator.section-1 to None
[2023-06-12 07:59:35,298] {logging_mixin.py:104} INFO - [2023-06-12 07:59:35,298] {dag.py:2306} INFO - Setting next_dagrun for example_subdag_operator.section-2 to None
[2023-06-12 07:59:35,304] {scheduler_job.py:189} INFO - Processing /home/airflow/.local/lib/python3.6/site-packages/airflow/example_dags/example_subdag_operator.py took 0.075 seconds
[2023-06-12 08:00:06,215] {scheduler_job.py:181} INFO - Started process (PID=828) to work on /home/airflow/.local/lib/python3.6/site-packages/airflow/example_dags/example_subdag_operator.py
[2023-06-12 08:00:06,217] {scheduler_job.py:632} INFO - Processing file /home/airflow/.local/lib/python3.6/site-packages/airflow/example_dags/example_subdag_operator.py for tasks to queue
[2023-06-12 08:00:06,218] {logging_mixin.py:104} INFO - [2023-06-12 08:00:06,218] {dagbag.py:496} INFO - Filling up the DagBag from /home/airflow/.local/lib/python3.6/site-packages/airflow/example_dags/example_subdag_operator.py
[2023-06-12 08:00:06,244] {scheduler_job.py:642} INFO - DAG(s) dict_keys(['example_subdag_operator.section-1', 'example_subdag_operator.section-2', 'example_subdag_operator']) retrieved from /home/airflow/.local/lib/python3.6/site-packages/airflow/example_dags/example_subdag_operator.py
[2023-06-12 08:00:06,255] {logging_mixin.py:104} INFO - [2023-06-12 08:00:06,255] {dag.py:1833} INFO - Sync 3 DAGs
[2023-06-12 08:00:06,270] {logging_mixin.py:104} INFO - [2023-06-12 08:00:06,270] {dag.py:2306} INFO - Setting next_dagrun for example_subdag_operator to 2023-06-10 00:00:00+00:00
[2023-06-12 08:00:06,271] {logging_mixin.py:104} INFO - [2023-06-12 08:00:06,271] {dag.py:2306} INFO - Setting next_dagrun for example_subdag_operator.section-1 to None
[2023-06-12 08:00:06,272] {logging_mixin.py:104} INFO - [2023-06-12 08:00:06,272] {dag.py:2306} INFO - Setting next_dagrun for example_subdag_operator.section-2 to None
[2023-06-12 08:00:06,279] {logging_mixin.py:104} INFO - [2023-06-12 08:00:06,279] {dag.py:1833} INFO - Sync 2 DAGs
[2023-06-12 08:00:06,287] {logging_mixin.py:104} INFO - [2023-06-12 08:00:06,287] {dag.py:2306} INFO - Setting next_dagrun for example_subdag_operator.section-1 to None
[2023-06-12 08:00:06,287] {logging_mixin.py:104} INFO - [2023-06-12 08:00:06,287] {dag.py:2306} INFO - Setting next_dagrun for example_subdag_operator.section-2 to None
[2023-06-12 08:00:06,295] {scheduler_job.py:189} INFO - Processing /home/airflow/.local/lib/python3.6/site-packages/airflow/example_dags/example_subdag_operator.py took 0.084 seconds
[2023-06-12 08:00:36,434] {scheduler_job.py:181} INFO - Started process (PID=881) to work on /home/airflow/.local/lib/python3.6/site-packages/airflow/example_dags/example_subdag_operator.py
[2023-06-12 08:00:36,436] {scheduler_job.py:632} INFO - Processing file /home/airflow/.local/lib/python3.6/site-packages/airflow/example_dags/example_subdag_operator.py for tasks to queue
[2023-06-12 08:00:36,437] {logging_mixin.py:104} INFO - [2023-06-12 08:00:36,437] {dagbag.py:496} INFO - Filling up the DagBag from /home/airflow/.local/lib/python3.6/site-packages/airflow/example_dags/example_subdag_operator.py
[2023-06-12 08:00:36,460] {scheduler_job.py:642} INFO - DAG(s) dict_keys(['example_subdag_operator.section-1', 'example_subdag_operator.section-2', 'example_subdag_operator']) retrieved from /home/airflow/.local/lib/python3.6/site-packages/airflow/example_dags/example_subdag_operator.py
[2023-06-12 08:00:36,469] {logging_mixin.py:104} INFO - [2023-06-12 08:00:36,469] {dag.py:1833} INFO - Sync 3 DAGs
[2023-06-12 08:00:36,482] {logging_mixin.py:104} INFO - [2023-06-12 08:00:36,482] {dag.py:2306} INFO - Setting next_dagrun for example_subdag_operator to 2023-06-10 00:00:00+00:00
[2023-06-12 08:00:36,483] {logging_mixin.py:104} INFO - [2023-06-12 08:00:36,483] {dag.py:2306} INFO - Setting next_dagrun for example_subdag_operator.section-1 to None
[2023-06-12 08:00:36,484] {logging_mixin.py:104} INFO - [2023-06-12 08:00:36,484] {dag.py:2306} INFO - Setting next_dagrun for example_subdag_operator.section-2 to None
[2023-06-12 08:00:36,491] {logging_mixin.py:104} INFO - [2023-06-12 08:00:36,491] {dag.py:1833} INFO - Sync 2 DAGs
[2023-06-12 08:00:36,497] {logging_mixin.py:104} INFO - [2023-06-12 08:00:36,497] {dag.py:2306} INFO - Setting next_dagrun for example_subdag_operator.section-1 to None
[2023-06-12 08:00:36,497] {logging_mixin.py:104} INFO - [2023-06-12 08:00:36,497] {dag.py:2306} INFO - Setting next_dagrun for example_subdag_operator.section-2 to None
[2023-06-12 08:00:36,504] {scheduler_job.py:189} INFO - Processing /home/airflow/.local/lib/python3.6/site-packages/airflow/example_dags/example_subdag_operator.py took 0.073 seconds
[2023-06-12 08:01:07,309] {scheduler_job.py:181} INFO - Started process (PID=944) to work on /home/airflow/.local/lib/python3.6/site-packages/airflow/example_dags/example_subdag_operator.py
[2023-06-12 08:01:07,310] {scheduler_job.py:632} INFO - Processing file /home/airflow/.local/lib/python3.6/site-packages/airflow/example_dags/example_subdag_operator.py for tasks to queue
[2023-06-12 08:01:07,311] {logging_mixin.py:104} INFO - [2023-06-12 08:01:07,311] {dagbag.py:496} INFO - Filling up the DagBag from /home/airflow/.local/lib/python3.6/site-packages/airflow/example_dags/example_subdag_operator.py
[2023-06-12 08:01:07,335] {scheduler_job.py:642} INFO - DAG(s) dict_keys(['example_subdag_operator.section-1', 'example_subdag_operator.section-2', 'example_subdag_operator']) retrieved from /home/airflow/.local/lib/python3.6/site-packages/airflow/example_dags/example_subdag_operator.py
[2023-06-12 08:01:07,345] {logging_mixin.py:104} INFO - [2023-06-12 08:01:07,345] {dag.py:1833} INFO - Sync 3 DAGs
[2023-06-12 08:01:07,360] {logging_mixin.py:104} INFO - [2023-06-12 08:01:07,360] {dag.py:2306} INFO - Setting next_dagrun for example_subdag_operator to 2023-06-10 00:00:00+00:00
[2023-06-12 08:01:07,362] {logging_mixin.py:104} INFO - [2023-06-12 08:01:07,362] {dag.py:2306} INFO - Setting next_dagrun for example_subdag_operator.section-1 to None
[2023-06-12 08:01:07,362] {logging_mixin.py:104} INFO - [2023-06-12 08:01:07,362] {dag.py:2306} INFO - Setting next_dagrun for example_subdag_operator.section-2 to None
[2023-06-12 08:01:07,370] {logging_mixin.py:104} INFO - [2023-06-12 08:01:07,370] {dag.py:1833} INFO - Sync 2 DAGs
[2023-06-12 08:01:07,376] {logging_mixin.py:104} INFO - [2023-06-12 08:01:07,376] {dag.py:2306} INFO - Setting next_dagrun for example_subdag_operator.section-1 to None
[2023-06-12 08:01:07,376] {logging_mixin.py:104} INFO - [2023-06-12 08:01:07,376] {dag.py:2306} INFO - Setting next_dagrun for example_subdag_operator.section-2 to None
[2023-06-12 08:01:07,382] {scheduler_job.py:189} INFO - Processing /home/airflow/.local/lib/python3.6/site-packages/airflow/example_dags/example_subdag_operator.py took 0.076 seconds
[2023-06-12 08:01:38,236] {scheduler_job.py:181} INFO - Started process (PID=997) to work on /home/airflow/.local/lib/python3.6/site-packages/airflow/example_dags/example_subdag_operator.py
[2023-06-12 08:01:38,237] {scheduler_job.py:632} INFO - Processing file /home/airflow/.local/lib/python3.6/site-packages/airflow/example_dags/example_subdag_operator.py for tasks to queue
[2023-06-12 08:01:38,238] {logging_mixin.py:104} INFO - [2023-06-12 08:01:38,238] {dagbag.py:496} INFO - Filling up the DagBag from /home/airflow/.local/lib/python3.6/site-packages/airflow/example_dags/example_subdag_operator.py
[2023-06-12 08:01:38,263] {scheduler_job.py:642} INFO - DAG(s) dict_keys(['example_subdag_operator.section-1', 'example_subdag_operator.section-2', 'example_subdag_operator']) retrieved from /home/airflow/.local/lib/python3.6/site-packages/airflow/example_dags/example_subdag_operator.py
[2023-06-12 08:01:38,272] {logging_mixin.py:104} INFO - [2023-06-12 08:01:38,272] {dag.py:1833} INFO - Sync 3 DAGs
[2023-06-12 08:01:38,286] {logging_mixin.py:104} INFO - [2023-06-12 08:01:38,286] {dag.py:2306} INFO - Setting next_dagrun for example_subdag_operator to 2023-06-10 00:00:00+00:00
[2023-06-12 08:01:38,288] {logging_mixin.py:104} INFO - [2023-06-12 08:01:38,288] {dag.py:2306} INFO - Setting next_dagrun for example_subdag_operator.section-1 to None
[2023-06-12 08:01:38,288] {logging_mixin.py:104} INFO - [2023-06-12 08:01:38,288] {dag.py:2306} INFO - Setting next_dagrun for example_subdag_operator.section-2 to None
[2023-06-12 08:01:38,295] {logging_mixin.py:104} INFO - [2023-06-12 08:01:38,295] {dag.py:1833} INFO - Sync 2 DAGs
[2023-06-12 08:01:38,301] {logging_mixin.py:104} INFO - [2023-06-12 08:01:38,300] {dag.py:2306} INFO - Setting next_dagrun for example_subdag_operator.section-1 to None
[2023-06-12 08:01:38,301] {logging_mixin.py:104} INFO - [2023-06-12 08:01:38,301] {dag.py:2306} INFO - Setting next_dagrun for example_subdag_operator.section-2 to None
[2023-06-12 08:01:38,307] {scheduler_job.py:189} INFO - Processing /home/airflow/.local/lib/python3.6/site-packages/airflow/example_dags/example_subdag_operator.py took 0.073 seconds
[2023-06-12 08:02:08,370] {scheduler_job.py:181} INFO - Started process (PID=1060) to work on /home/airflow/.local/lib/python3.6/site-packages/airflow/example_dags/example_subdag_operator.py
[2023-06-12 08:02:08,371] {scheduler_job.py:632} INFO - Processing file /home/airflow/.local/lib/python3.6/site-packages/airflow/example_dags/example_subdag_operator.py for tasks to queue
[2023-06-12 08:02:08,372] {logging_mixin.py:104} INFO - [2023-06-12 08:02:08,372] {dagbag.py:496} INFO - Filling up the DagBag from /home/airflow/.local/lib/python3.6/site-packages/airflow/example_dags/example_subdag_operator.py
[2023-06-12 08:02:08,396] {scheduler_job.py:642} INFO - DAG(s) dict_keys(['example_subdag_operator.section-1', 'example_subdag_operator.section-2', 'example_subdag_operator']) retrieved from /home/airflow/.local/lib/python3.6/site-packages/airflow/example_dags/example_subdag_operator.py
[2023-06-12 08:02:08,405] {logging_mixin.py:104} INFO - [2023-06-12 08:02:08,405] {dag.py:1833} INFO - Sync 3 DAGs
[2023-06-12 08:02:08,419] {logging_mixin.py:104} INFO - [2023-06-12 08:02:08,419] {dag.py:2306} INFO - Setting next_dagrun for example_subdag_operator to 2023-06-10 00:00:00+00:00
[2023-06-12 08:02:08,420] {logging_mixin.py:104} INFO - [2023-06-12 08:02:08,420] {dag.py:2306} INFO - Setting next_dagrun for example_subdag_operator.section-1 to None
[2023-06-12 08:02:08,421] {logging_mixin.py:104} INFO - [2023-06-12 08:02:08,421] {dag.py:2306} INFO - Setting next_dagrun for example_subdag_operator.section-2 to None
[2023-06-12 08:02:08,431] {logging_mixin.py:104} INFO - [2023-06-12 08:02:08,431] {dag.py:1833} INFO - Sync 2 DAGs
[2023-06-12 08:02:08,437] {logging_mixin.py:104} INFO - [2023-06-12 08:02:08,437] {dag.py:2306} INFO - Setting next_dagrun for example_subdag_operator.section-1 to None
[2023-06-12 08:02:08,438] {logging_mixin.py:104} INFO - [2023-06-12 08:02:08,438] {dag.py:2306} INFO - Setting next_dagrun for example_subdag_operator.section-2 to None
[2023-06-12 08:02:08,445] {scheduler_job.py:189} INFO - Processing /home/airflow/.local/lib/python3.6/site-packages/airflow/example_dags/example_subdag_operator.py took 0.077 seconds
[2023-06-12 08:02:38,655] {scheduler_job.py:181} INFO - Started process (PID=1122) to work on /home/airflow/.local/lib/python3.6/site-packages/airflow/example_dags/example_subdag_operator.py
[2023-06-12 08:02:38,657] {scheduler_job.py:632} INFO - Processing file /home/airflow/.local/lib/python3.6/site-packages/airflow/example_dags/example_subdag_operator.py for tasks to queue
[2023-06-12 08:02:38,658] {logging_mixin.py:104} INFO - [2023-06-12 08:02:38,658] {dagbag.py:496} INFO - Filling up the DagBag from /home/airflow/.local/lib/python3.6/site-packages/airflow/example_dags/example_subdag_operator.py
[2023-06-12 08:02:38,687] {scheduler_job.py:642} INFO - DAG(s) dict_keys(['example_subdag_operator.section-1', 'example_subdag_operator.section-2', 'example_subdag_operator']) retrieved from /home/airflow/.local/lib/python3.6/site-packages/airflow/example_dags/example_subdag_operator.py
[2023-06-12 08:02:38,702] {logging_mixin.py:104} INFO - [2023-06-12 08:02:38,702] {dag.py:1833} INFO - Sync 3 DAGs
[2023-06-12 08:02:38,714] {logging_mixin.py:104} INFO - [2023-06-12 08:02:38,714] {dag.py:2306} INFO - Setting next_dagrun for example_subdag_operator to 2023-06-10 00:00:00+00:00
[2023-06-12 08:02:38,716] {logging_mixin.py:104} INFO - [2023-06-12 08:02:38,716] {dag.py:2306} INFO - Setting next_dagrun for example_subdag_operator.section-1 to None
[2023-06-12 08:02:38,716] {logging_mixin.py:104} INFO - [2023-06-12 08:02:38,716] {dag.py:2306} INFO - Setting next_dagrun for example_subdag_operator.section-2 to None
[2023-06-12 08:02:38,725] {logging_mixin.py:104} INFO - [2023-06-12 08:02:38,725] {dag.py:1833} INFO - Sync 2 DAGs
[2023-06-12 08:02:38,732] {logging_mixin.py:104} INFO - [2023-06-12 08:02:38,732] {dag.py:2306} INFO - Setting next_dagrun for example_subdag_operator.section-1 to None
[2023-06-12 08:02:38,733] {logging_mixin.py:104} INFO - [2023-06-12 08:02:38,733] {dag.py:2306} INFO - Setting next_dagrun for example_subdag_operator.section-2 to None
[2023-06-12 08:02:38,739] {scheduler_job.py:189} INFO - Processing /home/airflow/.local/lib/python3.6/site-packages/airflow/example_dags/example_subdag_operator.py took 0.087 seconds
[2023-06-12 08:03:09,009] {scheduler_job.py:181} INFO - Started process (PID=1175) to work on /home/airflow/.local/lib/python3.6/site-packages/airflow/example_dags/example_subdag_operator.py
[2023-06-12 08:03:09,010] {scheduler_job.py:632} INFO - Processing file /home/airflow/.local/lib/python3.6/site-packages/airflow/example_dags/example_subdag_operator.py for tasks to queue
[2023-06-12 08:03:09,011] {logging_mixin.py:104} INFO - [2023-06-12 08:03:09,011] {dagbag.py:496} INFO - Filling up the DagBag from /home/airflow/.local/lib/python3.6/site-packages/airflow/example_dags/example_subdag_operator.py
[2023-06-12 08:03:09,070] {scheduler_job.py:642} INFO - DAG(s) dict_keys(['example_subdag_operator.section-1', 'example_subdag_operator.section-2', 'example_subdag_operator']) retrieved from /home/airflow/.local/lib/python3.6/site-packages/airflow/example_dags/example_subdag_operator.py
[2023-06-12 08:03:09,083] {logging_mixin.py:104} INFO - [2023-06-12 08:03:09,083] {dag.py:1833} INFO - Sync 3 DAGs
[2023-06-12 08:03:09,098] {logging_mixin.py:104} INFO - [2023-06-12 08:03:09,098] {dag.py:2306} INFO - Setting next_dagrun for example_subdag_operator to 2023-06-10 00:00:00+00:00
[2023-06-12 08:03:09,100] {logging_mixin.py:104} INFO - [2023-06-12 08:03:09,100] {dag.py:2306} INFO - Setting next_dagrun for example_subdag_operator.section-1 to None
[2023-06-12 08:03:09,100] {logging_mixin.py:104} INFO - [2023-06-12 08:03:09,100] {dag.py:2306} INFO - Setting next_dagrun for example_subdag_operator.section-2 to None
[2023-06-12 08:03:09,110] {logging_mixin.py:104} INFO - [2023-06-12 08:03:09,110] {dag.py:1833} INFO - Sync 2 DAGs
[2023-06-12 08:03:09,119] {logging_mixin.py:104} INFO - [2023-06-12 08:03:09,119] {dag.py:2306} INFO - Setting next_dagrun for example_subdag_operator.section-1 to None
[2023-06-12 08:03:09,120] {logging_mixin.py:104} INFO - [2023-06-12 08:03:09,119] {dag.py:2306} INFO - Setting next_dagrun for example_subdag_operator.section-2 to None
[2023-06-12 08:03:09,127] {scheduler_job.py:189} INFO - Processing /home/airflow/.local/lib/python3.6/site-packages/airflow/example_dags/example_subdag_operator.py took 0.121 seconds
[2023-06-12 08:03:39,376] {scheduler_job.py:181} INFO - Started process (PID=1238) to work on /home/airflow/.local/lib/python3.6/site-packages/airflow/example_dags/example_subdag_operator.py
[2023-06-12 08:03:39,377] {scheduler_job.py:632} INFO - Processing file /home/airflow/.local/lib/python3.6/site-packages/airflow/example_dags/example_subdag_operator.py for tasks to queue
[2023-06-12 08:03:39,378] {logging_mixin.py:104} INFO - [2023-06-12 08:03:39,378] {dagbag.py:496} INFO - Filling up the DagBag from /home/airflow/.local/lib/python3.6/site-packages/airflow/example_dags/example_subdag_operator.py
[2023-06-12 08:03:39,402] {scheduler_job.py:642} INFO - DAG(s) dict_keys(['example_subdag_operator.section-1', 'example_subdag_operator.section-2', 'example_subdag_operator']) retrieved from /home/airflow/.local/lib/python3.6/site-packages/airflow/example_dags/example_subdag_operator.py
[2023-06-12 08:03:39,411] {logging_mixin.py:104} INFO - [2023-06-12 08:03:39,411] {dag.py:1833} INFO - Sync 3 DAGs
[2023-06-12 08:03:39,425] {logging_mixin.py:104} INFO - [2023-06-12 08:03:39,425] {dag.py:2306} INFO - Setting next_dagrun for example_subdag_operator to 2023-06-10 00:00:00+00:00
[2023-06-12 08:03:39,426] {logging_mixin.py:104} INFO - [2023-06-12 08:03:39,426] {dag.py:2306} INFO - Setting next_dagrun for example_subdag_operator.section-1 to None
[2023-06-12 08:03:39,426] {logging_mixin.py:104} INFO - [2023-06-12 08:03:39,426] {dag.py:2306} INFO - Setting next_dagrun for example_subdag_operator.section-2 to None
[2023-06-12 08:03:39,434] {logging_mixin.py:104} INFO - [2023-06-12 08:03:39,434] {dag.py:1833} INFO - Sync 2 DAGs
[2023-06-12 08:03:39,443] {logging_mixin.py:104} INFO - [2023-06-12 08:03:39,443] {dag.py:2306} INFO - Setting next_dagrun for example_subdag_operator.section-1 to None
[2023-06-12 08:03:39,444] {logging_mixin.py:104} INFO - [2023-06-12 08:03:39,444] {dag.py:2306} INFO - Setting next_dagrun for example_subdag_operator.section-2 to None
[2023-06-12 08:03:39,450] {scheduler_job.py:189} INFO - Processing /home/airflow/.local/lib/python3.6/site-packages/airflow/example_dags/example_subdag_operator.py took 0.076 seconds
[2023-06-12 08:04:09,804] {scheduler_job.py:181} INFO - Started process (PID=1292) to work on /home/airflow/.local/lib/python3.6/site-packages/airflow/example_dags/example_subdag_operator.py
[2023-06-12 08:04:09,806] {scheduler_job.py:632} INFO - Processing file /home/airflow/.local/lib/python3.6/site-packages/airflow/example_dags/example_subdag_operator.py for tasks to queue
[2023-06-12 08:04:09,806] {logging_mixin.py:104} INFO - [2023-06-12 08:04:09,806] {dagbag.py:496} INFO - Filling up the DagBag from /home/airflow/.local/lib/python3.6/site-packages/airflow/example_dags/example_subdag_operator.py
[2023-06-12 08:04:09,831] {scheduler_job.py:642} INFO - DAG(s) dict_keys(['example_subdag_operator.section-1', 'example_subdag_operator.section-2', 'example_subdag_operator']) retrieved from /home/airflow/.local/lib/python3.6/site-packages/airflow/example_dags/example_subdag_operator.py
[2023-06-12 08:04:09,840] {logging_mixin.py:104} INFO - [2023-06-12 08:04:09,840] {dag.py:1833} INFO - Sync 3 DAGs
[2023-06-12 08:04:09,852] {logging_mixin.py:104} INFO - [2023-06-12 08:04:09,852] {dag.py:2306} INFO - Setting next_dagrun for example_subdag_operator to 2023-06-10 00:00:00+00:00
[2023-06-12 08:04:09,853] {logging_mixin.py:104} INFO - [2023-06-12 08:04:09,853] {dag.py:2306} INFO - Setting next_dagrun for example_subdag_operator.section-1 to None
[2023-06-12 08:04:09,854] {logging_mixin.py:104} INFO - [2023-06-12 08:04:09,854] {dag.py:2306} INFO - Setting next_dagrun for example_subdag_operator.section-2 to None
[2023-06-12 08:04:09,861] {logging_mixin.py:104} INFO - [2023-06-12 08:04:09,861] {dag.py:1833} INFO - Sync 2 DAGs
[2023-06-12 08:04:09,868] {logging_mixin.py:104} INFO - [2023-06-12 08:04:09,868] {dag.py:2306} INFO - Setting next_dagrun for example_subdag_operator.section-1 to None
[2023-06-12 08:04:09,869] {logging_mixin.py:104} INFO - [2023-06-12 08:04:09,869] {dag.py:2306} INFO - Setting next_dagrun for example_subdag_operator.section-2 to None
[2023-06-12 08:04:09,875] {scheduler_job.py:189} INFO - Processing /home/airflow/.local/lib/python3.6/site-packages/airflow/example_dags/example_subdag_operator.py took 0.074 seconds
[2023-06-12 08:04:40,237] {scheduler_job.py:181} INFO - Started process (PID=1355) to work on /home/airflow/.local/lib/python3.6/site-packages/airflow/example_dags/example_subdag_operator.py
[2023-06-12 08:04:40,238] {scheduler_job.py:632} INFO - Processing file /home/airflow/.local/lib/python3.6/site-packages/airflow/example_dags/example_subdag_operator.py for tasks to queue
[2023-06-12 08:04:40,239] {logging_mixin.py:104} INFO - [2023-06-12 08:04:40,239] {dagbag.py:496} INFO - Filling up the DagBag from /home/airflow/.local/lib/python3.6/site-packages/airflow/example_dags/example_subdag_operator.py
[2023-06-12 08:04:40,265] {scheduler_job.py:642} INFO - DAG(s) dict_keys(['example_subdag_operator.section-1', 'example_subdag_operator.section-2', 'example_subdag_operator']) retrieved from /home/airflow/.local/lib/python3.6/site-packages/airflow/example_dags/example_subdag_operator.py
[2023-06-12 08:04:40,275] {logging_mixin.py:104} INFO - [2023-06-12 08:04:40,275] {dag.py:1833} INFO - Sync 3 DAGs
[2023-06-12 08:04:40,288] {logging_mixin.py:104} INFO - [2023-06-12 08:04:40,288] {dag.py:2306} INFO - Setting next_dagrun for example_subdag_operator to 2023-06-10 00:00:00+00:00
[2023-06-12 08:04:40,289] {logging_mixin.py:104} INFO - [2023-06-12 08:04:40,289] {dag.py:2306} INFO - Setting next_dagrun for example_subdag_operator.section-1 to None
[2023-06-12 08:04:40,290] {logging_mixin.py:104} INFO - [2023-06-12 08:04:40,290] {dag.py:2306} INFO - Setting next_dagrun for example_subdag_operator.section-2 to None
[2023-06-12 08:04:40,299] {logging_mixin.py:104} INFO - [2023-06-12 08:04:40,298] {dag.py:1833} INFO - Sync 2 DAGs
[2023-06-12 08:04:40,305] {logging_mixin.py:104} INFO - [2023-06-12 08:04:40,305] {dag.py:2306} INFO - Setting next_dagrun for example_subdag_operator.section-1 to None
[2023-06-12 08:04:40,305] {logging_mixin.py:104} INFO - [2023-06-12 08:04:40,305] {dag.py:2306} INFO - Setting next_dagrun for example_subdag_operator.section-2 to None
[2023-06-12 08:04:40,312] {scheduler_job.py:189} INFO - Processing /home/airflow/.local/lib/python3.6/site-packages/airflow/example_dags/example_subdag_operator.py took 0.078 seconds
[2023-06-12 08:05:10,670] {scheduler_job.py:181} INFO - Started process (PID=1420) to work on /home/airflow/.local/lib/python3.6/site-packages/airflow/example_dags/example_subdag_operator.py
[2023-06-12 08:05:10,671] {scheduler_job.py:632} INFO - Processing file /home/airflow/.local/lib/python3.6/site-packages/airflow/example_dags/example_subdag_operator.py for tasks to queue
[2023-06-12 08:05:10,672] {logging_mixin.py:104} INFO - [2023-06-12 08:05:10,672] {dagbag.py:496} INFO - Filling up the DagBag from /home/airflow/.local/lib/python3.6/site-packages/airflow/example_dags/example_subdag_operator.py
[2023-06-12 08:05:10,696] {scheduler_job.py:642} INFO - DAG(s) dict_keys(['example_subdag_operator.section-1', 'example_subdag_operator.section-2', 'example_subdag_operator']) retrieved from /home/airflow/.local/lib/python3.6/site-packages/airflow/example_dags/example_subdag_operator.py
[2023-06-12 08:05:10,706] {logging_mixin.py:104} INFO - [2023-06-12 08:05:10,706] {dag.py:1833} INFO - Sync 3 DAGs
[2023-06-12 08:05:10,718] {logging_mixin.py:104} INFO - [2023-06-12 08:05:10,718] {dag.py:2306} INFO - Setting next_dagrun for example_subdag_operator to 2023-06-10 00:00:00+00:00
[2023-06-12 08:05:10,720] {logging_mixin.py:104} INFO - [2023-06-12 08:05:10,719] {dag.py:2306} INFO - Setting next_dagrun for example_subdag_operator.section-1 to None
[2023-06-12 08:05:10,720] {logging_mixin.py:104} INFO - [2023-06-12 08:05:10,720] {dag.py:2306} INFO - Setting next_dagrun for example_subdag_operator.section-2 to None
[2023-06-12 08:05:10,729] {logging_mixin.py:104} INFO - [2023-06-12 08:05:10,729] {dag.py:1833} INFO - Sync 2 DAGs
[2023-06-12 08:05:10,735] {logging_mixin.py:104} INFO - [2023-06-12 08:05:10,735] {dag.py:2306} INFO - Setting next_dagrun for example_subdag_operator.section-1 to None
[2023-06-12 08:05:10,736] {logging_mixin.py:104} INFO - [2023-06-12 08:05:10,736] {dag.py:2306} INFO - Setting next_dagrun for example_subdag_operator.section-2 to None
[2023-06-12 08:05:10,742] {scheduler_job.py:189} INFO - Processing /home/airflow/.local/lib/python3.6/site-packages/airflow/example_dags/example_subdag_operator.py took 0.075 seconds
[2023-06-12 08:05:40,835] {scheduler_job.py:181} INFO - Started process (PID=1473) to work on /home/airflow/.local/lib/python3.6/site-packages/airflow/example_dags/example_subdag_operator.py
[2023-06-12 08:05:40,837] {scheduler_job.py:632} INFO - Processing file /home/airflow/.local/lib/python3.6/site-packages/airflow/example_dags/example_subdag_operator.py for tasks to queue
[2023-06-12 08:05:40,837] {logging_mixin.py:104} INFO - [2023-06-12 08:05:40,837] {dagbag.py:496} INFO - Filling up the DagBag from /home/airflow/.local/lib/python3.6/site-packages/airflow/example_dags/example_subdag_operator.py
[2023-06-12 08:05:40,860] {scheduler_job.py:642} INFO - DAG(s) dict_keys(['example_subdag_operator.section-1', 'example_subdag_operator.section-2', 'example_subdag_operator']) retrieved from /home/airflow/.local/lib/python3.6/site-packages/airflow/example_dags/example_subdag_operator.py
[2023-06-12 08:05:40,868] {logging_mixin.py:104} INFO - [2023-06-12 08:05:40,868] {dag.py:1833} INFO - Sync 3 DAGs
[2023-06-12 08:05:40,879] {logging_mixin.py:104} INFO - [2023-06-12 08:05:40,879] {dag.py:2306} INFO - Setting next_dagrun for example_subdag_operator to 2023-06-10 00:00:00+00:00
[2023-06-12 08:05:40,880] {logging_mixin.py:104} INFO - [2023-06-12 08:05:40,880] {dag.py:2306} INFO - Setting next_dagrun for example_subdag_operator.section-1 to None
[2023-06-12 08:05:40,892] {logging_mixin.py:104} INFO - [2023-06-12 08:05:40,892] {dag.py:2306} INFO - Setting next_dagrun for example_subdag_operator.section-2 to None
[2023-06-12 08:05:40,900] {logging_mixin.py:104} INFO - [2023-06-12 08:05:40,900] {dag.py:1833} INFO - Sync 2 DAGs
[2023-06-12 08:05:40,906] {logging_mixin.py:104} INFO - [2023-06-12 08:05:40,906] {dag.py:2306} INFO - Setting next_dagrun for example_subdag_operator.section-1 to None
[2023-06-12 08:05:40,907] {logging_mixin.py:104} INFO - [2023-06-12 08:05:40,906] {dag.py:2306} INFO - Setting next_dagrun for example_subdag_operator.section-2 to None
[2023-06-12 08:05:40,912] {scheduler_job.py:189} INFO - Processing /home/airflow/.local/lib/python3.6/site-packages/airflow/example_dags/example_subdag_operator.py took 0.080 seconds
[2023-06-12 08:06:11,472] {scheduler_job.py:181} INFO - Started process (PID=1537) to work on /home/airflow/.local/lib/python3.6/site-packages/airflow/example_dags/example_subdag_operator.py
[2023-06-12 08:06:11,473] {scheduler_job.py:632} INFO - Processing file /home/airflow/.local/lib/python3.6/site-packages/airflow/example_dags/example_subdag_operator.py for tasks to queue
[2023-06-12 08:06:11,474] {logging_mixin.py:104} INFO - [2023-06-12 08:06:11,474] {dagbag.py:496} INFO - Filling up the DagBag from /home/airflow/.local/lib/python3.6/site-packages/airflow/example_dags/example_subdag_operator.py
[2023-06-12 08:06:11,497] {scheduler_job.py:642} INFO - DAG(s) dict_keys(['example_subdag_operator.section-1', 'example_subdag_operator.section-2', 'example_subdag_operator']) retrieved from /home/airflow/.local/lib/python3.6/site-packages/airflow/example_dags/example_subdag_operator.py
[2023-06-12 08:06:11,507] {logging_mixin.py:104} INFO - [2023-06-12 08:06:11,507] {dag.py:1833} INFO - Sync 3 DAGs
[2023-06-12 08:06:11,518] {logging_mixin.py:104} INFO - [2023-06-12 08:06:11,518] {dag.py:2306} INFO - Setting next_dagrun for example_subdag_operator to 2023-06-10 00:00:00+00:00
[2023-06-12 08:06:11,519] {logging_mixin.py:104} INFO - [2023-06-12 08:06:11,519] {dag.py:2306} INFO - Setting next_dagrun for example_subdag_operator.section-1 to None
[2023-06-12 08:06:11,520] {logging_mixin.py:104} INFO - [2023-06-12 08:06:11,520] {dag.py:2306} INFO - Setting next_dagrun for example_subdag_operator.section-2 to None
[2023-06-12 08:06:11,528] {logging_mixin.py:104} INFO - [2023-06-12 08:06:11,528] {dag.py:1833} INFO - Sync 2 DAGs
[2023-06-12 08:06:11,533] {logging_mixin.py:104} INFO - [2023-06-12 08:06:11,533] {dag.py:2306} INFO - Setting next_dagrun for example_subdag_operator.section-1 to None
[2023-06-12 08:06:11,534] {logging_mixin.py:104} INFO - [2023-06-12 08:06:11,534] {dag.py:2306} INFO - Setting next_dagrun for example_subdag_operator.section-2 to None
[2023-06-12 08:06:11,540] {scheduler_job.py:189} INFO - Processing /home/airflow/.local/lib/python3.6/site-packages/airflow/example_dags/example_subdag_operator.py took 0.071 seconds
[2023-06-12 08:06:41,858] {scheduler_job.py:181} INFO - Started process (PID=1591) to work on /home/airflow/.local/lib/python3.6/site-packages/airflow/example_dags/example_subdag_operator.py
[2023-06-12 08:06:41,859] {scheduler_job.py:632} INFO - Processing file /home/airflow/.local/lib/python3.6/site-packages/airflow/example_dags/example_subdag_operator.py for tasks to queue
[2023-06-12 08:06:41,860] {logging_mixin.py:104} INFO - [2023-06-12 08:06:41,860] {dagbag.py:496} INFO - Filling up the DagBag from /home/airflow/.local/lib/python3.6/site-packages/airflow/example_dags/example_subdag_operator.py
[2023-06-12 08:06:41,888] {scheduler_job.py:642} INFO - DAG(s) dict_keys(['example_subdag_operator.section-1', 'example_subdag_operator.section-2', 'example_subdag_operator']) retrieved from /home/airflow/.local/lib/python3.6/site-packages/airflow/example_dags/example_subdag_operator.py
[2023-06-12 08:06:41,898] {logging_mixin.py:104} INFO - [2023-06-12 08:06:41,898] {dag.py:1833} INFO - Sync 3 DAGs
[2023-06-12 08:06:41,912] {logging_mixin.py:104} INFO - [2023-06-12 08:06:41,912] {dag.py:2306} INFO - Setting next_dagrun for example_subdag_operator to 2023-06-10 00:00:00+00:00
[2023-06-12 08:06:41,913] {logging_mixin.py:104} INFO - [2023-06-12 08:06:41,913] {dag.py:2306} INFO - Setting next_dagrun for example_subdag_operator.section-1 to None
[2023-06-12 08:06:41,914] {logging_mixin.py:104} INFO - [2023-06-12 08:06:41,914] {dag.py:2306} INFO - Setting next_dagrun for example_subdag_operator.section-2 to None
[2023-06-12 08:06:41,923] {logging_mixin.py:104} INFO - [2023-06-12 08:06:41,923] {dag.py:1833} INFO - Sync 2 DAGs
[2023-06-12 08:06:41,928] {logging_mixin.py:104} INFO - [2023-06-12 08:06:41,928] {dag.py:2306} INFO - Setting next_dagrun for example_subdag_operator.section-1 to None
[2023-06-12 08:06:41,929] {logging_mixin.py:104} INFO - [2023-06-12 08:06:41,929] {dag.py:2306} INFO - Setting next_dagrun for example_subdag_operator.section-2 to None
[2023-06-12 08:06:41,936] {scheduler_job.py:189} INFO - Processing /home/airflow/.local/lib/python3.6/site-packages/airflow/example_dags/example_subdag_operator.py took 0.081 seconds
[2023-06-12 08:07:12,666] {scheduler_job.py:181} INFO - Started process (PID=1652) to work on /home/airflow/.local/lib/python3.6/site-packages/airflow/example_dags/example_subdag_operator.py
[2023-06-12 08:07:12,668] {scheduler_job.py:632} INFO - Processing file /home/airflow/.local/lib/python3.6/site-packages/airflow/example_dags/example_subdag_operator.py for tasks to queue
[2023-06-12 08:07:12,668] {logging_mixin.py:104} INFO - [2023-06-12 08:07:12,668] {dagbag.py:496} INFO - Filling up the DagBag from /home/airflow/.local/lib/python3.6/site-packages/airflow/example_dags/example_subdag_operator.py
[2023-06-12 08:07:12,692] {scheduler_job.py:642} INFO - DAG(s) dict_keys(['example_subdag_operator.section-1', 'example_subdag_operator.section-2', 'example_subdag_operator']) retrieved from /home/airflow/.local/lib/python3.6/site-packages/airflow/example_dags/example_subdag_operator.py
[2023-06-12 08:07:12,701] {logging_mixin.py:104} INFO - [2023-06-12 08:07:12,701] {dag.py:1833} INFO - Sync 3 DAGs
[2023-06-12 08:07:12,713] {logging_mixin.py:104} INFO - [2023-06-12 08:07:12,713] {dag.py:2306} INFO - Setting next_dagrun for example_subdag_operator to 2023-06-10 00:00:00+00:00
[2023-06-12 08:07:12,714] {logging_mixin.py:104} INFO - [2023-06-12 08:07:12,714] {dag.py:2306} INFO - Setting next_dagrun for example_subdag_operator.section-1 to None
[2023-06-12 08:07:12,715] {logging_mixin.py:104} INFO - [2023-06-12 08:07:12,715] {dag.py:2306} INFO - Setting next_dagrun for example_subdag_operator.section-2 to None
[2023-06-12 08:07:12,722] {logging_mixin.py:104} INFO - [2023-06-12 08:07:12,722] {dag.py:1833} INFO - Sync 2 DAGs
[2023-06-12 08:07:12,727] {logging_mixin.py:104} INFO - [2023-06-12 08:07:12,727] {dag.py:2306} INFO - Setting next_dagrun for example_subdag_operator.section-1 to None
[2023-06-12 08:07:12,728] {logging_mixin.py:104} INFO - [2023-06-12 08:07:12,728] {dag.py:2306} INFO - Setting next_dagrun for example_subdag_operator.section-2 to None
[2023-06-12 08:07:12,734] {scheduler_job.py:189} INFO - Processing /home/airflow/.local/lib/python3.6/site-packages/airflow/example_dags/example_subdag_operator.py took 0.070 seconds
[2023-06-12 08:07:42,855] {scheduler_job.py:181} INFO - Started process (PID=1715) to work on /home/airflow/.local/lib/python3.6/site-packages/airflow/example_dags/example_subdag_operator.py
[2023-06-12 08:07:42,857] {scheduler_job.py:632} INFO - Processing file /home/airflow/.local/lib/python3.6/site-packages/airflow/example_dags/example_subdag_operator.py for tasks to queue
[2023-06-12 08:07:42,858] {logging_mixin.py:104} INFO - [2023-06-12 08:07:42,858] {dagbag.py:496} INFO - Filling up the DagBag from /home/airflow/.local/lib/python3.6/site-packages/airflow/example_dags/example_subdag_operator.py
[2023-06-12 08:07:42,887] {scheduler_job.py:642} INFO - DAG(s) dict_keys(['example_subdag_operator.section-1', 'example_subdag_operator.section-2', 'example_subdag_operator']) retrieved from /home/airflow/.local/lib/python3.6/site-packages/airflow/example_dags/example_subdag_operator.py
[2023-06-12 08:07:42,898] {logging_mixin.py:104} INFO - [2023-06-12 08:07:42,898] {dag.py:1833} INFO - Sync 3 DAGs
[2023-06-12 08:07:42,912] {logging_mixin.py:104} INFO - [2023-06-12 08:07:42,911] {dag.py:2306} INFO - Setting next_dagrun for example_subdag_operator to 2023-06-10 00:00:00+00:00
[2023-06-12 08:07:42,914] {logging_mixin.py:104} INFO - [2023-06-12 08:07:42,914] {dag.py:2306} INFO - Setting next_dagrun for example_subdag_operator.section-1 to None
[2023-06-12 08:07:42,914] {logging_mixin.py:104} INFO - [2023-06-12 08:07:42,914] {dag.py:2306} INFO - Setting next_dagrun for example_subdag_operator.section-2 to None
[2023-06-12 08:07:42,921] {logging_mixin.py:104} INFO - [2023-06-12 08:07:42,921] {dag.py:1833} INFO - Sync 2 DAGs
[2023-06-12 08:07:42,927] {logging_mixin.py:104} INFO - [2023-06-12 08:07:42,927] {dag.py:2306} INFO - Setting next_dagrun for example_subdag_operator.section-1 to None
[2023-06-12 08:07:42,928] {logging_mixin.py:104} INFO - [2023-06-12 08:07:42,928] {dag.py:2306} INFO - Setting next_dagrun for example_subdag_operator.section-2 to None
[2023-06-12 08:07:42,936] {scheduler_job.py:189} INFO - Processing /home/airflow/.local/lib/python3.6/site-packages/airflow/example_dags/example_subdag_operator.py took 0.084 seconds
[2023-06-12 08:08:13,188] {scheduler_job.py:181} INFO - Started process (PID=1768) to work on /home/airflow/.local/lib/python3.6/site-packages/airflow/example_dags/example_subdag_operator.py
[2023-06-12 08:08:13,190] {scheduler_job.py:632} INFO - Processing file /home/airflow/.local/lib/python3.6/site-packages/airflow/example_dags/example_subdag_operator.py for tasks to queue
[2023-06-12 08:08:13,191] {logging_mixin.py:104} INFO - [2023-06-12 08:08:13,191] {dagbag.py:496} INFO - Filling up the DagBag from /home/airflow/.local/lib/python3.6/site-packages/airflow/example_dags/example_subdag_operator.py
[2023-06-12 08:08:13,217] {scheduler_job.py:642} INFO - DAG(s) dict_keys(['example_subdag_operator.section-1', 'example_subdag_operator.section-2', 'example_subdag_operator']) retrieved from /home/airflow/.local/lib/python3.6/site-packages/airflow/example_dags/example_subdag_operator.py
[2023-06-12 08:08:13,228] {logging_mixin.py:104} INFO - [2023-06-12 08:08:13,228] {dag.py:1833} INFO - Sync 3 DAGs
[2023-06-12 08:08:13,241] {logging_mixin.py:104} INFO - [2023-06-12 08:08:13,241] {dag.py:2306} INFO - Setting next_dagrun for example_subdag_operator to 2023-06-10 00:00:00+00:00
[2023-06-12 08:08:13,242] {logging_mixin.py:104} INFO - [2023-06-12 08:08:13,242] {dag.py:2306} INFO - Setting next_dagrun for example_subdag_operator.section-1 to None
[2023-06-12 08:08:13,243] {logging_mixin.py:104} INFO - [2023-06-12 08:08:13,243] {dag.py:2306} INFO - Setting next_dagrun for example_subdag_operator.section-2 to None
[2023-06-12 08:08:13,252] {logging_mixin.py:104} INFO - [2023-06-12 08:08:13,252] {dag.py:1833} INFO - Sync 2 DAGs
[2023-06-12 08:08:13,258] {logging_mixin.py:104} INFO - [2023-06-12 08:08:13,258] {dag.py:2306} INFO - Setting next_dagrun for example_subdag_operator.section-1 to None
[2023-06-12 08:08:13,259] {logging_mixin.py:104} INFO - [2023-06-12 08:08:13,259] {dag.py:2306} INFO - Setting next_dagrun for example_subdag_operator.section-2 to None
[2023-06-12 08:08:13,266] {scheduler_job.py:189} INFO - Processing /home/airflow/.local/lib/python3.6/site-packages/airflow/example_dags/example_subdag_operator.py took 0.081 seconds
[2023-06-12 08:08:43,803] {scheduler_job.py:181} INFO - Started process (PID=1832) to work on /home/airflow/.local/lib/python3.6/site-packages/airflow/example_dags/example_subdag_operator.py
[2023-06-12 08:08:43,804] {scheduler_job.py:632} INFO - Processing file /home/airflow/.local/lib/python3.6/site-packages/airflow/example_dags/example_subdag_operator.py for tasks to queue
[2023-06-12 08:08:43,805] {logging_mixin.py:104} INFO - [2023-06-12 08:08:43,804] {dagbag.py:496} INFO - Filling up the DagBag from /home/airflow/.local/lib/python3.6/site-packages/airflow/example_dags/example_subdag_operator.py
[2023-06-12 08:08:43,826] {scheduler_job.py:642} INFO - DAG(s) dict_keys(['example_subdag_operator.section-1', 'example_subdag_operator.section-2', 'example_subdag_operator']) retrieved from /home/airflow/.local/lib/python3.6/site-packages/airflow/example_dags/example_subdag_operator.py
[2023-06-12 08:08:43,834] {logging_mixin.py:104} INFO - [2023-06-12 08:08:43,834] {dag.py:1833} INFO - Sync 3 DAGs
[2023-06-12 08:08:43,845] {logging_mixin.py:104} INFO - [2023-06-12 08:08:43,845] {dag.py:2306} INFO - Setting next_dagrun for example_subdag_operator to 2023-06-10 00:00:00+00:00
[2023-06-12 08:08:43,846] {logging_mixin.py:104} INFO - [2023-06-12 08:08:43,846] {dag.py:2306} INFO - Setting next_dagrun for example_subdag_operator.section-1 to None
[2023-06-12 08:08:43,847] {logging_mixin.py:104} INFO - [2023-06-12 08:08:43,847] {dag.py:2306} INFO - Setting next_dagrun for example_subdag_operator.section-2 to None
[2023-06-12 08:08:43,855] {logging_mixin.py:104} INFO - [2023-06-12 08:08:43,855] {dag.py:1833} INFO - Sync 2 DAGs
[2023-06-12 08:08:43,860] {logging_mixin.py:104} INFO - [2023-06-12 08:08:43,860] {dag.py:2306} INFO - Setting next_dagrun for example_subdag_operator.section-1 to None
[2023-06-12 08:08:43,861] {logging_mixin.py:104} INFO - [2023-06-12 08:08:43,861] {dag.py:2306} INFO - Setting next_dagrun for example_subdag_operator.section-2 to None
[2023-06-12 08:08:43,866] {scheduler_job.py:189} INFO - Processing /home/airflow/.local/lib/python3.6/site-packages/airflow/example_dags/example_subdag_operator.py took 0.066 seconds
[2023-06-12 08:09:14,251] {scheduler_job.py:181} INFO - Started process (PID=1885) to work on /home/airflow/.local/lib/python3.6/site-packages/airflow/example_dags/example_subdag_operator.py
[2023-06-12 08:09:14,253] {scheduler_job.py:632} INFO - Processing file /home/airflow/.local/lib/python3.6/site-packages/airflow/example_dags/example_subdag_operator.py for tasks to queue
[2023-06-12 08:09:14,254] {logging_mixin.py:104} INFO - [2023-06-12 08:09:14,254] {dagbag.py:496} INFO - Filling up the DagBag from /home/airflow/.local/lib/python3.6/site-packages/airflow/example_dags/example_subdag_operator.py
[2023-06-12 08:09:14,283] {scheduler_job.py:642} INFO - DAG(s) dict_keys(['example_subdag_operator.section-1', 'example_subdag_operator.section-2', 'example_subdag_operator']) retrieved from /home/airflow/.local/lib/python3.6/site-packages/airflow/example_dags/example_subdag_operator.py
[2023-06-12 08:09:14,293] {logging_mixin.py:104} INFO - [2023-06-12 08:09:14,293] {dag.py:1833} INFO - Sync 3 DAGs
[2023-06-12 08:09:14,310] {logging_mixin.py:104} INFO - [2023-06-12 08:09:14,309] {dag.py:2306} INFO - Setting next_dagrun for example_subdag_operator to 2023-06-10 00:00:00+00:00
[2023-06-12 08:09:14,311] {logging_mixin.py:104} INFO - [2023-06-12 08:09:14,311] {dag.py:2306} INFO - Setting next_dagrun for example_subdag_operator.section-1 to None
[2023-06-12 08:09:14,312] {logging_mixin.py:104} INFO - [2023-06-12 08:09:14,312] {dag.py:2306} INFO - Setting next_dagrun for example_subdag_operator.section-2 to None
[2023-06-12 08:09:14,319] {logging_mixin.py:104} INFO - [2023-06-12 08:09:14,319] {dag.py:1833} INFO - Sync 2 DAGs
[2023-06-12 08:09:14,326] {logging_mixin.py:104} INFO - [2023-06-12 08:09:14,326] {dag.py:2306} INFO - Setting next_dagrun for example_subdag_operator.section-1 to None
[2023-06-12 08:09:14,327] {logging_mixin.py:104} INFO - [2023-06-12 08:09:14,327] {dag.py:2306} INFO - Setting next_dagrun for example_subdag_operator.section-2 to None
[2023-06-12 08:09:14,332] {scheduler_job.py:189} INFO - Processing /home/airflow/.local/lib/python3.6/site-packages/airflow/example_dags/example_subdag_operator.py took 0.085 seconds
[2023-06-12 08:09:44,558] {scheduler_job.py:181} INFO - Started process (PID=1948) to work on /home/airflow/.local/lib/python3.6/site-packages/airflow/example_dags/example_subdag_operator.py
[2023-06-12 08:09:44,559] {scheduler_job.py:632} INFO - Processing file /home/airflow/.local/lib/python3.6/site-packages/airflow/example_dags/example_subdag_operator.py for tasks to queue
[2023-06-12 08:09:44,559] {logging_mixin.py:104} INFO - [2023-06-12 08:09:44,559] {dagbag.py:496} INFO - Filling up the DagBag from /home/airflow/.local/lib/python3.6/site-packages/airflow/example_dags/example_subdag_operator.py
[2023-06-12 08:09:44,583] {scheduler_job.py:642} INFO - DAG(s) dict_keys(['example_subdag_operator.section-1', 'example_subdag_operator.section-2', 'example_subdag_operator']) retrieved from /home/airflow/.local/lib/python3.6/site-packages/airflow/example_dags/example_subdag_operator.py
[2023-06-12 08:09:44,593] {logging_mixin.py:104} INFO - [2023-06-12 08:09:44,592] {dag.py:1833} INFO - Sync 3 DAGs
[2023-06-12 08:09:44,605] {logging_mixin.py:104} INFO - [2023-06-12 08:09:44,604] {dag.py:2306} INFO - Setting next_dagrun for example_subdag_operator to 2023-06-10 00:00:00+00:00
[2023-06-12 08:09:44,606] {logging_mixin.py:104} INFO - [2023-06-12 08:09:44,606] {dag.py:2306} INFO - Setting next_dagrun for example_subdag_operator.section-1 to None
[2023-06-12 08:09:44,607] {logging_mixin.py:104} INFO - [2023-06-12 08:09:44,606] {dag.py:2306} INFO - Setting next_dagrun for example_subdag_operator.section-2 to None
[2023-06-12 08:09:44,614] {logging_mixin.py:104} INFO - [2023-06-12 08:09:44,614] {dag.py:1833} INFO - Sync 2 DAGs
[2023-06-12 08:09:44,620] {logging_mixin.py:104} INFO - [2023-06-12 08:09:44,620] {dag.py:2306} INFO - Setting next_dagrun for example_subdag_operator.section-1 to None
[2023-06-12 08:09:44,621] {logging_mixin.py:104} INFO - [2023-06-12 08:09:44,621] {dag.py:2306} INFO - Setting next_dagrun for example_subdag_operator.section-2 to None
[2023-06-12 08:09:44,629] {scheduler_job.py:189} INFO - Processing /home/airflow/.local/lib/python3.6/site-packages/airflow/example_dags/example_subdag_operator.py took 0.074 seconds
[2023-06-12 08:10:15,114] {scheduler_job.py:181} INFO - Started process (PID=2011) to work on /home/airflow/.local/lib/python3.6/site-packages/airflow/example_dags/example_subdag_operator.py
[2023-06-12 08:10:15,115] {scheduler_job.py:632} INFO - Processing file /home/airflow/.local/lib/python3.6/site-packages/airflow/example_dags/example_subdag_operator.py for tasks to queue
[2023-06-12 08:10:15,116] {logging_mixin.py:104} INFO - [2023-06-12 08:10:15,116] {dagbag.py:496} INFO - Filling up the DagBag from /home/airflow/.local/lib/python3.6/site-packages/airflow/example_dags/example_subdag_operator.py
[2023-06-12 08:10:15,139] {scheduler_job.py:642} INFO - DAG(s) dict_keys(['example_subdag_operator.section-1', 'example_subdag_operator.section-2', 'example_subdag_operator']) retrieved from /home/airflow/.local/lib/python3.6/site-packages/airflow/example_dags/example_subdag_operator.py
[2023-06-12 08:10:15,150] {logging_mixin.py:104} INFO - [2023-06-12 08:10:15,150] {dag.py:1833} INFO - Sync 3 DAGs
[2023-06-12 08:10:15,162] {logging_mixin.py:104} INFO - [2023-06-12 08:10:15,162] {dag.py:2306} INFO - Setting next_dagrun for example_subdag_operator to 2023-06-10 00:00:00+00:00
[2023-06-12 08:10:15,163] {logging_mixin.py:104} INFO - [2023-06-12 08:10:15,163] {dag.py:2306} INFO - Setting next_dagrun for example_subdag_operator.section-1 to None
[2023-06-12 08:10:15,164] {logging_mixin.py:104} INFO - [2023-06-12 08:10:15,164] {dag.py:2306} INFO - Setting next_dagrun for example_subdag_operator.section-2 to None
[2023-06-12 08:10:15,171] {logging_mixin.py:104} INFO - [2023-06-12 08:10:15,171] {dag.py:1833} INFO - Sync 2 DAGs
[2023-06-12 08:10:15,176] {logging_mixin.py:104} INFO - [2023-06-12 08:10:15,176] {dag.py:2306} INFO - Setting next_dagrun for example_subdag_operator.section-1 to None
[2023-06-12 08:10:15,177] {logging_mixin.py:104} INFO - [2023-06-12 08:10:15,177] {dag.py:2306} INFO - Setting next_dagrun for example_subdag_operator.section-2 to None
[2023-06-12 08:10:15,185] {scheduler_job.py:189} INFO - Processing /home/airflow/.local/lib/python3.6/site-packages/airflow/example_dags/example_subdag_operator.py took 0.073 seconds
[2023-06-12 08:10:45,567] {scheduler_job.py:181} INFO - Started process (PID=2064) to work on /home/airflow/.local/lib/python3.6/site-packages/airflow/example_dags/example_subdag_operator.py
[2023-06-12 08:10:45,569] {scheduler_job.py:632} INFO - Processing file /home/airflow/.local/lib/python3.6/site-packages/airflow/example_dags/example_subdag_operator.py for tasks to queue
[2023-06-12 08:10:45,570] {logging_mixin.py:104} INFO - [2023-06-12 08:10:45,570] {dagbag.py:496} INFO - Filling up the DagBag from /home/airflow/.local/lib/python3.6/site-packages/airflow/example_dags/example_subdag_operator.py
[2023-06-12 08:10:45,595] {scheduler_job.py:642} INFO - DAG(s) dict_keys(['example_subdag_operator.section-1', 'example_subdag_operator.section-2', 'example_subdag_operator']) retrieved from /home/airflow/.local/lib/python3.6/site-packages/airflow/example_dags/example_subdag_operator.py
[2023-06-12 08:10:45,606] {logging_mixin.py:104} INFO - [2023-06-12 08:10:45,606] {dag.py:1833} INFO - Sync 3 DAGs
[2023-06-12 08:10:45,621] {logging_mixin.py:104} INFO - [2023-06-12 08:10:45,620] {dag.py:2306} INFO - Setting next_dagrun for example_subdag_operator to 2023-06-10 00:00:00+00:00
[2023-06-12 08:10:45,622] {logging_mixin.py:104} INFO - [2023-06-12 08:10:45,621] {dag.py:2306} INFO - Setting next_dagrun for example_subdag_operator.section-1 to None
[2023-06-12 08:10:45,622] {logging_mixin.py:104} INFO - [2023-06-12 08:10:45,622] {dag.py:2306} INFO - Setting next_dagrun for example_subdag_operator.section-2 to None
[2023-06-12 08:10:45,629] {logging_mixin.py:104} INFO - [2023-06-12 08:10:45,629] {dag.py:1833} INFO - Sync 2 DAGs
[2023-06-12 08:10:45,636] {logging_mixin.py:104} INFO - [2023-06-12 08:10:45,636] {dag.py:2306} INFO - Setting next_dagrun for example_subdag_operator.section-1 to None
[2023-06-12 08:10:45,637] {logging_mixin.py:104} INFO - [2023-06-12 08:10:45,637] {dag.py:2306} INFO - Setting next_dagrun for example_subdag_operator.section-2 to None
[2023-06-12 08:10:45,643] {scheduler_job.py:189} INFO - Processing /home/airflow/.local/lib/python3.6/site-packages/airflow/example_dags/example_subdag_operator.py took 0.078 seconds
[2023-06-12 08:11:16,101] {scheduler_job.py:181} INFO - Started process (PID=2127) to work on /home/airflow/.local/lib/python3.6/site-packages/airflow/example_dags/example_subdag_operator.py
[2023-06-12 08:11:16,102] {scheduler_job.py:632} INFO - Processing file /home/airflow/.local/lib/python3.6/site-packages/airflow/example_dags/example_subdag_operator.py for tasks to queue
[2023-06-12 08:11:16,103] {logging_mixin.py:104} INFO - [2023-06-12 08:11:16,103] {dagbag.py:496} INFO - Filling up the DagBag from /home/airflow/.local/lib/python3.6/site-packages/airflow/example_dags/example_subdag_operator.py
[2023-06-12 08:11:16,127] {scheduler_job.py:642} INFO - DAG(s) dict_keys(['example_subdag_operator.section-1', 'example_subdag_operator.section-2', 'example_subdag_operator']) retrieved from /home/airflow/.local/lib/python3.6/site-packages/airflow/example_dags/example_subdag_operator.py
[2023-06-12 08:11:16,136] {logging_mixin.py:104} INFO - [2023-06-12 08:11:16,136] {dag.py:1833} INFO - Sync 3 DAGs
[2023-06-12 08:11:16,148] {logging_mixin.py:104} INFO - [2023-06-12 08:11:16,148] {dag.py:2306} INFO - Setting next_dagrun for example_subdag_operator to 2023-06-10 00:00:00+00:00
[2023-06-12 08:11:16,149] {logging_mixin.py:104} INFO - [2023-06-12 08:11:16,149] {dag.py:2306} INFO - Setting next_dagrun for example_subdag_operator.section-1 to None
[2023-06-12 08:11:16,150] {logging_mixin.py:104} INFO - [2023-06-12 08:11:16,150] {dag.py:2306} INFO - Setting next_dagrun for example_subdag_operator.section-2 to None
[2023-06-12 08:11:16,158] {logging_mixin.py:104} INFO - [2023-06-12 08:11:16,157] {dag.py:1833} INFO - Sync 2 DAGs
[2023-06-12 08:11:16,163] {logging_mixin.py:104} INFO - [2023-06-12 08:11:16,163] {dag.py:2306} INFO - Setting next_dagrun for example_subdag_operator.section-1 to None
[2023-06-12 08:11:16,164] {logging_mixin.py:104} INFO - [2023-06-12 08:11:16,164] {dag.py:2306} INFO - Setting next_dagrun for example_subdag_operator.section-2 to None
[2023-06-12 08:11:16,169] {scheduler_job.py:189} INFO - Processing /home/airflow/.local/lib/python3.6/site-packages/airflow/example_dags/example_subdag_operator.py took 0.071 seconds
[2023-06-12 08:11:46,408] {scheduler_job.py:181} INFO - Started process (PID=2189) to work on /home/airflow/.local/lib/python3.6/site-packages/airflow/example_dags/example_subdag_operator.py
[2023-06-12 08:11:46,409] {scheduler_job.py:632} INFO - Processing file /home/airflow/.local/lib/python3.6/site-packages/airflow/example_dags/example_subdag_operator.py for tasks to queue
[2023-06-12 08:11:46,410] {logging_mixin.py:104} INFO - [2023-06-12 08:11:46,410] {dagbag.py:496} INFO - Filling up the DagBag from /home/airflow/.local/lib/python3.6/site-packages/airflow/example_dags/example_subdag_operator.py
[2023-06-12 08:11:46,434] {scheduler_job.py:642} INFO - DAG(s) dict_keys(['example_subdag_operator.section-1', 'example_subdag_operator.section-2', 'example_subdag_operator']) retrieved from /home/airflow/.local/lib/python3.6/site-packages/airflow/example_dags/example_subdag_operator.py
[2023-06-12 08:11:46,443] {logging_mixin.py:104} INFO - [2023-06-12 08:11:46,443] {dag.py:1833} INFO - Sync 3 DAGs
[2023-06-12 08:11:46,456] {logging_mixin.py:104} INFO - [2023-06-12 08:11:46,456] {dag.py:2306} INFO - Setting next_dagrun for example_subdag_operator to 2023-06-10 00:00:00+00:00
[2023-06-12 08:11:46,457] {logging_mixin.py:104} INFO - [2023-06-12 08:11:46,457] {dag.py:2306} INFO - Setting next_dagrun for example_subdag_operator.section-1 to None
[2023-06-12 08:11:46,458] {logging_mixin.py:104} INFO - [2023-06-12 08:11:46,458] {dag.py:2306} INFO - Setting next_dagrun for example_subdag_operator.section-2 to None
[2023-06-12 08:11:46,465] {logging_mixin.py:104} INFO - [2023-06-12 08:11:46,465] {dag.py:1833} INFO - Sync 2 DAGs
[2023-06-12 08:11:46,471] {logging_mixin.py:104} INFO - [2023-06-12 08:11:46,471] {dag.py:2306} INFO - Setting next_dagrun for example_subdag_operator.section-1 to None
[2023-06-12 08:11:46,472] {logging_mixin.py:104} INFO - [2023-06-12 08:11:46,471] {dag.py:2306} INFO - Setting next_dagrun for example_subdag_operator.section-2 to None
[2023-06-12 08:11:46,478] {scheduler_job.py:189} INFO - Processing /home/airflow/.local/lib/python3.6/site-packages/airflow/example_dags/example_subdag_operator.py took 0.073 seconds
[2023-06-12 08:12:16,690] {scheduler_job.py:181} INFO - Started process (PID=2243) to work on /home/airflow/.local/lib/python3.6/site-packages/airflow/example_dags/example_subdag_operator.py
[2023-06-12 08:12:16,691] {scheduler_job.py:632} INFO - Processing file /home/airflow/.local/lib/python3.6/site-packages/airflow/example_dags/example_subdag_operator.py for tasks to queue
[2023-06-12 08:12:16,692] {logging_mixin.py:104} INFO - [2023-06-12 08:12:16,692] {dagbag.py:496} INFO - Filling up the DagBag from /home/airflow/.local/lib/python3.6/site-packages/airflow/example_dags/example_subdag_operator.py
[2023-06-12 08:12:16,714] {scheduler_job.py:642} INFO - DAG(s) dict_keys(['example_subdag_operator.section-1', 'example_subdag_operator.section-2', 'example_subdag_operator']) retrieved from /home/airflow/.local/lib/python3.6/site-packages/airflow/example_dags/example_subdag_operator.py
[2023-06-12 08:12:16,723] {logging_mixin.py:104} INFO - [2023-06-12 08:12:16,723] {dag.py:1833} INFO - Sync 3 DAGs
[2023-06-12 08:12:16,734] {logging_mixin.py:104} INFO - [2023-06-12 08:12:16,734] {dag.py:2306} INFO - Setting next_dagrun for example_subdag_operator to 2023-06-10 00:00:00+00:00
[2023-06-12 08:12:16,736] {logging_mixin.py:104} INFO - [2023-06-12 08:12:16,735] {dag.py:2306} INFO - Setting next_dagrun for example_subdag_operator.section-1 to None
[2023-06-12 08:12:16,736] {logging_mixin.py:104} INFO - [2023-06-12 08:12:16,736] {dag.py:2306} INFO - Setting next_dagrun for example_subdag_operator.section-2 to None
[2023-06-12 08:12:16,744] {logging_mixin.py:104} INFO - [2023-06-12 08:12:16,744] {dag.py:1833} INFO - Sync 2 DAGs
[2023-06-12 08:12:16,750] {logging_mixin.py:104} INFO - [2023-06-12 08:12:16,750] {dag.py:2306} INFO - Setting next_dagrun for example_subdag_operator.section-1 to None
[2023-06-12 08:12:16,751] {logging_mixin.py:104} INFO - [2023-06-12 08:12:16,751] {dag.py:2306} INFO - Setting next_dagrun for example_subdag_operator.section-2 to None
[2023-06-12 08:12:16,757] {scheduler_job.py:189} INFO - Processing /home/airflow/.local/lib/python3.6/site-packages/airflow/example_dags/example_subdag_operator.py took 0.070 seconds
[2023-06-12 08:12:47,319] {scheduler_job.py:181} INFO - Started process (PID=2306) to work on /home/airflow/.local/lib/python3.6/site-packages/airflow/example_dags/example_subdag_operator.py
[2023-06-12 08:12:47,320] {scheduler_job.py:632} INFO - Processing file /home/airflow/.local/lib/python3.6/site-packages/airflow/example_dags/example_subdag_operator.py for tasks to queue
[2023-06-12 08:12:47,322] {logging_mixin.py:104} INFO - [2023-06-12 08:12:47,321] {dagbag.py:496} INFO - Filling up the DagBag from /home/airflow/.local/lib/python3.6/site-packages/airflow/example_dags/example_subdag_operator.py
[2023-06-12 08:12:47,347] {scheduler_job.py:642} INFO - DAG(s) dict_keys(['example_subdag_operator.section-1', 'example_subdag_operator.section-2', 'example_subdag_operator']) retrieved from /home/airflow/.local/lib/python3.6/site-packages/airflow/example_dags/example_subdag_operator.py
[2023-06-12 08:12:47,358] {logging_mixin.py:104} INFO - [2023-06-12 08:12:47,358] {dag.py:1833} INFO - Sync 3 DAGs
[2023-06-12 08:12:47,370] {logging_mixin.py:104} INFO - [2023-06-12 08:12:47,369] {dag.py:2306} INFO - Setting next_dagrun for example_subdag_operator to 2023-06-10 00:00:00+00:00
[2023-06-12 08:12:47,371] {logging_mixin.py:104} INFO - [2023-06-12 08:12:47,371] {dag.py:2306} INFO - Setting next_dagrun for example_subdag_operator.section-1 to None
[2023-06-12 08:12:47,372] {logging_mixin.py:104} INFO - [2023-06-12 08:12:47,372] {dag.py:2306} INFO - Setting next_dagrun for example_subdag_operator.section-2 to None
[2023-06-12 08:12:47,381] {logging_mixin.py:104} INFO - [2023-06-12 08:12:47,381] {dag.py:1833} INFO - Sync 2 DAGs
[2023-06-12 08:12:47,386] {logging_mixin.py:104} INFO - [2023-06-12 08:12:47,386] {dag.py:2306} INFO - Setting next_dagrun for example_subdag_operator.section-1 to None
[2023-06-12 08:12:47,387] {logging_mixin.py:104} INFO - [2023-06-12 08:12:47,387] {dag.py:2306} INFO - Setting next_dagrun for example_subdag_operator.section-2 to None
[2023-06-12 08:12:47,394] {scheduler_job.py:189} INFO - Processing /home/airflow/.local/lib/python3.6/site-packages/airflow/example_dags/example_subdag_operator.py took 0.078 seconds
