[2023-06-12 07:53:27,073] {scheduler_job.py:181} INFO - Started process (PID=46) to work on /home/airflow/.local/lib/python3.6/site-packages/airflow/example_dags/example_task_group_decorator.py
[2023-06-12 07:53:27,075] {scheduler_job.py:632} INFO - Processing file /home/airflow/.local/lib/python3.6/site-packages/airflow/example_dags/example_task_group_decorator.py for tasks to queue
[2023-06-12 07:53:27,076] {logging_mixin.py:104} INFO - [2023-06-12 07:53:27,076] {dagbag.py:496} INFO - Filling up the DagBag from /home/airflow/.local/lib/python3.6/site-packages/airflow/example_dags/example_task_group_decorator.py
[2023-06-12 07:53:27,099] {scheduler_job.py:642} INFO - DAG(s) dict_keys(['example_task_group_decorator']) retrieved from /home/airflow/.local/lib/python3.6/site-packages/airflow/example_dags/example_task_group_decorator.py
[2023-06-12 07:53:27,312] {logging_mixin.py:104} INFO - [2023-06-12 07:53:27,312] {dag.py:1833} INFO - Sync 1 DAGs
[2023-06-12 07:53:27,325] {logging_mixin.py:104} INFO - [2023-06-12 07:53:27,324] {dag.py:2306} INFO - Setting next_dagrun for example_task_group_decorator to 2023-06-10 00:00:00+00:00
[2023-06-12 07:53:27,338] {scheduler_job.py:189} INFO - Processing /home/airflow/.local/lib/python3.6/site-packages/airflow/example_dags/example_task_group_decorator.py took 0.268 seconds
[2023-06-12 07:53:57,583] {scheduler_job.py:181} INFO - Started process (PID=109) to work on /home/airflow/.local/lib/python3.6/site-packages/airflow/example_dags/example_task_group_decorator.py
[2023-06-12 07:53:57,585] {scheduler_job.py:632} INFO - Processing file /home/airflow/.local/lib/python3.6/site-packages/airflow/example_dags/example_task_group_decorator.py for tasks to queue
[2023-06-12 07:53:57,586] {logging_mixin.py:104} INFO - [2023-06-12 07:53:57,585] {dagbag.py:496} INFO - Filling up the DagBag from /home/airflow/.local/lib/python3.6/site-packages/airflow/example_dags/example_task_group_decorator.py
[2023-06-12 07:53:57,607] {scheduler_job.py:642} INFO - DAG(s) dict_keys(['example_task_group_decorator']) retrieved from /home/airflow/.local/lib/python3.6/site-packages/airflow/example_dags/example_task_group_decorator.py
[2023-06-12 07:53:57,803] {logging_mixin.py:104} INFO - [2023-06-12 07:53:57,803] {dag.py:1833} INFO - Sync 1 DAGs
[2023-06-12 07:53:57,817] {logging_mixin.py:104} INFO - [2023-06-12 07:53:57,817] {dag.py:2306} INFO - Setting next_dagrun for example_task_group_decorator to 2023-06-10 00:00:00+00:00
[2023-06-12 07:53:57,829] {scheduler_job.py:189} INFO - Processing /home/airflow/.local/lib/python3.6/site-packages/airflow/example_dags/example_task_group_decorator.py took 0.249 seconds
[2023-06-12 07:54:28,169] {scheduler_job.py:181} INFO - Started process (PID=173) to work on /home/airflow/.local/lib/python3.6/site-packages/airflow/example_dags/example_task_group_decorator.py
[2023-06-12 07:54:28,170] {scheduler_job.py:632} INFO - Processing file /home/airflow/.local/lib/python3.6/site-packages/airflow/example_dags/example_task_group_decorator.py for tasks to queue
[2023-06-12 07:54:28,171] {logging_mixin.py:104} INFO - [2023-06-12 07:54:28,171] {dagbag.py:496} INFO - Filling up the DagBag from /home/airflow/.local/lib/python3.6/site-packages/airflow/example_dags/example_task_group_decorator.py
[2023-06-12 07:54:28,194] {scheduler_job.py:642} INFO - DAG(s) dict_keys(['example_task_group_decorator']) retrieved from /home/airflow/.local/lib/python3.6/site-packages/airflow/example_dags/example_task_group_decorator.py
[2023-06-12 07:54:28,416] {logging_mixin.py:104} INFO - [2023-06-12 07:54:28,416] {dag.py:1833} INFO - Sync 1 DAGs
[2023-06-12 07:54:28,431] {logging_mixin.py:104} INFO - [2023-06-12 07:54:28,430] {dag.py:2306} INFO - Setting next_dagrun for example_task_group_decorator to 2023-06-10 00:00:00+00:00
[2023-06-12 07:54:28,444] {scheduler_job.py:189} INFO - Processing /home/airflow/.local/lib/python3.6/site-packages/airflow/example_dags/example_task_group_decorator.py took 0.279 seconds
[2023-06-12 07:54:58,999] {scheduler_job.py:181} INFO - Started process (PID=225) to work on /home/airflow/.local/lib/python3.6/site-packages/airflow/example_dags/example_task_group_decorator.py
[2023-06-12 07:54:59,000] {scheduler_job.py:632} INFO - Processing file /home/airflow/.local/lib/python3.6/site-packages/airflow/example_dags/example_task_group_decorator.py for tasks to queue
[2023-06-12 07:54:59,001] {logging_mixin.py:104} INFO - [2023-06-12 07:54:59,001] {dagbag.py:496} INFO - Filling up the DagBag from /home/airflow/.local/lib/python3.6/site-packages/airflow/example_dags/example_task_group_decorator.py
[2023-06-12 07:54:59,021] {scheduler_job.py:642} INFO - DAG(s) dict_keys(['example_task_group_decorator']) retrieved from /home/airflow/.local/lib/python3.6/site-packages/airflow/example_dags/example_task_group_decorator.py
[2023-06-12 07:54:59,192] {logging_mixin.py:104} INFO - [2023-06-12 07:54:59,192] {dag.py:1833} INFO - Sync 1 DAGs
[2023-06-12 07:54:59,204] {logging_mixin.py:104} INFO - [2023-06-12 07:54:59,204] {dag.py:2306} INFO - Setting next_dagrun for example_task_group_decorator to 2023-06-10 00:00:00+00:00
[2023-06-12 07:54:59,215] {scheduler_job.py:189} INFO - Processing /home/airflow/.local/lib/python3.6/site-packages/airflow/example_dags/example_task_group_decorator.py took 0.219 seconds
[2023-06-12 07:55:29,496] {scheduler_job.py:181} INFO - Started process (PID=288) to work on /home/airflow/.local/lib/python3.6/site-packages/airflow/example_dags/example_task_group_decorator.py
[2023-06-12 07:55:29,498] {scheduler_job.py:632} INFO - Processing file /home/airflow/.local/lib/python3.6/site-packages/airflow/example_dags/example_task_group_decorator.py for tasks to queue
[2023-06-12 07:55:29,499] {logging_mixin.py:104} INFO - [2023-06-12 07:55:29,498] {dagbag.py:496} INFO - Filling up the DagBag from /home/airflow/.local/lib/python3.6/site-packages/airflow/example_dags/example_task_group_decorator.py
[2023-06-12 07:55:29,519] {scheduler_job.py:642} INFO - DAG(s) dict_keys(['example_task_group_decorator']) retrieved from /home/airflow/.local/lib/python3.6/site-packages/airflow/example_dags/example_task_group_decorator.py
[2023-06-12 07:55:29,693] {logging_mixin.py:104} INFO - [2023-06-12 07:55:29,693] {dag.py:1833} INFO - Sync 1 DAGs
[2023-06-12 07:55:29,704] {logging_mixin.py:104} INFO - [2023-06-12 07:55:29,704] {dag.py:2306} INFO - Setting next_dagrun for example_task_group_decorator to 2023-06-10 00:00:00+00:00
[2023-06-12 07:55:29,715] {scheduler_job.py:189} INFO - Processing /home/airflow/.local/lib/python3.6/site-packages/airflow/example_dags/example_task_group_decorator.py took 0.222 seconds
[2023-06-12 07:55:59,900] {scheduler_job.py:181} INFO - Started process (PID=341) to work on /home/airflow/.local/lib/python3.6/site-packages/airflow/example_dags/example_task_group_decorator.py
[2023-06-12 07:55:59,902] {scheduler_job.py:632} INFO - Processing file /home/airflow/.local/lib/python3.6/site-packages/airflow/example_dags/example_task_group_decorator.py for tasks to queue
[2023-06-12 07:55:59,903] {logging_mixin.py:104} INFO - [2023-06-12 07:55:59,903] {dagbag.py:496} INFO - Filling up the DagBag from /home/airflow/.local/lib/python3.6/site-packages/airflow/example_dags/example_task_group_decorator.py
[2023-06-12 07:55:59,922] {scheduler_job.py:642} INFO - DAG(s) dict_keys(['example_task_group_decorator']) retrieved from /home/airflow/.local/lib/python3.6/site-packages/airflow/example_dags/example_task_group_decorator.py
[2023-06-12 07:56:00,104] {logging_mixin.py:104} INFO - [2023-06-12 07:56:00,104] {dag.py:1833} INFO - Sync 1 DAGs
[2023-06-12 07:56:00,120] {logging_mixin.py:104} INFO - [2023-06-12 07:56:00,120] {dag.py:2306} INFO - Setting next_dagrun for example_task_group_decorator to 2023-06-10 00:00:00+00:00
[2023-06-12 07:56:00,135] {scheduler_job.py:189} INFO - Processing /home/airflow/.local/lib/python3.6/site-packages/airflow/example_dags/example_task_group_decorator.py took 0.237 seconds
[2023-06-12 07:56:30,430] {scheduler_job.py:181} INFO - Started process (PID=405) to work on /home/airflow/.local/lib/python3.6/site-packages/airflow/example_dags/example_task_group_decorator.py
[2023-06-12 07:56:30,432] {scheduler_job.py:632} INFO - Processing file /home/airflow/.local/lib/python3.6/site-packages/airflow/example_dags/example_task_group_decorator.py for tasks to queue
[2023-06-12 07:56:30,433] {logging_mixin.py:104} INFO - [2023-06-12 07:56:30,432] {dagbag.py:496} INFO - Filling up the DagBag from /home/airflow/.local/lib/python3.6/site-packages/airflow/example_dags/example_task_group_decorator.py
[2023-06-12 07:56:30,453] {scheduler_job.py:642} INFO - DAG(s) dict_keys(['example_task_group_decorator']) retrieved from /home/airflow/.local/lib/python3.6/site-packages/airflow/example_dags/example_task_group_decorator.py
[2023-06-12 07:56:30,632] {logging_mixin.py:104} INFO - [2023-06-12 07:56:30,632] {dag.py:1833} INFO - Sync 1 DAGs
[2023-06-12 07:56:30,644] {logging_mixin.py:104} INFO - [2023-06-12 07:56:30,644] {dag.py:2306} INFO - Setting next_dagrun for example_task_group_decorator to 2023-06-10 00:00:00+00:00
[2023-06-12 07:56:30,654] {scheduler_job.py:189} INFO - Processing /home/airflow/.local/lib/python3.6/site-packages/airflow/example_dags/example_task_group_decorator.py took 0.226 seconds
[2023-06-12 07:57:01,465] {scheduler_job.py:181} INFO - Started process (PID=469) to work on /home/airflow/.local/lib/python3.6/site-packages/airflow/example_dags/example_task_group_decorator.py
[2023-06-12 07:57:01,467] {scheduler_job.py:632} INFO - Processing file /home/airflow/.local/lib/python3.6/site-packages/airflow/example_dags/example_task_group_decorator.py for tasks to queue
[2023-06-12 07:57:01,468] {logging_mixin.py:104} INFO - [2023-06-12 07:57:01,468] {dagbag.py:496} INFO - Filling up the DagBag from /home/airflow/.local/lib/python3.6/site-packages/airflow/example_dags/example_task_group_decorator.py
[2023-06-12 07:57:01,492] {scheduler_job.py:642} INFO - DAG(s) dict_keys(['example_task_group_decorator']) retrieved from /home/airflow/.local/lib/python3.6/site-packages/airflow/example_dags/example_task_group_decorator.py
[2023-06-12 07:57:01,678] {logging_mixin.py:104} INFO - [2023-06-12 07:57:01,678] {dag.py:1833} INFO - Sync 1 DAGs
[2023-06-12 07:57:01,690] {logging_mixin.py:104} INFO - [2023-06-12 07:57:01,690] {dag.py:2306} INFO - Setting next_dagrun for example_task_group_decorator to 2023-06-10 00:00:00+00:00
[2023-06-12 07:57:01,701] {scheduler_job.py:189} INFO - Processing /home/airflow/.local/lib/python3.6/site-packages/airflow/example_dags/example_task_group_decorator.py took 0.238 seconds
[2023-06-12 07:57:31,755] {scheduler_job.py:181} INFO - Started process (PID=523) to work on /home/airflow/.local/lib/python3.6/site-packages/airflow/example_dags/example_task_group_decorator.py
[2023-06-12 07:57:31,757] {scheduler_job.py:632} INFO - Processing file /home/airflow/.local/lib/python3.6/site-packages/airflow/example_dags/example_task_group_decorator.py for tasks to queue
[2023-06-12 07:57:31,757] {logging_mixin.py:104} INFO - [2023-06-12 07:57:31,757] {dagbag.py:496} INFO - Filling up the DagBag from /home/airflow/.local/lib/python3.6/site-packages/airflow/example_dags/example_task_group_decorator.py
[2023-06-12 07:57:31,779] {scheduler_job.py:642} INFO - DAG(s) dict_keys(['example_task_group_decorator']) retrieved from /home/airflow/.local/lib/python3.6/site-packages/airflow/example_dags/example_task_group_decorator.py
[2023-06-12 07:57:31,971] {logging_mixin.py:104} INFO - [2023-06-12 07:57:31,971] {dag.py:1833} INFO - Sync 1 DAGs
[2023-06-12 07:57:31,982] {logging_mixin.py:104} INFO - [2023-06-12 07:57:31,982] {dag.py:2306} INFO - Setting next_dagrun for example_task_group_decorator to 2023-06-10 00:00:00+00:00
[2023-06-12 07:57:31,994] {scheduler_job.py:189} INFO - Processing /home/airflow/.local/lib/python3.6/site-packages/airflow/example_dags/example_task_group_decorator.py took 0.242 seconds
[2023-06-12 07:58:02,721] {scheduler_job.py:181} INFO - Started process (PID=583) to work on /home/airflow/.local/lib/python3.6/site-packages/airflow/example_dags/example_task_group_decorator.py
[2023-06-12 07:58:02,723] {scheduler_job.py:632} INFO - Processing file /home/airflow/.local/lib/python3.6/site-packages/airflow/example_dags/example_task_group_decorator.py for tasks to queue
[2023-06-12 07:58:02,724] {logging_mixin.py:104} INFO - [2023-06-12 07:58:02,724] {dagbag.py:496} INFO - Filling up the DagBag from /home/airflow/.local/lib/python3.6/site-packages/airflow/example_dags/example_task_group_decorator.py
[2023-06-12 07:58:02,758] {scheduler_job.py:642} INFO - DAG(s) dict_keys(['example_task_group_decorator']) retrieved from /home/airflow/.local/lib/python3.6/site-packages/airflow/example_dags/example_task_group_decorator.py
[2023-06-12 07:58:02,939] {logging_mixin.py:104} INFO - [2023-06-12 07:58:02,939] {dag.py:1833} INFO - Sync 1 DAGs
[2023-06-12 07:58:02,950] {logging_mixin.py:104} INFO - [2023-06-12 07:58:02,950] {dag.py:2306} INFO - Setting next_dagrun for example_task_group_decorator to 2023-06-10 00:00:00+00:00
[2023-06-12 07:58:02,961] {scheduler_job.py:189} INFO - Processing /home/airflow/.local/lib/python3.6/site-packages/airflow/example_dags/example_task_group_decorator.py took 0.244 seconds
[2023-06-12 07:58:33,108] {scheduler_job.py:181} INFO - Started process (PID=646) to work on /home/airflow/.local/lib/python3.6/site-packages/airflow/example_dags/example_task_group_decorator.py
[2023-06-12 07:58:33,110] {scheduler_job.py:632} INFO - Processing file /home/airflow/.local/lib/python3.6/site-packages/airflow/example_dags/example_task_group_decorator.py for tasks to queue
[2023-06-12 07:58:33,111] {logging_mixin.py:104} INFO - [2023-06-12 07:58:33,111] {dagbag.py:496} INFO - Filling up the DagBag from /home/airflow/.local/lib/python3.6/site-packages/airflow/example_dags/example_task_group_decorator.py
[2023-06-12 07:58:33,132] {scheduler_job.py:642} INFO - DAG(s) dict_keys(['example_task_group_decorator']) retrieved from /home/airflow/.local/lib/python3.6/site-packages/airflow/example_dags/example_task_group_decorator.py
[2023-06-12 07:58:33,314] {logging_mixin.py:104} INFO - [2023-06-12 07:58:33,314] {dag.py:1833} INFO - Sync 1 DAGs
[2023-06-12 07:58:33,325] {logging_mixin.py:104} INFO - [2023-06-12 07:58:33,325] {dag.py:2306} INFO - Setting next_dagrun for example_task_group_decorator to 2023-06-10 00:00:00+00:00
[2023-06-12 07:58:33,337] {scheduler_job.py:189} INFO - Processing /home/airflow/.local/lib/python3.6/site-packages/airflow/example_dags/example_task_group_decorator.py took 0.231 seconds
[2023-06-12 07:59:04,093] {scheduler_job.py:181} INFO - Started process (PID=699) to work on /home/airflow/.local/lib/python3.6/site-packages/airflow/example_dags/example_task_group_decorator.py
[2023-06-12 07:59:04,095] {scheduler_job.py:632} INFO - Processing file /home/airflow/.local/lib/python3.6/site-packages/airflow/example_dags/example_task_group_decorator.py for tasks to queue
[2023-06-12 07:59:04,096] {logging_mixin.py:104} INFO - [2023-06-12 07:59:04,096] {dagbag.py:496} INFO - Filling up the DagBag from /home/airflow/.local/lib/python3.6/site-packages/airflow/example_dags/example_task_group_decorator.py
[2023-06-12 07:59:04,123] {scheduler_job.py:642} INFO - DAG(s) dict_keys(['example_task_group_decorator']) retrieved from /home/airflow/.local/lib/python3.6/site-packages/airflow/example_dags/example_task_group_decorator.py
[2023-06-12 07:59:04,298] {logging_mixin.py:104} INFO - [2023-06-12 07:59:04,298] {dag.py:1833} INFO - Sync 1 DAGs
[2023-06-12 07:59:04,312] {logging_mixin.py:104} INFO - [2023-06-12 07:59:04,312] {dag.py:2306} INFO - Setting next_dagrun for example_task_group_decorator to 2023-06-10 00:00:00+00:00
[2023-06-12 07:59:04,324] {scheduler_job.py:189} INFO - Processing /home/airflow/.local/lib/python3.6/site-packages/airflow/example_dags/example_task_group_decorator.py took 0.234 seconds
[2023-06-12 07:59:35,025] {scheduler_job.py:181} INFO - Started process (PID=762) to work on /home/airflow/.local/lib/python3.6/site-packages/airflow/example_dags/example_task_group_decorator.py
[2023-06-12 07:59:35,026] {scheduler_job.py:632} INFO - Processing file /home/airflow/.local/lib/python3.6/site-packages/airflow/example_dags/example_task_group_decorator.py for tasks to queue
[2023-06-12 07:59:35,027] {logging_mixin.py:104} INFO - [2023-06-12 07:59:35,027] {dagbag.py:496} INFO - Filling up the DagBag from /home/airflow/.local/lib/python3.6/site-packages/airflow/example_dags/example_task_group_decorator.py
[2023-06-12 07:59:35,046] {scheduler_job.py:642} INFO - DAG(s) dict_keys(['example_task_group_decorator']) retrieved from /home/airflow/.local/lib/python3.6/site-packages/airflow/example_dags/example_task_group_decorator.py
[2023-06-12 07:59:35,212] {logging_mixin.py:104} INFO - [2023-06-12 07:59:35,212] {dag.py:1833} INFO - Sync 1 DAGs
[2023-06-12 07:59:35,225] {logging_mixin.py:104} INFO - [2023-06-12 07:59:35,225] {dag.py:2306} INFO - Setting next_dagrun for example_task_group_decorator to 2023-06-10 00:00:00+00:00
[2023-06-12 07:59:35,235] {scheduler_job.py:189} INFO - Processing /home/airflow/.local/lib/python3.6/site-packages/airflow/example_dags/example_task_group_decorator.py took 0.213 seconds
[2023-06-12 08:00:05,977] {scheduler_job.py:181} INFO - Started process (PID=824) to work on /home/airflow/.local/lib/python3.6/site-packages/airflow/example_dags/example_task_group_decorator.py
[2023-06-12 08:00:05,978] {scheduler_job.py:632} INFO - Processing file /home/airflow/.local/lib/python3.6/site-packages/airflow/example_dags/example_task_group_decorator.py for tasks to queue
[2023-06-12 08:00:05,979] {logging_mixin.py:104} INFO - [2023-06-12 08:00:05,979] {dagbag.py:496} INFO - Filling up the DagBag from /home/airflow/.local/lib/python3.6/site-packages/airflow/example_dags/example_task_group_decorator.py
[2023-06-12 08:00:05,999] {scheduler_job.py:642} INFO - DAG(s) dict_keys(['example_task_group_decorator']) retrieved from /home/airflow/.local/lib/python3.6/site-packages/airflow/example_dags/example_task_group_decorator.py
[2023-06-12 08:00:06,187] {logging_mixin.py:104} INFO - [2023-06-12 08:00:06,187] {dag.py:1833} INFO - Sync 1 DAGs
[2023-06-12 08:00:06,200] {logging_mixin.py:104} INFO - [2023-06-12 08:00:06,200] {dag.py:2306} INFO - Setting next_dagrun for example_task_group_decorator to 2023-06-10 00:00:00+00:00
[2023-06-12 08:00:06,213] {scheduler_job.py:189} INFO - Processing /home/airflow/.local/lib/python3.6/site-packages/airflow/example_dags/example_task_group_decorator.py took 0.239 seconds
[2023-06-12 08:00:36,286] {scheduler_job.py:181} INFO - Started process (PID=878) to work on /home/airflow/.local/lib/python3.6/site-packages/airflow/example_dags/example_task_group_decorator.py
[2023-06-12 08:00:36,288] {scheduler_job.py:632} INFO - Processing file /home/airflow/.local/lib/python3.6/site-packages/airflow/example_dags/example_task_group_decorator.py for tasks to queue
[2023-06-12 08:00:36,289] {logging_mixin.py:104} INFO - [2023-06-12 08:00:36,289] {dagbag.py:496} INFO - Filling up the DagBag from /home/airflow/.local/lib/python3.6/site-packages/airflow/example_dags/example_task_group_decorator.py
[2023-06-12 08:00:36,312] {scheduler_job.py:642} INFO - DAG(s) dict_keys(['example_task_group_decorator']) retrieved from /home/airflow/.local/lib/python3.6/site-packages/airflow/example_dags/example_task_group_decorator.py
[2023-06-12 08:00:36,336] {logging_mixin.py:104} INFO - [2023-06-12 08:00:36,335] {dag.py:1833} INFO - Sync 1 DAGs
[2023-06-12 08:00:36,350] {logging_mixin.py:104} INFO - [2023-06-12 08:00:36,350] {dag.py:2306} INFO - Setting next_dagrun for example_task_group_decorator to 2023-06-10 00:00:00+00:00
[2023-06-12 08:00:36,362] {scheduler_job.py:189} INFO - Processing /home/airflow/.local/lib/python3.6/site-packages/airflow/example_dags/example_task_group_decorator.py took 0.079 seconds
[2023-06-12 08:01:07,124] {scheduler_job.py:181} INFO - Started process (PID=941) to work on /home/airflow/.local/lib/python3.6/site-packages/airflow/example_dags/example_task_group_decorator.py
[2023-06-12 08:01:07,125] {scheduler_job.py:632} INFO - Processing file /home/airflow/.local/lib/python3.6/site-packages/airflow/example_dags/example_task_group_decorator.py for tasks to queue
[2023-06-12 08:01:07,126] {logging_mixin.py:104} INFO - [2023-06-12 08:01:07,126] {dagbag.py:496} INFO - Filling up the DagBag from /home/airflow/.local/lib/python3.6/site-packages/airflow/example_dags/example_task_group_decorator.py
[2023-06-12 08:01:07,147] {scheduler_job.py:642} INFO - DAG(s) dict_keys(['example_task_group_decorator']) retrieved from /home/airflow/.local/lib/python3.6/site-packages/airflow/example_dags/example_task_group_decorator.py
[2023-06-12 08:01:07,314] {logging_mixin.py:104} INFO - [2023-06-12 08:01:07,314] {dag.py:1833} INFO - Sync 1 DAGs
[2023-06-12 08:01:07,326] {logging_mixin.py:104} INFO - [2023-06-12 08:01:07,325] {dag.py:2306} INFO - Setting next_dagrun for example_task_group_decorator to 2023-06-10 00:00:00+00:00
[2023-06-12 08:01:07,336] {scheduler_job.py:189} INFO - Processing /home/airflow/.local/lib/python3.6/site-packages/airflow/example_dags/example_task_group_decorator.py took 0.215 seconds
[2023-06-12 08:01:38,047] {scheduler_job.py:181} INFO - Started process (PID=994) to work on /home/airflow/.local/lib/python3.6/site-packages/airflow/example_dags/example_task_group_decorator.py
[2023-06-12 08:01:38,049] {scheduler_job.py:632} INFO - Processing file /home/airflow/.local/lib/python3.6/site-packages/airflow/example_dags/example_task_group_decorator.py for tasks to queue
[2023-06-12 08:01:38,050] {logging_mixin.py:104} INFO - [2023-06-12 08:01:38,050] {dagbag.py:496} INFO - Filling up the DagBag from /home/airflow/.local/lib/python3.6/site-packages/airflow/example_dags/example_task_group_decorator.py
[2023-06-12 08:01:38,071] {scheduler_job.py:642} INFO - DAG(s) dict_keys(['example_task_group_decorator']) retrieved from /home/airflow/.local/lib/python3.6/site-packages/airflow/example_dags/example_task_group_decorator.py
[2023-06-12 08:01:38,225] {logging_mixin.py:104} INFO - [2023-06-12 08:01:38,225] {dag.py:1833} INFO - Sync 1 DAGs
[2023-06-12 08:01:38,236] {logging_mixin.py:104} INFO - [2023-06-12 08:01:38,236] {dag.py:2306} INFO - Setting next_dagrun for example_task_group_decorator to 2023-06-10 00:00:00+00:00
[2023-06-12 08:01:38,247] {scheduler_job.py:189} INFO - Processing /home/airflow/.local/lib/python3.6/site-packages/airflow/example_dags/example_task_group_decorator.py took 0.204 seconds
[2023-06-12 08:02:08,293] {scheduler_job.py:181} INFO - Started process (PID=1058) to work on /home/airflow/.local/lib/python3.6/site-packages/airflow/example_dags/example_task_group_decorator.py
[2023-06-12 08:02:08,295] {scheduler_job.py:632} INFO - Processing file /home/airflow/.local/lib/python3.6/site-packages/airflow/example_dags/example_task_group_decorator.py for tasks to queue
[2023-06-12 08:02:08,296] {logging_mixin.py:104} INFO - [2023-06-12 08:02:08,296] {dagbag.py:496} INFO - Filling up the DagBag from /home/airflow/.local/lib/python3.6/site-packages/airflow/example_dags/example_task_group_decorator.py
[2023-06-12 08:02:08,317] {scheduler_job.py:642} INFO - DAG(s) dict_keys(['example_task_group_decorator']) retrieved from /home/airflow/.local/lib/python3.6/site-packages/airflow/example_dags/example_task_group_decorator.py
[2023-06-12 08:02:08,488] {logging_mixin.py:104} INFO - [2023-06-12 08:02:08,488] {dag.py:1833} INFO - Sync 1 DAGs
[2023-06-12 08:02:08,499] {logging_mixin.py:104} INFO - [2023-06-12 08:02:08,499] {dag.py:2306} INFO - Setting next_dagrun for example_task_group_decorator to 2023-06-10 00:00:00+00:00
[2023-06-12 08:02:08,510] {scheduler_job.py:189} INFO - Processing /home/airflow/.local/lib/python3.6/site-packages/airflow/example_dags/example_task_group_decorator.py took 0.220 seconds
[2023-06-12 08:02:38,739] {scheduler_job.py:181} INFO - Started process (PID=1123) to work on /home/airflow/.local/lib/python3.6/site-packages/airflow/example_dags/example_task_group_decorator.py
[2023-06-12 08:02:38,740] {scheduler_job.py:632} INFO - Processing file /home/airflow/.local/lib/python3.6/site-packages/airflow/example_dags/example_task_group_decorator.py for tasks to queue
[2023-06-12 08:02:38,741] {logging_mixin.py:104} INFO - [2023-06-12 08:02:38,741] {dagbag.py:496} INFO - Filling up the DagBag from /home/airflow/.local/lib/python3.6/site-packages/airflow/example_dags/example_task_group_decorator.py
[2023-06-12 08:02:38,764] {scheduler_job.py:642} INFO - DAG(s) dict_keys(['example_task_group_decorator']) retrieved from /home/airflow/.local/lib/python3.6/site-packages/airflow/example_dags/example_task_group_decorator.py
[2023-06-12 08:02:38,941] {logging_mixin.py:104} INFO - [2023-06-12 08:02:38,941] {dag.py:1833} INFO - Sync 1 DAGs
[2023-06-12 08:02:38,954] {logging_mixin.py:104} INFO - [2023-06-12 08:02:38,954] {dag.py:2306} INFO - Setting next_dagrun for example_task_group_decorator to 2023-06-10 00:00:00+00:00
[2023-06-12 08:02:38,966] {scheduler_job.py:189} INFO - Processing /home/airflow/.local/lib/python3.6/site-packages/airflow/example_dags/example_task_group_decorator.py took 0.230 seconds
[2023-06-12 08:03:09,149] {scheduler_job.py:181} INFO - Started process (PID=1178) to work on /home/airflow/.local/lib/python3.6/site-packages/airflow/example_dags/example_task_group_decorator.py
[2023-06-12 08:03:09,150] {scheduler_job.py:632} INFO - Processing file /home/airflow/.local/lib/python3.6/site-packages/airflow/example_dags/example_task_group_decorator.py for tasks to queue
[2023-06-12 08:03:09,151] {logging_mixin.py:104} INFO - [2023-06-12 08:03:09,151] {dagbag.py:496} INFO - Filling up the DagBag from /home/airflow/.local/lib/python3.6/site-packages/airflow/example_dags/example_task_group_decorator.py
[2023-06-12 08:03:09,174] {scheduler_job.py:642} INFO - DAG(s) dict_keys(['example_task_group_decorator']) retrieved from /home/airflow/.local/lib/python3.6/site-packages/airflow/example_dags/example_task_group_decorator.py
[2023-06-12 08:03:09,343] {logging_mixin.py:104} INFO - [2023-06-12 08:03:09,343] {dag.py:1833} INFO - Sync 1 DAGs
[2023-06-12 08:03:09,355] {logging_mixin.py:104} INFO - [2023-06-12 08:03:09,355] {dag.py:2306} INFO - Setting next_dagrun for example_task_group_decorator to 2023-06-10 00:00:00+00:00
[2023-06-12 08:03:09,365] {scheduler_job.py:189} INFO - Processing /home/airflow/.local/lib/python3.6/site-packages/airflow/example_dags/example_task_group_decorator.py took 0.218 seconds
[2023-06-12 08:03:39,580] {scheduler_job.py:181} INFO - Started process (PID=1242) to work on /home/airflow/.local/lib/python3.6/site-packages/airflow/example_dags/example_task_group_decorator.py
[2023-06-12 08:03:39,581] {scheduler_job.py:632} INFO - Processing file /home/airflow/.local/lib/python3.6/site-packages/airflow/example_dags/example_task_group_decorator.py for tasks to queue
[2023-06-12 08:03:39,582] {logging_mixin.py:104} INFO - [2023-06-12 08:03:39,582] {dagbag.py:496} INFO - Filling up the DagBag from /home/airflow/.local/lib/python3.6/site-packages/airflow/example_dags/example_task_group_decorator.py
[2023-06-12 08:03:39,605] {scheduler_job.py:642} INFO - DAG(s) dict_keys(['example_task_group_decorator']) retrieved from /home/airflow/.local/lib/python3.6/site-packages/airflow/example_dags/example_task_group_decorator.py
[2023-06-12 08:03:39,767] {logging_mixin.py:104} INFO - [2023-06-12 08:03:39,767] {dag.py:1833} INFO - Sync 1 DAGs
[2023-06-12 08:03:39,778] {logging_mixin.py:104} INFO - [2023-06-12 08:03:39,778] {dag.py:2306} INFO - Setting next_dagrun for example_task_group_decorator to 2023-06-10 00:00:00+00:00
[2023-06-12 08:03:39,788] {scheduler_job.py:189} INFO - Processing /home/airflow/.local/lib/python3.6/site-packages/airflow/example_dags/example_task_group_decorator.py took 0.212 seconds
[2023-06-12 08:04:09,898] {scheduler_job.py:181} INFO - Started process (PID=1295) to work on /home/airflow/.local/lib/python3.6/site-packages/airflow/example_dags/example_task_group_decorator.py
[2023-06-12 08:04:09,900] {scheduler_job.py:632} INFO - Processing file /home/airflow/.local/lib/python3.6/site-packages/airflow/example_dags/example_task_group_decorator.py for tasks to queue
[2023-06-12 08:04:09,901] {logging_mixin.py:104} INFO - [2023-06-12 08:04:09,901] {dagbag.py:496} INFO - Filling up the DagBag from /home/airflow/.local/lib/python3.6/site-packages/airflow/example_dags/example_task_group_decorator.py
[2023-06-12 08:04:09,920] {scheduler_job.py:642} INFO - DAG(s) dict_keys(['example_task_group_decorator']) retrieved from /home/airflow/.local/lib/python3.6/site-packages/airflow/example_dags/example_task_group_decorator.py
[2023-06-12 08:04:10,081] {logging_mixin.py:104} INFO - [2023-06-12 08:04:10,081] {dag.py:1833} INFO - Sync 1 DAGs
[2023-06-12 08:04:10,092] {logging_mixin.py:104} INFO - [2023-06-12 08:04:10,092] {dag.py:2306} INFO - Setting next_dagrun for example_task_group_decorator to 2023-06-10 00:00:00+00:00
[2023-06-12 08:04:10,102] {scheduler_job.py:189} INFO - Processing /home/airflow/.local/lib/python3.6/site-packages/airflow/example_dags/example_task_group_decorator.py took 0.207 seconds
[2023-06-12 08:04:40,311] {scheduler_job.py:181} INFO - Started process (PID=1357) to work on /home/airflow/.local/lib/python3.6/site-packages/airflow/example_dags/example_task_group_decorator.py
[2023-06-12 08:04:40,313] {scheduler_job.py:632} INFO - Processing file /home/airflow/.local/lib/python3.6/site-packages/airflow/example_dags/example_task_group_decorator.py for tasks to queue
[2023-06-12 08:04:40,314] {logging_mixin.py:104} INFO - [2023-06-12 08:04:40,314] {dagbag.py:496} INFO - Filling up the DagBag from /home/airflow/.local/lib/python3.6/site-packages/airflow/example_dags/example_task_group_decorator.py
[2023-06-12 08:04:40,338] {scheduler_job.py:642} INFO - DAG(s) dict_keys(['example_task_group_decorator']) retrieved from /home/airflow/.local/lib/python3.6/site-packages/airflow/example_dags/example_task_group_decorator.py
[2023-06-12 08:04:40,515] {logging_mixin.py:104} INFO - [2023-06-12 08:04:40,515] {dag.py:1833} INFO - Sync 1 DAGs
[2023-06-12 08:04:40,527] {logging_mixin.py:104} INFO - [2023-06-12 08:04:40,527] {dag.py:2306} INFO - Setting next_dagrun for example_task_group_decorator to 2023-06-10 00:00:00+00:00
[2023-06-12 08:04:40,538] {scheduler_job.py:189} INFO - Processing /home/airflow/.local/lib/python3.6/site-packages/airflow/example_dags/example_task_group_decorator.py took 0.230 seconds
[2023-06-12 08:05:10,669] {scheduler_job.py:181} INFO - Started process (PID=1419) to work on /home/airflow/.local/lib/python3.6/site-packages/airflow/example_dags/example_task_group_decorator.py
[2023-06-12 08:05:10,671] {scheduler_job.py:632} INFO - Processing file /home/airflow/.local/lib/python3.6/site-packages/airflow/example_dags/example_task_group_decorator.py for tasks to queue
[2023-06-12 08:05:10,671] {logging_mixin.py:104} INFO - [2023-06-12 08:05:10,671] {dagbag.py:496} INFO - Filling up the DagBag from /home/airflow/.local/lib/python3.6/site-packages/airflow/example_dags/example_task_group_decorator.py
[2023-06-12 08:05:10,693] {scheduler_job.py:642} INFO - DAG(s) dict_keys(['example_task_group_decorator']) retrieved from /home/airflow/.local/lib/python3.6/site-packages/airflow/example_dags/example_task_group_decorator.py
[2023-06-12 08:05:10,858] {logging_mixin.py:104} INFO - [2023-06-12 08:05:10,858] {dag.py:1833} INFO - Sync 1 DAGs
[2023-06-12 08:05:10,869] {logging_mixin.py:104} INFO - [2023-06-12 08:05:10,869] {dag.py:2306} INFO - Setting next_dagrun for example_task_group_decorator to 2023-06-10 00:00:00+00:00
[2023-06-12 08:05:10,879] {scheduler_job.py:189} INFO - Processing /home/airflow/.local/lib/python3.6/site-packages/airflow/example_dags/example_task_group_decorator.py took 0.213 seconds
[2023-06-12 08:05:40,945] {scheduler_job.py:181} INFO - Started process (PID=1474) to work on /home/airflow/.local/lib/python3.6/site-packages/airflow/example_dags/example_task_group_decorator.py
[2023-06-12 08:05:40,946] {scheduler_job.py:632} INFO - Processing file /home/airflow/.local/lib/python3.6/site-packages/airflow/example_dags/example_task_group_decorator.py for tasks to queue
[2023-06-12 08:05:40,947] {logging_mixin.py:104} INFO - [2023-06-12 08:05:40,947] {dagbag.py:496} INFO - Filling up the DagBag from /home/airflow/.local/lib/python3.6/site-packages/airflow/example_dags/example_task_group_decorator.py
[2023-06-12 08:05:40,966] {scheduler_job.py:642} INFO - DAG(s) dict_keys(['example_task_group_decorator']) retrieved from /home/airflow/.local/lib/python3.6/site-packages/airflow/example_dags/example_task_group_decorator.py
[2023-06-12 08:05:41,121] {logging_mixin.py:104} INFO - [2023-06-12 08:05:41,120] {dag.py:1833} INFO - Sync 1 DAGs
[2023-06-12 08:05:41,131] {logging_mixin.py:104} INFO - [2023-06-12 08:05:41,131] {dag.py:2306} INFO - Setting next_dagrun for example_task_group_decorator to 2023-06-10 00:00:00+00:00
[2023-06-12 08:05:41,141] {scheduler_job.py:189} INFO - Processing /home/airflow/.local/lib/python3.6/site-packages/airflow/example_dags/example_task_group_decorator.py took 0.199 seconds
[2023-06-12 08:06:11,244] {scheduler_job.py:181} INFO - Started process (PID=1536) to work on /home/airflow/.local/lib/python3.6/site-packages/airflow/example_dags/example_task_group_decorator.py
[2023-06-12 08:06:11,245] {scheduler_job.py:632} INFO - Processing file /home/airflow/.local/lib/python3.6/site-packages/airflow/example_dags/example_task_group_decorator.py for tasks to queue
[2023-06-12 08:06:11,246] {logging_mixin.py:104} INFO - [2023-06-12 08:06:11,246] {dagbag.py:496} INFO - Filling up the DagBag from /home/airflow/.local/lib/python3.6/site-packages/airflow/example_dags/example_task_group_decorator.py
[2023-06-12 08:06:11,266] {scheduler_job.py:642} INFO - DAG(s) dict_keys(['example_task_group_decorator']) retrieved from /home/airflow/.local/lib/python3.6/site-packages/airflow/example_dags/example_task_group_decorator.py
[2023-06-12 08:06:11,417] {logging_mixin.py:104} INFO - [2023-06-12 08:06:11,417] {dag.py:1833} INFO - Sync 1 DAGs
[2023-06-12 08:06:11,427] {logging_mixin.py:104} INFO - [2023-06-12 08:06:11,427] {dag.py:2306} INFO - Setting next_dagrun for example_task_group_decorator to 2023-06-10 00:00:00+00:00
[2023-06-12 08:06:11,441] {scheduler_job.py:189} INFO - Processing /home/airflow/.local/lib/python3.6/site-packages/airflow/example_dags/example_task_group_decorator.py took 0.199 seconds
[2023-06-12 08:06:41,587] {scheduler_job.py:181} INFO - Started process (PID=1586) to work on /home/airflow/.local/lib/python3.6/site-packages/airflow/example_dags/example_task_group_decorator.py
[2023-06-12 08:06:41,588] {scheduler_job.py:632} INFO - Processing file /home/airflow/.local/lib/python3.6/site-packages/airflow/example_dags/example_task_group_decorator.py for tasks to queue
[2023-06-12 08:06:41,589] {logging_mixin.py:104} INFO - [2023-06-12 08:06:41,589] {dagbag.py:496} INFO - Filling up the DagBag from /home/airflow/.local/lib/python3.6/site-packages/airflow/example_dags/example_task_group_decorator.py
[2023-06-12 08:06:41,610] {scheduler_job.py:642} INFO - DAG(s) dict_keys(['example_task_group_decorator']) retrieved from /home/airflow/.local/lib/python3.6/site-packages/airflow/example_dags/example_task_group_decorator.py
[2023-06-12 08:06:41,783] {logging_mixin.py:104} INFO - [2023-06-12 08:06:41,783] {dag.py:1833} INFO - Sync 1 DAGs
[2023-06-12 08:06:41,795] {logging_mixin.py:104} INFO - [2023-06-12 08:06:41,795] {dag.py:2306} INFO - Setting next_dagrun for example_task_group_decorator to 2023-06-10 00:00:00+00:00
[2023-06-12 08:06:41,807] {scheduler_job.py:189} INFO - Processing /home/airflow/.local/lib/python3.6/site-packages/airflow/example_dags/example_task_group_decorator.py took 0.224 seconds
[2023-06-12 08:07:12,456] {scheduler_job.py:181} INFO - Started process (PID=1649) to work on /home/airflow/.local/lib/python3.6/site-packages/airflow/example_dags/example_task_group_decorator.py
[2023-06-12 08:07:12,457] {scheduler_job.py:632} INFO - Processing file /home/airflow/.local/lib/python3.6/site-packages/airflow/example_dags/example_task_group_decorator.py for tasks to queue
[2023-06-12 08:07:12,458] {logging_mixin.py:104} INFO - [2023-06-12 08:07:12,458] {dagbag.py:496} INFO - Filling up the DagBag from /home/airflow/.local/lib/python3.6/site-packages/airflow/example_dags/example_task_group_decorator.py
[2023-06-12 08:07:12,479] {scheduler_job.py:642} INFO - DAG(s) dict_keys(['example_task_group_decorator']) retrieved from /home/airflow/.local/lib/python3.6/site-packages/airflow/example_dags/example_task_group_decorator.py
[2023-06-12 08:07:12,651] {logging_mixin.py:104} INFO - [2023-06-12 08:07:12,651] {dag.py:1833} INFO - Sync 1 DAGs
[2023-06-12 08:07:12,664] {logging_mixin.py:104} INFO - [2023-06-12 08:07:12,664] {dag.py:2306} INFO - Setting next_dagrun for example_task_group_decorator to 2023-06-10 00:00:00+00:00
[2023-06-12 08:07:12,673] {scheduler_job.py:189} INFO - Processing /home/airflow/.local/lib/python3.6/site-packages/airflow/example_dags/example_task_group_decorator.py took 0.220 seconds
[2023-06-12 08:07:42,781] {scheduler_job.py:181} INFO - Started process (PID=1714) to work on /home/airflow/.local/lib/python3.6/site-packages/airflow/example_dags/example_task_group_decorator.py
[2023-06-12 08:07:42,783] {scheduler_job.py:632} INFO - Processing file /home/airflow/.local/lib/python3.6/site-packages/airflow/example_dags/example_task_group_decorator.py for tasks to queue
[2023-06-12 08:07:42,784] {logging_mixin.py:104} INFO - [2023-06-12 08:07:42,783] {dagbag.py:496} INFO - Filling up the DagBag from /home/airflow/.local/lib/python3.6/site-packages/airflow/example_dags/example_task_group_decorator.py
[2023-06-12 08:07:42,816] {scheduler_job.py:642} INFO - DAG(s) dict_keys(['example_task_group_decorator']) retrieved from /home/airflow/.local/lib/python3.6/site-packages/airflow/example_dags/example_task_group_decorator.py
[2023-06-12 08:07:43,013] {logging_mixin.py:104} INFO - [2023-06-12 08:07:43,012] {dag.py:1833} INFO - Sync 1 DAGs
[2023-06-12 08:07:43,026] {logging_mixin.py:104} INFO - [2023-06-12 08:07:43,026] {dag.py:2306} INFO - Setting next_dagrun for example_task_group_decorator to 2023-06-10 00:00:00+00:00
[2023-06-12 08:07:43,036] {scheduler_job.py:189} INFO - Processing /home/airflow/.local/lib/python3.6/site-packages/airflow/example_dags/example_task_group_decorator.py took 0.258 seconds
[2023-06-12 08:08:13,109] {scheduler_job.py:181} INFO - Started process (PID=1767) to work on /home/airflow/.local/lib/python3.6/site-packages/airflow/example_dags/example_task_group_decorator.py
[2023-06-12 08:08:13,110] {scheduler_job.py:632} INFO - Processing file /home/airflow/.local/lib/python3.6/site-packages/airflow/example_dags/example_task_group_decorator.py for tasks to queue
[2023-06-12 08:08:13,111] {logging_mixin.py:104} INFO - [2023-06-12 08:08:13,111] {dagbag.py:496} INFO - Filling up the DagBag from /home/airflow/.local/lib/python3.6/site-packages/airflow/example_dags/example_task_group_decorator.py
[2023-06-12 08:08:13,133] {scheduler_job.py:642} INFO - DAG(s) dict_keys(['example_task_group_decorator']) retrieved from /home/airflow/.local/lib/python3.6/site-packages/airflow/example_dags/example_task_group_decorator.py
[2023-06-12 08:08:13,295] {logging_mixin.py:104} INFO - [2023-06-12 08:08:13,295] {dag.py:1833} INFO - Sync 1 DAGs
[2023-06-12 08:08:13,306] {logging_mixin.py:104} INFO - [2023-06-12 08:08:13,306] {dag.py:2306} INFO - Setting next_dagrun for example_task_group_decorator to 2023-06-10 00:00:00+00:00
[2023-06-12 08:08:13,316] {scheduler_job.py:189} INFO - Processing /home/airflow/.local/lib/python3.6/site-packages/airflow/example_dags/example_task_group_decorator.py took 0.210 seconds
[2023-06-12 08:08:43,508] {scheduler_job.py:181} INFO - Started process (PID=1829) to work on /home/airflow/.local/lib/python3.6/site-packages/airflow/example_dags/example_task_group_decorator.py
[2023-06-12 08:08:43,509] {scheduler_job.py:632} INFO - Processing file /home/airflow/.local/lib/python3.6/site-packages/airflow/example_dags/example_task_group_decorator.py for tasks to queue
[2023-06-12 08:08:43,510] {logging_mixin.py:104} INFO - [2023-06-12 08:08:43,510] {dagbag.py:496} INFO - Filling up the DagBag from /home/airflow/.local/lib/python3.6/site-packages/airflow/example_dags/example_task_group_decorator.py
[2023-06-12 08:08:43,529] {scheduler_job.py:642} INFO - DAG(s) dict_keys(['example_task_group_decorator']) retrieved from /home/airflow/.local/lib/python3.6/site-packages/airflow/example_dags/example_task_group_decorator.py
[2023-06-12 08:08:43,681] {logging_mixin.py:104} INFO - [2023-06-12 08:08:43,681] {dag.py:1833} INFO - Sync 1 DAGs
[2023-06-12 08:08:43,692] {logging_mixin.py:104} INFO - [2023-06-12 08:08:43,692] {dag.py:2306} INFO - Setting next_dagrun for example_task_group_decorator to 2023-06-10 00:00:00+00:00
[2023-06-12 08:08:43,703] {scheduler_job.py:189} INFO - Processing /home/airflow/.local/lib/python3.6/site-packages/airflow/example_dags/example_task_group_decorator.py took 0.198 seconds
[2023-06-12 08:09:13,867] {scheduler_job.py:181} INFO - Started process (PID=1882) to work on /home/airflow/.local/lib/python3.6/site-packages/airflow/example_dags/example_task_group_decorator.py
[2023-06-12 08:09:13,868] {scheduler_job.py:632} INFO - Processing file /home/airflow/.local/lib/python3.6/site-packages/airflow/example_dags/example_task_group_decorator.py for tasks to queue
[2023-06-12 08:09:13,869] {logging_mixin.py:104} INFO - [2023-06-12 08:09:13,869] {dagbag.py:496} INFO - Filling up the DagBag from /home/airflow/.local/lib/python3.6/site-packages/airflow/example_dags/example_task_group_decorator.py
[2023-06-12 08:09:13,887] {scheduler_job.py:642} INFO - DAG(s) dict_keys(['example_task_group_decorator']) retrieved from /home/airflow/.local/lib/python3.6/site-packages/airflow/example_dags/example_task_group_decorator.py
[2023-06-12 08:09:14,033] {logging_mixin.py:104} INFO - [2023-06-12 08:09:14,033] {dag.py:1833} INFO - Sync 1 DAGs
[2023-06-12 08:09:14,043] {logging_mixin.py:104} INFO - [2023-06-12 08:09:14,043] {dag.py:2306} INFO - Setting next_dagrun for example_task_group_decorator to 2023-06-10 00:00:00+00:00
[2023-06-12 08:09:14,053] {scheduler_job.py:189} INFO - Processing /home/airflow/.local/lib/python3.6/site-packages/airflow/example_dags/example_task_group_decorator.py took 0.189 seconds
[2023-06-12 08:09:44,232] {scheduler_job.py:181} INFO - Started process (PID=1945) to work on /home/airflow/.local/lib/python3.6/site-packages/airflow/example_dags/example_task_group_decorator.py
[2023-06-12 08:09:44,233] {scheduler_job.py:632} INFO - Processing file /home/airflow/.local/lib/python3.6/site-packages/airflow/example_dags/example_task_group_decorator.py for tasks to queue
[2023-06-12 08:09:44,234] {logging_mixin.py:104} INFO - [2023-06-12 08:09:44,234] {dagbag.py:496} INFO - Filling up the DagBag from /home/airflow/.local/lib/python3.6/site-packages/airflow/example_dags/example_task_group_decorator.py
[2023-06-12 08:09:44,252] {scheduler_job.py:642} INFO - DAG(s) dict_keys(['example_task_group_decorator']) retrieved from /home/airflow/.local/lib/python3.6/site-packages/airflow/example_dags/example_task_group_decorator.py
[2023-06-12 08:09:44,397] {logging_mixin.py:104} INFO - [2023-06-12 08:09:44,397] {dag.py:1833} INFO - Sync 1 DAGs
[2023-06-12 08:09:44,408] {logging_mixin.py:104} INFO - [2023-06-12 08:09:44,408] {dag.py:2306} INFO - Setting next_dagrun for example_task_group_decorator to 2023-06-10 00:00:00+00:00
[2023-06-12 08:09:44,419] {scheduler_job.py:189} INFO - Processing /home/airflow/.local/lib/python3.6/site-packages/airflow/example_dags/example_task_group_decorator.py took 0.189 seconds
[2023-06-12 08:10:14,869] {scheduler_job.py:181} INFO - Started process (PID=2008) to work on /home/airflow/.local/lib/python3.6/site-packages/airflow/example_dags/example_task_group_decorator.py
[2023-06-12 08:10:14,870] {scheduler_job.py:632} INFO - Processing file /home/airflow/.local/lib/python3.6/site-packages/airflow/example_dags/example_task_group_decorator.py for tasks to queue
[2023-06-12 08:10:14,871] {logging_mixin.py:104} INFO - [2023-06-12 08:10:14,871] {dagbag.py:496} INFO - Filling up the DagBag from /home/airflow/.local/lib/python3.6/site-packages/airflow/example_dags/example_task_group_decorator.py
[2023-06-12 08:10:14,891] {scheduler_job.py:642} INFO - DAG(s) dict_keys(['example_task_group_decorator']) retrieved from /home/airflow/.local/lib/python3.6/site-packages/airflow/example_dags/example_task_group_decorator.py
[2023-06-12 08:10:15,041] {logging_mixin.py:104} INFO - [2023-06-12 08:10:15,041] {dag.py:1833} INFO - Sync 1 DAGs
[2023-06-12 08:10:15,053] {logging_mixin.py:104} INFO - [2023-06-12 08:10:15,053] {dag.py:2306} INFO - Setting next_dagrun for example_task_group_decorator to 2023-06-10 00:00:00+00:00
[2023-06-12 08:10:15,065] {scheduler_job.py:189} INFO - Processing /home/airflow/.local/lib/python3.6/site-packages/airflow/example_dags/example_task_group_decorator.py took 0.198 seconds
[2023-06-12 08:10:45,374] {scheduler_job.py:181} INFO - Started process (PID=2061) to work on /home/airflow/.local/lib/python3.6/site-packages/airflow/example_dags/example_task_group_decorator.py
[2023-06-12 08:10:45,376] {scheduler_job.py:632} INFO - Processing file /home/airflow/.local/lib/python3.6/site-packages/airflow/example_dags/example_task_group_decorator.py for tasks to queue
[2023-06-12 08:10:45,377] {logging_mixin.py:104} INFO - [2023-06-12 08:10:45,377] {dagbag.py:496} INFO - Filling up the DagBag from /home/airflow/.local/lib/python3.6/site-packages/airflow/example_dags/example_task_group_decorator.py
[2023-06-12 08:10:45,396] {scheduler_job.py:642} INFO - DAG(s) dict_keys(['example_task_group_decorator']) retrieved from /home/airflow/.local/lib/python3.6/site-packages/airflow/example_dags/example_task_group_decorator.py
[2023-06-12 08:10:45,572] {logging_mixin.py:104} INFO - [2023-06-12 08:10:45,571] {dag.py:1833} INFO - Sync 1 DAGs
[2023-06-12 08:10:45,585] {logging_mixin.py:104} INFO - [2023-06-12 08:10:45,584] {dag.py:2306} INFO - Setting next_dagrun for example_task_group_decorator to 2023-06-10 00:00:00+00:00
[2023-06-12 08:10:45,595] {scheduler_job.py:189} INFO - Processing /home/airflow/.local/lib/python3.6/site-packages/airflow/example_dags/example_task_group_decorator.py took 0.223 seconds
[2023-06-12 08:11:15,880] {scheduler_job.py:181} INFO - Started process (PID=2125) to work on /home/airflow/.local/lib/python3.6/site-packages/airflow/example_dags/example_task_group_decorator.py
[2023-06-12 08:11:15,881] {scheduler_job.py:632} INFO - Processing file /home/airflow/.local/lib/python3.6/site-packages/airflow/example_dags/example_task_group_decorator.py for tasks to queue
[2023-06-12 08:11:15,882] {logging_mixin.py:104} INFO - [2023-06-12 08:11:15,882] {dagbag.py:496} INFO - Filling up the DagBag from /home/airflow/.local/lib/python3.6/site-packages/airflow/example_dags/example_task_group_decorator.py
[2023-06-12 08:11:15,899] {scheduler_job.py:642} INFO - DAG(s) dict_keys(['example_task_group_decorator']) retrieved from /home/airflow/.local/lib/python3.6/site-packages/airflow/example_dags/example_task_group_decorator.py
[2023-06-12 08:11:16,048] {logging_mixin.py:104} INFO - [2023-06-12 08:11:16,047] {dag.py:1833} INFO - Sync 1 DAGs
[2023-06-12 08:11:16,058] {logging_mixin.py:104} INFO - [2023-06-12 08:11:16,058] {dag.py:2306} INFO - Setting next_dagrun for example_task_group_decorator to 2023-06-10 00:00:00+00:00
[2023-06-12 08:11:16,068] {scheduler_job.py:189} INFO - Processing /home/airflow/.local/lib/python3.6/site-packages/airflow/example_dags/example_task_group_decorator.py took 0.191 seconds
[2023-06-12 08:11:46,158] {scheduler_job.py:181} INFO - Started process (PID=2187) to work on /home/airflow/.local/lib/python3.6/site-packages/airflow/example_dags/example_task_group_decorator.py
[2023-06-12 08:11:46,160] {scheduler_job.py:632} INFO - Processing file /home/airflow/.local/lib/python3.6/site-packages/airflow/example_dags/example_task_group_decorator.py for tasks to queue
[2023-06-12 08:11:46,161] {logging_mixin.py:104} INFO - [2023-06-12 08:11:46,161] {dagbag.py:496} INFO - Filling up the DagBag from /home/airflow/.local/lib/python3.6/site-packages/airflow/example_dags/example_task_group_decorator.py
[2023-06-12 08:11:46,183] {scheduler_job.py:642} INFO - DAG(s) dict_keys(['example_task_group_decorator']) retrieved from /home/airflow/.local/lib/python3.6/site-packages/airflow/example_dags/example_task_group_decorator.py
[2023-06-12 08:11:46,352] {logging_mixin.py:104} INFO - [2023-06-12 08:11:46,351] {dag.py:1833} INFO - Sync 1 DAGs
[2023-06-12 08:11:46,363] {logging_mixin.py:104} INFO - [2023-06-12 08:11:46,363] {dag.py:2306} INFO - Setting next_dagrun for example_task_group_decorator to 2023-06-10 00:00:00+00:00
[2023-06-12 08:11:46,374] {scheduler_job.py:189} INFO - Processing /home/airflow/.local/lib/python3.6/site-packages/airflow/example_dags/example_task_group_decorator.py took 0.218 seconds
[2023-06-12 08:12:16,542] {scheduler_job.py:181} INFO - Started process (PID=2240) to work on /home/airflow/.local/lib/python3.6/site-packages/airflow/example_dags/example_task_group_decorator.py
[2023-06-12 08:12:16,544] {scheduler_job.py:632} INFO - Processing file /home/airflow/.local/lib/python3.6/site-packages/airflow/example_dags/example_task_group_decorator.py for tasks to queue
[2023-06-12 08:12:16,545] {logging_mixin.py:104} INFO - [2023-06-12 08:12:16,544] {dagbag.py:496} INFO - Filling up the DagBag from /home/airflow/.local/lib/python3.6/site-packages/airflow/example_dags/example_task_group_decorator.py
[2023-06-12 08:12:16,563] {scheduler_job.py:642} INFO - DAG(s) dict_keys(['example_task_group_decorator']) retrieved from /home/airflow/.local/lib/python3.6/site-packages/airflow/example_dags/example_task_group_decorator.py
[2023-06-12 08:12:16,722] {logging_mixin.py:104} INFO - [2023-06-12 08:12:16,722] {dag.py:1833} INFO - Sync 1 DAGs
[2023-06-12 08:12:16,734] {logging_mixin.py:104} INFO - [2023-06-12 08:12:16,734] {dag.py:2306} INFO - Setting next_dagrun for example_task_group_decorator to 2023-06-10 00:00:00+00:00
[2023-06-12 08:12:16,745] {scheduler_job.py:189} INFO - Processing /home/airflow/.local/lib/python3.6/site-packages/airflow/example_dags/example_task_group_decorator.py took 0.205 seconds
[2023-06-12 08:12:47,073] {scheduler_job.py:181} INFO - Started process (PID=2305) to work on /home/airflow/.local/lib/python3.6/site-packages/airflow/example_dags/example_task_group_decorator.py
[2023-06-12 08:12:47,075] {scheduler_job.py:632} INFO - Processing file /home/airflow/.local/lib/python3.6/site-packages/airflow/example_dags/example_task_group_decorator.py for tasks to queue
[2023-06-12 08:12:47,075] {logging_mixin.py:104} INFO - [2023-06-12 08:12:47,075] {dagbag.py:496} INFO - Filling up the DagBag from /home/airflow/.local/lib/python3.6/site-packages/airflow/example_dags/example_task_group_decorator.py
[2023-06-12 08:12:47,095] {scheduler_job.py:642} INFO - DAG(s) dict_keys(['example_task_group_decorator']) retrieved from /home/airflow/.local/lib/python3.6/site-packages/airflow/example_dags/example_task_group_decorator.py
[2023-06-12 08:12:47,264] {logging_mixin.py:104} INFO - [2023-06-12 08:12:47,264] {dag.py:1833} INFO - Sync 1 DAGs
[2023-06-12 08:12:47,277] {logging_mixin.py:104} INFO - [2023-06-12 08:12:47,276] {dag.py:2306} INFO - Setting next_dagrun for example_task_group_decorator to 2023-06-10 00:00:00+00:00
[2023-06-12 08:12:47,287] {scheduler_job.py:189} INFO - Processing /home/airflow/.local/lib/python3.6/site-packages/airflow/example_dags/example_task_group_decorator.py took 0.217 seconds
