[2023-06-12 07:53:27,976] {scheduler_job.py:181} INFO - Started process (PID=61) to work on /home/airflow/.local/lib/python3.6/site-packages/airflow/example_dags/example_nested_branch_dag.py
[2023-06-12 07:53:27,977] {scheduler_job.py:632} INFO - Processing file /home/airflow/.local/lib/python3.6/site-packages/airflow/example_dags/example_nested_branch_dag.py for tasks to queue
[2023-06-12 07:53:27,978] {logging_mixin.py:104} INFO - [2023-06-12 07:53:27,978] {dagbag.py:496} INFO - Filling up the DagBag from /home/airflow/.local/lib/python3.6/site-packages/airflow/example_dags/example_nested_branch_dag.py
[2023-06-12 07:53:27,991] {scheduler_job.py:642} INFO - DAG(s) dict_keys(['example_nested_branch_dag']) retrieved from /home/airflow/.local/lib/python3.6/site-packages/airflow/example_dags/example_nested_branch_dag.py
[2023-06-12 07:53:28,178] {logging_mixin.py:104} INFO - [2023-06-12 07:53:28,178] {dag.py:1833} INFO - Sync 1 DAGs
[2023-06-12 07:53:28,195] {logging_mixin.py:104} INFO - [2023-06-12 07:53:28,194] {dag.py:2306} INFO - Setting next_dagrun for example_nested_branch_dag to 2023-06-10 00:00:00+00:00
[2023-06-12 07:53:28,206] {scheduler_job.py:189} INFO - Processing /home/airflow/.local/lib/python3.6/site-packages/airflow/example_dags/example_nested_branch_dag.py took 0.234 seconds
[2023-06-12 07:53:58,964] {scheduler_job.py:181} INFO - Started process (PID=115) to work on /home/airflow/.local/lib/python3.6/site-packages/airflow/example_dags/example_nested_branch_dag.py
[2023-06-12 07:53:58,966] {scheduler_job.py:632} INFO - Processing file /home/airflow/.local/lib/python3.6/site-packages/airflow/example_dags/example_nested_branch_dag.py for tasks to queue
[2023-06-12 07:53:58,967] {logging_mixin.py:104} INFO - [2023-06-12 07:53:58,966] {dagbag.py:496} INFO - Filling up the DagBag from /home/airflow/.local/lib/python3.6/site-packages/airflow/example_dags/example_nested_branch_dag.py
[2023-06-12 07:53:58,978] {scheduler_job.py:642} INFO - DAG(s) dict_keys(['example_nested_branch_dag']) retrieved from /home/airflow/.local/lib/python3.6/site-packages/airflow/example_dags/example_nested_branch_dag.py
[2023-06-12 07:53:58,995] {logging_mixin.py:104} INFO - [2023-06-12 07:53:58,995] {dag.py:1833} INFO - Sync 1 DAGs
[2023-06-12 07:53:59,010] {logging_mixin.py:104} INFO - [2023-06-12 07:53:59,010] {dag.py:2306} INFO - Setting next_dagrun for example_nested_branch_dag to 2023-06-10 00:00:00+00:00
[2023-06-12 07:53:59,019] {scheduler_job.py:189} INFO - Processing /home/airflow/.local/lib/python3.6/site-packages/airflow/example_dags/example_nested_branch_dag.py took 0.057 seconds
[2023-06-12 07:54:29,401] {scheduler_job.py:181} INFO - Started process (PID=178) to work on /home/airflow/.local/lib/python3.6/site-packages/airflow/example_dags/example_nested_branch_dag.py
[2023-06-12 07:54:29,403] {scheduler_job.py:632} INFO - Processing file /home/airflow/.local/lib/python3.6/site-packages/airflow/example_dags/example_nested_branch_dag.py for tasks to queue
[2023-06-12 07:54:29,404] {logging_mixin.py:104} INFO - [2023-06-12 07:54:29,404] {dagbag.py:496} INFO - Filling up the DagBag from /home/airflow/.local/lib/python3.6/site-packages/airflow/example_dags/example_nested_branch_dag.py
[2023-06-12 07:54:29,420] {scheduler_job.py:642} INFO - DAG(s) dict_keys(['example_nested_branch_dag']) retrieved from /home/airflow/.local/lib/python3.6/site-packages/airflow/example_dags/example_nested_branch_dag.py
[2023-06-12 07:54:29,439] {logging_mixin.py:104} INFO - [2023-06-12 07:54:29,439] {dag.py:1833} INFO - Sync 1 DAGs
[2023-06-12 07:54:29,454] {logging_mixin.py:104} INFO - [2023-06-12 07:54:29,454] {dag.py:2306} INFO - Setting next_dagrun for example_nested_branch_dag to 2023-06-10 00:00:00+00:00
[2023-06-12 07:54:29,464] {scheduler_job.py:189} INFO - Processing /home/airflow/.local/lib/python3.6/site-packages/airflow/example_dags/example_nested_branch_dag.py took 0.066 seconds
[2023-06-12 07:55:00,350] {scheduler_job.py:181} INFO - Started process (PID=231) to work on /home/airflow/.local/lib/python3.6/site-packages/airflow/example_dags/example_nested_branch_dag.py
[2023-06-12 07:55:00,352] {scheduler_job.py:632} INFO - Processing file /home/airflow/.local/lib/python3.6/site-packages/airflow/example_dags/example_nested_branch_dag.py for tasks to queue
[2023-06-12 07:55:00,352] {logging_mixin.py:104} INFO - [2023-06-12 07:55:00,352] {dagbag.py:496} INFO - Filling up the DagBag from /home/airflow/.local/lib/python3.6/site-packages/airflow/example_dags/example_nested_branch_dag.py
[2023-06-12 07:55:00,363] {scheduler_job.py:642} INFO - DAG(s) dict_keys(['example_nested_branch_dag']) retrieved from /home/airflow/.local/lib/python3.6/site-packages/airflow/example_dags/example_nested_branch_dag.py
[2023-06-12 07:55:00,380] {logging_mixin.py:104} INFO - [2023-06-12 07:55:00,379] {dag.py:1833} INFO - Sync 1 DAGs
[2023-06-12 07:55:00,392] {logging_mixin.py:104} INFO - [2023-06-12 07:55:00,392] {dag.py:2306} INFO - Setting next_dagrun for example_nested_branch_dag to 2023-06-10 00:00:00+00:00
[2023-06-12 07:55:00,401] {scheduler_job.py:189} INFO - Processing /home/airflow/.local/lib/python3.6/site-packages/airflow/example_dags/example_nested_branch_dag.py took 0.053 seconds
[2023-06-12 07:55:30,819] {scheduler_job.py:181} INFO - Started process (PID=294) to work on /home/airflow/.local/lib/python3.6/site-packages/airflow/example_dags/example_nested_branch_dag.py
[2023-06-12 07:55:30,820] {scheduler_job.py:632} INFO - Processing file /home/airflow/.local/lib/python3.6/site-packages/airflow/example_dags/example_nested_branch_dag.py for tasks to queue
[2023-06-12 07:55:30,821] {logging_mixin.py:104} INFO - [2023-06-12 07:55:30,821] {dagbag.py:496} INFO - Filling up the DagBag from /home/airflow/.local/lib/python3.6/site-packages/airflow/example_dags/example_nested_branch_dag.py
[2023-06-12 07:55:30,831] {scheduler_job.py:642} INFO - DAG(s) dict_keys(['example_nested_branch_dag']) retrieved from /home/airflow/.local/lib/python3.6/site-packages/airflow/example_dags/example_nested_branch_dag.py
[2023-06-12 07:55:30,847] {logging_mixin.py:104} INFO - [2023-06-12 07:55:30,847] {dag.py:1833} INFO - Sync 1 DAGs
[2023-06-12 07:55:30,860] {logging_mixin.py:104} INFO - [2023-06-12 07:55:30,860] {dag.py:2306} INFO - Setting next_dagrun for example_nested_branch_dag to 2023-06-10 00:00:00+00:00
[2023-06-12 07:55:30,870] {scheduler_job.py:189} INFO - Processing /home/airflow/.local/lib/python3.6/site-packages/airflow/example_dags/example_nested_branch_dag.py took 0.053 seconds
[2023-06-12 07:56:01,248] {scheduler_job.py:181} INFO - Started process (PID=357) to work on /home/airflow/.local/lib/python3.6/site-packages/airflow/example_dags/example_nested_branch_dag.py
[2023-06-12 07:56:01,250] {scheduler_job.py:632} INFO - Processing file /home/airflow/.local/lib/python3.6/site-packages/airflow/example_dags/example_nested_branch_dag.py for tasks to queue
[2023-06-12 07:56:01,251] {logging_mixin.py:104} INFO - [2023-06-12 07:56:01,251] {dagbag.py:496} INFO - Filling up the DagBag from /home/airflow/.local/lib/python3.6/site-packages/airflow/example_dags/example_nested_branch_dag.py
[2023-06-12 07:56:01,261] {scheduler_job.py:642} INFO - DAG(s) dict_keys(['example_nested_branch_dag']) retrieved from /home/airflow/.local/lib/python3.6/site-packages/airflow/example_dags/example_nested_branch_dag.py
[2023-06-12 07:56:01,278] {logging_mixin.py:104} INFO - [2023-06-12 07:56:01,278] {dag.py:1833} INFO - Sync 1 DAGs
[2023-06-12 07:56:01,291] {logging_mixin.py:104} INFO - [2023-06-12 07:56:01,291] {dag.py:2306} INFO - Setting next_dagrun for example_nested_branch_dag to 2023-06-10 00:00:00+00:00
[2023-06-12 07:56:01,301] {scheduler_job.py:189} INFO - Processing /home/airflow/.local/lib/python3.6/site-packages/airflow/example_dags/example_nested_branch_dag.py took 0.055 seconds
[2023-06-12 07:56:31,814] {scheduler_job.py:181} INFO - Started process (PID=410) to work on /home/airflow/.local/lib/python3.6/site-packages/airflow/example_dags/example_nested_branch_dag.py
[2023-06-12 07:56:31,816] {scheduler_job.py:632} INFO - Processing file /home/airflow/.local/lib/python3.6/site-packages/airflow/example_dags/example_nested_branch_dag.py for tasks to queue
[2023-06-12 07:56:31,817] {logging_mixin.py:104} INFO - [2023-06-12 07:56:31,816] {dagbag.py:496} INFO - Filling up the DagBag from /home/airflow/.local/lib/python3.6/site-packages/airflow/example_dags/example_nested_branch_dag.py
[2023-06-12 07:56:31,828] {scheduler_job.py:642} INFO - DAG(s) dict_keys(['example_nested_branch_dag']) retrieved from /home/airflow/.local/lib/python3.6/site-packages/airflow/example_dags/example_nested_branch_dag.py
[2023-06-12 07:56:31,849] {logging_mixin.py:104} INFO - [2023-06-12 07:56:31,849] {dag.py:1833} INFO - Sync 1 DAGs
[2023-06-12 07:56:31,869] {logging_mixin.py:104} INFO - [2023-06-12 07:56:31,869] {dag.py:2306} INFO - Setting next_dagrun for example_nested_branch_dag to 2023-06-10 00:00:00+00:00
[2023-06-12 07:56:31,879] {scheduler_job.py:189} INFO - Processing /home/airflow/.local/lib/python3.6/site-packages/airflow/example_dags/example_nested_branch_dag.py took 0.068 seconds
[2023-06-12 07:57:02,687] {scheduler_job.py:181} INFO - Started process (PID=473) to work on /home/airflow/.local/lib/python3.6/site-packages/airflow/example_dags/example_nested_branch_dag.py
[2023-06-12 07:57:02,688] {scheduler_job.py:632} INFO - Processing file /home/airflow/.local/lib/python3.6/site-packages/airflow/example_dags/example_nested_branch_dag.py for tasks to queue
[2023-06-12 07:57:02,689] {logging_mixin.py:104} INFO - [2023-06-12 07:57:02,689] {dagbag.py:496} INFO - Filling up the DagBag from /home/airflow/.local/lib/python3.6/site-packages/airflow/example_dags/example_nested_branch_dag.py
[2023-06-12 07:57:02,708] {scheduler_job.py:642} INFO - DAG(s) dict_keys(['example_nested_branch_dag']) retrieved from /home/airflow/.local/lib/python3.6/site-packages/airflow/example_dags/example_nested_branch_dag.py
[2023-06-12 07:57:02,732] {logging_mixin.py:104} INFO - [2023-06-12 07:57:02,732] {dag.py:1833} INFO - Sync 1 DAGs
[2023-06-12 07:57:02,746] {logging_mixin.py:104} INFO - [2023-06-12 07:57:02,746] {dag.py:2306} INFO - Setting next_dagrun for example_nested_branch_dag to 2023-06-10 00:00:00+00:00
[2023-06-12 07:57:02,755] {scheduler_job.py:189} INFO - Processing /home/airflow/.local/lib/python3.6/site-packages/airflow/example_dags/example_nested_branch_dag.py took 0.072 seconds
[2023-06-12 07:57:32,908] {scheduler_job.py:181} INFO - Started process (PID=526) to work on /home/airflow/.local/lib/python3.6/site-packages/airflow/example_dags/example_nested_branch_dag.py
[2023-06-12 07:57:32,909] {scheduler_job.py:632} INFO - Processing file /home/airflow/.local/lib/python3.6/site-packages/airflow/example_dags/example_nested_branch_dag.py for tasks to queue
[2023-06-12 07:57:32,910] {logging_mixin.py:104} INFO - [2023-06-12 07:57:32,910] {dagbag.py:496} INFO - Filling up the DagBag from /home/airflow/.local/lib/python3.6/site-packages/airflow/example_dags/example_nested_branch_dag.py
[2023-06-12 07:57:32,921] {scheduler_job.py:642} INFO - DAG(s) dict_keys(['example_nested_branch_dag']) retrieved from /home/airflow/.local/lib/python3.6/site-packages/airflow/example_dags/example_nested_branch_dag.py
[2023-06-12 07:57:32,939] {logging_mixin.py:104} INFO - [2023-06-12 07:57:32,939] {dag.py:1833} INFO - Sync 1 DAGs
[2023-06-12 07:57:32,956] {logging_mixin.py:104} INFO - [2023-06-12 07:57:32,956] {dag.py:2306} INFO - Setting next_dagrun for example_nested_branch_dag to 2023-06-10 00:00:00+00:00
[2023-06-12 07:57:32,965] {scheduler_job.py:189} INFO - Processing /home/airflow/.local/lib/python3.6/site-packages/airflow/example_dags/example_nested_branch_dag.py took 0.060 seconds
[2023-06-12 07:58:03,079] {scheduler_job.py:181} INFO - Started process (PID=589) to work on /home/airflow/.local/lib/python3.6/site-packages/airflow/example_dags/example_nested_branch_dag.py
[2023-06-12 07:58:03,080] {scheduler_job.py:632} INFO - Processing file /home/airflow/.local/lib/python3.6/site-packages/airflow/example_dags/example_nested_branch_dag.py for tasks to queue
[2023-06-12 07:58:03,081] {logging_mixin.py:104} INFO - [2023-06-12 07:58:03,081] {dagbag.py:496} INFO - Filling up the DagBag from /home/airflow/.local/lib/python3.6/site-packages/airflow/example_dags/example_nested_branch_dag.py
[2023-06-12 07:58:03,093] {scheduler_job.py:642} INFO - DAG(s) dict_keys(['example_nested_branch_dag']) retrieved from /home/airflow/.local/lib/python3.6/site-packages/airflow/example_dags/example_nested_branch_dag.py
[2023-06-12 07:58:03,115] {logging_mixin.py:104} INFO - [2023-06-12 07:58:03,115] {dag.py:1833} INFO - Sync 1 DAGs
[2023-06-12 07:58:03,131] {logging_mixin.py:104} INFO - [2023-06-12 07:58:03,131] {dag.py:2306} INFO - Setting next_dagrun for example_nested_branch_dag to 2023-06-10 00:00:00+00:00
[2023-06-12 07:58:03,141] {scheduler_job.py:189} INFO - Processing /home/airflow/.local/lib/python3.6/site-packages/airflow/example_dags/example_nested_branch_dag.py took 0.065 seconds
[2023-06-12 07:58:33,478] {scheduler_job.py:181} INFO - Started process (PID=652) to work on /home/airflow/.local/lib/python3.6/site-packages/airflow/example_dags/example_nested_branch_dag.py
[2023-06-12 07:58:33,480] {scheduler_job.py:632} INFO - Processing file /home/airflow/.local/lib/python3.6/site-packages/airflow/example_dags/example_nested_branch_dag.py for tasks to queue
[2023-06-12 07:58:33,482] {logging_mixin.py:104} INFO - [2023-06-12 07:58:33,482] {dagbag.py:496} INFO - Filling up the DagBag from /home/airflow/.local/lib/python3.6/site-packages/airflow/example_dags/example_nested_branch_dag.py
[2023-06-12 07:58:33,498] {scheduler_job.py:642} INFO - DAG(s) dict_keys(['example_nested_branch_dag']) retrieved from /home/airflow/.local/lib/python3.6/site-packages/airflow/example_dags/example_nested_branch_dag.py
[2023-06-12 07:58:33,523] {logging_mixin.py:104} INFO - [2023-06-12 07:58:33,523] {dag.py:1833} INFO - Sync 1 DAGs
[2023-06-12 07:58:33,549] {logging_mixin.py:104} INFO - [2023-06-12 07:58:33,549] {dag.py:2306} INFO - Setting next_dagrun for example_nested_branch_dag to 2023-06-10 00:00:00+00:00
[2023-06-12 07:58:33,558] {scheduler_job.py:189} INFO - Processing /home/airflow/.local/lib/python3.6/site-packages/airflow/example_dags/example_nested_branch_dag.py took 0.084 seconds
[2023-06-12 07:59:04,510] {scheduler_job.py:181} INFO - Started process (PID=705) to work on /home/airflow/.local/lib/python3.6/site-packages/airflow/example_dags/example_nested_branch_dag.py
[2023-06-12 07:59:04,512] {scheduler_job.py:632} INFO - Processing file /home/airflow/.local/lib/python3.6/site-packages/airflow/example_dags/example_nested_branch_dag.py for tasks to queue
[2023-06-12 07:59:04,513] {logging_mixin.py:104} INFO - [2023-06-12 07:59:04,513] {dagbag.py:496} INFO - Filling up the DagBag from /home/airflow/.local/lib/python3.6/site-packages/airflow/example_dags/example_nested_branch_dag.py
[2023-06-12 07:59:04,525] {scheduler_job.py:642} INFO - DAG(s) dict_keys(['example_nested_branch_dag']) retrieved from /home/airflow/.local/lib/python3.6/site-packages/airflow/example_dags/example_nested_branch_dag.py
[2023-06-12 07:59:04,544] {logging_mixin.py:104} INFO - [2023-06-12 07:59:04,544] {dag.py:1833} INFO - Sync 1 DAGs
[2023-06-12 07:59:04,561] {logging_mixin.py:104} INFO - [2023-06-12 07:59:04,561] {dag.py:2306} INFO - Setting next_dagrun for example_nested_branch_dag to 2023-06-10 00:00:00+00:00
[2023-06-12 07:59:04,570] {scheduler_job.py:189} INFO - Processing /home/airflow/.local/lib/python3.6/site-packages/airflow/example_dags/example_nested_branch_dag.py took 0.062 seconds
[2023-06-12 07:59:35,409] {scheduler_job.py:181} INFO - Started process (PID=768) to work on /home/airflow/.local/lib/python3.6/site-packages/airflow/example_dags/example_nested_branch_dag.py
[2023-06-12 07:59:35,410] {scheduler_job.py:632} INFO - Processing file /home/airflow/.local/lib/python3.6/site-packages/airflow/example_dags/example_nested_branch_dag.py for tasks to queue
[2023-06-12 07:59:35,411] {logging_mixin.py:104} INFO - [2023-06-12 07:59:35,411] {dagbag.py:496} INFO - Filling up the DagBag from /home/airflow/.local/lib/python3.6/site-packages/airflow/example_dags/example_nested_branch_dag.py
[2023-06-12 07:59:35,422] {scheduler_job.py:642} INFO - DAG(s) dict_keys(['example_nested_branch_dag']) retrieved from /home/airflow/.local/lib/python3.6/site-packages/airflow/example_dags/example_nested_branch_dag.py
[2023-06-12 07:59:35,438] {logging_mixin.py:104} INFO - [2023-06-12 07:59:35,438] {dag.py:1833} INFO - Sync 1 DAGs
[2023-06-12 07:59:35,452] {logging_mixin.py:104} INFO - [2023-06-12 07:59:35,452] {dag.py:2306} INFO - Setting next_dagrun for example_nested_branch_dag to 2023-06-10 00:00:00+00:00
[2023-06-12 07:59:35,460] {scheduler_job.py:189} INFO - Processing /home/airflow/.local/lib/python3.6/site-packages/airflow/example_dags/example_nested_branch_dag.py took 0.054 seconds
[2023-06-12 08:00:06,318] {scheduler_job.py:181} INFO - Started process (PID=831) to work on /home/airflow/.local/lib/python3.6/site-packages/airflow/example_dags/example_nested_branch_dag.py
[2023-06-12 08:00:06,319] {scheduler_job.py:632} INFO - Processing file /home/airflow/.local/lib/python3.6/site-packages/airflow/example_dags/example_nested_branch_dag.py for tasks to queue
[2023-06-12 08:00:06,321] {logging_mixin.py:104} INFO - [2023-06-12 08:00:06,321] {dagbag.py:496} INFO - Filling up the DagBag from /home/airflow/.local/lib/python3.6/site-packages/airflow/example_dags/example_nested_branch_dag.py
[2023-06-12 08:00:06,333] {scheduler_job.py:642} INFO - DAG(s) dict_keys(['example_nested_branch_dag']) retrieved from /home/airflow/.local/lib/python3.6/site-packages/airflow/example_dags/example_nested_branch_dag.py
[2023-06-12 08:00:06,352] {logging_mixin.py:104} INFO - [2023-06-12 08:00:06,352] {dag.py:1833} INFO - Sync 1 DAGs
[2023-06-12 08:00:06,370] {logging_mixin.py:104} INFO - [2023-06-12 08:00:06,370] {dag.py:2306} INFO - Setting next_dagrun for example_nested_branch_dag to 2023-06-10 00:00:00+00:00
[2023-06-12 08:00:06,379] {scheduler_job.py:189} INFO - Processing /home/airflow/.local/lib/python3.6/site-packages/airflow/example_dags/example_nested_branch_dag.py took 0.064 seconds
[2023-06-12 08:00:36,618] {scheduler_job.py:181} INFO - Started process (PID=884) to work on /home/airflow/.local/lib/python3.6/site-packages/airflow/example_dags/example_nested_branch_dag.py
[2023-06-12 08:00:36,620] {scheduler_job.py:632} INFO - Processing file /home/airflow/.local/lib/python3.6/site-packages/airflow/example_dags/example_nested_branch_dag.py for tasks to queue
[2023-06-12 08:00:36,621] {logging_mixin.py:104} INFO - [2023-06-12 08:00:36,620] {dagbag.py:496} INFO - Filling up the DagBag from /home/airflow/.local/lib/python3.6/site-packages/airflow/example_dags/example_nested_branch_dag.py
[2023-06-12 08:00:36,632] {scheduler_job.py:642} INFO - DAG(s) dict_keys(['example_nested_branch_dag']) retrieved from /home/airflow/.local/lib/python3.6/site-packages/airflow/example_dags/example_nested_branch_dag.py
[2023-06-12 08:00:36,652] {logging_mixin.py:104} INFO - [2023-06-12 08:00:36,652] {dag.py:1833} INFO - Sync 1 DAGs
[2023-06-12 08:00:36,669] {logging_mixin.py:104} INFO - [2023-06-12 08:00:36,669] {dag.py:2306} INFO - Setting next_dagrun for example_nested_branch_dag to 2023-06-10 00:00:00+00:00
[2023-06-12 08:00:36,680] {scheduler_job.py:189} INFO - Processing /home/airflow/.local/lib/python3.6/site-packages/airflow/example_dags/example_nested_branch_dag.py took 0.065 seconds
[2023-06-12 08:01:07,483] {scheduler_job.py:181} INFO - Started process (PID=947) to work on /home/airflow/.local/lib/python3.6/site-packages/airflow/example_dags/example_nested_branch_dag.py
[2023-06-12 08:01:07,484] {scheduler_job.py:632} INFO - Processing file /home/airflow/.local/lib/python3.6/site-packages/airflow/example_dags/example_nested_branch_dag.py for tasks to queue
[2023-06-12 08:01:07,485] {logging_mixin.py:104} INFO - [2023-06-12 08:01:07,485] {dagbag.py:496} INFO - Filling up the DagBag from /home/airflow/.local/lib/python3.6/site-packages/airflow/example_dags/example_nested_branch_dag.py
[2023-06-12 08:01:07,496] {scheduler_job.py:642} INFO - DAG(s) dict_keys(['example_nested_branch_dag']) retrieved from /home/airflow/.local/lib/python3.6/site-packages/airflow/example_dags/example_nested_branch_dag.py
[2023-06-12 08:01:07,516] {logging_mixin.py:104} INFO - [2023-06-12 08:01:07,516] {dag.py:1833} INFO - Sync 1 DAGs
[2023-06-12 08:01:07,531] {logging_mixin.py:104} INFO - [2023-06-12 08:01:07,531] {dag.py:2306} INFO - Setting next_dagrun for example_nested_branch_dag to 2023-06-10 00:00:00+00:00
[2023-06-12 08:01:07,540] {scheduler_job.py:189} INFO - Processing /home/airflow/.local/lib/python3.6/site-packages/airflow/example_dags/example_nested_branch_dag.py took 0.060 seconds
[2023-06-12 08:01:38,334] {scheduler_job.py:181} INFO - Started process (PID=1000) to work on /home/airflow/.local/lib/python3.6/site-packages/airflow/example_dags/example_nested_branch_dag.py
[2023-06-12 08:01:38,335] {scheduler_job.py:632} INFO - Processing file /home/airflow/.local/lib/python3.6/site-packages/airflow/example_dags/example_nested_branch_dag.py for tasks to queue
[2023-06-12 08:01:38,336] {logging_mixin.py:104} INFO - [2023-06-12 08:01:38,336] {dagbag.py:496} INFO - Filling up the DagBag from /home/airflow/.local/lib/python3.6/site-packages/airflow/example_dags/example_nested_branch_dag.py
[2023-06-12 08:01:38,347] {scheduler_job.py:642} INFO - DAG(s) dict_keys(['example_nested_branch_dag']) retrieved from /home/airflow/.local/lib/python3.6/site-packages/airflow/example_dags/example_nested_branch_dag.py
[2023-06-12 08:01:38,362] {logging_mixin.py:104} INFO - [2023-06-12 08:01:38,362] {dag.py:1833} INFO - Sync 1 DAGs
[2023-06-12 08:01:38,378] {logging_mixin.py:104} INFO - [2023-06-12 08:01:38,378] {dag.py:2306} INFO - Setting next_dagrun for example_nested_branch_dag to 2023-06-10 00:00:00+00:00
[2023-06-12 08:01:38,386] {scheduler_job.py:189} INFO - Processing /home/airflow/.local/lib/python3.6/site-packages/airflow/example_dags/example_nested_branch_dag.py took 0.055 seconds
[2023-06-12 08:02:08,607] {scheduler_job.py:181} INFO - Started process (PID=1063) to work on /home/airflow/.local/lib/python3.6/site-packages/airflow/example_dags/example_nested_branch_dag.py
[2023-06-12 08:02:08,608] {scheduler_job.py:632} INFO - Processing file /home/airflow/.local/lib/python3.6/site-packages/airflow/example_dags/example_nested_branch_dag.py for tasks to queue
[2023-06-12 08:02:08,609] {logging_mixin.py:104} INFO - [2023-06-12 08:02:08,609] {dagbag.py:496} INFO - Filling up the DagBag from /home/airflow/.local/lib/python3.6/site-packages/airflow/example_dags/example_nested_branch_dag.py
[2023-06-12 08:02:08,627] {scheduler_job.py:642} INFO - DAG(s) dict_keys(['example_nested_branch_dag']) retrieved from /home/airflow/.local/lib/python3.6/site-packages/airflow/example_dags/example_nested_branch_dag.py
[2023-06-12 08:02:08,647] {logging_mixin.py:104} INFO - [2023-06-12 08:02:08,647] {dag.py:1833} INFO - Sync 1 DAGs
[2023-06-12 08:02:08,665] {logging_mixin.py:104} INFO - [2023-06-12 08:02:08,665] {dag.py:2306} INFO - Setting next_dagrun for example_nested_branch_dag to 2023-06-10 00:00:00+00:00
[2023-06-12 08:02:08,676] {scheduler_job.py:189} INFO - Processing /home/airflow/.local/lib/python3.6/site-packages/airflow/example_dags/example_nested_branch_dag.py took 0.072 seconds
[2023-06-12 08:02:38,908] {scheduler_job.py:181} INFO - Started process (PID=1126) to work on /home/airflow/.local/lib/python3.6/site-packages/airflow/example_dags/example_nested_branch_dag.py
[2023-06-12 08:02:38,909] {scheduler_job.py:632} INFO - Processing file /home/airflow/.local/lib/python3.6/site-packages/airflow/example_dags/example_nested_branch_dag.py for tasks to queue
[2023-06-12 08:02:38,910] {logging_mixin.py:104} INFO - [2023-06-12 08:02:38,910] {dagbag.py:496} INFO - Filling up the DagBag from /home/airflow/.local/lib/python3.6/site-packages/airflow/example_dags/example_nested_branch_dag.py
[2023-06-12 08:02:38,922] {scheduler_job.py:642} INFO - DAG(s) dict_keys(['example_nested_branch_dag']) retrieved from /home/airflow/.local/lib/python3.6/site-packages/airflow/example_dags/example_nested_branch_dag.py
[2023-06-12 08:02:38,941] {logging_mixin.py:104} INFO - [2023-06-12 08:02:38,941] {dag.py:1833} INFO - Sync 1 DAGs
[2023-06-12 08:02:38,957] {logging_mixin.py:104} INFO - [2023-06-12 08:02:38,956] {dag.py:2306} INFO - Setting next_dagrun for example_nested_branch_dag to 2023-06-10 00:00:00+00:00
[2023-06-12 08:02:38,969] {scheduler_job.py:189} INFO - Processing /home/airflow/.local/lib/python3.6/site-packages/airflow/example_dags/example_nested_branch_dag.py took 0.063 seconds
[2023-06-12 08:03:09,200] {scheduler_job.py:181} INFO - Started process (PID=1179) to work on /home/airflow/.local/lib/python3.6/site-packages/airflow/example_dags/example_nested_branch_dag.py
[2023-06-12 08:03:09,201] {scheduler_job.py:632} INFO - Processing file /home/airflow/.local/lib/python3.6/site-packages/airflow/example_dags/example_nested_branch_dag.py for tasks to queue
[2023-06-12 08:03:09,202] {logging_mixin.py:104} INFO - [2023-06-12 08:03:09,202] {dagbag.py:496} INFO - Filling up the DagBag from /home/airflow/.local/lib/python3.6/site-packages/airflow/example_dags/example_nested_branch_dag.py
[2023-06-12 08:03:09,215] {scheduler_job.py:642} INFO - DAG(s) dict_keys(['example_nested_branch_dag']) retrieved from /home/airflow/.local/lib/python3.6/site-packages/airflow/example_dags/example_nested_branch_dag.py
[2023-06-12 08:03:09,233] {logging_mixin.py:104} INFO - [2023-06-12 08:03:09,233] {dag.py:1833} INFO - Sync 1 DAGs
[2023-06-12 08:03:09,248] {logging_mixin.py:104} INFO - [2023-06-12 08:03:09,248] {dag.py:2306} INFO - Setting next_dagrun for example_nested_branch_dag to 2023-06-10 00:00:00+00:00
[2023-06-12 08:03:09,258] {scheduler_job.py:189} INFO - Processing /home/airflow/.local/lib/python3.6/site-packages/airflow/example_dags/example_nested_branch_dag.py took 0.060 seconds
[2023-06-12 08:03:39,524] {scheduler_job.py:181} INFO - Started process (PID=1241) to work on /home/airflow/.local/lib/python3.6/site-packages/airflow/example_dags/example_nested_branch_dag.py
[2023-06-12 08:03:39,526] {scheduler_job.py:632} INFO - Processing file /home/airflow/.local/lib/python3.6/site-packages/airflow/example_dags/example_nested_branch_dag.py for tasks to queue
[2023-06-12 08:03:39,527] {logging_mixin.py:104} INFO - [2023-06-12 08:03:39,527] {dagbag.py:496} INFO - Filling up the DagBag from /home/airflow/.local/lib/python3.6/site-packages/airflow/example_dags/example_nested_branch_dag.py
[2023-06-12 08:03:39,543] {scheduler_job.py:642} INFO - DAG(s) dict_keys(['example_nested_branch_dag']) retrieved from /home/airflow/.local/lib/python3.6/site-packages/airflow/example_dags/example_nested_branch_dag.py
[2023-06-12 08:03:39,561] {logging_mixin.py:104} INFO - [2023-06-12 08:03:39,561] {dag.py:1833} INFO - Sync 1 DAGs
[2023-06-12 08:03:39,579] {logging_mixin.py:104} INFO - [2023-06-12 08:03:39,579] {dag.py:2306} INFO - Setting next_dagrun for example_nested_branch_dag to 2023-06-10 00:00:00+00:00
[2023-06-12 08:03:39,588] {scheduler_job.py:189} INFO - Processing /home/airflow/.local/lib/python3.6/site-packages/airflow/example_dags/example_nested_branch_dag.py took 0.068 seconds
[2023-06-12 08:04:09,944] {scheduler_job.py:181} INFO - Started process (PID=1296) to work on /home/airflow/.local/lib/python3.6/site-packages/airflow/example_dags/example_nested_branch_dag.py
[2023-06-12 08:04:09,946] {scheduler_job.py:632} INFO - Processing file /home/airflow/.local/lib/python3.6/site-packages/airflow/example_dags/example_nested_branch_dag.py for tasks to queue
[2023-06-12 08:04:09,947] {logging_mixin.py:104} INFO - [2023-06-12 08:04:09,947] {dagbag.py:496} INFO - Filling up the DagBag from /home/airflow/.local/lib/python3.6/site-packages/airflow/example_dags/example_nested_branch_dag.py
[2023-06-12 08:04:09,959] {scheduler_job.py:642} INFO - DAG(s) dict_keys(['example_nested_branch_dag']) retrieved from /home/airflow/.local/lib/python3.6/site-packages/airflow/example_dags/example_nested_branch_dag.py
[2023-06-12 08:04:09,977] {logging_mixin.py:104} INFO - [2023-06-12 08:04:09,977] {dag.py:1833} INFO - Sync 1 DAGs
[2023-06-12 08:04:09,991] {logging_mixin.py:104} INFO - [2023-06-12 08:04:09,991] {dag.py:2306} INFO - Setting next_dagrun for example_nested_branch_dag to 2023-06-10 00:00:00+00:00
[2023-06-12 08:04:10,000] {scheduler_job.py:189} INFO - Processing /home/airflow/.local/lib/python3.6/site-packages/airflow/example_dags/example_nested_branch_dag.py took 0.059 seconds
[2023-06-12 08:04:40,405] {scheduler_job.py:181} INFO - Started process (PID=1359) to work on /home/airflow/.local/lib/python3.6/site-packages/airflow/example_dags/example_nested_branch_dag.py
[2023-06-12 08:04:40,406] {scheduler_job.py:632} INFO - Processing file /home/airflow/.local/lib/python3.6/site-packages/airflow/example_dags/example_nested_branch_dag.py for tasks to queue
[2023-06-12 08:04:40,407] {logging_mixin.py:104} INFO - [2023-06-12 08:04:40,407] {dagbag.py:496} INFO - Filling up the DagBag from /home/airflow/.local/lib/python3.6/site-packages/airflow/example_dags/example_nested_branch_dag.py
[2023-06-12 08:04:40,421] {scheduler_job.py:642} INFO - DAG(s) dict_keys(['example_nested_branch_dag']) retrieved from /home/airflow/.local/lib/python3.6/site-packages/airflow/example_dags/example_nested_branch_dag.py
[2023-06-12 08:04:40,439] {logging_mixin.py:104} INFO - [2023-06-12 08:04:40,439] {dag.py:1833} INFO - Sync 1 DAGs
[2023-06-12 08:04:40,455] {logging_mixin.py:104} INFO - [2023-06-12 08:04:40,455] {dag.py:2306} INFO - Setting next_dagrun for example_nested_branch_dag to 2023-06-10 00:00:00+00:00
[2023-06-12 08:04:40,465] {scheduler_job.py:189} INFO - Processing /home/airflow/.local/lib/python3.6/site-packages/airflow/example_dags/example_nested_branch_dag.py took 0.063 seconds
[2023-06-12 08:05:10,834] {scheduler_job.py:181} INFO - Started process (PID=1422) to work on /home/airflow/.local/lib/python3.6/site-packages/airflow/example_dags/example_nested_branch_dag.py
[2023-06-12 08:05:10,836] {scheduler_job.py:632} INFO - Processing file /home/airflow/.local/lib/python3.6/site-packages/airflow/example_dags/example_nested_branch_dag.py for tasks to queue
[2023-06-12 08:05:10,837] {logging_mixin.py:104} INFO - [2023-06-12 08:05:10,836] {dagbag.py:496} INFO - Filling up the DagBag from /home/airflow/.local/lib/python3.6/site-packages/airflow/example_dags/example_nested_branch_dag.py
[2023-06-12 08:05:10,849] {scheduler_job.py:642} INFO - DAG(s) dict_keys(['example_nested_branch_dag']) retrieved from /home/airflow/.local/lib/python3.6/site-packages/airflow/example_dags/example_nested_branch_dag.py
[2023-06-12 08:05:10,866] {logging_mixin.py:104} INFO - [2023-06-12 08:05:10,866] {dag.py:1833} INFO - Sync 1 DAGs
[2023-06-12 08:05:10,880] {logging_mixin.py:104} INFO - [2023-06-12 08:05:10,880] {dag.py:2306} INFO - Setting next_dagrun for example_nested_branch_dag to 2023-06-10 00:00:00+00:00
[2023-06-12 08:05:10,889] {scheduler_job.py:189} INFO - Processing /home/airflow/.local/lib/python3.6/site-packages/airflow/example_dags/example_nested_branch_dag.py took 0.057 seconds
[2023-06-12 08:05:41,010] {scheduler_job.py:181} INFO - Started process (PID=1476) to work on /home/airflow/.local/lib/python3.6/site-packages/airflow/example_dags/example_nested_branch_dag.py
[2023-06-12 08:05:41,011] {scheduler_job.py:632} INFO - Processing file /home/airflow/.local/lib/python3.6/site-packages/airflow/example_dags/example_nested_branch_dag.py for tasks to queue
[2023-06-12 08:05:41,012] {logging_mixin.py:104} INFO - [2023-06-12 08:05:41,012] {dagbag.py:496} INFO - Filling up the DagBag from /home/airflow/.local/lib/python3.6/site-packages/airflow/example_dags/example_nested_branch_dag.py
[2023-06-12 08:05:41,023] {scheduler_job.py:642} INFO - DAG(s) dict_keys(['example_nested_branch_dag']) retrieved from /home/airflow/.local/lib/python3.6/site-packages/airflow/example_dags/example_nested_branch_dag.py
[2023-06-12 08:05:41,040] {logging_mixin.py:104} INFO - [2023-06-12 08:05:41,040] {dag.py:1833} INFO - Sync 1 DAGs
[2023-06-12 08:05:41,053] {logging_mixin.py:104} INFO - [2023-06-12 08:05:41,053] {dag.py:2306} INFO - Setting next_dagrun for example_nested_branch_dag to 2023-06-10 00:00:00+00:00
[2023-06-12 08:05:41,063] {scheduler_job.py:189} INFO - Processing /home/airflow/.local/lib/python3.6/site-packages/airflow/example_dags/example_nested_branch_dag.py took 0.056 seconds
[2023-06-12 08:06:11,626] {scheduler_job.py:181} INFO - Started process (PID=1539) to work on /home/airflow/.local/lib/python3.6/site-packages/airflow/example_dags/example_nested_branch_dag.py
[2023-06-12 08:06:11,627] {scheduler_job.py:632} INFO - Processing file /home/airflow/.local/lib/python3.6/site-packages/airflow/example_dags/example_nested_branch_dag.py for tasks to queue
[2023-06-12 08:06:11,628] {logging_mixin.py:104} INFO - [2023-06-12 08:06:11,628] {dagbag.py:496} INFO - Filling up the DagBag from /home/airflow/.local/lib/python3.6/site-packages/airflow/example_dags/example_nested_branch_dag.py
[2023-06-12 08:06:11,639] {scheduler_job.py:642} INFO - DAG(s) dict_keys(['example_nested_branch_dag']) retrieved from /home/airflow/.local/lib/python3.6/site-packages/airflow/example_dags/example_nested_branch_dag.py
[2023-06-12 08:06:11,655] {logging_mixin.py:104} INFO - [2023-06-12 08:06:11,655] {dag.py:1833} INFO - Sync 1 DAGs
[2023-06-12 08:06:11,668] {logging_mixin.py:104} INFO - [2023-06-12 08:06:11,668] {dag.py:2306} INFO - Setting next_dagrun for example_nested_branch_dag to 2023-06-10 00:00:00+00:00
[2023-06-12 08:06:11,678] {scheduler_job.py:189} INFO - Processing /home/airflow/.local/lib/python3.6/site-packages/airflow/example_dags/example_nested_branch_dag.py took 0.054 seconds
[2023-06-12 08:06:41,902] {scheduler_job.py:181} INFO - Started process (PID=1592) to work on /home/airflow/.local/lib/python3.6/site-packages/airflow/example_dags/example_nested_branch_dag.py
[2023-06-12 08:06:41,904] {scheduler_job.py:632} INFO - Processing file /home/airflow/.local/lib/python3.6/site-packages/airflow/example_dags/example_nested_branch_dag.py for tasks to queue
[2023-06-12 08:06:41,905] {logging_mixin.py:104} INFO - [2023-06-12 08:06:41,904] {dagbag.py:496} INFO - Filling up the DagBag from /home/airflow/.local/lib/python3.6/site-packages/airflow/example_dags/example_nested_branch_dag.py
[2023-06-12 08:06:41,917] {scheduler_job.py:642} INFO - DAG(s) dict_keys(['example_nested_branch_dag']) retrieved from /home/airflow/.local/lib/python3.6/site-packages/airflow/example_dags/example_nested_branch_dag.py
[2023-06-12 08:06:41,935] {logging_mixin.py:104} INFO - [2023-06-12 08:06:41,935] {dag.py:1833} INFO - Sync 1 DAGs
[2023-06-12 08:06:41,952] {logging_mixin.py:104} INFO - [2023-06-12 08:06:41,952] {dag.py:2306} INFO - Setting next_dagrun for example_nested_branch_dag to 2023-06-10 00:00:00+00:00
[2023-06-12 08:06:41,962] {scheduler_job.py:189} INFO - Processing /home/airflow/.local/lib/python3.6/site-packages/airflow/example_dags/example_nested_branch_dag.py took 0.063 seconds
[2023-06-12 08:07:12,758] {scheduler_job.py:181} INFO - Started process (PID=1655) to work on /home/airflow/.local/lib/python3.6/site-packages/airflow/example_dags/example_nested_branch_dag.py
[2023-06-12 08:07:12,759] {scheduler_job.py:632} INFO - Processing file /home/airflow/.local/lib/python3.6/site-packages/airflow/example_dags/example_nested_branch_dag.py for tasks to queue
[2023-06-12 08:07:12,760] {logging_mixin.py:104} INFO - [2023-06-12 08:07:12,760] {dagbag.py:496} INFO - Filling up the DagBag from /home/airflow/.local/lib/python3.6/site-packages/airflow/example_dags/example_nested_branch_dag.py
[2023-06-12 08:07:12,772] {scheduler_job.py:642} INFO - DAG(s) dict_keys(['example_nested_branch_dag']) retrieved from /home/airflow/.local/lib/python3.6/site-packages/airflow/example_dags/example_nested_branch_dag.py
[2023-06-12 08:07:12,788] {logging_mixin.py:104} INFO - [2023-06-12 08:07:12,788] {dag.py:1833} INFO - Sync 1 DAGs
[2023-06-12 08:07:12,801] {logging_mixin.py:104} INFO - [2023-06-12 08:07:12,801] {dag.py:2306} INFO - Setting next_dagrun for example_nested_branch_dag to 2023-06-10 00:00:00+00:00
[2023-06-12 08:07:12,809] {scheduler_job.py:189} INFO - Processing /home/airflow/.local/lib/python3.6/site-packages/airflow/example_dags/example_nested_branch_dag.py took 0.053 seconds
[2023-06-12 08:07:43,057] {scheduler_job.py:181} INFO - Started process (PID=1718) to work on /home/airflow/.local/lib/python3.6/site-packages/airflow/example_dags/example_nested_branch_dag.py
[2023-06-12 08:07:43,058] {scheduler_job.py:632} INFO - Processing file /home/airflow/.local/lib/python3.6/site-packages/airflow/example_dags/example_nested_branch_dag.py for tasks to queue
[2023-06-12 08:07:43,059] {logging_mixin.py:104} INFO - [2023-06-12 08:07:43,059] {dagbag.py:496} INFO - Filling up the DagBag from /home/airflow/.local/lib/python3.6/site-packages/airflow/example_dags/example_nested_branch_dag.py
[2023-06-12 08:07:43,073] {scheduler_job.py:642} INFO - DAG(s) dict_keys(['example_nested_branch_dag']) retrieved from /home/airflow/.local/lib/python3.6/site-packages/airflow/example_dags/example_nested_branch_dag.py
[2023-06-12 08:07:43,092] {logging_mixin.py:104} INFO - [2023-06-12 08:07:43,092] {dag.py:1833} INFO - Sync 1 DAGs
[2023-06-12 08:07:43,109] {logging_mixin.py:104} INFO - [2023-06-12 08:07:43,109] {dag.py:2306} INFO - Setting next_dagrun for example_nested_branch_dag to 2023-06-10 00:00:00+00:00
[2023-06-12 08:07:43,119] {scheduler_job.py:189} INFO - Processing /home/airflow/.local/lib/python3.6/site-packages/airflow/example_dags/example_nested_branch_dag.py took 0.065 seconds
[2023-06-12 08:08:13,357] {scheduler_job.py:181} INFO - Started process (PID=1771) to work on /home/airflow/.local/lib/python3.6/site-packages/airflow/example_dags/example_nested_branch_dag.py
[2023-06-12 08:08:13,359] {scheduler_job.py:632} INFO - Processing file /home/airflow/.local/lib/python3.6/site-packages/airflow/example_dags/example_nested_branch_dag.py for tasks to queue
[2023-06-12 08:08:13,360] {logging_mixin.py:104} INFO - [2023-06-12 08:08:13,360] {dagbag.py:496} INFO - Filling up the DagBag from /home/airflow/.local/lib/python3.6/site-packages/airflow/example_dags/example_nested_branch_dag.py
[2023-06-12 08:08:13,372] {scheduler_job.py:642} INFO - DAG(s) dict_keys(['example_nested_branch_dag']) retrieved from /home/airflow/.local/lib/python3.6/site-packages/airflow/example_dags/example_nested_branch_dag.py
[2023-06-12 08:08:13,389] {logging_mixin.py:104} INFO - [2023-06-12 08:08:13,389] {dag.py:1833} INFO - Sync 1 DAGs
[2023-06-12 08:08:13,403] {logging_mixin.py:104} INFO - [2023-06-12 08:08:13,403] {dag.py:2306} INFO - Setting next_dagrun for example_nested_branch_dag to 2023-06-10 00:00:00+00:00
[2023-06-12 08:08:13,413] {scheduler_job.py:189} INFO - Processing /home/airflow/.local/lib/python3.6/site-packages/airflow/example_dags/example_nested_branch_dag.py took 0.058 seconds
[2023-06-12 08:08:43,973] {scheduler_job.py:181} INFO - Started process (PID=1835) to work on /home/airflow/.local/lib/python3.6/site-packages/airflow/example_dags/example_nested_branch_dag.py
[2023-06-12 08:08:43,974] {scheduler_job.py:632} INFO - Processing file /home/airflow/.local/lib/python3.6/site-packages/airflow/example_dags/example_nested_branch_dag.py for tasks to queue
[2023-06-12 08:08:43,975] {logging_mixin.py:104} INFO - [2023-06-12 08:08:43,975] {dagbag.py:496} INFO - Filling up the DagBag from /home/airflow/.local/lib/python3.6/site-packages/airflow/example_dags/example_nested_branch_dag.py
[2023-06-12 08:08:43,985] {scheduler_job.py:642} INFO - DAG(s) dict_keys(['example_nested_branch_dag']) retrieved from /home/airflow/.local/lib/python3.6/site-packages/airflow/example_dags/example_nested_branch_dag.py
[2023-06-12 08:08:44,001] {logging_mixin.py:104} INFO - [2023-06-12 08:08:44,001] {dag.py:1833} INFO - Sync 1 DAGs
[2023-06-12 08:08:44,014] {logging_mixin.py:104} INFO - [2023-06-12 08:08:44,014] {dag.py:2306} INFO - Setting next_dagrun for example_nested_branch_dag to 2023-06-10 00:00:00+00:00
[2023-06-12 08:08:44,024] {scheduler_job.py:189} INFO - Processing /home/airflow/.local/lib/python3.6/site-packages/airflow/example_dags/example_nested_branch_dag.py took 0.054 seconds
[2023-06-12 08:09:14,352] {scheduler_job.py:181} INFO - Started process (PID=1888) to work on /home/airflow/.local/lib/python3.6/site-packages/airflow/example_dags/example_nested_branch_dag.py
[2023-06-12 08:09:14,354] {scheduler_job.py:632} INFO - Processing file /home/airflow/.local/lib/python3.6/site-packages/airflow/example_dags/example_nested_branch_dag.py for tasks to queue
[2023-06-12 08:09:14,355] {logging_mixin.py:104} INFO - [2023-06-12 08:09:14,355] {dagbag.py:496} INFO - Filling up the DagBag from /home/airflow/.local/lib/python3.6/site-packages/airflow/example_dags/example_nested_branch_dag.py
[2023-06-12 08:09:14,368] {scheduler_job.py:642} INFO - DAG(s) dict_keys(['example_nested_branch_dag']) retrieved from /home/airflow/.local/lib/python3.6/site-packages/airflow/example_dags/example_nested_branch_dag.py
[2023-06-12 08:09:14,388] {logging_mixin.py:104} INFO - [2023-06-12 08:09:14,388] {dag.py:1833} INFO - Sync 1 DAGs
[2023-06-12 08:09:14,405] {logging_mixin.py:104} INFO - [2023-06-12 08:09:14,405] {dag.py:2306} INFO - Setting next_dagrun for example_nested_branch_dag to 2023-06-10 00:00:00+00:00
[2023-06-12 08:09:14,414] {scheduler_job.py:189} INFO - Processing /home/airflow/.local/lib/python3.6/site-packages/airflow/example_dags/example_nested_branch_dag.py took 0.065 seconds
[2023-06-12 08:09:44,705] {scheduler_job.py:181} INFO - Started process (PID=1951) to work on /home/airflow/.local/lib/python3.6/site-packages/airflow/example_dags/example_nested_branch_dag.py
[2023-06-12 08:09:44,706] {scheduler_job.py:632} INFO - Processing file /home/airflow/.local/lib/python3.6/site-packages/airflow/example_dags/example_nested_branch_dag.py for tasks to queue
[2023-06-12 08:09:44,707] {logging_mixin.py:104} INFO - [2023-06-12 08:09:44,707] {dagbag.py:496} INFO - Filling up the DagBag from /home/airflow/.local/lib/python3.6/site-packages/airflow/example_dags/example_nested_branch_dag.py
[2023-06-12 08:09:44,719] {scheduler_job.py:642} INFO - DAG(s) dict_keys(['example_nested_branch_dag']) retrieved from /home/airflow/.local/lib/python3.6/site-packages/airflow/example_dags/example_nested_branch_dag.py
[2023-06-12 08:09:44,736] {logging_mixin.py:104} INFO - [2023-06-12 08:09:44,736] {dag.py:1833} INFO - Sync 1 DAGs
[2023-06-12 08:09:44,750] {logging_mixin.py:104} INFO - [2023-06-12 08:09:44,750] {dag.py:2306} INFO - Setting next_dagrun for example_nested_branch_dag to 2023-06-10 00:00:00+00:00
[2023-06-12 08:09:44,759] {scheduler_job.py:189} INFO - Processing /home/airflow/.local/lib/python3.6/site-packages/airflow/example_dags/example_nested_branch_dag.py took 0.057 seconds
[2023-06-12 08:10:15,227] {scheduler_job.py:181} INFO - Started process (PID=2014) to work on /home/airflow/.local/lib/python3.6/site-packages/airflow/example_dags/example_nested_branch_dag.py
[2023-06-12 08:10:15,228] {scheduler_job.py:632} INFO - Processing file /home/airflow/.local/lib/python3.6/site-packages/airflow/example_dags/example_nested_branch_dag.py for tasks to queue
[2023-06-12 08:10:15,228] {logging_mixin.py:104} INFO - [2023-06-12 08:10:15,228] {dagbag.py:496} INFO - Filling up the DagBag from /home/airflow/.local/lib/python3.6/site-packages/airflow/example_dags/example_nested_branch_dag.py
[2023-06-12 08:10:15,240] {scheduler_job.py:642} INFO - DAG(s) dict_keys(['example_nested_branch_dag']) retrieved from /home/airflow/.local/lib/python3.6/site-packages/airflow/example_dags/example_nested_branch_dag.py
[2023-06-12 08:10:15,257] {logging_mixin.py:104} INFO - [2023-06-12 08:10:15,257] {dag.py:1833} INFO - Sync 1 DAGs
[2023-06-12 08:10:15,272] {logging_mixin.py:104} INFO - [2023-06-12 08:10:15,271] {dag.py:2306} INFO - Setting next_dagrun for example_nested_branch_dag to 2023-06-10 00:00:00+00:00
[2023-06-12 08:10:15,281] {scheduler_job.py:189} INFO - Processing /home/airflow/.local/lib/python3.6/site-packages/airflow/example_dags/example_nested_branch_dag.py took 0.057 seconds
[2023-06-12 08:10:45,692] {scheduler_job.py:181} INFO - Started process (PID=2067) to work on /home/airflow/.local/lib/python3.6/site-packages/airflow/example_dags/example_nested_branch_dag.py
[2023-06-12 08:10:45,694] {scheduler_job.py:632} INFO - Processing file /home/airflow/.local/lib/python3.6/site-packages/airflow/example_dags/example_nested_branch_dag.py for tasks to queue
[2023-06-12 08:10:45,695] {logging_mixin.py:104} INFO - [2023-06-12 08:10:45,695] {dagbag.py:496} INFO - Filling up the DagBag from /home/airflow/.local/lib/python3.6/site-packages/airflow/example_dags/example_nested_branch_dag.py
[2023-06-12 08:10:45,707] {scheduler_job.py:642} INFO - DAG(s) dict_keys(['example_nested_branch_dag']) retrieved from /home/airflow/.local/lib/python3.6/site-packages/airflow/example_dags/example_nested_branch_dag.py
[2023-06-12 08:10:45,724] {logging_mixin.py:104} INFO - [2023-06-12 08:10:45,724] {dag.py:1833} INFO - Sync 1 DAGs
[2023-06-12 08:10:45,739] {logging_mixin.py:104} INFO - [2023-06-12 08:10:45,739] {dag.py:2306} INFO - Setting next_dagrun for example_nested_branch_dag to 2023-06-10 00:00:00+00:00
[2023-06-12 08:10:45,748] {scheduler_job.py:189} INFO - Processing /home/airflow/.local/lib/python3.6/site-packages/airflow/example_dags/example_nested_branch_dag.py took 0.059 seconds
[2023-06-12 08:11:16,280] {scheduler_job.py:181} INFO - Started process (PID=2130) to work on /home/airflow/.local/lib/python3.6/site-packages/airflow/example_dags/example_nested_branch_dag.py
[2023-06-12 08:11:16,281] {scheduler_job.py:632} INFO - Processing file /home/airflow/.local/lib/python3.6/site-packages/airflow/example_dags/example_nested_branch_dag.py for tasks to queue
[2023-06-12 08:11:16,282] {logging_mixin.py:104} INFO - [2023-06-12 08:11:16,282] {dagbag.py:496} INFO - Filling up the DagBag from /home/airflow/.local/lib/python3.6/site-packages/airflow/example_dags/example_nested_branch_dag.py
[2023-06-12 08:11:16,293] {scheduler_job.py:642} INFO - DAG(s) dict_keys(['example_nested_branch_dag']) retrieved from /home/airflow/.local/lib/python3.6/site-packages/airflow/example_dags/example_nested_branch_dag.py
[2023-06-12 08:11:16,309] {logging_mixin.py:104} INFO - [2023-06-12 08:11:16,309] {dag.py:1833} INFO - Sync 1 DAGs
[2023-06-12 08:11:16,324] {logging_mixin.py:104} INFO - [2023-06-12 08:11:16,324] {dag.py:2306} INFO - Setting next_dagrun for example_nested_branch_dag to 2023-06-10 00:00:00+00:00
[2023-06-12 08:11:16,335] {scheduler_job.py:189} INFO - Processing /home/airflow/.local/lib/python3.6/site-packages/airflow/example_dags/example_nested_branch_dag.py took 0.058 seconds
[2023-06-12 08:11:46,596] {scheduler_job.py:181} INFO - Started process (PID=2193) to work on /home/airflow/.local/lib/python3.6/site-packages/airflow/example_dags/example_nested_branch_dag.py
[2023-06-12 08:11:46,597] {scheduler_job.py:632} INFO - Processing file /home/airflow/.local/lib/python3.6/site-packages/airflow/example_dags/example_nested_branch_dag.py for tasks to queue
[2023-06-12 08:11:46,598] {logging_mixin.py:104} INFO - [2023-06-12 08:11:46,598] {dagbag.py:496} INFO - Filling up the DagBag from /home/airflow/.local/lib/python3.6/site-packages/airflow/example_dags/example_nested_branch_dag.py
[2023-06-12 08:11:46,609] {scheduler_job.py:642} INFO - DAG(s) dict_keys(['example_nested_branch_dag']) retrieved from /home/airflow/.local/lib/python3.6/site-packages/airflow/example_dags/example_nested_branch_dag.py
[2023-06-12 08:11:46,626] {logging_mixin.py:104} INFO - [2023-06-12 08:11:46,626] {dag.py:1833} INFO - Sync 1 DAGs
[2023-06-12 08:11:46,640] {logging_mixin.py:104} INFO - [2023-06-12 08:11:46,640] {dag.py:2306} INFO - Setting next_dagrun for example_nested_branch_dag to 2023-06-10 00:00:00+00:00
[2023-06-12 08:11:46,649] {scheduler_job.py:189} INFO - Processing /home/airflow/.local/lib/python3.6/site-packages/airflow/example_dags/example_nested_branch_dag.py took 0.056 seconds
[2023-06-12 08:12:16,833] {scheduler_job.py:181} INFO - Started process (PID=2246) to work on /home/airflow/.local/lib/python3.6/site-packages/airflow/example_dags/example_nested_branch_dag.py
[2023-06-12 08:12:16,834] {scheduler_job.py:632} INFO - Processing file /home/airflow/.local/lib/python3.6/site-packages/airflow/example_dags/example_nested_branch_dag.py for tasks to queue
[2023-06-12 08:12:16,835] {logging_mixin.py:104} INFO - [2023-06-12 08:12:16,835] {dagbag.py:496} INFO - Filling up the DagBag from /home/airflow/.local/lib/python3.6/site-packages/airflow/example_dags/example_nested_branch_dag.py
[2023-06-12 08:12:16,847] {scheduler_job.py:642} INFO - DAG(s) dict_keys(['example_nested_branch_dag']) retrieved from /home/airflow/.local/lib/python3.6/site-packages/airflow/example_dags/example_nested_branch_dag.py
[2023-06-12 08:12:16,864] {logging_mixin.py:104} INFO - [2023-06-12 08:12:16,864] {dag.py:1833} INFO - Sync 1 DAGs
[2023-06-12 08:12:16,877] {logging_mixin.py:104} INFO - [2023-06-12 08:12:16,877] {dag.py:2306} INFO - Setting next_dagrun for example_nested_branch_dag to 2023-06-10 00:00:00+00:00
[2023-06-12 08:12:16,886] {scheduler_job.py:189} INFO - Processing /home/airflow/.local/lib/python3.6/site-packages/airflow/example_dags/example_nested_branch_dag.py took 0.056 seconds
[2023-06-12 08:12:47,518] {scheduler_job.py:181} INFO - Started process (PID=2309) to work on /home/airflow/.local/lib/python3.6/site-packages/airflow/example_dags/example_nested_branch_dag.py
[2023-06-12 08:12:47,519] {scheduler_job.py:632} INFO - Processing file /home/airflow/.local/lib/python3.6/site-packages/airflow/example_dags/example_nested_branch_dag.py for tasks to queue
[2023-06-12 08:12:47,520] {logging_mixin.py:104} INFO - [2023-06-12 08:12:47,520] {dagbag.py:496} INFO - Filling up the DagBag from /home/airflow/.local/lib/python3.6/site-packages/airflow/example_dags/example_nested_branch_dag.py
[2023-06-12 08:12:47,532] {scheduler_job.py:642} INFO - DAG(s) dict_keys(['example_nested_branch_dag']) retrieved from /home/airflow/.local/lib/python3.6/site-packages/airflow/example_dags/example_nested_branch_dag.py
[2023-06-12 08:12:47,550] {logging_mixin.py:104} INFO - [2023-06-12 08:12:47,550] {dag.py:1833} INFO - Sync 1 DAGs
[2023-06-12 08:12:47,564] {logging_mixin.py:104} INFO - [2023-06-12 08:12:47,564] {dag.py:2306} INFO - Setting next_dagrun for example_nested_branch_dag to 2023-06-10 00:00:00+00:00
[2023-06-12 08:12:47,574] {scheduler_job.py:189} INFO - Processing /home/airflow/.local/lib/python3.6/site-packages/airflow/example_dags/example_nested_branch_dag.py took 0.059 seconds
