[2023-06-12 07:53:25,673] {scheduler_job.py:181} INFO - Started process (PID=38) to work on /home/airflow/.local/lib/python3.6/site-packages/airflow/example_dags/example_latest_only.py
[2023-06-12 07:53:25,674] {scheduler_job.py:632} INFO - Processing file /home/airflow/.local/lib/python3.6/site-packages/airflow/example_dags/example_latest_only.py for tasks to queue
[2023-06-12 07:53:25,675] {logging_mixin.py:104} INFO - [2023-06-12 07:53:25,675] {dagbag.py:496} INFO - Filling up the DagBag from /home/airflow/.local/lib/python3.6/site-packages/airflow/example_dags/example_latest_only.py
[2023-06-12 07:53:25,685] {scheduler_job.py:642} INFO - DAG(s) dict_keys(['latest_only']) retrieved from /home/airflow/.local/lib/python3.6/site-packages/airflow/example_dags/example_latest_only.py
[2023-06-12 07:53:26,015] {logging_mixin.py:104} INFO - [2023-06-12 07:53:26,015] {dag.py:1833} INFO - Sync 1 DAGs
[2023-06-12 07:53:26,027] {logging_mixin.py:104} INFO - [2023-06-12 07:53:26,027] {dag.py:2306} INFO - Setting next_dagrun for latest_only to 2023-06-10 00:00:00+00:00
[2023-06-12 07:53:26,040] {scheduler_job.py:189} INFO - Processing /home/airflow/.local/lib/python3.6/site-packages/airflow/example_dags/example_latest_only.py took 0.370 seconds
[2023-06-12 07:53:56,088] {scheduler_job.py:181} INFO - Started process (PID=101) to work on /home/airflow/.local/lib/python3.6/site-packages/airflow/example_dags/example_latest_only.py
[2023-06-12 07:53:56,089] {scheduler_job.py:632} INFO - Processing file /home/airflow/.local/lib/python3.6/site-packages/airflow/example_dags/example_latest_only.py for tasks to queue
[2023-06-12 07:53:56,090] {logging_mixin.py:104} INFO - [2023-06-12 07:53:56,090] {dagbag.py:496} INFO - Filling up the DagBag from /home/airflow/.local/lib/python3.6/site-packages/airflow/example_dags/example_latest_only.py
[2023-06-12 07:53:56,099] {scheduler_job.py:642} INFO - DAG(s) dict_keys(['latest_only']) retrieved from /home/airflow/.local/lib/python3.6/site-packages/airflow/example_dags/example_latest_only.py
[2023-06-12 07:53:56,117] {logging_mixin.py:104} INFO - [2023-06-12 07:53:56,117] {dag.py:1833} INFO - Sync 1 DAGs
[2023-06-12 07:53:56,130] {logging_mixin.py:104} INFO - [2023-06-12 07:53:56,130] {dag.py:2306} INFO - Setting next_dagrun for latest_only to 2023-06-10 00:00:00+00:00
[2023-06-12 07:53:56,140] {scheduler_job.py:189} INFO - Processing /home/airflow/.local/lib/python3.6/site-packages/airflow/example_dags/example_latest_only.py took 0.054 seconds
[2023-06-12 07:54:26,743] {scheduler_job.py:181} INFO - Started process (PID=154) to work on /home/airflow/.local/lib/python3.6/site-packages/airflow/example_dags/example_latest_only.py
[2023-06-12 07:54:26,744] {scheduler_job.py:632} INFO - Processing file /home/airflow/.local/lib/python3.6/site-packages/airflow/example_dags/example_latest_only.py for tasks to queue
[2023-06-12 07:54:26,745] {logging_mixin.py:104} INFO - [2023-06-12 07:54:26,745] {dagbag.py:496} INFO - Filling up the DagBag from /home/airflow/.local/lib/python3.6/site-packages/airflow/example_dags/example_latest_only.py
[2023-06-12 07:54:26,756] {scheduler_job.py:642} INFO - DAG(s) dict_keys(['latest_only']) retrieved from /home/airflow/.local/lib/python3.6/site-packages/airflow/example_dags/example_latest_only.py
[2023-06-12 07:54:26,775] {logging_mixin.py:104} INFO - [2023-06-12 07:54:26,775] {dag.py:1833} INFO - Sync 1 DAGs
[2023-06-12 07:54:26,790] {logging_mixin.py:104} INFO - [2023-06-12 07:54:26,790] {dag.py:2306} INFO - Setting next_dagrun for latest_only to 2023-06-10 00:00:00+00:00
[2023-06-12 07:54:26,799] {scheduler_job.py:189} INFO - Processing /home/airflow/.local/lib/python3.6/site-packages/airflow/example_dags/example_latest_only.py took 0.059 seconds
[2023-06-12 07:54:57,616] {scheduler_job.py:181} INFO - Started process (PID=217) to work on /home/airflow/.local/lib/python3.6/site-packages/airflow/example_dags/example_latest_only.py
[2023-06-12 07:54:57,617] {scheduler_job.py:632} INFO - Processing file /home/airflow/.local/lib/python3.6/site-packages/airflow/example_dags/example_latest_only.py for tasks to queue
[2023-06-12 07:54:57,618] {logging_mixin.py:104} INFO - [2023-06-12 07:54:57,618] {dagbag.py:496} INFO - Filling up the DagBag from /home/airflow/.local/lib/python3.6/site-packages/airflow/example_dags/example_latest_only.py
[2023-06-12 07:54:57,627] {scheduler_job.py:642} INFO - DAG(s) dict_keys(['latest_only']) retrieved from /home/airflow/.local/lib/python3.6/site-packages/airflow/example_dags/example_latest_only.py
[2023-06-12 07:54:57,643] {logging_mixin.py:104} INFO - [2023-06-12 07:54:57,642] {dag.py:1833} INFO - Sync 1 DAGs
[2023-06-12 07:54:57,654] {logging_mixin.py:104} INFO - [2023-06-12 07:54:57,654] {dag.py:2306} INFO - Setting next_dagrun for latest_only to 2023-06-10 00:00:00+00:00
[2023-06-12 07:54:57,665] {scheduler_job.py:189} INFO - Processing /home/airflow/.local/lib/python3.6/site-packages/airflow/example_dags/example_latest_only.py took 0.051 seconds
[2023-06-12 07:55:27,818] {scheduler_job.py:181} INFO - Started process (PID=280) to work on /home/airflow/.local/lib/python3.6/site-packages/airflow/example_dags/example_latest_only.py
[2023-06-12 07:55:27,819] {scheduler_job.py:632} INFO - Processing file /home/airflow/.local/lib/python3.6/site-packages/airflow/example_dags/example_latest_only.py for tasks to queue
[2023-06-12 07:55:27,819] {logging_mixin.py:104} INFO - [2023-06-12 07:55:27,819] {dagbag.py:496} INFO - Filling up the DagBag from /home/airflow/.local/lib/python3.6/site-packages/airflow/example_dags/example_latest_only.py
[2023-06-12 07:55:27,828] {scheduler_job.py:642} INFO - DAG(s) dict_keys(['latest_only']) retrieved from /home/airflow/.local/lib/python3.6/site-packages/airflow/example_dags/example_latest_only.py
[2023-06-12 07:55:27,844] {logging_mixin.py:104} INFO - [2023-06-12 07:55:27,843] {dag.py:1833} INFO - Sync 1 DAGs
[2023-06-12 07:55:27,857] {logging_mixin.py:104} INFO - [2023-06-12 07:55:27,857] {dag.py:2306} INFO - Setting next_dagrun for latest_only to 2023-06-10 00:00:00+00:00
[2023-06-12 07:55:27,867] {scheduler_job.py:189} INFO - Processing /home/airflow/.local/lib/python3.6/site-packages/airflow/example_dags/example_latest_only.py took 0.052 seconds
[2023-06-12 07:55:58,249] {scheduler_job.py:181} INFO - Started process (PID=333) to work on /home/airflow/.local/lib/python3.6/site-packages/airflow/example_dags/example_latest_only.py
[2023-06-12 07:55:58,251] {scheduler_job.py:632} INFO - Processing file /home/airflow/.local/lib/python3.6/site-packages/airflow/example_dags/example_latest_only.py for tasks to queue
[2023-06-12 07:55:58,252] {logging_mixin.py:104} INFO - [2023-06-12 07:55:58,252] {dagbag.py:496} INFO - Filling up the DagBag from /home/airflow/.local/lib/python3.6/site-packages/airflow/example_dags/example_latest_only.py
[2023-06-12 07:55:58,261] {scheduler_job.py:642} INFO - DAG(s) dict_keys(['latest_only']) retrieved from /home/airflow/.local/lib/python3.6/site-packages/airflow/example_dags/example_latest_only.py
[2023-06-12 07:55:58,277] {logging_mixin.py:104} INFO - [2023-06-12 07:55:58,276] {dag.py:1833} INFO - Sync 1 DAGs
[2023-06-12 07:55:58,288] {logging_mixin.py:104} INFO - [2023-06-12 07:55:58,288] {dag.py:2306} INFO - Setting next_dagrun for latest_only to 2023-06-10 00:00:00+00:00
[2023-06-12 07:55:58,298] {scheduler_job.py:189} INFO - Processing /home/airflow/.local/lib/python3.6/site-packages/airflow/example_dags/example_latest_only.py took 0.051 seconds
[2023-06-12 07:56:29,065] {scheduler_job.py:181} INFO - Started process (PID=396) to work on /home/airflow/.local/lib/python3.6/site-packages/airflow/example_dags/example_latest_only.py
[2023-06-12 07:56:29,067] {scheduler_job.py:632} INFO - Processing file /home/airflow/.local/lib/python3.6/site-packages/airflow/example_dags/example_latest_only.py for tasks to queue
[2023-06-12 07:56:29,068] {logging_mixin.py:104} INFO - [2023-06-12 07:56:29,068] {dagbag.py:496} INFO - Filling up the DagBag from /home/airflow/.local/lib/python3.6/site-packages/airflow/example_dags/example_latest_only.py
[2023-06-12 07:56:29,082] {scheduler_job.py:642} INFO - DAG(s) dict_keys(['latest_only']) retrieved from /home/airflow/.local/lib/python3.6/site-packages/airflow/example_dags/example_latest_only.py
[2023-06-12 07:56:29,106] {logging_mixin.py:104} INFO - [2023-06-12 07:56:29,106] {dag.py:1833} INFO - Sync 1 DAGs
[2023-06-12 07:56:29,124] {logging_mixin.py:104} INFO - [2023-06-12 07:56:29,124] {dag.py:2306} INFO - Setting next_dagrun for latest_only to 2023-06-10 00:00:00+00:00
[2023-06-12 07:56:29,135] {scheduler_job.py:189} INFO - Processing /home/airflow/.local/lib/python3.6/site-packages/airflow/example_dags/example_latest_only.py took 0.075 seconds
[2023-06-12 07:56:59,544] {scheduler_job.py:181} INFO - Started process (PID=459) to work on /home/airflow/.local/lib/python3.6/site-packages/airflow/example_dags/example_latest_only.py
[2023-06-12 07:56:59,545] {scheduler_job.py:632} INFO - Processing file /home/airflow/.local/lib/python3.6/site-packages/airflow/example_dags/example_latest_only.py for tasks to queue
[2023-06-12 07:56:59,546] {logging_mixin.py:104} INFO - [2023-06-12 07:56:59,546] {dagbag.py:496} INFO - Filling up the DagBag from /home/airflow/.local/lib/python3.6/site-packages/airflow/example_dags/example_latest_only.py
[2023-06-12 07:56:59,555] {scheduler_job.py:642} INFO - DAG(s) dict_keys(['latest_only']) retrieved from /home/airflow/.local/lib/python3.6/site-packages/airflow/example_dags/example_latest_only.py
[2023-06-12 07:56:59,571] {logging_mixin.py:104} INFO - [2023-06-12 07:56:59,571] {dag.py:1833} INFO - Sync 1 DAGs
[2023-06-12 07:56:59,583] {logging_mixin.py:104} INFO - [2023-06-12 07:56:59,583] {dag.py:2306} INFO - Setting next_dagrun for latest_only to 2023-06-10 00:00:00+00:00
[2023-06-12 07:56:59,595] {scheduler_job.py:189} INFO - Processing /home/airflow/.local/lib/python3.6/site-packages/airflow/example_dags/example_latest_only.py took 0.053 seconds
[2023-06-12 07:57:30,272] {scheduler_job.py:181} INFO - Started process (PID=512) to work on /home/airflow/.local/lib/python3.6/site-packages/airflow/example_dags/example_latest_only.py
[2023-06-12 07:57:30,273] {scheduler_job.py:632} INFO - Processing file /home/airflow/.local/lib/python3.6/site-packages/airflow/example_dags/example_latest_only.py for tasks to queue
[2023-06-12 07:57:30,274] {logging_mixin.py:104} INFO - [2023-06-12 07:57:30,274] {dagbag.py:496} INFO - Filling up the DagBag from /home/airflow/.local/lib/python3.6/site-packages/airflow/example_dags/example_latest_only.py
[2023-06-12 07:57:30,284] {scheduler_job.py:642} INFO - DAG(s) dict_keys(['latest_only']) retrieved from /home/airflow/.local/lib/python3.6/site-packages/airflow/example_dags/example_latest_only.py
[2023-06-12 07:57:30,304] {logging_mixin.py:104} INFO - [2023-06-12 07:57:30,303] {dag.py:1833} INFO - Sync 1 DAGs
[2023-06-12 07:57:30,317] {logging_mixin.py:104} INFO - [2023-06-12 07:57:30,316] {dag.py:2306} INFO - Setting next_dagrun for latest_only to 2023-06-10 00:00:00+00:00
[2023-06-12 07:57:30,326] {scheduler_job.py:189} INFO - Processing /home/airflow/.local/lib/python3.6/site-packages/airflow/example_dags/example_latest_only.py took 0.056 seconds
[2023-06-12 07:58:01,304] {scheduler_job.py:181} INFO - Started process (PID=575) to work on /home/airflow/.local/lib/python3.6/site-packages/airflow/example_dags/example_latest_only.py
[2023-06-12 07:58:01,305] {scheduler_job.py:632} INFO - Processing file /home/airflow/.local/lib/python3.6/site-packages/airflow/example_dags/example_latest_only.py for tasks to queue
[2023-06-12 07:58:01,306] {logging_mixin.py:104} INFO - [2023-06-12 07:58:01,306] {dagbag.py:496} INFO - Filling up the DagBag from /home/airflow/.local/lib/python3.6/site-packages/airflow/example_dags/example_latest_only.py
[2023-06-12 07:58:01,315] {scheduler_job.py:642} INFO - DAG(s) dict_keys(['latest_only']) retrieved from /home/airflow/.local/lib/python3.6/site-packages/airflow/example_dags/example_latest_only.py
[2023-06-12 07:58:01,331] {logging_mixin.py:104} INFO - [2023-06-12 07:58:01,331] {dag.py:1833} INFO - Sync 1 DAGs
[2023-06-12 07:58:01,342] {logging_mixin.py:104} INFO - [2023-06-12 07:58:01,342] {dag.py:2306} INFO - Setting next_dagrun for latest_only to 2023-06-10 00:00:00+00:00
[2023-06-12 07:58:01,351] {scheduler_job.py:189} INFO - Processing /home/airflow/.local/lib/python3.6/site-packages/airflow/example_dags/example_latest_only.py took 0.050 seconds
[2023-06-12 07:58:31,593] {scheduler_job.py:181} INFO - Started process (PID=628) to work on /home/airflow/.local/lib/python3.6/site-packages/airflow/example_dags/example_latest_only.py
[2023-06-12 07:58:31,595] {scheduler_job.py:632} INFO - Processing file /home/airflow/.local/lib/python3.6/site-packages/airflow/example_dags/example_latest_only.py for tasks to queue
[2023-06-12 07:58:31,596] {logging_mixin.py:104} INFO - [2023-06-12 07:58:31,596] {dagbag.py:496} INFO - Filling up the DagBag from /home/airflow/.local/lib/python3.6/site-packages/airflow/example_dags/example_latest_only.py
[2023-06-12 07:58:31,604] {scheduler_job.py:642} INFO - DAG(s) dict_keys(['latest_only']) retrieved from /home/airflow/.local/lib/python3.6/site-packages/airflow/example_dags/example_latest_only.py
[2023-06-12 07:58:31,621] {logging_mixin.py:104} INFO - [2023-06-12 07:58:31,621] {dag.py:1833} INFO - Sync 1 DAGs
[2023-06-12 07:58:31,632] {logging_mixin.py:104} INFO - [2023-06-12 07:58:31,632] {dag.py:2306} INFO - Setting next_dagrun for latest_only to 2023-06-10 00:00:00+00:00
[2023-06-12 07:58:31,642] {scheduler_job.py:189} INFO - Processing /home/airflow/.local/lib/python3.6/site-packages/airflow/example_dags/example_latest_only.py took 0.051 seconds
[2023-06-12 07:59:01,728] {scheduler_job.py:181} INFO - Started process (PID=691) to work on /home/airflow/.local/lib/python3.6/site-packages/airflow/example_dags/example_latest_only.py
[2023-06-12 07:59:01,730] {scheduler_job.py:632} INFO - Processing file /home/airflow/.local/lib/python3.6/site-packages/airflow/example_dags/example_latest_only.py for tasks to queue
[2023-06-12 07:59:01,731] {logging_mixin.py:104} INFO - [2023-06-12 07:59:01,731] {dagbag.py:496} INFO - Filling up the DagBag from /home/airflow/.local/lib/python3.6/site-packages/airflow/example_dags/example_latest_only.py
[2023-06-12 07:59:01,740] {scheduler_job.py:642} INFO - DAG(s) dict_keys(['latest_only']) retrieved from /home/airflow/.local/lib/python3.6/site-packages/airflow/example_dags/example_latest_only.py
[2023-06-12 07:59:01,759] {logging_mixin.py:104} INFO - [2023-06-12 07:59:01,759] {dag.py:1833} INFO - Sync 1 DAGs
[2023-06-12 07:59:01,770] {logging_mixin.py:104} INFO - [2023-06-12 07:59:01,770] {dag.py:2306} INFO - Setting next_dagrun for latest_only to 2023-06-10 00:00:00+00:00
[2023-06-12 07:59:01,781] {scheduler_job.py:189} INFO - Processing /home/airflow/.local/lib/python3.6/site-packages/airflow/example_dags/example_latest_only.py took 0.056 seconds
[2023-06-12 07:59:32,715] {scheduler_job.py:181} INFO - Started process (PID=754) to work on /home/airflow/.local/lib/python3.6/site-packages/airflow/example_dags/example_latest_only.py
[2023-06-12 07:59:32,716] {scheduler_job.py:632} INFO - Processing file /home/airflow/.local/lib/python3.6/site-packages/airflow/example_dags/example_latest_only.py for tasks to queue
[2023-06-12 07:59:32,717] {logging_mixin.py:104} INFO - [2023-06-12 07:59:32,717] {dagbag.py:496} INFO - Filling up the DagBag from /home/airflow/.local/lib/python3.6/site-packages/airflow/example_dags/example_latest_only.py
[2023-06-12 07:59:32,725] {scheduler_job.py:642} INFO - DAG(s) dict_keys(['latest_only']) retrieved from /home/airflow/.local/lib/python3.6/site-packages/airflow/example_dags/example_latest_only.py
[2023-06-12 07:59:32,742] {logging_mixin.py:104} INFO - [2023-06-12 07:59:32,742] {dag.py:1833} INFO - Sync 1 DAGs
[2023-06-12 07:59:32,753] {logging_mixin.py:104} INFO - [2023-06-12 07:59:32,753] {dag.py:2306} INFO - Setting next_dagrun for latest_only to 2023-06-10 00:00:00+00:00
[2023-06-12 07:59:32,764] {scheduler_job.py:189} INFO - Processing /home/airflow/.local/lib/python3.6/site-packages/airflow/example_dags/example_latest_only.py took 0.052 seconds
[2023-06-12 08:00:03,645] {scheduler_job.py:181} INFO - Started process (PID=807) to work on /home/airflow/.local/lib/python3.6/site-packages/airflow/example_dags/example_latest_only.py
[2023-06-12 08:00:03,646] {scheduler_job.py:632} INFO - Processing file /home/airflow/.local/lib/python3.6/site-packages/airflow/example_dags/example_latest_only.py for tasks to queue
[2023-06-12 08:00:03,647] {logging_mixin.py:104} INFO - [2023-06-12 08:00:03,647] {dagbag.py:496} INFO - Filling up the DagBag from /home/airflow/.local/lib/python3.6/site-packages/airflow/example_dags/example_latest_only.py
[2023-06-12 08:00:03,656] {scheduler_job.py:642} INFO - DAG(s) dict_keys(['latest_only']) retrieved from /home/airflow/.local/lib/python3.6/site-packages/airflow/example_dags/example_latest_only.py
[2023-06-12 08:00:03,672] {logging_mixin.py:104} INFO - [2023-06-12 08:00:03,672] {dag.py:1833} INFO - Sync 1 DAGs
[2023-06-12 08:00:03,682] {logging_mixin.py:104} INFO - [2023-06-12 08:00:03,682] {dag.py:2306} INFO - Setting next_dagrun for latest_only to 2023-06-10 00:00:00+00:00
[2023-06-12 08:00:03,693] {scheduler_job.py:189} INFO - Processing /home/airflow/.local/lib/python3.6/site-packages/airflow/example_dags/example_latest_only.py took 0.051 seconds
[2023-06-12 08:00:34,703] {scheduler_job.py:181} INFO - Started process (PID=870) to work on /home/airflow/.local/lib/python3.6/site-packages/airflow/example_dags/example_latest_only.py
[2023-06-12 08:00:34,705] {scheduler_job.py:632} INFO - Processing file /home/airflow/.local/lib/python3.6/site-packages/airflow/example_dags/example_latest_only.py for tasks to queue
[2023-06-12 08:00:34,706] {logging_mixin.py:104} INFO - [2023-06-12 08:00:34,706] {dagbag.py:496} INFO - Filling up the DagBag from /home/airflow/.local/lib/python3.6/site-packages/airflow/example_dags/example_latest_only.py
[2023-06-12 08:00:34,713] {scheduler_job.py:642} INFO - DAG(s) dict_keys(['latest_only']) retrieved from /home/airflow/.local/lib/python3.6/site-packages/airflow/example_dags/example_latest_only.py
[2023-06-12 08:00:34,729] {logging_mixin.py:104} INFO - [2023-06-12 08:00:34,729] {dag.py:1833} INFO - Sync 1 DAGs
[2023-06-12 08:00:34,741] {logging_mixin.py:104} INFO - [2023-06-12 08:00:34,741] {dag.py:2306} INFO - Setting next_dagrun for latest_only to 2023-06-10 00:00:00+00:00
[2023-06-12 08:00:34,752] {scheduler_job.py:189} INFO - Processing /home/airflow/.local/lib/python3.6/site-packages/airflow/example_dags/example_latest_only.py took 0.051 seconds
[2023-06-12 08:01:05,810] {scheduler_job.py:181} INFO - Started process (PID=933) to work on /home/airflow/.local/lib/python3.6/site-packages/airflow/example_dags/example_latest_only.py
[2023-06-12 08:01:05,811] {scheduler_job.py:632} INFO - Processing file /home/airflow/.local/lib/python3.6/site-packages/airflow/example_dags/example_latest_only.py for tasks to queue
[2023-06-12 08:01:05,812] {logging_mixin.py:104} INFO - [2023-06-12 08:01:05,812] {dagbag.py:496} INFO - Filling up the DagBag from /home/airflow/.local/lib/python3.6/site-packages/airflow/example_dags/example_latest_only.py
[2023-06-12 08:01:05,821] {scheduler_job.py:642} INFO - DAG(s) dict_keys(['latest_only']) retrieved from /home/airflow/.local/lib/python3.6/site-packages/airflow/example_dags/example_latest_only.py
[2023-06-12 08:01:05,838] {logging_mixin.py:104} INFO - [2023-06-12 08:01:05,838] {dag.py:1833} INFO - Sync 1 DAGs
[2023-06-12 08:01:05,850] {logging_mixin.py:104} INFO - [2023-06-12 08:01:05,850] {dag.py:2306} INFO - Setting next_dagrun for latest_only to 2023-06-10 00:00:00+00:00
[2023-06-12 08:01:05,861] {scheduler_job.py:189} INFO - Processing /home/airflow/.local/lib/python3.6/site-packages/airflow/example_dags/example_latest_only.py took 0.053 seconds
[2023-06-12 08:01:36,593] {scheduler_job.py:181} INFO - Started process (PID=986) to work on /home/airflow/.local/lib/python3.6/site-packages/airflow/example_dags/example_latest_only.py
[2023-06-12 08:01:36,594] {scheduler_job.py:632} INFO - Processing file /home/airflow/.local/lib/python3.6/site-packages/airflow/example_dags/example_latest_only.py for tasks to queue
[2023-06-12 08:01:36,595] {logging_mixin.py:104} INFO - [2023-06-12 08:01:36,595] {dagbag.py:496} INFO - Filling up the DagBag from /home/airflow/.local/lib/python3.6/site-packages/airflow/example_dags/example_latest_only.py
[2023-06-12 08:01:36,603] {scheduler_job.py:642} INFO - DAG(s) dict_keys(['latest_only']) retrieved from /home/airflow/.local/lib/python3.6/site-packages/airflow/example_dags/example_latest_only.py
[2023-06-12 08:01:36,619] {logging_mixin.py:104} INFO - [2023-06-12 08:01:36,619] {dag.py:1833} INFO - Sync 1 DAGs
[2023-06-12 08:01:36,631] {logging_mixin.py:104} INFO - [2023-06-12 08:01:36,631] {dag.py:2306} INFO - Setting next_dagrun for latest_only to 2023-06-10 00:00:00+00:00
[2023-06-12 08:01:36,640] {scheduler_job.py:189} INFO - Processing /home/airflow/.local/lib/python3.6/site-packages/airflow/example_dags/example_latest_only.py took 0.050 seconds
[2023-06-12 08:02:07,630] {scheduler_job.py:181} INFO - Started process (PID=1049) to work on /home/airflow/.local/lib/python3.6/site-packages/airflow/example_dags/example_latest_only.py
[2023-06-12 08:02:07,631] {scheduler_job.py:632} INFO - Processing file /home/airflow/.local/lib/python3.6/site-packages/airflow/example_dags/example_latest_only.py for tasks to queue
[2023-06-12 08:02:07,632] {logging_mixin.py:104} INFO - [2023-06-12 08:02:07,632] {dagbag.py:496} INFO - Filling up the DagBag from /home/airflow/.local/lib/python3.6/site-packages/airflow/example_dags/example_latest_only.py
[2023-06-12 08:02:07,640] {scheduler_job.py:642} INFO - DAG(s) dict_keys(['latest_only']) retrieved from /home/airflow/.local/lib/python3.6/site-packages/airflow/example_dags/example_latest_only.py
[2023-06-12 08:02:07,657] {logging_mixin.py:104} INFO - [2023-06-12 08:02:07,656] {dag.py:1833} INFO - Sync 1 DAGs
[2023-06-12 08:02:07,669] {logging_mixin.py:104} INFO - [2023-06-12 08:02:07,669] {dag.py:2306} INFO - Setting next_dagrun for latest_only to 2023-06-10 00:00:00+00:00
[2023-06-12 08:02:07,678] {scheduler_job.py:189} INFO - Processing /home/airflow/.local/lib/python3.6/site-packages/airflow/example_dags/example_latest_only.py took 0.051 seconds
[2023-06-12 08:02:37,997] {scheduler_job.py:181} INFO - Started process (PID=1111) to work on /home/airflow/.local/lib/python3.6/site-packages/airflow/example_dags/example_latest_only.py
[2023-06-12 08:02:37,998] {scheduler_job.py:632} INFO - Processing file /home/airflow/.local/lib/python3.6/site-packages/airflow/example_dags/example_latest_only.py for tasks to queue
[2023-06-12 08:02:37,999] {logging_mixin.py:104} INFO - [2023-06-12 08:02:37,999] {dagbag.py:496} INFO - Filling up the DagBag from /home/airflow/.local/lib/python3.6/site-packages/airflow/example_dags/example_latest_only.py
[2023-06-12 08:02:38,008] {scheduler_job.py:642} INFO - DAG(s) dict_keys(['latest_only']) retrieved from /home/airflow/.local/lib/python3.6/site-packages/airflow/example_dags/example_latest_only.py
[2023-06-12 08:02:38,029] {logging_mixin.py:104} INFO - [2023-06-12 08:02:38,028] {dag.py:1833} INFO - Sync 1 DAGs
[2023-06-12 08:02:38,043] {logging_mixin.py:104} INFO - [2023-06-12 08:02:38,043] {dag.py:2306} INFO - Setting next_dagrun for latest_only to 2023-06-10 00:00:00+00:00
[2023-06-12 08:02:38,054] {scheduler_job.py:189} INFO - Processing /home/airflow/.local/lib/python3.6/site-packages/airflow/example_dags/example_latest_only.py took 0.060 seconds
[2023-06-12 08:03:08,361] {scheduler_job.py:181} INFO - Started process (PID=1165) to work on /home/airflow/.local/lib/python3.6/site-packages/airflow/example_dags/example_latest_only.py
[2023-06-12 08:03:08,363] {scheduler_job.py:632} INFO - Processing file /home/airflow/.local/lib/python3.6/site-packages/airflow/example_dags/example_latest_only.py for tasks to queue
[2023-06-12 08:03:08,363] {logging_mixin.py:104} INFO - [2023-06-12 08:03:08,363] {dagbag.py:496} INFO - Filling up the DagBag from /home/airflow/.local/lib/python3.6/site-packages/airflow/example_dags/example_latest_only.py
[2023-06-12 08:03:08,372] {scheduler_job.py:642} INFO - DAG(s) dict_keys(['latest_only']) retrieved from /home/airflow/.local/lib/python3.6/site-packages/airflow/example_dags/example_latest_only.py
[2023-06-12 08:03:08,388] {logging_mixin.py:104} INFO - [2023-06-12 08:03:08,387] {dag.py:1833} INFO - Sync 1 DAGs
[2023-06-12 08:03:08,399] {logging_mixin.py:104} INFO - [2023-06-12 08:03:08,399] {dag.py:2306} INFO - Setting next_dagrun for latest_only to 2023-06-10 00:00:00+00:00
[2023-06-12 08:03:08,409] {scheduler_job.py:189} INFO - Processing /home/airflow/.local/lib/python3.6/site-packages/airflow/example_dags/example_latest_only.py took 0.050 seconds
[2023-06-12 08:03:38,638] {scheduler_job.py:181} INFO - Started process (PID=1228) to work on /home/airflow/.local/lib/python3.6/site-packages/airflow/example_dags/example_latest_only.py
[2023-06-12 08:03:38,640] {scheduler_job.py:632} INFO - Processing file /home/airflow/.local/lib/python3.6/site-packages/airflow/example_dags/example_latest_only.py for tasks to queue
[2023-06-12 08:03:38,641] {logging_mixin.py:104} INFO - [2023-06-12 08:03:38,640] {dagbag.py:496} INFO - Filling up the DagBag from /home/airflow/.local/lib/python3.6/site-packages/airflow/example_dags/example_latest_only.py
[2023-06-12 08:03:38,649] {scheduler_job.py:642} INFO - DAG(s) dict_keys(['latest_only']) retrieved from /home/airflow/.local/lib/python3.6/site-packages/airflow/example_dags/example_latest_only.py
[2023-06-12 08:03:38,666] {logging_mixin.py:104} INFO - [2023-06-12 08:03:38,666] {dag.py:1833} INFO - Sync 1 DAGs
[2023-06-12 08:03:38,677] {logging_mixin.py:104} INFO - [2023-06-12 08:03:38,677] {dag.py:2306} INFO - Setting next_dagrun for latest_only to 2023-06-10 00:00:00+00:00
[2023-06-12 08:03:38,685] {scheduler_job.py:189} INFO - Processing /home/airflow/.local/lib/python3.6/site-packages/airflow/example_dags/example_latest_only.py took 0.049 seconds
[2023-06-12 08:04:08,980] {scheduler_job.py:181} INFO - Started process (PID=1282) to work on /home/airflow/.local/lib/python3.6/site-packages/airflow/example_dags/example_latest_only.py
[2023-06-12 08:04:08,981] {scheduler_job.py:632} INFO - Processing file /home/airflow/.local/lib/python3.6/site-packages/airflow/example_dags/example_latest_only.py for tasks to queue
[2023-06-12 08:04:08,982] {logging_mixin.py:104} INFO - [2023-06-12 08:04:08,982] {dagbag.py:496} INFO - Filling up the DagBag from /home/airflow/.local/lib/python3.6/site-packages/airflow/example_dags/example_latest_only.py
[2023-06-12 08:04:08,990] {scheduler_job.py:642} INFO - DAG(s) dict_keys(['latest_only']) retrieved from /home/airflow/.local/lib/python3.6/site-packages/airflow/example_dags/example_latest_only.py
[2023-06-12 08:04:09,007] {logging_mixin.py:104} INFO - [2023-06-12 08:04:09,007] {dag.py:1833} INFO - Sync 1 DAGs
[2023-06-12 08:04:09,018] {logging_mixin.py:104} INFO - [2023-06-12 08:04:09,018] {dag.py:2306} INFO - Setting next_dagrun for latest_only to 2023-06-10 00:00:00+00:00
[2023-06-12 08:04:09,028] {scheduler_job.py:189} INFO - Processing /home/airflow/.local/lib/python3.6/site-packages/airflow/example_dags/example_latest_only.py took 0.051 seconds
[2023-06-12 08:04:39,442] {scheduler_job.py:181} INFO - Started process (PID=1345) to work on /home/airflow/.local/lib/python3.6/site-packages/airflow/example_dags/example_latest_only.py
[2023-06-12 08:04:39,443] {scheduler_job.py:632} INFO - Processing file /home/airflow/.local/lib/python3.6/site-packages/airflow/example_dags/example_latest_only.py for tasks to queue
[2023-06-12 08:04:39,444] {logging_mixin.py:104} INFO - [2023-06-12 08:04:39,444] {dagbag.py:496} INFO - Filling up the DagBag from /home/airflow/.local/lib/python3.6/site-packages/airflow/example_dags/example_latest_only.py
[2023-06-12 08:04:39,452] {scheduler_job.py:642} INFO - DAG(s) dict_keys(['latest_only']) retrieved from /home/airflow/.local/lib/python3.6/site-packages/airflow/example_dags/example_latest_only.py
[2023-06-12 08:04:39,469] {logging_mixin.py:104} INFO - [2023-06-12 08:04:39,469] {dag.py:1833} INFO - Sync 1 DAGs
[2023-06-12 08:04:39,480] {logging_mixin.py:104} INFO - [2023-06-12 08:04:39,480] {dag.py:2306} INFO - Setting next_dagrun for latest_only to 2023-06-10 00:00:00+00:00
[2023-06-12 08:04:39,490] {scheduler_job.py:189} INFO - Processing /home/airflow/.local/lib/python3.6/site-packages/airflow/example_dags/example_latest_only.py took 0.051 seconds
[2023-06-12 08:05:09,823] {scheduler_job.py:181} INFO - Started process (PID=1405) to work on /home/airflow/.local/lib/python3.6/site-packages/airflow/example_dags/example_latest_only.py
[2023-06-12 08:05:09,824] {scheduler_job.py:632} INFO - Processing file /home/airflow/.local/lib/python3.6/site-packages/airflow/example_dags/example_latest_only.py for tasks to queue
[2023-06-12 08:05:09,825] {logging_mixin.py:104} INFO - [2023-06-12 08:05:09,825] {dagbag.py:496} INFO - Filling up the DagBag from /home/airflow/.local/lib/python3.6/site-packages/airflow/example_dags/example_latest_only.py
[2023-06-12 08:05:09,835] {scheduler_job.py:642} INFO - DAG(s) dict_keys(['latest_only']) retrieved from /home/airflow/.local/lib/python3.6/site-packages/airflow/example_dags/example_latest_only.py
[2023-06-12 08:05:09,853] {logging_mixin.py:104} INFO - [2023-06-12 08:05:09,853] {dag.py:1833} INFO - Sync 1 DAGs
[2023-06-12 08:05:09,869] {logging_mixin.py:104} INFO - [2023-06-12 08:05:09,869] {dag.py:2306} INFO - Setting next_dagrun for latest_only to 2023-06-10 00:00:00+00:00
[2023-06-12 08:05:09,881] {scheduler_job.py:189} INFO - Processing /home/airflow/.local/lib/python3.6/site-packages/airflow/example_dags/example_latest_only.py took 0.061 seconds
[2023-06-12 08:05:40,117] {scheduler_job.py:181} INFO - Started process (PID=1462) to work on /home/airflow/.local/lib/python3.6/site-packages/airflow/example_dags/example_latest_only.py
[2023-06-12 08:05:40,119] {scheduler_job.py:632} INFO - Processing file /home/airflow/.local/lib/python3.6/site-packages/airflow/example_dags/example_latest_only.py for tasks to queue
[2023-06-12 08:05:40,120] {logging_mixin.py:104} INFO - [2023-06-12 08:05:40,120] {dagbag.py:496} INFO - Filling up the DagBag from /home/airflow/.local/lib/python3.6/site-packages/airflow/example_dags/example_latest_only.py
[2023-06-12 08:05:40,129] {scheduler_job.py:642} INFO - DAG(s) dict_keys(['latest_only']) retrieved from /home/airflow/.local/lib/python3.6/site-packages/airflow/example_dags/example_latest_only.py
[2023-06-12 08:05:40,145] {logging_mixin.py:104} INFO - [2023-06-12 08:05:40,145] {dag.py:1833} INFO - Sync 1 DAGs
[2023-06-12 08:05:40,156] {logging_mixin.py:104} INFO - [2023-06-12 08:05:40,156] {dag.py:2306} INFO - Setting next_dagrun for latest_only to 2023-06-10 00:00:00+00:00
[2023-06-12 08:05:40,166] {scheduler_job.py:189} INFO - Processing /home/airflow/.local/lib/python3.6/site-packages/airflow/example_dags/example_latest_only.py took 0.051 seconds
[2023-06-12 08:06:10,572] {scheduler_job.py:181} INFO - Started process (PID=1525) to work on /home/airflow/.local/lib/python3.6/site-packages/airflow/example_dags/example_latest_only.py
[2023-06-12 08:06:10,574] {scheduler_job.py:632} INFO - Processing file /home/airflow/.local/lib/python3.6/site-packages/airflow/example_dags/example_latest_only.py for tasks to queue
[2023-06-12 08:06:10,575] {logging_mixin.py:104} INFO - [2023-06-12 08:06:10,574] {dagbag.py:496} INFO - Filling up the DagBag from /home/airflow/.local/lib/python3.6/site-packages/airflow/example_dags/example_latest_only.py
[2023-06-12 08:06:10,586] {scheduler_job.py:642} INFO - DAG(s) dict_keys(['latest_only']) retrieved from /home/airflow/.local/lib/python3.6/site-packages/airflow/example_dags/example_latest_only.py
[2023-06-12 08:06:10,601] {logging_mixin.py:104} INFO - [2023-06-12 08:06:10,601] {dag.py:1833} INFO - Sync 1 DAGs
[2023-06-12 08:06:10,612] {logging_mixin.py:104} INFO - [2023-06-12 08:06:10,612] {dag.py:2306} INFO - Setting next_dagrun for latest_only to 2023-06-10 00:00:00+00:00
[2023-06-12 08:06:10,621] {scheduler_job.py:189} INFO - Processing /home/airflow/.local/lib/python3.6/site-packages/airflow/example_dags/example_latest_only.py took 0.052 seconds
[2023-06-12 08:06:40,912] {scheduler_job.py:181} INFO - Started process (PID=1578) to work on /home/airflow/.local/lib/python3.6/site-packages/airflow/example_dags/example_latest_only.py
[2023-06-12 08:06:40,913] {scheduler_job.py:632} INFO - Processing file /home/airflow/.local/lib/python3.6/site-packages/airflow/example_dags/example_latest_only.py for tasks to queue
[2023-06-12 08:06:40,914] {logging_mixin.py:104} INFO - [2023-06-12 08:06:40,914] {dagbag.py:496} INFO - Filling up the DagBag from /home/airflow/.local/lib/python3.6/site-packages/airflow/example_dags/example_latest_only.py
[2023-06-12 08:06:40,924] {scheduler_job.py:642} INFO - DAG(s) dict_keys(['latest_only']) retrieved from /home/airflow/.local/lib/python3.6/site-packages/airflow/example_dags/example_latest_only.py
[2023-06-12 08:06:40,940] {logging_mixin.py:104} INFO - [2023-06-12 08:06:40,940] {dag.py:1833} INFO - Sync 1 DAGs
[2023-06-12 08:06:40,951] {logging_mixin.py:104} INFO - [2023-06-12 08:06:40,951] {dag.py:2306} INFO - Setting next_dagrun for latest_only to 2023-06-10 00:00:00+00:00
[2023-06-12 08:06:40,961] {scheduler_job.py:189} INFO - Processing /home/airflow/.local/lib/python3.6/site-packages/airflow/example_dags/example_latest_only.py took 0.052 seconds
[2023-06-12 08:07:11,088] {scheduler_job.py:181} INFO - Started process (PID=1641) to work on /home/airflow/.local/lib/python3.6/site-packages/airflow/example_dags/example_latest_only.py
[2023-06-12 08:07:11,089] {scheduler_job.py:632} INFO - Processing file /home/airflow/.local/lib/python3.6/site-packages/airflow/example_dags/example_latest_only.py for tasks to queue
[2023-06-12 08:07:11,090] {logging_mixin.py:104} INFO - [2023-06-12 08:07:11,090] {dagbag.py:496} INFO - Filling up the DagBag from /home/airflow/.local/lib/python3.6/site-packages/airflow/example_dags/example_latest_only.py
[2023-06-12 08:07:11,099] {scheduler_job.py:642} INFO - DAG(s) dict_keys(['latest_only']) retrieved from /home/airflow/.local/lib/python3.6/site-packages/airflow/example_dags/example_latest_only.py
[2023-06-12 08:07:11,115] {logging_mixin.py:104} INFO - [2023-06-12 08:07:11,115] {dag.py:1833} INFO - Sync 1 DAGs
[2023-06-12 08:07:11,126] {logging_mixin.py:104} INFO - [2023-06-12 08:07:11,126] {dag.py:2306} INFO - Setting next_dagrun for latest_only to 2023-06-10 00:00:00+00:00
[2023-06-12 08:07:11,135] {scheduler_job.py:189} INFO - Processing /home/airflow/.local/lib/python3.6/site-packages/airflow/example_dags/example_latest_only.py took 0.050 seconds
[2023-06-12 08:07:42,154] {scheduler_job.py:181} INFO - Started process (PID=1703) to work on /home/airflow/.local/lib/python3.6/site-packages/airflow/example_dags/example_latest_only.py
[2023-06-12 08:07:42,155] {scheduler_job.py:632} INFO - Processing file /home/airflow/.local/lib/python3.6/site-packages/airflow/example_dags/example_latest_only.py for tasks to queue
[2023-06-12 08:07:42,156] {logging_mixin.py:104} INFO - [2023-06-12 08:07:42,156] {dagbag.py:496} INFO - Filling up the DagBag from /home/airflow/.local/lib/python3.6/site-packages/airflow/example_dags/example_latest_only.py
[2023-06-12 08:07:42,166] {scheduler_job.py:642} INFO - DAG(s) dict_keys(['latest_only']) retrieved from /home/airflow/.local/lib/python3.6/site-packages/airflow/example_dags/example_latest_only.py
[2023-06-12 08:07:42,184] {logging_mixin.py:104} INFO - [2023-06-12 08:07:42,184] {dag.py:1833} INFO - Sync 1 DAGs
[2023-06-12 08:07:42,197] {logging_mixin.py:104} INFO - [2023-06-12 08:07:42,197] {dag.py:2306} INFO - Setting next_dagrun for latest_only to 2023-06-10 00:00:00+00:00
[2023-06-12 08:07:42,206] {scheduler_job.py:189} INFO - Processing /home/airflow/.local/lib/python3.6/site-packages/airflow/example_dags/example_latest_only.py took 0.055 seconds
[2023-06-12 08:08:12,515] {scheduler_job.py:181} INFO - Started process (PID=1757) to work on /home/airflow/.local/lib/python3.6/site-packages/airflow/example_dags/example_latest_only.py
[2023-06-12 08:08:12,516] {scheduler_job.py:632} INFO - Processing file /home/airflow/.local/lib/python3.6/site-packages/airflow/example_dags/example_latest_only.py for tasks to queue
[2023-06-12 08:08:12,517] {logging_mixin.py:104} INFO - [2023-06-12 08:08:12,517] {dagbag.py:496} INFO - Filling up the DagBag from /home/airflow/.local/lib/python3.6/site-packages/airflow/example_dags/example_latest_only.py
[2023-06-12 08:08:12,527] {scheduler_job.py:642} INFO - DAG(s) dict_keys(['latest_only']) retrieved from /home/airflow/.local/lib/python3.6/site-packages/airflow/example_dags/example_latest_only.py
[2023-06-12 08:08:12,544] {logging_mixin.py:104} INFO - [2023-06-12 08:08:12,544] {dag.py:1833} INFO - Sync 1 DAGs
[2023-06-12 08:08:12,555] {logging_mixin.py:104} INFO - [2023-06-12 08:08:12,555] {dag.py:2306} INFO - Setting next_dagrun for latest_only to 2023-06-10 00:00:00+00:00
[2023-06-12 08:08:12,565] {scheduler_job.py:189} INFO - Processing /home/airflow/.local/lib/python3.6/site-packages/airflow/example_dags/example_latest_only.py took 0.053 seconds
[2023-06-12 08:08:43,075] {scheduler_job.py:181} INFO - Started process (PID=1821) to work on /home/airflow/.local/lib/python3.6/site-packages/airflow/example_dags/example_latest_only.py
[2023-06-12 08:08:43,076] {scheduler_job.py:632} INFO - Processing file /home/airflow/.local/lib/python3.6/site-packages/airflow/example_dags/example_latest_only.py for tasks to queue
[2023-06-12 08:08:43,077] {logging_mixin.py:104} INFO - [2023-06-12 08:08:43,077] {dagbag.py:496} INFO - Filling up the DagBag from /home/airflow/.local/lib/python3.6/site-packages/airflow/example_dags/example_latest_only.py
[2023-06-12 08:08:43,085] {scheduler_job.py:642} INFO - DAG(s) dict_keys(['latest_only']) retrieved from /home/airflow/.local/lib/python3.6/site-packages/airflow/example_dags/example_latest_only.py
[2023-06-12 08:08:43,101] {logging_mixin.py:104} INFO - [2023-06-12 08:08:43,101] {dag.py:1833} INFO - Sync 1 DAGs
[2023-06-12 08:08:43,113] {logging_mixin.py:104} INFO - [2023-06-12 08:08:43,113] {dag.py:2306} INFO - Setting next_dagrun for latest_only to 2023-06-10 00:00:00+00:00
[2023-06-12 08:08:43,122] {scheduler_job.py:189} INFO - Processing /home/airflow/.local/lib/python3.6/site-packages/airflow/example_dags/example_latest_only.py took 0.050 seconds
[2023-06-12 08:09:13,441] {scheduler_job.py:181} INFO - Started process (PID=1874) to work on /home/airflow/.local/lib/python3.6/site-packages/airflow/example_dags/example_latest_only.py
[2023-06-12 08:09:13,442] {scheduler_job.py:632} INFO - Processing file /home/airflow/.local/lib/python3.6/site-packages/airflow/example_dags/example_latest_only.py for tasks to queue
[2023-06-12 08:09:13,443] {logging_mixin.py:104} INFO - [2023-06-12 08:09:13,443] {dagbag.py:496} INFO - Filling up the DagBag from /home/airflow/.local/lib/python3.6/site-packages/airflow/example_dags/example_latest_only.py
[2023-06-12 08:09:13,451] {scheduler_job.py:642} INFO - DAG(s) dict_keys(['latest_only']) retrieved from /home/airflow/.local/lib/python3.6/site-packages/airflow/example_dags/example_latest_only.py
[2023-06-12 08:09:13,466] {logging_mixin.py:104} INFO - [2023-06-12 08:09:13,466] {dag.py:1833} INFO - Sync 1 DAGs
[2023-06-12 08:09:13,477] {logging_mixin.py:104} INFO - [2023-06-12 08:09:13,477] {dag.py:2306} INFO - Setting next_dagrun for latest_only to 2023-06-10 00:00:00+00:00
[2023-06-12 08:09:13,486] {scheduler_job.py:189} INFO - Processing /home/airflow/.local/lib/python3.6/site-packages/airflow/example_dags/example_latest_only.py took 0.047 seconds
[2023-06-12 08:09:43,803] {scheduler_job.py:181} INFO - Started process (PID=1937) to work on /home/airflow/.local/lib/python3.6/site-packages/airflow/example_dags/example_latest_only.py
[2023-06-12 08:09:43,804] {scheduler_job.py:632} INFO - Processing file /home/airflow/.local/lib/python3.6/site-packages/airflow/example_dags/example_latest_only.py for tasks to queue
[2023-06-12 08:09:43,805] {logging_mixin.py:104} INFO - [2023-06-12 08:09:43,805] {dagbag.py:496} INFO - Filling up the DagBag from /home/airflow/.local/lib/python3.6/site-packages/airflow/example_dags/example_latest_only.py
[2023-06-12 08:09:43,814] {scheduler_job.py:642} INFO - DAG(s) dict_keys(['latest_only']) retrieved from /home/airflow/.local/lib/python3.6/site-packages/airflow/example_dags/example_latest_only.py
[2023-06-12 08:09:43,832] {logging_mixin.py:104} INFO - [2023-06-12 08:09:43,832] {dag.py:1833} INFO - Sync 1 DAGs
[2023-06-12 08:09:43,847] {logging_mixin.py:104} INFO - [2023-06-12 08:09:43,847] {dag.py:2306} INFO - Setting next_dagrun for latest_only to 2023-06-10 00:00:00+00:00
[2023-06-12 08:09:43,858] {scheduler_job.py:189} INFO - Processing /home/airflow/.local/lib/python3.6/site-packages/airflow/example_dags/example_latest_only.py took 0.058 seconds
[2023-06-12 08:10:14,311] {scheduler_job.py:181} INFO - Started process (PID=2000) to work on /home/airflow/.local/lib/python3.6/site-packages/airflow/example_dags/example_latest_only.py
[2023-06-12 08:10:14,313] {scheduler_job.py:632} INFO - Processing file /home/airflow/.local/lib/python3.6/site-packages/airflow/example_dags/example_latest_only.py for tasks to queue
[2023-06-12 08:10:14,314] {logging_mixin.py:104} INFO - [2023-06-12 08:10:14,314] {dagbag.py:496} INFO - Filling up the DagBag from /home/airflow/.local/lib/python3.6/site-packages/airflow/example_dags/example_latest_only.py
[2023-06-12 08:10:14,323] {scheduler_job.py:642} INFO - DAG(s) dict_keys(['latest_only']) retrieved from /home/airflow/.local/lib/python3.6/site-packages/airflow/example_dags/example_latest_only.py
[2023-06-12 08:10:14,340] {logging_mixin.py:104} INFO - [2023-06-12 08:10:14,339] {dag.py:1833} INFO - Sync 1 DAGs
[2023-06-12 08:10:14,352] {logging_mixin.py:104} INFO - [2023-06-12 08:10:14,352] {dag.py:2306} INFO - Setting next_dagrun for latest_only to 2023-06-10 00:00:00+00:00
[2023-06-12 08:10:14,362] {scheduler_job.py:189} INFO - Processing /home/airflow/.local/lib/python3.6/site-packages/airflow/example_dags/example_latest_only.py took 0.054 seconds
[2023-06-12 08:10:44,673] {scheduler_job.py:181} INFO - Started process (PID=2053) to work on /home/airflow/.local/lib/python3.6/site-packages/airflow/example_dags/example_latest_only.py
[2023-06-12 08:10:44,674] {scheduler_job.py:632} INFO - Processing file /home/airflow/.local/lib/python3.6/site-packages/airflow/example_dags/example_latest_only.py for tasks to queue
[2023-06-12 08:10:44,675] {logging_mixin.py:104} INFO - [2023-06-12 08:10:44,675] {dagbag.py:496} INFO - Filling up the DagBag from /home/airflow/.local/lib/python3.6/site-packages/airflow/example_dags/example_latest_only.py
[2023-06-12 08:10:44,683] {scheduler_job.py:642} INFO - DAG(s) dict_keys(['latest_only']) retrieved from /home/airflow/.local/lib/python3.6/site-packages/airflow/example_dags/example_latest_only.py
[2023-06-12 08:10:44,699] {logging_mixin.py:104} INFO - [2023-06-12 08:10:44,699] {dag.py:1833} INFO - Sync 1 DAGs
[2023-06-12 08:10:44,711] {logging_mixin.py:104} INFO - [2023-06-12 08:10:44,710] {dag.py:2306} INFO - Setting next_dagrun for latest_only to 2023-06-10 00:00:00+00:00
[2023-06-12 08:10:44,721] {scheduler_job.py:189} INFO - Processing /home/airflow/.local/lib/python3.6/site-packages/airflow/example_dags/example_latest_only.py took 0.051 seconds
[2023-06-12 08:11:15,151] {scheduler_job.py:181} INFO - Started process (PID=2116) to work on /home/airflow/.local/lib/python3.6/site-packages/airflow/example_dags/example_latest_only.py
[2023-06-12 08:11:15,153] {scheduler_job.py:632} INFO - Processing file /home/airflow/.local/lib/python3.6/site-packages/airflow/example_dags/example_latest_only.py for tasks to queue
[2023-06-12 08:11:15,154] {logging_mixin.py:104} INFO - [2023-06-12 08:11:15,153] {dagbag.py:496} INFO - Filling up the DagBag from /home/airflow/.local/lib/python3.6/site-packages/airflow/example_dags/example_latest_only.py
[2023-06-12 08:11:15,162] {scheduler_job.py:642} INFO - DAG(s) dict_keys(['latest_only']) retrieved from /home/airflow/.local/lib/python3.6/site-packages/airflow/example_dags/example_latest_only.py
[2023-06-12 08:11:15,178] {logging_mixin.py:104} INFO - [2023-06-12 08:11:15,178] {dag.py:1833} INFO - Sync 1 DAGs
[2023-06-12 08:11:15,188] {logging_mixin.py:104} INFO - [2023-06-12 08:11:15,188] {dag.py:2306} INFO - Setting next_dagrun for latest_only to 2023-06-10 00:00:00+00:00
[2023-06-12 08:11:15,198] {scheduler_job.py:189} INFO - Processing /home/airflow/.local/lib/python3.6/site-packages/airflow/example_dags/example_latest_only.py took 0.050 seconds
[2023-06-12 08:11:45,456] {scheduler_job.py:181} INFO - Started process (PID=2169) to work on /home/airflow/.local/lib/python3.6/site-packages/airflow/example_dags/example_latest_only.py
[2023-06-12 08:11:45,458] {scheduler_job.py:632} INFO - Processing file /home/airflow/.local/lib/python3.6/site-packages/airflow/example_dags/example_latest_only.py for tasks to queue
[2023-06-12 08:11:45,459] {logging_mixin.py:104} INFO - [2023-06-12 08:11:45,458] {dagbag.py:496} INFO - Filling up the DagBag from /home/airflow/.local/lib/python3.6/site-packages/airflow/example_dags/example_latest_only.py
[2023-06-12 08:11:45,468] {scheduler_job.py:642} INFO - DAG(s) dict_keys(['latest_only']) retrieved from /home/airflow/.local/lib/python3.6/site-packages/airflow/example_dags/example_latest_only.py
[2023-06-12 08:11:45,484] {logging_mixin.py:104} INFO - [2023-06-12 08:11:45,484] {dag.py:1833} INFO - Sync 1 DAGs
[2023-06-12 08:11:45,496] {logging_mixin.py:104} INFO - [2023-06-12 08:11:45,495] {dag.py:2306} INFO - Setting next_dagrun for latest_only to 2023-06-10 00:00:00+00:00
[2023-06-12 08:11:45,506] {scheduler_job.py:189} INFO - Processing /home/airflow/.local/lib/python3.6/site-packages/airflow/example_dags/example_latest_only.py took 0.053 seconds
[2023-06-12 08:12:16,062] {scheduler_job.py:181} INFO - Started process (PID=2232) to work on /home/airflow/.local/lib/python3.6/site-packages/airflow/example_dags/example_latest_only.py
[2023-06-12 08:12:16,063] {scheduler_job.py:632} INFO - Processing file /home/airflow/.local/lib/python3.6/site-packages/airflow/example_dags/example_latest_only.py for tasks to queue
[2023-06-12 08:12:16,064] {logging_mixin.py:104} INFO - [2023-06-12 08:12:16,064] {dagbag.py:496} INFO - Filling up the DagBag from /home/airflow/.local/lib/python3.6/site-packages/airflow/example_dags/example_latest_only.py
[2023-06-12 08:12:16,072] {scheduler_job.py:642} INFO - DAG(s) dict_keys(['latest_only']) retrieved from /home/airflow/.local/lib/python3.6/site-packages/airflow/example_dags/example_latest_only.py
[2023-06-12 08:12:16,088] {logging_mixin.py:104} INFO - [2023-06-12 08:12:16,088] {dag.py:1833} INFO - Sync 1 DAGs
[2023-06-12 08:12:16,099] {logging_mixin.py:104} INFO - [2023-06-12 08:12:16,099] {dag.py:2306} INFO - Setting next_dagrun for latest_only to 2023-06-10 00:00:00+00:00
[2023-06-12 08:12:16,109] {scheduler_job.py:189} INFO - Processing /home/airflow/.local/lib/python3.6/site-packages/airflow/example_dags/example_latest_only.py took 0.049 seconds
[2023-06-12 08:12:46,499] {scheduler_job.py:181} INFO - Started process (PID=2295) to work on /home/airflow/.local/lib/python3.6/site-packages/airflow/example_dags/example_latest_only.py
[2023-06-12 08:12:46,501] {scheduler_job.py:632} INFO - Processing file /home/airflow/.local/lib/python3.6/site-packages/airflow/example_dags/example_latest_only.py for tasks to queue
[2023-06-12 08:12:46,502] {logging_mixin.py:104} INFO - [2023-06-12 08:12:46,502] {dagbag.py:496} INFO - Filling up the DagBag from /home/airflow/.local/lib/python3.6/site-packages/airflow/example_dags/example_latest_only.py
[2023-06-12 08:12:46,515] {scheduler_job.py:642} INFO - DAG(s) dict_keys(['latest_only']) retrieved from /home/airflow/.local/lib/python3.6/site-packages/airflow/example_dags/example_latest_only.py
[2023-06-12 08:12:46,532] {logging_mixin.py:104} INFO - [2023-06-12 08:12:46,532] {dag.py:1833} INFO - Sync 1 DAGs
[2023-06-12 08:12:46,544] {logging_mixin.py:104} INFO - [2023-06-12 08:12:46,544] {dag.py:2306} INFO - Setting next_dagrun for latest_only to 2023-06-10 00:00:00+00:00
[2023-06-12 08:12:46,553] {scheduler_job.py:189} INFO - Processing /home/airflow/.local/lib/python3.6/site-packages/airflow/example_dags/example_latest_only.py took 0.058 seconds
