[2023-06-12 07:53:29,202] {scheduler_job.py:181} INFO - Started process (PID=70) to work on /home/airflow/.local/lib/python3.6/site-packages/airflow/example_dags/example_xcomargs.py
[2023-06-12 07:53:29,203] {scheduler_job.py:632} INFO - Processing file /home/airflow/.local/lib/python3.6/site-packages/airflow/example_dags/example_xcomargs.py for tasks to queue
[2023-06-12 07:53:29,204] {logging_mixin.py:104} INFO - [2023-06-12 07:53:29,204] {dagbag.py:496} INFO - Filling up the DagBag from /home/airflow/.local/lib/python3.6/site-packages/airflow/example_dags/example_xcomargs.py
[2023-06-12 07:53:29,222] {scheduler_job.py:642} INFO - DAG(s) dict_keys(['example_xcom_args', 'example_xcom_args_with_operators']) retrieved from /home/airflow/.local/lib/python3.6/site-packages/airflow/example_dags/example_xcomargs.py
[2023-06-12 07:53:29,470] {logging_mixin.py:104} INFO - [2023-06-12 07:53:29,470] {dag.py:1833} INFO - Sync 2 DAGs
[2023-06-12 07:53:29,491] {logging_mixin.py:104} INFO - [2023-06-12 07:53:29,491] {dag.py:2306} INFO - Setting next_dagrun for example_xcom_args to None
[2023-06-12 07:53:29,492] {logging_mixin.py:104} INFO - [2023-06-12 07:53:29,492] {dag.py:2306} INFO - Setting next_dagrun for example_xcom_args_with_operators to None
[2023-06-12 07:53:29,508] {scheduler_job.py:189} INFO - Processing /home/airflow/.local/lib/python3.6/site-packages/airflow/example_dags/example_xcomargs.py took 0.309 seconds
[2023-06-12 07:53:59,640] {scheduler_job.py:181} INFO - Started process (PID=123) to work on /home/airflow/.local/lib/python3.6/site-packages/airflow/example_dags/example_xcomargs.py
[2023-06-12 07:53:59,642] {scheduler_job.py:632} INFO - Processing file /home/airflow/.local/lib/python3.6/site-packages/airflow/example_dags/example_xcomargs.py for tasks to queue
[2023-06-12 07:53:59,643] {logging_mixin.py:104} INFO - [2023-06-12 07:53:59,642] {dagbag.py:496} INFO - Filling up the DagBag from /home/airflow/.local/lib/python3.6/site-packages/airflow/example_dags/example_xcomargs.py
[2023-06-12 07:53:59,661] {scheduler_job.py:642} INFO - DAG(s) dict_keys(['example_xcom_args', 'example_xcom_args_with_operators']) retrieved from /home/airflow/.local/lib/python3.6/site-packages/airflow/example_dags/example_xcomargs.py
[2023-06-12 07:53:59,848] {logging_mixin.py:104} INFO - [2023-06-12 07:53:59,848] {dag.py:1833} INFO - Sync 2 DAGs
[2023-06-12 07:53:59,859] {logging_mixin.py:104} INFO - [2023-06-12 07:53:59,859] {dag.py:2306} INFO - Setting next_dagrun for example_xcom_args to None
[2023-06-12 07:53:59,860] {logging_mixin.py:104} INFO - [2023-06-12 07:53:59,860] {dag.py:2306} INFO - Setting next_dagrun for example_xcom_args_with_operators to None
[2023-06-12 07:53:59,871] {scheduler_job.py:189} INFO - Processing /home/airflow/.local/lib/python3.6/site-packages/airflow/example_dags/example_xcomargs.py took 0.234 seconds
[2023-06-12 07:54:30,821] {scheduler_job.py:181} INFO - Started process (PID=186) to work on /home/airflow/.local/lib/python3.6/site-packages/airflow/example_dags/example_xcomargs.py
[2023-06-12 07:54:30,822] {scheduler_job.py:632} INFO - Processing file /home/airflow/.local/lib/python3.6/site-packages/airflow/example_dags/example_xcomargs.py for tasks to queue
[2023-06-12 07:54:30,823] {logging_mixin.py:104} INFO - [2023-06-12 07:54:30,822] {dagbag.py:496} INFO - Filling up the DagBag from /home/airflow/.local/lib/python3.6/site-packages/airflow/example_dags/example_xcomargs.py
[2023-06-12 07:54:30,839] {scheduler_job.py:642} INFO - DAG(s) dict_keys(['example_xcom_args', 'example_xcom_args_with_operators']) retrieved from /home/airflow/.local/lib/python3.6/site-packages/airflow/example_dags/example_xcomargs.py
[2023-06-12 07:54:30,993] {logging_mixin.py:104} INFO - [2023-06-12 07:54:30,993] {dag.py:1833} INFO - Sync 2 DAGs
[2023-06-12 07:54:31,003] {logging_mixin.py:104} INFO - [2023-06-12 07:54:31,003] {dag.py:2306} INFO - Setting next_dagrun for example_xcom_args to None
[2023-06-12 07:54:31,004] {logging_mixin.py:104} INFO - [2023-06-12 07:54:31,004] {dag.py:2306} INFO - Setting next_dagrun for example_xcom_args_with_operators to None
[2023-06-12 07:54:31,013] {scheduler_job.py:189} INFO - Processing /home/airflow/.local/lib/python3.6/site-packages/airflow/example_dags/example_xcomargs.py took 0.195 seconds
[2023-06-12 07:55:01,842] {scheduler_job.py:181} INFO - Started process (PID=239) to work on /home/airflow/.local/lib/python3.6/site-packages/airflow/example_dags/example_xcomargs.py
[2023-06-12 07:55:01,843] {scheduler_job.py:632} INFO - Processing file /home/airflow/.local/lib/python3.6/site-packages/airflow/example_dags/example_xcomargs.py for tasks to queue
[2023-06-12 07:55:01,844] {logging_mixin.py:104} INFO - [2023-06-12 07:55:01,844] {dagbag.py:496} INFO - Filling up the DagBag from /home/airflow/.local/lib/python3.6/site-packages/airflow/example_dags/example_xcomargs.py
[2023-06-12 07:55:01,860] {scheduler_job.py:642} INFO - DAG(s) dict_keys(['example_xcom_args', 'example_xcom_args_with_operators']) retrieved from /home/airflow/.local/lib/python3.6/site-packages/airflow/example_dags/example_xcomargs.py
[2023-06-12 07:55:02,058] {logging_mixin.py:104} INFO - [2023-06-12 07:55:02,058] {dag.py:1833} INFO - Sync 2 DAGs
[2023-06-12 07:55:02,073] {logging_mixin.py:104} INFO - [2023-06-12 07:55:02,073] {dag.py:2306} INFO - Setting next_dagrun for example_xcom_args to None
[2023-06-12 07:55:02,074] {logging_mixin.py:104} INFO - [2023-06-12 07:55:02,074] {dag.py:2306} INFO - Setting next_dagrun for example_xcom_args_with_operators to None
[2023-06-12 07:55:02,086] {scheduler_job.py:189} INFO - Processing /home/airflow/.local/lib/python3.6/site-packages/airflow/example_dags/example_xcomargs.py took 0.247 seconds
[2023-06-12 07:55:32,349] {scheduler_job.py:181} INFO - Started process (PID=302) to work on /home/airflow/.local/lib/python3.6/site-packages/airflow/example_dags/example_xcomargs.py
[2023-06-12 07:55:32,350] {scheduler_job.py:632} INFO - Processing file /home/airflow/.local/lib/python3.6/site-packages/airflow/example_dags/example_xcomargs.py for tasks to queue
[2023-06-12 07:55:32,351] {logging_mixin.py:104} INFO - [2023-06-12 07:55:32,351] {dagbag.py:496} INFO - Filling up the DagBag from /home/airflow/.local/lib/python3.6/site-packages/airflow/example_dags/example_xcomargs.py
[2023-06-12 07:55:32,365] {scheduler_job.py:642} INFO - DAG(s) dict_keys(['example_xcom_args', 'example_xcom_args_with_operators']) retrieved from /home/airflow/.local/lib/python3.6/site-packages/airflow/example_dags/example_xcomargs.py
[2023-06-12 07:55:32,519] {logging_mixin.py:104} INFO - [2023-06-12 07:55:32,519] {dag.py:1833} INFO - Sync 2 DAGs
[2023-06-12 07:55:32,530] {logging_mixin.py:104} INFO - [2023-06-12 07:55:32,530] {dag.py:2306} INFO - Setting next_dagrun for example_xcom_args to None
[2023-06-12 07:55:32,531] {logging_mixin.py:104} INFO - [2023-06-12 07:55:32,531] {dag.py:2306} INFO - Setting next_dagrun for example_xcom_args_with_operators to None
[2023-06-12 07:55:32,542] {scheduler_job.py:189} INFO - Processing /home/airflow/.local/lib/python3.6/site-packages/airflow/example_dags/example_xcomargs.py took 0.195 seconds
[2023-06-12 07:56:02,898] {scheduler_job.py:181} INFO - Started process (PID=365) to work on /home/airflow/.local/lib/python3.6/site-packages/airflow/example_dags/example_xcomargs.py
[2023-06-12 07:56:02,899] {scheduler_job.py:632} INFO - Processing file /home/airflow/.local/lib/python3.6/site-packages/airflow/example_dags/example_xcomargs.py for tasks to queue
[2023-06-12 07:56:02,900] {logging_mixin.py:104} INFO - [2023-06-12 07:56:02,900] {dagbag.py:496} INFO - Filling up the DagBag from /home/airflow/.local/lib/python3.6/site-packages/airflow/example_dags/example_xcomargs.py
[2023-06-12 07:56:02,914] {scheduler_job.py:642} INFO - DAG(s) dict_keys(['example_xcom_args', 'example_xcom_args_with_operators']) retrieved from /home/airflow/.local/lib/python3.6/site-packages/airflow/example_dags/example_xcomargs.py
[2023-06-12 07:56:03,066] {logging_mixin.py:104} INFO - [2023-06-12 07:56:03,066] {dag.py:1833} INFO - Sync 2 DAGs
[2023-06-12 07:56:03,077] {logging_mixin.py:104} INFO - [2023-06-12 07:56:03,077] {dag.py:2306} INFO - Setting next_dagrun for example_xcom_args to None
[2023-06-12 07:56:03,079] {logging_mixin.py:104} INFO - [2023-06-12 07:56:03,079] {dag.py:2306} INFO - Setting next_dagrun for example_xcom_args_with_operators to None
[2023-06-12 07:56:03,089] {scheduler_job.py:189} INFO - Processing /home/airflow/.local/lib/python3.6/site-packages/airflow/example_dags/example_xcomargs.py took 0.194 seconds
[2023-06-12 07:56:33,272] {scheduler_job.py:181} INFO - Started process (PID=418) to work on /home/airflow/.local/lib/python3.6/site-packages/airflow/example_dags/example_xcomargs.py
[2023-06-12 07:56:33,274] {scheduler_job.py:632} INFO - Processing file /home/airflow/.local/lib/python3.6/site-packages/airflow/example_dags/example_xcomargs.py for tasks to queue
[2023-06-12 07:56:33,276] {logging_mixin.py:104} INFO - [2023-06-12 07:56:33,275] {dagbag.py:496} INFO - Filling up the DagBag from /home/airflow/.local/lib/python3.6/site-packages/airflow/example_dags/example_xcomargs.py
[2023-06-12 07:56:33,295] {scheduler_job.py:642} INFO - DAG(s) dict_keys(['example_xcom_args', 'example_xcom_args_with_operators']) retrieved from /home/airflow/.local/lib/python3.6/site-packages/airflow/example_dags/example_xcomargs.py
[2023-06-12 07:56:33,485] {logging_mixin.py:104} INFO - [2023-06-12 07:56:33,485] {dag.py:1833} INFO - Sync 2 DAGs
[2023-06-12 07:56:33,496] {logging_mixin.py:104} INFO - [2023-06-12 07:56:33,496] {dag.py:2306} INFO - Setting next_dagrun for example_xcom_args to None
[2023-06-12 07:56:33,497] {logging_mixin.py:104} INFO - [2023-06-12 07:56:33,497] {dag.py:2306} INFO - Setting next_dagrun for example_xcom_args_with_operators to None
[2023-06-12 07:56:33,507] {scheduler_job.py:189} INFO - Processing /home/airflow/.local/lib/python3.6/site-packages/airflow/example_dags/example_xcomargs.py took 0.237 seconds
[2023-06-12 07:57:04,319] {scheduler_job.py:181} INFO - Started process (PID=481) to work on /home/airflow/.local/lib/python3.6/site-packages/airflow/example_dags/example_xcomargs.py
[2023-06-12 07:57:04,320] {scheduler_job.py:632} INFO - Processing file /home/airflow/.local/lib/python3.6/site-packages/airflow/example_dags/example_xcomargs.py for tasks to queue
[2023-06-12 07:57:04,321] {logging_mixin.py:104} INFO - [2023-06-12 07:57:04,321] {dagbag.py:496} INFO - Filling up the DagBag from /home/airflow/.local/lib/python3.6/site-packages/airflow/example_dags/example_xcomargs.py
[2023-06-12 07:57:04,337] {scheduler_job.py:642} INFO - DAG(s) dict_keys(['example_xcom_args', 'example_xcom_args_with_operators']) retrieved from /home/airflow/.local/lib/python3.6/site-packages/airflow/example_dags/example_xcomargs.py
[2023-06-12 07:57:04,521] {logging_mixin.py:104} INFO - [2023-06-12 07:57:04,520] {dag.py:1833} INFO - Sync 2 DAGs
[2023-06-12 07:57:04,533] {logging_mixin.py:104} INFO - [2023-06-12 07:57:04,533] {dag.py:2306} INFO - Setting next_dagrun for example_xcom_args to None
[2023-06-12 07:57:04,534] {logging_mixin.py:104} INFO - [2023-06-12 07:57:04,534] {dag.py:2306} INFO - Setting next_dagrun for example_xcom_args_with_operators to None
[2023-06-12 07:57:04,546] {scheduler_job.py:189} INFO - Processing /home/airflow/.local/lib/python3.6/site-packages/airflow/example_dags/example_xcomargs.py took 0.230 seconds
[2023-06-12 07:57:35,460] {scheduler_job.py:181} INFO - Started process (PID=544) to work on /home/airflow/.local/lib/python3.6/site-packages/airflow/example_dags/example_xcomargs.py
[2023-06-12 07:57:35,461] {scheduler_job.py:632} INFO - Processing file /home/airflow/.local/lib/python3.6/site-packages/airflow/example_dags/example_xcomargs.py for tasks to queue
[2023-06-12 07:57:35,462] {logging_mixin.py:104} INFO - [2023-06-12 07:57:35,462] {dagbag.py:496} INFO - Filling up the DagBag from /home/airflow/.local/lib/python3.6/site-packages/airflow/example_dags/example_xcomargs.py
[2023-06-12 07:57:35,478] {scheduler_job.py:642} INFO - DAG(s) dict_keys(['example_xcom_args', 'example_xcom_args_with_operators']) retrieved from /home/airflow/.local/lib/python3.6/site-packages/airflow/example_dags/example_xcomargs.py
[2023-06-12 07:57:35,501] {logging_mixin.py:104} INFO - [2023-06-12 07:57:35,500] {dag.py:1833} INFO - Sync 2 DAGs
[2023-06-12 07:57:35,516] {logging_mixin.py:104} INFO - [2023-06-12 07:57:35,516] {dag.py:2306} INFO - Setting next_dagrun for example_xcom_args to None
[2023-06-12 07:57:35,518] {logging_mixin.py:104} INFO - [2023-06-12 07:57:35,518] {dag.py:2306} INFO - Setting next_dagrun for example_xcom_args_with_operators to None
[2023-06-12 07:57:35,528] {scheduler_job.py:189} INFO - Processing /home/airflow/.local/lib/python3.6/site-packages/airflow/example_dags/example_xcomargs.py took 0.071 seconds
[2023-06-12 07:58:05,582] {scheduler_job.py:181} INFO - Started process (PID=597) to work on /home/airflow/.local/lib/python3.6/site-packages/airflow/example_dags/example_xcomargs.py
[2023-06-12 07:58:05,583] {scheduler_job.py:632} INFO - Processing file /home/airflow/.local/lib/python3.6/site-packages/airflow/example_dags/example_xcomargs.py for tasks to queue
[2023-06-12 07:58:05,584] {logging_mixin.py:104} INFO - [2023-06-12 07:58:05,584] {dagbag.py:496} INFO - Filling up the DagBag from /home/airflow/.local/lib/python3.6/site-packages/airflow/example_dags/example_xcomargs.py
[2023-06-12 07:58:05,598] {scheduler_job.py:642} INFO - DAG(s) dict_keys(['example_xcom_args', 'example_xcom_args_with_operators']) retrieved from /home/airflow/.local/lib/python3.6/site-packages/airflow/example_dags/example_xcomargs.py
[2023-06-12 07:58:05,744] {logging_mixin.py:104} INFO - [2023-06-12 07:58:05,744] {dag.py:1833} INFO - Sync 2 DAGs
[2023-06-12 07:58:05,757] {logging_mixin.py:104} INFO - [2023-06-12 07:58:05,756] {dag.py:2306} INFO - Setting next_dagrun for example_xcom_args to None
[2023-06-12 07:58:05,757] {logging_mixin.py:104} INFO - [2023-06-12 07:58:05,757] {dag.py:2306} INFO - Setting next_dagrun for example_xcom_args_with_operators to None
[2023-06-12 07:58:05,769] {scheduler_job.py:189} INFO - Processing /home/airflow/.local/lib/python3.6/site-packages/airflow/example_dags/example_xcomargs.py took 0.189 seconds
[2023-06-12 07:58:35,922] {scheduler_job.py:181} INFO - Started process (PID=660) to work on /home/airflow/.local/lib/python3.6/site-packages/airflow/example_dags/example_xcomargs.py
[2023-06-12 07:58:35,923] {scheduler_job.py:632} INFO - Processing file /home/airflow/.local/lib/python3.6/site-packages/airflow/example_dags/example_xcomargs.py for tasks to queue
[2023-06-12 07:58:35,924] {logging_mixin.py:104} INFO - [2023-06-12 07:58:35,924] {dagbag.py:496} INFO - Filling up the DagBag from /home/airflow/.local/lib/python3.6/site-packages/airflow/example_dags/example_xcomargs.py
[2023-06-12 07:58:35,939] {scheduler_job.py:642} INFO - DAG(s) dict_keys(['example_xcom_args', 'example_xcom_args_with_operators']) retrieved from /home/airflow/.local/lib/python3.6/site-packages/airflow/example_dags/example_xcomargs.py
[2023-06-12 07:58:36,109] {logging_mixin.py:104} INFO - [2023-06-12 07:58:36,109] {dag.py:1833} INFO - Sync 2 DAGs
[2023-06-12 07:58:36,121] {logging_mixin.py:104} INFO - [2023-06-12 07:58:36,121] {dag.py:2306} INFO - Setting next_dagrun for example_xcom_args to None
[2023-06-12 07:58:36,122] {logging_mixin.py:104} INFO - [2023-06-12 07:58:36,122] {dag.py:2306} INFO - Setting next_dagrun for example_xcom_args_with_operators to None
[2023-06-12 07:58:36,133] {scheduler_job.py:189} INFO - Processing /home/airflow/.local/lib/python3.6/site-packages/airflow/example_dags/example_xcomargs.py took 0.213 seconds
[2023-06-12 07:59:06,903] {scheduler_job.py:181} INFO - Started process (PID=720) to work on /home/airflow/.local/lib/python3.6/site-packages/airflow/example_dags/example_xcomargs.py
[2023-06-12 07:59:06,905] {scheduler_job.py:632} INFO - Processing file /home/airflow/.local/lib/python3.6/site-packages/airflow/example_dags/example_xcomargs.py for tasks to queue
[2023-06-12 07:59:06,906] {logging_mixin.py:104} INFO - [2023-06-12 07:59:06,905] {dagbag.py:496} INFO - Filling up the DagBag from /home/airflow/.local/lib/python3.6/site-packages/airflow/example_dags/example_xcomargs.py
[2023-06-12 07:59:06,920] {scheduler_job.py:642} INFO - DAG(s) dict_keys(['example_xcom_args', 'example_xcom_args_with_operators']) retrieved from /home/airflow/.local/lib/python3.6/site-packages/airflow/example_dags/example_xcomargs.py
[2023-06-12 07:59:07,112] {logging_mixin.py:104} INFO - [2023-06-12 07:59:07,112] {dag.py:1833} INFO - Sync 2 DAGs
[2023-06-12 07:59:07,124] {logging_mixin.py:104} INFO - [2023-06-12 07:59:07,124] {dag.py:2306} INFO - Setting next_dagrun for example_xcom_args to None
[2023-06-12 07:59:07,126] {logging_mixin.py:104} INFO - [2023-06-12 07:59:07,126] {dag.py:2306} INFO - Setting next_dagrun for example_xcom_args_with_operators to None
[2023-06-12 07:59:07,136] {scheduler_job.py:189} INFO - Processing /home/airflow/.local/lib/python3.6/site-packages/airflow/example_dags/example_xcomargs.py took 0.235 seconds
[2023-06-12 07:59:37,731] {scheduler_job.py:181} INFO - Started process (PID=776) to work on /home/airflow/.local/lib/python3.6/site-packages/airflow/example_dags/example_xcomargs.py
[2023-06-12 07:59:37,733] {scheduler_job.py:632} INFO - Processing file /home/airflow/.local/lib/python3.6/site-packages/airflow/example_dags/example_xcomargs.py for tasks to queue
[2023-06-12 07:59:37,734] {logging_mixin.py:104} INFO - [2023-06-12 07:59:37,733] {dagbag.py:496} INFO - Filling up the DagBag from /home/airflow/.local/lib/python3.6/site-packages/airflow/example_dags/example_xcomargs.py
[2023-06-12 07:59:37,751] {scheduler_job.py:642} INFO - DAG(s) dict_keys(['example_xcom_args', 'example_xcom_args_with_operators']) retrieved from /home/airflow/.local/lib/python3.6/site-packages/airflow/example_dags/example_xcomargs.py
[2023-06-12 07:59:37,920] {logging_mixin.py:104} INFO - [2023-06-12 07:59:37,920] {dag.py:1833} INFO - Sync 2 DAGs
[2023-06-12 07:59:37,932] {logging_mixin.py:104} INFO - [2023-06-12 07:59:37,932] {dag.py:2306} INFO - Setting next_dagrun for example_xcom_args to None
[2023-06-12 07:59:37,933] {logging_mixin.py:104} INFO - [2023-06-12 07:59:37,933] {dag.py:2306} INFO - Setting next_dagrun for example_xcom_args_with_operators to None
[2023-06-12 07:59:37,944] {scheduler_job.py:189} INFO - Processing /home/airflow/.local/lib/python3.6/site-packages/airflow/example_dags/example_xcomargs.py took 0.215 seconds
[2023-06-12 08:00:08,784] {scheduler_job.py:181} INFO - Started process (PID=839) to work on /home/airflow/.local/lib/python3.6/site-packages/airflow/example_dags/example_xcomargs.py
[2023-06-12 08:00:08,785] {scheduler_job.py:632} INFO - Processing file /home/airflow/.local/lib/python3.6/site-packages/airflow/example_dags/example_xcomargs.py for tasks to queue
[2023-06-12 08:00:08,786] {logging_mixin.py:104} INFO - [2023-06-12 08:00:08,786] {dagbag.py:496} INFO - Filling up the DagBag from /home/airflow/.local/lib/python3.6/site-packages/airflow/example_dags/example_xcomargs.py
[2023-06-12 08:00:08,802] {scheduler_job.py:642} INFO - DAG(s) dict_keys(['example_xcom_args', 'example_xcom_args_with_operators']) retrieved from /home/airflow/.local/lib/python3.6/site-packages/airflow/example_dags/example_xcomargs.py
[2023-06-12 08:00:08,955] {logging_mixin.py:104} INFO - [2023-06-12 08:00:08,955] {dag.py:1833} INFO - Sync 2 DAGs
[2023-06-12 08:00:08,966] {logging_mixin.py:104} INFO - [2023-06-12 08:00:08,966] {dag.py:2306} INFO - Setting next_dagrun for example_xcom_args to None
[2023-06-12 08:00:08,967] {logging_mixin.py:104} INFO - [2023-06-12 08:00:08,967] {dag.py:2306} INFO - Setting next_dagrun for example_xcom_args_with_operators to None
[2023-06-12 08:00:08,977] {scheduler_job.py:189} INFO - Processing /home/airflow/.local/lib/python3.6/site-packages/airflow/example_dags/example_xcomargs.py took 0.196 seconds
[2023-06-12 08:00:39,013] {scheduler_job.py:181} INFO - Started process (PID=892) to work on /home/airflow/.local/lib/python3.6/site-packages/airflow/example_dags/example_xcomargs.py
[2023-06-12 08:00:39,015] {scheduler_job.py:632} INFO - Processing file /home/airflow/.local/lib/python3.6/site-packages/airflow/example_dags/example_xcomargs.py for tasks to queue
[2023-06-12 08:00:39,016] {logging_mixin.py:104} INFO - [2023-06-12 08:00:39,015] {dagbag.py:496} INFO - Filling up the DagBag from /home/airflow/.local/lib/python3.6/site-packages/airflow/example_dags/example_xcomargs.py
[2023-06-12 08:00:39,030] {scheduler_job.py:642} INFO - DAG(s) dict_keys(['example_xcom_args', 'example_xcom_args_with_operators']) retrieved from /home/airflow/.local/lib/python3.6/site-packages/airflow/example_dags/example_xcomargs.py
[2023-06-12 08:00:39,049] {logging_mixin.py:104} INFO - [2023-06-12 08:00:39,049] {dag.py:1833} INFO - Sync 2 DAGs
[2023-06-12 08:00:39,060] {logging_mixin.py:104} INFO - [2023-06-12 08:00:39,060] {dag.py:2306} INFO - Setting next_dagrun for example_xcom_args to None
[2023-06-12 08:00:39,061] {logging_mixin.py:104} INFO - [2023-06-12 08:00:39,061] {dag.py:2306} INFO - Setting next_dagrun for example_xcom_args_with_operators to None
[2023-06-12 08:00:39,070] {scheduler_job.py:189} INFO - Processing /home/airflow/.local/lib/python3.6/site-packages/airflow/example_dags/example_xcomargs.py took 0.059 seconds
[2023-06-12 08:01:09,891] {scheduler_job.py:181} INFO - Started process (PID=955) to work on /home/airflow/.local/lib/python3.6/site-packages/airflow/example_dags/example_xcomargs.py
[2023-06-12 08:01:09,892] {scheduler_job.py:632} INFO - Processing file /home/airflow/.local/lib/python3.6/site-packages/airflow/example_dags/example_xcomargs.py for tasks to queue
[2023-06-12 08:01:09,893] {logging_mixin.py:104} INFO - [2023-06-12 08:01:09,893] {dagbag.py:496} INFO - Filling up the DagBag from /home/airflow/.local/lib/python3.6/site-packages/airflow/example_dags/example_xcomargs.py
[2023-06-12 08:01:09,907] {scheduler_job.py:642} INFO - DAG(s) dict_keys(['example_xcom_args', 'example_xcom_args_with_operators']) retrieved from /home/airflow/.local/lib/python3.6/site-packages/airflow/example_dags/example_xcomargs.py
[2023-06-12 08:01:10,059] {logging_mixin.py:104} INFO - [2023-06-12 08:01:10,059] {dag.py:1833} INFO - Sync 2 DAGs
[2023-06-12 08:01:10,070] {logging_mixin.py:104} INFO - [2023-06-12 08:01:10,070] {dag.py:2306} INFO - Setting next_dagrun for example_xcom_args to None
[2023-06-12 08:01:10,071] {logging_mixin.py:104} INFO - [2023-06-12 08:01:10,071] {dag.py:2306} INFO - Setting next_dagrun for example_xcom_args_with_operators to None
[2023-06-12 08:01:10,080] {scheduler_job.py:189} INFO - Processing /home/airflow/.local/lib/python3.6/site-packages/airflow/example_dags/example_xcomargs.py took 0.192 seconds
[2023-06-12 08:01:40,791] {scheduler_job.py:181} INFO - Started process (PID=1018) to work on /home/airflow/.local/lib/python3.6/site-packages/airflow/example_dags/example_xcomargs.py
[2023-06-12 08:01:40,792] {scheduler_job.py:632} INFO - Processing file /home/airflow/.local/lib/python3.6/site-packages/airflow/example_dags/example_xcomargs.py for tasks to queue
[2023-06-12 08:01:40,793] {logging_mixin.py:104} INFO - [2023-06-12 08:01:40,793] {dagbag.py:496} INFO - Filling up the DagBag from /home/airflow/.local/lib/python3.6/site-packages/airflow/example_dags/example_xcomargs.py
[2023-06-12 08:01:40,807] {scheduler_job.py:642} INFO - DAG(s) dict_keys(['example_xcom_args', 'example_xcom_args_with_operators']) retrieved from /home/airflow/.local/lib/python3.6/site-packages/airflow/example_dags/example_xcomargs.py
[2023-06-12 08:01:40,826] {logging_mixin.py:104} INFO - [2023-06-12 08:01:40,826] {dag.py:1833} INFO - Sync 2 DAGs
[2023-06-12 08:01:40,838] {logging_mixin.py:104} INFO - [2023-06-12 08:01:40,837] {dag.py:2306} INFO - Setting next_dagrun for example_xcom_args to None
[2023-06-12 08:01:40,839] {logging_mixin.py:104} INFO - [2023-06-12 08:01:40,839] {dag.py:2306} INFO - Setting next_dagrun for example_xcom_args_with_operators to None
[2023-06-12 08:01:40,847] {scheduler_job.py:189} INFO - Processing /home/airflow/.local/lib/python3.6/site-packages/airflow/example_dags/example_xcomargs.py took 0.059 seconds
[2023-06-12 08:02:11,038] {scheduler_job.py:181} INFO - Started process (PID=1071) to work on /home/airflow/.local/lib/python3.6/site-packages/airflow/example_dags/example_xcomargs.py
[2023-06-12 08:02:11,040] {scheduler_job.py:632} INFO - Processing file /home/airflow/.local/lib/python3.6/site-packages/airflow/example_dags/example_xcomargs.py for tasks to queue
[2023-06-12 08:02:11,041] {logging_mixin.py:104} INFO - [2023-06-12 08:02:11,041] {dagbag.py:496} INFO - Filling up the DagBag from /home/airflow/.local/lib/python3.6/site-packages/airflow/example_dags/example_xcomargs.py
[2023-06-12 08:02:11,064] {scheduler_job.py:642} INFO - DAG(s) dict_keys(['example_xcom_args', 'example_xcom_args_with_operators']) retrieved from /home/airflow/.local/lib/python3.6/site-packages/airflow/example_dags/example_xcomargs.py
[2023-06-12 08:02:11,090] {logging_mixin.py:104} INFO - [2023-06-12 08:02:11,090] {dag.py:1833} INFO - Sync 2 DAGs
[2023-06-12 08:02:11,108] {logging_mixin.py:104} INFO - [2023-06-12 08:02:11,108] {dag.py:2306} INFO - Setting next_dagrun for example_xcom_args to None
[2023-06-12 08:02:11,109] {logging_mixin.py:104} INFO - [2023-06-12 08:02:11,109] {dag.py:2306} INFO - Setting next_dagrun for example_xcom_args_with_operators to None
[2023-06-12 08:02:11,124] {scheduler_job.py:189} INFO - Processing /home/airflow/.local/lib/python3.6/site-packages/airflow/example_dags/example_xcomargs.py took 0.089 seconds
[2023-06-12 08:02:41,372] {scheduler_job.py:181} INFO - Started process (PID=1134) to work on /home/airflow/.local/lib/python3.6/site-packages/airflow/example_dags/example_xcomargs.py
[2023-06-12 08:02:41,373] {scheduler_job.py:632} INFO - Processing file /home/airflow/.local/lib/python3.6/site-packages/airflow/example_dags/example_xcomargs.py for tasks to queue
[2023-06-12 08:02:41,374] {logging_mixin.py:104} INFO - [2023-06-12 08:02:41,374] {dagbag.py:496} INFO - Filling up the DagBag from /home/airflow/.local/lib/python3.6/site-packages/airflow/example_dags/example_xcomargs.py
[2023-06-12 08:02:41,389] {scheduler_job.py:642} INFO - DAG(s) dict_keys(['example_xcom_args', 'example_xcom_args_with_operators']) retrieved from /home/airflow/.local/lib/python3.6/site-packages/airflow/example_dags/example_xcomargs.py
[2023-06-12 08:02:41,547] {logging_mixin.py:104} INFO - [2023-06-12 08:02:41,547] {dag.py:1833} INFO - Sync 2 DAGs
[2023-06-12 08:02:41,559] {logging_mixin.py:104} INFO - [2023-06-12 08:02:41,559] {dag.py:2306} INFO - Setting next_dagrun for example_xcom_args to None
[2023-06-12 08:02:41,560] {logging_mixin.py:104} INFO - [2023-06-12 08:02:41,560] {dag.py:2306} INFO - Setting next_dagrun for example_xcom_args_with_operators to None
[2023-06-12 08:02:41,569] {scheduler_job.py:189} INFO - Processing /home/airflow/.local/lib/python3.6/site-packages/airflow/example_dags/example_xcomargs.py took 0.200 seconds
[2023-06-12 08:03:11,731] {scheduler_job.py:181} INFO - Started process (PID=1187) to work on /home/airflow/.local/lib/python3.6/site-packages/airflow/example_dags/example_xcomargs.py
[2023-06-12 08:03:11,733] {scheduler_job.py:632} INFO - Processing file /home/airflow/.local/lib/python3.6/site-packages/airflow/example_dags/example_xcomargs.py for tasks to queue
[2023-06-12 08:03:11,734] {logging_mixin.py:104} INFO - [2023-06-12 08:03:11,734] {dagbag.py:496} INFO - Filling up the DagBag from /home/airflow/.local/lib/python3.6/site-packages/airflow/example_dags/example_xcomargs.py
[2023-06-12 08:03:11,751] {scheduler_job.py:642} INFO - DAG(s) dict_keys(['example_xcom_args', 'example_xcom_args_with_operators']) retrieved from /home/airflow/.local/lib/python3.6/site-packages/airflow/example_dags/example_xcomargs.py
[2023-06-12 08:03:11,915] {logging_mixin.py:104} INFO - [2023-06-12 08:03:11,915] {dag.py:1833} INFO - Sync 2 DAGs
[2023-06-12 08:03:11,930] {logging_mixin.py:104} INFO - [2023-06-12 08:03:11,930] {dag.py:2306} INFO - Setting next_dagrun for example_xcom_args to None
[2023-06-12 08:03:11,931] {logging_mixin.py:104} INFO - [2023-06-12 08:03:11,931] {dag.py:2306} INFO - Setting next_dagrun for example_xcom_args_with_operators to None
[2023-06-12 08:03:11,944] {scheduler_job.py:189} INFO - Processing /home/airflow/.local/lib/python3.6/site-packages/airflow/example_dags/example_xcomargs.py took 0.216 seconds
[2023-06-12 08:03:42,079] {scheduler_job.py:181} INFO - Started process (PID=1250) to work on /home/airflow/.local/lib/python3.6/site-packages/airflow/example_dags/example_xcomargs.py
[2023-06-12 08:03:42,081] {scheduler_job.py:632} INFO - Processing file /home/airflow/.local/lib/python3.6/site-packages/airflow/example_dags/example_xcomargs.py for tasks to queue
[2023-06-12 08:03:42,082] {logging_mixin.py:104} INFO - [2023-06-12 08:03:42,081] {dagbag.py:496} INFO - Filling up the DagBag from /home/airflow/.local/lib/python3.6/site-packages/airflow/example_dags/example_xcomargs.py
[2023-06-12 08:03:42,100] {scheduler_job.py:642} INFO - DAG(s) dict_keys(['example_xcom_args', 'example_xcom_args_with_operators']) retrieved from /home/airflow/.local/lib/python3.6/site-packages/airflow/example_dags/example_xcomargs.py
[2023-06-12 08:03:42,270] {logging_mixin.py:104} INFO - [2023-06-12 08:03:42,270] {dag.py:1833} INFO - Sync 2 DAGs
[2023-06-12 08:03:42,285] {logging_mixin.py:104} INFO - [2023-06-12 08:03:42,284] {dag.py:2306} INFO - Setting next_dagrun for example_xcom_args to None
[2023-06-12 08:03:42,286] {logging_mixin.py:104} INFO - [2023-06-12 08:03:42,286] {dag.py:2306} INFO - Setting next_dagrun for example_xcom_args_with_operators to None
[2023-06-12 08:03:42,300] {scheduler_job.py:189} INFO - Processing /home/airflow/.local/lib/python3.6/site-packages/airflow/example_dags/example_xcomargs.py took 0.224 seconds
[2023-06-12 08:04:12,455] {scheduler_job.py:181} INFO - Started process (PID=1314) to work on /home/airflow/.local/lib/python3.6/site-packages/airflow/example_dags/example_xcomargs.py
[2023-06-12 08:04:12,456] {scheduler_job.py:632} INFO - Processing file /home/airflow/.local/lib/python3.6/site-packages/airflow/example_dags/example_xcomargs.py for tasks to queue
[2023-06-12 08:04:12,457] {logging_mixin.py:104} INFO - [2023-06-12 08:04:12,457] {dagbag.py:496} INFO - Filling up the DagBag from /home/airflow/.local/lib/python3.6/site-packages/airflow/example_dags/example_xcomargs.py
[2023-06-12 08:04:12,473] {scheduler_job.py:642} INFO - DAG(s) dict_keys(['example_xcom_args', 'example_xcom_args_with_operators']) retrieved from /home/airflow/.local/lib/python3.6/site-packages/airflow/example_dags/example_xcomargs.py
[2023-06-12 08:04:12,632] {logging_mixin.py:104} INFO - [2023-06-12 08:04:12,632] {dag.py:1833} INFO - Sync 2 DAGs
[2023-06-12 08:04:12,643] {logging_mixin.py:104} INFO - [2023-06-12 08:04:12,643] {dag.py:2306} INFO - Setting next_dagrun for example_xcom_args to None
[2023-06-12 08:04:12,644] {logging_mixin.py:104} INFO - [2023-06-12 08:04:12,644] {dag.py:2306} INFO - Setting next_dagrun for example_xcom_args_with_operators to None
[2023-06-12 08:04:12,654] {scheduler_job.py:189} INFO - Processing /home/airflow/.local/lib/python3.6/site-packages/airflow/example_dags/example_xcomargs.py took 0.201 seconds
[2023-06-12 08:04:42,858] {scheduler_job.py:181} INFO - Started process (PID=1367) to work on /home/airflow/.local/lib/python3.6/site-packages/airflow/example_dags/example_xcomargs.py
[2023-06-12 08:04:42,859] {scheduler_job.py:632} INFO - Processing file /home/airflow/.local/lib/python3.6/site-packages/airflow/example_dags/example_xcomargs.py for tasks to queue
[2023-06-12 08:04:42,860] {logging_mixin.py:104} INFO - [2023-06-12 08:04:42,860] {dagbag.py:496} INFO - Filling up the DagBag from /home/airflow/.local/lib/python3.6/site-packages/airflow/example_dags/example_xcomargs.py
[2023-06-12 08:04:42,877] {scheduler_job.py:642} INFO - DAG(s) dict_keys(['example_xcom_args', 'example_xcom_args_with_operators']) retrieved from /home/airflow/.local/lib/python3.6/site-packages/airflow/example_dags/example_xcomargs.py
[2023-06-12 08:04:43,047] {logging_mixin.py:104} INFO - [2023-06-12 08:04:43,047] {dag.py:1833} INFO - Sync 2 DAGs
[2023-06-12 08:04:43,059] {logging_mixin.py:104} INFO - [2023-06-12 08:04:43,059] {dag.py:2306} INFO - Setting next_dagrun for example_xcom_args to None
[2023-06-12 08:04:43,060] {logging_mixin.py:104} INFO - [2023-06-12 08:04:43,060] {dag.py:2306} INFO - Setting next_dagrun for example_xcom_args_with_operators to None
[2023-06-12 08:04:43,071] {scheduler_job.py:189} INFO - Processing /home/airflow/.local/lib/python3.6/site-packages/airflow/example_dags/example_xcomargs.py took 0.215 seconds
[2023-06-12 08:05:13,270] {scheduler_job.py:181} INFO - Started process (PID=1430) to work on /home/airflow/.local/lib/python3.6/site-packages/airflow/example_dags/example_xcomargs.py
[2023-06-12 08:05:13,271] {scheduler_job.py:632} INFO - Processing file /home/airflow/.local/lib/python3.6/site-packages/airflow/example_dags/example_xcomargs.py for tasks to queue
[2023-06-12 08:05:13,272] {logging_mixin.py:104} INFO - [2023-06-12 08:05:13,272] {dagbag.py:496} INFO - Filling up the DagBag from /home/airflow/.local/lib/python3.6/site-packages/airflow/example_dags/example_xcomargs.py
[2023-06-12 08:05:13,290] {scheduler_job.py:642} INFO - DAG(s) dict_keys(['example_xcom_args', 'example_xcom_args_with_operators']) retrieved from /home/airflow/.local/lib/python3.6/site-packages/airflow/example_dags/example_xcomargs.py
[2023-06-12 08:05:13,466] {logging_mixin.py:104} INFO - [2023-06-12 08:05:13,466] {dag.py:1833} INFO - Sync 2 DAGs
[2023-06-12 08:05:13,478] {logging_mixin.py:104} INFO - [2023-06-12 08:05:13,478] {dag.py:2306} INFO - Setting next_dagrun for example_xcom_args to None
[2023-06-12 08:05:13,480] {logging_mixin.py:104} INFO - [2023-06-12 08:05:13,479] {dag.py:2306} INFO - Setting next_dagrun for example_xcom_args_with_operators to None
[2023-06-12 08:05:13,490] {scheduler_job.py:189} INFO - Processing /home/airflow/.local/lib/python3.6/site-packages/airflow/example_dags/example_xcomargs.py took 0.222 seconds
[2023-06-12 08:05:44,475] {scheduler_job.py:181} INFO - Started process (PID=1484) to work on /home/airflow/.local/lib/python3.6/site-packages/airflow/example_dags/example_xcomargs.py
[2023-06-12 08:05:44,477] {scheduler_job.py:632} INFO - Processing file /home/airflow/.local/lib/python3.6/site-packages/airflow/example_dags/example_xcomargs.py for tasks to queue
[2023-06-12 08:05:44,478] {logging_mixin.py:104} INFO - [2023-06-12 08:05:44,477] {dagbag.py:496} INFO - Filling up the DagBag from /home/airflow/.local/lib/python3.6/site-packages/airflow/example_dags/example_xcomargs.py
[2023-06-12 08:05:44,494] {scheduler_job.py:642} INFO - DAG(s) dict_keys(['example_xcom_args', 'example_xcom_args_with_operators']) retrieved from /home/airflow/.local/lib/python3.6/site-packages/airflow/example_dags/example_xcomargs.py
[2023-06-12 08:05:44,671] {logging_mixin.py:104} INFO - [2023-06-12 08:05:44,670] {dag.py:1833} INFO - Sync 2 DAGs
[2023-06-12 08:05:44,683] {logging_mixin.py:104} INFO - [2023-06-12 08:05:44,683] {dag.py:2306} INFO - Setting next_dagrun for example_xcom_args to None
[2023-06-12 08:05:44,685] {logging_mixin.py:104} INFO - [2023-06-12 08:05:44,685] {dag.py:2306} INFO - Setting next_dagrun for example_xcom_args_with_operators to None
[2023-06-12 08:05:44,696] {scheduler_job.py:189} INFO - Processing /home/airflow/.local/lib/python3.6/site-packages/airflow/example_dags/example_xcomargs.py took 0.224 seconds
[2023-06-12 08:06:15,031] {scheduler_job.py:181} INFO - Started process (PID=1547) to work on /home/airflow/.local/lib/python3.6/site-packages/airflow/example_dags/example_xcomargs.py
[2023-06-12 08:06:15,032] {scheduler_job.py:632} INFO - Processing file /home/airflow/.local/lib/python3.6/site-packages/airflow/example_dags/example_xcomargs.py for tasks to queue
[2023-06-12 08:06:15,033] {logging_mixin.py:104} INFO - [2023-06-12 08:06:15,033] {dagbag.py:496} INFO - Filling up the DagBag from /home/airflow/.local/lib/python3.6/site-packages/airflow/example_dags/example_xcomargs.py
[2023-06-12 08:06:15,050] {scheduler_job.py:642} INFO - DAG(s) dict_keys(['example_xcom_args', 'example_xcom_args_with_operators']) retrieved from /home/airflow/.local/lib/python3.6/site-packages/airflow/example_dags/example_xcomargs.py
[2023-06-12 08:06:15,204] {logging_mixin.py:104} INFO - [2023-06-12 08:06:15,204] {dag.py:1833} INFO - Sync 2 DAGs
[2023-06-12 08:06:15,214] {logging_mixin.py:104} INFO - [2023-06-12 08:06:15,214] {dag.py:2306} INFO - Setting next_dagrun for example_xcom_args to None
[2023-06-12 08:06:15,215] {logging_mixin.py:104} INFO - [2023-06-12 08:06:15,215] {dag.py:2306} INFO - Setting next_dagrun for example_xcom_args_with_operators to None
[2023-06-12 08:06:15,223] {scheduler_job.py:189} INFO - Processing /home/airflow/.local/lib/python3.6/site-packages/airflow/example_dags/example_xcomargs.py took 0.194 seconds
[2023-06-12 08:06:45,402] {scheduler_job.py:181} INFO - Started process (PID=1610) to work on /home/airflow/.local/lib/python3.6/site-packages/airflow/example_dags/example_xcomargs.py
[2023-06-12 08:06:45,404] {scheduler_job.py:632} INFO - Processing file /home/airflow/.local/lib/python3.6/site-packages/airflow/example_dags/example_xcomargs.py for tasks to queue
[2023-06-12 08:06:45,404] {logging_mixin.py:104} INFO - [2023-06-12 08:06:45,404] {dagbag.py:496} INFO - Filling up the DagBag from /home/airflow/.local/lib/python3.6/site-packages/airflow/example_dags/example_xcomargs.py
[2023-06-12 08:06:45,420] {scheduler_job.py:642} INFO - DAG(s) dict_keys(['example_xcom_args', 'example_xcom_args_with_operators']) retrieved from /home/airflow/.local/lib/python3.6/site-packages/airflow/example_dags/example_xcomargs.py
[2023-06-12 08:06:45,570] {logging_mixin.py:104} INFO - [2023-06-12 08:06:45,570] {dag.py:1833} INFO - Sync 2 DAGs
[2023-06-12 08:06:45,581] {logging_mixin.py:104} INFO - [2023-06-12 08:06:45,581] {dag.py:2306} INFO - Setting next_dagrun for example_xcom_args to None
[2023-06-12 08:06:45,582] {logging_mixin.py:104} INFO - [2023-06-12 08:06:45,582] {dag.py:2306} INFO - Setting next_dagrun for example_xcom_args_with_operators to None
[2023-06-12 08:06:45,592] {scheduler_job.py:189} INFO - Processing /home/airflow/.local/lib/python3.6/site-packages/airflow/example_dags/example_xcomargs.py took 0.193 seconds
[2023-06-12 08:07:16,147] {scheduler_job.py:181} INFO - Started process (PID=1663) to work on /home/airflow/.local/lib/python3.6/site-packages/airflow/example_dags/example_xcomargs.py
[2023-06-12 08:07:16,149] {scheduler_job.py:632} INFO - Processing file /home/airflow/.local/lib/python3.6/site-packages/airflow/example_dags/example_xcomargs.py for tasks to queue
[2023-06-12 08:07:16,150] {logging_mixin.py:104} INFO - [2023-06-12 08:07:16,149] {dagbag.py:496} INFO - Filling up the DagBag from /home/airflow/.local/lib/python3.6/site-packages/airflow/example_dags/example_xcomargs.py
[2023-06-12 08:07:16,165] {scheduler_job.py:642} INFO - DAG(s) dict_keys(['example_xcom_args', 'example_xcom_args_with_operators']) retrieved from /home/airflow/.local/lib/python3.6/site-packages/airflow/example_dags/example_xcomargs.py
[2023-06-12 08:07:16,308] {logging_mixin.py:104} INFO - [2023-06-12 08:07:16,307] {dag.py:1833} INFO - Sync 2 DAGs
[2023-06-12 08:07:16,317] {logging_mixin.py:104} INFO - [2023-06-12 08:07:16,317] {dag.py:2306} INFO - Setting next_dagrun for example_xcom_args to None
[2023-06-12 08:07:16,318] {logging_mixin.py:104} INFO - [2023-06-12 08:07:16,318] {dag.py:2306} INFO - Setting next_dagrun for example_xcom_args_with_operators to None
[2023-06-12 08:07:16,329] {scheduler_job.py:189} INFO - Processing /home/airflow/.local/lib/python3.6/site-packages/airflow/example_dags/example_xcomargs.py took 0.185 seconds
[2023-06-12 08:07:46,444] {scheduler_job.py:181} INFO - Started process (PID=1726) to work on /home/airflow/.local/lib/python3.6/site-packages/airflow/example_dags/example_xcomargs.py
[2023-06-12 08:07:46,446] {scheduler_job.py:632} INFO - Processing file /home/airflow/.local/lib/python3.6/site-packages/airflow/example_dags/example_xcomargs.py for tasks to queue
[2023-06-12 08:07:46,447] {logging_mixin.py:104} INFO - [2023-06-12 08:07:46,447] {dagbag.py:496} INFO - Filling up the DagBag from /home/airflow/.local/lib/python3.6/site-packages/airflow/example_dags/example_xcomargs.py
[2023-06-12 08:07:46,465] {scheduler_job.py:642} INFO - DAG(s) dict_keys(['example_xcom_args', 'example_xcom_args_with_operators']) retrieved from /home/airflow/.local/lib/python3.6/site-packages/airflow/example_dags/example_xcomargs.py
[2023-06-12 08:07:46,688] {logging_mixin.py:104} INFO - [2023-06-12 08:07:46,687] {dag.py:1833} INFO - Sync 2 DAGs
[2023-06-12 08:07:46,708] {logging_mixin.py:104} INFO - [2023-06-12 08:07:46,708] {dag.py:2306} INFO - Setting next_dagrun for example_xcom_args to None
[2023-06-12 08:07:46,709] {logging_mixin.py:104} INFO - [2023-06-12 08:07:46,709] {dag.py:2306} INFO - Setting next_dagrun for example_xcom_args_with_operators to None
[2023-06-12 08:07:46,732] {scheduler_job.py:189} INFO - Processing /home/airflow/.local/lib/python3.6/site-packages/airflow/example_dags/example_xcomargs.py took 0.290 seconds
[2023-06-12 08:08:16,800] {scheduler_job.py:181} INFO - Started process (PID=1786) to work on /home/airflow/.local/lib/python3.6/site-packages/airflow/example_dags/example_xcomargs.py
[2023-06-12 08:08:16,802] {scheduler_job.py:632} INFO - Processing file /home/airflow/.local/lib/python3.6/site-packages/airflow/example_dags/example_xcomargs.py for tasks to queue
[2023-06-12 08:08:16,804] {logging_mixin.py:104} INFO - [2023-06-12 08:08:16,804] {dagbag.py:496} INFO - Filling up the DagBag from /home/airflow/.local/lib/python3.6/site-packages/airflow/example_dags/example_xcomargs.py
[2023-06-12 08:08:16,836] {scheduler_job.py:642} INFO - DAG(s) dict_keys(['example_xcom_args', 'example_xcom_args_with_operators']) retrieved from /home/airflow/.local/lib/python3.6/site-packages/airflow/example_dags/example_xcomargs.py
[2023-06-12 08:08:17,029] {logging_mixin.py:104} INFO - [2023-06-12 08:08:17,029] {dag.py:1833} INFO - Sync 2 DAGs
[2023-06-12 08:08:17,041] {logging_mixin.py:104} INFO - [2023-06-12 08:08:17,041] {dag.py:2306} INFO - Setting next_dagrun for example_xcom_args to None
[2023-06-12 08:08:17,043] {logging_mixin.py:104} INFO - [2023-06-12 08:08:17,043] {dag.py:2306} INFO - Setting next_dagrun for example_xcom_args_with_operators to None
[2023-06-12 08:08:17,053] {scheduler_job.py:189} INFO - Processing /home/airflow/.local/lib/python3.6/site-packages/airflow/example_dags/example_xcomargs.py took 0.257 seconds
[2023-06-12 08:08:47,470] {scheduler_job.py:181} INFO - Started process (PID=1843) to work on /home/airflow/.local/lib/python3.6/site-packages/airflow/example_dags/example_xcomargs.py
[2023-06-12 08:08:47,471] {scheduler_job.py:632} INFO - Processing file /home/airflow/.local/lib/python3.6/site-packages/airflow/example_dags/example_xcomargs.py for tasks to queue
[2023-06-12 08:08:47,472] {logging_mixin.py:104} INFO - [2023-06-12 08:08:47,472] {dagbag.py:496} INFO - Filling up the DagBag from /home/airflow/.local/lib/python3.6/site-packages/airflow/example_dags/example_xcomargs.py
[2023-06-12 08:08:47,487] {scheduler_job.py:642} INFO - DAG(s) dict_keys(['example_xcom_args', 'example_xcom_args_with_operators']) retrieved from /home/airflow/.local/lib/python3.6/site-packages/airflow/example_dags/example_xcomargs.py
[2023-06-12 08:08:47,639] {logging_mixin.py:104} INFO - [2023-06-12 08:08:47,638] {dag.py:1833} INFO - Sync 2 DAGs
[2023-06-12 08:08:47,649] {logging_mixin.py:104} INFO - [2023-06-12 08:08:47,649] {dag.py:2306} INFO - Setting next_dagrun for example_xcom_args to None
[2023-06-12 08:08:47,650] {logging_mixin.py:104} INFO - [2023-06-12 08:08:47,650] {dag.py:2306} INFO - Setting next_dagrun for example_xcom_args_with_operators to None
[2023-06-12 08:08:47,659] {scheduler_job.py:189} INFO - Processing /home/airflow/.local/lib/python3.6/site-packages/airflow/example_dags/example_xcomargs.py took 0.192 seconds
[2023-06-12 08:09:17,742] {scheduler_job.py:181} INFO - Started process (PID=1906) to work on /home/airflow/.local/lib/python3.6/site-packages/airflow/example_dags/example_xcomargs.py
[2023-06-12 08:09:17,743] {scheduler_job.py:632} INFO - Processing file /home/airflow/.local/lib/python3.6/site-packages/airflow/example_dags/example_xcomargs.py for tasks to queue
[2023-06-12 08:09:17,744] {logging_mixin.py:104} INFO - [2023-06-12 08:09:17,744] {dagbag.py:496} INFO - Filling up the DagBag from /home/airflow/.local/lib/python3.6/site-packages/airflow/example_dags/example_xcomargs.py
[2023-06-12 08:09:17,760] {scheduler_job.py:642} INFO - DAG(s) dict_keys(['example_xcom_args', 'example_xcom_args_with_operators']) retrieved from /home/airflow/.local/lib/python3.6/site-packages/airflow/example_dags/example_xcomargs.py
[2023-06-12 08:09:17,920] {logging_mixin.py:104} INFO - [2023-06-12 08:09:17,920] {dag.py:1833} INFO - Sync 2 DAGs
[2023-06-12 08:09:17,931] {logging_mixin.py:104} INFO - [2023-06-12 08:09:17,931] {dag.py:2306} INFO - Setting next_dagrun for example_xcom_args to None
[2023-06-12 08:09:17,932] {logging_mixin.py:104} INFO - [2023-06-12 08:09:17,932] {dag.py:2306} INFO - Setting next_dagrun for example_xcom_args_with_operators to None
[2023-06-12 08:09:17,942] {scheduler_job.py:189} INFO - Processing /home/airflow/.local/lib/python3.6/site-packages/airflow/example_dags/example_xcomargs.py took 0.203 seconds
[2023-06-12 08:09:48,048] {scheduler_job.py:181} INFO - Started process (PID=1959) to work on /home/airflow/.local/lib/python3.6/site-packages/airflow/example_dags/example_xcomargs.py
[2023-06-12 08:09:48,049] {scheduler_job.py:632} INFO - Processing file /home/airflow/.local/lib/python3.6/site-packages/airflow/example_dags/example_xcomargs.py for tasks to queue
[2023-06-12 08:09:48,050] {logging_mixin.py:104} INFO - [2023-06-12 08:09:48,050] {dagbag.py:496} INFO - Filling up the DagBag from /home/airflow/.local/lib/python3.6/site-packages/airflow/example_dags/example_xcomargs.py
[2023-06-12 08:09:48,064] {scheduler_job.py:642} INFO - DAG(s) dict_keys(['example_xcom_args', 'example_xcom_args_with_operators']) retrieved from /home/airflow/.local/lib/python3.6/site-packages/airflow/example_dags/example_xcomargs.py
[2023-06-12 08:09:48,208] {logging_mixin.py:104} INFO - [2023-06-12 08:09:48,208] {dag.py:1833} INFO - Sync 2 DAGs
[2023-06-12 08:09:48,218] {logging_mixin.py:104} INFO - [2023-06-12 08:09:48,218] {dag.py:2306} INFO - Setting next_dagrun for example_xcom_args to None
[2023-06-12 08:09:48,219] {logging_mixin.py:104} INFO - [2023-06-12 08:09:48,219] {dag.py:2306} INFO - Setting next_dagrun for example_xcom_args_with_operators to None
[2023-06-12 08:09:48,230] {scheduler_job.py:189} INFO - Processing /home/airflow/.local/lib/python3.6/site-packages/airflow/example_dags/example_xcomargs.py took 0.184 seconds
[2023-06-12 08:10:18,643] {scheduler_job.py:181} INFO - Started process (PID=2022) to work on /home/airflow/.local/lib/python3.6/site-packages/airflow/example_dags/example_xcomargs.py
[2023-06-12 08:10:18,645] {scheduler_job.py:632} INFO - Processing file /home/airflow/.local/lib/python3.6/site-packages/airflow/example_dags/example_xcomargs.py for tasks to queue
[2023-06-12 08:10:18,646] {logging_mixin.py:104} INFO - [2023-06-12 08:10:18,646] {dagbag.py:496} INFO - Filling up the DagBag from /home/airflow/.local/lib/python3.6/site-packages/airflow/example_dags/example_xcomargs.py
[2023-06-12 08:10:18,662] {scheduler_job.py:642} INFO - DAG(s) dict_keys(['example_xcom_args', 'example_xcom_args_with_operators']) retrieved from /home/airflow/.local/lib/python3.6/site-packages/airflow/example_dags/example_xcomargs.py
[2023-06-12 08:10:18,863] {logging_mixin.py:104} INFO - [2023-06-12 08:10:18,862] {dag.py:1833} INFO - Sync 2 DAGs
[2023-06-12 08:10:18,877] {logging_mixin.py:104} INFO - [2023-06-12 08:10:18,877] {dag.py:2306} INFO - Setting next_dagrun for example_xcom_args to None
[2023-06-12 08:10:18,878] {logging_mixin.py:104} INFO - [2023-06-12 08:10:18,878] {dag.py:2306} INFO - Setting next_dagrun for example_xcom_args_with_operators to None
[2023-06-12 08:10:18,893] {scheduler_job.py:189} INFO - Processing /home/airflow/.local/lib/python3.6/site-packages/airflow/example_dags/example_xcomargs.py took 0.252 seconds
[2023-06-12 08:10:49,122] {scheduler_job.py:181} INFO - Started process (PID=2085) to work on /home/airflow/.local/lib/python3.6/site-packages/airflow/example_dags/example_xcomargs.py
[2023-06-12 08:10:49,124] {scheduler_job.py:632} INFO - Processing file /home/airflow/.local/lib/python3.6/site-packages/airflow/example_dags/example_xcomargs.py for tasks to queue
[2023-06-12 08:10:49,125] {logging_mixin.py:104} INFO - [2023-06-12 08:10:49,125] {dagbag.py:496} INFO - Filling up the DagBag from /home/airflow/.local/lib/python3.6/site-packages/airflow/example_dags/example_xcomargs.py
[2023-06-12 08:10:49,142] {scheduler_job.py:642} INFO - DAG(s) dict_keys(['example_xcom_args', 'example_xcom_args_with_operators']) retrieved from /home/airflow/.local/lib/python3.6/site-packages/airflow/example_dags/example_xcomargs.py
[2023-06-12 08:10:49,322] {logging_mixin.py:104} INFO - [2023-06-12 08:10:49,322] {dag.py:1833} INFO - Sync 2 DAGs
[2023-06-12 08:10:49,335] {logging_mixin.py:104} INFO - [2023-06-12 08:10:49,335] {dag.py:2306} INFO - Setting next_dagrun for example_xcom_args to None
[2023-06-12 08:10:49,336] {logging_mixin.py:104} INFO - [2023-06-12 08:10:49,336] {dag.py:2306} INFO - Setting next_dagrun for example_xcom_args_with_operators to None
[2023-06-12 08:10:49,347] {scheduler_job.py:189} INFO - Processing /home/airflow/.local/lib/python3.6/site-packages/airflow/example_dags/example_xcomargs.py took 0.228 seconds
[2023-06-12 08:11:19,728] {scheduler_job.py:181} INFO - Started process (PID=2138) to work on /home/airflow/.local/lib/python3.6/site-packages/airflow/example_dags/example_xcomargs.py
[2023-06-12 08:11:19,729] {scheduler_job.py:632} INFO - Processing file /home/airflow/.local/lib/python3.6/site-packages/airflow/example_dags/example_xcomargs.py for tasks to queue
[2023-06-12 08:11:19,730] {logging_mixin.py:104} INFO - [2023-06-12 08:11:19,730] {dagbag.py:496} INFO - Filling up the DagBag from /home/airflow/.local/lib/python3.6/site-packages/airflow/example_dags/example_xcomargs.py
[2023-06-12 08:11:19,746] {scheduler_job.py:642} INFO - DAG(s) dict_keys(['example_xcom_args', 'example_xcom_args_with_operators']) retrieved from /home/airflow/.local/lib/python3.6/site-packages/airflow/example_dags/example_xcomargs.py
[2023-06-12 08:11:19,916] {logging_mixin.py:104} INFO - [2023-06-12 08:11:19,916] {dag.py:1833} INFO - Sync 2 DAGs
[2023-06-12 08:11:19,931] {logging_mixin.py:104} INFO - [2023-06-12 08:11:19,931] {dag.py:2306} INFO - Setting next_dagrun for example_xcom_args to None
[2023-06-12 08:11:19,932] {logging_mixin.py:104} INFO - [2023-06-12 08:11:19,932] {dag.py:2306} INFO - Setting next_dagrun for example_xcom_args_with_operators to None
[2023-06-12 08:11:19,943] {scheduler_job.py:189} INFO - Processing /home/airflow/.local/lib/python3.6/site-packages/airflow/example_dags/example_xcomargs.py took 0.217 seconds
[2023-06-12 08:11:49,990] {scheduler_job.py:181} INFO - Started process (PID=2201) to work on /home/airflow/.local/lib/python3.6/site-packages/airflow/example_dags/example_xcomargs.py
[2023-06-12 08:11:49,991] {scheduler_job.py:632} INFO - Processing file /home/airflow/.local/lib/python3.6/site-packages/airflow/example_dags/example_xcomargs.py for tasks to queue
[2023-06-12 08:11:49,992] {logging_mixin.py:104} INFO - [2023-06-12 08:11:49,992] {dagbag.py:496} INFO - Filling up the DagBag from /home/airflow/.local/lib/python3.6/site-packages/airflow/example_dags/example_xcomargs.py
[2023-06-12 08:11:50,013] {scheduler_job.py:642} INFO - DAG(s) dict_keys(['example_xcom_args', 'example_xcom_args_with_operators']) retrieved from /home/airflow/.local/lib/python3.6/site-packages/airflow/example_dags/example_xcomargs.py
[2023-06-12 08:11:50,031] {logging_mixin.py:104} INFO - [2023-06-12 08:11:50,030] {dag.py:1833} INFO - Sync 2 DAGs
[2023-06-12 08:11:50,042] {logging_mixin.py:104} INFO - [2023-06-12 08:11:50,042] {dag.py:2306} INFO - Setting next_dagrun for example_xcom_args to None
[2023-06-12 08:11:50,043] {logging_mixin.py:104} INFO - [2023-06-12 08:11:50,043] {dag.py:2306} INFO - Setting next_dagrun for example_xcom_args_with_operators to None
[2023-06-12 08:11:50,052] {scheduler_job.py:189} INFO - Processing /home/airflow/.local/lib/python3.6/site-packages/airflow/example_dags/example_xcomargs.py took 0.064 seconds
[2023-06-12 08:12:20,254] {scheduler_job.py:181} INFO - Started process (PID=2254) to work on /home/airflow/.local/lib/python3.6/site-packages/airflow/example_dags/example_xcomargs.py
[2023-06-12 08:12:20,255] {scheduler_job.py:632} INFO - Processing file /home/airflow/.local/lib/python3.6/site-packages/airflow/example_dags/example_xcomargs.py for tasks to queue
[2023-06-12 08:12:20,256] {logging_mixin.py:104} INFO - [2023-06-12 08:12:20,256] {dagbag.py:496} INFO - Filling up the DagBag from /home/airflow/.local/lib/python3.6/site-packages/airflow/example_dags/example_xcomargs.py
[2023-06-12 08:12:20,272] {scheduler_job.py:642} INFO - DAG(s) dict_keys(['example_xcom_args', 'example_xcom_args_with_operators']) retrieved from /home/airflow/.local/lib/python3.6/site-packages/airflow/example_dags/example_xcomargs.py
[2023-06-12 08:12:20,502] {logging_mixin.py:104} INFO - [2023-06-12 08:12:20,502] {dag.py:1833} INFO - Sync 2 DAGs
[2023-06-12 08:12:20,517] {logging_mixin.py:104} INFO - [2023-06-12 08:12:20,517] {dag.py:2306} INFO - Setting next_dagrun for example_xcom_args to None
[2023-06-12 08:12:20,519] {logging_mixin.py:104} INFO - [2023-06-12 08:12:20,519] {dag.py:2306} INFO - Setting next_dagrun for example_xcom_args_with_operators to None
[2023-06-12 08:12:20,533] {scheduler_job.py:189} INFO - Processing /home/airflow/.local/lib/python3.6/site-packages/airflow/example_dags/example_xcomargs.py took 0.282 seconds
[2023-06-12 08:12:50,853] {scheduler_job.py:181} INFO - Started process (PID=2317) to work on /home/airflow/.local/lib/python3.6/site-packages/airflow/example_dags/example_xcomargs.py
[2023-06-12 08:12:50,854] {scheduler_job.py:632} INFO - Processing file /home/airflow/.local/lib/python3.6/site-packages/airflow/example_dags/example_xcomargs.py for tasks to queue
[2023-06-12 08:12:50,855] {logging_mixin.py:104} INFO - [2023-06-12 08:12:50,855] {dagbag.py:496} INFO - Filling up the DagBag from /home/airflow/.local/lib/python3.6/site-packages/airflow/example_dags/example_xcomargs.py
[2023-06-12 08:12:50,870] {scheduler_job.py:642} INFO - DAG(s) dict_keys(['example_xcom_args', 'example_xcom_args_with_operators']) retrieved from /home/airflow/.local/lib/python3.6/site-packages/airflow/example_dags/example_xcomargs.py
[2023-06-12 08:12:51,030] {logging_mixin.py:104} INFO - [2023-06-12 08:12:51,030] {dag.py:1833} INFO - Sync 2 DAGs
[2023-06-12 08:12:51,042] {logging_mixin.py:104} INFO - [2023-06-12 08:12:51,042] {dag.py:2306} INFO - Setting next_dagrun for example_xcom_args to None
[2023-06-12 08:12:51,043] {logging_mixin.py:104} INFO - [2023-06-12 08:12:51,043] {dag.py:2306} INFO - Setting next_dagrun for example_xcom_args_with_operators to None
[2023-06-12 08:12:51,055] {scheduler_job.py:189} INFO - Processing /home/airflow/.local/lib/python3.6/site-packages/airflow/example_dags/example_xcomargs.py took 0.204 seconds
