[2023-06-12 07:53:26,907] {scheduler_job.py:181} INFO - Started process (PID=45) to work on /home/airflow/.local/lib/python3.6/site-packages/airflow/example_dags/example_branch_python_dop_operator_3.py
[2023-06-12 07:53:26,909] {scheduler_job.py:632} INFO - Processing file /home/airflow/.local/lib/python3.6/site-packages/airflow/example_dags/example_branch_python_dop_operator_3.py for tasks to queue
[2023-06-12 07:53:26,910] {logging_mixin.py:104} INFO - [2023-06-12 07:53:26,909] {dagbag.py:496} INFO - Filling up the DagBag from /home/airflow/.local/lib/python3.6/site-packages/airflow/example_dags/example_branch_python_dop_operator_3.py
[2023-06-12 07:53:26,921] {scheduler_job.py:642} INFO - DAG(s) dict_keys(['example_branch_dop_operator_v3']) retrieved from /home/airflow/.local/lib/python3.6/site-packages/airflow/example_dags/example_branch_python_dop_operator_3.py
[2023-06-12 07:53:27,111] {logging_mixin.py:104} INFO - [2023-06-12 07:53:27,111] {dag.py:1833} INFO - Sync 1 DAGs
[2023-06-12 07:53:27,130] {logging_mixin.py:104} INFO - [2023-06-12 07:53:27,130] {dag.py:2306} INFO - Setting next_dagrun for example_branch_dop_operator_v3 to 2023-06-10 00:00:00+00:00
[2023-06-12 07:53:27,142] {scheduler_job.py:189} INFO - Processing /home/airflow/.local/lib/python3.6/site-packages/airflow/example_dags/example_branch_python_dop_operator_3.py took 0.238 seconds
[2023-06-12 07:53:57,461] {scheduler_job.py:181} INFO - Started process (PID=108) to work on /home/airflow/.local/lib/python3.6/site-packages/airflow/example_dags/example_branch_python_dop_operator_3.py
[2023-06-12 07:53:57,463] {scheduler_job.py:632} INFO - Processing file /home/airflow/.local/lib/python3.6/site-packages/airflow/example_dags/example_branch_python_dop_operator_3.py for tasks to queue
[2023-06-12 07:53:57,464] {logging_mixin.py:104} INFO - [2023-06-12 07:53:57,464] {dagbag.py:496} INFO - Filling up the DagBag from /home/airflow/.local/lib/python3.6/site-packages/airflow/example_dags/example_branch_python_dop_operator_3.py
[2023-06-12 07:53:57,476] {scheduler_job.py:642} INFO - DAG(s) dict_keys(['example_branch_dop_operator_v3']) retrieved from /home/airflow/.local/lib/python3.6/site-packages/airflow/example_dags/example_branch_python_dop_operator_3.py
[2023-06-12 07:53:57,579] {logging_mixin.py:104} INFO - [2023-06-12 07:53:57,579] {dag.py:1833} INFO - Sync 1 DAGs
[2023-06-12 07:53:57,599] {logging_mixin.py:104} INFO - [2023-06-12 07:53:57,599] {dag.py:2306} INFO - Setting next_dagrun for example_branch_dop_operator_v3 to 2023-06-10 00:00:00+00:00
[2023-06-12 07:53:57,608] {scheduler_job.py:189} INFO - Processing /home/airflow/.local/lib/python3.6/site-packages/airflow/example_dags/example_branch_python_dop_operator_3.py took 0.150 seconds
[2023-06-12 07:54:28,081] {scheduler_job.py:181} INFO - Started process (PID=171) to work on /home/airflow/.local/lib/python3.6/site-packages/airflow/example_dags/example_branch_python_dop_operator_3.py
[2023-06-12 07:54:28,082] {scheduler_job.py:632} INFO - Processing file /home/airflow/.local/lib/python3.6/site-packages/airflow/example_dags/example_branch_python_dop_operator_3.py for tasks to queue
[2023-06-12 07:54:28,083] {logging_mixin.py:104} INFO - [2023-06-12 07:54:28,083] {dagbag.py:496} INFO - Filling up the DagBag from /home/airflow/.local/lib/python3.6/site-packages/airflow/example_dags/example_branch_python_dop_operator_3.py
[2023-06-12 07:54:28,095] {scheduler_job.py:642} INFO - DAG(s) dict_keys(['example_branch_dop_operator_v3']) retrieved from /home/airflow/.local/lib/python3.6/site-packages/airflow/example_dags/example_branch_python_dop_operator_3.py
[2023-06-12 07:54:28,114] {logging_mixin.py:104} INFO - [2023-06-12 07:54:28,114] {dag.py:1833} INFO - Sync 1 DAGs
[2023-06-12 07:54:28,134] {logging_mixin.py:104} INFO - [2023-06-12 07:54:28,134] {dag.py:2306} INFO - Setting next_dagrun for example_branch_dop_operator_v3 to 2023-06-10 00:00:00+00:00
[2023-06-12 07:54:28,143] {scheduler_job.py:189} INFO - Processing /home/airflow/.local/lib/python3.6/site-packages/airflow/example_dags/example_branch_python_dop_operator_3.py took 0.066 seconds
[2023-06-12 07:54:58,988] {scheduler_job.py:181} INFO - Started process (PID=224) to work on /home/airflow/.local/lib/python3.6/site-packages/airflow/example_dags/example_branch_python_dop_operator_3.py
[2023-06-12 07:54:58,989] {scheduler_job.py:632} INFO - Processing file /home/airflow/.local/lib/python3.6/site-packages/airflow/example_dags/example_branch_python_dop_operator_3.py for tasks to queue
[2023-06-12 07:54:58,990] {logging_mixin.py:104} INFO - [2023-06-12 07:54:58,990] {dagbag.py:496} INFO - Filling up the DagBag from /home/airflow/.local/lib/python3.6/site-packages/airflow/example_dags/example_branch_python_dop_operator_3.py
[2023-06-12 07:54:59,002] {scheduler_job.py:642} INFO - DAG(s) dict_keys(['example_branch_dop_operator_v3']) retrieved from /home/airflow/.local/lib/python3.6/site-packages/airflow/example_dags/example_branch_python_dop_operator_3.py
[2023-06-12 07:54:59,019] {logging_mixin.py:104} INFO - [2023-06-12 07:54:59,019] {dag.py:1833} INFO - Sync 1 DAGs
[2023-06-12 07:54:59,039] {logging_mixin.py:104} INFO - [2023-06-12 07:54:59,039] {dag.py:2306} INFO - Setting next_dagrun for example_branch_dop_operator_v3 to 2023-06-10 00:00:00+00:00
[2023-06-12 07:54:59,048] {scheduler_job.py:189} INFO - Processing /home/airflow/.local/lib/python3.6/site-packages/airflow/example_dags/example_branch_python_dop_operator_3.py took 0.062 seconds
[2023-06-12 07:55:29,362] {scheduler_job.py:181} INFO - Started process (PID=287) to work on /home/airflow/.local/lib/python3.6/site-packages/airflow/example_dags/example_branch_python_dop_operator_3.py
[2023-06-12 07:55:29,363] {scheduler_job.py:632} INFO - Processing file /home/airflow/.local/lib/python3.6/site-packages/airflow/example_dags/example_branch_python_dop_operator_3.py for tasks to queue
[2023-06-12 07:55:29,364] {logging_mixin.py:104} INFO - [2023-06-12 07:55:29,364] {dagbag.py:496} INFO - Filling up the DagBag from /home/airflow/.local/lib/python3.6/site-packages/airflow/example_dags/example_branch_python_dop_operator_3.py
[2023-06-12 07:55:29,375] {scheduler_job.py:642} INFO - DAG(s) dict_keys(['example_branch_dop_operator_v3']) retrieved from /home/airflow/.local/lib/python3.6/site-packages/airflow/example_dags/example_branch_python_dop_operator_3.py
[2023-06-12 07:55:29,399] {logging_mixin.py:104} INFO - [2023-06-12 07:55:29,399] {dag.py:1833} INFO - Sync 1 DAGs
[2023-06-12 07:55:29,421] {logging_mixin.py:104} INFO - [2023-06-12 07:55:29,421] {dag.py:2306} INFO - Setting next_dagrun for example_branch_dop_operator_v3 to 2023-06-10 00:00:00+00:00
[2023-06-12 07:55:29,430] {scheduler_job.py:189} INFO - Processing /home/airflow/.local/lib/python3.6/site-packages/airflow/example_dags/example_branch_python_dop_operator_3.py took 0.071 seconds
[2023-06-12 07:55:59,792] {scheduler_job.py:181} INFO - Started process (PID=340) to work on /home/airflow/.local/lib/python3.6/site-packages/airflow/example_dags/example_branch_python_dop_operator_3.py
[2023-06-12 07:55:59,794] {scheduler_job.py:632} INFO - Processing file /home/airflow/.local/lib/python3.6/site-packages/airflow/example_dags/example_branch_python_dop_operator_3.py for tasks to queue
[2023-06-12 07:55:59,795] {logging_mixin.py:104} INFO - [2023-06-12 07:55:59,795] {dagbag.py:496} INFO - Filling up the DagBag from /home/airflow/.local/lib/python3.6/site-packages/airflow/example_dags/example_branch_python_dop_operator_3.py
[2023-06-12 07:55:59,805] {scheduler_job.py:642} INFO - DAG(s) dict_keys(['example_branch_dop_operator_v3']) retrieved from /home/airflow/.local/lib/python3.6/site-packages/airflow/example_dags/example_branch_python_dop_operator_3.py
[2023-06-12 07:55:59,823] {logging_mixin.py:104} INFO - [2023-06-12 07:55:59,822] {dag.py:1833} INFO - Sync 1 DAGs
[2023-06-12 07:55:59,841] {logging_mixin.py:104} INFO - [2023-06-12 07:55:59,841] {dag.py:2306} INFO - Setting next_dagrun for example_branch_dop_operator_v3 to 2023-06-10 00:00:00+00:00
[2023-06-12 07:55:59,851] {scheduler_job.py:189} INFO - Processing /home/airflow/.local/lib/python3.6/site-packages/airflow/example_dags/example_branch_python_dop_operator_3.py took 0.063 seconds
[2023-06-12 07:56:30,354] {scheduler_job.py:181} INFO - Started process (PID=403) to work on /home/airflow/.local/lib/python3.6/site-packages/airflow/example_dags/example_branch_python_dop_operator_3.py
[2023-06-12 07:56:30,356] {scheduler_job.py:632} INFO - Processing file /home/airflow/.local/lib/python3.6/site-packages/airflow/example_dags/example_branch_python_dop_operator_3.py for tasks to queue
[2023-06-12 07:56:30,357] {logging_mixin.py:104} INFO - [2023-06-12 07:56:30,357] {dagbag.py:496} INFO - Filling up the DagBag from /home/airflow/.local/lib/python3.6/site-packages/airflow/example_dags/example_branch_python_dop_operator_3.py
[2023-06-12 07:56:30,367] {scheduler_job.py:642} INFO - DAG(s) dict_keys(['example_branch_dop_operator_v3']) retrieved from /home/airflow/.local/lib/python3.6/site-packages/airflow/example_dags/example_branch_python_dop_operator_3.py
[2023-06-12 07:56:30,384] {logging_mixin.py:104} INFO - [2023-06-12 07:56:30,384] {dag.py:1833} INFO - Sync 1 DAGs
[2023-06-12 07:56:30,401] {logging_mixin.py:104} INFO - [2023-06-12 07:56:30,401] {dag.py:2306} INFO - Setting next_dagrun for example_branch_dop_operator_v3 to 2023-06-10 00:00:00+00:00
[2023-06-12 07:56:30,410] {scheduler_job.py:189} INFO - Processing /home/airflow/.local/lib/python3.6/site-packages/airflow/example_dags/example_branch_python_dop_operator_3.py took 0.058 seconds
[2023-06-12 07:57:01,201] {scheduler_job.py:181} INFO - Started process (PID=466) to work on /home/airflow/.local/lib/python3.6/site-packages/airflow/example_dags/example_branch_python_dop_operator_3.py
[2023-06-12 07:57:01,202] {scheduler_job.py:632} INFO - Processing file /home/airflow/.local/lib/python3.6/site-packages/airflow/example_dags/example_branch_python_dop_operator_3.py for tasks to queue
[2023-06-12 07:57:01,203] {logging_mixin.py:104} INFO - [2023-06-12 07:57:01,203] {dagbag.py:496} INFO - Filling up the DagBag from /home/airflow/.local/lib/python3.6/site-packages/airflow/example_dags/example_branch_python_dop_operator_3.py
[2023-06-12 07:57:01,217] {scheduler_job.py:642} INFO - DAG(s) dict_keys(['example_branch_dop_operator_v3']) retrieved from /home/airflow/.local/lib/python3.6/site-packages/airflow/example_dags/example_branch_python_dop_operator_3.py
[2023-06-12 07:57:01,242] {logging_mixin.py:104} INFO - [2023-06-12 07:57:01,242] {dag.py:1833} INFO - Sync 1 DAGs
[2023-06-12 07:57:01,269] {logging_mixin.py:104} INFO - [2023-06-12 07:57:01,269] {dag.py:2306} INFO - Setting next_dagrun for example_branch_dop_operator_v3 to 2023-06-10 00:00:00+00:00
[2023-06-12 07:57:01,282] {scheduler_job.py:189} INFO - Processing /home/airflow/.local/lib/python3.6/site-packages/airflow/example_dags/example_branch_python_dop_operator_3.py took 0.084 seconds
[2023-06-12 07:57:31,582] {scheduler_job.py:181} INFO - Started process (PID=519) to work on /home/airflow/.local/lib/python3.6/site-packages/airflow/example_dags/example_branch_python_dop_operator_3.py
[2023-06-12 07:57:31,583] {scheduler_job.py:632} INFO - Processing file /home/airflow/.local/lib/python3.6/site-packages/airflow/example_dags/example_branch_python_dop_operator_3.py for tasks to queue
[2023-06-12 07:57:31,585] {logging_mixin.py:104} INFO - [2023-06-12 07:57:31,584] {dagbag.py:496} INFO - Filling up the DagBag from /home/airflow/.local/lib/python3.6/site-packages/airflow/example_dags/example_branch_python_dop_operator_3.py
[2023-06-12 07:57:31,595] {scheduler_job.py:642} INFO - DAG(s) dict_keys(['example_branch_dop_operator_v3']) retrieved from /home/airflow/.local/lib/python3.6/site-packages/airflow/example_dags/example_branch_python_dop_operator_3.py
[2023-06-12 07:57:31,615] {logging_mixin.py:104} INFO - [2023-06-12 07:57:31,615] {dag.py:1833} INFO - Sync 1 DAGs
[2023-06-12 07:57:31,636] {logging_mixin.py:104} INFO - [2023-06-12 07:57:31,635] {dag.py:2306} INFO - Setting next_dagrun for example_branch_dop_operator_v3 to 2023-06-10 00:00:00+00:00
[2023-06-12 07:57:31,647] {scheduler_job.py:189} INFO - Processing /home/airflow/.local/lib/python3.6/site-packages/airflow/example_dags/example_branch_python_dop_operator_3.py took 0.068 seconds
[2023-06-12 07:58:02,710] {scheduler_job.py:181} INFO - Started process (PID=582) to work on /home/airflow/.local/lib/python3.6/site-packages/airflow/example_dags/example_branch_python_dop_operator_3.py
[2023-06-12 07:58:02,711] {scheduler_job.py:632} INFO - Processing file /home/airflow/.local/lib/python3.6/site-packages/airflow/example_dags/example_branch_python_dop_operator_3.py for tasks to queue
[2023-06-12 07:58:02,712] {logging_mixin.py:104} INFO - [2023-06-12 07:58:02,712] {dagbag.py:496} INFO - Filling up the DagBag from /home/airflow/.local/lib/python3.6/site-packages/airflow/example_dags/example_branch_python_dop_operator_3.py
[2023-06-12 07:58:02,729] {scheduler_job.py:642} INFO - DAG(s) dict_keys(['example_branch_dop_operator_v3']) retrieved from /home/airflow/.local/lib/python3.6/site-packages/airflow/example_dags/example_branch_python_dop_operator_3.py
[2023-06-12 07:58:02,753] {logging_mixin.py:104} INFO - [2023-06-12 07:58:02,753] {dag.py:1833} INFO - Sync 1 DAGs
[2023-06-12 07:58:02,783] {logging_mixin.py:104} INFO - [2023-06-12 07:58:02,783] {dag.py:2306} INFO - Setting next_dagrun for example_branch_dop_operator_v3 to 2023-06-10 00:00:00+00:00
[2023-06-12 07:58:02,792] {scheduler_job.py:189} INFO - Processing /home/airflow/.local/lib/python3.6/site-packages/airflow/example_dags/example_branch_python_dop_operator_3.py took 0.087 seconds
[2023-06-12 07:58:33,050] {scheduler_job.py:181} INFO - Started process (PID=645) to work on /home/airflow/.local/lib/python3.6/site-packages/airflow/example_dags/example_branch_python_dop_operator_3.py
[2023-06-12 07:58:33,051] {scheduler_job.py:632} INFO - Processing file /home/airflow/.local/lib/python3.6/site-packages/airflow/example_dags/example_branch_python_dop_operator_3.py for tasks to queue
[2023-06-12 07:58:33,052] {logging_mixin.py:104} INFO - [2023-06-12 07:58:33,052] {dagbag.py:496} INFO - Filling up the DagBag from /home/airflow/.local/lib/python3.6/site-packages/airflow/example_dags/example_branch_python_dop_operator_3.py
[2023-06-12 07:58:33,064] {scheduler_job.py:642} INFO - DAG(s) dict_keys(['example_branch_dop_operator_v3']) retrieved from /home/airflow/.local/lib/python3.6/site-packages/airflow/example_dags/example_branch_python_dop_operator_3.py
[2023-06-12 07:58:33,082] {logging_mixin.py:104} INFO - [2023-06-12 07:58:33,082] {dag.py:1833} INFO - Sync 1 DAGs
[2023-06-12 07:58:33,105] {logging_mixin.py:104} INFO - [2023-06-12 07:58:33,105] {dag.py:2306} INFO - Setting next_dagrun for example_branch_dop_operator_v3 to 2023-06-10 00:00:00+00:00
[2023-06-12 07:58:33,114] {scheduler_job.py:189} INFO - Processing /home/airflow/.local/lib/python3.6/site-packages/airflow/example_dags/example_branch_python_dop_operator_3.py took 0.067 seconds
[2023-06-12 07:59:04,048] {scheduler_job.py:181} INFO - Started process (PID=698) to work on /home/airflow/.local/lib/python3.6/site-packages/airflow/example_dags/example_branch_python_dop_operator_3.py
[2023-06-12 07:59:04,049] {scheduler_job.py:632} INFO - Processing file /home/airflow/.local/lib/python3.6/site-packages/airflow/example_dags/example_branch_python_dop_operator_3.py for tasks to queue
[2023-06-12 07:59:04,051] {logging_mixin.py:104} INFO - [2023-06-12 07:59:04,050] {dagbag.py:496} INFO - Filling up the DagBag from /home/airflow/.local/lib/python3.6/site-packages/airflow/example_dags/example_branch_python_dop_operator_3.py
[2023-06-12 07:59:04,063] {scheduler_job.py:642} INFO - DAG(s) dict_keys(['example_branch_dop_operator_v3']) retrieved from /home/airflow/.local/lib/python3.6/site-packages/airflow/example_dags/example_branch_python_dop_operator_3.py
[2023-06-12 07:59:04,084] {logging_mixin.py:104} INFO - [2023-06-12 07:59:04,084] {dag.py:1833} INFO - Sync 1 DAGs
[2023-06-12 07:59:04,114] {logging_mixin.py:104} INFO - [2023-06-12 07:59:04,113] {dag.py:2306} INFO - Setting next_dagrun for example_branch_dop_operator_v3 to 2023-06-10 00:00:00+00:00
[2023-06-12 07:59:04,122] {scheduler_job.py:189} INFO - Processing /home/airflow/.local/lib/python3.6/site-packages/airflow/example_dags/example_branch_python_dop_operator_3.py took 0.078 seconds
[2023-06-12 07:59:34,993] {scheduler_job.py:181} INFO - Started process (PID=761) to work on /home/airflow/.local/lib/python3.6/site-packages/airflow/example_dags/example_branch_python_dop_operator_3.py
[2023-06-12 07:59:34,994] {scheduler_job.py:632} INFO - Processing file /home/airflow/.local/lib/python3.6/site-packages/airflow/example_dags/example_branch_python_dop_operator_3.py for tasks to queue
[2023-06-12 07:59:34,995] {logging_mixin.py:104} INFO - [2023-06-12 07:59:34,995] {dagbag.py:496} INFO - Filling up the DagBag from /home/airflow/.local/lib/python3.6/site-packages/airflow/example_dags/example_branch_python_dop_operator_3.py
[2023-06-12 07:59:35,006] {scheduler_job.py:642} INFO - DAG(s) dict_keys(['example_branch_dop_operator_v3']) retrieved from /home/airflow/.local/lib/python3.6/site-packages/airflow/example_dags/example_branch_python_dop_operator_3.py
[2023-06-12 07:59:35,026] {logging_mixin.py:104} INFO - [2023-06-12 07:59:35,026] {dag.py:1833} INFO - Sync 1 DAGs
[2023-06-12 07:59:35,047] {logging_mixin.py:104} INFO - [2023-06-12 07:59:35,047] {dag.py:2306} INFO - Setting next_dagrun for example_branch_dop_operator_v3 to 2023-06-10 00:00:00+00:00
[2023-06-12 07:59:35,056] {scheduler_job.py:189} INFO - Processing /home/airflow/.local/lib/python3.6/site-packages/airflow/example_dags/example_branch_python_dop_operator_3.py took 0.065 seconds
[2023-06-12 08:00:05,938] {scheduler_job.py:181} INFO - Started process (PID=823) to work on /home/airflow/.local/lib/python3.6/site-packages/airflow/example_dags/example_branch_python_dop_operator_3.py
[2023-06-12 08:00:05,939] {scheduler_job.py:632} INFO - Processing file /home/airflow/.local/lib/python3.6/site-packages/airflow/example_dags/example_branch_python_dop_operator_3.py for tasks to queue
[2023-06-12 08:00:05,940] {logging_mixin.py:104} INFO - [2023-06-12 08:00:05,940] {dagbag.py:496} INFO - Filling up the DagBag from /home/airflow/.local/lib/python3.6/site-packages/airflow/example_dags/example_branch_python_dop_operator_3.py
[2023-06-12 08:00:05,951] {scheduler_job.py:642} INFO - DAG(s) dict_keys(['example_branch_dop_operator_v3']) retrieved from /home/airflow/.local/lib/python3.6/site-packages/airflow/example_dags/example_branch_python_dop_operator_3.py
[2023-06-12 08:00:05,972] {logging_mixin.py:104} INFO - [2023-06-12 08:00:05,971] {dag.py:1833} INFO - Sync 1 DAGs
[2023-06-12 08:00:05,992] {logging_mixin.py:104} INFO - [2023-06-12 08:00:05,992] {dag.py:2306} INFO - Setting next_dagrun for example_branch_dop_operator_v3 to 2023-06-10 00:00:00+00:00
[2023-06-12 08:00:06,002] {scheduler_job.py:189} INFO - Processing /home/airflow/.local/lib/python3.6/site-packages/airflow/example_dags/example_branch_python_dop_operator_3.py took 0.067 seconds
[2023-06-12 08:00:36,195] {scheduler_job.py:181} INFO - Started process (PID=877) to work on /home/airflow/.local/lib/python3.6/site-packages/airflow/example_dags/example_branch_python_dop_operator_3.py
[2023-06-12 08:00:36,196] {scheduler_job.py:632} INFO - Processing file /home/airflow/.local/lib/python3.6/site-packages/airflow/example_dags/example_branch_python_dop_operator_3.py for tasks to queue
[2023-06-12 08:00:36,197] {logging_mixin.py:104} INFO - [2023-06-12 08:00:36,197] {dagbag.py:496} INFO - Filling up the DagBag from /home/airflow/.local/lib/python3.6/site-packages/airflow/example_dags/example_branch_python_dop_operator_3.py
[2023-06-12 08:00:36,208] {scheduler_job.py:642} INFO - DAG(s) dict_keys(['example_branch_dop_operator_v3']) retrieved from /home/airflow/.local/lib/python3.6/site-packages/airflow/example_dags/example_branch_python_dop_operator_3.py
[2023-06-12 08:00:36,226] {logging_mixin.py:104} INFO - [2023-06-12 08:00:36,226] {dag.py:1833} INFO - Sync 1 DAGs
[2023-06-12 08:00:36,250] {logging_mixin.py:104} INFO - [2023-06-12 08:00:36,250] {dag.py:2306} INFO - Setting next_dagrun for example_branch_dop_operator_v3 to 2023-06-10 00:00:00+00:00
[2023-06-12 08:00:36,261] {scheduler_job.py:189} INFO - Processing /home/airflow/.local/lib/python3.6/site-packages/airflow/example_dags/example_branch_python_dop_operator_3.py took 0.069 seconds
[2023-06-12 08:01:07,073] {scheduler_job.py:181} INFO - Started process (PID=940) to work on /home/airflow/.local/lib/python3.6/site-packages/airflow/example_dags/example_branch_python_dop_operator_3.py
[2023-06-12 08:01:07,074] {scheduler_job.py:632} INFO - Processing file /home/airflow/.local/lib/python3.6/site-packages/airflow/example_dags/example_branch_python_dop_operator_3.py for tasks to queue
[2023-06-12 08:01:07,075] {logging_mixin.py:104} INFO - [2023-06-12 08:01:07,075] {dagbag.py:496} INFO - Filling up the DagBag from /home/airflow/.local/lib/python3.6/site-packages/airflow/example_dags/example_branch_python_dop_operator_3.py
[2023-06-12 08:01:07,086] {scheduler_job.py:642} INFO - DAG(s) dict_keys(['example_branch_dop_operator_v3']) retrieved from /home/airflow/.local/lib/python3.6/site-packages/airflow/example_dags/example_branch_python_dop_operator_3.py
[2023-06-12 08:01:07,103] {logging_mixin.py:104} INFO - [2023-06-12 08:01:07,103] {dag.py:1833} INFO - Sync 1 DAGs
[2023-06-12 08:01:07,123] {logging_mixin.py:104} INFO - [2023-06-12 08:01:07,123] {dag.py:2306} INFO - Setting next_dagrun for example_branch_dop_operator_v3 to 2023-06-10 00:00:00+00:00
[2023-06-12 08:01:07,132] {scheduler_job.py:189} INFO - Processing /home/airflow/.local/lib/python3.6/site-packages/airflow/example_dags/example_branch_python_dop_operator_3.py took 0.062 seconds
[2023-06-12 08:01:37,979] {scheduler_job.py:181} INFO - Started process (PID=993) to work on /home/airflow/.local/lib/python3.6/site-packages/airflow/example_dags/example_branch_python_dop_operator_3.py
[2023-06-12 08:01:37,980] {scheduler_job.py:632} INFO - Processing file /home/airflow/.local/lib/python3.6/site-packages/airflow/example_dags/example_branch_python_dop_operator_3.py for tasks to queue
[2023-06-12 08:01:37,981] {logging_mixin.py:104} INFO - [2023-06-12 08:01:37,981] {dagbag.py:496} INFO - Filling up the DagBag from /home/airflow/.local/lib/python3.6/site-packages/airflow/example_dags/example_branch_python_dop_operator_3.py
[2023-06-12 08:01:37,991] {scheduler_job.py:642} INFO - DAG(s) dict_keys(['example_branch_dop_operator_v3']) retrieved from /home/airflow/.local/lib/python3.6/site-packages/airflow/example_dags/example_branch_python_dop_operator_3.py
[2023-06-12 08:01:38,043] {logging_mixin.py:104} INFO - [2023-06-12 08:01:38,042] {dag.py:1833} INFO - Sync 1 DAGs
[2023-06-12 08:01:38,065] {logging_mixin.py:104} INFO - [2023-06-12 08:01:38,065] {dag.py:2306} INFO - Setting next_dagrun for example_branch_dop_operator_v3 to 2023-06-10 00:00:00+00:00
[2023-06-12 08:01:38,074] {scheduler_job.py:189} INFO - Processing /home/airflow/.local/lib/python3.6/site-packages/airflow/example_dags/example_branch_python_dop_operator_3.py took 0.098 seconds
[2023-06-12 08:02:08,102] {scheduler_job.py:181} INFO - Started process (PID=1056) to work on /home/airflow/.local/lib/python3.6/site-packages/airflow/example_dags/example_branch_python_dop_operator_3.py
[2023-06-12 08:02:08,104] {scheduler_job.py:632} INFO - Processing file /home/airflow/.local/lib/python3.6/site-packages/airflow/example_dags/example_branch_python_dop_operator_3.py for tasks to queue
[2023-06-12 08:02:08,105] {logging_mixin.py:104} INFO - [2023-06-12 08:02:08,105] {dagbag.py:496} INFO - Filling up the DagBag from /home/airflow/.local/lib/python3.6/site-packages/airflow/example_dags/example_branch_python_dop_operator_3.py
[2023-06-12 08:02:08,116] {scheduler_job.py:642} INFO - DAG(s) dict_keys(['example_branch_dop_operator_v3']) retrieved from /home/airflow/.local/lib/python3.6/site-packages/airflow/example_dags/example_branch_python_dop_operator_3.py
[2023-06-12 08:02:08,133] {logging_mixin.py:104} INFO - [2023-06-12 08:02:08,133] {dag.py:1833} INFO - Sync 1 DAGs
[2023-06-12 08:02:08,152] {logging_mixin.py:104} INFO - [2023-06-12 08:02:08,152] {dag.py:2306} INFO - Setting next_dagrun for example_branch_dop_operator_v3 to 2023-06-10 00:00:00+00:00
[2023-06-12 08:02:08,162] {scheduler_job.py:189} INFO - Processing /home/airflow/.local/lib/python3.6/site-packages/airflow/example_dags/example_branch_python_dop_operator_3.py took 0.062 seconds
[2023-06-12 08:02:38,351] {scheduler_job.py:181} INFO - Started process (PID=1119) to work on /home/airflow/.local/lib/python3.6/site-packages/airflow/example_dags/example_branch_python_dop_operator_3.py
[2023-06-12 08:02:38,353] {scheduler_job.py:632} INFO - Processing file /home/airflow/.local/lib/python3.6/site-packages/airflow/example_dags/example_branch_python_dop_operator_3.py for tasks to queue
[2023-06-12 08:02:38,354] {logging_mixin.py:104} INFO - [2023-06-12 08:02:38,354] {dagbag.py:496} INFO - Filling up the DagBag from /home/airflow/.local/lib/python3.6/site-packages/airflow/example_dags/example_branch_python_dop_operator_3.py
[2023-06-12 08:02:38,366] {scheduler_job.py:642} INFO - DAG(s) dict_keys(['example_branch_dop_operator_v3']) retrieved from /home/airflow/.local/lib/python3.6/site-packages/airflow/example_dags/example_branch_python_dop_operator_3.py
[2023-06-12 08:02:38,387] {logging_mixin.py:104} INFO - [2023-06-12 08:02:38,386] {dag.py:1833} INFO - Sync 1 DAGs
[2023-06-12 08:02:38,411] {logging_mixin.py:104} INFO - [2023-06-12 08:02:38,411] {dag.py:2306} INFO - Setting next_dagrun for example_branch_dop_operator_v3 to 2023-06-10 00:00:00+00:00
[2023-06-12 08:02:38,423] {scheduler_job.py:189} INFO - Processing /home/airflow/.local/lib/python3.6/site-packages/airflow/example_dags/example_branch_python_dop_operator_3.py took 0.075 seconds
[2023-06-12 08:03:08,835] {scheduler_job.py:181} INFO - Started process (PID=1172) to work on /home/airflow/.local/lib/python3.6/site-packages/airflow/example_dags/example_branch_python_dop_operator_3.py
[2023-06-12 08:03:08,836] {scheduler_job.py:632} INFO - Processing file /home/airflow/.local/lib/python3.6/site-packages/airflow/example_dags/example_branch_python_dop_operator_3.py for tasks to queue
[2023-06-12 08:03:08,837] {logging_mixin.py:104} INFO - [2023-06-12 08:03:08,837] {dagbag.py:496} INFO - Filling up the DagBag from /home/airflow/.local/lib/python3.6/site-packages/airflow/example_dags/example_branch_python_dop_operator_3.py
[2023-06-12 08:03:08,848] {scheduler_job.py:642} INFO - DAG(s) dict_keys(['example_branch_dop_operator_v3']) retrieved from /home/airflow/.local/lib/python3.6/site-packages/airflow/example_dags/example_branch_python_dop_operator_3.py
[2023-06-12 08:03:08,867] {logging_mixin.py:104} INFO - [2023-06-12 08:03:08,867] {dag.py:1833} INFO - Sync 1 DAGs
[2023-06-12 08:03:08,886] {logging_mixin.py:104} INFO - [2023-06-12 08:03:08,886] {dag.py:2306} INFO - Setting next_dagrun for example_branch_dop_operator_v3 to 2023-06-10 00:00:00+00:00
[2023-06-12 08:03:08,896] {scheduler_job.py:189} INFO - Processing /home/airflow/.local/lib/python3.6/site-packages/airflow/example_dags/example_branch_python_dop_operator_3.py took 0.063 seconds
[2023-06-12 08:03:39,207] {scheduler_job.py:181} INFO - Started process (PID=1235) to work on /home/airflow/.local/lib/python3.6/site-packages/airflow/example_dags/example_branch_python_dop_operator_3.py
[2023-06-12 08:03:39,209] {scheduler_job.py:632} INFO - Processing file /home/airflow/.local/lib/python3.6/site-packages/airflow/example_dags/example_branch_python_dop_operator_3.py for tasks to queue
[2023-06-12 08:03:39,209] {logging_mixin.py:104} INFO - [2023-06-12 08:03:39,209] {dagbag.py:496} INFO - Filling up the DagBag from /home/airflow/.local/lib/python3.6/site-packages/airflow/example_dags/example_branch_python_dop_operator_3.py
[2023-06-12 08:03:39,219] {scheduler_job.py:642} INFO - DAG(s) dict_keys(['example_branch_dop_operator_v3']) retrieved from /home/airflow/.local/lib/python3.6/site-packages/airflow/example_dags/example_branch_python_dop_operator_3.py
[2023-06-12 08:03:39,238] {logging_mixin.py:104} INFO - [2023-06-12 08:03:39,238] {dag.py:1833} INFO - Sync 1 DAGs
[2023-06-12 08:03:39,255] {logging_mixin.py:104} INFO - [2023-06-12 08:03:39,255] {dag.py:2306} INFO - Setting next_dagrun for example_branch_dop_operator_v3 to 2023-06-10 00:00:00+00:00
[2023-06-12 08:03:39,266] {scheduler_job.py:189} INFO - Processing /home/airflow/.local/lib/python3.6/site-packages/airflow/example_dags/example_branch_python_dop_operator_3.py took 0.061 seconds
[2023-06-12 08:04:09,599] {scheduler_job.py:181} INFO - Started process (PID=1289) to work on /home/airflow/.local/lib/python3.6/site-packages/airflow/example_dags/example_branch_python_dop_operator_3.py
[2023-06-12 08:04:09,601] {scheduler_job.py:632} INFO - Processing file /home/airflow/.local/lib/python3.6/site-packages/airflow/example_dags/example_branch_python_dop_operator_3.py for tasks to queue
[2023-06-12 08:04:09,601] {logging_mixin.py:104} INFO - [2023-06-12 08:04:09,601] {dagbag.py:496} INFO - Filling up the DagBag from /home/airflow/.local/lib/python3.6/site-packages/airflow/example_dags/example_branch_python_dop_operator_3.py
[2023-06-12 08:04:09,611] {scheduler_job.py:642} INFO - DAG(s) dict_keys(['example_branch_dop_operator_v3']) retrieved from /home/airflow/.local/lib/python3.6/site-packages/airflow/example_dags/example_branch_python_dop_operator_3.py
[2023-06-12 08:04:09,632] {logging_mixin.py:104} INFO - [2023-06-12 08:04:09,631] {dag.py:1833} INFO - Sync 1 DAGs
[2023-06-12 08:04:09,649] {logging_mixin.py:104} INFO - [2023-06-12 08:04:09,649] {dag.py:2306} INFO - Setting next_dagrun for example_branch_dop_operator_v3 to 2023-06-10 00:00:00+00:00
[2023-06-12 08:04:09,659] {scheduler_job.py:189} INFO - Processing /home/airflow/.local/lib/python3.6/site-packages/airflow/example_dags/example_branch_python_dop_operator_3.py took 0.062 seconds
[2023-06-12 08:04:40,007] {scheduler_job.py:181} INFO - Started process (PID=1352) to work on /home/airflow/.local/lib/python3.6/site-packages/airflow/example_dags/example_branch_python_dop_operator_3.py
[2023-06-12 08:04:40,008] {scheduler_job.py:632} INFO - Processing file /home/airflow/.local/lib/python3.6/site-packages/airflow/example_dags/example_branch_python_dop_operator_3.py for tasks to queue
[2023-06-12 08:04:40,009] {logging_mixin.py:104} INFO - [2023-06-12 08:04:40,009] {dagbag.py:496} INFO - Filling up the DagBag from /home/airflow/.local/lib/python3.6/site-packages/airflow/example_dags/example_branch_python_dop_operator_3.py
[2023-06-12 08:04:40,021] {scheduler_job.py:642} INFO - DAG(s) dict_keys(['example_branch_dop_operator_v3']) retrieved from /home/airflow/.local/lib/python3.6/site-packages/airflow/example_dags/example_branch_python_dop_operator_3.py
[2023-06-12 08:04:40,045] {logging_mixin.py:104} INFO - [2023-06-12 08:04:40,045] {dag.py:1833} INFO - Sync 1 DAGs
[2023-06-12 08:04:40,067] {logging_mixin.py:104} INFO - [2023-06-12 08:04:40,067] {dag.py:2306} INFO - Setting next_dagrun for example_branch_dop_operator_v3 to 2023-06-10 00:00:00+00:00
[2023-06-12 08:04:40,077] {scheduler_job.py:189} INFO - Processing /home/airflow/.local/lib/python3.6/site-packages/airflow/example_dags/example_branch_python_dop_operator_3.py took 0.073 seconds
[2023-06-12 08:05:10,417] {scheduler_job.py:181} INFO - Started process (PID=1414) to work on /home/airflow/.local/lib/python3.6/site-packages/airflow/example_dags/example_branch_python_dop_operator_3.py
[2023-06-12 08:05:10,419] {scheduler_job.py:632} INFO - Processing file /home/airflow/.local/lib/python3.6/site-packages/airflow/example_dags/example_branch_python_dop_operator_3.py for tasks to queue
[2023-06-12 08:05:10,419] {logging_mixin.py:104} INFO - [2023-06-12 08:05:10,419] {dagbag.py:496} INFO - Filling up the DagBag from /home/airflow/.local/lib/python3.6/site-packages/airflow/example_dags/example_branch_python_dop_operator_3.py
[2023-06-12 08:05:10,432] {scheduler_job.py:642} INFO - DAG(s) dict_keys(['example_branch_dop_operator_v3']) retrieved from /home/airflow/.local/lib/python3.6/site-packages/airflow/example_dags/example_branch_python_dop_operator_3.py
[2023-06-12 08:05:10,450] {logging_mixin.py:104} INFO - [2023-06-12 08:05:10,450] {dag.py:1833} INFO - Sync 1 DAGs
[2023-06-12 08:05:10,469] {logging_mixin.py:104} INFO - [2023-06-12 08:05:10,469] {dag.py:2306} INFO - Setting next_dagrun for example_branch_dop_operator_v3 to 2023-06-10 00:00:00+00:00
[2023-06-12 08:05:10,478] {scheduler_job.py:189} INFO - Processing /home/airflow/.local/lib/python3.6/site-packages/airflow/example_dags/example_branch_python_dop_operator_3.py took 0.063 seconds
[2023-06-12 08:05:40,579] {scheduler_job.py:181} INFO - Started process (PID=1469) to work on /home/airflow/.local/lib/python3.6/site-packages/airflow/example_dags/example_branch_python_dop_operator_3.py
[2023-06-12 08:05:40,580] {scheduler_job.py:632} INFO - Processing file /home/airflow/.local/lib/python3.6/site-packages/airflow/example_dags/example_branch_python_dop_operator_3.py for tasks to queue
[2023-06-12 08:05:40,581] {logging_mixin.py:104} INFO - [2023-06-12 08:05:40,581] {dagbag.py:496} INFO - Filling up the DagBag from /home/airflow/.local/lib/python3.6/site-packages/airflow/example_dags/example_branch_python_dop_operator_3.py
[2023-06-12 08:05:40,593] {scheduler_job.py:642} INFO - DAG(s) dict_keys(['example_branch_dop_operator_v3']) retrieved from /home/airflow/.local/lib/python3.6/site-packages/airflow/example_dags/example_branch_python_dop_operator_3.py
[2023-06-12 08:05:40,608] {logging_mixin.py:104} INFO - [2023-06-12 08:05:40,608] {dag.py:1833} INFO - Sync 1 DAGs
[2023-06-12 08:05:40,627] {logging_mixin.py:104} INFO - [2023-06-12 08:05:40,627] {dag.py:2306} INFO - Setting next_dagrun for example_branch_dop_operator_v3 to 2023-06-10 00:00:00+00:00
[2023-06-12 08:05:40,635] {scheduler_job.py:189} INFO - Processing /home/airflow/.local/lib/python3.6/site-packages/airflow/example_dags/example_branch_python_dop_operator_3.py took 0.059 seconds
[2023-06-12 08:06:10,993] {scheduler_job.py:181} INFO - Started process (PID=1532) to work on /home/airflow/.local/lib/python3.6/site-packages/airflow/example_dags/example_branch_python_dop_operator_3.py
[2023-06-12 08:06:10,994] {scheduler_job.py:632} INFO - Processing file /home/airflow/.local/lib/python3.6/site-packages/airflow/example_dags/example_branch_python_dop_operator_3.py for tasks to queue
[2023-06-12 08:06:10,995] {logging_mixin.py:104} INFO - [2023-06-12 08:06:10,995] {dagbag.py:496} INFO - Filling up the DagBag from /home/airflow/.local/lib/python3.6/site-packages/airflow/example_dags/example_branch_python_dop_operator_3.py
[2023-06-12 08:06:11,006] {scheduler_job.py:642} INFO - DAG(s) dict_keys(['example_branch_dop_operator_v3']) retrieved from /home/airflow/.local/lib/python3.6/site-packages/airflow/example_dags/example_branch_python_dop_operator_3.py
[2023-06-12 08:06:11,022] {logging_mixin.py:104} INFO - [2023-06-12 08:06:11,022] {dag.py:1833} INFO - Sync 1 DAGs
[2023-06-12 08:06:11,042] {logging_mixin.py:104} INFO - [2023-06-12 08:06:11,042] {dag.py:2306} INFO - Setting next_dagrun for example_branch_dop_operator_v3 to 2023-06-10 00:00:00+00:00
[2023-06-12 08:06:11,051] {scheduler_job.py:189} INFO - Processing /home/airflow/.local/lib/python3.6/site-packages/airflow/example_dags/example_branch_python_dop_operator_3.py took 0.060 seconds
[2023-06-12 08:06:41,538] {scheduler_job.py:181} INFO - Started process (PID=1585) to work on /home/airflow/.local/lib/python3.6/site-packages/airflow/example_dags/example_branch_python_dop_operator_3.py
[2023-06-12 08:06:41,539] {scheduler_job.py:632} INFO - Processing file /home/airflow/.local/lib/python3.6/site-packages/airflow/example_dags/example_branch_python_dop_operator_3.py for tasks to queue
[2023-06-12 08:06:41,539] {logging_mixin.py:104} INFO - [2023-06-12 08:06:41,539] {dagbag.py:496} INFO - Filling up the DagBag from /home/airflow/.local/lib/python3.6/site-packages/airflow/example_dags/example_branch_python_dop_operator_3.py
[2023-06-12 08:06:41,551] {scheduler_job.py:642} INFO - DAG(s) dict_keys(['example_branch_dop_operator_v3']) retrieved from /home/airflow/.local/lib/python3.6/site-packages/airflow/example_dags/example_branch_python_dop_operator_3.py
[2023-06-12 08:06:41,569] {logging_mixin.py:104} INFO - [2023-06-12 08:06:41,569] {dag.py:1833} INFO - Sync 1 DAGs
[2023-06-12 08:06:41,589] {logging_mixin.py:104} INFO - [2023-06-12 08:06:41,589] {dag.py:2306} INFO - Setting next_dagrun for example_branch_dop_operator_v3 to 2023-06-10 00:00:00+00:00
[2023-06-12 08:06:41,598] {scheduler_job.py:189} INFO - Processing /home/airflow/.local/lib/python3.6/site-packages/airflow/example_dags/example_branch_python_dop_operator_3.py took 0.063 seconds
[2023-06-12 08:07:12,435] {scheduler_job.py:181} INFO - Started process (PID=1648) to work on /home/airflow/.local/lib/python3.6/site-packages/airflow/example_dags/example_branch_python_dop_operator_3.py
[2023-06-12 08:07:12,437] {scheduler_job.py:632} INFO - Processing file /home/airflow/.local/lib/python3.6/site-packages/airflow/example_dags/example_branch_python_dop_operator_3.py for tasks to queue
[2023-06-12 08:07:12,438] {logging_mixin.py:104} INFO - [2023-06-12 08:07:12,437] {dagbag.py:496} INFO - Filling up the DagBag from /home/airflow/.local/lib/python3.6/site-packages/airflow/example_dags/example_branch_python_dop_operator_3.py
[2023-06-12 08:07:12,450] {scheduler_job.py:642} INFO - DAG(s) dict_keys(['example_branch_dop_operator_v3']) retrieved from /home/airflow/.local/lib/python3.6/site-packages/airflow/example_dags/example_branch_python_dop_operator_3.py
[2023-06-12 08:07:12,467] {logging_mixin.py:104} INFO - [2023-06-12 08:07:12,467] {dag.py:1833} INFO - Sync 1 DAGs
[2023-06-12 08:07:12,483] {logging_mixin.py:104} INFO - [2023-06-12 08:07:12,483] {dag.py:2306} INFO - Setting next_dagrun for example_branch_dop_operator_v3 to 2023-06-10 00:00:00+00:00
[2023-06-12 08:07:12,491] {scheduler_job.py:189} INFO - Processing /home/airflow/.local/lib/python3.6/site-packages/airflow/example_dags/example_branch_python_dop_operator_3.py took 0.059 seconds
[2023-06-12 08:07:42,605] {scheduler_job.py:181} INFO - Started process (PID=1711) to work on /home/airflow/.local/lib/python3.6/site-packages/airflow/example_dags/example_branch_python_dop_operator_3.py
[2023-06-12 08:07:42,606] {scheduler_job.py:632} INFO - Processing file /home/airflow/.local/lib/python3.6/site-packages/airflow/example_dags/example_branch_python_dop_operator_3.py for tasks to queue
[2023-06-12 08:07:42,607] {logging_mixin.py:104} INFO - [2023-06-12 08:07:42,607] {dagbag.py:496} INFO - Filling up the DagBag from /home/airflow/.local/lib/python3.6/site-packages/airflow/example_dags/example_branch_python_dop_operator_3.py
[2023-06-12 08:07:42,620] {scheduler_job.py:642} INFO - DAG(s) dict_keys(['example_branch_dop_operator_v3']) retrieved from /home/airflow/.local/lib/python3.6/site-packages/airflow/example_dags/example_branch_python_dop_operator_3.py
[2023-06-12 08:07:42,637] {logging_mixin.py:104} INFO - [2023-06-12 08:07:42,637] {dag.py:1833} INFO - Sync 1 DAGs
[2023-06-12 08:07:42,656] {logging_mixin.py:104} INFO - [2023-06-12 08:07:42,656] {dag.py:2306} INFO - Setting next_dagrun for example_branch_dop_operator_v3 to 2023-06-10 00:00:00+00:00
[2023-06-12 08:07:42,665] {scheduler_job.py:189} INFO - Processing /home/airflow/.local/lib/python3.6/site-packages/airflow/example_dags/example_branch_python_dop_operator_3.py took 0.064 seconds
[2023-06-12 08:08:12,853] {scheduler_job.py:181} INFO - Started process (PID=1763) to work on /home/airflow/.local/lib/python3.6/site-packages/airflow/example_dags/example_branch_python_dop_operator_3.py
[2023-06-12 08:08:12,854] {scheduler_job.py:632} INFO - Processing file /home/airflow/.local/lib/python3.6/site-packages/airflow/example_dags/example_branch_python_dop_operator_3.py for tasks to queue
[2023-06-12 08:08:12,855] {logging_mixin.py:104} INFO - [2023-06-12 08:08:12,855] {dagbag.py:496} INFO - Filling up the DagBag from /home/airflow/.local/lib/python3.6/site-packages/airflow/example_dags/example_branch_python_dop_operator_3.py
[2023-06-12 08:08:12,866] {scheduler_job.py:642} INFO - DAG(s) dict_keys(['example_branch_dop_operator_v3']) retrieved from /home/airflow/.local/lib/python3.6/site-packages/airflow/example_dags/example_branch_python_dop_operator_3.py
[2023-06-12 08:08:12,882] {logging_mixin.py:104} INFO - [2023-06-12 08:08:12,882] {dag.py:1833} INFO - Sync 1 DAGs
[2023-06-12 08:08:12,899] {logging_mixin.py:104} INFO - [2023-06-12 08:08:12,899] {dag.py:2306} INFO - Setting next_dagrun for example_branch_dop_operator_v3 to 2023-06-10 00:00:00+00:00
[2023-06-12 08:08:12,907] {scheduler_job.py:189} INFO - Processing /home/airflow/.local/lib/python3.6/site-packages/airflow/example_dags/example_branch_python_dop_operator_3.py took 0.056 seconds
[2023-06-12 08:08:43,423] {scheduler_job.py:181} INFO - Started process (PID=1827) to work on /home/airflow/.local/lib/python3.6/site-packages/airflow/example_dags/example_branch_python_dop_operator_3.py
[2023-06-12 08:08:43,424] {scheduler_job.py:632} INFO - Processing file /home/airflow/.local/lib/python3.6/site-packages/airflow/example_dags/example_branch_python_dop_operator_3.py for tasks to queue
[2023-06-12 08:08:43,425] {logging_mixin.py:104} INFO - [2023-06-12 08:08:43,425] {dagbag.py:496} INFO - Filling up the DagBag from /home/airflow/.local/lib/python3.6/site-packages/airflow/example_dags/example_branch_python_dop_operator_3.py
[2023-06-12 08:08:43,435] {scheduler_job.py:642} INFO - DAG(s) dict_keys(['example_branch_dop_operator_v3']) retrieved from /home/airflow/.local/lib/python3.6/site-packages/airflow/example_dags/example_branch_python_dop_operator_3.py
[2023-06-12 08:08:43,451] {logging_mixin.py:104} INFO - [2023-06-12 08:08:43,451] {dag.py:1833} INFO - Sync 1 DAGs
[2023-06-12 08:08:43,468] {logging_mixin.py:104} INFO - [2023-06-12 08:08:43,468] {dag.py:2306} INFO - Setting next_dagrun for example_branch_dop_operator_v3 to 2023-06-10 00:00:00+00:00
[2023-06-12 08:08:43,477] {scheduler_job.py:189} INFO - Processing /home/airflow/.local/lib/python3.6/site-packages/airflow/example_dags/example_branch_python_dop_operator_3.py took 0.057 seconds
[2023-06-12 08:09:13,784] {scheduler_job.py:181} INFO - Started process (PID=1880) to work on /home/airflow/.local/lib/python3.6/site-packages/airflow/example_dags/example_branch_python_dop_operator_3.py
[2023-06-12 08:09:13,785] {scheduler_job.py:632} INFO - Processing file /home/airflow/.local/lib/python3.6/site-packages/airflow/example_dags/example_branch_python_dop_operator_3.py for tasks to queue
[2023-06-12 08:09:13,786] {logging_mixin.py:104} INFO - [2023-06-12 08:09:13,786] {dagbag.py:496} INFO - Filling up the DagBag from /home/airflow/.local/lib/python3.6/site-packages/airflow/example_dags/example_branch_python_dop_operator_3.py
[2023-06-12 08:09:13,797] {scheduler_job.py:642} INFO - DAG(s) dict_keys(['example_branch_dop_operator_v3']) retrieved from /home/airflow/.local/lib/python3.6/site-packages/airflow/example_dags/example_branch_python_dop_operator_3.py
[2023-06-12 08:09:13,814] {logging_mixin.py:104} INFO - [2023-06-12 08:09:13,814] {dag.py:1833} INFO - Sync 1 DAGs
[2023-06-12 08:09:13,830] {logging_mixin.py:104} INFO - [2023-06-12 08:09:13,830] {dag.py:2306} INFO - Setting next_dagrun for example_branch_dop_operator_v3 to 2023-06-10 00:00:00+00:00
[2023-06-12 08:09:13,839] {scheduler_job.py:189} INFO - Processing /home/airflow/.local/lib/python3.6/site-packages/airflow/example_dags/example_branch_python_dop_operator_3.py took 0.057 seconds
[2023-06-12 08:09:44,151] {scheduler_job.py:181} INFO - Started process (PID=1943) to work on /home/airflow/.local/lib/python3.6/site-packages/airflow/example_dags/example_branch_python_dop_operator_3.py
[2023-06-12 08:09:44,153] {scheduler_job.py:632} INFO - Processing file /home/airflow/.local/lib/python3.6/site-packages/airflow/example_dags/example_branch_python_dop_operator_3.py for tasks to queue
[2023-06-12 08:09:44,153] {logging_mixin.py:104} INFO - [2023-06-12 08:09:44,153] {dagbag.py:496} INFO - Filling up the DagBag from /home/airflow/.local/lib/python3.6/site-packages/airflow/example_dags/example_branch_python_dop_operator_3.py
[2023-06-12 08:09:44,164] {scheduler_job.py:642} INFO - DAG(s) dict_keys(['example_branch_dop_operator_v3']) retrieved from /home/airflow/.local/lib/python3.6/site-packages/airflow/example_dags/example_branch_python_dop_operator_3.py
[2023-06-12 08:09:44,179] {logging_mixin.py:104} INFO - [2023-06-12 08:09:44,179] {dag.py:1833} INFO - Sync 1 DAGs
[2023-06-12 08:09:44,195] {logging_mixin.py:104} INFO - [2023-06-12 08:09:44,195] {dag.py:2306} INFO - Setting next_dagrun for example_branch_dop_operator_v3 to 2023-06-10 00:00:00+00:00
[2023-06-12 08:09:44,205] {scheduler_job.py:189} INFO - Processing /home/airflow/.local/lib/python3.6/site-packages/airflow/example_dags/example_branch_python_dop_operator_3.py took 0.056 seconds
[2023-06-12 08:10:14,869] {scheduler_job.py:181} INFO - Started process (PID=2007) to work on /home/airflow/.local/lib/python3.6/site-packages/airflow/example_dags/example_branch_python_dop_operator_3.py
[2023-06-12 08:10:14,870] {scheduler_job.py:632} INFO - Processing file /home/airflow/.local/lib/python3.6/site-packages/airflow/example_dags/example_branch_python_dop_operator_3.py for tasks to queue
[2023-06-12 08:10:14,871] {logging_mixin.py:104} INFO - [2023-06-12 08:10:14,870] {dagbag.py:496} INFO - Filling up the DagBag from /home/airflow/.local/lib/python3.6/site-packages/airflow/example_dags/example_branch_python_dop_operator_3.py
[2023-06-12 08:10:14,881] {scheduler_job.py:642} INFO - DAG(s) dict_keys(['example_branch_dop_operator_v3']) retrieved from /home/airflow/.local/lib/python3.6/site-packages/airflow/example_dags/example_branch_python_dop_operator_3.py
[2023-06-12 08:10:14,899] {logging_mixin.py:104} INFO - [2023-06-12 08:10:14,898] {dag.py:1833} INFO - Sync 1 DAGs
[2023-06-12 08:10:14,916] {logging_mixin.py:104} INFO - [2023-06-12 08:10:14,916] {dag.py:2306} INFO - Setting next_dagrun for example_branch_dop_operator_v3 to 2023-06-10 00:00:00+00:00
[2023-06-12 08:10:14,924] {scheduler_job.py:189} INFO - Processing /home/airflow/.local/lib/python3.6/site-packages/airflow/example_dags/example_branch_python_dop_operator_3.py took 0.058 seconds
[2023-06-12 08:10:45,288] {scheduler_job.py:181} INFO - Started process (PID=2060) to work on /home/airflow/.local/lib/python3.6/site-packages/airflow/example_dags/example_branch_python_dop_operator_3.py
[2023-06-12 08:10:45,290] {scheduler_job.py:632} INFO - Processing file /home/airflow/.local/lib/python3.6/site-packages/airflow/example_dags/example_branch_python_dop_operator_3.py for tasks to queue
[2023-06-12 08:10:45,291] {logging_mixin.py:104} INFO - [2023-06-12 08:10:45,291] {dagbag.py:496} INFO - Filling up the DagBag from /home/airflow/.local/lib/python3.6/site-packages/airflow/example_dags/example_branch_python_dop_operator_3.py
[2023-06-12 08:10:45,301] {scheduler_job.py:642} INFO - DAG(s) dict_keys(['example_branch_dop_operator_v3']) retrieved from /home/airflow/.local/lib/python3.6/site-packages/airflow/example_dags/example_branch_python_dop_operator_3.py
[2023-06-12 08:10:45,317] {logging_mixin.py:104} INFO - [2023-06-12 08:10:45,317] {dag.py:1833} INFO - Sync 1 DAGs
[2023-06-12 08:10:45,334] {logging_mixin.py:104} INFO - [2023-06-12 08:10:45,334] {dag.py:2306} INFO - Setting next_dagrun for example_branch_dop_operator_v3 to 2023-06-10 00:00:00+00:00
[2023-06-12 08:10:45,344] {scheduler_job.py:189} INFO - Processing /home/airflow/.local/lib/python3.6/site-packages/airflow/example_dags/example_branch_python_dop_operator_3.py took 0.058 seconds
[2023-06-12 08:11:15,701] {scheduler_job.py:181} INFO - Started process (PID=2123) to work on /home/airflow/.local/lib/python3.6/site-packages/airflow/example_dags/example_branch_python_dop_operator_3.py
[2023-06-12 08:11:15,702] {scheduler_job.py:632} INFO - Processing file /home/airflow/.local/lib/python3.6/site-packages/airflow/example_dags/example_branch_python_dop_operator_3.py for tasks to queue
[2023-06-12 08:11:15,703] {logging_mixin.py:104} INFO - [2023-06-12 08:11:15,703] {dagbag.py:496} INFO - Filling up the DagBag from /home/airflow/.local/lib/python3.6/site-packages/airflow/example_dags/example_branch_python_dop_operator_3.py
[2023-06-12 08:11:15,714] {scheduler_job.py:642} INFO - DAG(s) dict_keys(['example_branch_dop_operator_v3']) retrieved from /home/airflow/.local/lib/python3.6/site-packages/airflow/example_dags/example_branch_python_dop_operator_3.py
[2023-06-12 08:11:15,732] {logging_mixin.py:104} INFO - [2023-06-12 08:11:15,732] {dag.py:1833} INFO - Sync 1 DAGs
[2023-06-12 08:11:15,750] {logging_mixin.py:104} INFO - [2023-06-12 08:11:15,750] {dag.py:2306} INFO - Setting next_dagrun for example_branch_dop_operator_v3 to 2023-06-10 00:00:00+00:00
[2023-06-12 08:11:15,758] {scheduler_job.py:189} INFO - Processing /home/airflow/.local/lib/python3.6/site-packages/airflow/example_dags/example_branch_python_dop_operator_3.py took 0.060 seconds
[2023-06-12 08:11:45,950] {scheduler_job.py:181} INFO - Started process (PID=2183) to work on /home/airflow/.local/lib/python3.6/site-packages/airflow/example_dags/example_branch_python_dop_operator_3.py
[2023-06-12 08:11:45,951] {scheduler_job.py:632} INFO - Processing file /home/airflow/.local/lib/python3.6/site-packages/airflow/example_dags/example_branch_python_dop_operator_3.py for tasks to queue
[2023-06-12 08:11:45,952] {logging_mixin.py:104} INFO - [2023-06-12 08:11:45,952] {dagbag.py:496} INFO - Filling up the DagBag from /home/airflow/.local/lib/python3.6/site-packages/airflow/example_dags/example_branch_python_dop_operator_3.py
[2023-06-12 08:11:45,964] {scheduler_job.py:642} INFO - DAG(s) dict_keys(['example_branch_dop_operator_v3']) retrieved from /home/airflow/.local/lib/python3.6/site-packages/airflow/example_dags/example_branch_python_dop_operator_3.py
[2023-06-12 08:11:45,982] {logging_mixin.py:104} INFO - [2023-06-12 08:11:45,982] {dag.py:1833} INFO - Sync 1 DAGs
[2023-06-12 08:11:46,004] {logging_mixin.py:104} INFO - [2023-06-12 08:11:46,004] {dag.py:2306} INFO - Setting next_dagrun for example_branch_dop_operator_v3 to 2023-06-10 00:00:00+00:00
[2023-06-12 08:11:46,014] {scheduler_job.py:189} INFO - Processing /home/airflow/.local/lib/python3.6/site-packages/airflow/example_dags/example_branch_python_dop_operator_3.py took 0.067 seconds
[2023-06-12 08:12:16,463] {scheduler_job.py:181} INFO - Started process (PID=2239) to work on /home/airflow/.local/lib/python3.6/site-packages/airflow/example_dags/example_branch_python_dop_operator_3.py
[2023-06-12 08:12:16,465] {scheduler_job.py:632} INFO - Processing file /home/airflow/.local/lib/python3.6/site-packages/airflow/example_dags/example_branch_python_dop_operator_3.py for tasks to queue
[2023-06-12 08:12:16,465] {logging_mixin.py:104} INFO - [2023-06-12 08:12:16,465] {dagbag.py:496} INFO - Filling up the DagBag from /home/airflow/.local/lib/python3.6/site-packages/airflow/example_dags/example_branch_python_dop_operator_3.py
[2023-06-12 08:12:16,476] {scheduler_job.py:642} INFO - DAG(s) dict_keys(['example_branch_dop_operator_v3']) retrieved from /home/airflow/.local/lib/python3.6/site-packages/airflow/example_dags/example_branch_python_dop_operator_3.py
[2023-06-12 08:12:16,493] {logging_mixin.py:104} INFO - [2023-06-12 08:12:16,493] {dag.py:1833} INFO - Sync 1 DAGs
[2023-06-12 08:12:16,510] {logging_mixin.py:104} INFO - [2023-06-12 08:12:16,510] {dag.py:2306} INFO - Setting next_dagrun for example_branch_dop_operator_v3 to 2023-06-10 00:00:00+00:00
[2023-06-12 08:12:16,519] {scheduler_job.py:189} INFO - Processing /home/airflow/.local/lib/python3.6/site-packages/airflow/example_dags/example_branch_python_dop_operator_3.py took 0.058 seconds
[2023-06-12 08:12:46,903] {scheduler_job.py:181} INFO - Started process (PID=2302) to work on /home/airflow/.local/lib/python3.6/site-packages/airflow/example_dags/example_branch_python_dop_operator_3.py
[2023-06-12 08:12:46,904] {scheduler_job.py:632} INFO - Processing file /home/airflow/.local/lib/python3.6/site-packages/airflow/example_dags/example_branch_python_dop_operator_3.py for tasks to queue
[2023-06-12 08:12:46,906] {logging_mixin.py:104} INFO - [2023-06-12 08:12:46,905] {dagbag.py:496} INFO - Filling up the DagBag from /home/airflow/.local/lib/python3.6/site-packages/airflow/example_dags/example_branch_python_dop_operator_3.py
[2023-06-12 08:12:46,917] {scheduler_job.py:642} INFO - DAG(s) dict_keys(['example_branch_dop_operator_v3']) retrieved from /home/airflow/.local/lib/python3.6/site-packages/airflow/example_dags/example_branch_python_dop_operator_3.py
[2023-06-12 08:12:46,936] {logging_mixin.py:104} INFO - [2023-06-12 08:12:46,936] {dag.py:1833} INFO - Sync 1 DAGs
[2023-06-12 08:12:46,954] {logging_mixin.py:104} INFO - [2023-06-12 08:12:46,954] {dag.py:2306} INFO - Setting next_dagrun for example_branch_dop_operator_v3 to 2023-06-10 00:00:00+00:00
[2023-06-12 08:12:46,964] {scheduler_job.py:189} INFO - Processing /home/airflow/.local/lib/python3.6/site-packages/airflow/example_dags/example_branch_python_dop_operator_3.py took 0.064 seconds
