[2023-06-12 07:53:27,689] {scheduler_job.py:181} INFO - Started process (PID=56) to work on /home/airflow/.local/lib/python3.6/site-packages/airflow/example_dags/example_trigger_controller_dag.py
[2023-06-12 07:53:27,690] {scheduler_job.py:632} INFO - Processing file /home/airflow/.local/lib/python3.6/site-packages/airflow/example_dags/example_trigger_controller_dag.py for tasks to queue
[2023-06-12 07:53:27,691] {logging_mixin.py:104} INFO - [2023-06-12 07:53:27,691] {dagbag.py:496} INFO - Filling up the DagBag from /home/airflow/.local/lib/python3.6/site-packages/airflow/example_dags/example_trigger_controller_dag.py
[2023-06-12 07:53:27,702] {scheduler_job.py:642} INFO - DAG(s) dict_keys(['example_trigger_controller_dag']) retrieved from /home/airflow/.local/lib/python3.6/site-packages/airflow/example_dags/example_trigger_controller_dag.py
[2023-06-12 07:53:27,923] {logging_mixin.py:104} INFO - [2023-06-12 07:53:27,922] {dag.py:1833} INFO - Sync 1 DAGs
[2023-06-12 07:53:27,939] {logging_mixin.py:104} INFO - [2023-06-12 07:53:27,939] {dag.py:2306} INFO - Setting next_dagrun for example_trigger_controller_dag to 2023-06-10 00:00:00+00:00
[2023-06-12 07:53:27,950] {scheduler_job.py:189} INFO - Processing /home/airflow/.local/lib/python3.6/site-packages/airflow/example_dags/example_trigger_controller_dag.py took 0.264 seconds
[2023-06-12 07:53:58,875] {scheduler_job.py:181} INFO - Started process (PID=113) to work on /home/airflow/.local/lib/python3.6/site-packages/airflow/example_dags/example_trigger_controller_dag.py
[2023-06-12 07:53:58,876] {scheduler_job.py:632} INFO - Processing file /home/airflow/.local/lib/python3.6/site-packages/airflow/example_dags/example_trigger_controller_dag.py for tasks to queue
[2023-06-12 07:53:58,877] {logging_mixin.py:104} INFO - [2023-06-12 07:53:58,877] {dagbag.py:496} INFO - Filling up the DagBag from /home/airflow/.local/lib/python3.6/site-packages/airflow/example_dags/example_trigger_controller_dag.py
[2023-06-12 07:53:58,885] {scheduler_job.py:642} INFO - DAG(s) dict_keys(['example_trigger_controller_dag']) retrieved from /home/airflow/.local/lib/python3.6/site-packages/airflow/example_dags/example_trigger_controller_dag.py
[2023-06-12 07:53:58,906] {logging_mixin.py:104} INFO - [2023-06-12 07:53:58,906] {dag.py:1833} INFO - Sync 1 DAGs
[2023-06-12 07:53:58,918] {logging_mixin.py:104} INFO - [2023-06-12 07:53:58,918] {dag.py:2306} INFO - Setting next_dagrun for example_trigger_controller_dag to 2023-06-10 00:00:00+00:00
[2023-06-12 07:53:58,928] {scheduler_job.py:189} INFO - Processing /home/airflow/.local/lib/python3.6/site-packages/airflow/example_dags/example_trigger_controller_dag.py took 0.055 seconds
[2023-06-12 07:54:29,296] {scheduler_job.py:181} INFO - Started process (PID=176) to work on /home/airflow/.local/lib/python3.6/site-packages/airflow/example_dags/example_trigger_controller_dag.py
[2023-06-12 07:54:29,297] {scheduler_job.py:632} INFO - Processing file /home/airflow/.local/lib/python3.6/site-packages/airflow/example_dags/example_trigger_controller_dag.py for tasks to queue
[2023-06-12 07:54:29,299] {logging_mixin.py:104} INFO - [2023-06-12 07:54:29,298] {dagbag.py:496} INFO - Filling up the DagBag from /home/airflow/.local/lib/python3.6/site-packages/airflow/example_dags/example_trigger_controller_dag.py
[2023-06-12 07:54:29,307] {scheduler_job.py:642} INFO - DAG(s) dict_keys(['example_trigger_controller_dag']) retrieved from /home/airflow/.local/lib/python3.6/site-packages/airflow/example_dags/example_trigger_controller_dag.py
[2023-06-12 07:54:29,325] {logging_mixin.py:104} INFO - [2023-06-12 07:54:29,325] {dag.py:1833} INFO - Sync 1 DAGs
[2023-06-12 07:54:29,338] {logging_mixin.py:104} INFO - [2023-06-12 07:54:29,338] {dag.py:2306} INFO - Setting next_dagrun for example_trigger_controller_dag to 2023-06-10 00:00:00+00:00
[2023-06-12 07:54:29,350] {scheduler_job.py:189} INFO - Processing /home/airflow/.local/lib/python3.6/site-packages/airflow/example_dags/example_trigger_controller_dag.py took 0.057 seconds
[2023-06-12 07:55:00,273] {scheduler_job.py:181} INFO - Started process (PID=229) to work on /home/airflow/.local/lib/python3.6/site-packages/airflow/example_dags/example_trigger_controller_dag.py
[2023-06-12 07:55:00,275] {scheduler_job.py:632} INFO - Processing file /home/airflow/.local/lib/python3.6/site-packages/airflow/example_dags/example_trigger_controller_dag.py for tasks to queue
[2023-06-12 07:55:00,276] {logging_mixin.py:104} INFO - [2023-06-12 07:55:00,275] {dagbag.py:496} INFO - Filling up the DagBag from /home/airflow/.local/lib/python3.6/site-packages/airflow/example_dags/example_trigger_controller_dag.py
[2023-06-12 07:55:00,283] {scheduler_job.py:642} INFO - DAG(s) dict_keys(['example_trigger_controller_dag']) retrieved from /home/airflow/.local/lib/python3.6/site-packages/airflow/example_dags/example_trigger_controller_dag.py
[2023-06-12 07:55:00,300] {logging_mixin.py:104} INFO - [2023-06-12 07:55:00,299] {dag.py:1833} INFO - Sync 1 DAGs
[2023-06-12 07:55:00,311] {logging_mixin.py:104} INFO - [2023-06-12 07:55:00,311] {dag.py:2306} INFO - Setting next_dagrun for example_trigger_controller_dag to 2023-06-10 00:00:00+00:00
[2023-06-12 07:55:00,322] {scheduler_job.py:189} INFO - Processing /home/airflow/.local/lib/python3.6/site-packages/airflow/example_dags/example_trigger_controller_dag.py took 0.051 seconds
[2023-06-12 07:55:30,748] {scheduler_job.py:181} INFO - Started process (PID=292) to work on /home/airflow/.local/lib/python3.6/site-packages/airflow/example_dags/example_trigger_controller_dag.py
[2023-06-12 07:55:30,749] {scheduler_job.py:632} INFO - Processing file /home/airflow/.local/lib/python3.6/site-packages/airflow/example_dags/example_trigger_controller_dag.py for tasks to queue
[2023-06-12 07:55:30,750] {logging_mixin.py:104} INFO - [2023-06-12 07:55:30,750] {dagbag.py:496} INFO - Filling up the DagBag from /home/airflow/.local/lib/python3.6/site-packages/airflow/example_dags/example_trigger_controller_dag.py
[2023-06-12 07:55:30,758] {scheduler_job.py:642} INFO - DAG(s) dict_keys(['example_trigger_controller_dag']) retrieved from /home/airflow/.local/lib/python3.6/site-packages/airflow/example_dags/example_trigger_controller_dag.py
[2023-06-12 07:55:30,774] {logging_mixin.py:104} INFO - [2023-06-12 07:55:30,774] {dag.py:1833} INFO - Sync 1 DAGs
[2023-06-12 07:55:30,785] {logging_mixin.py:104} INFO - [2023-06-12 07:55:30,785] {dag.py:2306} INFO - Setting next_dagrun for example_trigger_controller_dag to 2023-06-10 00:00:00+00:00
[2023-06-12 07:55:30,793] {scheduler_job.py:189} INFO - Processing /home/airflow/.local/lib/python3.6/site-packages/airflow/example_dags/example_trigger_controller_dag.py took 0.048 seconds
[2023-06-12 07:56:01,171] {scheduler_job.py:181} INFO - Started process (PID=355) to work on /home/airflow/.local/lib/python3.6/site-packages/airflow/example_dags/example_trigger_controller_dag.py
[2023-06-12 07:56:01,173] {scheduler_job.py:632} INFO - Processing file /home/airflow/.local/lib/python3.6/site-packages/airflow/example_dags/example_trigger_controller_dag.py for tasks to queue
[2023-06-12 07:56:01,174] {logging_mixin.py:104} INFO - [2023-06-12 07:56:01,173] {dagbag.py:496} INFO - Filling up the DagBag from /home/airflow/.local/lib/python3.6/site-packages/airflow/example_dags/example_trigger_controller_dag.py
[2023-06-12 07:56:01,181] {scheduler_job.py:642} INFO - DAG(s) dict_keys(['example_trigger_controller_dag']) retrieved from /home/airflow/.local/lib/python3.6/site-packages/airflow/example_dags/example_trigger_controller_dag.py
[2023-06-12 07:56:01,200] {logging_mixin.py:104} INFO - [2023-06-12 07:56:01,199] {dag.py:1833} INFO - Sync 1 DAGs
[2023-06-12 07:56:01,212] {logging_mixin.py:104} INFO - [2023-06-12 07:56:01,211] {dag.py:2306} INFO - Setting next_dagrun for example_trigger_controller_dag to 2023-06-10 00:00:00+00:00
[2023-06-12 07:56:01,222] {scheduler_job.py:189} INFO - Processing /home/airflow/.local/lib/python3.6/site-packages/airflow/example_dags/example_trigger_controller_dag.py took 0.053 seconds
[2023-06-12 07:56:31,713] {scheduler_job.py:181} INFO - Started process (PID=408) to work on /home/airflow/.local/lib/python3.6/site-packages/airflow/example_dags/example_trigger_controller_dag.py
[2023-06-12 07:56:31,715] {scheduler_job.py:632} INFO - Processing file /home/airflow/.local/lib/python3.6/site-packages/airflow/example_dags/example_trigger_controller_dag.py for tasks to queue
[2023-06-12 07:56:31,716] {logging_mixin.py:104} INFO - [2023-06-12 07:56:31,716] {dagbag.py:496} INFO - Filling up the DagBag from /home/airflow/.local/lib/python3.6/site-packages/airflow/example_dags/example_trigger_controller_dag.py
[2023-06-12 07:56:31,729] {scheduler_job.py:642} INFO - DAG(s) dict_keys(['example_trigger_controller_dag']) retrieved from /home/airflow/.local/lib/python3.6/site-packages/airflow/example_dags/example_trigger_controller_dag.py
[2023-06-12 07:56:31,751] {logging_mixin.py:104} INFO - [2023-06-12 07:56:31,751] {dag.py:1833} INFO - Sync 1 DAGs
[2023-06-12 07:56:31,766] {logging_mixin.py:104} INFO - [2023-06-12 07:56:31,766] {dag.py:2306} INFO - Setting next_dagrun for example_trigger_controller_dag to 2023-06-10 00:00:00+00:00
[2023-06-12 07:56:31,777] {scheduler_job.py:189} INFO - Processing /home/airflow/.local/lib/python3.6/site-packages/airflow/example_dags/example_trigger_controller_dag.py took 0.066 seconds
[2023-06-12 07:57:02,582] {scheduler_job.py:181} INFO - Started process (PID=471) to work on /home/airflow/.local/lib/python3.6/site-packages/airflow/example_dags/example_trigger_controller_dag.py
[2023-06-12 07:57:02,583] {scheduler_job.py:632} INFO - Processing file /home/airflow/.local/lib/python3.6/site-packages/airflow/example_dags/example_trigger_controller_dag.py for tasks to queue
[2023-06-12 07:57:02,584] {logging_mixin.py:104} INFO - [2023-06-12 07:57:02,584] {dagbag.py:496} INFO - Filling up the DagBag from /home/airflow/.local/lib/python3.6/site-packages/airflow/example_dags/example_trigger_controller_dag.py
[2023-06-12 07:57:02,592] {scheduler_job.py:642} INFO - DAG(s) dict_keys(['example_trigger_controller_dag']) retrieved from /home/airflow/.local/lib/python3.6/site-packages/airflow/example_dags/example_trigger_controller_dag.py
[2023-06-12 07:57:02,609] {logging_mixin.py:104} INFO - [2023-06-12 07:57:02,609] {dag.py:1833} INFO - Sync 1 DAGs
[2023-06-12 07:57:02,624] {logging_mixin.py:104} INFO - [2023-06-12 07:57:02,624] {dag.py:2306} INFO - Setting next_dagrun for example_trigger_controller_dag to 2023-06-10 00:00:00+00:00
[2023-06-12 07:57:02,636] {scheduler_job.py:189} INFO - Processing /home/airflow/.local/lib/python3.6/site-packages/airflow/example_dags/example_trigger_controller_dag.py took 0.056 seconds
[2023-06-12 07:57:32,825] {scheduler_job.py:181} INFO - Started process (PID=524) to work on /home/airflow/.local/lib/python3.6/site-packages/airflow/example_dags/example_trigger_controller_dag.py
[2023-06-12 07:57:32,826] {scheduler_job.py:632} INFO - Processing file /home/airflow/.local/lib/python3.6/site-packages/airflow/example_dags/example_trigger_controller_dag.py for tasks to queue
[2023-06-12 07:57:32,827] {logging_mixin.py:104} INFO - [2023-06-12 07:57:32,827] {dagbag.py:496} INFO - Filling up the DagBag from /home/airflow/.local/lib/python3.6/site-packages/airflow/example_dags/example_trigger_controller_dag.py
[2023-06-12 07:57:32,836] {scheduler_job.py:642} INFO - DAG(s) dict_keys(['example_trigger_controller_dag']) retrieved from /home/airflow/.local/lib/python3.6/site-packages/airflow/example_dags/example_trigger_controller_dag.py
[2023-06-12 07:57:32,854] {logging_mixin.py:104} INFO - [2023-06-12 07:57:32,854] {dag.py:1833} INFO - Sync 1 DAGs
[2023-06-12 07:57:32,867] {logging_mixin.py:104} INFO - [2023-06-12 07:57:32,867] {dag.py:2306} INFO - Setting next_dagrun for example_trigger_controller_dag to 2023-06-10 00:00:00+00:00
[2023-06-12 07:57:32,876] {scheduler_job.py:189} INFO - Processing /home/airflow/.local/lib/python3.6/site-packages/airflow/example_dags/example_trigger_controller_dag.py took 0.053 seconds
[2023-06-12 07:58:02,986] {scheduler_job.py:181} INFO - Started process (PID=587) to work on /home/airflow/.local/lib/python3.6/site-packages/airflow/example_dags/example_trigger_controller_dag.py
[2023-06-12 07:58:02,987] {scheduler_job.py:632} INFO - Processing file /home/airflow/.local/lib/python3.6/site-packages/airflow/example_dags/example_trigger_controller_dag.py for tasks to queue
[2023-06-12 07:58:02,989] {logging_mixin.py:104} INFO - [2023-06-12 07:58:02,988] {dagbag.py:496} INFO - Filling up the DagBag from /home/airflow/.local/lib/python3.6/site-packages/airflow/example_dags/example_trigger_controller_dag.py
[2023-06-12 07:58:02,998] {scheduler_job.py:642} INFO - DAG(s) dict_keys(['example_trigger_controller_dag']) retrieved from /home/airflow/.local/lib/python3.6/site-packages/airflow/example_dags/example_trigger_controller_dag.py
[2023-06-12 07:58:03,017] {logging_mixin.py:104} INFO - [2023-06-12 07:58:03,017] {dag.py:1833} INFO - Sync 1 DAGs
[2023-06-12 07:58:03,030] {logging_mixin.py:104} INFO - [2023-06-12 07:58:03,030] {dag.py:2306} INFO - Setting next_dagrun for example_trigger_controller_dag to 2023-06-10 00:00:00+00:00
[2023-06-12 07:58:03,040] {scheduler_job.py:189} INFO - Processing /home/airflow/.local/lib/python3.6/site-packages/airflow/example_dags/example_trigger_controller_dag.py took 0.057 seconds
[2023-06-12 07:58:33,359] {scheduler_job.py:181} INFO - Started process (PID=650) to work on /home/airflow/.local/lib/python3.6/site-packages/airflow/example_dags/example_trigger_controller_dag.py
[2023-06-12 07:58:33,361] {scheduler_job.py:632} INFO - Processing file /home/airflow/.local/lib/python3.6/site-packages/airflow/example_dags/example_trigger_controller_dag.py for tasks to queue
[2023-06-12 07:58:33,363] {logging_mixin.py:104} INFO - [2023-06-12 07:58:33,362] {dagbag.py:496} INFO - Filling up the DagBag from /home/airflow/.local/lib/python3.6/site-packages/airflow/example_dags/example_trigger_controller_dag.py
[2023-06-12 07:58:33,373] {scheduler_job.py:642} INFO - DAG(s) dict_keys(['example_trigger_controller_dag']) retrieved from /home/airflow/.local/lib/python3.6/site-packages/airflow/example_dags/example_trigger_controller_dag.py
[2023-06-12 07:58:33,391] {logging_mixin.py:104} INFO - [2023-06-12 07:58:33,391] {dag.py:1833} INFO - Sync 1 DAGs
[2023-06-12 07:58:33,405] {logging_mixin.py:104} INFO - [2023-06-12 07:58:33,405] {dag.py:2306} INFO - Setting next_dagrun for example_trigger_controller_dag to 2023-06-10 00:00:00+00:00
[2023-06-12 07:58:33,415] {scheduler_job.py:189} INFO - Processing /home/airflow/.local/lib/python3.6/site-packages/airflow/example_dags/example_trigger_controller_dag.py took 0.059 seconds
[2023-06-12 07:59:04,347] {scheduler_job.py:181} INFO - Started process (PID=703) to work on /home/airflow/.local/lib/python3.6/site-packages/airflow/example_dags/example_trigger_controller_dag.py
[2023-06-12 07:59:04,348] {scheduler_job.py:632} INFO - Processing file /home/airflow/.local/lib/python3.6/site-packages/airflow/example_dags/example_trigger_controller_dag.py for tasks to queue
[2023-06-12 07:59:04,349] {logging_mixin.py:104} INFO - [2023-06-12 07:59:04,349] {dagbag.py:496} INFO - Filling up the DagBag from /home/airflow/.local/lib/python3.6/site-packages/airflow/example_dags/example_trigger_controller_dag.py
[2023-06-12 07:59:04,359] {scheduler_job.py:642} INFO - DAG(s) dict_keys(['example_trigger_controller_dag']) retrieved from /home/airflow/.local/lib/python3.6/site-packages/airflow/example_dags/example_trigger_controller_dag.py
[2023-06-12 07:59:04,377] {logging_mixin.py:104} INFO - [2023-06-12 07:59:04,377] {dag.py:1833} INFO - Sync 1 DAGs
[2023-06-12 07:59:04,390] {logging_mixin.py:104} INFO - [2023-06-12 07:59:04,390] {dag.py:2306} INFO - Setting next_dagrun for example_trigger_controller_dag to 2023-06-10 00:00:00+00:00
[2023-06-12 07:59:04,400] {scheduler_job.py:189} INFO - Processing /home/airflow/.local/lib/python3.6/site-packages/airflow/example_dags/example_trigger_controller_dag.py took 0.056 seconds
[2023-06-12 07:59:35,255] {scheduler_job.py:181} INFO - Started process (PID=766) to work on /home/airflow/.local/lib/python3.6/site-packages/airflow/example_dags/example_trigger_controller_dag.py
[2023-06-12 07:59:35,257] {scheduler_job.py:632} INFO - Processing file /home/airflow/.local/lib/python3.6/site-packages/airflow/example_dags/example_trigger_controller_dag.py for tasks to queue
[2023-06-12 07:59:35,258] {logging_mixin.py:104} INFO - [2023-06-12 07:59:35,258] {dagbag.py:496} INFO - Filling up the DagBag from /home/airflow/.local/lib/python3.6/site-packages/airflow/example_dags/example_trigger_controller_dag.py
[2023-06-12 07:59:35,266] {scheduler_job.py:642} INFO - DAG(s) dict_keys(['example_trigger_controller_dag']) retrieved from /home/airflow/.local/lib/python3.6/site-packages/airflow/example_dags/example_trigger_controller_dag.py
[2023-06-12 07:59:35,285] {logging_mixin.py:104} INFO - [2023-06-12 07:59:35,285] {dag.py:1833} INFO - Sync 1 DAGs
[2023-06-12 07:59:35,297] {logging_mixin.py:104} INFO - [2023-06-12 07:59:35,297] {dag.py:2306} INFO - Setting next_dagrun for example_trigger_controller_dag to 2023-06-10 00:00:00+00:00
[2023-06-12 07:59:35,307] {scheduler_job.py:189} INFO - Processing /home/airflow/.local/lib/python3.6/site-packages/airflow/example_dags/example_trigger_controller_dag.py took 0.054 seconds
[2023-06-12 08:00:06,234] {scheduler_job.py:181} INFO - Started process (PID=829) to work on /home/airflow/.local/lib/python3.6/site-packages/airflow/example_dags/example_trigger_controller_dag.py
[2023-06-12 08:00:06,236] {scheduler_job.py:632} INFO - Processing file /home/airflow/.local/lib/python3.6/site-packages/airflow/example_dags/example_trigger_controller_dag.py for tasks to queue
[2023-06-12 08:00:06,237] {logging_mixin.py:104} INFO - [2023-06-12 08:00:06,237] {dagbag.py:496} INFO - Filling up the DagBag from /home/airflow/.local/lib/python3.6/site-packages/airflow/example_dags/example_trigger_controller_dag.py
[2023-06-12 08:00:06,247] {scheduler_job.py:642} INFO - DAG(s) dict_keys(['example_trigger_controller_dag']) retrieved from /home/airflow/.local/lib/python3.6/site-packages/airflow/example_dags/example_trigger_controller_dag.py
[2023-06-12 08:00:06,264] {logging_mixin.py:104} INFO - [2023-06-12 08:00:06,263] {dag.py:1833} INFO - Sync 1 DAGs
[2023-06-12 08:00:06,276] {logging_mixin.py:104} INFO - [2023-06-12 08:00:06,276] {dag.py:2306} INFO - Setting next_dagrun for example_trigger_controller_dag to 2023-06-10 00:00:00+00:00
[2023-06-12 08:00:06,287] {scheduler_job.py:189} INFO - Processing /home/airflow/.local/lib/python3.6/site-packages/airflow/example_dags/example_trigger_controller_dag.py took 0.056 seconds
[2023-06-12 08:00:36,455] {scheduler_job.py:181} INFO - Started process (PID=882) to work on /home/airflow/.local/lib/python3.6/site-packages/airflow/example_dags/example_trigger_controller_dag.py
[2023-06-12 08:00:36,457] {scheduler_job.py:632} INFO - Processing file /home/airflow/.local/lib/python3.6/site-packages/airflow/example_dags/example_trigger_controller_dag.py for tasks to queue
[2023-06-12 08:00:36,458] {logging_mixin.py:104} INFO - [2023-06-12 08:00:36,458] {dagbag.py:496} INFO - Filling up the DagBag from /home/airflow/.local/lib/python3.6/site-packages/airflow/example_dags/example_trigger_controller_dag.py
[2023-06-12 08:00:36,466] {scheduler_job.py:642} INFO - DAG(s) dict_keys(['example_trigger_controller_dag']) retrieved from /home/airflow/.local/lib/python3.6/site-packages/airflow/example_dags/example_trigger_controller_dag.py
[2023-06-12 08:00:36,482] {logging_mixin.py:104} INFO - [2023-06-12 08:00:36,482] {dag.py:1833} INFO - Sync 1 DAGs
[2023-06-12 08:00:36,494] {logging_mixin.py:104} INFO - [2023-06-12 08:00:36,494] {dag.py:2306} INFO - Setting next_dagrun for example_trigger_controller_dag to 2023-06-10 00:00:00+00:00
[2023-06-12 08:00:36,505] {scheduler_job.py:189} INFO - Processing /home/airflow/.local/lib/python3.6/site-packages/airflow/example_dags/example_trigger_controller_dag.py took 0.053 seconds
[2023-06-12 08:01:07,356] {scheduler_job.py:181} INFO - Started process (PID=945) to work on /home/airflow/.local/lib/python3.6/site-packages/airflow/example_dags/example_trigger_controller_dag.py
[2023-06-12 08:01:07,357] {scheduler_job.py:632} INFO - Processing file /home/airflow/.local/lib/python3.6/site-packages/airflow/example_dags/example_trigger_controller_dag.py for tasks to queue
[2023-06-12 08:01:07,358] {logging_mixin.py:104} INFO - [2023-06-12 08:01:07,358] {dagbag.py:496} INFO - Filling up the DagBag from /home/airflow/.local/lib/python3.6/site-packages/airflow/example_dags/example_trigger_controller_dag.py
[2023-06-12 08:01:07,369] {scheduler_job.py:642} INFO - DAG(s) dict_keys(['example_trigger_controller_dag']) retrieved from /home/airflow/.local/lib/python3.6/site-packages/airflow/example_dags/example_trigger_controller_dag.py
[2023-06-12 08:01:07,439] {logging_mixin.py:104} INFO - [2023-06-12 08:01:07,439] {dag.py:1833} INFO - Sync 1 DAGs
[2023-06-12 08:01:07,455] {logging_mixin.py:104} INFO - [2023-06-12 08:01:07,455] {dag.py:2306} INFO - Setting next_dagrun for example_trigger_controller_dag to 2023-06-10 00:00:00+00:00
[2023-06-12 08:01:07,463] {scheduler_job.py:189} INFO - Processing /home/airflow/.local/lib/python3.6/site-packages/airflow/example_dags/example_trigger_controller_dag.py took 0.110 seconds
[2023-06-12 08:01:38,266] {scheduler_job.py:181} INFO - Started process (PID=998) to work on /home/airflow/.local/lib/python3.6/site-packages/airflow/example_dags/example_trigger_controller_dag.py
[2023-06-12 08:01:38,267] {scheduler_job.py:632} INFO - Processing file /home/airflow/.local/lib/python3.6/site-packages/airflow/example_dags/example_trigger_controller_dag.py for tasks to queue
[2023-06-12 08:01:38,268] {logging_mixin.py:104} INFO - [2023-06-12 08:01:38,267] {dagbag.py:496} INFO - Filling up the DagBag from /home/airflow/.local/lib/python3.6/site-packages/airflow/example_dags/example_trigger_controller_dag.py
[2023-06-12 08:01:38,275] {scheduler_job.py:642} INFO - DAG(s) dict_keys(['example_trigger_controller_dag']) retrieved from /home/airflow/.local/lib/python3.6/site-packages/airflow/example_dags/example_trigger_controller_dag.py
[2023-06-12 08:01:38,291] {logging_mixin.py:104} INFO - [2023-06-12 08:01:38,291] {dag.py:1833} INFO - Sync 1 DAGs
[2023-06-12 08:01:38,304] {logging_mixin.py:104} INFO - [2023-06-12 08:01:38,304] {dag.py:2306} INFO - Setting next_dagrun for example_trigger_controller_dag to 2023-06-10 00:00:00+00:00
[2023-06-12 08:01:38,313] {scheduler_job.py:189} INFO - Processing /home/airflow/.local/lib/python3.6/site-packages/airflow/example_dags/example_trigger_controller_dag.py took 0.050 seconds
[2023-06-12 08:02:08,470] {scheduler_job.py:181} INFO - Started process (PID=1061) to work on /home/airflow/.local/lib/python3.6/site-packages/airflow/example_dags/example_trigger_controller_dag.py
[2023-06-12 08:02:08,471] {scheduler_job.py:632} INFO - Processing file /home/airflow/.local/lib/python3.6/site-packages/airflow/example_dags/example_trigger_controller_dag.py for tasks to queue
[2023-06-12 08:02:08,473] {logging_mixin.py:104} INFO - [2023-06-12 08:02:08,472] {dagbag.py:496} INFO - Filling up the DagBag from /home/airflow/.local/lib/python3.6/site-packages/airflow/example_dags/example_trigger_controller_dag.py
[2023-06-12 08:02:08,482] {scheduler_job.py:642} INFO - DAG(s) dict_keys(['example_trigger_controller_dag']) retrieved from /home/airflow/.local/lib/python3.6/site-packages/airflow/example_dags/example_trigger_controller_dag.py
[2023-06-12 08:02:08,500] {logging_mixin.py:104} INFO - [2023-06-12 08:02:08,500] {dag.py:1833} INFO - Sync 1 DAGs
[2023-06-12 08:02:08,514] {logging_mixin.py:104} INFO - [2023-06-12 08:02:08,514] {dag.py:2306} INFO - Setting next_dagrun for example_trigger_controller_dag to 2023-06-10 00:00:00+00:00
[2023-06-12 08:02:08,526] {scheduler_job.py:189} INFO - Processing /home/airflow/.local/lib/python3.6/site-packages/airflow/example_dags/example_trigger_controller_dag.py took 0.058 seconds
[2023-06-12 08:02:38,758] {scheduler_job.py:181} INFO - Started process (PID=1124) to work on /home/airflow/.local/lib/python3.6/site-packages/airflow/example_dags/example_trigger_controller_dag.py
[2023-06-12 08:02:38,759] {scheduler_job.py:632} INFO - Processing file /home/airflow/.local/lib/python3.6/site-packages/airflow/example_dags/example_trigger_controller_dag.py for tasks to queue
[2023-06-12 08:02:38,760] {logging_mixin.py:104} INFO - [2023-06-12 08:02:38,760] {dagbag.py:496} INFO - Filling up the DagBag from /home/airflow/.local/lib/python3.6/site-packages/airflow/example_dags/example_trigger_controller_dag.py
[2023-06-12 08:02:38,769] {scheduler_job.py:642} INFO - DAG(s) dict_keys(['example_trigger_controller_dag']) retrieved from /home/airflow/.local/lib/python3.6/site-packages/airflow/example_dags/example_trigger_controller_dag.py
[2023-06-12 08:02:38,784] {logging_mixin.py:104} INFO - [2023-06-12 08:02:38,784] {dag.py:1833} INFO - Sync 1 DAGs
[2023-06-12 08:02:38,798] {logging_mixin.py:104} INFO - [2023-06-12 08:02:38,798] {dag.py:2306} INFO - Setting next_dagrun for example_trigger_controller_dag to 2023-06-10 00:00:00+00:00
[2023-06-12 08:02:38,809] {scheduler_job.py:189} INFO - Processing /home/airflow/.local/lib/python3.6/site-packages/airflow/example_dags/example_trigger_controller_dag.py took 0.054 seconds
[2023-06-12 08:03:09,010] {scheduler_job.py:181} INFO - Started process (PID=1176) to work on /home/airflow/.local/lib/python3.6/site-packages/airflow/example_dags/example_trigger_controller_dag.py
[2023-06-12 08:03:09,011] {scheduler_job.py:632} INFO - Processing file /home/airflow/.local/lib/python3.6/site-packages/airflow/example_dags/example_trigger_controller_dag.py for tasks to queue
[2023-06-12 08:03:09,011] {logging_mixin.py:104} INFO - [2023-06-12 08:03:09,011] {dagbag.py:496} INFO - Filling up the DagBag from /home/airflow/.local/lib/python3.6/site-packages/airflow/example_dags/example_trigger_controller_dag.py
[2023-06-12 08:03:09,020] {scheduler_job.py:642} INFO - DAG(s) dict_keys(['example_trigger_controller_dag']) retrieved from /home/airflow/.local/lib/python3.6/site-packages/airflow/example_dags/example_trigger_controller_dag.py
[2023-06-12 08:03:09,071] {logging_mixin.py:104} INFO - [2023-06-12 08:03:09,071] {dag.py:1833} INFO - Sync 1 DAGs
[2023-06-12 08:03:09,088] {logging_mixin.py:104} INFO - [2023-06-12 08:03:09,088] {dag.py:2306} INFO - Setting next_dagrun for example_trigger_controller_dag to 2023-06-10 00:00:00+00:00
[2023-06-12 08:03:09,098] {scheduler_job.py:189} INFO - Processing /home/airflow/.local/lib/python3.6/site-packages/airflow/example_dags/example_trigger_controller_dag.py took 0.091 seconds
[2023-06-12 08:03:39,376] {scheduler_job.py:181} INFO - Started process (PID=1239) to work on /home/airflow/.local/lib/python3.6/site-packages/airflow/example_dags/example_trigger_controller_dag.py
[2023-06-12 08:03:39,378] {scheduler_job.py:632} INFO - Processing file /home/airflow/.local/lib/python3.6/site-packages/airflow/example_dags/example_trigger_controller_dag.py for tasks to queue
[2023-06-12 08:03:39,378] {logging_mixin.py:104} INFO - [2023-06-12 08:03:39,378] {dagbag.py:496} INFO - Filling up the DagBag from /home/airflow/.local/lib/python3.6/site-packages/airflow/example_dags/example_trigger_controller_dag.py
[2023-06-12 08:03:39,386] {scheduler_job.py:642} INFO - DAG(s) dict_keys(['example_trigger_controller_dag']) retrieved from /home/airflow/.local/lib/python3.6/site-packages/airflow/example_dags/example_trigger_controller_dag.py
[2023-06-12 08:03:39,403] {logging_mixin.py:104} INFO - [2023-06-12 08:03:39,403] {dag.py:1833} INFO - Sync 1 DAGs
[2023-06-12 08:03:39,415] {logging_mixin.py:104} INFO - [2023-06-12 08:03:39,415] {dag.py:2306} INFO - Setting next_dagrun for example_trigger_controller_dag to 2023-06-10 00:00:00+00:00
[2023-06-12 08:03:39,425] {scheduler_job.py:189} INFO - Processing /home/airflow/.local/lib/python3.6/site-packages/airflow/example_dags/example_trigger_controller_dag.py took 0.051 seconds
[2023-06-12 08:04:09,805] {scheduler_job.py:181} INFO - Started process (PID=1293) to work on /home/airflow/.local/lib/python3.6/site-packages/airflow/example_dags/example_trigger_controller_dag.py
[2023-06-12 08:04:09,806] {scheduler_job.py:632} INFO - Processing file /home/airflow/.local/lib/python3.6/site-packages/airflow/example_dags/example_trigger_controller_dag.py for tasks to queue
[2023-06-12 08:04:09,807] {logging_mixin.py:104} INFO - [2023-06-12 08:04:09,807] {dagbag.py:496} INFO - Filling up the DagBag from /home/airflow/.local/lib/python3.6/site-packages/airflow/example_dags/example_trigger_controller_dag.py
[2023-06-12 08:04:09,815] {scheduler_job.py:642} INFO - DAG(s) dict_keys(['example_trigger_controller_dag']) retrieved from /home/airflow/.local/lib/python3.6/site-packages/airflow/example_dags/example_trigger_controller_dag.py
[2023-06-12 08:04:09,833] {logging_mixin.py:104} INFO - [2023-06-12 08:04:09,833] {dag.py:1833} INFO - Sync 1 DAGs
[2023-06-12 08:04:09,844] {logging_mixin.py:104} INFO - [2023-06-12 08:04:09,844] {dag.py:2306} INFO - Setting next_dagrun for example_trigger_controller_dag to 2023-06-10 00:00:00+00:00
[2023-06-12 08:04:09,854] {scheduler_job.py:189} INFO - Processing /home/airflow/.local/lib/python3.6/site-packages/airflow/example_dags/example_trigger_controller_dag.py took 0.052 seconds
[2023-06-12 08:04:40,237] {scheduler_job.py:181} INFO - Started process (PID=1356) to work on /home/airflow/.local/lib/python3.6/site-packages/airflow/example_dags/example_trigger_controller_dag.py
[2023-06-12 08:04:40,238] {scheduler_job.py:632} INFO - Processing file /home/airflow/.local/lib/python3.6/site-packages/airflow/example_dags/example_trigger_controller_dag.py for tasks to queue
[2023-06-12 08:04:40,239] {logging_mixin.py:104} INFO - [2023-06-12 08:04:40,239] {dagbag.py:496} INFO - Filling up the DagBag from /home/airflow/.local/lib/python3.6/site-packages/airflow/example_dags/example_trigger_controller_dag.py
[2023-06-12 08:04:40,248] {scheduler_job.py:642} INFO - DAG(s) dict_keys(['example_trigger_controller_dag']) retrieved from /home/airflow/.local/lib/python3.6/site-packages/airflow/example_dags/example_trigger_controller_dag.py
[2023-06-12 08:04:40,267] {logging_mixin.py:104} INFO - [2023-06-12 08:04:40,267] {dag.py:1833} INFO - Sync 1 DAGs
[2023-06-12 08:04:40,281] {logging_mixin.py:104} INFO - [2023-06-12 08:04:40,281] {dag.py:2306} INFO - Setting next_dagrun for example_trigger_controller_dag to 2023-06-10 00:00:00+00:00
[2023-06-12 08:04:40,290] {scheduler_job.py:189} INFO - Processing /home/airflow/.local/lib/python3.6/site-packages/airflow/example_dags/example_trigger_controller_dag.py took 0.055 seconds
[2023-06-12 08:05:10,592] {scheduler_job.py:181} INFO - Started process (PID=1418) to work on /home/airflow/.local/lib/python3.6/site-packages/airflow/example_dags/example_trigger_controller_dag.py
[2023-06-12 08:05:10,593] {scheduler_job.py:632} INFO - Processing file /home/airflow/.local/lib/python3.6/site-packages/airflow/example_dags/example_trigger_controller_dag.py for tasks to queue
[2023-06-12 08:05:10,594] {logging_mixin.py:104} INFO - [2023-06-12 08:05:10,594] {dagbag.py:496} INFO - Filling up the DagBag from /home/airflow/.local/lib/python3.6/site-packages/airflow/example_dags/example_trigger_controller_dag.py
[2023-06-12 08:05:10,602] {scheduler_job.py:642} INFO - DAG(s) dict_keys(['example_trigger_controller_dag']) retrieved from /home/airflow/.local/lib/python3.6/site-packages/airflow/example_dags/example_trigger_controller_dag.py
[2023-06-12 08:05:10,619] {logging_mixin.py:104} INFO - [2023-06-12 08:05:10,619] {dag.py:1833} INFO - Sync 1 DAGs
[2023-06-12 08:05:10,633] {logging_mixin.py:104} INFO - [2023-06-12 08:05:10,632] {dag.py:2306} INFO - Setting next_dagrun for example_trigger_controller_dag to 2023-06-10 00:00:00+00:00
[2023-06-12 08:05:10,641] {scheduler_job.py:189} INFO - Processing /home/airflow/.local/lib/python3.6/site-packages/airflow/example_dags/example_trigger_controller_dag.py took 0.052 seconds
[2023-06-12 08:05:40,749] {scheduler_job.py:181} INFO - Started process (PID=1472) to work on /home/airflow/.local/lib/python3.6/site-packages/airflow/example_dags/example_trigger_controller_dag.py
[2023-06-12 08:05:40,751] {scheduler_job.py:632} INFO - Processing file /home/airflow/.local/lib/python3.6/site-packages/airflow/example_dags/example_trigger_controller_dag.py for tasks to queue
[2023-06-12 08:05:40,752] {logging_mixin.py:104} INFO - [2023-06-12 08:05:40,751] {dagbag.py:496} INFO - Filling up the DagBag from /home/airflow/.local/lib/python3.6/site-packages/airflow/example_dags/example_trigger_controller_dag.py
[2023-06-12 08:05:40,763] {scheduler_job.py:642} INFO - DAG(s) dict_keys(['example_trigger_controller_dag']) retrieved from /home/airflow/.local/lib/python3.6/site-packages/airflow/example_dags/example_trigger_controller_dag.py
[2023-06-12 08:05:40,781] {logging_mixin.py:104} INFO - [2023-06-12 08:05:40,781] {dag.py:1833} INFO - Sync 1 DAGs
[2023-06-12 08:05:40,792] {logging_mixin.py:104} INFO - [2023-06-12 08:05:40,792] {dag.py:2306} INFO - Setting next_dagrun for example_trigger_controller_dag to 2023-06-10 00:00:00+00:00
[2023-06-12 08:05:40,802] {scheduler_job.py:189} INFO - Processing /home/airflow/.local/lib/python3.6/site-packages/airflow/example_dags/example_trigger_controller_dag.py took 0.055 seconds
[2023-06-12 08:06:11,163] {scheduler_job.py:181} INFO - Started process (PID=1535) to work on /home/airflow/.local/lib/python3.6/site-packages/airflow/example_dags/example_trigger_controller_dag.py
[2023-06-12 08:06:11,165] {scheduler_job.py:632} INFO - Processing file /home/airflow/.local/lib/python3.6/site-packages/airflow/example_dags/example_trigger_controller_dag.py for tasks to queue
[2023-06-12 08:06:11,165] {logging_mixin.py:104} INFO - [2023-06-12 08:06:11,165] {dagbag.py:496} INFO - Filling up the DagBag from /home/airflow/.local/lib/python3.6/site-packages/airflow/example_dags/example_trigger_controller_dag.py
[2023-06-12 08:06:11,175] {scheduler_job.py:642} INFO - DAG(s) dict_keys(['example_trigger_controller_dag']) retrieved from /home/airflow/.local/lib/python3.6/site-packages/airflow/example_dags/example_trigger_controller_dag.py
[2023-06-12 08:06:11,191] {logging_mixin.py:104} INFO - [2023-06-12 08:06:11,190] {dag.py:1833} INFO - Sync 1 DAGs
[2023-06-12 08:06:11,201] {logging_mixin.py:104} INFO - [2023-06-12 08:06:11,201] {dag.py:2306} INFO - Setting next_dagrun for example_trigger_controller_dag to 2023-06-10 00:00:00+00:00
[2023-06-12 08:06:11,211] {scheduler_job.py:189} INFO - Processing /home/airflow/.local/lib/python3.6/site-packages/airflow/example_dags/example_trigger_controller_dag.py took 0.050 seconds
[2023-06-12 08:06:41,782] {scheduler_job.py:181} INFO - Started process (PID=1589) to work on /home/airflow/.local/lib/python3.6/site-packages/airflow/example_dags/example_trigger_controller_dag.py
[2023-06-12 08:06:41,784] {scheduler_job.py:632} INFO - Processing file /home/airflow/.local/lib/python3.6/site-packages/airflow/example_dags/example_trigger_controller_dag.py for tasks to queue
[2023-06-12 08:06:41,786] {logging_mixin.py:104} INFO - [2023-06-12 08:06:41,786] {dagbag.py:496} INFO - Filling up the DagBag from /home/airflow/.local/lib/python3.6/site-packages/airflow/example_dags/example_trigger_controller_dag.py
[2023-06-12 08:06:41,795] {scheduler_job.py:642} INFO - DAG(s) dict_keys(['example_trigger_controller_dag']) retrieved from /home/airflow/.local/lib/python3.6/site-packages/airflow/example_dags/example_trigger_controller_dag.py
[2023-06-12 08:06:41,812] {logging_mixin.py:104} INFO - [2023-06-12 08:06:41,812] {dag.py:1833} INFO - Sync 1 DAGs
[2023-06-12 08:06:41,826] {logging_mixin.py:104} INFO - [2023-06-12 08:06:41,826] {dag.py:2306} INFO - Setting next_dagrun for example_trigger_controller_dag to 2023-06-10 00:00:00+00:00
[2023-06-12 08:06:41,835] {scheduler_job.py:189} INFO - Processing /home/airflow/.local/lib/python3.6/site-packages/airflow/example_dags/example_trigger_controller_dag.py took 0.056 seconds
[2023-06-12 08:07:12,693] {scheduler_job.py:181} INFO - Started process (PID=1653) to work on /home/airflow/.local/lib/python3.6/site-packages/airflow/example_dags/example_trigger_controller_dag.py
[2023-06-12 08:07:12,694] {scheduler_job.py:632} INFO - Processing file /home/airflow/.local/lib/python3.6/site-packages/airflow/example_dags/example_trigger_controller_dag.py for tasks to queue
[2023-06-12 08:07:12,695] {logging_mixin.py:104} INFO - [2023-06-12 08:07:12,695] {dagbag.py:496} INFO - Filling up the DagBag from /home/airflow/.local/lib/python3.6/site-packages/airflow/example_dags/example_trigger_controller_dag.py
[2023-06-12 08:07:12,704] {scheduler_job.py:642} INFO - DAG(s) dict_keys(['example_trigger_controller_dag']) retrieved from /home/airflow/.local/lib/python3.6/site-packages/airflow/example_dags/example_trigger_controller_dag.py
[2023-06-12 08:07:12,720] {logging_mixin.py:104} INFO - [2023-06-12 08:07:12,720] {dag.py:1833} INFO - Sync 1 DAGs
[2023-06-12 08:07:12,731] {logging_mixin.py:104} INFO - [2023-06-12 08:07:12,731] {dag.py:2306} INFO - Setting next_dagrun for example_trigger_controller_dag to 2023-06-10 00:00:00+00:00
[2023-06-12 08:07:12,739] {scheduler_job.py:189} INFO - Processing /home/airflow/.local/lib/python3.6/site-packages/airflow/example_dags/example_trigger_controller_dag.py took 0.049 seconds
[2023-06-12 08:07:42,960] {scheduler_job.py:181} INFO - Started process (PID=1716) to work on /home/airflow/.local/lib/python3.6/site-packages/airflow/example_dags/example_trigger_controller_dag.py
[2023-06-12 08:07:42,961] {scheduler_job.py:632} INFO - Processing file /home/airflow/.local/lib/python3.6/site-packages/airflow/example_dags/example_trigger_controller_dag.py for tasks to queue
[2023-06-12 08:07:42,962] {logging_mixin.py:104} INFO - [2023-06-12 08:07:42,962] {dagbag.py:496} INFO - Filling up the DagBag from /home/airflow/.local/lib/python3.6/site-packages/airflow/example_dags/example_trigger_controller_dag.py
[2023-06-12 08:07:42,972] {scheduler_job.py:642} INFO - DAG(s) dict_keys(['example_trigger_controller_dag']) retrieved from /home/airflow/.local/lib/python3.6/site-packages/airflow/example_dags/example_trigger_controller_dag.py
[2023-06-12 08:07:42,989] {logging_mixin.py:104} INFO - [2023-06-12 08:07:42,988] {dag.py:1833} INFO - Sync 1 DAGs
[2023-06-12 08:07:43,001] {logging_mixin.py:104} INFO - [2023-06-12 08:07:43,001] {dag.py:2306} INFO - Setting next_dagrun for example_trigger_controller_dag to 2023-06-10 00:00:00+00:00
[2023-06-12 08:07:43,010] {scheduler_job.py:189} INFO - Processing /home/airflow/.local/lib/python3.6/site-packages/airflow/example_dags/example_trigger_controller_dag.py took 0.053 seconds
[2023-06-12 08:08:13,286] {scheduler_job.py:181} INFO - Started process (PID=1769) to work on /home/airflow/.local/lib/python3.6/site-packages/airflow/example_dags/example_trigger_controller_dag.py
[2023-06-12 08:08:13,287] {scheduler_job.py:632} INFO - Processing file /home/airflow/.local/lib/python3.6/site-packages/airflow/example_dags/example_trigger_controller_dag.py for tasks to queue
[2023-06-12 08:08:13,288] {logging_mixin.py:104} INFO - [2023-06-12 08:08:13,288] {dagbag.py:496} INFO - Filling up the DagBag from /home/airflow/.local/lib/python3.6/site-packages/airflow/example_dags/example_trigger_controller_dag.py
[2023-06-12 08:08:13,298] {scheduler_job.py:642} INFO - DAG(s) dict_keys(['example_trigger_controller_dag']) retrieved from /home/airflow/.local/lib/python3.6/site-packages/airflow/example_dags/example_trigger_controller_dag.py
[2023-06-12 08:08:13,315] {logging_mixin.py:104} INFO - [2023-06-12 08:08:13,315] {dag.py:1833} INFO - Sync 1 DAGs
[2023-06-12 08:08:13,327] {logging_mixin.py:104} INFO - [2023-06-12 08:08:13,327] {dag.py:2306} INFO - Setting next_dagrun for example_trigger_controller_dag to 2023-06-10 00:00:00+00:00
[2023-06-12 08:08:13,337] {scheduler_job.py:189} INFO - Processing /home/airflow/.local/lib/python3.6/site-packages/airflow/example_dags/example_trigger_controller_dag.py took 0.054 seconds
[2023-06-12 08:08:43,896] {scheduler_job.py:181} INFO - Started process (PID=1833) to work on /home/airflow/.local/lib/python3.6/site-packages/airflow/example_dags/example_trigger_controller_dag.py
[2023-06-12 08:08:43,897] {scheduler_job.py:632} INFO - Processing file /home/airflow/.local/lib/python3.6/site-packages/airflow/example_dags/example_trigger_controller_dag.py for tasks to queue
[2023-06-12 08:08:43,898] {logging_mixin.py:104} INFO - [2023-06-12 08:08:43,898] {dagbag.py:496} INFO - Filling up the DagBag from /home/airflow/.local/lib/python3.6/site-packages/airflow/example_dags/example_trigger_controller_dag.py
[2023-06-12 08:08:43,906] {scheduler_job.py:642} INFO - DAG(s) dict_keys(['example_trigger_controller_dag']) retrieved from /home/airflow/.local/lib/python3.6/site-packages/airflow/example_dags/example_trigger_controller_dag.py
[2023-06-12 08:08:43,922] {logging_mixin.py:104} INFO - [2023-06-12 08:08:43,922] {dag.py:1833} INFO - Sync 1 DAGs
[2023-06-12 08:08:43,933] {logging_mixin.py:104} INFO - [2023-06-12 08:08:43,933] {dag.py:2306} INFO - Setting next_dagrun for example_trigger_controller_dag to 2023-06-10 00:00:00+00:00
[2023-06-12 08:08:43,943] {scheduler_job.py:189} INFO - Processing /home/airflow/.local/lib/python3.6/site-packages/airflow/example_dags/example_trigger_controller_dag.py took 0.049 seconds
[2023-06-12 08:09:14,250] {scheduler_job.py:181} INFO - Started process (PID=1886) to work on /home/airflow/.local/lib/python3.6/site-packages/airflow/example_dags/example_trigger_controller_dag.py
[2023-06-12 08:09:14,252] {scheduler_job.py:632} INFO - Processing file /home/airflow/.local/lib/python3.6/site-packages/airflow/example_dags/example_trigger_controller_dag.py for tasks to queue
[2023-06-12 08:09:14,253] {logging_mixin.py:104} INFO - [2023-06-12 08:09:14,253] {dagbag.py:496} INFO - Filling up the DagBag from /home/airflow/.local/lib/python3.6/site-packages/airflow/example_dags/example_trigger_controller_dag.py
[2023-06-12 08:09:14,262] {scheduler_job.py:642} INFO - DAG(s) dict_keys(['example_trigger_controller_dag']) retrieved from /home/airflow/.local/lib/python3.6/site-packages/airflow/example_dags/example_trigger_controller_dag.py
[2023-06-12 08:09:14,281] {logging_mixin.py:104} INFO - [2023-06-12 08:09:14,281] {dag.py:1833} INFO - Sync 1 DAGs
[2023-06-12 08:09:14,294] {logging_mixin.py:104} INFO - [2023-06-12 08:09:14,294] {dag.py:2306} INFO - Setting next_dagrun for example_trigger_controller_dag to 2023-06-10 00:00:00+00:00
[2023-06-12 08:09:14,305] {scheduler_job.py:189} INFO - Processing /home/airflow/.local/lib/python3.6/site-packages/airflow/example_dags/example_trigger_controller_dag.py took 0.057 seconds
[2023-06-12 08:09:44,633] {scheduler_job.py:181} INFO - Started process (PID=1949) to work on /home/airflow/.local/lib/python3.6/site-packages/airflow/example_dags/example_trigger_controller_dag.py
[2023-06-12 08:09:44,635] {scheduler_job.py:632} INFO - Processing file /home/airflow/.local/lib/python3.6/site-packages/airflow/example_dags/example_trigger_controller_dag.py for tasks to queue
[2023-06-12 08:09:44,637] {logging_mixin.py:104} INFO - [2023-06-12 08:09:44,636] {dagbag.py:496} INFO - Filling up the DagBag from /home/airflow/.local/lib/python3.6/site-packages/airflow/example_dags/example_trigger_controller_dag.py
[2023-06-12 08:09:44,646] {scheduler_job.py:642} INFO - DAG(s) dict_keys(['example_trigger_controller_dag']) retrieved from /home/airflow/.local/lib/python3.6/site-packages/airflow/example_dags/example_trigger_controller_dag.py
[2023-06-12 08:09:44,663] {logging_mixin.py:104} INFO - [2023-06-12 08:09:44,663] {dag.py:1833} INFO - Sync 1 DAGs
[2023-06-12 08:09:44,675] {logging_mixin.py:104} INFO - [2023-06-12 08:09:44,675] {dag.py:2306} INFO - Setting next_dagrun for example_trigger_controller_dag to 2023-06-10 00:00:00+00:00
[2023-06-12 08:09:44,684] {scheduler_job.py:189} INFO - Processing /home/airflow/.local/lib/python3.6/site-packages/airflow/example_dags/example_trigger_controller_dag.py took 0.054 seconds
[2023-06-12 08:10:15,154] {scheduler_job.py:181} INFO - Started process (PID=2012) to work on /home/airflow/.local/lib/python3.6/site-packages/airflow/example_dags/example_trigger_controller_dag.py
[2023-06-12 08:10:15,156] {scheduler_job.py:632} INFO - Processing file /home/airflow/.local/lib/python3.6/site-packages/airflow/example_dags/example_trigger_controller_dag.py for tasks to queue
[2023-06-12 08:10:15,157] {logging_mixin.py:104} INFO - [2023-06-12 08:10:15,157] {dagbag.py:496} INFO - Filling up the DagBag from /home/airflow/.local/lib/python3.6/site-packages/airflow/example_dags/example_trigger_controller_dag.py
[2023-06-12 08:10:15,165] {scheduler_job.py:642} INFO - DAG(s) dict_keys(['example_trigger_controller_dag']) retrieved from /home/airflow/.local/lib/python3.6/site-packages/airflow/example_dags/example_trigger_controller_dag.py
[2023-06-12 08:10:15,182] {logging_mixin.py:104} INFO - [2023-06-12 08:10:15,182] {dag.py:1833} INFO - Sync 1 DAGs
[2023-06-12 08:10:15,195] {logging_mixin.py:104} INFO - [2023-06-12 08:10:15,195] {dag.py:2306} INFO - Setting next_dagrun for example_trigger_controller_dag to 2023-06-10 00:00:00+00:00
[2023-06-12 08:10:15,207] {scheduler_job.py:189} INFO - Processing /home/airflow/.local/lib/python3.6/site-packages/airflow/example_dags/example_trigger_controller_dag.py took 0.055 seconds
[2023-06-12 08:10:45,616] {scheduler_job.py:181} INFO - Started process (PID=2065) to work on /home/airflow/.local/lib/python3.6/site-packages/airflow/example_dags/example_trigger_controller_dag.py
[2023-06-12 08:10:45,618] {scheduler_job.py:632} INFO - Processing file /home/airflow/.local/lib/python3.6/site-packages/airflow/example_dags/example_trigger_controller_dag.py for tasks to queue
[2023-06-12 08:10:45,619] {logging_mixin.py:104} INFO - [2023-06-12 08:10:45,619] {dagbag.py:496} INFO - Filling up the DagBag from /home/airflow/.local/lib/python3.6/site-packages/airflow/example_dags/example_trigger_controller_dag.py
[2023-06-12 08:10:45,627] {scheduler_job.py:642} INFO - DAG(s) dict_keys(['example_trigger_controller_dag']) retrieved from /home/airflow/.local/lib/python3.6/site-packages/airflow/example_dags/example_trigger_controller_dag.py
[2023-06-12 08:10:45,645] {logging_mixin.py:104} INFO - [2023-06-12 08:10:45,645] {dag.py:1833} INFO - Sync 1 DAGs
[2023-06-12 08:10:45,660] {logging_mixin.py:104} INFO - [2023-06-12 08:10:45,660] {dag.py:2306} INFO - Setting next_dagrun for example_trigger_controller_dag to 2023-06-10 00:00:00+00:00
[2023-06-12 08:10:45,671] {scheduler_job.py:189} INFO - Processing /home/airflow/.local/lib/python3.6/site-packages/airflow/example_dags/example_trigger_controller_dag.py took 0.057 seconds
[2023-06-12 08:11:16,211] {scheduler_job.py:181} INFO - Started process (PID=2128) to work on /home/airflow/.local/lib/python3.6/site-packages/airflow/example_dags/example_trigger_controller_dag.py
[2023-06-12 08:11:16,212] {scheduler_job.py:632} INFO - Processing file /home/airflow/.local/lib/python3.6/site-packages/airflow/example_dags/example_trigger_controller_dag.py for tasks to queue
[2023-06-12 08:11:16,213] {logging_mixin.py:104} INFO - [2023-06-12 08:11:16,213] {dagbag.py:496} INFO - Filling up the DagBag from /home/airflow/.local/lib/python3.6/site-packages/airflow/example_dags/example_trigger_controller_dag.py
[2023-06-12 08:11:16,221] {scheduler_job.py:642} INFO - DAG(s) dict_keys(['example_trigger_controller_dag']) retrieved from /home/airflow/.local/lib/python3.6/site-packages/airflow/example_dags/example_trigger_controller_dag.py
[2023-06-12 08:11:16,237] {logging_mixin.py:104} INFO - [2023-06-12 08:11:16,237] {dag.py:1833} INFO - Sync 1 DAGs
[2023-06-12 08:11:16,248] {logging_mixin.py:104} INFO - [2023-06-12 08:11:16,248] {dag.py:2306} INFO - Setting next_dagrun for example_trigger_controller_dag to 2023-06-10 00:00:00+00:00
[2023-06-12 08:11:16,256] {scheduler_job.py:189} INFO - Processing /home/airflow/.local/lib/python3.6/site-packages/airflow/example_dags/example_trigger_controller_dag.py took 0.048 seconds
[2023-06-12 08:11:46,517] {scheduler_job.py:181} INFO - Started process (PID=2190) to work on /home/airflow/.local/lib/python3.6/site-packages/airflow/example_dags/example_trigger_controller_dag.py
[2023-06-12 08:11:46,518] {scheduler_job.py:632} INFO - Processing file /home/airflow/.local/lib/python3.6/site-packages/airflow/example_dags/example_trigger_controller_dag.py for tasks to queue
[2023-06-12 08:11:46,519] {logging_mixin.py:104} INFO - [2023-06-12 08:11:46,519] {dagbag.py:496} INFO - Filling up the DagBag from /home/airflow/.local/lib/python3.6/site-packages/airflow/example_dags/example_trigger_controller_dag.py
[2023-06-12 08:11:46,528] {scheduler_job.py:642} INFO - DAG(s) dict_keys(['example_trigger_controller_dag']) retrieved from /home/airflow/.local/lib/python3.6/site-packages/airflow/example_dags/example_trigger_controller_dag.py
[2023-06-12 08:11:46,547] {logging_mixin.py:104} INFO - [2023-06-12 08:11:46,547] {dag.py:1833} INFO - Sync 1 DAGs
[2023-06-12 08:11:46,559] {logging_mixin.py:104} INFO - [2023-06-12 08:11:46,559] {dag.py:2306} INFO - Setting next_dagrun for example_trigger_controller_dag to 2023-06-10 00:00:00+00:00
[2023-06-12 08:11:46,568] {scheduler_job.py:189} INFO - Processing /home/airflow/.local/lib/python3.6/site-packages/airflow/example_dags/example_trigger_controller_dag.py took 0.054 seconds
[2023-06-12 08:12:16,766] {scheduler_job.py:181} INFO - Started process (PID=2244) to work on /home/airflow/.local/lib/python3.6/site-packages/airflow/example_dags/example_trigger_controller_dag.py
[2023-06-12 08:12:16,767] {scheduler_job.py:632} INFO - Processing file /home/airflow/.local/lib/python3.6/site-packages/airflow/example_dags/example_trigger_controller_dag.py for tasks to queue
[2023-06-12 08:12:16,767] {logging_mixin.py:104} INFO - [2023-06-12 08:12:16,767] {dagbag.py:496} INFO - Filling up the DagBag from /home/airflow/.local/lib/python3.6/site-packages/airflow/example_dags/example_trigger_controller_dag.py
[2023-06-12 08:12:16,776] {scheduler_job.py:642} INFO - DAG(s) dict_keys(['example_trigger_controller_dag']) retrieved from /home/airflow/.local/lib/python3.6/site-packages/airflow/example_dags/example_trigger_controller_dag.py
[2023-06-12 08:12:16,792] {logging_mixin.py:104} INFO - [2023-06-12 08:12:16,791] {dag.py:1833} INFO - Sync 1 DAGs
[2023-06-12 08:12:16,804] {logging_mixin.py:104} INFO - [2023-06-12 08:12:16,804] {dag.py:2306} INFO - Setting next_dagrun for example_trigger_controller_dag to 2023-06-10 00:00:00+00:00
[2023-06-12 08:12:16,813] {scheduler_job.py:189} INFO - Processing /home/airflow/.local/lib/python3.6/site-packages/airflow/example_dags/example_trigger_controller_dag.py took 0.050 seconds
[2023-06-12 08:12:47,319] {scheduler_job.py:181} INFO - Started process (PID=2307) to work on /home/airflow/.local/lib/python3.6/site-packages/airflow/example_dags/example_trigger_controller_dag.py
[2023-06-12 08:12:47,321] {scheduler_job.py:632} INFO - Processing file /home/airflow/.local/lib/python3.6/site-packages/airflow/example_dags/example_trigger_controller_dag.py for tasks to queue
[2023-06-12 08:12:47,322] {logging_mixin.py:104} INFO - [2023-06-12 08:12:47,322] {dagbag.py:496} INFO - Filling up the DagBag from /home/airflow/.local/lib/python3.6/site-packages/airflow/example_dags/example_trigger_controller_dag.py
[2023-06-12 08:12:47,330] {scheduler_job.py:642} INFO - DAG(s) dict_keys(['example_trigger_controller_dag']) retrieved from /home/airflow/.local/lib/python3.6/site-packages/airflow/example_dags/example_trigger_controller_dag.py
[2023-06-12 08:12:47,348] {logging_mixin.py:104} INFO - [2023-06-12 08:12:47,347] {dag.py:1833} INFO - Sync 1 DAGs
[2023-06-12 08:12:47,361] {logging_mixin.py:104} INFO - [2023-06-12 08:12:47,360] {dag.py:2306} INFO - Setting next_dagrun for example_trigger_controller_dag to 2023-06-10 00:00:00+00:00
[2023-06-12 08:12:47,370] {scheduler_job.py:189} INFO - Processing /home/airflow/.local/lib/python3.6/site-packages/airflow/example_dags/example_trigger_controller_dag.py took 0.053 seconds
