[2023-06-12 07:53:26,785] {scheduler_job.py:181} INFO - Started process (PID=44) to work on /home/airflow/.local/lib/python3.6/site-packages/airflow/example_dags/example_branch_labels.py
[2023-06-12 07:53:26,786] {scheduler_job.py:632} INFO - Processing file /home/airflow/.local/lib/python3.6/site-packages/airflow/example_dags/example_branch_labels.py for tasks to queue
[2023-06-12 07:53:26,787] {logging_mixin.py:104} INFO - [2023-06-12 07:53:26,787] {dagbag.py:496} INFO - Filling up the DagBag from /home/airflow/.local/lib/python3.6/site-packages/airflow/example_dags/example_branch_labels.py
[2023-06-12 07:53:26,797] {scheduler_job.py:642} INFO - DAG(s) dict_keys(['example_branch_labels']) retrieved from /home/airflow/.local/lib/python3.6/site-packages/airflow/example_dags/example_branch_labels.py
[2023-06-12 07:53:27,023] {logging_mixin.py:104} INFO - [2023-06-12 07:53:27,023] {dag.py:1833} INFO - Sync 1 DAGs
[2023-06-12 07:53:27,038] {logging_mixin.py:104} INFO - [2023-06-12 07:53:27,038] {dag.py:2306} INFO - Setting next_dagrun for example_branch_labels to 2023-06-10 00:00:00+00:00
[2023-06-12 07:53:27,049] {scheduler_job.py:189} INFO - Processing /home/airflow/.local/lib/python3.6/site-packages/airflow/example_dags/example_branch_labels.py took 0.266 seconds
[2023-06-12 07:53:57,414] {scheduler_job.py:181} INFO - Started process (PID=107) to work on /home/airflow/.local/lib/python3.6/site-packages/airflow/example_dags/example_branch_labels.py
[2023-06-12 07:53:57,416] {scheduler_job.py:632} INFO - Processing file /home/airflow/.local/lib/python3.6/site-packages/airflow/example_dags/example_branch_labels.py for tasks to queue
[2023-06-12 07:53:57,418] {logging_mixin.py:104} INFO - [2023-06-12 07:53:57,417] {dagbag.py:496} INFO - Filling up the DagBag from /home/airflow/.local/lib/python3.6/site-packages/airflow/example_dags/example_branch_labels.py
[2023-06-12 07:53:57,431] {scheduler_job.py:642} INFO - DAG(s) dict_keys(['example_branch_labels']) retrieved from /home/airflow/.local/lib/python3.6/site-packages/airflow/example_dags/example_branch_labels.py
[2023-06-12 07:53:57,450] {logging_mixin.py:104} INFO - [2023-06-12 07:53:57,450] {dag.py:1833} INFO - Sync 1 DAGs
[2023-06-12 07:53:57,469] {logging_mixin.py:104} INFO - [2023-06-12 07:53:57,469] {dag.py:2306} INFO - Setting next_dagrun for example_branch_labels to 2023-06-10 00:00:00+00:00
[2023-06-12 07:53:57,477] {scheduler_job.py:189} INFO - Processing /home/airflow/.local/lib/python3.6/site-packages/airflow/example_dags/example_branch_labels.py took 0.066 seconds
[2023-06-12 07:54:28,036] {scheduler_job.py:181} INFO - Started process (PID=170) to work on /home/airflow/.local/lib/python3.6/site-packages/airflow/example_dags/example_branch_labels.py
[2023-06-12 07:54:28,037] {scheduler_job.py:632} INFO - Processing file /home/airflow/.local/lib/python3.6/site-packages/airflow/example_dags/example_branch_labels.py for tasks to queue
[2023-06-12 07:54:28,038] {logging_mixin.py:104} INFO - [2023-06-12 07:54:28,038] {dagbag.py:496} INFO - Filling up the DagBag from /home/airflow/.local/lib/python3.6/site-packages/airflow/example_dags/example_branch_labels.py
[2023-06-12 07:54:28,049] {scheduler_job.py:642} INFO - DAG(s) dict_keys(['example_branch_labels']) retrieved from /home/airflow/.local/lib/python3.6/site-packages/airflow/example_dags/example_branch_labels.py
[2023-06-12 07:54:28,069] {logging_mixin.py:104} INFO - [2023-06-12 07:54:28,069] {dag.py:1833} INFO - Sync 1 DAGs
[2023-06-12 07:54:28,087] {logging_mixin.py:104} INFO - [2023-06-12 07:54:28,087] {dag.py:2306} INFO - Setting next_dagrun for example_branch_labels to 2023-06-10 00:00:00+00:00
[2023-06-12 07:54:28,095] {scheduler_job.py:189} INFO - Processing /home/airflow/.local/lib/python3.6/site-packages/airflow/example_dags/example_branch_labels.py took 0.063 seconds
[2023-06-12 07:54:58,911] {scheduler_job.py:181} INFO - Started process (PID=223) to work on /home/airflow/.local/lib/python3.6/site-packages/airflow/example_dags/example_branch_labels.py
[2023-06-12 07:54:58,912] {scheduler_job.py:632} INFO - Processing file /home/airflow/.local/lib/python3.6/site-packages/airflow/example_dags/example_branch_labels.py for tasks to queue
[2023-06-12 07:54:58,913] {logging_mixin.py:104} INFO - [2023-06-12 07:54:58,913] {dagbag.py:496} INFO - Filling up the DagBag from /home/airflow/.local/lib/python3.6/site-packages/airflow/example_dags/example_branch_labels.py
[2023-06-12 07:54:58,927] {scheduler_job.py:642} INFO - DAG(s) dict_keys(['example_branch_labels']) retrieved from /home/airflow/.local/lib/python3.6/site-packages/airflow/example_dags/example_branch_labels.py
[2023-06-12 07:54:58,944] {logging_mixin.py:104} INFO - [2023-06-12 07:54:58,944] {dag.py:1833} INFO - Sync 1 DAGs
[2023-06-12 07:54:58,961] {logging_mixin.py:104} INFO - [2023-06-12 07:54:58,961] {dag.py:2306} INFO - Setting next_dagrun for example_branch_labels to 2023-06-10 00:00:00+00:00
[2023-06-12 07:54:58,969] {scheduler_job.py:189} INFO - Processing /home/airflow/.local/lib/python3.6/site-packages/airflow/example_dags/example_branch_labels.py took 0.062 seconds
[2023-06-12 07:55:29,051] {scheduler_job.py:181} INFO - Started process (PID=285) to work on /home/airflow/.local/lib/python3.6/site-packages/airflow/example_dags/example_branch_labels.py
[2023-06-12 07:55:29,053] {scheduler_job.py:632} INFO - Processing file /home/airflow/.local/lib/python3.6/site-packages/airflow/example_dags/example_branch_labels.py for tasks to queue
[2023-06-12 07:55:29,054] {logging_mixin.py:104} INFO - [2023-06-12 07:55:29,054] {dagbag.py:496} INFO - Filling up the DagBag from /home/airflow/.local/lib/python3.6/site-packages/airflow/example_dags/example_branch_labels.py
[2023-06-12 07:55:29,064] {scheduler_job.py:642} INFO - DAG(s) dict_keys(['example_branch_labels']) retrieved from /home/airflow/.local/lib/python3.6/site-packages/airflow/example_dags/example_branch_labels.py
[2023-06-12 07:55:29,083] {logging_mixin.py:104} INFO - [2023-06-12 07:55:29,082] {dag.py:1833} INFO - Sync 1 DAGs
[2023-06-12 07:55:29,096] {logging_mixin.py:104} INFO - [2023-06-12 07:55:29,096] {dag.py:2306} INFO - Setting next_dagrun for example_branch_labels to 2023-06-10 00:00:00+00:00
[2023-06-12 07:55:29,104] {scheduler_job.py:189} INFO - Processing /home/airflow/.local/lib/python3.6/site-packages/airflow/example_dags/example_branch_labels.py took 0.055 seconds
[2023-06-12 07:55:59,453] {scheduler_job.py:181} INFO - Started process (PID=338) to work on /home/airflow/.local/lib/python3.6/site-packages/airflow/example_dags/example_branch_labels.py
[2023-06-12 07:55:59,455] {scheduler_job.py:632} INFO - Processing file /home/airflow/.local/lib/python3.6/site-packages/airflow/example_dags/example_branch_labels.py for tasks to queue
[2023-06-12 07:55:59,456] {logging_mixin.py:104} INFO - [2023-06-12 07:55:59,456] {dagbag.py:496} INFO - Filling up the DagBag from /home/airflow/.local/lib/python3.6/site-packages/airflow/example_dags/example_branch_labels.py
[2023-06-12 07:55:59,466] {scheduler_job.py:642} INFO - DAG(s) dict_keys(['example_branch_labels']) retrieved from /home/airflow/.local/lib/python3.6/site-packages/airflow/example_dags/example_branch_labels.py
[2023-06-12 07:55:59,485] {logging_mixin.py:104} INFO - [2023-06-12 07:55:59,485] {dag.py:1833} INFO - Sync 1 DAGs
[2023-06-12 07:55:59,500] {logging_mixin.py:104} INFO - [2023-06-12 07:55:59,500] {dag.py:2306} INFO - Setting next_dagrun for example_branch_labels to 2023-06-10 00:00:00+00:00
[2023-06-12 07:55:59,510] {scheduler_job.py:189} INFO - Processing /home/airflow/.local/lib/python3.6/site-packages/airflow/example_dags/example_branch_labels.py took 0.060 seconds
[2023-06-12 07:56:30,319] {scheduler_job.py:181} INFO - Started process (PID=402) to work on /home/airflow/.local/lib/python3.6/site-packages/airflow/example_dags/example_branch_labels.py
[2023-06-12 07:56:30,320] {scheduler_job.py:632} INFO - Processing file /home/airflow/.local/lib/python3.6/site-packages/airflow/example_dags/example_branch_labels.py for tasks to queue
[2023-06-12 07:56:30,322] {logging_mixin.py:104} INFO - [2023-06-12 07:56:30,322] {dagbag.py:496} INFO - Filling up the DagBag from /home/airflow/.local/lib/python3.6/site-packages/airflow/example_dags/example_branch_labels.py
[2023-06-12 07:56:30,330] {scheduler_job.py:642} INFO - DAG(s) dict_keys(['example_branch_labels']) retrieved from /home/airflow/.local/lib/python3.6/site-packages/airflow/example_dags/example_branch_labels.py
[2023-06-12 07:56:30,347] {logging_mixin.py:104} INFO - [2023-06-12 07:56:30,347] {dag.py:1833} INFO - Sync 1 DAGs
[2023-06-12 07:56:30,361] {logging_mixin.py:104} INFO - [2023-06-12 07:56:30,361] {dag.py:2306} INFO - Setting next_dagrun for example_branch_labels to 2023-06-10 00:00:00+00:00
[2023-06-12 07:56:30,368] {scheduler_job.py:189} INFO - Processing /home/airflow/.local/lib/python3.6/site-packages/airflow/example_dags/example_branch_labels.py took 0.052 seconds
[2023-06-12 07:57:01,113] {scheduler_job.py:181} INFO - Started process (PID=465) to work on /home/airflow/.local/lib/python3.6/site-packages/airflow/example_dags/example_branch_labels.py
[2023-06-12 07:57:01,115] {scheduler_job.py:632} INFO - Processing file /home/airflow/.local/lib/python3.6/site-packages/airflow/example_dags/example_branch_labels.py for tasks to queue
[2023-06-12 07:57:01,116] {logging_mixin.py:104} INFO - [2023-06-12 07:57:01,115] {dagbag.py:496} INFO - Filling up the DagBag from /home/airflow/.local/lib/python3.6/site-packages/airflow/example_dags/example_branch_labels.py
[2023-06-12 07:57:01,127] {scheduler_job.py:642} INFO - DAG(s) dict_keys(['example_branch_labels']) retrieved from /home/airflow/.local/lib/python3.6/site-packages/airflow/example_dags/example_branch_labels.py
[2023-06-12 07:57:01,146] {logging_mixin.py:104} INFO - [2023-06-12 07:57:01,146] {dag.py:1833} INFO - Sync 1 DAGs
[2023-06-12 07:57:01,163] {logging_mixin.py:104} INFO - [2023-06-12 07:57:01,163] {dag.py:2306} INFO - Setting next_dagrun for example_branch_labels to 2023-06-10 00:00:00+00:00
[2023-06-12 07:57:01,173] {scheduler_job.py:189} INFO - Processing /home/airflow/.local/lib/python3.6/site-packages/airflow/example_dags/example_branch_labels.py took 0.063 seconds
[2023-06-12 07:57:31,543] {scheduler_job.py:181} INFO - Started process (PID=518) to work on /home/airflow/.local/lib/python3.6/site-packages/airflow/example_dags/example_branch_labels.py
[2023-06-12 07:57:31,544] {scheduler_job.py:632} INFO - Processing file /home/airflow/.local/lib/python3.6/site-packages/airflow/example_dags/example_branch_labels.py for tasks to queue
[2023-06-12 07:57:31,545] {logging_mixin.py:104} INFO - [2023-06-12 07:57:31,545] {dagbag.py:496} INFO - Filling up the DagBag from /home/airflow/.local/lib/python3.6/site-packages/airflow/example_dags/example_branch_labels.py
[2023-06-12 07:57:31,554] {scheduler_job.py:642} INFO - DAG(s) dict_keys(['example_branch_labels']) retrieved from /home/airflow/.local/lib/python3.6/site-packages/airflow/example_dags/example_branch_labels.py
[2023-06-12 07:57:31,571] {logging_mixin.py:104} INFO - [2023-06-12 07:57:31,571] {dag.py:1833} INFO - Sync 1 DAGs
[2023-06-12 07:57:31,586] {logging_mixin.py:104} INFO - [2023-06-12 07:57:31,586] {dag.py:2306} INFO - Setting next_dagrun for example_branch_labels to 2023-06-10 00:00:00+00:00
[2023-06-12 07:57:31,594] {scheduler_job.py:189} INFO - Processing /home/airflow/.local/lib/python3.6/site-packages/airflow/example_dags/example_branch_labels.py took 0.053 seconds
[2023-06-12 07:58:02,540] {scheduler_job.py:181} INFO - Started process (PID=581) to work on /home/airflow/.local/lib/python3.6/site-packages/airflow/example_dags/example_branch_labels.py
[2023-06-12 07:58:02,541] {scheduler_job.py:632} INFO - Processing file /home/airflow/.local/lib/python3.6/site-packages/airflow/example_dags/example_branch_labels.py for tasks to queue
[2023-06-12 07:58:02,542] {logging_mixin.py:104} INFO - [2023-06-12 07:58:02,542] {dagbag.py:496} INFO - Filling up the DagBag from /home/airflow/.local/lib/python3.6/site-packages/airflow/example_dags/example_branch_labels.py
[2023-06-12 07:58:02,552] {scheduler_job.py:642} INFO - DAG(s) dict_keys(['example_branch_labels']) retrieved from /home/airflow/.local/lib/python3.6/site-packages/airflow/example_dags/example_branch_labels.py
[2023-06-12 07:58:02,570] {logging_mixin.py:104} INFO - [2023-06-12 07:58:02,570] {dag.py:1833} INFO - Sync 1 DAGs
[2023-06-12 07:58:02,585] {logging_mixin.py:104} INFO - [2023-06-12 07:58:02,585] {dag.py:2306} INFO - Setting next_dagrun for example_branch_labels to 2023-06-10 00:00:00+00:00
[2023-06-12 07:58:02,594] {scheduler_job.py:189} INFO - Processing /home/airflow/.local/lib/python3.6/site-packages/airflow/example_dags/example_branch_labels.py took 0.057 seconds
[2023-06-12 07:58:32,944] {scheduler_job.py:181} INFO - Started process (PID=644) to work on /home/airflow/.local/lib/python3.6/site-packages/airflow/example_dags/example_branch_labels.py
[2023-06-12 07:58:32,945] {scheduler_job.py:632} INFO - Processing file /home/airflow/.local/lib/python3.6/site-packages/airflow/example_dags/example_branch_labels.py for tasks to queue
[2023-06-12 07:58:32,946] {logging_mixin.py:104} INFO - [2023-06-12 07:58:32,946] {dagbag.py:496} INFO - Filling up the DagBag from /home/airflow/.local/lib/python3.6/site-packages/airflow/example_dags/example_branch_labels.py
[2023-06-12 07:58:32,956] {scheduler_job.py:642} INFO - DAG(s) dict_keys(['example_branch_labels']) retrieved from /home/airflow/.local/lib/python3.6/site-packages/airflow/example_dags/example_branch_labels.py
[2023-06-12 07:58:32,976] {logging_mixin.py:104} INFO - [2023-06-12 07:58:32,976] {dag.py:1833} INFO - Sync 1 DAGs
[2023-06-12 07:58:32,992] {logging_mixin.py:104} INFO - [2023-06-12 07:58:32,992] {dag.py:2306} INFO - Setting next_dagrun for example_branch_labels to 2023-06-10 00:00:00+00:00
[2023-06-12 07:58:33,002] {scheduler_job.py:189} INFO - Processing /home/airflow/.local/lib/python3.6/site-packages/airflow/example_dags/example_branch_labels.py took 0.061 seconds
[2023-06-12 07:59:03,954] {scheduler_job.py:181} INFO - Started process (PID=697) to work on /home/airflow/.local/lib/python3.6/site-packages/airflow/example_dags/example_branch_labels.py
[2023-06-12 07:59:03,955] {scheduler_job.py:632} INFO - Processing file /home/airflow/.local/lib/python3.6/site-packages/airflow/example_dags/example_branch_labels.py for tasks to queue
[2023-06-12 07:59:03,956] {logging_mixin.py:104} INFO - [2023-06-12 07:59:03,956] {dagbag.py:496} INFO - Filling up the DagBag from /home/airflow/.local/lib/python3.6/site-packages/airflow/example_dags/example_branch_labels.py
[2023-06-12 07:59:03,966] {scheduler_job.py:642} INFO - DAG(s) dict_keys(['example_branch_labels']) retrieved from /home/airflow/.local/lib/python3.6/site-packages/airflow/example_dags/example_branch_labels.py
[2023-06-12 07:59:04,000] {logging_mixin.py:104} INFO - [2023-06-12 07:59:04,000] {dag.py:1833} INFO - Sync 1 DAGs
[2023-06-12 07:59:04,016] {logging_mixin.py:104} INFO - [2023-06-12 07:59:04,016] {dag.py:2306} INFO - Setting next_dagrun for example_branch_labels to 2023-06-10 00:00:00+00:00
[2023-06-12 07:59:04,024] {scheduler_job.py:189} INFO - Processing /home/airflow/.local/lib/python3.6/site-packages/airflow/example_dags/example_branch_labels.py took 0.073 seconds
[2023-06-12 07:59:34,925] {scheduler_job.py:181} INFO - Started process (PID=760) to work on /home/airflow/.local/lib/python3.6/site-packages/airflow/example_dags/example_branch_labels.py
[2023-06-12 07:59:34,926] {scheduler_job.py:632} INFO - Processing file /home/airflow/.local/lib/python3.6/site-packages/airflow/example_dags/example_branch_labels.py for tasks to queue
[2023-06-12 07:59:34,927] {logging_mixin.py:104} INFO - [2023-06-12 07:59:34,927] {dagbag.py:496} INFO - Filling up the DagBag from /home/airflow/.local/lib/python3.6/site-packages/airflow/example_dags/example_branch_labels.py
[2023-06-12 07:59:34,936] {scheduler_job.py:642} INFO - DAG(s) dict_keys(['example_branch_labels']) retrieved from /home/airflow/.local/lib/python3.6/site-packages/airflow/example_dags/example_branch_labels.py
[2023-06-12 07:59:34,952] {logging_mixin.py:104} INFO - [2023-06-12 07:59:34,952] {dag.py:1833} INFO - Sync 1 DAGs
[2023-06-12 07:59:34,966] {logging_mixin.py:104} INFO - [2023-06-12 07:59:34,966] {dag.py:2306} INFO - Setting next_dagrun for example_branch_labels to 2023-06-10 00:00:00+00:00
[2023-06-12 07:59:34,974] {scheduler_job.py:189} INFO - Processing /home/airflow/.local/lib/python3.6/site-packages/airflow/example_dags/example_branch_labels.py took 0.052 seconds
[2023-06-12 08:00:05,826] {scheduler_job.py:181} INFO - Started process (PID=822) to work on /home/airflow/.local/lib/python3.6/site-packages/airflow/example_dags/example_branch_labels.py
[2023-06-12 08:00:05,827] {scheduler_job.py:632} INFO - Processing file /home/airflow/.local/lib/python3.6/site-packages/airflow/example_dags/example_branch_labels.py for tasks to queue
[2023-06-12 08:00:05,828] {logging_mixin.py:104} INFO - [2023-06-12 08:00:05,828] {dagbag.py:496} INFO - Filling up the DagBag from /home/airflow/.local/lib/python3.6/site-packages/airflow/example_dags/example_branch_labels.py
[2023-06-12 08:00:05,839] {scheduler_job.py:642} INFO - DAG(s) dict_keys(['example_branch_labels']) retrieved from /home/airflow/.local/lib/python3.6/site-packages/airflow/example_dags/example_branch_labels.py
[2023-06-12 08:00:05,856] {logging_mixin.py:104} INFO - [2023-06-12 08:00:05,856] {dag.py:1833} INFO - Sync 1 DAGs
[2023-06-12 08:00:05,872] {logging_mixin.py:104} INFO - [2023-06-12 08:00:05,872] {dag.py:2306} INFO - Setting next_dagrun for example_branch_labels to 2023-06-10 00:00:00+00:00
[2023-06-12 08:00:05,882] {scheduler_job.py:189} INFO - Processing /home/airflow/.local/lib/python3.6/site-packages/airflow/example_dags/example_branch_labels.py took 0.059 seconds
[2023-06-12 08:00:36,020] {scheduler_job.py:181} INFO - Started process (PID=875) to work on /home/airflow/.local/lib/python3.6/site-packages/airflow/example_dags/example_branch_labels.py
[2023-06-12 08:00:36,022] {scheduler_job.py:632} INFO - Processing file /home/airflow/.local/lib/python3.6/site-packages/airflow/example_dags/example_branch_labels.py for tasks to queue
[2023-06-12 08:00:36,023] {logging_mixin.py:104} INFO - [2023-06-12 08:00:36,023] {dagbag.py:496} INFO - Filling up the DagBag from /home/airflow/.local/lib/python3.6/site-packages/airflow/example_dags/example_branch_labels.py
[2023-06-12 08:00:36,038] {scheduler_job.py:642} INFO - DAG(s) dict_keys(['example_branch_labels']) retrieved from /home/airflow/.local/lib/python3.6/site-packages/airflow/example_dags/example_branch_labels.py
[2023-06-12 08:00:36,061] {logging_mixin.py:104} INFO - [2023-06-12 08:00:36,061] {dag.py:1833} INFO - Sync 1 DAGs
[2023-06-12 08:00:36,087] {logging_mixin.py:104} INFO - [2023-06-12 08:00:36,087] {dag.py:2306} INFO - Setting next_dagrun for example_branch_labels to 2023-06-10 00:00:00+00:00
[2023-06-12 08:00:36,097] {scheduler_job.py:189} INFO - Processing /home/airflow/.local/lib/python3.6/site-packages/airflow/example_dags/example_branch_labels.py took 0.081 seconds
[2023-06-12 08:01:06,977] {scheduler_job.py:181} INFO - Started process (PID=939) to work on /home/airflow/.local/lib/python3.6/site-packages/airflow/example_dags/example_branch_labels.py
[2023-06-12 08:01:06,978] {scheduler_job.py:632} INFO - Processing file /home/airflow/.local/lib/python3.6/site-packages/airflow/example_dags/example_branch_labels.py for tasks to queue
[2023-06-12 08:01:06,979] {logging_mixin.py:104} INFO - [2023-06-12 08:01:06,979] {dagbag.py:496} INFO - Filling up the DagBag from /home/airflow/.local/lib/python3.6/site-packages/airflow/example_dags/example_branch_labels.py
[2023-06-12 08:01:06,988] {scheduler_job.py:642} INFO - DAG(s) dict_keys(['example_branch_labels']) retrieved from /home/airflow/.local/lib/python3.6/site-packages/airflow/example_dags/example_branch_labels.py
[2023-06-12 08:01:07,005] {logging_mixin.py:104} INFO - [2023-06-12 08:01:07,005] {dag.py:1833} INFO - Sync 1 DAGs
[2023-06-12 08:01:07,021] {logging_mixin.py:104} INFO - [2023-06-12 08:01:07,021] {dag.py:2306} INFO - Setting next_dagrun for example_branch_labels to 2023-06-10 00:00:00+00:00
[2023-06-12 08:01:07,029] {scheduler_job.py:189} INFO - Processing /home/airflow/.local/lib/python3.6/site-packages/airflow/example_dags/example_branch_labels.py took 0.055 seconds
[2023-06-12 08:01:37,876] {scheduler_job.py:181} INFO - Started process (PID=992) to work on /home/airflow/.local/lib/python3.6/site-packages/airflow/example_dags/example_branch_labels.py
[2023-06-12 08:01:37,877] {scheduler_job.py:632} INFO - Processing file /home/airflow/.local/lib/python3.6/site-packages/airflow/example_dags/example_branch_labels.py for tasks to queue
[2023-06-12 08:01:37,878] {logging_mixin.py:104} INFO - [2023-06-12 08:01:37,877] {dagbag.py:496} INFO - Filling up the DagBag from /home/airflow/.local/lib/python3.6/site-packages/airflow/example_dags/example_branch_labels.py
[2023-06-12 08:01:37,886] {scheduler_job.py:642} INFO - DAG(s) dict_keys(['example_branch_labels']) retrieved from /home/airflow/.local/lib/python3.6/site-packages/airflow/example_dags/example_branch_labels.py
[2023-06-12 08:01:37,903] {logging_mixin.py:104} INFO - [2023-06-12 08:01:37,903] {dag.py:1833} INFO - Sync 1 DAGs
[2023-06-12 08:01:37,919] {logging_mixin.py:104} INFO - [2023-06-12 08:01:37,919] {dag.py:2306} INFO - Setting next_dagrun for example_branch_labels to 2023-06-10 00:00:00+00:00
[2023-06-12 08:01:37,927] {scheduler_job.py:189} INFO - Processing /home/airflow/.local/lib/python3.6/site-packages/airflow/example_dags/example_branch_labels.py took 0.054 seconds
[2023-06-12 08:02:08,018] {scheduler_job.py:181} INFO - Started process (PID=1054) to work on /home/airflow/.local/lib/python3.6/site-packages/airflow/example_dags/example_branch_labels.py
[2023-06-12 08:02:08,019] {scheduler_job.py:632} INFO - Processing file /home/airflow/.local/lib/python3.6/site-packages/airflow/example_dags/example_branch_labels.py for tasks to queue
[2023-06-12 08:02:08,020] {logging_mixin.py:104} INFO - [2023-06-12 08:02:08,020] {dagbag.py:496} INFO - Filling up the DagBag from /home/airflow/.local/lib/python3.6/site-packages/airflow/example_dags/example_branch_labels.py
[2023-06-12 08:02:08,030] {scheduler_job.py:642} INFO - DAG(s) dict_keys(['example_branch_labels']) retrieved from /home/airflow/.local/lib/python3.6/site-packages/airflow/example_dags/example_branch_labels.py
[2023-06-12 08:02:08,047] {logging_mixin.py:104} INFO - [2023-06-12 08:02:08,047] {dag.py:1833} INFO - Sync 1 DAGs
[2023-06-12 08:02:08,063] {logging_mixin.py:104} INFO - [2023-06-12 08:02:08,063] {dag.py:2306} INFO - Setting next_dagrun for example_branch_labels to 2023-06-10 00:00:00+00:00
[2023-06-12 08:02:08,072] {scheduler_job.py:189} INFO - Processing /home/airflow/.local/lib/python3.6/site-packages/airflow/example_dags/example_branch_labels.py took 0.056 seconds
[2023-06-12 08:02:38,266] {scheduler_job.py:181} INFO - Started process (PID=1117) to work on /home/airflow/.local/lib/python3.6/site-packages/airflow/example_dags/example_branch_labels.py
[2023-06-12 08:02:38,268] {scheduler_job.py:632} INFO - Processing file /home/airflow/.local/lib/python3.6/site-packages/airflow/example_dags/example_branch_labels.py for tasks to queue
[2023-06-12 08:02:38,269] {logging_mixin.py:104} INFO - [2023-06-12 08:02:38,269] {dagbag.py:496} INFO - Filling up the DagBag from /home/airflow/.local/lib/python3.6/site-packages/airflow/example_dags/example_branch_labels.py
[2023-06-12 08:02:38,281] {scheduler_job.py:642} INFO - DAG(s) dict_keys(['example_branch_labels']) retrieved from /home/airflow/.local/lib/python3.6/site-packages/airflow/example_dags/example_branch_labels.py
[2023-06-12 08:02:38,300] {logging_mixin.py:104} INFO - [2023-06-12 08:02:38,300] {dag.py:1833} INFO - Sync 1 DAGs
[2023-06-12 08:02:38,319] {logging_mixin.py:104} INFO - [2023-06-12 08:02:38,319] {dag.py:2306} INFO - Setting next_dagrun for example_branch_labels to 2023-06-10 00:00:00+00:00
[2023-06-12 08:02:38,330] {scheduler_job.py:189} INFO - Processing /home/airflow/.local/lib/python3.6/site-packages/airflow/example_dags/example_branch_labels.py took 0.067 seconds
[2023-06-12 08:03:08,588] {scheduler_job.py:181} INFO - Started process (PID=1170) to work on /home/airflow/.local/lib/python3.6/site-packages/airflow/example_dags/example_branch_labels.py
[2023-06-12 08:03:08,590] {scheduler_job.py:632} INFO - Processing file /home/airflow/.local/lib/python3.6/site-packages/airflow/example_dags/example_branch_labels.py for tasks to queue
[2023-06-12 08:03:08,590] {logging_mixin.py:104} INFO - [2023-06-12 08:03:08,590] {dagbag.py:496} INFO - Filling up the DagBag from /home/airflow/.local/lib/python3.6/site-packages/airflow/example_dags/example_branch_labels.py
[2023-06-12 08:03:08,601] {scheduler_job.py:642} INFO - DAG(s) dict_keys(['example_branch_labels']) retrieved from /home/airflow/.local/lib/python3.6/site-packages/airflow/example_dags/example_branch_labels.py
[2023-06-12 08:03:08,617] {logging_mixin.py:104} INFO - [2023-06-12 08:03:08,617] {dag.py:1833} INFO - Sync 1 DAGs
[2023-06-12 08:03:08,632] {logging_mixin.py:104} INFO - [2023-06-12 08:03:08,632] {dag.py:2306} INFO - Setting next_dagrun for example_branch_labels to 2023-06-10 00:00:00+00:00
[2023-06-12 08:03:08,641] {scheduler_job.py:189} INFO - Processing /home/airflow/.local/lib/python3.6/site-packages/airflow/example_dags/example_branch_labels.py took 0.055 seconds
[2023-06-12 08:03:38,913] {scheduler_job.py:181} INFO - Started process (PID=1233) to work on /home/airflow/.local/lib/python3.6/site-packages/airflow/example_dags/example_branch_labels.py
[2023-06-12 08:03:38,915] {scheduler_job.py:632} INFO - Processing file /home/airflow/.local/lib/python3.6/site-packages/airflow/example_dags/example_branch_labels.py for tasks to queue
[2023-06-12 08:03:38,915] {logging_mixin.py:104} INFO - [2023-06-12 08:03:38,915] {dagbag.py:496} INFO - Filling up the DagBag from /home/airflow/.local/lib/python3.6/site-packages/airflow/example_dags/example_branch_labels.py
[2023-06-12 08:03:38,925] {scheduler_job.py:642} INFO - DAG(s) dict_keys(['example_branch_labels']) retrieved from /home/airflow/.local/lib/python3.6/site-packages/airflow/example_dags/example_branch_labels.py
[2023-06-12 08:03:38,943] {logging_mixin.py:104} INFO - [2023-06-12 08:03:38,943] {dag.py:1833} INFO - Sync 1 DAGs
[2023-06-12 08:03:38,956] {logging_mixin.py:104} INFO - [2023-06-12 08:03:38,956] {dag.py:2306} INFO - Setting next_dagrun for example_branch_labels to 2023-06-10 00:00:00+00:00
[2023-06-12 08:03:38,965] {scheduler_job.py:189} INFO - Processing /home/airflow/.local/lib/python3.6/site-packages/airflow/example_dags/example_branch_labels.py took 0.054 seconds
[2023-06-12 08:04:09,521] {scheduler_job.py:181} INFO - Started process (PID=1288) to work on /home/airflow/.local/lib/python3.6/site-packages/airflow/example_dags/example_branch_labels.py
[2023-06-12 08:04:09,522] {scheduler_job.py:632} INFO - Processing file /home/airflow/.local/lib/python3.6/site-packages/airflow/example_dags/example_branch_labels.py for tasks to queue
[2023-06-12 08:04:09,522] {logging_mixin.py:104} INFO - [2023-06-12 08:04:09,522] {dagbag.py:496} INFO - Filling up the DagBag from /home/airflow/.local/lib/python3.6/site-packages/airflow/example_dags/example_branch_labels.py
[2023-06-12 08:04:09,531] {scheduler_job.py:642} INFO - DAG(s) dict_keys(['example_branch_labels']) retrieved from /home/airflow/.local/lib/python3.6/site-packages/airflow/example_dags/example_branch_labels.py
[2023-06-12 08:04:09,548] {logging_mixin.py:104} INFO - [2023-06-12 08:04:09,548] {dag.py:1833} INFO - Sync 1 DAGs
[2023-06-12 08:04:09,560] {logging_mixin.py:104} INFO - [2023-06-12 08:04:09,560] {dag.py:2306} INFO - Setting next_dagrun for example_branch_labels to 2023-06-10 00:00:00+00:00
[2023-06-12 08:04:09,568] {scheduler_job.py:189} INFO - Processing /home/airflow/.local/lib/python3.6/site-packages/airflow/example_dags/example_branch_labels.py took 0.050 seconds
[2023-06-12 08:04:39,931] {scheduler_job.py:181} INFO - Started process (PID=1351) to work on /home/airflow/.local/lib/python3.6/site-packages/airflow/example_dags/example_branch_labels.py
[2023-06-12 08:04:39,932] {scheduler_job.py:632} INFO - Processing file /home/airflow/.local/lib/python3.6/site-packages/airflow/example_dags/example_branch_labels.py for tasks to queue
[2023-06-12 08:04:39,933] {logging_mixin.py:104} INFO - [2023-06-12 08:04:39,933] {dagbag.py:496} INFO - Filling up the DagBag from /home/airflow/.local/lib/python3.6/site-packages/airflow/example_dags/example_branch_labels.py
[2023-06-12 08:04:39,942] {scheduler_job.py:642} INFO - DAG(s) dict_keys(['example_branch_labels']) retrieved from /home/airflow/.local/lib/python3.6/site-packages/airflow/example_dags/example_branch_labels.py
[2023-06-12 08:04:39,959] {logging_mixin.py:104} INFO - [2023-06-12 08:04:39,959] {dag.py:1833} INFO - Sync 1 DAGs
[2023-06-12 08:04:39,974] {logging_mixin.py:104} INFO - [2023-06-12 08:04:39,973] {dag.py:2306} INFO - Setting next_dagrun for example_branch_labels to 2023-06-10 00:00:00+00:00
[2023-06-12 08:04:39,982] {scheduler_job.py:189} INFO - Processing /home/airflow/.local/lib/python3.6/site-packages/airflow/example_dags/example_branch_labels.py took 0.054 seconds
[2023-06-12 08:05:10,340] {scheduler_job.py:181} INFO - Started process (PID=1413) to work on /home/airflow/.local/lib/python3.6/site-packages/airflow/example_dags/example_branch_labels.py
[2023-06-12 08:05:10,341] {scheduler_job.py:632} INFO - Processing file /home/airflow/.local/lib/python3.6/site-packages/airflow/example_dags/example_branch_labels.py for tasks to queue
[2023-06-12 08:05:10,342] {logging_mixin.py:104} INFO - [2023-06-12 08:05:10,342] {dagbag.py:496} INFO - Filling up the DagBag from /home/airflow/.local/lib/python3.6/site-packages/airflow/example_dags/example_branch_labels.py
[2023-06-12 08:05:10,352] {scheduler_job.py:642} INFO - DAG(s) dict_keys(['example_branch_labels']) retrieved from /home/airflow/.local/lib/python3.6/site-packages/airflow/example_dags/example_branch_labels.py
[2023-06-12 08:05:10,370] {logging_mixin.py:104} INFO - [2023-06-12 08:05:10,370] {dag.py:1833} INFO - Sync 1 DAGs
[2023-06-12 08:05:10,384] {logging_mixin.py:104} INFO - [2023-06-12 08:05:10,384] {dag.py:2306} INFO - Setting next_dagrun for example_branch_labels to 2023-06-10 00:00:00+00:00
[2023-06-12 08:05:10,392] {scheduler_job.py:189} INFO - Processing /home/airflow/.local/lib/python3.6/site-packages/airflow/example_dags/example_branch_labels.py took 0.054 seconds
[2023-06-12 08:05:40,501] {scheduler_job.py:181} INFO - Started process (PID=1468) to work on /home/airflow/.local/lib/python3.6/site-packages/airflow/example_dags/example_branch_labels.py
[2023-06-12 08:05:40,503] {scheduler_job.py:632} INFO - Processing file /home/airflow/.local/lib/python3.6/site-packages/airflow/example_dags/example_branch_labels.py for tasks to queue
[2023-06-12 08:05:40,504] {logging_mixin.py:104} INFO - [2023-06-12 08:05:40,503] {dagbag.py:496} INFO - Filling up the DagBag from /home/airflow/.local/lib/python3.6/site-packages/airflow/example_dags/example_branch_labels.py
[2023-06-12 08:05:40,513] {scheduler_job.py:642} INFO - DAG(s) dict_keys(['example_branch_labels']) retrieved from /home/airflow/.local/lib/python3.6/site-packages/airflow/example_dags/example_branch_labels.py
[2023-06-12 08:05:40,528] {logging_mixin.py:104} INFO - [2023-06-12 08:05:40,528] {dag.py:1833} INFO - Sync 1 DAGs
[2023-06-12 08:05:40,541] {logging_mixin.py:104} INFO - [2023-06-12 08:05:40,541] {dag.py:2306} INFO - Setting next_dagrun for example_branch_labels to 2023-06-10 00:00:00+00:00
[2023-06-12 08:05:40,548] {scheduler_job.py:189} INFO - Processing /home/airflow/.local/lib/python3.6/site-packages/airflow/example_dags/example_branch_labels.py took 0.049 seconds
[2023-06-12 08:06:10,923] {scheduler_job.py:181} INFO - Started process (PID=1531) to work on /home/airflow/.local/lib/python3.6/site-packages/airflow/example_dags/example_branch_labels.py
[2023-06-12 08:06:10,924] {scheduler_job.py:632} INFO - Processing file /home/airflow/.local/lib/python3.6/site-packages/airflow/example_dags/example_branch_labels.py for tasks to queue
[2023-06-12 08:06:10,925] {logging_mixin.py:104} INFO - [2023-06-12 08:06:10,925] {dagbag.py:496} INFO - Filling up the DagBag from /home/airflow/.local/lib/python3.6/site-packages/airflow/example_dags/example_branch_labels.py
[2023-06-12 08:06:10,936] {scheduler_job.py:642} INFO - DAG(s) dict_keys(['example_branch_labels']) retrieved from /home/airflow/.local/lib/python3.6/site-packages/airflow/example_dags/example_branch_labels.py
[2023-06-12 08:06:10,952] {logging_mixin.py:104} INFO - [2023-06-12 08:06:10,952] {dag.py:1833} INFO - Sync 1 DAGs
[2023-06-12 08:06:10,967] {logging_mixin.py:104} INFO - [2023-06-12 08:06:10,967] {dag.py:2306} INFO - Setting next_dagrun for example_branch_labels to 2023-06-10 00:00:00+00:00
[2023-06-12 08:06:10,974] {scheduler_job.py:189} INFO - Processing /home/airflow/.local/lib/python3.6/site-packages/airflow/example_dags/example_branch_labels.py took 0.054 seconds
[2023-06-12 08:06:41,495] {scheduler_job.py:181} INFO - Started process (PID=1584) to work on /home/airflow/.local/lib/python3.6/site-packages/airflow/example_dags/example_branch_labels.py
[2023-06-12 08:06:41,496] {scheduler_job.py:632} INFO - Processing file /home/airflow/.local/lib/python3.6/site-packages/airflow/example_dags/example_branch_labels.py for tasks to queue
[2023-06-12 08:06:41,497] {logging_mixin.py:104} INFO - [2023-06-12 08:06:41,497] {dagbag.py:496} INFO - Filling up the DagBag from /home/airflow/.local/lib/python3.6/site-packages/airflow/example_dags/example_branch_labels.py
[2023-06-12 08:06:41,507] {scheduler_job.py:642} INFO - DAG(s) dict_keys(['example_branch_labels']) retrieved from /home/airflow/.local/lib/python3.6/site-packages/airflow/example_dags/example_branch_labels.py
[2023-06-12 08:06:41,540] {logging_mixin.py:104} INFO - [2023-06-12 08:06:41,540] {dag.py:1833} INFO - Sync 1 DAGs
[2023-06-12 08:06:41,554] {logging_mixin.py:104} INFO - [2023-06-12 08:06:41,554] {dag.py:2306} INFO - Setting next_dagrun for example_branch_labels to 2023-06-10 00:00:00+00:00
[2023-06-12 08:06:41,562] {scheduler_job.py:189} INFO - Processing /home/airflow/.local/lib/python3.6/site-packages/airflow/example_dags/example_branch_labels.py took 0.069 seconds
[2023-06-12 08:07:12,386] {scheduler_job.py:181} INFO - Started process (PID=1647) to work on /home/airflow/.local/lib/python3.6/site-packages/airflow/example_dags/example_branch_labels.py
[2023-06-12 08:07:12,387] {scheduler_job.py:632} INFO - Processing file /home/airflow/.local/lib/python3.6/site-packages/airflow/example_dags/example_branch_labels.py for tasks to queue
[2023-06-12 08:07:12,388] {logging_mixin.py:104} INFO - [2023-06-12 08:07:12,388] {dagbag.py:496} INFO - Filling up the DagBag from /home/airflow/.local/lib/python3.6/site-packages/airflow/example_dags/example_branch_labels.py
[2023-06-12 08:07:12,399] {scheduler_job.py:642} INFO - DAG(s) dict_keys(['example_branch_labels']) retrieved from /home/airflow/.local/lib/python3.6/site-packages/airflow/example_dags/example_branch_labels.py
[2023-06-12 08:07:12,416] {logging_mixin.py:104} INFO - [2023-06-12 08:07:12,416] {dag.py:1833} INFO - Sync 1 DAGs
[2023-06-12 08:07:12,430] {logging_mixin.py:104} INFO - [2023-06-12 08:07:12,430] {dag.py:2306} INFO - Setting next_dagrun for example_branch_labels to 2023-06-10 00:00:00+00:00
[2023-06-12 08:07:12,438] {scheduler_job.py:189} INFO - Processing /home/airflow/.local/lib/python3.6/site-packages/airflow/example_dags/example_branch_labels.py took 0.055 seconds
[2023-06-12 08:07:42,527] {scheduler_job.py:181} INFO - Started process (PID=1710) to work on /home/airflow/.local/lib/python3.6/site-packages/airflow/example_dags/example_branch_labels.py
[2023-06-12 08:07:42,528] {scheduler_job.py:632} INFO - Processing file /home/airflow/.local/lib/python3.6/site-packages/airflow/example_dags/example_branch_labels.py for tasks to queue
[2023-06-12 08:07:42,529] {logging_mixin.py:104} INFO - [2023-06-12 08:07:42,529] {dagbag.py:496} INFO - Filling up the DagBag from /home/airflow/.local/lib/python3.6/site-packages/airflow/example_dags/example_branch_labels.py
[2023-06-12 08:07:42,541] {scheduler_job.py:642} INFO - DAG(s) dict_keys(['example_branch_labels']) retrieved from /home/airflow/.local/lib/python3.6/site-packages/airflow/example_dags/example_branch_labels.py
[2023-06-12 08:07:42,560] {logging_mixin.py:104} INFO - [2023-06-12 08:07:42,560] {dag.py:1833} INFO - Sync 1 DAGs
[2023-06-12 08:07:42,576] {logging_mixin.py:104} INFO - [2023-06-12 08:07:42,576] {dag.py:2306} INFO - Setting next_dagrun for example_branch_labels to 2023-06-10 00:00:00+00:00
[2023-06-12 08:07:42,585] {scheduler_job.py:189} INFO - Processing /home/airflow/.local/lib/python3.6/site-packages/airflow/example_dags/example_branch_labels.py took 0.061 seconds
[2023-06-12 08:08:12,776] {scheduler_job.py:181} INFO - Started process (PID=1762) to work on /home/airflow/.local/lib/python3.6/site-packages/airflow/example_dags/example_branch_labels.py
[2023-06-12 08:08:12,777] {scheduler_job.py:632} INFO - Processing file /home/airflow/.local/lib/python3.6/site-packages/airflow/example_dags/example_branch_labels.py for tasks to queue
[2023-06-12 08:08:12,778] {logging_mixin.py:104} INFO - [2023-06-12 08:08:12,778] {dagbag.py:496} INFO - Filling up the DagBag from /home/airflow/.local/lib/python3.6/site-packages/airflow/example_dags/example_branch_labels.py
[2023-06-12 08:08:12,788] {scheduler_job.py:642} INFO - DAG(s) dict_keys(['example_branch_labels']) retrieved from /home/airflow/.local/lib/python3.6/site-packages/airflow/example_dags/example_branch_labels.py
[2023-06-12 08:08:12,804] {logging_mixin.py:104} INFO - [2023-06-12 08:08:12,803] {dag.py:1833} INFO - Sync 1 DAGs
[2023-06-12 08:08:12,818] {logging_mixin.py:104} INFO - [2023-06-12 08:08:12,818] {dag.py:2306} INFO - Setting next_dagrun for example_branch_labels to 2023-06-10 00:00:00+00:00
[2023-06-12 08:08:12,825] {scheduler_job.py:189} INFO - Processing /home/airflow/.local/lib/python3.6/site-packages/airflow/example_dags/example_branch_labels.py took 0.052 seconds
[2023-06-12 08:08:43,340] {scheduler_job.py:181} INFO - Started process (PID=1826) to work on /home/airflow/.local/lib/python3.6/site-packages/airflow/example_dags/example_branch_labels.py
[2023-06-12 08:08:43,342] {scheduler_job.py:632} INFO - Processing file /home/airflow/.local/lib/python3.6/site-packages/airflow/example_dags/example_branch_labels.py for tasks to queue
[2023-06-12 08:08:43,343] {logging_mixin.py:104} INFO - [2023-06-12 08:08:43,342] {dagbag.py:496} INFO - Filling up the DagBag from /home/airflow/.local/lib/python3.6/site-packages/airflow/example_dags/example_branch_labels.py
[2023-06-12 08:08:43,351] {scheduler_job.py:642} INFO - DAG(s) dict_keys(['example_branch_labels']) retrieved from /home/airflow/.local/lib/python3.6/site-packages/airflow/example_dags/example_branch_labels.py
[2023-06-12 08:08:43,367] {logging_mixin.py:104} INFO - [2023-06-12 08:08:43,367] {dag.py:1833} INFO - Sync 1 DAGs
[2023-06-12 08:08:43,380] {logging_mixin.py:104} INFO - [2023-06-12 08:08:43,380] {dag.py:2306} INFO - Setting next_dagrun for example_branch_labels to 2023-06-10 00:00:00+00:00
[2023-06-12 08:08:43,391] {scheduler_job.py:189} INFO - Processing /home/airflow/.local/lib/python3.6/site-packages/airflow/example_dags/example_branch_labels.py took 0.053 seconds
[2023-06-12 08:09:13,706] {scheduler_job.py:181} INFO - Started process (PID=1879) to work on /home/airflow/.local/lib/python3.6/site-packages/airflow/example_dags/example_branch_labels.py
[2023-06-12 08:09:13,707] {scheduler_job.py:632} INFO - Processing file /home/airflow/.local/lib/python3.6/site-packages/airflow/example_dags/example_branch_labels.py for tasks to queue
[2023-06-12 08:09:13,708] {logging_mixin.py:104} INFO - [2023-06-12 08:09:13,708] {dagbag.py:496} INFO - Filling up the DagBag from /home/airflow/.local/lib/python3.6/site-packages/airflow/example_dags/example_branch_labels.py
[2023-06-12 08:09:13,717] {scheduler_job.py:642} INFO - DAG(s) dict_keys(['example_branch_labels']) retrieved from /home/airflow/.local/lib/python3.6/site-packages/airflow/example_dags/example_branch_labels.py
[2023-06-12 08:09:13,734] {logging_mixin.py:104} INFO - [2023-06-12 08:09:13,734] {dag.py:1833} INFO - Sync 1 DAGs
[2023-06-12 08:09:13,747] {logging_mixin.py:104} INFO - [2023-06-12 08:09:13,747] {dag.py:2306} INFO - Setting next_dagrun for example_branch_labels to 2023-06-10 00:00:00+00:00
[2023-06-12 08:09:13,757] {scheduler_job.py:189} INFO - Processing /home/airflow/.local/lib/python3.6/site-packages/airflow/example_dags/example_branch_labels.py took 0.053 seconds
[2023-06-12 08:09:44,072] {scheduler_job.py:181} INFO - Started process (PID=1942) to work on /home/airflow/.local/lib/python3.6/site-packages/airflow/example_dags/example_branch_labels.py
[2023-06-12 08:09:44,073] {scheduler_job.py:632} INFO - Processing file /home/airflow/.local/lib/python3.6/site-packages/airflow/example_dags/example_branch_labels.py for tasks to queue
[2023-06-12 08:09:44,074] {logging_mixin.py:104} INFO - [2023-06-12 08:09:44,074] {dagbag.py:496} INFO - Filling up the DagBag from /home/airflow/.local/lib/python3.6/site-packages/airflow/example_dags/example_branch_labels.py
[2023-06-12 08:09:44,083] {scheduler_job.py:642} INFO - DAG(s) dict_keys(['example_branch_labels']) retrieved from /home/airflow/.local/lib/python3.6/site-packages/airflow/example_dags/example_branch_labels.py
[2023-06-12 08:09:44,100] {logging_mixin.py:104} INFO - [2023-06-12 08:09:44,100] {dag.py:1833} INFO - Sync 1 DAGs
[2023-06-12 08:09:44,113] {logging_mixin.py:104} INFO - [2023-06-12 08:09:44,113] {dag.py:2306} INFO - Setting next_dagrun for example_branch_labels to 2023-06-10 00:00:00+00:00
[2023-06-12 08:09:44,121] {scheduler_job.py:189} INFO - Processing /home/airflow/.local/lib/python3.6/site-packages/airflow/example_dags/example_branch_labels.py took 0.052 seconds
[2023-06-12 08:10:14,576] {scheduler_job.py:181} INFO - Started process (PID=2005) to work on /home/airflow/.local/lib/python3.6/site-packages/airflow/example_dags/example_branch_labels.py
[2023-06-12 08:10:14,577] {scheduler_job.py:632} INFO - Processing file /home/airflow/.local/lib/python3.6/site-packages/airflow/example_dags/example_branch_labels.py for tasks to queue
[2023-06-12 08:10:14,578] {logging_mixin.py:104} INFO - [2023-06-12 08:10:14,578] {dagbag.py:496} INFO - Filling up the DagBag from /home/airflow/.local/lib/python3.6/site-packages/airflow/example_dags/example_branch_labels.py
[2023-06-12 08:10:14,587] {scheduler_job.py:642} INFO - DAG(s) dict_keys(['example_branch_labels']) retrieved from /home/airflow/.local/lib/python3.6/site-packages/airflow/example_dags/example_branch_labels.py
[2023-06-12 08:10:14,603] {logging_mixin.py:104} INFO - [2023-06-12 08:10:14,603] {dag.py:1833} INFO - Sync 1 DAGs
[2023-06-12 08:10:14,617] {logging_mixin.py:104} INFO - [2023-06-12 08:10:14,617] {dag.py:2306} INFO - Setting next_dagrun for example_branch_labels to 2023-06-10 00:00:00+00:00
[2023-06-12 08:10:14,626] {scheduler_job.py:189} INFO - Processing /home/airflow/.local/lib/python3.6/site-packages/airflow/example_dags/example_branch_labels.py took 0.052 seconds
[2023-06-12 08:10:44,940] {scheduler_job.py:181} INFO - Started process (PID=2058) to work on /home/airflow/.local/lib/python3.6/site-packages/airflow/example_dags/example_branch_labels.py
[2023-06-12 08:10:44,941] {scheduler_job.py:632} INFO - Processing file /home/airflow/.local/lib/python3.6/site-packages/airflow/example_dags/example_branch_labels.py for tasks to queue
[2023-06-12 08:10:44,942] {logging_mixin.py:104} INFO - [2023-06-12 08:10:44,942] {dagbag.py:496} INFO - Filling up the DagBag from /home/airflow/.local/lib/python3.6/site-packages/airflow/example_dags/example_branch_labels.py
[2023-06-12 08:10:44,951] {scheduler_job.py:642} INFO - DAG(s) dict_keys(['example_branch_labels']) retrieved from /home/airflow/.local/lib/python3.6/site-packages/airflow/example_dags/example_branch_labels.py
[2023-06-12 08:10:44,969] {logging_mixin.py:104} INFO - [2023-06-12 08:10:44,969] {dag.py:1833} INFO - Sync 1 DAGs
[2023-06-12 08:10:44,983] {logging_mixin.py:104} INFO - [2023-06-12 08:10:44,983] {dag.py:2306} INFO - Setting next_dagrun for example_branch_labels to 2023-06-10 00:00:00+00:00
[2023-06-12 08:10:44,993] {scheduler_job.py:189} INFO - Processing /home/airflow/.local/lib/python3.6/site-packages/airflow/example_dags/example_branch_labels.py took 0.055 seconds
[2023-06-12 08:11:15,402] {scheduler_job.py:181} INFO - Started process (PID=2121) to work on /home/airflow/.local/lib/python3.6/site-packages/airflow/example_dags/example_branch_labels.py
[2023-06-12 08:11:15,403] {scheduler_job.py:632} INFO - Processing file /home/airflow/.local/lib/python3.6/site-packages/airflow/example_dags/example_branch_labels.py for tasks to queue
[2023-06-12 08:11:15,404] {logging_mixin.py:104} INFO - [2023-06-12 08:11:15,404] {dagbag.py:496} INFO - Filling up the DagBag from /home/airflow/.local/lib/python3.6/site-packages/airflow/example_dags/example_branch_labels.py
[2023-06-12 08:11:15,413] {scheduler_job.py:642} INFO - DAG(s) dict_keys(['example_branch_labels']) retrieved from /home/airflow/.local/lib/python3.6/site-packages/airflow/example_dags/example_branch_labels.py
[2023-06-12 08:11:15,430] {logging_mixin.py:104} INFO - [2023-06-12 08:11:15,430] {dag.py:1833} INFO - Sync 1 DAGs
[2023-06-12 08:11:15,444] {logging_mixin.py:104} INFO - [2023-06-12 08:11:15,444] {dag.py:2306} INFO - Setting next_dagrun for example_branch_labels to 2023-06-10 00:00:00+00:00
[2023-06-12 08:11:15,453] {scheduler_job.py:189} INFO - Processing /home/airflow/.local/lib/python3.6/site-packages/airflow/example_dags/example_branch_labels.py took 0.053 seconds
[2023-06-12 08:11:45,720] {scheduler_job.py:181} INFO - Started process (PID=2174) to work on /home/airflow/.local/lib/python3.6/site-packages/airflow/example_dags/example_branch_labels.py
[2023-06-12 08:11:45,721] {scheduler_job.py:632} INFO - Processing file /home/airflow/.local/lib/python3.6/site-packages/airflow/example_dags/example_branch_labels.py for tasks to queue
[2023-06-12 08:11:45,722] {logging_mixin.py:104} INFO - [2023-06-12 08:11:45,722] {dagbag.py:496} INFO - Filling up the DagBag from /home/airflow/.local/lib/python3.6/site-packages/airflow/example_dags/example_branch_labels.py
[2023-06-12 08:11:45,732] {scheduler_job.py:642} INFO - DAG(s) dict_keys(['example_branch_labels']) retrieved from /home/airflow/.local/lib/python3.6/site-packages/airflow/example_dags/example_branch_labels.py
[2023-06-12 08:11:45,750] {logging_mixin.py:104} INFO - [2023-06-12 08:11:45,750] {dag.py:1833} INFO - Sync 1 DAGs
[2023-06-12 08:11:45,767] {logging_mixin.py:104} INFO - [2023-06-12 08:11:45,767] {dag.py:2306} INFO - Setting next_dagrun for example_branch_labels to 2023-06-10 00:00:00+00:00
[2023-06-12 08:11:45,775] {scheduler_job.py:189} INFO - Processing /home/airflow/.local/lib/python3.6/site-packages/airflow/example_dags/example_branch_labels.py took 0.058 seconds
[2023-06-12 08:12:16,383] {scheduler_job.py:181} INFO - Started process (PID=2238) to work on /home/airflow/.local/lib/python3.6/site-packages/airflow/example_dags/example_branch_labels.py
[2023-06-12 08:12:16,385] {scheduler_job.py:632} INFO - Processing file /home/airflow/.local/lib/python3.6/site-packages/airflow/example_dags/example_branch_labels.py for tasks to queue
[2023-06-12 08:12:16,385] {logging_mixin.py:104} INFO - [2023-06-12 08:12:16,385] {dagbag.py:496} INFO - Filling up the DagBag from /home/airflow/.local/lib/python3.6/site-packages/airflow/example_dags/example_branch_labels.py
[2023-06-12 08:12:16,395] {scheduler_job.py:642} INFO - DAG(s) dict_keys(['example_branch_labels']) retrieved from /home/airflow/.local/lib/python3.6/site-packages/airflow/example_dags/example_branch_labels.py
[2023-06-12 08:12:16,412] {logging_mixin.py:104} INFO - [2023-06-12 08:12:16,412] {dag.py:1833} INFO - Sync 1 DAGs
[2023-06-12 08:12:16,425] {logging_mixin.py:104} INFO - [2023-06-12 08:12:16,425] {dag.py:2306} INFO - Setting next_dagrun for example_branch_labels to 2023-06-10 00:00:00+00:00
[2023-06-12 08:12:16,433] {scheduler_job.py:189} INFO - Processing /home/airflow/.local/lib/python3.6/site-packages/airflow/example_dags/example_branch_labels.py took 0.052 seconds
[2023-06-12 08:12:46,828] {scheduler_job.py:181} INFO - Started process (PID=2301) to work on /home/airflow/.local/lib/python3.6/site-packages/airflow/example_dags/example_branch_labels.py
[2023-06-12 08:12:46,830] {scheduler_job.py:632} INFO - Processing file /home/airflow/.local/lib/python3.6/site-packages/airflow/example_dags/example_branch_labels.py for tasks to queue
[2023-06-12 08:12:46,831] {logging_mixin.py:104} INFO - [2023-06-12 08:12:46,830] {dagbag.py:496} INFO - Filling up the DagBag from /home/airflow/.local/lib/python3.6/site-packages/airflow/example_dags/example_branch_labels.py
[2023-06-12 08:12:46,840] {scheduler_job.py:642} INFO - DAG(s) dict_keys(['example_branch_labels']) retrieved from /home/airflow/.local/lib/python3.6/site-packages/airflow/example_dags/example_branch_labels.py
[2023-06-12 08:12:46,858] {logging_mixin.py:104} INFO - [2023-06-12 08:12:46,858] {dag.py:1833} INFO - Sync 1 DAGs
[2023-06-12 08:12:46,873] {logging_mixin.py:104} INFO - [2023-06-12 08:12:46,873] {dag.py:2306} INFO - Setting next_dagrun for example_branch_labels to 2023-06-10 00:00:00+00:00
[2023-06-12 08:12:46,882] {scheduler_job.py:189} INFO - Processing /home/airflow/.local/lib/python3.6/site-packages/airflow/example_dags/example_branch_labels.py took 0.056 seconds
