[2023-06-12 07:53:30,169] {scheduler_job.py:181} INFO - Started process (PID=75) to work on /home/airflow/.local/lib/python3.6/site-packages/airflow/example_dags/example_external_task_marker_dag.py
[2023-06-12 07:53:30,170] {scheduler_job.py:632} INFO - Processing file /home/airflow/.local/lib/python3.6/site-packages/airflow/example_dags/example_external_task_marker_dag.py for tasks to queue
[2023-06-12 07:53:30,172] {logging_mixin.py:104} INFO - [2023-06-12 07:53:30,172] {dagbag.py:496} INFO - Filling up the DagBag from /home/airflow/.local/lib/python3.6/site-packages/airflow/example_dags/example_external_task_marker_dag.py
[2023-06-12 07:53:30,193] {scheduler_job.py:642} INFO - DAG(s) dict_keys(['example_external_task_marker_parent', 'example_external_task_marker_child']) retrieved from /home/airflow/.local/lib/python3.6/site-packages/airflow/example_dags/example_external_task_marker_dag.py
[2023-06-12 07:53:30,541] {logging_mixin.py:104} INFO - [2023-06-12 07:53:30,541] {dag.py:1833} INFO - Sync 2 DAGs
[2023-06-12 07:53:30,564] {logging_mixin.py:104} INFO - [2023-06-12 07:53:30,563] {dag.py:2306} INFO - Setting next_dagrun for example_external_task_marker_child to None
[2023-06-12 07:53:30,565] {logging_mixin.py:104} INFO - [2023-06-12 07:53:30,565] {dag.py:2306} INFO - Setting next_dagrun for example_external_task_marker_parent to None
[2023-06-12 07:53:30,584] {scheduler_job.py:189} INFO - Processing /home/airflow/.local/lib/python3.6/site-packages/airflow/example_dags/example_external_task_marker_dag.py took 0.420 seconds
[2023-06-12 07:54:01,200] {scheduler_job.py:181} INFO - Started process (PID=128) to work on /home/airflow/.local/lib/python3.6/site-packages/airflow/example_dags/example_external_task_marker_dag.py
[2023-06-12 07:54:01,202] {scheduler_job.py:632} INFO - Processing file /home/airflow/.local/lib/python3.6/site-packages/airflow/example_dags/example_external_task_marker_dag.py for tasks to queue
[2023-06-12 07:54:01,203] {logging_mixin.py:104} INFO - [2023-06-12 07:54:01,202] {dagbag.py:496} INFO - Filling up the DagBag from /home/airflow/.local/lib/python3.6/site-packages/airflow/example_dags/example_external_task_marker_dag.py
[2023-06-12 07:54:01,212] {scheduler_job.py:642} INFO - DAG(s) dict_keys(['example_external_task_marker_parent', 'example_external_task_marker_child']) retrieved from /home/airflow/.local/lib/python3.6/site-packages/airflow/example_dags/example_external_task_marker_dag.py
[2023-06-12 07:54:01,231] {logging_mixin.py:104} INFO - [2023-06-12 07:54:01,231] {dag.py:1833} INFO - Sync 2 DAGs
[2023-06-12 07:54:01,244] {logging_mixin.py:104} INFO - [2023-06-12 07:54:01,244] {dag.py:2306} INFO - Setting next_dagrun for example_external_task_marker_child to None
[2023-06-12 07:54:01,245] {logging_mixin.py:104} INFO - [2023-06-12 07:54:01,245] {dag.py:2306} INFO - Setting next_dagrun for example_external_task_marker_parent to None
[2023-06-12 07:54:01,257] {scheduler_job.py:189} INFO - Processing /home/airflow/.local/lib/python3.6/site-packages/airflow/example_dags/example_external_task_marker_dag.py took 0.059 seconds
[2023-06-12 07:54:32,117] {scheduler_job.py:181} INFO - Started process (PID=191) to work on /home/airflow/.local/lib/python3.6/site-packages/airflow/example_dags/example_external_task_marker_dag.py
[2023-06-12 07:54:32,119] {scheduler_job.py:632} INFO - Processing file /home/airflow/.local/lib/python3.6/site-packages/airflow/example_dags/example_external_task_marker_dag.py for tasks to queue
[2023-06-12 07:54:32,120] {logging_mixin.py:104} INFO - [2023-06-12 07:54:32,120] {dagbag.py:496} INFO - Filling up the DagBag from /home/airflow/.local/lib/python3.6/site-packages/airflow/example_dags/example_external_task_marker_dag.py
[2023-06-12 07:54:32,129] {scheduler_job.py:642} INFO - DAG(s) dict_keys(['example_external_task_marker_parent', 'example_external_task_marker_child']) retrieved from /home/airflow/.local/lib/python3.6/site-packages/airflow/example_dags/example_external_task_marker_dag.py
[2023-06-12 07:54:32,147] {logging_mixin.py:104} INFO - [2023-06-12 07:54:32,147] {dag.py:1833} INFO - Sync 2 DAGs
[2023-06-12 07:54:32,159] {logging_mixin.py:104} INFO - [2023-06-12 07:54:32,158] {dag.py:2306} INFO - Setting next_dagrun for example_external_task_marker_child to None
[2023-06-12 07:54:32,160] {logging_mixin.py:104} INFO - [2023-06-12 07:54:32,160] {dag.py:2306} INFO - Setting next_dagrun for example_external_task_marker_parent to None
[2023-06-12 07:54:32,170] {scheduler_job.py:189} INFO - Processing /home/airflow/.local/lib/python3.6/site-packages/airflow/example_dags/example_external_task_marker_dag.py took 0.055 seconds
[2023-06-12 07:55:02,314] {scheduler_job.py:181} INFO - Started process (PID=253) to work on /home/airflow/.local/lib/python3.6/site-packages/airflow/example_dags/example_external_task_marker_dag.py
[2023-06-12 07:55:02,316] {scheduler_job.py:632} INFO - Processing file /home/airflow/.local/lib/python3.6/site-packages/airflow/example_dags/example_external_task_marker_dag.py for tasks to queue
[2023-06-12 07:55:02,317] {logging_mixin.py:104} INFO - [2023-06-12 07:55:02,316] {dagbag.py:496} INFO - Filling up the DagBag from /home/airflow/.local/lib/python3.6/site-packages/airflow/example_dags/example_external_task_marker_dag.py
[2023-06-12 07:55:02,327] {scheduler_job.py:642} INFO - DAG(s) dict_keys(['example_external_task_marker_parent', 'example_external_task_marker_child']) retrieved from /home/airflow/.local/lib/python3.6/site-packages/airflow/example_dags/example_external_task_marker_dag.py
[2023-06-12 07:55:02,348] {logging_mixin.py:104} INFO - [2023-06-12 07:55:02,348] {dag.py:1833} INFO - Sync 2 DAGs
[2023-06-12 07:55:02,361] {logging_mixin.py:104} INFO - [2023-06-12 07:55:02,361] {dag.py:2306} INFO - Setting next_dagrun for example_external_task_marker_child to None
[2023-06-12 07:55:02,362] {logging_mixin.py:104} INFO - [2023-06-12 07:55:02,362] {dag.py:2306} INFO - Setting next_dagrun for example_external_task_marker_parent to None
[2023-06-12 07:55:02,372] {scheduler_job.py:189} INFO - Processing /home/airflow/.local/lib/python3.6/site-packages/airflow/example_dags/example_external_task_marker_dag.py took 0.061 seconds
[2023-06-12 07:55:32,767] {scheduler_job.py:181} INFO - Started process (PID=307) to work on /home/airflow/.local/lib/python3.6/site-packages/airflow/example_dags/example_external_task_marker_dag.py
[2023-06-12 07:55:32,768] {scheduler_job.py:632} INFO - Processing file /home/airflow/.local/lib/python3.6/site-packages/airflow/example_dags/example_external_task_marker_dag.py for tasks to queue
[2023-06-12 07:55:32,769] {logging_mixin.py:104} INFO - [2023-06-12 07:55:32,769] {dagbag.py:496} INFO - Filling up the DagBag from /home/airflow/.local/lib/python3.6/site-packages/airflow/example_dags/example_external_task_marker_dag.py
[2023-06-12 07:55:32,779] {scheduler_job.py:642} INFO - DAG(s) dict_keys(['example_external_task_marker_parent', 'example_external_task_marker_child']) retrieved from /home/airflow/.local/lib/python3.6/site-packages/airflow/example_dags/example_external_task_marker_dag.py
[2023-06-12 07:55:32,800] {logging_mixin.py:104} INFO - [2023-06-12 07:55:32,800] {dag.py:1833} INFO - Sync 2 DAGs
[2023-06-12 07:55:32,813] {logging_mixin.py:104} INFO - [2023-06-12 07:55:32,813] {dag.py:2306} INFO - Setting next_dagrun for example_external_task_marker_child to None
[2023-06-12 07:55:32,814] {logging_mixin.py:104} INFO - [2023-06-12 07:55:32,814] {dag.py:2306} INFO - Setting next_dagrun for example_external_task_marker_parent to None
[2023-06-12 07:55:32,822] {scheduler_job.py:189} INFO - Processing /home/airflow/.local/lib/python3.6/site-packages/airflow/example_dags/example_external_task_marker_dag.py took 0.057 seconds
[2023-06-12 07:56:03,304] {scheduler_job.py:181} INFO - Started process (PID=370) to work on /home/airflow/.local/lib/python3.6/site-packages/airflow/example_dags/example_external_task_marker_dag.py
[2023-06-12 07:56:03,306] {scheduler_job.py:632} INFO - Processing file /home/airflow/.local/lib/python3.6/site-packages/airflow/example_dags/example_external_task_marker_dag.py for tasks to queue
[2023-06-12 07:56:03,306] {logging_mixin.py:104} INFO - [2023-06-12 07:56:03,306] {dagbag.py:496} INFO - Filling up the DagBag from /home/airflow/.local/lib/python3.6/site-packages/airflow/example_dags/example_external_task_marker_dag.py
[2023-06-12 07:56:03,315] {scheduler_job.py:642} INFO - DAG(s) dict_keys(['example_external_task_marker_parent', 'example_external_task_marker_child']) retrieved from /home/airflow/.local/lib/python3.6/site-packages/airflow/example_dags/example_external_task_marker_dag.py
[2023-06-12 07:56:03,476] {logging_mixin.py:104} INFO - [2023-06-12 07:56:03,476] {dag.py:1833} INFO - Sync 2 DAGs
[2023-06-12 07:56:03,486] {logging_mixin.py:104} INFO - [2023-06-12 07:56:03,486] {dag.py:2306} INFO - Setting next_dagrun for example_external_task_marker_child to None
[2023-06-12 07:56:03,487] {logging_mixin.py:104} INFO - [2023-06-12 07:56:03,487] {dag.py:2306} INFO - Setting next_dagrun for example_external_task_marker_parent to None
[2023-06-12 07:56:03,501] {scheduler_job.py:189} INFO - Processing /home/airflow/.local/lib/python3.6/site-packages/airflow/example_dags/example_external_task_marker_dag.py took 0.199 seconds
[2023-06-12 07:56:33,734] {scheduler_job.py:181} INFO - Started process (PID=423) to work on /home/airflow/.local/lib/python3.6/site-packages/airflow/example_dags/example_external_task_marker_dag.py
[2023-06-12 07:56:33,735] {scheduler_job.py:632} INFO - Processing file /home/airflow/.local/lib/python3.6/site-packages/airflow/example_dags/example_external_task_marker_dag.py for tasks to queue
[2023-06-12 07:56:33,736] {logging_mixin.py:104} INFO - [2023-06-12 07:56:33,736] {dagbag.py:496} INFO - Filling up the DagBag from /home/airflow/.local/lib/python3.6/site-packages/airflow/example_dags/example_external_task_marker_dag.py
[2023-06-12 07:56:33,746] {scheduler_job.py:642} INFO - DAG(s) dict_keys(['example_external_task_marker_parent', 'example_external_task_marker_child']) retrieved from /home/airflow/.local/lib/python3.6/site-packages/airflow/example_dags/example_external_task_marker_dag.py
[2023-06-12 07:56:33,915] {logging_mixin.py:104} INFO - [2023-06-12 07:56:33,915] {dag.py:1833} INFO - Sync 2 DAGs
[2023-06-12 07:56:33,926] {logging_mixin.py:104} INFO - [2023-06-12 07:56:33,926] {dag.py:2306} INFO - Setting next_dagrun for example_external_task_marker_child to None
[2023-06-12 07:56:33,927] {logging_mixin.py:104} INFO - [2023-06-12 07:56:33,927] {dag.py:2306} INFO - Setting next_dagrun for example_external_task_marker_parent to None
[2023-06-12 07:56:33,937] {scheduler_job.py:189} INFO - Processing /home/airflow/.local/lib/python3.6/site-packages/airflow/example_dags/example_external_task_marker_dag.py took 0.206 seconds
[2023-06-12 07:57:04,784] {scheduler_job.py:181} INFO - Started process (PID=486) to work on /home/airflow/.local/lib/python3.6/site-packages/airflow/example_dags/example_external_task_marker_dag.py
[2023-06-12 07:57:04,785] {scheduler_job.py:632} INFO - Processing file /home/airflow/.local/lib/python3.6/site-packages/airflow/example_dags/example_external_task_marker_dag.py for tasks to queue
[2023-06-12 07:57:04,786] {logging_mixin.py:104} INFO - [2023-06-12 07:57:04,786] {dagbag.py:496} INFO - Filling up the DagBag from /home/airflow/.local/lib/python3.6/site-packages/airflow/example_dags/example_external_task_marker_dag.py
[2023-06-12 07:57:04,797] {scheduler_job.py:642} INFO - DAG(s) dict_keys(['example_external_task_marker_parent', 'example_external_task_marker_child']) retrieved from /home/airflow/.local/lib/python3.6/site-packages/airflow/example_dags/example_external_task_marker_dag.py
[2023-06-12 07:57:04,817] {logging_mixin.py:104} INFO - [2023-06-12 07:57:04,817] {dag.py:1833} INFO - Sync 2 DAGs
[2023-06-12 07:57:04,830] {logging_mixin.py:104} INFO - [2023-06-12 07:57:04,829] {dag.py:2306} INFO - Setting next_dagrun for example_external_task_marker_child to None
[2023-06-12 07:57:04,831] {logging_mixin.py:104} INFO - [2023-06-12 07:57:04,831] {dag.py:2306} INFO - Setting next_dagrun for example_external_task_marker_parent to None
[2023-06-12 07:57:04,840] {scheduler_job.py:189} INFO - Processing /home/airflow/.local/lib/python3.6/site-packages/airflow/example_dags/example_external_task_marker_dag.py took 0.059 seconds
[2023-06-12 07:57:35,737] {scheduler_job.py:181} INFO - Started process (PID=549) to work on /home/airflow/.local/lib/python3.6/site-packages/airflow/example_dags/example_external_task_marker_dag.py
[2023-06-12 07:57:35,738] {scheduler_job.py:632} INFO - Processing file /home/airflow/.local/lib/python3.6/site-packages/airflow/example_dags/example_external_task_marker_dag.py for tasks to queue
[2023-06-12 07:57:35,739] {logging_mixin.py:104} INFO - [2023-06-12 07:57:35,739] {dagbag.py:496} INFO - Filling up the DagBag from /home/airflow/.local/lib/python3.6/site-packages/airflow/example_dags/example_external_task_marker_dag.py
[2023-06-12 07:57:35,749] {scheduler_job.py:642} INFO - DAG(s) dict_keys(['example_external_task_marker_parent', 'example_external_task_marker_child']) retrieved from /home/airflow/.local/lib/python3.6/site-packages/airflow/example_dags/example_external_task_marker_dag.py
[2023-06-12 07:57:35,936] {logging_mixin.py:104} INFO - [2023-06-12 07:57:35,936] {dag.py:1833} INFO - Sync 2 DAGs
[2023-06-12 07:57:35,950] {logging_mixin.py:104} INFO - [2023-06-12 07:57:35,949] {dag.py:2306} INFO - Setting next_dagrun for example_external_task_marker_child to None
[2023-06-12 07:57:35,951] {logging_mixin.py:104} INFO - [2023-06-12 07:57:35,951] {dag.py:2306} INFO - Setting next_dagrun for example_external_task_marker_parent to None
[2023-06-12 07:57:35,961] {scheduler_job.py:189} INFO - Processing /home/airflow/.local/lib/python3.6/site-packages/airflow/example_dags/example_external_task_marker_dag.py took 0.227 seconds
[2023-06-12 07:58:06,020] {scheduler_job.py:181} INFO - Started process (PID=602) to work on /home/airflow/.local/lib/python3.6/site-packages/airflow/example_dags/example_external_task_marker_dag.py
[2023-06-12 07:58:06,021] {scheduler_job.py:632} INFO - Processing file /home/airflow/.local/lib/python3.6/site-packages/airflow/example_dags/example_external_task_marker_dag.py for tasks to queue
[2023-06-12 07:58:06,022] {logging_mixin.py:104} INFO - [2023-06-12 07:58:06,021] {dagbag.py:496} INFO - Filling up the DagBag from /home/airflow/.local/lib/python3.6/site-packages/airflow/example_dags/example_external_task_marker_dag.py
[2023-06-12 07:58:06,031] {scheduler_job.py:642} INFO - DAG(s) dict_keys(['example_external_task_marker_parent', 'example_external_task_marker_child']) retrieved from /home/airflow/.local/lib/python3.6/site-packages/airflow/example_dags/example_external_task_marker_dag.py
[2023-06-12 07:58:06,190] {logging_mixin.py:104} INFO - [2023-06-12 07:58:06,190] {dag.py:1833} INFO - Sync 2 DAGs
[2023-06-12 07:58:06,203] {logging_mixin.py:104} INFO - [2023-06-12 07:58:06,203] {dag.py:2306} INFO - Setting next_dagrun for example_external_task_marker_child to None
[2023-06-12 07:58:06,204] {logging_mixin.py:104} INFO - [2023-06-12 07:58:06,204] {dag.py:2306} INFO - Setting next_dagrun for example_external_task_marker_parent to None
[2023-06-12 07:58:06,214] {scheduler_job.py:189} INFO - Processing /home/airflow/.local/lib/python3.6/site-packages/airflow/example_dags/example_external_task_marker_dag.py took 0.197 seconds
[2023-06-12 07:58:36,338] {scheduler_job.py:181} INFO - Started process (PID=667) to work on /home/airflow/.local/lib/python3.6/site-packages/airflow/example_dags/example_external_task_marker_dag.py
[2023-06-12 07:58:36,339] {scheduler_job.py:632} INFO - Processing file /home/airflow/.local/lib/python3.6/site-packages/airflow/example_dags/example_external_task_marker_dag.py for tasks to queue
[2023-06-12 07:58:36,340] {logging_mixin.py:104} INFO - [2023-06-12 07:58:36,340] {dagbag.py:496} INFO - Filling up the DagBag from /home/airflow/.local/lib/python3.6/site-packages/airflow/example_dags/example_external_task_marker_dag.py
[2023-06-12 07:58:36,351] {scheduler_job.py:642} INFO - DAG(s) dict_keys(['example_external_task_marker_parent', 'example_external_task_marker_child']) retrieved from /home/airflow/.local/lib/python3.6/site-packages/airflow/example_dags/example_external_task_marker_dag.py
[2023-06-12 07:58:36,373] {logging_mixin.py:104} INFO - [2023-06-12 07:58:36,373] {dag.py:1833} INFO - Sync 2 DAGs
[2023-06-12 07:58:36,387] {logging_mixin.py:104} INFO - [2023-06-12 07:58:36,387] {dag.py:2306} INFO - Setting next_dagrun for example_external_task_marker_child to None
[2023-06-12 07:58:36,388] {logging_mixin.py:104} INFO - [2023-06-12 07:58:36,388] {dag.py:2306} INFO - Setting next_dagrun for example_external_task_marker_parent to None
[2023-06-12 07:58:36,399] {scheduler_job.py:189} INFO - Processing /home/airflow/.local/lib/python3.6/site-packages/airflow/example_dags/example_external_task_marker_dag.py took 0.064 seconds
[2023-06-12 07:59:07,236] {scheduler_job.py:181} INFO - Started process (PID=727) to work on /home/airflow/.local/lib/python3.6/site-packages/airflow/example_dags/example_external_task_marker_dag.py
[2023-06-12 07:59:07,237] {scheduler_job.py:632} INFO - Processing file /home/airflow/.local/lib/python3.6/site-packages/airflow/example_dags/example_external_task_marker_dag.py for tasks to queue
[2023-06-12 07:59:07,238] {logging_mixin.py:104} INFO - [2023-06-12 07:59:07,238] {dagbag.py:496} INFO - Filling up the DagBag from /home/airflow/.local/lib/python3.6/site-packages/airflow/example_dags/example_external_task_marker_dag.py
[2023-06-12 07:59:07,249] {scheduler_job.py:642} INFO - DAG(s) dict_keys(['example_external_task_marker_parent', 'example_external_task_marker_child']) retrieved from /home/airflow/.local/lib/python3.6/site-packages/airflow/example_dags/example_external_task_marker_dag.py
[2023-06-12 07:59:07,271] {logging_mixin.py:104} INFO - [2023-06-12 07:59:07,270] {dag.py:1833} INFO - Sync 2 DAGs
[2023-06-12 07:59:07,286] {logging_mixin.py:104} INFO - [2023-06-12 07:59:07,286] {dag.py:2306} INFO - Setting next_dagrun for example_external_task_marker_child to None
[2023-06-12 07:59:07,287] {logging_mixin.py:104} INFO - [2023-06-12 07:59:07,287] {dag.py:2306} INFO - Setting next_dagrun for example_external_task_marker_parent to None
[2023-06-12 07:59:07,299] {scheduler_job.py:189} INFO - Processing /home/airflow/.local/lib/python3.6/site-packages/airflow/example_dags/example_external_task_marker_dag.py took 0.066 seconds
[2023-06-12 07:59:38,136] {scheduler_job.py:181} INFO - Started process (PID=781) to work on /home/airflow/.local/lib/python3.6/site-packages/airflow/example_dags/example_external_task_marker_dag.py
[2023-06-12 07:59:38,137] {scheduler_job.py:632} INFO - Processing file /home/airflow/.local/lib/python3.6/site-packages/airflow/example_dags/example_external_task_marker_dag.py for tasks to queue
[2023-06-12 07:59:38,138] {logging_mixin.py:104} INFO - [2023-06-12 07:59:38,138] {dagbag.py:496} INFO - Filling up the DagBag from /home/airflow/.local/lib/python3.6/site-packages/airflow/example_dags/example_external_task_marker_dag.py
[2023-06-12 07:59:38,148] {scheduler_job.py:642} INFO - DAG(s) dict_keys(['example_external_task_marker_parent', 'example_external_task_marker_child']) retrieved from /home/airflow/.local/lib/python3.6/site-packages/airflow/example_dags/example_external_task_marker_dag.py
[2023-06-12 07:59:38,168] {logging_mixin.py:104} INFO - [2023-06-12 07:59:38,168] {dag.py:1833} INFO - Sync 2 DAGs
[2023-06-12 07:59:38,184] {logging_mixin.py:104} INFO - [2023-06-12 07:59:38,184] {dag.py:2306} INFO - Setting next_dagrun for example_external_task_marker_child to None
[2023-06-12 07:59:38,185] {logging_mixin.py:104} INFO - [2023-06-12 07:59:38,185] {dag.py:2306} INFO - Setting next_dagrun for example_external_task_marker_parent to None
[2023-06-12 07:59:38,195] {scheduler_job.py:189} INFO - Processing /home/airflow/.local/lib/python3.6/site-packages/airflow/example_dags/example_external_task_marker_dag.py took 0.062 seconds
[2023-06-12 08:00:09,179] {scheduler_job.py:181} INFO - Started process (PID=844) to work on /home/airflow/.local/lib/python3.6/site-packages/airflow/example_dags/example_external_task_marker_dag.py
[2023-06-12 08:00:09,181] {scheduler_job.py:632} INFO - Processing file /home/airflow/.local/lib/python3.6/site-packages/airflow/example_dags/example_external_task_marker_dag.py for tasks to queue
[2023-06-12 08:00:09,182] {logging_mixin.py:104} INFO - [2023-06-12 08:00:09,182] {dagbag.py:496} INFO - Filling up the DagBag from /home/airflow/.local/lib/python3.6/site-packages/airflow/example_dags/example_external_task_marker_dag.py
[2023-06-12 08:00:09,193] {scheduler_job.py:642} INFO - DAG(s) dict_keys(['example_external_task_marker_parent', 'example_external_task_marker_child']) retrieved from /home/airflow/.local/lib/python3.6/site-packages/airflow/example_dags/example_external_task_marker_dag.py
[2023-06-12 08:00:09,211] {logging_mixin.py:104} INFO - [2023-06-12 08:00:09,210] {dag.py:1833} INFO - Sync 2 DAGs
[2023-06-12 08:00:09,223] {logging_mixin.py:104} INFO - [2023-06-12 08:00:09,223] {dag.py:2306} INFO - Setting next_dagrun for example_external_task_marker_child to None
[2023-06-12 08:00:09,224] {logging_mixin.py:104} INFO - [2023-06-12 08:00:09,224] {dag.py:2306} INFO - Setting next_dagrun for example_external_task_marker_parent to None
[2023-06-12 08:00:09,234] {scheduler_job.py:189} INFO - Processing /home/airflow/.local/lib/python3.6/site-packages/airflow/example_dags/example_external_task_marker_dag.py took 0.057 seconds
[2023-06-12 08:00:40,255] {scheduler_job.py:181} INFO - Started process (PID=897) to work on /home/airflow/.local/lib/python3.6/site-packages/airflow/example_dags/example_external_task_marker_dag.py
[2023-06-12 08:00:40,257] {scheduler_job.py:632} INFO - Processing file /home/airflow/.local/lib/python3.6/site-packages/airflow/example_dags/example_external_task_marker_dag.py for tasks to queue
[2023-06-12 08:00:40,258] {logging_mixin.py:104} INFO - [2023-06-12 08:00:40,258] {dagbag.py:496} INFO - Filling up the DagBag from /home/airflow/.local/lib/python3.6/site-packages/airflow/example_dags/example_external_task_marker_dag.py
[2023-06-12 08:00:40,268] {scheduler_job.py:642} INFO - DAG(s) dict_keys(['example_external_task_marker_parent', 'example_external_task_marker_child']) retrieved from /home/airflow/.local/lib/python3.6/site-packages/airflow/example_dags/example_external_task_marker_dag.py
[2023-06-12 08:00:40,287] {logging_mixin.py:104} INFO - [2023-06-12 08:00:40,287] {dag.py:1833} INFO - Sync 2 DAGs
[2023-06-12 08:00:40,299] {logging_mixin.py:104} INFO - [2023-06-12 08:00:40,299] {dag.py:2306} INFO - Setting next_dagrun for example_external_task_marker_child to None
[2023-06-12 08:00:40,300] {logging_mixin.py:104} INFO - [2023-06-12 08:00:40,300] {dag.py:2306} INFO - Setting next_dagrun for example_external_task_marker_parent to None
[2023-06-12 08:00:40,309] {scheduler_job.py:189} INFO - Processing /home/airflow/.local/lib/python3.6/site-packages/airflow/example_dags/example_external_task_marker_dag.py took 0.057 seconds
[2023-06-12 08:01:11,102] {scheduler_job.py:181} INFO - Started process (PID=960) to work on /home/airflow/.local/lib/python3.6/site-packages/airflow/example_dags/example_external_task_marker_dag.py
[2023-06-12 08:01:11,103] {scheduler_job.py:632} INFO - Processing file /home/airflow/.local/lib/python3.6/site-packages/airflow/example_dags/example_external_task_marker_dag.py for tasks to queue
[2023-06-12 08:01:11,104] {logging_mixin.py:104} INFO - [2023-06-12 08:01:11,104] {dagbag.py:496} INFO - Filling up the DagBag from /home/airflow/.local/lib/python3.6/site-packages/airflow/example_dags/example_external_task_marker_dag.py
[2023-06-12 08:01:11,114] {scheduler_job.py:642} INFO - DAG(s) dict_keys(['example_external_task_marker_parent', 'example_external_task_marker_child']) retrieved from /home/airflow/.local/lib/python3.6/site-packages/airflow/example_dags/example_external_task_marker_dag.py
[2023-06-12 08:01:11,283] {logging_mixin.py:104} INFO - [2023-06-12 08:01:11,283] {dag.py:1833} INFO - Sync 2 DAGs
[2023-06-12 08:01:11,293] {logging_mixin.py:104} INFO - [2023-06-12 08:01:11,293] {dag.py:2306} INFO - Setting next_dagrun for example_external_task_marker_child to None
[2023-06-12 08:01:11,294] {logging_mixin.py:104} INFO - [2023-06-12 08:01:11,294] {dag.py:2306} INFO - Setting next_dagrun for example_external_task_marker_parent to None
[2023-06-12 08:01:11,307] {scheduler_job.py:189} INFO - Processing /home/airflow/.local/lib/python3.6/site-packages/airflow/example_dags/example_external_task_marker_dag.py took 0.208 seconds
[2023-06-12 08:01:42,091] {scheduler_job.py:181} INFO - Started process (PID=1023) to work on /home/airflow/.local/lib/python3.6/site-packages/airflow/example_dags/example_external_task_marker_dag.py
[2023-06-12 08:01:42,093] {scheduler_job.py:632} INFO - Processing file /home/airflow/.local/lib/python3.6/site-packages/airflow/example_dags/example_external_task_marker_dag.py for tasks to queue
[2023-06-12 08:01:42,093] {logging_mixin.py:104} INFO - [2023-06-12 08:01:42,093] {dagbag.py:496} INFO - Filling up the DagBag from /home/airflow/.local/lib/python3.6/site-packages/airflow/example_dags/example_external_task_marker_dag.py
[2023-06-12 08:01:42,103] {scheduler_job.py:642} INFO - DAG(s) dict_keys(['example_external_task_marker_parent', 'example_external_task_marker_child']) retrieved from /home/airflow/.local/lib/python3.6/site-packages/airflow/example_dags/example_external_task_marker_dag.py
[2023-06-12 08:01:42,268] {logging_mixin.py:104} INFO - [2023-06-12 08:01:42,267] {dag.py:1833} INFO - Sync 2 DAGs
[2023-06-12 08:01:42,281] {logging_mixin.py:104} INFO - [2023-06-12 08:01:42,281] {dag.py:2306} INFO - Setting next_dagrun for example_external_task_marker_child to None
[2023-06-12 08:01:42,282] {logging_mixin.py:104} INFO - [2023-06-12 08:01:42,282] {dag.py:2306} INFO - Setting next_dagrun for example_external_task_marker_parent to None
[2023-06-12 08:01:42,297] {scheduler_job.py:189} INFO - Processing /home/airflow/.local/lib/python3.6/site-packages/airflow/example_dags/example_external_task_marker_dag.py took 0.208 seconds
[2023-06-12 08:02:12,343] {scheduler_job.py:181} INFO - Started process (PID=1076) to work on /home/airflow/.local/lib/python3.6/site-packages/airflow/example_dags/example_external_task_marker_dag.py
[2023-06-12 08:02:12,345] {scheduler_job.py:632} INFO - Processing file /home/airflow/.local/lib/python3.6/site-packages/airflow/example_dags/example_external_task_marker_dag.py for tasks to queue
[2023-06-12 08:02:12,346] {logging_mixin.py:104} INFO - [2023-06-12 08:02:12,346] {dagbag.py:496} INFO - Filling up the DagBag from /home/airflow/.local/lib/python3.6/site-packages/airflow/example_dags/example_external_task_marker_dag.py
[2023-06-12 08:02:12,361] {scheduler_job.py:642} INFO - DAG(s) dict_keys(['example_external_task_marker_parent', 'example_external_task_marker_child']) retrieved from /home/airflow/.local/lib/python3.6/site-packages/airflow/example_dags/example_external_task_marker_dag.py
[2023-06-12 08:02:12,576] {logging_mixin.py:104} INFO - [2023-06-12 08:02:12,576] {dag.py:1833} INFO - Sync 2 DAGs
[2023-06-12 08:02:12,594] {logging_mixin.py:104} INFO - [2023-06-12 08:02:12,594] {dag.py:2306} INFO - Setting next_dagrun for example_external_task_marker_child to None
[2023-06-12 08:02:12,595] {logging_mixin.py:104} INFO - [2023-06-12 08:02:12,595] {dag.py:2306} INFO - Setting next_dagrun for example_external_task_marker_parent to None
[2023-06-12 08:02:12,610] {scheduler_job.py:189} INFO - Processing /home/airflow/.local/lib/python3.6/site-packages/airflow/example_dags/example_external_task_marker_dag.py took 0.271 seconds
[2023-06-12 08:02:42,818] {scheduler_job.py:181} INFO - Started process (PID=1139) to work on /home/airflow/.local/lib/python3.6/site-packages/airflow/example_dags/example_external_task_marker_dag.py
[2023-06-12 08:02:42,820] {scheduler_job.py:632} INFO - Processing file /home/airflow/.local/lib/python3.6/site-packages/airflow/example_dags/example_external_task_marker_dag.py for tasks to queue
[2023-06-12 08:02:42,821] {logging_mixin.py:104} INFO - [2023-06-12 08:02:42,820] {dagbag.py:496} INFO - Filling up the DagBag from /home/airflow/.local/lib/python3.6/site-packages/airflow/example_dags/example_external_task_marker_dag.py
[2023-06-12 08:02:42,831] {scheduler_job.py:642} INFO - DAG(s) dict_keys(['example_external_task_marker_parent', 'example_external_task_marker_child']) retrieved from /home/airflow/.local/lib/python3.6/site-packages/airflow/example_dags/example_external_task_marker_dag.py
[2023-06-12 08:02:42,852] {logging_mixin.py:104} INFO - [2023-06-12 08:02:42,852] {dag.py:1833} INFO - Sync 2 DAGs
[2023-06-12 08:02:42,867] {logging_mixin.py:104} INFO - [2023-06-12 08:02:42,867] {dag.py:2306} INFO - Setting next_dagrun for example_external_task_marker_child to None
[2023-06-12 08:02:42,868] {logging_mixin.py:104} INFO - [2023-06-12 08:02:42,868] {dag.py:2306} INFO - Setting next_dagrun for example_external_task_marker_parent to None
[2023-06-12 08:02:42,879] {scheduler_job.py:189} INFO - Processing /home/airflow/.local/lib/python3.6/site-packages/airflow/example_dags/example_external_task_marker_dag.py took 0.063 seconds
[2023-06-12 08:03:13,062] {scheduler_job.py:181} INFO - Started process (PID=1201) to work on /home/airflow/.local/lib/python3.6/site-packages/airflow/example_dags/example_external_task_marker_dag.py
[2023-06-12 08:03:13,064] {scheduler_job.py:632} INFO - Processing file /home/airflow/.local/lib/python3.6/site-packages/airflow/example_dags/example_external_task_marker_dag.py for tasks to queue
[2023-06-12 08:03:13,065] {logging_mixin.py:104} INFO - [2023-06-12 08:03:13,065] {dagbag.py:496} INFO - Filling up the DagBag from /home/airflow/.local/lib/python3.6/site-packages/airflow/example_dags/example_external_task_marker_dag.py
[2023-06-12 08:03:13,076] {scheduler_job.py:642} INFO - DAG(s) dict_keys(['example_external_task_marker_parent', 'example_external_task_marker_child']) retrieved from /home/airflow/.local/lib/python3.6/site-packages/airflow/example_dags/example_external_task_marker_dag.py
[2023-06-12 08:03:13,099] {logging_mixin.py:104} INFO - [2023-06-12 08:03:13,099] {dag.py:1833} INFO - Sync 2 DAGs
[2023-06-12 08:03:13,116] {logging_mixin.py:104} INFO - [2023-06-12 08:03:13,115] {dag.py:2306} INFO - Setting next_dagrun for example_external_task_marker_child to None
[2023-06-12 08:03:13,117] {logging_mixin.py:104} INFO - [2023-06-12 08:03:13,117] {dag.py:2306} INFO - Setting next_dagrun for example_external_task_marker_parent to None
[2023-06-12 08:03:13,128] {scheduler_job.py:189} INFO - Processing /home/airflow/.local/lib/python3.6/site-packages/airflow/example_dags/example_external_task_marker_dag.py took 0.068 seconds
[2023-06-12 08:03:43,444] {scheduler_job.py:181} INFO - Started process (PID=1255) to work on /home/airflow/.local/lib/python3.6/site-packages/airflow/example_dags/example_external_task_marker_dag.py
[2023-06-12 08:03:43,445] {scheduler_job.py:632} INFO - Processing file /home/airflow/.local/lib/python3.6/site-packages/airflow/example_dags/example_external_task_marker_dag.py for tasks to queue
[2023-06-12 08:03:43,446] {logging_mixin.py:104} INFO - [2023-06-12 08:03:43,446] {dagbag.py:496} INFO - Filling up the DagBag from /home/airflow/.local/lib/python3.6/site-packages/airflow/example_dags/example_external_task_marker_dag.py
[2023-06-12 08:03:43,456] {scheduler_job.py:642} INFO - DAG(s) dict_keys(['example_external_task_marker_parent', 'example_external_task_marker_child']) retrieved from /home/airflow/.local/lib/python3.6/site-packages/airflow/example_dags/example_external_task_marker_dag.py
[2023-06-12 08:03:43,621] {logging_mixin.py:104} INFO - [2023-06-12 08:03:43,621] {dag.py:1833} INFO - Sync 2 DAGs
[2023-06-12 08:03:43,634] {logging_mixin.py:104} INFO - [2023-06-12 08:03:43,634] {dag.py:2306} INFO - Setting next_dagrun for example_external_task_marker_child to None
[2023-06-12 08:03:43,635] {logging_mixin.py:104} INFO - [2023-06-12 08:03:43,635] {dag.py:2306} INFO - Setting next_dagrun for example_external_task_marker_parent to None
[2023-06-12 08:03:43,645] {scheduler_job.py:189} INFO - Processing /home/airflow/.local/lib/python3.6/site-packages/airflow/example_dags/example_external_task_marker_dag.py took 0.204 seconds
[2023-06-12 08:04:13,846] {scheduler_job.py:181} INFO - Started process (PID=1319) to work on /home/airflow/.local/lib/python3.6/site-packages/airflow/example_dags/example_external_task_marker_dag.py
[2023-06-12 08:04:13,847] {scheduler_job.py:632} INFO - Processing file /home/airflow/.local/lib/python3.6/site-packages/airflow/example_dags/example_external_task_marker_dag.py for tasks to queue
[2023-06-12 08:04:13,847] {logging_mixin.py:104} INFO - [2023-06-12 08:04:13,847] {dagbag.py:496} INFO - Filling up the DagBag from /home/airflow/.local/lib/python3.6/site-packages/airflow/example_dags/example_external_task_marker_dag.py
[2023-06-12 08:04:13,857] {scheduler_job.py:642} INFO - DAG(s) dict_keys(['example_external_task_marker_parent', 'example_external_task_marker_child']) retrieved from /home/airflow/.local/lib/python3.6/site-packages/airflow/example_dags/example_external_task_marker_dag.py
[2023-06-12 08:04:14,012] {logging_mixin.py:104} INFO - [2023-06-12 08:04:14,012] {dag.py:1833} INFO - Sync 2 DAGs
[2023-06-12 08:04:14,023] {logging_mixin.py:104} INFO - [2023-06-12 08:04:14,023] {dag.py:2306} INFO - Setting next_dagrun for example_external_task_marker_child to None
[2023-06-12 08:04:14,024] {logging_mixin.py:104} INFO - [2023-06-12 08:04:14,024] {dag.py:2306} INFO - Setting next_dagrun for example_external_task_marker_parent to None
[2023-06-12 08:04:14,035] {scheduler_job.py:189} INFO - Processing /home/airflow/.local/lib/python3.6/site-packages/airflow/example_dags/example_external_task_marker_dag.py took 0.192 seconds
[2023-06-12 08:04:44,285] {scheduler_job.py:181} INFO - Started process (PID=1372) to work on /home/airflow/.local/lib/python3.6/site-packages/airflow/example_dags/example_external_task_marker_dag.py
[2023-06-12 08:04:44,286] {scheduler_job.py:632} INFO - Processing file /home/airflow/.local/lib/python3.6/site-packages/airflow/example_dags/example_external_task_marker_dag.py for tasks to queue
[2023-06-12 08:04:44,287] {logging_mixin.py:104} INFO - [2023-06-12 08:04:44,287] {dagbag.py:496} INFO - Filling up the DagBag from /home/airflow/.local/lib/python3.6/site-packages/airflow/example_dags/example_external_task_marker_dag.py
[2023-06-12 08:04:44,296] {scheduler_job.py:642} INFO - DAG(s) dict_keys(['example_external_task_marker_parent', 'example_external_task_marker_child']) retrieved from /home/airflow/.local/lib/python3.6/site-packages/airflow/example_dags/example_external_task_marker_dag.py
[2023-06-12 08:04:44,316] {logging_mixin.py:104} INFO - [2023-06-12 08:04:44,316] {dag.py:1833} INFO - Sync 2 DAGs
[2023-06-12 08:04:44,327] {logging_mixin.py:104} INFO - [2023-06-12 08:04:44,327] {dag.py:2306} INFO - Setting next_dagrun for example_external_task_marker_child to None
[2023-06-12 08:04:44,328] {logging_mixin.py:104} INFO - [2023-06-12 08:04:44,328] {dag.py:2306} INFO - Setting next_dagrun for example_external_task_marker_parent to None
[2023-06-12 08:04:44,337] {scheduler_job.py:189} INFO - Processing /home/airflow/.local/lib/python3.6/site-packages/airflow/example_dags/example_external_task_marker_dag.py took 0.055 seconds
[2023-06-12 08:05:14,603] {scheduler_job.py:181} INFO - Started process (PID=1435) to work on /home/airflow/.local/lib/python3.6/site-packages/airflow/example_dags/example_external_task_marker_dag.py
[2023-06-12 08:05:14,605] {scheduler_job.py:632} INFO - Processing file /home/airflow/.local/lib/python3.6/site-packages/airflow/example_dags/example_external_task_marker_dag.py for tasks to queue
[2023-06-12 08:05:14,606] {logging_mixin.py:104} INFO - [2023-06-12 08:05:14,606] {dagbag.py:496} INFO - Filling up the DagBag from /home/airflow/.local/lib/python3.6/site-packages/airflow/example_dags/example_external_task_marker_dag.py
[2023-06-12 08:05:14,616] {scheduler_job.py:642} INFO - DAG(s) dict_keys(['example_external_task_marker_parent', 'example_external_task_marker_child']) retrieved from /home/airflow/.local/lib/python3.6/site-packages/airflow/example_dags/example_external_task_marker_dag.py
[2023-06-12 08:05:14,777] {logging_mixin.py:104} INFO - [2023-06-12 08:05:14,777] {dag.py:1833} INFO - Sync 2 DAGs
[2023-06-12 08:05:14,788] {logging_mixin.py:104} INFO - [2023-06-12 08:05:14,788] {dag.py:2306} INFO - Setting next_dagrun for example_external_task_marker_child to None
[2023-06-12 08:05:14,789] {logging_mixin.py:104} INFO - [2023-06-12 08:05:14,789] {dag.py:2306} INFO - Setting next_dagrun for example_external_task_marker_parent to None
[2023-06-12 08:05:14,799] {scheduler_job.py:189} INFO - Processing /home/airflow/.local/lib/python3.6/site-packages/airflow/example_dags/example_external_task_marker_dag.py took 0.199 seconds
[2023-06-12 08:05:44,950] {scheduler_job.py:181} INFO - Started process (PID=1496) to work on /home/airflow/.local/lib/python3.6/site-packages/airflow/example_dags/example_external_task_marker_dag.py
[2023-06-12 08:05:44,952] {scheduler_job.py:632} INFO - Processing file /home/airflow/.local/lib/python3.6/site-packages/airflow/example_dags/example_external_task_marker_dag.py for tasks to queue
[2023-06-12 08:05:44,953] {logging_mixin.py:104} INFO - [2023-06-12 08:05:44,953] {dagbag.py:496} INFO - Filling up the DagBag from /home/airflow/.local/lib/python3.6/site-packages/airflow/example_dags/example_external_task_marker_dag.py
[2023-06-12 08:05:44,964] {scheduler_job.py:642} INFO - DAG(s) dict_keys(['example_external_task_marker_parent', 'example_external_task_marker_child']) retrieved from /home/airflow/.local/lib/python3.6/site-packages/airflow/example_dags/example_external_task_marker_dag.py
[2023-06-12 08:05:45,149] {logging_mixin.py:104} INFO - [2023-06-12 08:05:45,149] {dag.py:1833} INFO - Sync 2 DAGs
[2023-06-12 08:05:45,161] {logging_mixin.py:104} INFO - [2023-06-12 08:05:45,161] {dag.py:2306} INFO - Setting next_dagrun for example_external_task_marker_child to None
[2023-06-12 08:05:45,162] {logging_mixin.py:104} INFO - [2023-06-12 08:05:45,162] {dag.py:2306} INFO - Setting next_dagrun for example_external_task_marker_parent to None
[2023-06-12 08:05:45,171] {scheduler_job.py:189} INFO - Processing /home/airflow/.local/lib/python3.6/site-packages/airflow/example_dags/example_external_task_marker_dag.py took 0.225 seconds
[2023-06-12 08:06:15,448] {scheduler_job.py:181} INFO - Started process (PID=1552) to work on /home/airflow/.local/lib/python3.6/site-packages/airflow/example_dags/example_external_task_marker_dag.py
[2023-06-12 08:06:15,449] {scheduler_job.py:632} INFO - Processing file /home/airflow/.local/lib/python3.6/site-packages/airflow/example_dags/example_external_task_marker_dag.py for tasks to queue
[2023-06-12 08:06:15,450] {logging_mixin.py:104} INFO - [2023-06-12 08:06:15,450] {dagbag.py:496} INFO - Filling up the DagBag from /home/airflow/.local/lib/python3.6/site-packages/airflow/example_dags/example_external_task_marker_dag.py
[2023-06-12 08:06:15,463] {scheduler_job.py:642} INFO - DAG(s) dict_keys(['example_external_task_marker_parent', 'example_external_task_marker_child']) retrieved from /home/airflow/.local/lib/python3.6/site-packages/airflow/example_dags/example_external_task_marker_dag.py
[2023-06-12 08:06:15,482] {logging_mixin.py:104} INFO - [2023-06-12 08:06:15,482] {dag.py:1833} INFO - Sync 2 DAGs
[2023-06-12 08:06:15,493] {logging_mixin.py:104} INFO - [2023-06-12 08:06:15,493] {dag.py:2306} INFO - Setting next_dagrun for example_external_task_marker_child to None
[2023-06-12 08:06:15,494] {logging_mixin.py:104} INFO - [2023-06-12 08:06:15,494] {dag.py:2306} INFO - Setting next_dagrun for example_external_task_marker_parent to None
[2023-06-12 08:06:15,506] {scheduler_job.py:189} INFO - Processing /home/airflow/.local/lib/python3.6/site-packages/airflow/example_dags/example_external_task_marker_dag.py took 0.061 seconds
[2023-06-12 08:06:45,649] {scheduler_job.py:181} INFO - Started process (PID=1615) to work on /home/airflow/.local/lib/python3.6/site-packages/airflow/example_dags/example_external_task_marker_dag.py
[2023-06-12 08:06:45,650] {scheduler_job.py:632} INFO - Processing file /home/airflow/.local/lib/python3.6/site-packages/airflow/example_dags/example_external_task_marker_dag.py for tasks to queue
[2023-06-12 08:06:45,651] {logging_mixin.py:104} INFO - [2023-06-12 08:06:45,651] {dagbag.py:496} INFO - Filling up the DagBag from /home/airflow/.local/lib/python3.6/site-packages/airflow/example_dags/example_external_task_marker_dag.py
[2023-06-12 08:06:45,661] {scheduler_job.py:642} INFO - DAG(s) dict_keys(['example_external_task_marker_parent', 'example_external_task_marker_child']) retrieved from /home/airflow/.local/lib/python3.6/site-packages/airflow/example_dags/example_external_task_marker_dag.py
[2023-06-12 08:06:45,680] {logging_mixin.py:104} INFO - [2023-06-12 08:06:45,680] {dag.py:1833} INFO - Sync 2 DAGs
[2023-06-12 08:06:45,692] {logging_mixin.py:104} INFO - [2023-06-12 08:06:45,692] {dag.py:2306} INFO - Setting next_dagrun for example_external_task_marker_child to None
[2023-06-12 08:06:45,693] {logging_mixin.py:104} INFO - [2023-06-12 08:06:45,693] {dag.py:2306} INFO - Setting next_dagrun for example_external_task_marker_parent to None
[2023-06-12 08:06:45,703] {scheduler_job.py:189} INFO - Processing /home/airflow/.local/lib/python3.6/site-packages/airflow/example_dags/example_external_task_marker_dag.py took 0.057 seconds
[2023-06-12 08:07:16,547] {scheduler_job.py:181} INFO - Started process (PID=1668) to work on /home/airflow/.local/lib/python3.6/site-packages/airflow/example_dags/example_external_task_marker_dag.py
[2023-06-12 08:07:16,549] {scheduler_job.py:632} INFO - Processing file /home/airflow/.local/lib/python3.6/site-packages/airflow/example_dags/example_external_task_marker_dag.py for tasks to queue
[2023-06-12 08:07:16,550] {logging_mixin.py:104} INFO - [2023-06-12 08:07:16,550] {dagbag.py:496} INFO - Filling up the DagBag from /home/airflow/.local/lib/python3.6/site-packages/airflow/example_dags/example_external_task_marker_dag.py
[2023-06-12 08:07:16,560] {scheduler_job.py:642} INFO - DAG(s) dict_keys(['example_external_task_marker_parent', 'example_external_task_marker_child']) retrieved from /home/airflow/.local/lib/python3.6/site-packages/airflow/example_dags/example_external_task_marker_dag.py
[2023-06-12 08:07:16,707] {logging_mixin.py:104} INFO - [2023-06-12 08:07:16,707] {dag.py:1833} INFO - Sync 2 DAGs
[2023-06-12 08:07:16,717] {logging_mixin.py:104} INFO - [2023-06-12 08:07:16,717] {dag.py:2306} INFO - Setting next_dagrun for example_external_task_marker_child to None
[2023-06-12 08:07:16,718] {logging_mixin.py:104} INFO - [2023-06-12 08:07:16,718] {dag.py:2306} INFO - Setting next_dagrun for example_external_task_marker_parent to None
[2023-06-12 08:07:16,728] {scheduler_job.py:189} INFO - Processing /home/airflow/.local/lib/python3.6/site-packages/airflow/example_dags/example_external_task_marker_dag.py took 0.184 seconds
[2023-06-12 08:07:47,019] {scheduler_job.py:181} INFO - Started process (PID=1731) to work on /home/airflow/.local/lib/python3.6/site-packages/airflow/example_dags/example_external_task_marker_dag.py
[2023-06-12 08:07:47,020] {scheduler_job.py:632} INFO - Processing file /home/airflow/.local/lib/python3.6/site-packages/airflow/example_dags/example_external_task_marker_dag.py for tasks to queue
[2023-06-12 08:07:47,021] {logging_mixin.py:104} INFO - [2023-06-12 08:07:47,021] {dagbag.py:496} INFO - Filling up the DagBag from /home/airflow/.local/lib/python3.6/site-packages/airflow/example_dags/example_external_task_marker_dag.py
[2023-06-12 08:07:47,033] {scheduler_job.py:642} INFO - DAG(s) dict_keys(['example_external_task_marker_parent', 'example_external_task_marker_child']) retrieved from /home/airflow/.local/lib/python3.6/site-packages/airflow/example_dags/example_external_task_marker_dag.py
[2023-06-12 08:07:47,053] {logging_mixin.py:104} INFO - [2023-06-12 08:07:47,053] {dag.py:1833} INFO - Sync 2 DAGs
[2023-06-12 08:07:47,065] {logging_mixin.py:104} INFO - [2023-06-12 08:07:47,065] {dag.py:2306} INFO - Setting next_dagrun for example_external_task_marker_child to None
[2023-06-12 08:07:47,067] {logging_mixin.py:104} INFO - [2023-06-12 08:07:47,066] {dag.py:2306} INFO - Setting next_dagrun for example_external_task_marker_parent to None
[2023-06-12 08:07:47,079] {scheduler_job.py:189} INFO - Processing /home/airflow/.local/lib/python3.6/site-packages/airflow/example_dags/example_external_task_marker_dag.py took 0.063 seconds
[2023-06-12 08:08:17,290] {scheduler_job.py:181} INFO - Started process (PID=1793) to work on /home/airflow/.local/lib/python3.6/site-packages/airflow/example_dags/example_external_task_marker_dag.py
[2023-06-12 08:08:17,291] {scheduler_job.py:632} INFO - Processing file /home/airflow/.local/lib/python3.6/site-packages/airflow/example_dags/example_external_task_marker_dag.py for tasks to queue
[2023-06-12 08:08:17,292] {logging_mixin.py:104} INFO - [2023-06-12 08:08:17,292] {dagbag.py:496} INFO - Filling up the DagBag from /home/airflow/.local/lib/python3.6/site-packages/airflow/example_dags/example_external_task_marker_dag.py
[2023-06-12 08:08:17,304] {scheduler_job.py:642} INFO - DAG(s) dict_keys(['example_external_task_marker_parent', 'example_external_task_marker_child']) retrieved from /home/airflow/.local/lib/python3.6/site-packages/airflow/example_dags/example_external_task_marker_dag.py
[2023-06-12 08:08:17,468] {logging_mixin.py:104} INFO - [2023-06-12 08:08:17,468] {dag.py:1833} INFO - Sync 2 DAGs
[2023-06-12 08:08:17,479] {logging_mixin.py:104} INFO - [2023-06-12 08:08:17,479] {dag.py:2306} INFO - Setting next_dagrun for example_external_task_marker_child to None
[2023-06-12 08:08:17,481] {logging_mixin.py:104} INFO - [2023-06-12 08:08:17,481] {dag.py:2306} INFO - Setting next_dagrun for example_external_task_marker_parent to None
[2023-06-12 08:08:17,491] {scheduler_job.py:189} INFO - Processing /home/airflow/.local/lib/python3.6/site-packages/airflow/example_dags/example_external_task_marker_dag.py took 0.204 seconds
[2023-06-12 08:08:47,904] {scheduler_job.py:181} INFO - Started process (PID=1848) to work on /home/airflow/.local/lib/python3.6/site-packages/airflow/example_dags/example_external_task_marker_dag.py
[2023-06-12 08:08:47,905] {scheduler_job.py:632} INFO - Processing file /home/airflow/.local/lib/python3.6/site-packages/airflow/example_dags/example_external_task_marker_dag.py for tasks to queue
[2023-06-12 08:08:47,906] {logging_mixin.py:104} INFO - [2023-06-12 08:08:47,906] {dagbag.py:496} INFO - Filling up the DagBag from /home/airflow/.local/lib/python3.6/site-packages/airflow/example_dags/example_external_task_marker_dag.py
[2023-06-12 08:08:47,915] {scheduler_job.py:642} INFO - DAG(s) dict_keys(['example_external_task_marker_parent', 'example_external_task_marker_child']) retrieved from /home/airflow/.local/lib/python3.6/site-packages/airflow/example_dags/example_external_task_marker_dag.py
[2023-06-12 08:08:48,001] {logging_mixin.py:104} INFO - [2023-06-12 08:08:48,001] {dag.py:1833} INFO - Sync 2 DAGs
[2023-06-12 08:08:48,017] {logging_mixin.py:104} INFO - [2023-06-12 08:08:48,017] {dag.py:2306} INFO - Setting next_dagrun for example_external_task_marker_child to None
[2023-06-12 08:08:48,018] {logging_mixin.py:104} INFO - [2023-06-12 08:08:48,018] {dag.py:2306} INFO - Setting next_dagrun for example_external_task_marker_parent to None
[2023-06-12 08:08:48,028] {scheduler_job.py:189} INFO - Processing /home/airflow/.local/lib/python3.6/site-packages/airflow/example_dags/example_external_task_marker_dag.py took 0.126 seconds
[2023-06-12 08:09:18,176] {scheduler_job.py:181} INFO - Started process (PID=1911) to work on /home/airflow/.local/lib/python3.6/site-packages/airflow/example_dags/example_external_task_marker_dag.py
[2023-06-12 08:09:18,178] {scheduler_job.py:632} INFO - Processing file /home/airflow/.local/lib/python3.6/site-packages/airflow/example_dags/example_external_task_marker_dag.py for tasks to queue
[2023-06-12 08:09:18,178] {logging_mixin.py:104} INFO - [2023-06-12 08:09:18,178] {dagbag.py:496} INFO - Filling up the DagBag from /home/airflow/.local/lib/python3.6/site-packages/airflow/example_dags/example_external_task_marker_dag.py
[2023-06-12 08:09:18,187] {scheduler_job.py:642} INFO - DAG(s) dict_keys(['example_external_task_marker_parent', 'example_external_task_marker_child']) retrieved from /home/airflow/.local/lib/python3.6/site-packages/airflow/example_dags/example_external_task_marker_dag.py
[2023-06-12 08:09:18,344] {logging_mixin.py:104} INFO - [2023-06-12 08:09:18,344] {dag.py:1833} INFO - Sync 2 DAGs
[2023-06-12 08:09:18,355] {logging_mixin.py:104} INFO - [2023-06-12 08:09:18,355] {dag.py:2306} INFO - Setting next_dagrun for example_external_task_marker_child to None
[2023-06-12 08:09:18,357] {logging_mixin.py:104} INFO - [2023-06-12 08:09:18,356] {dag.py:2306} INFO - Setting next_dagrun for example_external_task_marker_parent to None
[2023-06-12 08:09:18,369] {scheduler_job.py:189} INFO - Processing /home/airflow/.local/lib/python3.6/site-packages/airflow/example_dags/example_external_task_marker_dag.py took 0.196 seconds
[2023-06-12 08:09:48,457] {scheduler_job.py:181} INFO - Started process (PID=1964) to work on /home/airflow/.local/lib/python3.6/site-packages/airflow/example_dags/example_external_task_marker_dag.py
[2023-06-12 08:09:48,458] {scheduler_job.py:632} INFO - Processing file /home/airflow/.local/lib/python3.6/site-packages/airflow/example_dags/example_external_task_marker_dag.py for tasks to queue
[2023-06-12 08:09:48,459] {logging_mixin.py:104} INFO - [2023-06-12 08:09:48,459] {dagbag.py:496} INFO - Filling up the DagBag from /home/airflow/.local/lib/python3.6/site-packages/airflow/example_dags/example_external_task_marker_dag.py
[2023-06-12 08:09:48,468] {scheduler_job.py:642} INFO - DAG(s) dict_keys(['example_external_task_marker_parent', 'example_external_task_marker_child']) retrieved from /home/airflow/.local/lib/python3.6/site-packages/airflow/example_dags/example_external_task_marker_dag.py
[2023-06-12 08:09:48,643] {logging_mixin.py:104} INFO - [2023-06-12 08:09:48,643] {dag.py:1833} INFO - Sync 2 DAGs
[2023-06-12 08:09:48,655] {logging_mixin.py:104} INFO - [2023-06-12 08:09:48,655] {dag.py:2306} INFO - Setting next_dagrun for example_external_task_marker_child to None
[2023-06-12 08:09:48,656] {logging_mixin.py:104} INFO - [2023-06-12 08:09:48,656] {dag.py:2306} INFO - Setting next_dagrun for example_external_task_marker_parent to None
[2023-06-12 08:09:48,665] {scheduler_job.py:189} INFO - Processing /home/airflow/.local/lib/python3.6/site-packages/airflow/example_dags/example_external_task_marker_dag.py took 0.211 seconds
[2023-06-12 08:10:19,157] {scheduler_job.py:181} INFO - Started process (PID=2027) to work on /home/airflow/.local/lib/python3.6/site-packages/airflow/example_dags/example_external_task_marker_dag.py
[2023-06-12 08:10:19,159] {scheduler_job.py:632} INFO - Processing file /home/airflow/.local/lib/python3.6/site-packages/airflow/example_dags/example_external_task_marker_dag.py for tasks to queue
[2023-06-12 08:10:19,159] {logging_mixin.py:104} INFO - [2023-06-12 08:10:19,159] {dagbag.py:496} INFO - Filling up the DagBag from /home/airflow/.local/lib/python3.6/site-packages/airflow/example_dags/example_external_task_marker_dag.py
[2023-06-12 08:10:19,168] {scheduler_job.py:642} INFO - DAG(s) dict_keys(['example_external_task_marker_parent', 'example_external_task_marker_child']) retrieved from /home/airflow/.local/lib/python3.6/site-packages/airflow/example_dags/example_external_task_marker_dag.py
[2023-06-12 08:10:19,187] {logging_mixin.py:104} INFO - [2023-06-12 08:10:19,187] {dag.py:1833} INFO - Sync 2 DAGs
[2023-06-12 08:10:19,199] {logging_mixin.py:104} INFO - [2023-06-12 08:10:19,199] {dag.py:2306} INFO - Setting next_dagrun for example_external_task_marker_child to None
[2023-06-12 08:10:19,201] {logging_mixin.py:104} INFO - [2023-06-12 08:10:19,201] {dag.py:2306} INFO - Setting next_dagrun for example_external_task_marker_parent to None
[2023-06-12 08:10:19,209] {scheduler_job.py:189} INFO - Processing /home/airflow/.local/lib/python3.6/site-packages/airflow/example_dags/example_external_task_marker_dag.py took 0.054 seconds
[2023-06-12 08:10:49,620] {scheduler_job.py:181} INFO - Started process (PID=2090) to work on /home/airflow/.local/lib/python3.6/site-packages/airflow/example_dags/example_external_task_marker_dag.py
[2023-06-12 08:10:49,621] {scheduler_job.py:632} INFO - Processing file /home/airflow/.local/lib/python3.6/site-packages/airflow/example_dags/example_external_task_marker_dag.py for tasks to queue
[2023-06-12 08:10:49,622] {logging_mixin.py:104} INFO - [2023-06-12 08:10:49,622] {dagbag.py:496} INFO - Filling up the DagBag from /home/airflow/.local/lib/python3.6/site-packages/airflow/example_dags/example_external_task_marker_dag.py
[2023-06-12 08:10:49,631] {scheduler_job.py:642} INFO - DAG(s) dict_keys(['example_external_task_marker_parent', 'example_external_task_marker_child']) retrieved from /home/airflow/.local/lib/python3.6/site-packages/airflow/example_dags/example_external_task_marker_dag.py
[2023-06-12 08:10:49,652] {logging_mixin.py:104} INFO - [2023-06-12 08:10:49,651] {dag.py:1833} INFO - Sync 2 DAGs
[2023-06-12 08:10:49,663] {logging_mixin.py:104} INFO - [2023-06-12 08:10:49,663] {dag.py:2306} INFO - Setting next_dagrun for example_external_task_marker_child to None
[2023-06-12 08:10:49,664] {logging_mixin.py:104} INFO - [2023-06-12 08:10:49,664] {dag.py:2306} INFO - Setting next_dagrun for example_external_task_marker_parent to None
[2023-06-12 08:10:49,675] {scheduler_job.py:189} INFO - Processing /home/airflow/.local/lib/python3.6/site-packages/airflow/example_dags/example_external_task_marker_dag.py took 0.058 seconds
[2023-06-12 08:11:19,998] {scheduler_job.py:181} INFO - Started process (PID=2143) to work on /home/airflow/.local/lib/python3.6/site-packages/airflow/example_dags/example_external_task_marker_dag.py
[2023-06-12 08:11:19,999] {scheduler_job.py:632} INFO - Processing file /home/airflow/.local/lib/python3.6/site-packages/airflow/example_dags/example_external_task_marker_dag.py for tasks to queue
[2023-06-12 08:11:20,000] {logging_mixin.py:104} INFO - [2023-06-12 08:11:20,000] {dagbag.py:496} INFO - Filling up the DagBag from /home/airflow/.local/lib/python3.6/site-packages/airflow/example_dags/example_external_task_marker_dag.py
[2023-06-12 08:11:20,010] {scheduler_job.py:642} INFO - DAG(s) dict_keys(['example_external_task_marker_parent', 'example_external_task_marker_child']) retrieved from /home/airflow/.local/lib/python3.6/site-packages/airflow/example_dags/example_external_task_marker_dag.py
[2023-06-12 08:11:20,030] {logging_mixin.py:104} INFO - [2023-06-12 08:11:20,030] {dag.py:1833} INFO - Sync 2 DAGs
[2023-06-12 08:11:20,043] {logging_mixin.py:104} INFO - [2023-06-12 08:11:20,043] {dag.py:2306} INFO - Setting next_dagrun for example_external_task_marker_child to None
[2023-06-12 08:11:20,044] {logging_mixin.py:104} INFO - [2023-06-12 08:11:20,044] {dag.py:2306} INFO - Setting next_dagrun for example_external_task_marker_parent to None
[2023-06-12 08:11:20,053] {scheduler_job.py:189} INFO - Processing /home/airflow/.local/lib/python3.6/site-packages/airflow/example_dags/example_external_task_marker_dag.py took 0.058 seconds
[2023-06-12 08:11:50,329] {scheduler_job.py:181} INFO - Started process (PID=2206) to work on /home/airflow/.local/lib/python3.6/site-packages/airflow/example_dags/example_external_task_marker_dag.py
[2023-06-12 08:11:50,330] {scheduler_job.py:632} INFO - Processing file /home/airflow/.local/lib/python3.6/site-packages/airflow/example_dags/example_external_task_marker_dag.py for tasks to queue
[2023-06-12 08:11:50,331] {logging_mixin.py:104} INFO - [2023-06-12 08:11:50,331] {dagbag.py:496} INFO - Filling up the DagBag from /home/airflow/.local/lib/python3.6/site-packages/airflow/example_dags/example_external_task_marker_dag.py
[2023-06-12 08:11:50,340] {scheduler_job.py:642} INFO - DAG(s) dict_keys(['example_external_task_marker_parent', 'example_external_task_marker_child']) retrieved from /home/airflow/.local/lib/python3.6/site-packages/airflow/example_dags/example_external_task_marker_dag.py
[2023-06-12 08:11:50,489] {logging_mixin.py:104} INFO - [2023-06-12 08:11:50,489] {dag.py:1833} INFO - Sync 2 DAGs
[2023-06-12 08:11:50,499] {logging_mixin.py:104} INFO - [2023-06-12 08:11:50,499] {dag.py:2306} INFO - Setting next_dagrun for example_external_task_marker_child to None
[2023-06-12 08:11:50,500] {logging_mixin.py:104} INFO - [2023-06-12 08:11:50,500] {dag.py:2306} INFO - Setting next_dagrun for example_external_task_marker_parent to None
[2023-06-12 08:11:50,509] {scheduler_job.py:189} INFO - Processing /home/airflow/.local/lib/python3.6/site-packages/airflow/example_dags/example_external_task_marker_dag.py took 0.183 seconds
[2023-06-12 08:12:20,760] {scheduler_job.py:181} INFO - Started process (PID=2259) to work on /home/airflow/.local/lib/python3.6/site-packages/airflow/example_dags/example_external_task_marker_dag.py
[2023-06-12 08:12:20,762] {scheduler_job.py:632} INFO - Processing file /home/airflow/.local/lib/python3.6/site-packages/airflow/example_dags/example_external_task_marker_dag.py for tasks to queue
[2023-06-12 08:12:20,763] {logging_mixin.py:104} INFO - [2023-06-12 08:12:20,763] {dagbag.py:496} INFO - Filling up the DagBag from /home/airflow/.local/lib/python3.6/site-packages/airflow/example_dags/example_external_task_marker_dag.py
[2023-06-12 08:12:20,776] {scheduler_job.py:642} INFO - DAG(s) dict_keys(['example_external_task_marker_parent', 'example_external_task_marker_child']) retrieved from /home/airflow/.local/lib/python3.6/site-packages/airflow/example_dags/example_external_task_marker_dag.py
[2023-06-12 08:12:21,065] {logging_mixin.py:104} INFO - [2023-06-12 08:12:21,065] {dag.py:1833} INFO - Sync 2 DAGs
[2023-06-12 08:12:21,079] {logging_mixin.py:104} INFO - [2023-06-12 08:12:21,078] {dag.py:2306} INFO - Setting next_dagrun for example_external_task_marker_child to None
[2023-06-12 08:12:21,080] {logging_mixin.py:104} INFO - [2023-06-12 08:12:21,080] {dag.py:2306} INFO - Setting next_dagrun for example_external_task_marker_parent to None
[2023-06-12 08:12:21,092] {scheduler_job.py:189} INFO - Processing /home/airflow/.local/lib/python3.6/site-packages/airflow/example_dags/example_external_task_marker_dag.py took 0.335 seconds
[2023-06-12 08:12:51,135] {scheduler_job.py:181} INFO - Started process (PID=2323) to work on /home/airflow/.local/lib/python3.6/site-packages/airflow/example_dags/example_external_task_marker_dag.py
[2023-06-12 08:12:51,137] {scheduler_job.py:632} INFO - Processing file /home/airflow/.local/lib/python3.6/site-packages/airflow/example_dags/example_external_task_marker_dag.py for tasks to queue
[2023-06-12 08:12:51,138] {logging_mixin.py:104} INFO - [2023-06-12 08:12:51,137] {dagbag.py:496} INFO - Filling up the DagBag from /home/airflow/.local/lib/python3.6/site-packages/airflow/example_dags/example_external_task_marker_dag.py
[2023-06-12 08:12:51,147] {scheduler_job.py:642} INFO - DAG(s) dict_keys(['example_external_task_marker_parent', 'example_external_task_marker_child']) retrieved from /home/airflow/.local/lib/python3.6/site-packages/airflow/example_dags/example_external_task_marker_dag.py
[2023-06-12 08:12:51,166] {logging_mixin.py:104} INFO - [2023-06-12 08:12:51,166] {dag.py:1833} INFO - Sync 2 DAGs
[2023-06-12 08:12:51,177] {logging_mixin.py:104} INFO - [2023-06-12 08:12:51,177] {dag.py:2306} INFO - Setting next_dagrun for example_external_task_marker_child to None
[2023-06-12 08:12:51,178] {logging_mixin.py:104} INFO - [2023-06-12 08:12:51,178] {dag.py:2306} INFO - Setting next_dagrun for example_external_task_marker_parent to None
[2023-06-12 08:12:51,186] {scheduler_job.py:189} INFO - Processing /home/airflow/.local/lib/python3.6/site-packages/airflow/example_dags/example_external_task_marker_dag.py took 0.053 seconds
