[2023-06-12 07:53:28,511] {scheduler_job.py:181} INFO - Started process (PID=65) to work on /home/airflow/.local/lib/python3.6/site-packages/airflow/example_dags/example_bash_operator.py
[2023-06-12 07:53:28,512] {scheduler_job.py:632} INFO - Processing file /home/airflow/.local/lib/python3.6/site-packages/airflow/example_dags/example_bash_operator.py for tasks to queue
[2023-06-12 07:53:28,513] {logging_mixin.py:104} INFO - [2023-06-12 07:53:28,513] {dagbag.py:496} INFO - Filling up the DagBag from /home/airflow/.local/lib/python3.6/site-packages/airflow/example_dags/example_bash_operator.py
[2023-06-12 07:53:28,526] {scheduler_job.py:642} INFO - DAG(s) dict_keys(['example_bash_operator']) retrieved from /home/airflow/.local/lib/python3.6/site-packages/airflow/example_dags/example_bash_operator.py
[2023-06-12 07:53:28,737] {logging_mixin.py:104} INFO - [2023-06-12 07:53:28,737] {dag.py:1833} INFO - Sync 1 DAGs
[2023-06-12 07:53:28,759] {logging_mixin.py:104} INFO - [2023-06-12 07:53:28,758] {dag.py:2306} INFO - Setting next_dagrun for example_bash_operator to 2023-06-10 00:00:00+00:00
[2023-06-12 07:53:28,773] {scheduler_job.py:189} INFO - Processing /home/airflow/.local/lib/python3.6/site-packages/airflow/example_dags/example_bash_operator.py took 0.266 seconds
[2023-06-12 07:53:59,448] {scheduler_job.py:181} INFO - Started process (PID=119) to work on /home/airflow/.local/lib/python3.6/site-packages/airflow/example_dags/example_bash_operator.py
[2023-06-12 07:53:59,450] {scheduler_job.py:632} INFO - Processing file /home/airflow/.local/lib/python3.6/site-packages/airflow/example_dags/example_bash_operator.py for tasks to queue
[2023-06-12 07:53:59,451] {logging_mixin.py:104} INFO - [2023-06-12 07:53:59,450] {dagbag.py:496} INFO - Filling up the DagBag from /home/airflow/.local/lib/python3.6/site-packages/airflow/example_dags/example_bash_operator.py
[2023-06-12 07:53:59,462] {scheduler_job.py:642} INFO - DAG(s) dict_keys(['example_bash_operator']) retrieved from /home/airflow/.local/lib/python3.6/site-packages/airflow/example_dags/example_bash_operator.py
[2023-06-12 07:53:59,479] {logging_mixin.py:104} INFO - [2023-06-12 07:53:59,478] {dag.py:1833} INFO - Sync 1 DAGs
[2023-06-12 07:53:59,492] {logging_mixin.py:104} INFO - [2023-06-12 07:53:59,492] {dag.py:2306} INFO - Setting next_dagrun for example_bash_operator to 2023-06-10 00:00:00+00:00
[2023-06-12 07:53:59,500] {scheduler_job.py:189} INFO - Processing /home/airflow/.local/lib/python3.6/site-packages/airflow/example_dags/example_bash_operator.py took 0.054 seconds
[2023-06-12 07:54:29,567] {scheduler_job.py:181} INFO - Started process (PID=182) to work on /home/airflow/.local/lib/python3.6/site-packages/airflow/example_dags/example_bash_operator.py
[2023-06-12 07:54:29,568] {scheduler_job.py:632} INFO - Processing file /home/airflow/.local/lib/python3.6/site-packages/airflow/example_dags/example_bash_operator.py for tasks to queue
[2023-06-12 07:54:29,569] {logging_mixin.py:104} INFO - [2023-06-12 07:54:29,569] {dagbag.py:496} INFO - Filling up the DagBag from /home/airflow/.local/lib/python3.6/site-packages/airflow/example_dags/example_bash_operator.py
[2023-06-12 07:54:29,581] {scheduler_job.py:642} INFO - DAG(s) dict_keys(['example_bash_operator']) retrieved from /home/airflow/.local/lib/python3.6/site-packages/airflow/example_dags/example_bash_operator.py
[2023-06-12 07:54:29,599] {logging_mixin.py:104} INFO - [2023-06-12 07:54:29,598] {dag.py:1833} INFO - Sync 1 DAGs
[2023-06-12 07:54:29,614] {logging_mixin.py:104} INFO - [2023-06-12 07:54:29,614] {dag.py:2306} INFO - Setting next_dagrun for example_bash_operator to 2023-06-10 00:00:00+00:00
[2023-06-12 07:54:29,624] {scheduler_job.py:189} INFO - Processing /home/airflow/.local/lib/python3.6/site-packages/airflow/example_dags/example_bash_operator.py took 0.060 seconds
[2023-06-12 07:55:00,741] {scheduler_job.py:181} INFO - Started process (PID=235) to work on /home/airflow/.local/lib/python3.6/site-packages/airflow/example_dags/example_bash_operator.py
[2023-06-12 07:55:00,742] {scheduler_job.py:632} INFO - Processing file /home/airflow/.local/lib/python3.6/site-packages/airflow/example_dags/example_bash_operator.py for tasks to queue
[2023-06-12 07:55:00,743] {logging_mixin.py:104} INFO - [2023-06-12 07:55:00,743] {dagbag.py:496} INFO - Filling up the DagBag from /home/airflow/.local/lib/python3.6/site-packages/airflow/example_dags/example_bash_operator.py
[2023-06-12 07:55:00,754] {scheduler_job.py:642} INFO - DAG(s) dict_keys(['example_bash_operator']) retrieved from /home/airflow/.local/lib/python3.6/site-packages/airflow/example_dags/example_bash_operator.py
[2023-06-12 07:55:00,770] {logging_mixin.py:104} INFO - [2023-06-12 07:55:00,770] {dag.py:1833} INFO - Sync 1 DAGs
[2023-06-12 07:55:00,783] {logging_mixin.py:104} INFO - [2023-06-12 07:55:00,783] {dag.py:2306} INFO - Setting next_dagrun for example_bash_operator to 2023-06-10 00:00:00+00:00
[2023-06-12 07:55:00,792] {scheduler_job.py:189} INFO - Processing /home/airflow/.local/lib/python3.6/site-packages/airflow/example_dags/example_bash_operator.py took 0.054 seconds
[2023-06-12 07:55:31,258] {scheduler_job.py:181} INFO - Started process (PID=298) to work on /home/airflow/.local/lib/python3.6/site-packages/airflow/example_dags/example_bash_operator.py
[2023-06-12 07:55:31,259] {scheduler_job.py:632} INFO - Processing file /home/airflow/.local/lib/python3.6/site-packages/airflow/example_dags/example_bash_operator.py for tasks to queue
[2023-06-12 07:55:31,260] {logging_mixin.py:104} INFO - [2023-06-12 07:55:31,259] {dagbag.py:496} INFO - Filling up the DagBag from /home/airflow/.local/lib/python3.6/site-packages/airflow/example_dags/example_bash_operator.py
[2023-06-12 07:55:31,271] {scheduler_job.py:642} INFO - DAG(s) dict_keys(['example_bash_operator']) retrieved from /home/airflow/.local/lib/python3.6/site-packages/airflow/example_dags/example_bash_operator.py
[2023-06-12 07:55:31,287] {logging_mixin.py:104} INFO - [2023-06-12 07:55:31,287] {dag.py:1833} INFO - Sync 1 DAGs
[2023-06-12 07:55:31,300] {logging_mixin.py:104} INFO - [2023-06-12 07:55:31,300] {dag.py:2306} INFO - Setting next_dagrun for example_bash_operator to 2023-06-10 00:00:00+00:00
[2023-06-12 07:55:31,310] {scheduler_job.py:189} INFO - Processing /home/airflow/.local/lib/python3.6/site-packages/airflow/example_dags/example_bash_operator.py took 0.055 seconds
[2023-06-12 07:56:01,641] {scheduler_job.py:181} INFO - Started process (PID=361) to work on /home/airflow/.local/lib/python3.6/site-packages/airflow/example_dags/example_bash_operator.py
[2023-06-12 07:56:01,643] {scheduler_job.py:632} INFO - Processing file /home/airflow/.local/lib/python3.6/site-packages/airflow/example_dags/example_bash_operator.py for tasks to queue
[2023-06-12 07:56:01,644] {logging_mixin.py:104} INFO - [2023-06-12 07:56:01,643] {dagbag.py:496} INFO - Filling up the DagBag from /home/airflow/.local/lib/python3.6/site-packages/airflow/example_dags/example_bash_operator.py
[2023-06-12 07:56:01,655] {scheduler_job.py:642} INFO - DAG(s) dict_keys(['example_bash_operator']) retrieved from /home/airflow/.local/lib/python3.6/site-packages/airflow/example_dags/example_bash_operator.py
[2023-06-12 07:56:01,673] {logging_mixin.py:104} INFO - [2023-06-12 07:56:01,673] {dag.py:1833} INFO - Sync 1 DAGs
[2023-06-12 07:56:01,687] {logging_mixin.py:104} INFO - [2023-06-12 07:56:01,687] {dag.py:2306} INFO - Setting next_dagrun for example_bash_operator to 2023-06-10 00:00:00+00:00
[2023-06-12 07:56:01,697] {scheduler_job.py:189} INFO - Processing /home/airflow/.local/lib/python3.6/site-packages/airflow/example_dags/example_bash_operator.py took 0.059 seconds
[2023-06-12 07:56:32,005] {scheduler_job.py:181} INFO - Started process (PID=414) to work on /home/airflow/.local/lib/python3.6/site-packages/airflow/example_dags/example_bash_operator.py
[2023-06-12 07:56:32,007] {scheduler_job.py:632} INFO - Processing file /home/airflow/.local/lib/python3.6/site-packages/airflow/example_dags/example_bash_operator.py for tasks to queue
[2023-06-12 07:56:32,008] {logging_mixin.py:104} INFO - [2023-06-12 07:56:32,008] {dagbag.py:496} INFO - Filling up the DagBag from /home/airflow/.local/lib/python3.6/site-packages/airflow/example_dags/example_bash_operator.py
[2023-06-12 07:56:32,023] {scheduler_job.py:642} INFO - DAG(s) dict_keys(['example_bash_operator']) retrieved from /home/airflow/.local/lib/python3.6/site-packages/airflow/example_dags/example_bash_operator.py
[2023-06-12 07:56:32,042] {logging_mixin.py:104} INFO - [2023-06-12 07:56:32,042] {dag.py:1833} INFO - Sync 1 DAGs
[2023-06-12 07:56:32,057] {logging_mixin.py:104} INFO - [2023-06-12 07:56:32,057] {dag.py:2306} INFO - Setting next_dagrun for example_bash_operator to 2023-06-10 00:00:00+00:00
[2023-06-12 07:56:32,069] {scheduler_job.py:189} INFO - Processing /home/airflow/.local/lib/python3.6/site-packages/airflow/example_dags/example_bash_operator.py took 0.067 seconds
[2023-06-12 07:57:03,093] {scheduler_job.py:181} INFO - Started process (PID=477) to work on /home/airflow/.local/lib/python3.6/site-packages/airflow/example_dags/example_bash_operator.py
[2023-06-12 07:57:03,094] {scheduler_job.py:632} INFO - Processing file /home/airflow/.local/lib/python3.6/site-packages/airflow/example_dags/example_bash_operator.py for tasks to queue
[2023-06-12 07:57:03,095] {logging_mixin.py:104} INFO - [2023-06-12 07:57:03,095] {dagbag.py:496} INFO - Filling up the DagBag from /home/airflow/.local/lib/python3.6/site-packages/airflow/example_dags/example_bash_operator.py
[2023-06-12 07:57:03,107] {scheduler_job.py:642} INFO - DAG(s) dict_keys(['example_bash_operator']) retrieved from /home/airflow/.local/lib/python3.6/site-packages/airflow/example_dags/example_bash_operator.py
[2023-06-12 07:57:03,126] {logging_mixin.py:104} INFO - [2023-06-12 07:57:03,126] {dag.py:1833} INFO - Sync 1 DAGs
[2023-06-12 07:57:03,140] {logging_mixin.py:104} INFO - [2023-06-12 07:57:03,140] {dag.py:2306} INFO - Setting next_dagrun for example_bash_operator to 2023-06-10 00:00:00+00:00
[2023-06-12 07:57:03,149] {scheduler_job.py:189} INFO - Processing /home/airflow/.local/lib/python3.6/site-packages/airflow/example_dags/example_bash_operator.py took 0.058 seconds
[2023-06-12 07:57:33,357] {scheduler_job.py:181} INFO - Started process (PID=530) to work on /home/airflow/.local/lib/python3.6/site-packages/airflow/example_dags/example_bash_operator.py
[2023-06-12 07:57:33,358] {scheduler_job.py:632} INFO - Processing file /home/airflow/.local/lib/python3.6/site-packages/airflow/example_dags/example_bash_operator.py for tasks to queue
[2023-06-12 07:57:33,359] {logging_mixin.py:104} INFO - [2023-06-12 07:57:33,359] {dagbag.py:496} INFO - Filling up the DagBag from /home/airflow/.local/lib/python3.6/site-packages/airflow/example_dags/example_bash_operator.py
[2023-06-12 07:57:33,371] {scheduler_job.py:642} INFO - DAG(s) dict_keys(['example_bash_operator']) retrieved from /home/airflow/.local/lib/python3.6/site-packages/airflow/example_dags/example_bash_operator.py
[2023-06-12 07:57:33,388] {logging_mixin.py:104} INFO - [2023-06-12 07:57:33,388] {dag.py:1833} INFO - Sync 1 DAGs
[2023-06-12 07:57:33,402] {logging_mixin.py:104} INFO - [2023-06-12 07:57:33,402] {dag.py:2306} INFO - Setting next_dagrun for example_bash_operator to 2023-06-10 00:00:00+00:00
[2023-06-12 07:57:33,411] {scheduler_job.py:189} INFO - Processing /home/airflow/.local/lib/python3.6/site-packages/airflow/example_dags/example_bash_operator.py took 0.056 seconds
[2023-06-12 07:58:04,238] {scheduler_job.py:181} INFO - Started process (PID=593) to work on /home/airflow/.local/lib/python3.6/site-packages/airflow/example_dags/example_bash_operator.py
[2023-06-12 07:58:04,239] {scheduler_job.py:632} INFO - Processing file /home/airflow/.local/lib/python3.6/site-packages/airflow/example_dags/example_bash_operator.py for tasks to queue
[2023-06-12 07:58:04,240] {logging_mixin.py:104} INFO - [2023-06-12 07:58:04,240] {dagbag.py:496} INFO - Filling up the DagBag from /home/airflow/.local/lib/python3.6/site-packages/airflow/example_dags/example_bash_operator.py
[2023-06-12 07:58:04,252] {scheduler_job.py:642} INFO - DAG(s) dict_keys(['example_bash_operator']) retrieved from /home/airflow/.local/lib/python3.6/site-packages/airflow/example_dags/example_bash_operator.py
[2023-06-12 07:58:04,271] {logging_mixin.py:104} INFO - [2023-06-12 07:58:04,271] {dag.py:1833} INFO - Sync 1 DAGs
[2023-06-12 07:58:04,286] {logging_mixin.py:104} INFO - [2023-06-12 07:58:04,286] {dag.py:2306} INFO - Setting next_dagrun for example_bash_operator to 2023-06-10 00:00:00+00:00
[2023-06-12 07:58:04,295] {scheduler_job.py:189} INFO - Processing /home/airflow/.local/lib/python3.6/site-packages/airflow/example_dags/example_bash_operator.py took 0.060 seconds
[2023-06-12 07:58:34,637] {scheduler_job.py:181} INFO - Started process (PID=656) to work on /home/airflow/.local/lib/python3.6/site-packages/airflow/example_dags/example_bash_operator.py
[2023-06-12 07:58:34,638] {scheduler_job.py:632} INFO - Processing file /home/airflow/.local/lib/python3.6/site-packages/airflow/example_dags/example_bash_operator.py for tasks to queue
[2023-06-12 07:58:34,639] {logging_mixin.py:104} INFO - [2023-06-12 07:58:34,639] {dagbag.py:496} INFO - Filling up the DagBag from /home/airflow/.local/lib/python3.6/site-packages/airflow/example_dags/example_bash_operator.py
[2023-06-12 07:58:34,651] {scheduler_job.py:642} INFO - DAG(s) dict_keys(['example_bash_operator']) retrieved from /home/airflow/.local/lib/python3.6/site-packages/airflow/example_dags/example_bash_operator.py
[2023-06-12 07:58:34,668] {logging_mixin.py:104} INFO - [2023-06-12 07:58:34,668] {dag.py:1833} INFO - Sync 1 DAGs
[2023-06-12 07:58:34,683] {logging_mixin.py:104} INFO - [2023-06-12 07:58:34,682] {dag.py:2306} INFO - Setting next_dagrun for example_bash_operator to 2023-06-10 00:00:00+00:00
[2023-06-12 07:58:34,692] {scheduler_job.py:189} INFO - Processing /home/airflow/.local/lib/python3.6/site-packages/airflow/example_dags/example_bash_operator.py took 0.058 seconds
[2023-06-12 07:59:05,601] {scheduler_job.py:181} INFO - Started process (PID=709) to work on /home/airflow/.local/lib/python3.6/site-packages/airflow/example_dags/example_bash_operator.py
[2023-06-12 07:59:05,603] {scheduler_job.py:632} INFO - Processing file /home/airflow/.local/lib/python3.6/site-packages/airflow/example_dags/example_bash_operator.py for tasks to queue
[2023-06-12 07:59:05,604] {logging_mixin.py:104} INFO - [2023-06-12 07:59:05,603] {dagbag.py:496} INFO - Filling up the DagBag from /home/airflow/.local/lib/python3.6/site-packages/airflow/example_dags/example_bash_operator.py
[2023-06-12 07:59:05,614] {scheduler_job.py:642} INFO - DAG(s) dict_keys(['example_bash_operator']) retrieved from /home/airflow/.local/lib/python3.6/site-packages/airflow/example_dags/example_bash_operator.py
[2023-06-12 07:59:05,632] {logging_mixin.py:104} INFO - [2023-06-12 07:59:05,632] {dag.py:1833} INFO - Sync 1 DAGs
[2023-06-12 07:59:05,647] {logging_mixin.py:104} INFO - [2023-06-12 07:59:05,647] {dag.py:2306} INFO - Setting next_dagrun for example_bash_operator to 2023-06-10 00:00:00+00:00
[2023-06-12 07:59:05,656] {scheduler_job.py:189} INFO - Processing /home/airflow/.local/lib/python3.6/site-packages/airflow/example_dags/example_bash_operator.py took 0.057 seconds
[2023-06-12 07:59:36,493] {scheduler_job.py:181} INFO - Started process (PID=772) to work on /home/airflow/.local/lib/python3.6/site-packages/airflow/example_dags/example_bash_operator.py
[2023-06-12 07:59:36,494] {scheduler_job.py:632} INFO - Processing file /home/airflow/.local/lib/python3.6/site-packages/airflow/example_dags/example_bash_operator.py for tasks to queue
[2023-06-12 07:59:36,495] {logging_mixin.py:104} INFO - [2023-06-12 07:59:36,495] {dagbag.py:496} INFO - Filling up the DagBag from /home/airflow/.local/lib/python3.6/site-packages/airflow/example_dags/example_bash_operator.py
[2023-06-12 07:59:36,507] {scheduler_job.py:642} INFO - DAG(s) dict_keys(['example_bash_operator']) retrieved from /home/airflow/.local/lib/python3.6/site-packages/airflow/example_dags/example_bash_operator.py
[2023-06-12 07:59:36,522] {logging_mixin.py:104} INFO - [2023-06-12 07:59:36,522] {dag.py:1833} INFO - Sync 1 DAGs
[2023-06-12 07:59:36,537] {logging_mixin.py:104} INFO - [2023-06-12 07:59:36,537] {dag.py:2306} INFO - Setting next_dagrun for example_bash_operator to 2023-06-10 00:00:00+00:00
[2023-06-12 07:59:36,545] {scheduler_job.py:189} INFO - Processing /home/airflow/.local/lib/python3.6/site-packages/airflow/example_dags/example_bash_operator.py took 0.055 seconds
[2023-06-12 08:00:07,484] {scheduler_job.py:181} INFO - Started process (PID=835) to work on /home/airflow/.local/lib/python3.6/site-packages/airflow/example_dags/example_bash_operator.py
[2023-06-12 08:00:07,485] {scheduler_job.py:632} INFO - Processing file /home/airflow/.local/lib/python3.6/site-packages/airflow/example_dags/example_bash_operator.py for tasks to queue
[2023-06-12 08:00:07,487] {logging_mixin.py:104} INFO - [2023-06-12 08:00:07,486] {dagbag.py:496} INFO - Filling up the DagBag from /home/airflow/.local/lib/python3.6/site-packages/airflow/example_dags/example_bash_operator.py
[2023-06-12 08:00:07,502] {scheduler_job.py:642} INFO - DAG(s) dict_keys(['example_bash_operator']) retrieved from /home/airflow/.local/lib/python3.6/site-packages/airflow/example_dags/example_bash_operator.py
[2023-06-12 08:00:07,522] {logging_mixin.py:104} INFO - [2023-06-12 08:00:07,522] {dag.py:1833} INFO - Sync 1 DAGs
[2023-06-12 08:00:07,539] {logging_mixin.py:104} INFO - [2023-06-12 08:00:07,538] {dag.py:2306} INFO - Setting next_dagrun for example_bash_operator to 2023-06-10 00:00:00+00:00
[2023-06-12 08:00:07,548] {scheduler_job.py:189} INFO - Processing /home/airflow/.local/lib/python3.6/site-packages/airflow/example_dags/example_bash_operator.py took 0.068 seconds
[2023-06-12 08:00:37,722] {scheduler_job.py:181} INFO - Started process (PID=888) to work on /home/airflow/.local/lib/python3.6/site-packages/airflow/example_dags/example_bash_operator.py
[2023-06-12 08:00:37,724] {scheduler_job.py:632} INFO - Processing file /home/airflow/.local/lib/python3.6/site-packages/airflow/example_dags/example_bash_operator.py for tasks to queue
[2023-06-12 08:00:37,725] {logging_mixin.py:104} INFO - [2023-06-12 08:00:37,725] {dagbag.py:496} INFO - Filling up the DagBag from /home/airflow/.local/lib/python3.6/site-packages/airflow/example_dags/example_bash_operator.py
[2023-06-12 08:00:37,736] {scheduler_job.py:642} INFO - DAG(s) dict_keys(['example_bash_operator']) retrieved from /home/airflow/.local/lib/python3.6/site-packages/airflow/example_dags/example_bash_operator.py
[2023-06-12 08:00:37,753] {logging_mixin.py:104} INFO - [2023-06-12 08:00:37,753] {dag.py:1833} INFO - Sync 1 DAGs
[2023-06-12 08:00:37,768] {logging_mixin.py:104} INFO - [2023-06-12 08:00:37,768] {dag.py:2306} INFO - Setting next_dagrun for example_bash_operator to 2023-06-10 00:00:00+00:00
[2023-06-12 08:00:37,777] {scheduler_job.py:189} INFO - Processing /home/airflow/.local/lib/python3.6/site-packages/airflow/example_dags/example_bash_operator.py took 0.057 seconds
[2023-06-12 08:01:08,609] {scheduler_job.py:181} INFO - Started process (PID=951) to work on /home/airflow/.local/lib/python3.6/site-packages/airflow/example_dags/example_bash_operator.py
[2023-06-12 08:01:08,610] {scheduler_job.py:632} INFO - Processing file /home/airflow/.local/lib/python3.6/site-packages/airflow/example_dags/example_bash_operator.py for tasks to queue
[2023-06-12 08:01:08,611] {logging_mixin.py:104} INFO - [2023-06-12 08:01:08,610] {dagbag.py:496} INFO - Filling up the DagBag from /home/airflow/.local/lib/python3.6/site-packages/airflow/example_dags/example_bash_operator.py
[2023-06-12 08:01:08,623] {scheduler_job.py:642} INFO - DAG(s) dict_keys(['example_bash_operator']) retrieved from /home/airflow/.local/lib/python3.6/site-packages/airflow/example_dags/example_bash_operator.py
[2023-06-12 08:01:08,641] {logging_mixin.py:104} INFO - [2023-06-12 08:01:08,641] {dag.py:1833} INFO - Sync 1 DAGs
[2023-06-12 08:01:08,656] {logging_mixin.py:104} INFO - [2023-06-12 08:01:08,655] {dag.py:2306} INFO - Setting next_dagrun for example_bash_operator to 2023-06-10 00:00:00+00:00
[2023-06-12 08:01:08,664] {scheduler_job.py:189} INFO - Processing /home/airflow/.local/lib/python3.6/site-packages/airflow/example_dags/example_bash_operator.py took 0.058 seconds
[2023-06-12 08:01:39,498] {scheduler_job.py:181} INFO - Started process (PID=1013) to work on /home/airflow/.local/lib/python3.6/site-packages/airflow/example_dags/example_bash_operator.py
[2023-06-12 08:01:39,499] {scheduler_job.py:632} INFO - Processing file /home/airflow/.local/lib/python3.6/site-packages/airflow/example_dags/example_bash_operator.py for tasks to queue
[2023-06-12 08:01:39,500] {logging_mixin.py:104} INFO - [2023-06-12 08:01:39,500] {dagbag.py:496} INFO - Filling up the DagBag from /home/airflow/.local/lib/python3.6/site-packages/airflow/example_dags/example_bash_operator.py
[2023-06-12 08:01:39,513] {scheduler_job.py:642} INFO - DAG(s) dict_keys(['example_bash_operator']) retrieved from /home/airflow/.local/lib/python3.6/site-packages/airflow/example_dags/example_bash_operator.py
[2023-06-12 08:01:39,535] {logging_mixin.py:104} INFO - [2023-06-12 08:01:39,535] {dag.py:1833} INFO - Sync 1 DAGs
[2023-06-12 08:01:39,552] {logging_mixin.py:104} INFO - [2023-06-12 08:01:39,552] {dag.py:2306} INFO - Setting next_dagrun for example_bash_operator to 2023-06-10 00:00:00+00:00
[2023-06-12 08:01:39,562] {scheduler_job.py:189} INFO - Processing /home/airflow/.local/lib/python3.6/site-packages/airflow/example_dags/example_bash_operator.py took 0.067 seconds
[2023-06-12 08:02:09,771] {scheduler_job.py:181} INFO - Started process (PID=1067) to work on /home/airflow/.local/lib/python3.6/site-packages/airflow/example_dags/example_bash_operator.py
[2023-06-12 08:02:09,772] {scheduler_job.py:632} INFO - Processing file /home/airflow/.local/lib/python3.6/site-packages/airflow/example_dags/example_bash_operator.py for tasks to queue
[2023-06-12 08:02:09,773] {logging_mixin.py:104} INFO - [2023-06-12 08:02:09,773] {dagbag.py:496} INFO - Filling up the DagBag from /home/airflow/.local/lib/python3.6/site-packages/airflow/example_dags/example_bash_operator.py
[2023-06-12 08:02:09,785] {scheduler_job.py:642} INFO - DAG(s) dict_keys(['example_bash_operator']) retrieved from /home/airflow/.local/lib/python3.6/site-packages/airflow/example_dags/example_bash_operator.py
[2023-06-12 08:02:09,802] {logging_mixin.py:104} INFO - [2023-06-12 08:02:09,802] {dag.py:1833} INFO - Sync 1 DAGs
[2023-06-12 08:02:09,816] {logging_mixin.py:104} INFO - [2023-06-12 08:02:09,816] {dag.py:2306} INFO - Setting next_dagrun for example_bash_operator to 2023-06-10 00:00:00+00:00
[2023-06-12 08:02:09,824] {scheduler_job.py:189} INFO - Processing /home/airflow/.local/lib/python3.6/site-packages/airflow/example_dags/example_bash_operator.py took 0.056 seconds
[2023-06-12 08:02:40,091] {scheduler_job.py:181} INFO - Started process (PID=1130) to work on /home/airflow/.local/lib/python3.6/site-packages/airflow/example_dags/example_bash_operator.py
[2023-06-12 08:02:40,092] {scheduler_job.py:632} INFO - Processing file /home/airflow/.local/lib/python3.6/site-packages/airflow/example_dags/example_bash_operator.py for tasks to queue
[2023-06-12 08:02:40,093] {logging_mixin.py:104} INFO - [2023-06-12 08:02:40,093] {dagbag.py:496} INFO - Filling up the DagBag from /home/airflow/.local/lib/python3.6/site-packages/airflow/example_dags/example_bash_operator.py
[2023-06-12 08:02:40,104] {scheduler_job.py:642} INFO - DAG(s) dict_keys(['example_bash_operator']) retrieved from /home/airflow/.local/lib/python3.6/site-packages/airflow/example_dags/example_bash_operator.py
[2023-06-12 08:02:40,122] {logging_mixin.py:104} INFO - [2023-06-12 08:02:40,122] {dag.py:1833} INFO - Sync 1 DAGs
[2023-06-12 08:02:40,135] {logging_mixin.py:104} INFO - [2023-06-12 08:02:40,135] {dag.py:2306} INFO - Setting next_dagrun for example_bash_operator to 2023-06-10 00:00:00+00:00
[2023-06-12 08:02:40,143] {scheduler_job.py:189} INFO - Processing /home/airflow/.local/lib/python3.6/site-packages/airflow/example_dags/example_bash_operator.py took 0.055 seconds
[2023-06-12 08:03:10,400] {scheduler_job.py:181} INFO - Started process (PID=1183) to work on /home/airflow/.local/lib/python3.6/site-packages/airflow/example_dags/example_bash_operator.py
[2023-06-12 08:03:10,401] {scheduler_job.py:632} INFO - Processing file /home/airflow/.local/lib/python3.6/site-packages/airflow/example_dags/example_bash_operator.py for tasks to queue
[2023-06-12 08:03:10,402] {logging_mixin.py:104} INFO - [2023-06-12 08:03:10,402] {dagbag.py:496} INFO - Filling up the DagBag from /home/airflow/.local/lib/python3.6/site-packages/airflow/example_dags/example_bash_operator.py
[2023-06-12 08:03:10,414] {scheduler_job.py:642} INFO - DAG(s) dict_keys(['example_bash_operator']) retrieved from /home/airflow/.local/lib/python3.6/site-packages/airflow/example_dags/example_bash_operator.py
[2023-06-12 08:03:10,434] {logging_mixin.py:104} INFO - [2023-06-12 08:03:10,434] {dag.py:1833} INFO - Sync 1 DAGs
[2023-06-12 08:03:10,454] {logging_mixin.py:104} INFO - [2023-06-12 08:03:10,454] {dag.py:2306} INFO - Setting next_dagrun for example_bash_operator to 2023-06-10 00:00:00+00:00
[2023-06-12 08:03:10,473] {scheduler_job.py:189} INFO - Processing /home/airflow/.local/lib/python3.6/site-packages/airflow/example_dags/example_bash_operator.py took 0.076 seconds
[2023-06-12 08:03:40,793] {scheduler_job.py:181} INFO - Started process (PID=1246) to work on /home/airflow/.local/lib/python3.6/site-packages/airflow/example_dags/example_bash_operator.py
[2023-06-12 08:03:40,794] {scheduler_job.py:632} INFO - Processing file /home/airflow/.local/lib/python3.6/site-packages/airflow/example_dags/example_bash_operator.py for tasks to queue
[2023-06-12 08:03:40,795] {logging_mixin.py:104} INFO - [2023-06-12 08:03:40,795] {dagbag.py:496} INFO - Filling up the DagBag from /home/airflow/.local/lib/python3.6/site-packages/airflow/example_dags/example_bash_operator.py
[2023-06-12 08:03:40,806] {scheduler_job.py:642} INFO - DAG(s) dict_keys(['example_bash_operator']) retrieved from /home/airflow/.local/lib/python3.6/site-packages/airflow/example_dags/example_bash_operator.py
[2023-06-12 08:03:40,825] {logging_mixin.py:104} INFO - [2023-06-12 08:03:40,825] {dag.py:1833} INFO - Sync 1 DAGs
[2023-06-12 08:03:40,838] {logging_mixin.py:104} INFO - [2023-06-12 08:03:40,838] {dag.py:2306} INFO - Setting next_dagrun for example_bash_operator to 2023-06-10 00:00:00+00:00
[2023-06-12 08:03:40,847] {scheduler_job.py:189} INFO - Processing /home/airflow/.local/lib/python3.6/site-packages/airflow/example_dags/example_bash_operator.py took 0.056 seconds
[2023-06-12 08:04:11,139] {scheduler_job.py:181} INFO - Started process (PID=1307) to work on /home/airflow/.local/lib/python3.6/site-packages/airflow/example_dags/example_bash_operator.py
[2023-06-12 08:04:11,141] {scheduler_job.py:632} INFO - Processing file /home/airflow/.local/lib/python3.6/site-packages/airflow/example_dags/example_bash_operator.py for tasks to queue
[2023-06-12 08:04:11,142] {logging_mixin.py:104} INFO - [2023-06-12 08:04:11,141] {dagbag.py:496} INFO - Filling up the DagBag from /home/airflow/.local/lib/python3.6/site-packages/airflow/example_dags/example_bash_operator.py
[2023-06-12 08:04:11,156] {scheduler_job.py:642} INFO - DAG(s) dict_keys(['example_bash_operator']) retrieved from /home/airflow/.local/lib/python3.6/site-packages/airflow/example_dags/example_bash_operator.py
[2023-06-12 08:04:11,177] {logging_mixin.py:104} INFO - [2023-06-12 08:04:11,177] {dag.py:1833} INFO - Sync 1 DAGs
[2023-06-12 08:04:11,196] {logging_mixin.py:104} INFO - [2023-06-12 08:04:11,195] {dag.py:2306} INFO - Setting next_dagrun for example_bash_operator to 2023-06-10 00:00:00+00:00
[2023-06-12 08:04:11,207] {scheduler_job.py:189} INFO - Processing /home/airflow/.local/lib/python3.6/site-packages/airflow/example_dags/example_bash_operator.py took 0.071 seconds
[2023-06-12 08:04:41,570] {scheduler_job.py:181} INFO - Started process (PID=1363) to work on /home/airflow/.local/lib/python3.6/site-packages/airflow/example_dags/example_bash_operator.py
[2023-06-12 08:04:41,571] {scheduler_job.py:632} INFO - Processing file /home/airflow/.local/lib/python3.6/site-packages/airflow/example_dags/example_bash_operator.py for tasks to queue
[2023-06-12 08:04:41,572] {logging_mixin.py:104} INFO - [2023-06-12 08:04:41,572] {dagbag.py:496} INFO - Filling up the DagBag from /home/airflow/.local/lib/python3.6/site-packages/airflow/example_dags/example_bash_operator.py
[2023-06-12 08:04:41,623] {scheduler_job.py:642} INFO - DAG(s) dict_keys(['example_bash_operator']) retrieved from /home/airflow/.local/lib/python3.6/site-packages/airflow/example_dags/example_bash_operator.py
[2023-06-12 08:04:41,642] {logging_mixin.py:104} INFO - [2023-06-12 08:04:41,642] {dag.py:1833} INFO - Sync 1 DAGs
[2023-06-12 08:04:41,656] {logging_mixin.py:104} INFO - [2023-06-12 08:04:41,656] {dag.py:2306} INFO - Setting next_dagrun for example_bash_operator to 2023-06-10 00:00:00+00:00
[2023-06-12 08:04:41,667] {scheduler_job.py:189} INFO - Processing /home/airflow/.local/lib/python3.6/site-packages/airflow/example_dags/example_bash_operator.py took 0.100 seconds
[2023-06-12 08:05:12,003] {scheduler_job.py:181} INFO - Started process (PID=1426) to work on /home/airflow/.local/lib/python3.6/site-packages/airflow/example_dags/example_bash_operator.py
[2023-06-12 08:05:12,004] {scheduler_job.py:632} INFO - Processing file /home/airflow/.local/lib/python3.6/site-packages/airflow/example_dags/example_bash_operator.py for tasks to queue
[2023-06-12 08:05:12,005] {logging_mixin.py:104} INFO - [2023-06-12 08:05:12,005] {dagbag.py:496} INFO - Filling up the DagBag from /home/airflow/.local/lib/python3.6/site-packages/airflow/example_dags/example_bash_operator.py
[2023-06-12 08:05:12,022] {scheduler_job.py:642} INFO - DAG(s) dict_keys(['example_bash_operator']) retrieved from /home/airflow/.local/lib/python3.6/site-packages/airflow/example_dags/example_bash_operator.py
[2023-06-12 08:05:12,041] {logging_mixin.py:104} INFO - [2023-06-12 08:05:12,041] {dag.py:1833} INFO - Sync 1 DAGs
[2023-06-12 08:05:12,058] {logging_mixin.py:104} INFO - [2023-06-12 08:05:12,058] {dag.py:2306} INFO - Setting next_dagrun for example_bash_operator to 2023-06-10 00:00:00+00:00
[2023-06-12 08:05:12,068] {scheduler_job.py:189} INFO - Processing /home/airflow/.local/lib/python3.6/site-packages/airflow/example_dags/example_bash_operator.py took 0.068 seconds
[2023-06-12 08:05:42,182] {scheduler_job.py:181} INFO - Started process (PID=1479) to work on /home/airflow/.local/lib/python3.6/site-packages/airflow/example_dags/example_bash_operator.py
[2023-06-12 08:05:42,183] {scheduler_job.py:632} INFO - Processing file /home/airflow/.local/lib/python3.6/site-packages/airflow/example_dags/example_bash_operator.py for tasks to queue
[2023-06-12 08:05:42,184] {logging_mixin.py:104} INFO - [2023-06-12 08:05:42,184] {dagbag.py:496} INFO - Filling up the DagBag from /home/airflow/.local/lib/python3.6/site-packages/airflow/example_dags/example_bash_operator.py
[2023-06-12 08:05:42,200] {scheduler_job.py:642} INFO - DAG(s) dict_keys(['example_bash_operator']) retrieved from /home/airflow/.local/lib/python3.6/site-packages/airflow/example_dags/example_bash_operator.py
[2023-06-12 08:05:42,217] {logging_mixin.py:104} INFO - [2023-06-12 08:05:42,217] {dag.py:1833} INFO - Sync 1 DAGs
[2023-06-12 08:05:42,232] {logging_mixin.py:104} INFO - [2023-06-12 08:05:42,232] {dag.py:2306} INFO - Setting next_dagrun for example_bash_operator to 2023-06-10 00:00:00+00:00
[2023-06-12 08:05:42,243] {scheduler_job.py:189} INFO - Processing /home/airflow/.local/lib/python3.6/site-packages/airflow/example_dags/example_bash_operator.py took 0.064 seconds
[2023-06-12 08:06:12,714] {scheduler_job.py:181} INFO - Started process (PID=1543) to work on /home/airflow/.local/lib/python3.6/site-packages/airflow/example_dags/example_bash_operator.py
[2023-06-12 08:06:12,715] {scheduler_job.py:632} INFO - Processing file /home/airflow/.local/lib/python3.6/site-packages/airflow/example_dags/example_bash_operator.py for tasks to queue
[2023-06-12 08:06:12,716] {logging_mixin.py:104} INFO - [2023-06-12 08:06:12,716] {dagbag.py:496} INFO - Filling up the DagBag from /home/airflow/.local/lib/python3.6/site-packages/airflow/example_dags/example_bash_operator.py
[2023-06-12 08:06:12,728] {scheduler_job.py:642} INFO - DAG(s) dict_keys(['example_bash_operator']) retrieved from /home/airflow/.local/lib/python3.6/site-packages/airflow/example_dags/example_bash_operator.py
[2023-06-12 08:06:12,746] {logging_mixin.py:104} INFO - [2023-06-12 08:06:12,745] {dag.py:1833} INFO - Sync 1 DAGs
[2023-06-12 08:06:12,759] {logging_mixin.py:104} INFO - [2023-06-12 08:06:12,759] {dag.py:2306} INFO - Setting next_dagrun for example_bash_operator to 2023-06-10 00:00:00+00:00
[2023-06-12 08:06:12,769] {scheduler_job.py:189} INFO - Processing /home/airflow/.local/lib/python3.6/site-packages/airflow/example_dags/example_bash_operator.py took 0.058 seconds
[2023-06-12 08:06:43,091] {scheduler_job.py:181} INFO - Started process (PID=1602) to work on /home/airflow/.local/lib/python3.6/site-packages/airflow/example_dags/example_bash_operator.py
[2023-06-12 08:06:43,092] {scheduler_job.py:632} INFO - Processing file /home/airflow/.local/lib/python3.6/site-packages/airflow/example_dags/example_bash_operator.py for tasks to queue
[2023-06-12 08:06:43,093] {logging_mixin.py:104} INFO - [2023-06-12 08:06:43,093] {dagbag.py:496} INFO - Filling up the DagBag from /home/airflow/.local/lib/python3.6/site-packages/airflow/example_dags/example_bash_operator.py
[2023-06-12 08:06:43,107] {scheduler_job.py:642} INFO - DAG(s) dict_keys(['example_bash_operator']) retrieved from /home/airflow/.local/lib/python3.6/site-packages/airflow/example_dags/example_bash_operator.py
[2023-06-12 08:06:43,128] {logging_mixin.py:104} INFO - [2023-06-12 08:06:43,128] {dag.py:1833} INFO - Sync 1 DAGs
[2023-06-12 08:06:43,144] {logging_mixin.py:104} INFO - [2023-06-12 08:06:43,144] {dag.py:2306} INFO - Setting next_dagrun for example_bash_operator to 2023-06-10 00:00:00+00:00
[2023-06-12 08:06:43,156] {scheduler_job.py:189} INFO - Processing /home/airflow/.local/lib/python3.6/site-packages/airflow/example_dags/example_bash_operator.py took 0.068 seconds
[2023-06-12 08:07:13,841] {scheduler_job.py:181} INFO - Started process (PID=1659) to work on /home/airflow/.local/lib/python3.6/site-packages/airflow/example_dags/example_bash_operator.py
[2023-06-12 08:07:13,843] {scheduler_job.py:632} INFO - Processing file /home/airflow/.local/lib/python3.6/site-packages/airflow/example_dags/example_bash_operator.py for tasks to queue
[2023-06-12 08:07:13,843] {logging_mixin.py:104} INFO - [2023-06-12 08:07:13,843] {dagbag.py:496} INFO - Filling up the DagBag from /home/airflow/.local/lib/python3.6/site-packages/airflow/example_dags/example_bash_operator.py
[2023-06-12 08:07:13,857] {scheduler_job.py:642} INFO - DAG(s) dict_keys(['example_bash_operator']) retrieved from /home/airflow/.local/lib/python3.6/site-packages/airflow/example_dags/example_bash_operator.py
[2023-06-12 08:07:13,874] {logging_mixin.py:104} INFO - [2023-06-12 08:07:13,874] {dag.py:1833} INFO - Sync 1 DAGs
[2023-06-12 08:07:13,889] {logging_mixin.py:104} INFO - [2023-06-12 08:07:13,889] {dag.py:2306} INFO - Setting next_dagrun for example_bash_operator to 2023-06-10 00:00:00+00:00
[2023-06-12 08:07:13,898] {scheduler_job.py:189} INFO - Processing /home/airflow/.local/lib/python3.6/site-packages/airflow/example_dags/example_bash_operator.py took 0.060 seconds
[2023-06-12 08:07:44,198] {scheduler_job.py:181} INFO - Started process (PID=1722) to work on /home/airflow/.local/lib/python3.6/site-packages/airflow/example_dags/example_bash_operator.py
[2023-06-12 08:07:44,199] {scheduler_job.py:632} INFO - Processing file /home/airflow/.local/lib/python3.6/site-packages/airflow/example_dags/example_bash_operator.py for tasks to queue
[2023-06-12 08:07:44,200] {logging_mixin.py:104} INFO - [2023-06-12 08:07:44,200] {dagbag.py:496} INFO - Filling up the DagBag from /home/airflow/.local/lib/python3.6/site-packages/airflow/example_dags/example_bash_operator.py
[2023-06-12 08:07:44,213] {scheduler_job.py:642} INFO - DAG(s) dict_keys(['example_bash_operator']) retrieved from /home/airflow/.local/lib/python3.6/site-packages/airflow/example_dags/example_bash_operator.py
[2023-06-12 08:07:44,230] {logging_mixin.py:104} INFO - [2023-06-12 08:07:44,229] {dag.py:1833} INFO - Sync 1 DAGs
[2023-06-12 08:07:44,244] {logging_mixin.py:104} INFO - [2023-06-12 08:07:44,243] {dag.py:2306} INFO - Setting next_dagrun for example_bash_operator to 2023-06-10 00:00:00+00:00
[2023-06-12 08:07:44,253] {scheduler_job.py:189} INFO - Processing /home/airflow/.local/lib/python3.6/site-packages/airflow/example_dags/example_bash_operator.py took 0.058 seconds
[2023-06-12 08:08:14,504] {scheduler_job.py:181} INFO - Started process (PID=1775) to work on /home/airflow/.local/lib/python3.6/site-packages/airflow/example_dags/example_bash_operator.py
[2023-06-12 08:08:14,505] {scheduler_job.py:632} INFO - Processing file /home/airflow/.local/lib/python3.6/site-packages/airflow/example_dags/example_bash_operator.py for tasks to queue
[2023-06-12 08:08:14,505] {logging_mixin.py:104} INFO - [2023-06-12 08:08:14,505] {dagbag.py:496} INFO - Filling up the DagBag from /home/airflow/.local/lib/python3.6/site-packages/airflow/example_dags/example_bash_operator.py
[2023-06-12 08:08:14,518] {scheduler_job.py:642} INFO - DAG(s) dict_keys(['example_bash_operator']) retrieved from /home/airflow/.local/lib/python3.6/site-packages/airflow/example_dags/example_bash_operator.py
[2023-06-12 08:08:14,534] {logging_mixin.py:104} INFO - [2023-06-12 08:08:14,534] {dag.py:1833} INFO - Sync 1 DAGs
[2023-06-12 08:08:14,548] {logging_mixin.py:104} INFO - [2023-06-12 08:08:14,548] {dag.py:2306} INFO - Setting next_dagrun for example_bash_operator to 2023-06-10 00:00:00+00:00
[2023-06-12 08:08:14,557] {scheduler_job.py:189} INFO - Processing /home/airflow/.local/lib/python3.6/site-packages/airflow/example_dags/example_bash_operator.py took 0.056 seconds
[2023-06-12 08:08:45,143] {scheduler_job.py:181} INFO - Started process (PID=1839) to work on /home/airflow/.local/lib/python3.6/site-packages/airflow/example_dags/example_bash_operator.py
[2023-06-12 08:08:45,145] {scheduler_job.py:632} INFO - Processing file /home/airflow/.local/lib/python3.6/site-packages/airflow/example_dags/example_bash_operator.py for tasks to queue
[2023-06-12 08:08:45,146] {logging_mixin.py:104} INFO - [2023-06-12 08:08:45,146] {dagbag.py:496} INFO - Filling up the DagBag from /home/airflow/.local/lib/python3.6/site-packages/airflow/example_dags/example_bash_operator.py
[2023-06-12 08:08:45,162] {scheduler_job.py:642} INFO - DAG(s) dict_keys(['example_bash_operator']) retrieved from /home/airflow/.local/lib/python3.6/site-packages/airflow/example_dags/example_bash_operator.py
[2023-06-12 08:08:45,182] {logging_mixin.py:104} INFO - [2023-06-12 08:08:45,182] {dag.py:1833} INFO - Sync 1 DAGs
[2023-06-12 08:08:45,201] {logging_mixin.py:104} INFO - [2023-06-12 08:08:45,201] {dag.py:2306} INFO - Setting next_dagrun for example_bash_operator to 2023-06-10 00:00:00+00:00
[2023-06-12 08:08:45,211] {scheduler_job.py:189} INFO - Processing /home/airflow/.local/lib/python3.6/site-packages/airflow/example_dags/example_bash_operator.py took 0.072 seconds
[2023-06-12 08:09:15,492] {scheduler_job.py:181} INFO - Started process (PID=1901) to work on /home/airflow/.local/lib/python3.6/site-packages/airflow/example_dags/example_bash_operator.py
[2023-06-12 08:09:15,493] {scheduler_job.py:632} INFO - Processing file /home/airflow/.local/lib/python3.6/site-packages/airflow/example_dags/example_bash_operator.py for tasks to queue
[2023-06-12 08:09:15,494] {logging_mixin.py:104} INFO - [2023-06-12 08:09:15,494] {dagbag.py:496} INFO - Filling up the DagBag from /home/airflow/.local/lib/python3.6/site-packages/airflow/example_dags/example_bash_operator.py
[2023-06-12 08:09:15,505] {scheduler_job.py:642} INFO - DAG(s) dict_keys(['example_bash_operator']) retrieved from /home/airflow/.local/lib/python3.6/site-packages/airflow/example_dags/example_bash_operator.py
[2023-06-12 08:09:15,522] {logging_mixin.py:104} INFO - [2023-06-12 08:09:15,522] {dag.py:1833} INFO - Sync 1 DAGs
[2023-06-12 08:09:15,537] {logging_mixin.py:104} INFO - [2023-06-12 08:09:15,537] {dag.py:2306} INFO - Setting next_dagrun for example_bash_operator to 2023-06-10 00:00:00+00:00
[2023-06-12 08:09:15,546] {scheduler_job.py:189} INFO - Processing /home/airflow/.local/lib/python3.6/site-packages/airflow/example_dags/example_bash_operator.py took 0.057 seconds
[2023-06-12 08:09:45,816] {scheduler_job.py:181} INFO - Started process (PID=1955) to work on /home/airflow/.local/lib/python3.6/site-packages/airflow/example_dags/example_bash_operator.py
[2023-06-12 08:09:45,818] {scheduler_job.py:632} INFO - Processing file /home/airflow/.local/lib/python3.6/site-packages/airflow/example_dags/example_bash_operator.py for tasks to queue
[2023-06-12 08:09:45,819] {logging_mixin.py:104} INFO - [2023-06-12 08:09:45,818] {dagbag.py:496} INFO - Filling up the DagBag from /home/airflow/.local/lib/python3.6/site-packages/airflow/example_dags/example_bash_operator.py
[2023-06-12 08:09:45,829] {scheduler_job.py:642} INFO - DAG(s) dict_keys(['example_bash_operator']) retrieved from /home/airflow/.local/lib/python3.6/site-packages/airflow/example_dags/example_bash_operator.py
[2023-06-12 08:09:45,847] {logging_mixin.py:104} INFO - [2023-06-12 08:09:45,846] {dag.py:1833} INFO - Sync 1 DAGs
[2023-06-12 08:09:45,860] {logging_mixin.py:104} INFO - [2023-06-12 08:09:45,860] {dag.py:2306} INFO - Setting next_dagrun for example_bash_operator to 2023-06-10 00:00:00+00:00
[2023-06-12 08:09:45,869] {scheduler_job.py:189} INFO - Processing /home/airflow/.local/lib/python3.6/site-packages/airflow/example_dags/example_bash_operator.py took 0.055 seconds
[2023-06-12 08:10:16,369] {scheduler_job.py:181} INFO - Started process (PID=2018) to work on /home/airflow/.local/lib/python3.6/site-packages/airflow/example_dags/example_bash_operator.py
[2023-06-12 08:10:16,370] {scheduler_job.py:632} INFO - Processing file /home/airflow/.local/lib/python3.6/site-packages/airflow/example_dags/example_bash_operator.py for tasks to queue
[2023-06-12 08:10:16,370] {logging_mixin.py:104} INFO - [2023-06-12 08:10:16,370] {dagbag.py:496} INFO - Filling up the DagBag from /home/airflow/.local/lib/python3.6/site-packages/airflow/example_dags/example_bash_operator.py
[2023-06-12 08:10:16,382] {scheduler_job.py:642} INFO - DAG(s) dict_keys(['example_bash_operator']) retrieved from /home/airflow/.local/lib/python3.6/site-packages/airflow/example_dags/example_bash_operator.py
[2023-06-12 08:10:16,399] {logging_mixin.py:104} INFO - [2023-06-12 08:10:16,399] {dag.py:1833} INFO - Sync 1 DAGs
[2023-06-12 08:10:16,412] {logging_mixin.py:104} INFO - [2023-06-12 08:10:16,412] {dag.py:2306} INFO - Setting next_dagrun for example_bash_operator to 2023-06-10 00:00:00+00:00
[2023-06-12 08:10:16,421] {scheduler_job.py:189} INFO - Processing /home/airflow/.local/lib/python3.6/site-packages/airflow/example_dags/example_bash_operator.py took 0.055 seconds
[2023-06-12 08:10:46,825] {scheduler_job.py:181} INFO - Started process (PID=2071) to work on /home/airflow/.local/lib/python3.6/site-packages/airflow/example_dags/example_bash_operator.py
[2023-06-12 08:10:46,826] {scheduler_job.py:632} INFO - Processing file /home/airflow/.local/lib/python3.6/site-packages/airflow/example_dags/example_bash_operator.py for tasks to queue
[2023-06-12 08:10:46,827] {logging_mixin.py:104} INFO - [2023-06-12 08:10:46,827] {dagbag.py:496} INFO - Filling up the DagBag from /home/airflow/.local/lib/python3.6/site-packages/airflow/example_dags/example_bash_operator.py
[2023-06-12 08:10:46,840] {scheduler_job.py:642} INFO - DAG(s) dict_keys(['example_bash_operator']) retrieved from /home/airflow/.local/lib/python3.6/site-packages/airflow/example_dags/example_bash_operator.py
[2023-06-12 08:10:46,860] {logging_mixin.py:104} INFO - [2023-06-12 08:10:46,859] {dag.py:1833} INFO - Sync 1 DAGs
[2023-06-12 08:10:46,876] {logging_mixin.py:104} INFO - [2023-06-12 08:10:46,875] {dag.py:2306} INFO - Setting next_dagrun for example_bash_operator to 2023-06-10 00:00:00+00:00
[2023-06-12 08:10:46,886] {scheduler_job.py:189} INFO - Processing /home/airflow/.local/lib/python3.6/site-packages/airflow/example_dags/example_bash_operator.py took 0.064 seconds
[2023-06-12 08:11:17,455] {scheduler_job.py:181} INFO - Started process (PID=2134) to work on /home/airflow/.local/lib/python3.6/site-packages/airflow/example_dags/example_bash_operator.py
[2023-06-12 08:11:17,456] {scheduler_job.py:632} INFO - Processing file /home/airflow/.local/lib/python3.6/site-packages/airflow/example_dags/example_bash_operator.py for tasks to queue
[2023-06-12 08:11:17,457] {logging_mixin.py:104} INFO - [2023-06-12 08:11:17,457] {dagbag.py:496} INFO - Filling up the DagBag from /home/airflow/.local/lib/python3.6/site-packages/airflow/example_dags/example_bash_operator.py
[2023-06-12 08:11:17,468] {scheduler_job.py:642} INFO - DAG(s) dict_keys(['example_bash_operator']) retrieved from /home/airflow/.local/lib/python3.6/site-packages/airflow/example_dags/example_bash_operator.py
[2023-06-12 08:11:17,484] {logging_mixin.py:104} INFO - [2023-06-12 08:11:17,484] {dag.py:1833} INFO - Sync 1 DAGs
[2023-06-12 08:11:17,498] {logging_mixin.py:104} INFO - [2023-06-12 08:11:17,498] {dag.py:2306} INFO - Setting next_dagrun for example_bash_operator to 2023-06-10 00:00:00+00:00
[2023-06-12 08:11:17,507] {scheduler_job.py:189} INFO - Processing /home/airflow/.local/lib/python3.6/site-packages/airflow/example_dags/example_bash_operator.py took 0.055 seconds
[2023-06-12 08:11:47,786] {scheduler_job.py:181} INFO - Started process (PID=2197) to work on /home/airflow/.local/lib/python3.6/site-packages/airflow/example_dags/example_bash_operator.py
[2023-06-12 08:11:47,787] {scheduler_job.py:632} INFO - Processing file /home/airflow/.local/lib/python3.6/site-packages/airflow/example_dags/example_bash_operator.py for tasks to queue
[2023-06-12 08:11:47,788] {logging_mixin.py:104} INFO - [2023-06-12 08:11:47,788] {dagbag.py:496} INFO - Filling up the DagBag from /home/airflow/.local/lib/python3.6/site-packages/airflow/example_dags/example_bash_operator.py
[2023-06-12 08:11:47,800] {scheduler_job.py:642} INFO - DAG(s) dict_keys(['example_bash_operator']) retrieved from /home/airflow/.local/lib/python3.6/site-packages/airflow/example_dags/example_bash_operator.py
[2023-06-12 08:11:47,816] {logging_mixin.py:104} INFO - [2023-06-12 08:11:47,816] {dag.py:1833} INFO - Sync 1 DAGs
[2023-06-12 08:11:47,830] {logging_mixin.py:104} INFO - [2023-06-12 08:11:47,829] {dag.py:2306} INFO - Setting next_dagrun for example_bash_operator to 2023-06-10 00:00:00+00:00
[2023-06-12 08:11:47,838] {scheduler_job.py:189} INFO - Processing /home/airflow/.local/lib/python3.6/site-packages/airflow/example_dags/example_bash_operator.py took 0.055 seconds
[2023-06-12 08:12:17,929] {scheduler_job.py:181} INFO - Started process (PID=2250) to work on /home/airflow/.local/lib/python3.6/site-packages/airflow/example_dags/example_bash_operator.py
[2023-06-12 08:12:17,930] {scheduler_job.py:632} INFO - Processing file /home/airflow/.local/lib/python3.6/site-packages/airflow/example_dags/example_bash_operator.py for tasks to queue
[2023-06-12 08:12:17,931] {logging_mixin.py:104} INFO - [2023-06-12 08:12:17,931] {dagbag.py:496} INFO - Filling up the DagBag from /home/airflow/.local/lib/python3.6/site-packages/airflow/example_dags/example_bash_operator.py
[2023-06-12 08:12:17,942] {scheduler_job.py:642} INFO - DAG(s) dict_keys(['example_bash_operator']) retrieved from /home/airflow/.local/lib/python3.6/site-packages/airflow/example_dags/example_bash_operator.py
[2023-06-12 08:12:17,960] {logging_mixin.py:104} INFO - [2023-06-12 08:12:17,959] {dag.py:1833} INFO - Sync 1 DAGs
[2023-06-12 08:12:17,973] {logging_mixin.py:104} INFO - [2023-06-12 08:12:17,973] {dag.py:2306} INFO - Setting next_dagrun for example_bash_operator to 2023-06-10 00:00:00+00:00
[2023-06-12 08:12:17,983] {scheduler_job.py:189} INFO - Processing /home/airflow/.local/lib/python3.6/site-packages/airflow/example_dags/example_bash_operator.py took 0.056 seconds
[2023-06-12 08:12:48,629] {scheduler_job.py:181} INFO - Started process (PID=2313) to work on /home/airflow/.local/lib/python3.6/site-packages/airflow/example_dags/example_bash_operator.py
[2023-06-12 08:12:48,630] {scheduler_job.py:632} INFO - Processing file /home/airflow/.local/lib/python3.6/site-packages/airflow/example_dags/example_bash_operator.py for tasks to queue
[2023-06-12 08:12:48,631] {logging_mixin.py:104} INFO - [2023-06-12 08:12:48,631] {dagbag.py:496} INFO - Filling up the DagBag from /home/airflow/.local/lib/python3.6/site-packages/airflow/example_dags/example_bash_operator.py
[2023-06-12 08:12:48,644] {scheduler_job.py:642} INFO - DAG(s) dict_keys(['example_bash_operator']) retrieved from /home/airflow/.local/lib/python3.6/site-packages/airflow/example_dags/example_bash_operator.py
[2023-06-12 08:12:48,662] {logging_mixin.py:104} INFO - [2023-06-12 08:12:48,661] {dag.py:1833} INFO - Sync 1 DAGs
[2023-06-12 08:12:48,676] {logging_mixin.py:104} INFO - [2023-06-12 08:12:48,676] {dag.py:2306} INFO - Setting next_dagrun for example_bash_operator to 2023-06-10 00:00:00+00:00
[2023-06-12 08:12:48,684] {scheduler_job.py:189} INFO - Processing /home/airflow/.local/lib/python3.6/site-packages/airflow/example_dags/example_bash_operator.py took 0.058 seconds
