[2023-06-12 07:53:27,830] {scheduler_job.py:181} INFO - Started process (PID=58) to work on /home/airflow/.local/lib/python3.6/site-packages/airflow/example_dags/example_latest_only_with_trigger.py
[2023-06-12 07:53:27,831] {scheduler_job.py:632} INFO - Processing file /home/airflow/.local/lib/python3.6/site-packages/airflow/example_dags/example_latest_only_with_trigger.py for tasks to queue
[2023-06-12 07:53:27,832] {logging_mixin.py:104} INFO - [2023-06-12 07:53:27,832] {dagbag.py:496} INFO - Filling up the DagBag from /home/airflow/.local/lib/python3.6/site-packages/airflow/example_dags/example_latest_only_with_trigger.py
[2023-06-12 07:53:27,844] {scheduler_job.py:642} INFO - DAG(s) dict_keys(['latest_only_with_trigger']) retrieved from /home/airflow/.local/lib/python3.6/site-packages/airflow/example_dags/example_latest_only_with_trigger.py
[2023-06-12 07:53:28,059] {logging_mixin.py:104} INFO - [2023-06-12 07:53:28,059] {dag.py:1833} INFO - Sync 1 DAGs
[2023-06-12 07:53:28,072] {logging_mixin.py:104} INFO - [2023-06-12 07:53:28,071] {dag.py:2306} INFO - Setting next_dagrun for latest_only_with_trigger to 2023-06-10 00:00:00+00:00
[2023-06-12 07:53:28,082] {scheduler_job.py:189} INFO - Processing /home/airflow/.local/lib/python3.6/site-packages/airflow/example_dags/example_latest_only_with_trigger.py took 0.256 seconds
[2023-06-12 07:53:58,875] {scheduler_job.py:181} INFO - Started process (PID=114) to work on /home/airflow/.local/lib/python3.6/site-packages/airflow/example_dags/example_latest_only_with_trigger.py
[2023-06-12 07:53:58,876] {scheduler_job.py:632} INFO - Processing file /home/airflow/.local/lib/python3.6/site-packages/airflow/example_dags/example_latest_only_with_trigger.py for tasks to queue
[2023-06-12 07:53:58,877] {logging_mixin.py:104} INFO - [2023-06-12 07:53:58,877] {dagbag.py:496} INFO - Filling up the DagBag from /home/airflow/.local/lib/python3.6/site-packages/airflow/example_dags/example_latest_only_with_trigger.py
[2023-06-12 07:53:58,887] {scheduler_job.py:642} INFO - DAG(s) dict_keys(['latest_only_with_trigger']) retrieved from /home/airflow/.local/lib/python3.6/site-packages/airflow/example_dags/example_latest_only_with_trigger.py
[2023-06-12 07:53:58,906] {logging_mixin.py:104} INFO - [2023-06-12 07:53:58,905] {dag.py:1833} INFO - Sync 1 DAGs
[2023-06-12 07:53:58,918] {logging_mixin.py:104} INFO - [2023-06-12 07:53:58,918] {dag.py:2306} INFO - Setting next_dagrun for latest_only_with_trigger to 2023-06-10 00:00:00+00:00
[2023-06-12 07:53:58,927] {scheduler_job.py:189} INFO - Processing /home/airflow/.local/lib/python3.6/site-packages/airflow/example_dags/example_latest_only_with_trigger.py took 0.054 seconds
[2023-06-12 07:54:29,296] {scheduler_job.py:181} INFO - Started process (PID=177) to work on /home/airflow/.local/lib/python3.6/site-packages/airflow/example_dags/example_latest_only_with_trigger.py
[2023-06-12 07:54:29,297] {scheduler_job.py:632} INFO - Processing file /home/airflow/.local/lib/python3.6/site-packages/airflow/example_dags/example_latest_only_with_trigger.py for tasks to queue
[2023-06-12 07:54:29,299] {logging_mixin.py:104} INFO - [2023-06-12 07:54:29,298] {dagbag.py:496} INFO - Filling up the DagBag from /home/airflow/.local/lib/python3.6/site-packages/airflow/example_dags/example_latest_only_with_trigger.py
[2023-06-12 07:54:29,308] {scheduler_job.py:642} INFO - DAG(s) dict_keys(['latest_only_with_trigger']) retrieved from /home/airflow/.local/lib/python3.6/site-packages/airflow/example_dags/example_latest_only_with_trigger.py
[2023-06-12 07:54:29,325] {logging_mixin.py:104} INFO - [2023-06-12 07:54:29,325] {dag.py:1833} INFO - Sync 1 DAGs
[2023-06-12 07:54:29,338] {logging_mixin.py:104} INFO - [2023-06-12 07:54:29,338] {dag.py:2306} INFO - Setting next_dagrun for latest_only_with_trigger to 2023-06-10 00:00:00+00:00
[2023-06-12 07:54:29,349] {scheduler_job.py:189} INFO - Processing /home/airflow/.local/lib/python3.6/site-packages/airflow/example_dags/example_latest_only_with_trigger.py took 0.056 seconds
[2023-06-12 07:55:00,273] {scheduler_job.py:181} INFO - Started process (PID=230) to work on /home/airflow/.local/lib/python3.6/site-packages/airflow/example_dags/example_latest_only_with_trigger.py
[2023-06-12 07:55:00,275] {scheduler_job.py:632} INFO - Processing file /home/airflow/.local/lib/python3.6/site-packages/airflow/example_dags/example_latest_only_with_trigger.py for tasks to queue
[2023-06-12 07:55:00,276] {logging_mixin.py:104} INFO - [2023-06-12 07:55:00,275] {dagbag.py:496} INFO - Filling up the DagBag from /home/airflow/.local/lib/python3.6/site-packages/airflow/example_dags/example_latest_only_with_trigger.py
[2023-06-12 07:55:00,284] {scheduler_job.py:642} INFO - DAG(s) dict_keys(['latest_only_with_trigger']) retrieved from /home/airflow/.local/lib/python3.6/site-packages/airflow/example_dags/example_latest_only_with_trigger.py
[2023-06-12 07:55:00,300] {logging_mixin.py:104} INFO - [2023-06-12 07:55:00,300] {dag.py:1833} INFO - Sync 1 DAGs
[2023-06-12 07:55:00,311] {logging_mixin.py:104} INFO - [2023-06-12 07:55:00,311] {dag.py:2306} INFO - Setting next_dagrun for latest_only_with_trigger to 2023-06-10 00:00:00+00:00
[2023-06-12 07:55:00,321] {scheduler_job.py:189} INFO - Processing /home/airflow/.local/lib/python3.6/site-packages/airflow/example_dags/example_latest_only_with_trigger.py took 0.051 seconds
[2023-06-12 07:55:30,748] {scheduler_job.py:181} INFO - Started process (PID=293) to work on /home/airflow/.local/lib/python3.6/site-packages/airflow/example_dags/example_latest_only_with_trigger.py
[2023-06-12 07:55:30,749] {scheduler_job.py:632} INFO - Processing file /home/airflow/.local/lib/python3.6/site-packages/airflow/example_dags/example_latest_only_with_trigger.py for tasks to queue
[2023-06-12 07:55:30,750] {logging_mixin.py:104} INFO - [2023-06-12 07:55:30,750] {dagbag.py:496} INFO - Filling up the DagBag from /home/airflow/.local/lib/python3.6/site-packages/airflow/example_dags/example_latest_only_with_trigger.py
[2023-06-12 07:55:30,759] {scheduler_job.py:642} INFO - DAG(s) dict_keys(['latest_only_with_trigger']) retrieved from /home/airflow/.local/lib/python3.6/site-packages/airflow/example_dags/example_latest_only_with_trigger.py
[2023-06-12 07:55:30,775] {logging_mixin.py:104} INFO - [2023-06-12 07:55:30,774] {dag.py:1833} INFO - Sync 1 DAGs
[2023-06-12 07:55:30,786] {logging_mixin.py:104} INFO - [2023-06-12 07:55:30,785] {dag.py:2306} INFO - Setting next_dagrun for latest_only_with_trigger to 2023-06-10 00:00:00+00:00
[2023-06-12 07:55:30,795] {scheduler_job.py:189} INFO - Processing /home/airflow/.local/lib/python3.6/site-packages/airflow/example_dags/example_latest_only_with_trigger.py took 0.049 seconds
[2023-06-12 07:56:01,171] {scheduler_job.py:181} INFO - Started process (PID=356) to work on /home/airflow/.local/lib/python3.6/site-packages/airflow/example_dags/example_latest_only_with_trigger.py
[2023-06-12 07:56:01,173] {scheduler_job.py:632} INFO - Processing file /home/airflow/.local/lib/python3.6/site-packages/airflow/example_dags/example_latest_only_with_trigger.py for tasks to queue
[2023-06-12 07:56:01,174] {logging_mixin.py:104} INFO - [2023-06-12 07:56:01,173] {dagbag.py:496} INFO - Filling up the DagBag from /home/airflow/.local/lib/python3.6/site-packages/airflow/example_dags/example_latest_only_with_trigger.py
[2023-06-12 07:56:01,182] {scheduler_job.py:642} INFO - DAG(s) dict_keys(['latest_only_with_trigger']) retrieved from /home/airflow/.local/lib/python3.6/site-packages/airflow/example_dags/example_latest_only_with_trigger.py
[2023-06-12 07:56:01,200] {logging_mixin.py:104} INFO - [2023-06-12 07:56:01,200] {dag.py:1833} INFO - Sync 1 DAGs
[2023-06-12 07:56:01,212] {logging_mixin.py:104} INFO - [2023-06-12 07:56:01,212] {dag.py:2306} INFO - Setting next_dagrun for latest_only_with_trigger to 2023-06-10 00:00:00+00:00
[2023-06-12 07:56:01,221] {scheduler_job.py:189} INFO - Processing /home/airflow/.local/lib/python3.6/site-packages/airflow/example_dags/example_latest_only_with_trigger.py took 0.052 seconds
[2023-06-12 07:56:31,714] {scheduler_job.py:181} INFO - Started process (PID=409) to work on /home/airflow/.local/lib/python3.6/site-packages/airflow/example_dags/example_latest_only_with_trigger.py
[2023-06-12 07:56:31,715] {scheduler_job.py:632} INFO - Processing file /home/airflow/.local/lib/python3.6/site-packages/airflow/example_dags/example_latest_only_with_trigger.py for tasks to queue
[2023-06-12 07:56:31,716] {logging_mixin.py:104} INFO - [2023-06-12 07:56:31,716] {dagbag.py:496} INFO - Filling up the DagBag from /home/airflow/.local/lib/python3.6/site-packages/airflow/example_dags/example_latest_only_with_trigger.py
[2023-06-12 07:56:31,730] {scheduler_job.py:642} INFO - DAG(s) dict_keys(['latest_only_with_trigger']) retrieved from /home/airflow/.local/lib/python3.6/site-packages/airflow/example_dags/example_latest_only_with_trigger.py
[2023-06-12 07:56:31,752] {logging_mixin.py:104} INFO - [2023-06-12 07:56:31,752] {dag.py:1833} INFO - Sync 1 DAGs
[2023-06-12 07:56:31,768] {logging_mixin.py:104} INFO - [2023-06-12 07:56:31,768] {dag.py:2306} INFO - Setting next_dagrun for latest_only_with_trigger to 2023-06-10 00:00:00+00:00
[2023-06-12 07:56:31,780] {scheduler_job.py:189} INFO - Processing /home/airflow/.local/lib/python3.6/site-packages/airflow/example_dags/example_latest_only_with_trigger.py took 0.069 seconds
[2023-06-12 07:57:02,582] {scheduler_job.py:181} INFO - Started process (PID=472) to work on /home/airflow/.local/lib/python3.6/site-packages/airflow/example_dags/example_latest_only_with_trigger.py
[2023-06-12 07:57:02,583] {scheduler_job.py:632} INFO - Processing file /home/airflow/.local/lib/python3.6/site-packages/airflow/example_dags/example_latest_only_with_trigger.py for tasks to queue
[2023-06-12 07:57:02,584] {logging_mixin.py:104} INFO - [2023-06-12 07:57:02,584] {dagbag.py:496} INFO - Filling up the DagBag from /home/airflow/.local/lib/python3.6/site-packages/airflow/example_dags/example_latest_only_with_trigger.py
[2023-06-12 07:57:02,593] {scheduler_job.py:642} INFO - DAG(s) dict_keys(['latest_only_with_trigger']) retrieved from /home/airflow/.local/lib/python3.6/site-packages/airflow/example_dags/example_latest_only_with_trigger.py
[2023-06-12 07:57:02,610] {logging_mixin.py:104} INFO - [2023-06-12 07:57:02,610] {dag.py:1833} INFO - Sync 1 DAGs
[2023-06-12 07:57:02,627] {logging_mixin.py:104} INFO - [2023-06-12 07:57:02,627] {dag.py:2306} INFO - Setting next_dagrun for latest_only_with_trigger to 2023-06-10 00:00:00+00:00
[2023-06-12 07:57:02,637] {scheduler_job.py:189} INFO - Processing /home/airflow/.local/lib/python3.6/site-packages/airflow/example_dags/example_latest_only_with_trigger.py took 0.058 seconds
[2023-06-12 07:57:32,826] {scheduler_job.py:181} INFO - Started process (PID=525) to work on /home/airflow/.local/lib/python3.6/site-packages/airflow/example_dags/example_latest_only_with_trigger.py
[2023-06-12 07:57:32,827] {scheduler_job.py:632} INFO - Processing file /home/airflow/.local/lib/python3.6/site-packages/airflow/example_dags/example_latest_only_with_trigger.py for tasks to queue
[2023-06-12 07:57:32,828] {logging_mixin.py:104} INFO - [2023-06-12 07:57:32,827] {dagbag.py:496} INFO - Filling up the DagBag from /home/airflow/.local/lib/python3.6/site-packages/airflow/example_dags/example_latest_only_with_trigger.py
[2023-06-12 07:57:32,837] {scheduler_job.py:642} INFO - DAG(s) dict_keys(['latest_only_with_trigger']) retrieved from /home/airflow/.local/lib/python3.6/site-packages/airflow/example_dags/example_latest_only_with_trigger.py
[2023-06-12 07:57:32,854] {logging_mixin.py:104} INFO - [2023-06-12 07:57:32,854] {dag.py:1833} INFO - Sync 1 DAGs
[2023-06-12 07:57:32,867] {logging_mixin.py:104} INFO - [2023-06-12 07:57:32,867] {dag.py:2306} INFO - Setting next_dagrun for latest_only_with_trigger to 2023-06-10 00:00:00+00:00
[2023-06-12 07:57:32,877] {scheduler_job.py:189} INFO - Processing /home/airflow/.local/lib/python3.6/site-packages/airflow/example_dags/example_latest_only_with_trigger.py took 0.054 seconds
[2023-06-12 07:58:03,059] {scheduler_job.py:181} INFO - Started process (PID=588) to work on /home/airflow/.local/lib/python3.6/site-packages/airflow/example_dags/example_latest_only_with_trigger.py
[2023-06-12 07:58:03,061] {scheduler_job.py:632} INFO - Processing file /home/airflow/.local/lib/python3.6/site-packages/airflow/example_dags/example_latest_only_with_trigger.py for tasks to queue
[2023-06-12 07:58:03,062] {logging_mixin.py:104} INFO - [2023-06-12 07:58:03,061] {dagbag.py:496} INFO - Filling up the DagBag from /home/airflow/.local/lib/python3.6/site-packages/airflow/example_dags/example_latest_only_with_trigger.py
[2023-06-12 07:58:03,073] {scheduler_job.py:642} INFO - DAG(s) dict_keys(['latest_only_with_trigger']) retrieved from /home/airflow/.local/lib/python3.6/site-packages/airflow/example_dags/example_latest_only_with_trigger.py
[2023-06-12 07:58:03,091] {logging_mixin.py:104} INFO - [2023-06-12 07:58:03,091] {dag.py:1833} INFO - Sync 1 DAGs
[2023-06-12 07:58:03,111] {logging_mixin.py:104} INFO - [2023-06-12 07:58:03,111] {dag.py:2306} INFO - Setting next_dagrun for latest_only_with_trigger to 2023-06-10 00:00:00+00:00
[2023-06-12 07:58:03,122] {scheduler_job.py:189} INFO - Processing /home/airflow/.local/lib/python3.6/site-packages/airflow/example_dags/example_latest_only_with_trigger.py took 0.065 seconds
[2023-06-12 07:58:33,407] {scheduler_job.py:181} INFO - Started process (PID=651) to work on /home/airflow/.local/lib/python3.6/site-packages/airflow/example_dags/example_latest_only_with_trigger.py
[2023-06-12 07:58:33,408] {scheduler_job.py:632} INFO - Processing file /home/airflow/.local/lib/python3.6/site-packages/airflow/example_dags/example_latest_only_with_trigger.py for tasks to queue
[2023-06-12 07:58:33,409] {logging_mixin.py:104} INFO - [2023-06-12 07:58:33,408] {dagbag.py:496} INFO - Filling up the DagBag from /home/airflow/.local/lib/python3.6/site-packages/airflow/example_dags/example_latest_only_with_trigger.py
[2023-06-12 07:58:33,419] {scheduler_job.py:642} INFO - DAG(s) dict_keys(['latest_only_with_trigger']) retrieved from /home/airflow/.local/lib/python3.6/site-packages/airflow/example_dags/example_latest_only_with_trigger.py
[2023-06-12 07:58:33,475] {logging_mixin.py:104} INFO - [2023-06-12 07:58:33,475] {dag.py:1833} INFO - Sync 1 DAGs
[2023-06-12 07:58:33,495] {logging_mixin.py:104} INFO - [2023-06-12 07:58:33,494] {dag.py:2306} INFO - Setting next_dagrun for latest_only_with_trigger to 2023-06-10 00:00:00+00:00
[2023-06-12 07:58:33,508] {scheduler_job.py:189} INFO - Processing /home/airflow/.local/lib/python3.6/site-packages/airflow/example_dags/example_latest_only_with_trigger.py took 0.104 seconds
[2023-06-12 07:59:04,430] {scheduler_job.py:181} INFO - Started process (PID=704) to work on /home/airflow/.local/lib/python3.6/site-packages/airflow/example_dags/example_latest_only_with_trigger.py
[2023-06-12 07:59:04,431] {scheduler_job.py:632} INFO - Processing file /home/airflow/.local/lib/python3.6/site-packages/airflow/example_dags/example_latest_only_with_trigger.py for tasks to queue
[2023-06-12 07:59:04,432] {logging_mixin.py:104} INFO - [2023-06-12 07:59:04,432] {dagbag.py:496} INFO - Filling up the DagBag from /home/airflow/.local/lib/python3.6/site-packages/airflow/example_dags/example_latest_only_with_trigger.py
[2023-06-12 07:59:04,442] {scheduler_job.py:642} INFO - DAG(s) dict_keys(['latest_only_with_trigger']) retrieved from /home/airflow/.local/lib/python3.6/site-packages/airflow/example_dags/example_latest_only_with_trigger.py
[2023-06-12 07:59:04,461] {logging_mixin.py:104} INFO - [2023-06-12 07:59:04,461] {dag.py:1833} INFO - Sync 1 DAGs
[2023-06-12 07:59:04,474] {logging_mixin.py:104} INFO - [2023-06-12 07:59:04,474] {dag.py:2306} INFO - Setting next_dagrun for latest_only_with_trigger to 2023-06-10 00:00:00+00:00
[2023-06-12 07:59:04,485] {scheduler_job.py:189} INFO - Processing /home/airflow/.local/lib/python3.6/site-packages/airflow/example_dags/example_latest_only_with_trigger.py took 0.058 seconds
[2023-06-12 07:59:35,335] {scheduler_job.py:181} INFO - Started process (PID=767) to work on /home/airflow/.local/lib/python3.6/site-packages/airflow/example_dags/example_latest_only_with_trigger.py
[2023-06-12 07:59:35,337] {scheduler_job.py:632} INFO - Processing file /home/airflow/.local/lib/python3.6/site-packages/airflow/example_dags/example_latest_only_with_trigger.py for tasks to queue
[2023-06-12 07:59:35,337] {logging_mixin.py:104} INFO - [2023-06-12 07:59:35,337] {dagbag.py:496} INFO - Filling up the DagBag from /home/airflow/.local/lib/python3.6/site-packages/airflow/example_dags/example_latest_only_with_trigger.py
[2023-06-12 07:59:35,346] {scheduler_job.py:642} INFO - DAG(s) dict_keys(['latest_only_with_trigger']) retrieved from /home/airflow/.local/lib/python3.6/site-packages/airflow/example_dags/example_latest_only_with_trigger.py
[2023-06-12 07:59:35,362] {logging_mixin.py:104} INFO - [2023-06-12 07:59:35,362] {dag.py:1833} INFO - Sync 1 DAGs
[2023-06-12 07:59:35,374] {logging_mixin.py:104} INFO - [2023-06-12 07:59:35,374] {dag.py:2306} INFO - Setting next_dagrun for latest_only_with_trigger to 2023-06-10 00:00:00+00:00
[2023-06-12 07:59:35,384] {scheduler_job.py:189} INFO - Processing /home/airflow/.local/lib/python3.6/site-packages/airflow/example_dags/example_latest_only_with_trigger.py took 0.051 seconds
[2023-06-12 08:00:06,308] {scheduler_job.py:181} INFO - Started process (PID=830) to work on /home/airflow/.local/lib/python3.6/site-packages/airflow/example_dags/example_latest_only_with_trigger.py
[2023-06-12 08:00:06,310] {scheduler_job.py:632} INFO - Processing file /home/airflow/.local/lib/python3.6/site-packages/airflow/example_dags/example_latest_only_with_trigger.py for tasks to queue
[2023-06-12 08:00:06,311] {logging_mixin.py:104} INFO - [2023-06-12 08:00:06,310] {dagbag.py:496} INFO - Filling up the DagBag from /home/airflow/.local/lib/python3.6/site-packages/airflow/example_dags/example_latest_only_with_trigger.py
[2023-06-12 08:00:06,321] {scheduler_job.py:642} INFO - DAG(s) dict_keys(['latest_only_with_trigger']) retrieved from /home/airflow/.local/lib/python3.6/site-packages/airflow/example_dags/example_latest_only_with_trigger.py
[2023-06-12 08:00:06,341] {logging_mixin.py:104} INFO - [2023-06-12 08:00:06,340] {dag.py:1833} INFO - Sync 1 DAGs
[2023-06-12 08:00:06,357] {logging_mixin.py:104} INFO - [2023-06-12 08:00:06,356] {dag.py:2306} INFO - Setting next_dagrun for latest_only_with_trigger to 2023-06-10 00:00:00+00:00
[2023-06-12 08:00:06,367] {scheduler_job.py:189} INFO - Processing /home/airflow/.local/lib/python3.6/site-packages/airflow/example_dags/example_latest_only_with_trigger.py took 0.061 seconds
[2023-06-12 08:00:36,534] {scheduler_job.py:181} INFO - Started process (PID=883) to work on /home/airflow/.local/lib/python3.6/site-packages/airflow/example_dags/example_latest_only_with_trigger.py
[2023-06-12 08:00:36,536] {scheduler_job.py:632} INFO - Processing file /home/airflow/.local/lib/python3.6/site-packages/airflow/example_dags/example_latest_only_with_trigger.py for tasks to queue
[2023-06-12 08:00:36,536] {logging_mixin.py:104} INFO - [2023-06-12 08:00:36,536] {dagbag.py:496} INFO - Filling up the DagBag from /home/airflow/.local/lib/python3.6/site-packages/airflow/example_dags/example_latest_only_with_trigger.py
[2023-06-12 08:00:36,545] {scheduler_job.py:642} INFO - DAG(s) dict_keys(['latest_only_with_trigger']) retrieved from /home/airflow/.local/lib/python3.6/site-packages/airflow/example_dags/example_latest_only_with_trigger.py
[2023-06-12 08:00:36,561] {logging_mixin.py:104} INFO - [2023-06-12 08:00:36,561] {dag.py:1833} INFO - Sync 1 DAGs
[2023-06-12 08:00:36,574] {logging_mixin.py:104} INFO - [2023-06-12 08:00:36,574] {dag.py:2306} INFO - Setting next_dagrun for latest_only_with_trigger to 2023-06-10 00:00:00+00:00
[2023-06-12 08:00:36,585] {scheduler_job.py:189} INFO - Processing /home/airflow/.local/lib/python3.6/site-packages/airflow/example_dags/example_latest_only_with_trigger.py took 0.053 seconds
[2023-06-12 08:01:07,444] {scheduler_job.py:181} INFO - Started process (PID=946) to work on /home/airflow/.local/lib/python3.6/site-packages/airflow/example_dags/example_latest_only_with_trigger.py
[2023-06-12 08:01:07,445] {scheduler_job.py:632} INFO - Processing file /home/airflow/.local/lib/python3.6/site-packages/airflow/example_dags/example_latest_only_with_trigger.py for tasks to queue
[2023-06-12 08:01:07,447] {logging_mixin.py:104} INFO - [2023-06-12 08:01:07,447] {dagbag.py:496} INFO - Filling up the DagBag from /home/airflow/.local/lib/python3.6/site-packages/airflow/example_dags/example_latest_only_with_trigger.py
[2023-06-12 08:01:07,457] {scheduler_job.py:642} INFO - DAG(s) dict_keys(['latest_only_with_trigger']) retrieved from /home/airflow/.local/lib/python3.6/site-packages/airflow/example_dags/example_latest_only_with_trigger.py
[2023-06-12 08:01:07,475] {logging_mixin.py:104} INFO - [2023-06-12 08:01:07,475] {dag.py:1833} INFO - Sync 1 DAGs
[2023-06-12 08:01:07,488] {logging_mixin.py:104} INFO - [2023-06-12 08:01:07,488] {dag.py:2306} INFO - Setting next_dagrun for latest_only_with_trigger to 2023-06-10 00:00:00+00:00
[2023-06-12 08:01:07,496] {scheduler_job.py:189} INFO - Processing /home/airflow/.local/lib/python3.6/site-packages/airflow/example_dags/example_latest_only_with_trigger.py took 0.055 seconds
[2023-06-12 08:01:38,332] {scheduler_job.py:181} INFO - Started process (PID=999) to work on /home/airflow/.local/lib/python3.6/site-packages/airflow/example_dags/example_latest_only_with_trigger.py
[2023-06-12 08:01:38,333] {scheduler_job.py:632} INFO - Processing file /home/airflow/.local/lib/python3.6/site-packages/airflow/example_dags/example_latest_only_with_trigger.py for tasks to queue
[2023-06-12 08:01:38,334] {logging_mixin.py:104} INFO - [2023-06-12 08:01:38,334] {dagbag.py:496} INFO - Filling up the DagBag from /home/airflow/.local/lib/python3.6/site-packages/airflow/example_dags/example_latest_only_with_trigger.py
[2023-06-12 08:01:38,343] {scheduler_job.py:642} INFO - DAG(s) dict_keys(['latest_only_with_trigger']) retrieved from /home/airflow/.local/lib/python3.6/site-packages/airflow/example_dags/example_latest_only_with_trigger.py
[2023-06-12 08:01:38,360] {logging_mixin.py:104} INFO - [2023-06-12 08:01:38,360] {dag.py:1833} INFO - Sync 1 DAGs
[2023-06-12 08:01:38,374] {logging_mixin.py:104} INFO - [2023-06-12 08:01:38,373] {dag.py:2306} INFO - Setting next_dagrun for latest_only_with_trigger to 2023-06-10 00:00:00+00:00
[2023-06-12 08:01:38,383] {scheduler_job.py:189} INFO - Processing /home/airflow/.local/lib/python3.6/site-packages/airflow/example_dags/example_latest_only_with_trigger.py took 0.054 seconds
[2023-06-12 08:02:08,535] {scheduler_job.py:181} INFO - Started process (PID=1062) to work on /home/airflow/.local/lib/python3.6/site-packages/airflow/example_dags/example_latest_only_with_trigger.py
[2023-06-12 08:02:08,536] {scheduler_job.py:632} INFO - Processing file /home/airflow/.local/lib/python3.6/site-packages/airflow/example_dags/example_latest_only_with_trigger.py for tasks to queue
[2023-06-12 08:02:08,537] {logging_mixin.py:104} INFO - [2023-06-12 08:02:08,537] {dagbag.py:496} INFO - Filling up the DagBag from /home/airflow/.local/lib/python3.6/site-packages/airflow/example_dags/example_latest_only_with_trigger.py
[2023-06-12 08:02:08,547] {scheduler_job.py:642} INFO - DAG(s) dict_keys(['latest_only_with_trigger']) retrieved from /home/airflow/.local/lib/python3.6/site-packages/airflow/example_dags/example_latest_only_with_trigger.py
[2023-06-12 08:02:08,612] {logging_mixin.py:104} INFO - [2023-06-12 08:02:08,611] {dag.py:1833} INFO - Sync 1 DAGs
[2023-06-12 08:02:08,630] {logging_mixin.py:104} INFO - [2023-06-12 08:02:08,630] {dag.py:2306} INFO - Setting next_dagrun for latest_only_with_trigger to 2023-06-10 00:00:00+00:00
[2023-06-12 08:02:08,640] {scheduler_job.py:189} INFO - Processing /home/airflow/.local/lib/python3.6/site-packages/airflow/example_dags/example_latest_only_with_trigger.py took 0.107 seconds
[2023-06-12 08:02:38,835] {scheduler_job.py:181} INFO - Started process (PID=1125) to work on /home/airflow/.local/lib/python3.6/site-packages/airflow/example_dags/example_latest_only_with_trigger.py
[2023-06-12 08:02:38,836] {scheduler_job.py:632} INFO - Processing file /home/airflow/.local/lib/python3.6/site-packages/airflow/example_dags/example_latest_only_with_trigger.py for tasks to queue
[2023-06-12 08:02:38,837] {logging_mixin.py:104} INFO - [2023-06-12 08:02:38,837] {dagbag.py:496} INFO - Filling up the DagBag from /home/airflow/.local/lib/python3.6/site-packages/airflow/example_dags/example_latest_only_with_trigger.py
[2023-06-12 08:02:38,847] {scheduler_job.py:642} INFO - DAG(s) dict_keys(['latest_only_with_trigger']) retrieved from /home/airflow/.local/lib/python3.6/site-packages/airflow/example_dags/example_latest_only_with_trigger.py
[2023-06-12 08:02:38,864] {logging_mixin.py:104} INFO - [2023-06-12 08:02:38,864] {dag.py:1833} INFO - Sync 1 DAGs
[2023-06-12 08:02:38,878] {logging_mixin.py:104} INFO - [2023-06-12 08:02:38,878] {dag.py:2306} INFO - Setting next_dagrun for latest_only_with_trigger to 2023-06-10 00:00:00+00:00
[2023-06-12 08:02:38,887] {scheduler_job.py:189} INFO - Processing /home/airflow/.local/lib/python3.6/site-packages/airflow/example_dags/example_latest_only_with_trigger.py took 0.055 seconds
[2023-06-12 08:03:09,122] {scheduler_job.py:181} INFO - Started process (PID=1177) to work on /home/airflow/.local/lib/python3.6/site-packages/airflow/example_dags/example_latest_only_with_trigger.py
[2023-06-12 08:03:09,123] {scheduler_job.py:632} INFO - Processing file /home/airflow/.local/lib/python3.6/site-packages/airflow/example_dags/example_latest_only_with_trigger.py for tasks to queue
[2023-06-12 08:03:09,125] {logging_mixin.py:104} INFO - [2023-06-12 08:03:09,124] {dagbag.py:496} INFO - Filling up the DagBag from /home/airflow/.local/lib/python3.6/site-packages/airflow/example_dags/example_latest_only_with_trigger.py
[2023-06-12 08:03:09,135] {scheduler_job.py:642} INFO - DAG(s) dict_keys(['latest_only_with_trigger']) retrieved from /home/airflow/.local/lib/python3.6/site-packages/airflow/example_dags/example_latest_only_with_trigger.py
[2023-06-12 08:03:09,152] {logging_mixin.py:104} INFO - [2023-06-12 08:03:09,152] {dag.py:1833} INFO - Sync 1 DAGs
[2023-06-12 08:03:09,166] {logging_mixin.py:104} INFO - [2023-06-12 08:03:09,165] {dag.py:2306} INFO - Setting next_dagrun for latest_only_with_trigger to 2023-06-10 00:00:00+00:00
[2023-06-12 08:03:09,175] {scheduler_job.py:189} INFO - Processing /home/airflow/.local/lib/python3.6/site-packages/airflow/example_dags/example_latest_only_with_trigger.py took 0.057 seconds
[2023-06-12 08:03:39,447] {scheduler_job.py:181} INFO - Started process (PID=1240) to work on /home/airflow/.local/lib/python3.6/site-packages/airflow/example_dags/example_latest_only_with_trigger.py
[2023-06-12 08:03:39,449] {scheduler_job.py:632} INFO - Processing file /home/airflow/.local/lib/python3.6/site-packages/airflow/example_dags/example_latest_only_with_trigger.py for tasks to queue
[2023-06-12 08:03:39,450] {logging_mixin.py:104} INFO - [2023-06-12 08:03:39,449] {dagbag.py:496} INFO - Filling up the DagBag from /home/airflow/.local/lib/python3.6/site-packages/airflow/example_dags/example_latest_only_with_trigger.py
[2023-06-12 08:03:39,460] {scheduler_job.py:642} INFO - DAG(s) dict_keys(['latest_only_with_trigger']) retrieved from /home/airflow/.local/lib/python3.6/site-packages/airflow/example_dags/example_latest_only_with_trigger.py
[2023-06-12 08:03:39,527] {logging_mixin.py:104} INFO - [2023-06-12 08:03:39,527] {dag.py:1833} INFO - Sync 1 DAGs
[2023-06-12 08:03:39,543] {logging_mixin.py:104} INFO - [2023-06-12 08:03:39,543] {dag.py:2306} INFO - Setting next_dagrun for latest_only_with_trigger to 2023-06-10 00:00:00+00:00
[2023-06-12 08:03:39,553] {scheduler_job.py:189} INFO - Processing /home/airflow/.local/lib/python3.6/site-packages/airflow/example_dags/example_latest_only_with_trigger.py took 0.109 seconds
[2023-06-12 08:04:09,875] {scheduler_job.py:181} INFO - Started process (PID=1294) to work on /home/airflow/.local/lib/python3.6/site-packages/airflow/example_dags/example_latest_only_with_trigger.py
[2023-06-12 08:04:09,876] {scheduler_job.py:632} INFO - Processing file /home/airflow/.local/lib/python3.6/site-packages/airflow/example_dags/example_latest_only_with_trigger.py for tasks to queue
[2023-06-12 08:04:09,877] {logging_mixin.py:104} INFO - [2023-06-12 08:04:09,877] {dagbag.py:496} INFO - Filling up the DagBag from /home/airflow/.local/lib/python3.6/site-packages/airflow/example_dags/example_latest_only_with_trigger.py
[2023-06-12 08:04:09,887] {scheduler_job.py:642} INFO - DAG(s) dict_keys(['latest_only_with_trigger']) retrieved from /home/airflow/.local/lib/python3.6/site-packages/airflow/example_dags/example_latest_only_with_trigger.py
[2023-06-12 08:04:09,906] {logging_mixin.py:104} INFO - [2023-06-12 08:04:09,906] {dag.py:1833} INFO - Sync 1 DAGs
[2023-06-12 08:04:09,917] {logging_mixin.py:104} INFO - [2023-06-12 08:04:09,917] {dag.py:2306} INFO - Setting next_dagrun for latest_only_with_trigger to 2023-06-10 00:00:00+00:00
[2023-06-12 08:04:09,926] {scheduler_job.py:189} INFO - Processing /home/airflow/.local/lib/python3.6/site-packages/airflow/example_dags/example_latest_only_with_trigger.py took 0.054 seconds
[2023-06-12 08:04:40,332] {scheduler_job.py:181} INFO - Started process (PID=1358) to work on /home/airflow/.local/lib/python3.6/site-packages/airflow/example_dags/example_latest_only_with_trigger.py
[2023-06-12 08:04:40,333] {scheduler_job.py:632} INFO - Processing file /home/airflow/.local/lib/python3.6/site-packages/airflow/example_dags/example_latest_only_with_trigger.py for tasks to queue
[2023-06-12 08:04:40,334] {logging_mixin.py:104} INFO - [2023-06-12 08:04:40,334] {dagbag.py:496} INFO - Filling up the DagBag from /home/airflow/.local/lib/python3.6/site-packages/airflow/example_dags/example_latest_only_with_trigger.py
[2023-06-12 08:04:40,344] {scheduler_job.py:642} INFO - DAG(s) dict_keys(['latest_only_with_trigger']) retrieved from /home/airflow/.local/lib/python3.6/site-packages/airflow/example_dags/example_latest_only_with_trigger.py
[2023-06-12 08:04:40,362] {logging_mixin.py:104} INFO - [2023-06-12 08:04:40,362] {dag.py:1833} INFO - Sync 1 DAGs
[2023-06-12 08:04:40,375] {logging_mixin.py:104} INFO - [2023-06-12 08:04:40,375] {dag.py:2306} INFO - Setting next_dagrun for latest_only_with_trigger to 2023-06-10 00:00:00+00:00
[2023-06-12 08:04:40,386] {scheduler_job.py:189} INFO - Processing /home/airflow/.local/lib/python3.6/site-packages/airflow/example_dags/example_latest_only_with_trigger.py took 0.057 seconds
[2023-06-12 08:05:10,761] {scheduler_job.py:181} INFO - Started process (PID=1421) to work on /home/airflow/.local/lib/python3.6/site-packages/airflow/example_dags/example_latest_only_with_trigger.py
[2023-06-12 08:05:10,762] {scheduler_job.py:632} INFO - Processing file /home/airflow/.local/lib/python3.6/site-packages/airflow/example_dags/example_latest_only_with_trigger.py for tasks to queue
[2023-06-12 08:05:10,763] {logging_mixin.py:104} INFO - [2023-06-12 08:05:10,763] {dagbag.py:496} INFO - Filling up the DagBag from /home/airflow/.local/lib/python3.6/site-packages/airflow/example_dags/example_latest_only_with_trigger.py
[2023-06-12 08:05:10,774] {scheduler_job.py:642} INFO - DAG(s) dict_keys(['latest_only_with_trigger']) retrieved from /home/airflow/.local/lib/python3.6/site-packages/airflow/example_dags/example_latest_only_with_trigger.py
[2023-06-12 08:05:10,792] {logging_mixin.py:104} INFO - [2023-06-12 08:05:10,792] {dag.py:1833} INFO - Sync 1 DAGs
[2023-06-12 08:05:10,805] {logging_mixin.py:104} INFO - [2023-06-12 08:05:10,805] {dag.py:2306} INFO - Setting next_dagrun for latest_only_with_trigger to 2023-06-10 00:00:00+00:00
[2023-06-12 08:05:10,815] {scheduler_job.py:189} INFO - Processing /home/airflow/.local/lib/python3.6/site-packages/airflow/example_dags/example_latest_only_with_trigger.py took 0.056 seconds
[2023-06-12 08:05:40,945] {scheduler_job.py:181} INFO - Started process (PID=1475) to work on /home/airflow/.local/lib/python3.6/site-packages/airflow/example_dags/example_latest_only_with_trigger.py
[2023-06-12 08:05:40,947] {scheduler_job.py:632} INFO - Processing file /home/airflow/.local/lib/python3.6/site-packages/airflow/example_dags/example_latest_only_with_trigger.py for tasks to queue
[2023-06-12 08:05:40,947] {logging_mixin.py:104} INFO - [2023-06-12 08:05:40,947] {dagbag.py:496} INFO - Filling up the DagBag from /home/airflow/.local/lib/python3.6/site-packages/airflow/example_dags/example_latest_only_with_trigger.py
[2023-06-12 08:05:40,957] {scheduler_job.py:642} INFO - DAG(s) dict_keys(['latest_only_with_trigger']) retrieved from /home/airflow/.local/lib/python3.6/site-packages/airflow/example_dags/example_latest_only_with_trigger.py
[2023-06-12 08:05:40,974] {logging_mixin.py:104} INFO - [2023-06-12 08:05:40,973] {dag.py:1833} INFO - Sync 1 DAGs
[2023-06-12 08:05:40,985] {logging_mixin.py:104} INFO - [2023-06-12 08:05:40,985] {dag.py:2306} INFO - Setting next_dagrun for latest_only_with_trigger to 2023-06-10 00:00:00+00:00
[2023-06-12 08:05:40,993] {scheduler_job.py:189} INFO - Processing /home/airflow/.local/lib/python3.6/site-packages/airflow/example_dags/example_latest_only_with_trigger.py took 0.050 seconds
[2023-06-12 08:06:11,472] {scheduler_job.py:181} INFO - Started process (PID=1538) to work on /home/airflow/.local/lib/python3.6/site-packages/airflow/example_dags/example_latest_only_with_trigger.py
[2023-06-12 08:06:11,473] {scheduler_job.py:632} INFO - Processing file /home/airflow/.local/lib/python3.6/site-packages/airflow/example_dags/example_latest_only_with_trigger.py for tasks to queue
[2023-06-12 08:06:11,474] {logging_mixin.py:104} INFO - [2023-06-12 08:06:11,474] {dagbag.py:496} INFO - Filling up the DagBag from /home/airflow/.local/lib/python3.6/site-packages/airflow/example_dags/example_latest_only_with_trigger.py
[2023-06-12 08:06:11,484] {scheduler_job.py:642} INFO - DAG(s) dict_keys(['latest_only_with_trigger']) retrieved from /home/airflow/.local/lib/python3.6/site-packages/airflow/example_dags/example_latest_only_with_trigger.py
[2023-06-12 08:06:11,499] {logging_mixin.py:104} INFO - [2023-06-12 08:06:11,499] {dag.py:1833} INFO - Sync 1 DAGs
[2023-06-12 08:06:11,511] {logging_mixin.py:104} INFO - [2023-06-12 08:06:11,511] {dag.py:2306} INFO - Setting next_dagrun for latest_only_with_trigger to 2023-06-10 00:00:00+00:00
[2023-06-12 08:06:11,520] {scheduler_job.py:189} INFO - Processing /home/airflow/.local/lib/python3.6/site-packages/airflow/example_dags/example_latest_only_with_trigger.py took 0.050 seconds
[2023-06-12 08:06:41,827] {scheduler_job.py:181} INFO - Started process (PID=1590) to work on /home/airflow/.local/lib/python3.6/site-packages/airflow/example_dags/example_latest_only_with_trigger.py
[2023-06-12 08:06:41,829] {scheduler_job.py:632} INFO - Processing file /home/airflow/.local/lib/python3.6/site-packages/airflow/example_dags/example_latest_only_with_trigger.py for tasks to queue
[2023-06-12 08:06:41,829] {logging_mixin.py:104} INFO - [2023-06-12 08:06:41,829] {dagbag.py:496} INFO - Filling up the DagBag from /home/airflow/.local/lib/python3.6/site-packages/airflow/example_dags/example_latest_only_with_trigger.py
[2023-06-12 08:06:41,841] {scheduler_job.py:642} INFO - DAG(s) dict_keys(['latest_only_with_trigger']) retrieved from /home/airflow/.local/lib/python3.6/site-packages/airflow/example_dags/example_latest_only_with_trigger.py
[2023-06-12 08:06:41,861] {logging_mixin.py:104} INFO - [2023-06-12 08:06:41,861] {dag.py:1833} INFO - Sync 1 DAGs
[2023-06-12 08:06:41,873] {logging_mixin.py:104} INFO - [2023-06-12 08:06:41,873] {dag.py:2306} INFO - Setting next_dagrun for latest_only_with_trigger to 2023-06-10 00:00:00+00:00
[2023-06-12 08:06:41,882] {scheduler_job.py:189} INFO - Processing /home/airflow/.local/lib/python3.6/site-packages/airflow/example_dags/example_latest_only_with_trigger.py took 0.057 seconds
[2023-06-12 08:07:12,756] {scheduler_job.py:181} INFO - Started process (PID=1654) to work on /home/airflow/.local/lib/python3.6/site-packages/airflow/example_dags/example_latest_only_with_trigger.py
[2023-06-12 08:07:12,757] {scheduler_job.py:632} INFO - Processing file /home/airflow/.local/lib/python3.6/site-packages/airflow/example_dags/example_latest_only_with_trigger.py for tasks to queue
[2023-06-12 08:07:12,758] {logging_mixin.py:104} INFO - [2023-06-12 08:07:12,758] {dagbag.py:496} INFO - Filling up the DagBag from /home/airflow/.local/lib/python3.6/site-packages/airflow/example_dags/example_latest_only_with_trigger.py
[2023-06-12 08:07:12,768] {scheduler_job.py:642} INFO - DAG(s) dict_keys(['latest_only_with_trigger']) retrieved from /home/airflow/.local/lib/python3.6/site-packages/airflow/example_dags/example_latest_only_with_trigger.py
[2023-06-12 08:07:12,785] {logging_mixin.py:104} INFO - [2023-06-12 08:07:12,784] {dag.py:1833} INFO - Sync 1 DAGs
[2023-06-12 08:07:12,796] {logging_mixin.py:104} INFO - [2023-06-12 08:07:12,796] {dag.py:2306} INFO - Setting next_dagrun for latest_only_with_trigger to 2023-06-10 00:00:00+00:00
[2023-06-12 08:07:12,805] {scheduler_job.py:189} INFO - Processing /home/airflow/.local/lib/python3.6/site-packages/airflow/example_dags/example_latest_only_with_trigger.py took 0.051 seconds
[2023-06-12 08:07:43,033] {scheduler_job.py:181} INFO - Started process (PID=1717) to work on /home/airflow/.local/lib/python3.6/site-packages/airflow/example_dags/example_latest_only_with_trigger.py
[2023-06-12 08:07:43,034] {scheduler_job.py:632} INFO - Processing file /home/airflow/.local/lib/python3.6/site-packages/airflow/example_dags/example_latest_only_with_trigger.py for tasks to queue
[2023-06-12 08:07:43,035] {logging_mixin.py:104} INFO - [2023-06-12 08:07:43,035] {dagbag.py:496} INFO - Filling up the DagBag from /home/airflow/.local/lib/python3.6/site-packages/airflow/example_dags/example_latest_only_with_trigger.py
[2023-06-12 08:07:43,046] {scheduler_job.py:642} INFO - DAG(s) dict_keys(['latest_only_with_trigger']) retrieved from /home/airflow/.local/lib/python3.6/site-packages/airflow/example_dags/example_latest_only_with_trigger.py
[2023-06-12 08:07:43,064] {logging_mixin.py:104} INFO - [2023-06-12 08:07:43,064] {dag.py:1833} INFO - Sync 1 DAGs
[2023-06-12 08:07:43,077] {logging_mixin.py:104} INFO - [2023-06-12 08:07:43,077] {dag.py:2306} INFO - Setting next_dagrun for latest_only_with_trigger to 2023-06-10 00:00:00+00:00
[2023-06-12 08:07:43,087] {scheduler_job.py:189} INFO - Processing /home/airflow/.local/lib/python3.6/site-packages/airflow/example_dags/example_latest_only_with_trigger.py took 0.057 seconds
[2023-06-12 08:08:13,346] {scheduler_job.py:181} INFO - Started process (PID=1770) to work on /home/airflow/.local/lib/python3.6/site-packages/airflow/example_dags/example_latest_only_with_trigger.py
[2023-06-12 08:08:13,347] {scheduler_job.py:632} INFO - Processing file /home/airflow/.local/lib/python3.6/site-packages/airflow/example_dags/example_latest_only_with_trigger.py for tasks to queue
[2023-06-12 08:08:13,348] {logging_mixin.py:104} INFO - [2023-06-12 08:08:13,348] {dagbag.py:496} INFO - Filling up the DagBag from /home/airflow/.local/lib/python3.6/site-packages/airflow/example_dags/example_latest_only_with_trigger.py
[2023-06-12 08:08:13,359] {scheduler_job.py:642} INFO - DAG(s) dict_keys(['latest_only_with_trigger']) retrieved from /home/airflow/.local/lib/python3.6/site-packages/airflow/example_dags/example_latest_only_with_trigger.py
[2023-06-12 08:08:13,376] {logging_mixin.py:104} INFO - [2023-06-12 08:08:13,376] {dag.py:1833} INFO - Sync 1 DAGs
[2023-06-12 08:08:13,388] {logging_mixin.py:104} INFO - [2023-06-12 08:08:13,388] {dag.py:2306} INFO - Setting next_dagrun for latest_only_with_trigger to 2023-06-10 00:00:00+00:00
[2023-06-12 08:08:13,397] {scheduler_job.py:189} INFO - Processing /home/airflow/.local/lib/python3.6/site-packages/airflow/example_dags/example_latest_only_with_trigger.py took 0.054 seconds
[2023-06-12 08:08:43,896] {scheduler_job.py:181} INFO - Started process (PID=1834) to work on /home/airflow/.local/lib/python3.6/site-packages/airflow/example_dags/example_latest_only_with_trigger.py
[2023-06-12 08:08:43,897] {scheduler_job.py:632} INFO - Processing file /home/airflow/.local/lib/python3.6/site-packages/airflow/example_dags/example_latest_only_with_trigger.py for tasks to queue
[2023-06-12 08:08:43,898] {logging_mixin.py:104} INFO - [2023-06-12 08:08:43,898] {dagbag.py:496} INFO - Filling up the DagBag from /home/airflow/.local/lib/python3.6/site-packages/airflow/example_dags/example_latest_only_with_trigger.py
[2023-06-12 08:08:43,907] {scheduler_job.py:642} INFO - DAG(s) dict_keys(['latest_only_with_trigger']) retrieved from /home/airflow/.local/lib/python3.6/site-packages/airflow/example_dags/example_latest_only_with_trigger.py
[2023-06-12 08:08:43,922] {logging_mixin.py:104} INFO - [2023-06-12 08:08:43,922] {dag.py:1833} INFO - Sync 1 DAGs
[2023-06-12 08:08:43,933] {logging_mixin.py:104} INFO - [2023-06-12 08:08:43,933] {dag.py:2306} INFO - Setting next_dagrun for latest_only_with_trigger to 2023-06-10 00:00:00+00:00
[2023-06-12 08:08:43,945] {scheduler_job.py:189} INFO - Processing /home/airflow/.local/lib/python3.6/site-packages/airflow/example_dags/example_latest_only_with_trigger.py took 0.051 seconds
[2023-06-12 08:09:14,329] {scheduler_job.py:181} INFO - Started process (PID=1887) to work on /home/airflow/.local/lib/python3.6/site-packages/airflow/example_dags/example_latest_only_with_trigger.py
[2023-06-12 08:09:14,330] {scheduler_job.py:632} INFO - Processing file /home/airflow/.local/lib/python3.6/site-packages/airflow/example_dags/example_latest_only_with_trigger.py for tasks to queue
[2023-06-12 08:09:14,331] {logging_mixin.py:104} INFO - [2023-06-12 08:09:14,331] {dagbag.py:496} INFO - Filling up the DagBag from /home/airflow/.local/lib/python3.6/site-packages/airflow/example_dags/example_latest_only_with_trigger.py
[2023-06-12 08:09:14,340] {scheduler_job.py:642} INFO - DAG(s) dict_keys(['latest_only_with_trigger']) retrieved from /home/airflow/.local/lib/python3.6/site-packages/airflow/example_dags/example_latest_only_with_trigger.py
[2023-06-12 08:09:14,361] {logging_mixin.py:104} INFO - [2023-06-12 08:09:14,361] {dag.py:1833} INFO - Sync 1 DAGs
[2023-06-12 08:09:14,375] {logging_mixin.py:104} INFO - [2023-06-12 08:09:14,375] {dag.py:2306} INFO - Setting next_dagrun for latest_only_with_trigger to 2023-06-10 00:00:00+00:00
[2023-06-12 08:09:14,384] {scheduler_job.py:189} INFO - Processing /home/airflow/.local/lib/python3.6/site-packages/airflow/example_dags/example_latest_only_with_trigger.py took 0.058 seconds
[2023-06-12 08:09:44,651] {scheduler_job.py:181} INFO - Started process (PID=1950) to work on /home/airflow/.local/lib/python3.6/site-packages/airflow/example_dags/example_latest_only_with_trigger.py
[2023-06-12 08:09:44,652] {scheduler_job.py:632} INFO - Processing file /home/airflow/.local/lib/python3.6/site-packages/airflow/example_dags/example_latest_only_with_trigger.py for tasks to queue
[2023-06-12 08:09:44,653] {logging_mixin.py:104} INFO - [2023-06-12 08:09:44,653] {dagbag.py:496} INFO - Filling up the DagBag from /home/airflow/.local/lib/python3.6/site-packages/airflow/example_dags/example_latest_only_with_trigger.py
[2023-06-12 08:09:44,662] {scheduler_job.py:642} INFO - DAG(s) dict_keys(['latest_only_with_trigger']) retrieved from /home/airflow/.local/lib/python3.6/site-packages/airflow/example_dags/example_latest_only_with_trigger.py
[2023-06-12 08:09:44,681] {logging_mixin.py:104} INFO - [2023-06-12 08:09:44,681] {dag.py:1833} INFO - Sync 1 DAGs
[2023-06-12 08:09:44,694] {logging_mixin.py:104} INFO - [2023-06-12 08:09:44,694] {dag.py:2306} INFO - Setting next_dagrun for latest_only_with_trigger to 2023-06-10 00:00:00+00:00
[2023-06-12 08:09:44,703] {scheduler_job.py:189} INFO - Processing /home/airflow/.local/lib/python3.6/site-packages/airflow/example_dags/example_latest_only_with_trigger.py took 0.055 seconds
[2023-06-12 08:10:15,204] {scheduler_job.py:181} INFO - Started process (PID=2013) to work on /home/airflow/.local/lib/python3.6/site-packages/airflow/example_dags/example_latest_only_with_trigger.py
[2023-06-12 08:10:15,206] {scheduler_job.py:632} INFO - Processing file /home/airflow/.local/lib/python3.6/site-packages/airflow/example_dags/example_latest_only_with_trigger.py for tasks to queue
[2023-06-12 08:10:15,206] {logging_mixin.py:104} INFO - [2023-06-12 08:10:15,206] {dagbag.py:496} INFO - Filling up the DagBag from /home/airflow/.local/lib/python3.6/site-packages/airflow/example_dags/example_latest_only_with_trigger.py
[2023-06-12 08:10:15,217] {scheduler_job.py:642} INFO - DAG(s) dict_keys(['latest_only_with_trigger']) retrieved from /home/airflow/.local/lib/python3.6/site-packages/airflow/example_dags/example_latest_only_with_trigger.py
[2023-06-12 08:10:15,234] {logging_mixin.py:104} INFO - [2023-06-12 08:10:15,234] {dag.py:1833} INFO - Sync 1 DAGs
[2023-06-12 08:10:15,247] {logging_mixin.py:104} INFO - [2023-06-12 08:10:15,247] {dag.py:2306} INFO - Setting next_dagrun for latest_only_with_trigger to 2023-06-10 00:00:00+00:00
[2023-06-12 08:10:15,256] {scheduler_job.py:189} INFO - Processing /home/airflow/.local/lib/python3.6/site-packages/airflow/example_dags/example_latest_only_with_trigger.py took 0.054 seconds
[2023-06-12 08:10:45,664] {scheduler_job.py:181} INFO - Started process (PID=2066) to work on /home/airflow/.local/lib/python3.6/site-packages/airflow/example_dags/example_latest_only_with_trigger.py
[2023-06-12 08:10:45,666] {scheduler_job.py:632} INFO - Processing file /home/airflow/.local/lib/python3.6/site-packages/airflow/example_dags/example_latest_only_with_trigger.py for tasks to queue
[2023-06-12 08:10:45,667] {logging_mixin.py:104} INFO - [2023-06-12 08:10:45,667] {dagbag.py:496} INFO - Filling up the DagBag from /home/airflow/.local/lib/python3.6/site-packages/airflow/example_dags/example_latest_only_with_trigger.py
[2023-06-12 08:10:45,678] {scheduler_job.py:642} INFO - DAG(s) dict_keys(['latest_only_with_trigger']) retrieved from /home/airflow/.local/lib/python3.6/site-packages/airflow/example_dags/example_latest_only_with_trigger.py
[2023-06-12 08:10:45,698] {logging_mixin.py:104} INFO - [2023-06-12 08:10:45,698] {dag.py:1833} INFO - Sync 1 DAGs
[2023-06-12 08:10:45,712] {logging_mixin.py:104} INFO - [2023-06-12 08:10:45,712] {dag.py:2306} INFO - Setting next_dagrun for latest_only_with_trigger to 2023-06-10 00:00:00+00:00
[2023-06-12 08:10:45,721] {scheduler_job.py:189} INFO - Processing /home/airflow/.local/lib/python3.6/site-packages/airflow/example_dags/example_latest_only_with_trigger.py took 0.060 seconds
[2023-06-12 08:11:16,281] {scheduler_job.py:181} INFO - Started process (PID=2129) to work on /home/airflow/.local/lib/python3.6/site-packages/airflow/example_dags/example_latest_only_with_trigger.py
[2023-06-12 08:11:16,282] {scheduler_job.py:632} INFO - Processing file /home/airflow/.local/lib/python3.6/site-packages/airflow/example_dags/example_latest_only_with_trigger.py for tasks to queue
[2023-06-12 08:11:16,283] {logging_mixin.py:104} INFO - [2023-06-12 08:11:16,283] {dagbag.py:496} INFO - Filling up the DagBag from /home/airflow/.local/lib/python3.6/site-packages/airflow/example_dags/example_latest_only_with_trigger.py
[2023-06-12 08:11:16,292] {scheduler_job.py:642} INFO - DAG(s) dict_keys(['latest_only_with_trigger']) retrieved from /home/airflow/.local/lib/python3.6/site-packages/airflow/example_dags/example_latest_only_with_trigger.py
[2023-06-12 08:11:16,309] {logging_mixin.py:104} INFO - [2023-06-12 08:11:16,308] {dag.py:1833} INFO - Sync 1 DAGs
[2023-06-12 08:11:16,321] {logging_mixin.py:104} INFO - [2023-06-12 08:11:16,321] {dag.py:2306} INFO - Setting next_dagrun for latest_only_with_trigger to 2023-06-10 00:00:00+00:00
[2023-06-12 08:11:16,334] {scheduler_job.py:189} INFO - Processing /home/airflow/.local/lib/python3.6/site-packages/airflow/example_dags/example_latest_only_with_trigger.py took 0.055 seconds
[2023-06-12 08:11:46,596] {scheduler_job.py:181} INFO - Started process (PID=2192) to work on /home/airflow/.local/lib/python3.6/site-packages/airflow/example_dags/example_latest_only_with_trigger.py
[2023-06-12 08:11:46,597] {scheduler_job.py:632} INFO - Processing file /home/airflow/.local/lib/python3.6/site-packages/airflow/example_dags/example_latest_only_with_trigger.py for tasks to queue
[2023-06-12 08:11:46,598] {logging_mixin.py:104} INFO - [2023-06-12 08:11:46,598] {dagbag.py:496} INFO - Filling up the DagBag from /home/airflow/.local/lib/python3.6/site-packages/airflow/example_dags/example_latest_only_with_trigger.py
[2023-06-12 08:11:46,607] {scheduler_job.py:642} INFO - DAG(s) dict_keys(['latest_only_with_trigger']) retrieved from /home/airflow/.local/lib/python3.6/site-packages/airflow/example_dags/example_latest_only_with_trigger.py
[2023-06-12 08:11:46,625] {logging_mixin.py:104} INFO - [2023-06-12 08:11:46,625] {dag.py:1833} INFO - Sync 1 DAGs
[2023-06-12 08:11:46,637] {logging_mixin.py:104} INFO - [2023-06-12 08:11:46,637] {dag.py:2306} INFO - Setting next_dagrun for latest_only_with_trigger to 2023-06-10 00:00:00+00:00
[2023-06-12 08:11:46,648] {scheduler_job.py:189} INFO - Processing /home/airflow/.local/lib/python3.6/site-packages/airflow/example_dags/example_latest_only_with_trigger.py took 0.054 seconds
[2023-06-12 08:12:16,778] {scheduler_job.py:181} INFO - Started process (PID=2245) to work on /home/airflow/.local/lib/python3.6/site-packages/airflow/example_dags/example_latest_only_with_trigger.py
[2023-06-12 08:12:16,780] {scheduler_job.py:632} INFO - Processing file /home/airflow/.local/lib/python3.6/site-packages/airflow/example_dags/example_latest_only_with_trigger.py for tasks to queue
[2023-06-12 08:12:16,781] {logging_mixin.py:104} INFO - [2023-06-12 08:12:16,781] {dagbag.py:496} INFO - Filling up the DagBag from /home/airflow/.local/lib/python3.6/site-packages/airflow/example_dags/example_latest_only_with_trigger.py
[2023-06-12 08:12:16,790] {scheduler_job.py:642} INFO - DAG(s) dict_keys(['latest_only_with_trigger']) retrieved from /home/airflow/.local/lib/python3.6/site-packages/airflow/example_dags/example_latest_only_with_trigger.py
[2023-06-12 08:12:16,807] {logging_mixin.py:104} INFO - [2023-06-12 08:12:16,806] {dag.py:1833} INFO - Sync 1 DAGs
[2023-06-12 08:12:16,818] {logging_mixin.py:104} INFO - [2023-06-12 08:12:16,818] {dag.py:2306} INFO - Setting next_dagrun for latest_only_with_trigger to 2023-06-10 00:00:00+00:00
[2023-06-12 08:12:16,827] {scheduler_job.py:189} INFO - Processing /home/airflow/.local/lib/python3.6/site-packages/airflow/example_dags/example_latest_only_with_trigger.py took 0.051 seconds
[2023-06-12 08:12:47,443] {scheduler_job.py:181} INFO - Started process (PID=2308) to work on /home/airflow/.local/lib/python3.6/site-packages/airflow/example_dags/example_latest_only_with_trigger.py
[2023-06-12 08:12:47,444] {scheduler_job.py:632} INFO - Processing file /home/airflow/.local/lib/python3.6/site-packages/airflow/example_dags/example_latest_only_with_trigger.py for tasks to queue
[2023-06-12 08:12:47,445] {logging_mixin.py:104} INFO - [2023-06-12 08:12:47,445] {dagbag.py:496} INFO - Filling up the DagBag from /home/airflow/.local/lib/python3.6/site-packages/airflow/example_dags/example_latest_only_with_trigger.py
[2023-06-12 08:12:47,454] {scheduler_job.py:642} INFO - DAG(s) dict_keys(['latest_only_with_trigger']) retrieved from /home/airflow/.local/lib/python3.6/site-packages/airflow/example_dags/example_latest_only_with_trigger.py
[2023-06-12 08:12:47,474] {logging_mixin.py:104} INFO - [2023-06-12 08:12:47,473] {dag.py:1833} INFO - Sync 1 DAGs
[2023-06-12 08:12:47,485] {logging_mixin.py:104} INFO - [2023-06-12 08:12:47,485] {dag.py:2306} INFO - Setting next_dagrun for latest_only_with_trigger to 2023-06-10 00:00:00+00:00
[2023-06-12 08:12:47,495] {scheduler_job.py:189} INFO - Processing /home/airflow/.local/lib/python3.6/site-packages/airflow/example_dags/example_latest_only_with_trigger.py took 0.055 seconds
