[2023-06-12 07:53:28,233] {scheduler_job.py:181} INFO - Started process (PID=63) to work on /home/airflow/.local/lib/python3.6/site-packages/airflow/example_dags/example_kubernetes_executor_config.py
[2023-06-12 07:53:28,235] {scheduler_job.py:632} INFO - Processing file /home/airflow/.local/lib/python3.6/site-packages/airflow/example_dags/example_kubernetes_executor_config.py for tasks to queue
[2023-06-12 07:53:28,236] {logging_mixin.py:104} INFO - [2023-06-12 07:53:28,236] {dagbag.py:496} INFO - Filling up the DagBag from /home/airflow/.local/lib/python3.6/site-packages/airflow/example_dags/example_kubernetes_executor_config.py
[2023-06-12 07:53:28,249] {scheduler_job.py:642} INFO - DAG(s) dict_keys(['example_kubernetes_executor_config']) retrieved from /home/airflow/.local/lib/python3.6/site-packages/airflow/example_dags/example_kubernetes_executor_config.py
[2023-06-12 07:53:28,458] {logging_mixin.py:104} INFO - [2023-06-12 07:53:28,458] {dag.py:1833} INFO - Sync 1 DAGs
[2023-06-12 07:53:28,472] {logging_mixin.py:104} INFO - [2023-06-12 07:53:28,472] {dag.py:2306} INFO - Setting next_dagrun for example_kubernetes_executor_config to None
[2023-06-12 07:53:28,486] {scheduler_job.py:189} INFO - Processing /home/airflow/.local/lib/python3.6/site-packages/airflow/example_dags/example_kubernetes_executor_config.py took 0.257 seconds
[2023-06-12 07:53:59,043] {scheduler_job.py:181} INFO - Started process (PID=117) to work on /home/airflow/.local/lib/python3.6/site-packages/airflow/example_dags/example_kubernetes_executor_config.py
[2023-06-12 07:53:59,044] {scheduler_job.py:632} INFO - Processing file /home/airflow/.local/lib/python3.6/site-packages/airflow/example_dags/example_kubernetes_executor_config.py for tasks to queue
[2023-06-12 07:53:59,045] {logging_mixin.py:104} INFO - [2023-06-12 07:53:59,045] {dagbag.py:496} INFO - Filling up the DagBag from /home/airflow/.local/lib/python3.6/site-packages/airflow/example_dags/example_kubernetes_executor_config.py
[2023-06-12 07:53:59,056] {scheduler_job.py:642} INFO - DAG(s) dict_keys(['example_kubernetes_executor_config']) retrieved from /home/airflow/.local/lib/python3.6/site-packages/airflow/example_dags/example_kubernetes_executor_config.py
[2023-06-12 07:53:59,073] {logging_mixin.py:104} INFO - [2023-06-12 07:53:59,073] {dag.py:1833} INFO - Sync 1 DAGs
[2023-06-12 07:53:59,084] {logging_mixin.py:104} INFO - [2023-06-12 07:53:59,083] {dag.py:2306} INFO - Setting next_dagrun for example_kubernetes_executor_config to None
[2023-06-12 07:53:59,092] {scheduler_job.py:189} INFO - Processing /home/airflow/.local/lib/python3.6/site-packages/airflow/example_dags/example_kubernetes_executor_config.py took 0.051 seconds
[2023-06-12 07:54:29,488] {scheduler_job.py:181} INFO - Started process (PID=180) to work on /home/airflow/.local/lib/python3.6/site-packages/airflow/example_dags/example_kubernetes_executor_config.py
[2023-06-12 07:54:29,489] {scheduler_job.py:632} INFO - Processing file /home/airflow/.local/lib/python3.6/site-packages/airflow/example_dags/example_kubernetes_executor_config.py for tasks to queue
[2023-06-12 07:54:29,490] {logging_mixin.py:104} INFO - [2023-06-12 07:54:29,490] {dagbag.py:496} INFO - Filling up the DagBag from /home/airflow/.local/lib/python3.6/site-packages/airflow/example_dags/example_kubernetes_executor_config.py
[2023-06-12 07:54:29,501] {scheduler_job.py:642} INFO - DAG(s) dict_keys(['example_kubernetes_executor_config']) retrieved from /home/airflow/.local/lib/python3.6/site-packages/airflow/example_dags/example_kubernetes_executor_config.py
[2023-06-12 07:54:29,520] {logging_mixin.py:104} INFO - [2023-06-12 07:54:29,520] {dag.py:1833} INFO - Sync 1 DAGs
[2023-06-12 07:54:29,531] {logging_mixin.py:104} INFO - [2023-06-12 07:54:29,531] {dag.py:2306} INFO - Setting next_dagrun for example_kubernetes_executor_config to None
[2023-06-12 07:54:29,540] {scheduler_job.py:189} INFO - Processing /home/airflow/.local/lib/python3.6/site-packages/airflow/example_dags/example_kubernetes_executor_config.py took 0.056 seconds
[2023-06-12 07:55:00,423] {scheduler_job.py:181} INFO - Started process (PID=233) to work on /home/airflow/.local/lib/python3.6/site-packages/airflow/example_dags/example_kubernetes_executor_config.py
[2023-06-12 07:55:00,424] {scheduler_job.py:632} INFO - Processing file /home/airflow/.local/lib/python3.6/site-packages/airflow/example_dags/example_kubernetes_executor_config.py for tasks to queue
[2023-06-12 07:55:00,425] {logging_mixin.py:104} INFO - [2023-06-12 07:55:00,425] {dagbag.py:496} INFO - Filling up the DagBag from /home/airflow/.local/lib/python3.6/site-packages/airflow/example_dags/example_kubernetes_executor_config.py
[2023-06-12 07:55:00,435] {scheduler_job.py:642} INFO - DAG(s) dict_keys(['example_kubernetes_executor_config']) retrieved from /home/airflow/.local/lib/python3.6/site-packages/airflow/example_dags/example_kubernetes_executor_config.py
[2023-06-12 07:55:00,452] {logging_mixin.py:104} INFO - [2023-06-12 07:55:00,451] {dag.py:1833} INFO - Sync 1 DAGs
[2023-06-12 07:55:00,462] {logging_mixin.py:104} INFO - [2023-06-12 07:55:00,462] {dag.py:2306} INFO - Setting next_dagrun for example_kubernetes_executor_config to None
[2023-06-12 07:55:00,472] {scheduler_job.py:189} INFO - Processing /home/airflow/.local/lib/python3.6/site-packages/airflow/example_dags/example_kubernetes_executor_config.py took 0.052 seconds
[2023-06-12 07:55:30,891] {scheduler_job.py:181} INFO - Started process (PID=296) to work on /home/airflow/.local/lib/python3.6/site-packages/airflow/example_dags/example_kubernetes_executor_config.py
[2023-06-12 07:55:30,892] {scheduler_job.py:632} INFO - Processing file /home/airflow/.local/lib/python3.6/site-packages/airflow/example_dags/example_kubernetes_executor_config.py for tasks to queue
[2023-06-12 07:55:30,893] {logging_mixin.py:104} INFO - [2023-06-12 07:55:30,893] {dagbag.py:496} INFO - Filling up the DagBag from /home/airflow/.local/lib/python3.6/site-packages/airflow/example_dags/example_kubernetes_executor_config.py
[2023-06-12 07:55:30,903] {scheduler_job.py:642} INFO - DAG(s) dict_keys(['example_kubernetes_executor_config']) retrieved from /home/airflow/.local/lib/python3.6/site-packages/airflow/example_dags/example_kubernetes_executor_config.py
[2023-06-12 07:55:30,920] {logging_mixin.py:104} INFO - [2023-06-12 07:55:30,919] {dag.py:1833} INFO - Sync 1 DAGs
[2023-06-12 07:55:30,930] {logging_mixin.py:104} INFO - [2023-06-12 07:55:30,930] {dag.py:2306} INFO - Setting next_dagrun for example_kubernetes_executor_config to None
[2023-06-12 07:55:30,940] {scheduler_job.py:189} INFO - Processing /home/airflow/.local/lib/python3.6/site-packages/airflow/example_dags/example_kubernetes_executor_config.py took 0.051 seconds
[2023-06-12 07:56:01,328] {scheduler_job.py:181} INFO - Started process (PID=359) to work on /home/airflow/.local/lib/python3.6/site-packages/airflow/example_dags/example_kubernetes_executor_config.py
[2023-06-12 07:56:01,329] {scheduler_job.py:632} INFO - Processing file /home/airflow/.local/lib/python3.6/site-packages/airflow/example_dags/example_kubernetes_executor_config.py for tasks to queue
[2023-06-12 07:56:01,330] {logging_mixin.py:104} INFO - [2023-06-12 07:56:01,330] {dagbag.py:496} INFO - Filling up the DagBag from /home/airflow/.local/lib/python3.6/site-packages/airflow/example_dags/example_kubernetes_executor_config.py
[2023-06-12 07:56:01,341] {scheduler_job.py:642} INFO - DAG(s) dict_keys(['example_kubernetes_executor_config']) retrieved from /home/airflow/.local/lib/python3.6/site-packages/airflow/example_dags/example_kubernetes_executor_config.py
[2023-06-12 07:56:01,359] {logging_mixin.py:104} INFO - [2023-06-12 07:56:01,359] {dag.py:1833} INFO - Sync 1 DAGs
[2023-06-12 07:56:01,371] {logging_mixin.py:104} INFO - [2023-06-12 07:56:01,371] {dag.py:2306} INFO - Setting next_dagrun for example_kubernetes_executor_config to None
[2023-06-12 07:56:01,381] {scheduler_job.py:189} INFO - Processing /home/airflow/.local/lib/python3.6/site-packages/airflow/example_dags/example_kubernetes_executor_config.py took 0.056 seconds
[2023-06-12 07:56:31,914] {scheduler_job.py:181} INFO - Started process (PID=412) to work on /home/airflow/.local/lib/python3.6/site-packages/airflow/example_dags/example_kubernetes_executor_config.py
[2023-06-12 07:56:31,916] {scheduler_job.py:632} INFO - Processing file /home/airflow/.local/lib/python3.6/site-packages/airflow/example_dags/example_kubernetes_executor_config.py for tasks to queue
[2023-06-12 07:56:31,917] {logging_mixin.py:104} INFO - [2023-06-12 07:56:31,917] {dagbag.py:496} INFO - Filling up the DagBag from /home/airflow/.local/lib/python3.6/site-packages/airflow/example_dags/example_kubernetes_executor_config.py
[2023-06-12 07:56:31,933] {scheduler_job.py:642} INFO - DAG(s) dict_keys(['example_kubernetes_executor_config']) retrieved from /home/airflow/.local/lib/python3.6/site-packages/airflow/example_dags/example_kubernetes_executor_config.py
[2023-06-12 07:56:31,957] {logging_mixin.py:104} INFO - [2023-06-12 07:56:31,956] {dag.py:1833} INFO - Sync 1 DAGs
[2023-06-12 07:56:31,971] {logging_mixin.py:104} INFO - [2023-06-12 07:56:31,971] {dag.py:2306} INFO - Setting next_dagrun for example_kubernetes_executor_config to None
[2023-06-12 07:56:31,982] {scheduler_job.py:189} INFO - Processing /home/airflow/.local/lib/python3.6/site-packages/airflow/example_dags/example_kubernetes_executor_config.py took 0.071 seconds
[2023-06-12 07:57:02,781] {scheduler_job.py:181} INFO - Started process (PID=475) to work on /home/airflow/.local/lib/python3.6/site-packages/airflow/example_dags/example_kubernetes_executor_config.py
[2023-06-12 07:57:02,783] {scheduler_job.py:632} INFO - Processing file /home/airflow/.local/lib/python3.6/site-packages/airflow/example_dags/example_kubernetes_executor_config.py for tasks to queue
[2023-06-12 07:57:02,784] {logging_mixin.py:104} INFO - [2023-06-12 07:57:02,783] {dagbag.py:496} INFO - Filling up the DagBag from /home/airflow/.local/lib/python3.6/site-packages/airflow/example_dags/example_kubernetes_executor_config.py
[2023-06-12 07:57:02,794] {scheduler_job.py:642} INFO - DAG(s) dict_keys(['example_kubernetes_executor_config']) retrieved from /home/airflow/.local/lib/python3.6/site-packages/airflow/example_dags/example_kubernetes_executor_config.py
[2023-06-12 07:57:02,812] {logging_mixin.py:104} INFO - [2023-06-12 07:57:02,812] {dag.py:1833} INFO - Sync 1 DAGs
[2023-06-12 07:57:02,824] {logging_mixin.py:104} INFO - [2023-06-12 07:57:02,824] {dag.py:2306} INFO - Setting next_dagrun for example_kubernetes_executor_config to None
[2023-06-12 07:57:02,835] {scheduler_job.py:189} INFO - Processing /home/airflow/.local/lib/python3.6/site-packages/airflow/example_dags/example_kubernetes_executor_config.py took 0.056 seconds
[2023-06-12 07:57:33,044] {scheduler_job.py:181} INFO - Started process (PID=528) to work on /home/airflow/.local/lib/python3.6/site-packages/airflow/example_dags/example_kubernetes_executor_config.py
[2023-06-12 07:57:33,045] {scheduler_job.py:632} INFO - Processing file /home/airflow/.local/lib/python3.6/site-packages/airflow/example_dags/example_kubernetes_executor_config.py for tasks to queue
[2023-06-12 07:57:33,046] {logging_mixin.py:104} INFO - [2023-06-12 07:57:33,046] {dagbag.py:496} INFO - Filling up the DagBag from /home/airflow/.local/lib/python3.6/site-packages/airflow/example_dags/example_kubernetes_executor_config.py
[2023-06-12 07:57:33,056] {scheduler_job.py:642} INFO - DAG(s) dict_keys(['example_kubernetes_executor_config']) retrieved from /home/airflow/.local/lib/python3.6/site-packages/airflow/example_dags/example_kubernetes_executor_config.py
[2023-06-12 07:57:33,074] {logging_mixin.py:104} INFO - [2023-06-12 07:57:33,074] {dag.py:1833} INFO - Sync 1 DAGs
[2023-06-12 07:57:33,086] {logging_mixin.py:104} INFO - [2023-06-12 07:57:33,086] {dag.py:2306} INFO - Setting next_dagrun for example_kubernetes_executor_config to None
[2023-06-12 07:57:33,095] {scheduler_job.py:189} INFO - Processing /home/airflow/.local/lib/python3.6/site-packages/airflow/example_dags/example_kubernetes_executor_config.py took 0.054 seconds
[2023-06-12 07:58:03,161] {scheduler_job.py:181} INFO - Started process (PID=591) to work on /home/airflow/.local/lib/python3.6/site-packages/airflow/example_dags/example_kubernetes_executor_config.py
[2023-06-12 07:58:03,163] {scheduler_job.py:632} INFO - Processing file /home/airflow/.local/lib/python3.6/site-packages/airflow/example_dags/example_kubernetes_executor_config.py for tasks to queue
[2023-06-12 07:58:03,164] {logging_mixin.py:104} INFO - [2023-06-12 07:58:03,164] {dagbag.py:496} INFO - Filling up the DagBag from /home/airflow/.local/lib/python3.6/site-packages/airflow/example_dags/example_kubernetes_executor_config.py
[2023-06-12 07:58:03,176] {scheduler_job.py:642} INFO - DAG(s) dict_keys(['example_kubernetes_executor_config']) retrieved from /home/airflow/.local/lib/python3.6/site-packages/airflow/example_dags/example_kubernetes_executor_config.py
[2023-06-12 07:58:03,196] {logging_mixin.py:104} INFO - [2023-06-12 07:58:03,196] {dag.py:1833} INFO - Sync 1 DAGs
[2023-06-12 07:58:03,210] {logging_mixin.py:104} INFO - [2023-06-12 07:58:03,210] {dag.py:2306} INFO - Setting next_dagrun for example_kubernetes_executor_config to None
[2023-06-12 07:58:03,221] {scheduler_job.py:189} INFO - Processing /home/airflow/.local/lib/python3.6/site-packages/airflow/example_dags/example_kubernetes_executor_config.py took 0.063 seconds
[2023-06-12 07:58:33,578] {scheduler_job.py:181} INFO - Started process (PID=654) to work on /home/airflow/.local/lib/python3.6/site-packages/airflow/example_dags/example_kubernetes_executor_config.py
[2023-06-12 07:58:33,579] {scheduler_job.py:632} INFO - Processing file /home/airflow/.local/lib/python3.6/site-packages/airflow/example_dags/example_kubernetes_executor_config.py for tasks to queue
[2023-06-12 07:58:33,581] {logging_mixin.py:104} INFO - [2023-06-12 07:58:33,580] {dagbag.py:496} INFO - Filling up the DagBag from /home/airflow/.local/lib/python3.6/site-packages/airflow/example_dags/example_kubernetes_executor_config.py
[2023-06-12 07:58:33,593] {scheduler_job.py:642} INFO - DAG(s) dict_keys(['example_kubernetes_executor_config']) retrieved from /home/airflow/.local/lib/python3.6/site-packages/airflow/example_dags/example_kubernetes_executor_config.py
[2023-06-12 07:58:33,614] {logging_mixin.py:104} INFO - [2023-06-12 07:58:33,613] {dag.py:1833} INFO - Sync 1 DAGs
[2023-06-12 07:58:33,627] {logging_mixin.py:104} INFO - [2023-06-12 07:58:33,627] {dag.py:2306} INFO - Setting next_dagrun for example_kubernetes_executor_config to None
[2023-06-12 07:58:33,637] {scheduler_job.py:189} INFO - Processing /home/airflow/.local/lib/python3.6/site-packages/airflow/example_dags/example_kubernetes_executor_config.py took 0.063 seconds
[2023-06-12 07:59:04,599] {scheduler_job.py:181} INFO - Started process (PID=707) to work on /home/airflow/.local/lib/python3.6/site-packages/airflow/example_dags/example_kubernetes_executor_config.py
[2023-06-12 07:59:04,600] {scheduler_job.py:632} INFO - Processing file /home/airflow/.local/lib/python3.6/site-packages/airflow/example_dags/example_kubernetes_executor_config.py for tasks to queue
[2023-06-12 07:59:04,601] {logging_mixin.py:104} INFO - [2023-06-12 07:59:04,601] {dagbag.py:496} INFO - Filling up the DagBag from /home/airflow/.local/lib/python3.6/site-packages/airflow/example_dags/example_kubernetes_executor_config.py
[2023-06-12 07:59:04,613] {scheduler_job.py:642} INFO - DAG(s) dict_keys(['example_kubernetes_executor_config']) retrieved from /home/airflow/.local/lib/python3.6/site-packages/airflow/example_dags/example_kubernetes_executor_config.py
[2023-06-12 07:59:04,632] {logging_mixin.py:104} INFO - [2023-06-12 07:59:04,632] {dag.py:1833} INFO - Sync 1 DAGs
[2023-06-12 07:59:04,646] {logging_mixin.py:104} INFO - [2023-06-12 07:59:04,646] {dag.py:2306} INFO - Setting next_dagrun for example_kubernetes_executor_config to None
[2023-06-12 07:59:04,655] {scheduler_job.py:189} INFO - Processing /home/airflow/.local/lib/python3.6/site-packages/airflow/example_dags/example_kubernetes_executor_config.py took 0.059 seconds
[2023-06-12 07:59:35,490] {scheduler_job.py:181} INFO - Started process (PID=770) to work on /home/airflow/.local/lib/python3.6/site-packages/airflow/example_dags/example_kubernetes_executor_config.py
[2023-06-12 07:59:35,492] {scheduler_job.py:632} INFO - Processing file /home/airflow/.local/lib/python3.6/site-packages/airflow/example_dags/example_kubernetes_executor_config.py for tasks to queue
[2023-06-12 07:59:35,493] {logging_mixin.py:104} INFO - [2023-06-12 07:59:35,492] {dagbag.py:496} INFO - Filling up the DagBag from /home/airflow/.local/lib/python3.6/site-packages/airflow/example_dags/example_kubernetes_executor_config.py
[2023-06-12 07:59:35,503] {scheduler_job.py:642} INFO - DAG(s) dict_keys(['example_kubernetes_executor_config']) retrieved from /home/airflow/.local/lib/python3.6/site-packages/airflow/example_dags/example_kubernetes_executor_config.py
[2023-06-12 07:59:35,522] {logging_mixin.py:104} INFO - [2023-06-12 07:59:35,522] {dag.py:1833} INFO - Sync 1 DAGs
[2023-06-12 07:59:35,535] {logging_mixin.py:104} INFO - [2023-06-12 07:59:35,535] {dag.py:2306} INFO - Setting next_dagrun for example_kubernetes_executor_config to None
[2023-06-12 07:59:35,545] {scheduler_job.py:189} INFO - Processing /home/airflow/.local/lib/python3.6/site-packages/airflow/example_dags/example_kubernetes_executor_config.py took 0.057 seconds
[2023-06-12 08:00:06,406] {scheduler_job.py:181} INFO - Started process (PID=833) to work on /home/airflow/.local/lib/python3.6/site-packages/airflow/example_dags/example_kubernetes_executor_config.py
[2023-06-12 08:00:06,407] {scheduler_job.py:632} INFO - Processing file /home/airflow/.local/lib/python3.6/site-packages/airflow/example_dags/example_kubernetes_executor_config.py for tasks to queue
[2023-06-12 08:00:06,408] {logging_mixin.py:104} INFO - [2023-06-12 08:00:06,408] {dagbag.py:496} INFO - Filling up the DagBag from /home/airflow/.local/lib/python3.6/site-packages/airflow/example_dags/example_kubernetes_executor_config.py
[2023-06-12 08:00:06,423] {scheduler_job.py:642} INFO - DAG(s) dict_keys(['example_kubernetes_executor_config']) retrieved from /home/airflow/.local/lib/python3.6/site-packages/airflow/example_dags/example_kubernetes_executor_config.py
[2023-06-12 08:00:06,443] {logging_mixin.py:104} INFO - [2023-06-12 08:00:06,443] {dag.py:1833} INFO - Sync 1 DAGs
[2023-06-12 08:00:06,459] {logging_mixin.py:104} INFO - [2023-06-12 08:00:06,459] {dag.py:2306} INFO - Setting next_dagrun for example_kubernetes_executor_config to None
[2023-06-12 08:00:06,468] {scheduler_job.py:189} INFO - Processing /home/airflow/.local/lib/python3.6/site-packages/airflow/example_dags/example_kubernetes_executor_config.py took 0.066 seconds
[2023-06-12 08:00:36,710] {scheduler_job.py:181} INFO - Started process (PID=886) to work on /home/airflow/.local/lib/python3.6/site-packages/airflow/example_dags/example_kubernetes_executor_config.py
[2023-06-12 08:00:36,712] {scheduler_job.py:632} INFO - Processing file /home/airflow/.local/lib/python3.6/site-packages/airflow/example_dags/example_kubernetes_executor_config.py for tasks to queue
[2023-06-12 08:00:36,713] {logging_mixin.py:104} INFO - [2023-06-12 08:00:36,713] {dagbag.py:496} INFO - Filling up the DagBag from /home/airflow/.local/lib/python3.6/site-packages/airflow/example_dags/example_kubernetes_executor_config.py
[2023-06-12 08:00:36,726] {scheduler_job.py:642} INFO - DAG(s) dict_keys(['example_kubernetes_executor_config']) retrieved from /home/airflow/.local/lib/python3.6/site-packages/airflow/example_dags/example_kubernetes_executor_config.py
[2023-06-12 08:00:36,744] {logging_mixin.py:104} INFO - [2023-06-12 08:00:36,744] {dag.py:1833} INFO - Sync 1 DAGs
[2023-06-12 08:00:36,758] {logging_mixin.py:104} INFO - [2023-06-12 08:00:36,758] {dag.py:2306} INFO - Setting next_dagrun for example_kubernetes_executor_config to None
[2023-06-12 08:00:36,769] {scheduler_job.py:189} INFO - Processing /home/airflow/.local/lib/python3.6/site-packages/airflow/example_dags/example_kubernetes_executor_config.py took 0.062 seconds
[2023-06-12 08:01:07,562] {scheduler_job.py:181} INFO - Started process (PID=949) to work on /home/airflow/.local/lib/python3.6/site-packages/airflow/example_dags/example_kubernetes_executor_config.py
[2023-06-12 08:01:07,564] {scheduler_job.py:632} INFO - Processing file /home/airflow/.local/lib/python3.6/site-packages/airflow/example_dags/example_kubernetes_executor_config.py for tasks to queue
[2023-06-12 08:01:07,565] {logging_mixin.py:104} INFO - [2023-06-12 08:01:07,565] {dagbag.py:496} INFO - Filling up the DagBag from /home/airflow/.local/lib/python3.6/site-packages/airflow/example_dags/example_kubernetes_executor_config.py
[2023-06-12 08:01:07,577] {scheduler_job.py:642} INFO - DAG(s) dict_keys(['example_kubernetes_executor_config']) retrieved from /home/airflow/.local/lib/python3.6/site-packages/airflow/example_dags/example_kubernetes_executor_config.py
[2023-06-12 08:01:07,596] {logging_mixin.py:104} INFO - [2023-06-12 08:01:07,596] {dag.py:1833} INFO - Sync 1 DAGs
[2023-06-12 08:01:07,608] {logging_mixin.py:104} INFO - [2023-06-12 08:01:07,608] {dag.py:2306} INFO - Setting next_dagrun for example_kubernetes_executor_config to None
[2023-06-12 08:01:07,618] {scheduler_job.py:189} INFO - Processing /home/airflow/.local/lib/python3.6/site-packages/airflow/example_dags/example_kubernetes_executor_config.py took 0.059 seconds
[2023-06-12 08:01:38,490] {scheduler_job.py:181} INFO - Started process (PID=1002) to work on /home/airflow/.local/lib/python3.6/site-packages/airflow/example_dags/example_kubernetes_executor_config.py
[2023-06-12 08:01:38,491] {scheduler_job.py:632} INFO - Processing file /home/airflow/.local/lib/python3.6/site-packages/airflow/example_dags/example_kubernetes_executor_config.py for tasks to queue
[2023-06-12 08:01:38,492] {logging_mixin.py:104} INFO - [2023-06-12 08:01:38,492] {dagbag.py:496} INFO - Filling up the DagBag from /home/airflow/.local/lib/python3.6/site-packages/airflow/example_dags/example_kubernetes_executor_config.py
[2023-06-12 08:01:38,502] {scheduler_job.py:642} INFO - DAG(s) dict_keys(['example_kubernetes_executor_config']) retrieved from /home/airflow/.local/lib/python3.6/site-packages/airflow/example_dags/example_kubernetes_executor_config.py
[2023-06-12 08:01:38,521] {logging_mixin.py:104} INFO - [2023-06-12 08:01:38,521] {dag.py:1833} INFO - Sync 1 DAGs
[2023-06-12 08:01:38,532] {logging_mixin.py:104} INFO - [2023-06-12 08:01:38,532] {dag.py:2306} INFO - Setting next_dagrun for example_kubernetes_executor_config to None
[2023-06-12 08:01:38,541] {scheduler_job.py:189} INFO - Processing /home/airflow/.local/lib/python3.6/site-packages/airflow/example_dags/example_kubernetes_executor_config.py took 0.053 seconds
[2023-06-12 08:02:08,702] {scheduler_job.py:181} INFO - Started process (PID=1065) to work on /home/airflow/.local/lib/python3.6/site-packages/airflow/example_dags/example_kubernetes_executor_config.py
[2023-06-12 08:02:08,704] {scheduler_job.py:632} INFO - Processing file /home/airflow/.local/lib/python3.6/site-packages/airflow/example_dags/example_kubernetes_executor_config.py for tasks to queue
[2023-06-12 08:02:08,705] {logging_mixin.py:104} INFO - [2023-06-12 08:02:08,705] {dagbag.py:496} INFO - Filling up the DagBag from /home/airflow/.local/lib/python3.6/site-packages/airflow/example_dags/example_kubernetes_executor_config.py
[2023-06-12 08:02:08,720] {scheduler_job.py:642} INFO - DAG(s) dict_keys(['example_kubernetes_executor_config']) retrieved from /home/airflow/.local/lib/python3.6/site-packages/airflow/example_dags/example_kubernetes_executor_config.py
[2023-06-12 08:02:08,745] {logging_mixin.py:104} INFO - [2023-06-12 08:02:08,745] {dag.py:1833} INFO - Sync 1 DAGs
[2023-06-12 08:02:08,759] {logging_mixin.py:104} INFO - [2023-06-12 08:02:08,758] {dag.py:2306} INFO - Setting next_dagrun for example_kubernetes_executor_config to None
[2023-06-12 08:02:08,768] {scheduler_job.py:189} INFO - Processing /home/airflow/.local/lib/python3.6/site-packages/airflow/example_dags/example_kubernetes_executor_config.py took 0.070 seconds
[2023-06-12 08:02:39,086] {scheduler_job.py:181} INFO - Started process (PID=1128) to work on /home/airflow/.local/lib/python3.6/site-packages/airflow/example_dags/example_kubernetes_executor_config.py
[2023-06-12 08:02:39,087] {scheduler_job.py:632} INFO - Processing file /home/airflow/.local/lib/python3.6/site-packages/airflow/example_dags/example_kubernetes_executor_config.py for tasks to queue
[2023-06-12 08:02:39,088] {logging_mixin.py:104} INFO - [2023-06-12 08:02:39,088] {dagbag.py:496} INFO - Filling up the DagBag from /home/airflow/.local/lib/python3.6/site-packages/airflow/example_dags/example_kubernetes_executor_config.py
[2023-06-12 08:02:39,100] {scheduler_job.py:642} INFO - DAG(s) dict_keys(['example_kubernetes_executor_config']) retrieved from /home/airflow/.local/lib/python3.6/site-packages/airflow/example_dags/example_kubernetes_executor_config.py
[2023-06-12 08:02:39,117] {logging_mixin.py:104} INFO - [2023-06-12 08:02:39,117] {dag.py:1833} INFO - Sync 1 DAGs
[2023-06-12 08:02:39,129] {logging_mixin.py:104} INFO - [2023-06-12 08:02:39,129] {dag.py:2306} INFO - Setting next_dagrun for example_kubernetes_executor_config to None
[2023-06-12 08:02:39,139] {scheduler_job.py:189} INFO - Processing /home/airflow/.local/lib/python3.6/site-packages/airflow/example_dags/example_kubernetes_executor_config.py took 0.056 seconds
[2023-06-12 08:03:09,357] {scheduler_job.py:181} INFO - Started process (PID=1181) to work on /home/airflow/.local/lib/python3.6/site-packages/airflow/example_dags/example_kubernetes_executor_config.py
[2023-06-12 08:03:09,358] {scheduler_job.py:632} INFO - Processing file /home/airflow/.local/lib/python3.6/site-packages/airflow/example_dags/example_kubernetes_executor_config.py for tasks to queue
[2023-06-12 08:03:09,359] {logging_mixin.py:104} INFO - [2023-06-12 08:03:09,359] {dagbag.py:496} INFO - Filling up the DagBag from /home/airflow/.local/lib/python3.6/site-packages/airflow/example_dags/example_kubernetes_executor_config.py
[2023-06-12 08:03:09,372] {scheduler_job.py:642} INFO - DAG(s) dict_keys(['example_kubernetes_executor_config']) retrieved from /home/airflow/.local/lib/python3.6/site-packages/airflow/example_dags/example_kubernetes_executor_config.py
[2023-06-12 08:03:09,390] {logging_mixin.py:104} INFO - [2023-06-12 08:03:09,390] {dag.py:1833} INFO - Sync 1 DAGs
[2023-06-12 08:03:09,401] {logging_mixin.py:104} INFO - [2023-06-12 08:03:09,401] {dag.py:2306} INFO - Setting next_dagrun for example_kubernetes_executor_config to None
[2023-06-12 08:03:09,409] {scheduler_job.py:189} INFO - Processing /home/airflow/.local/lib/python3.6/site-packages/airflow/example_dags/example_kubernetes_executor_config.py took 0.054 seconds
[2023-06-12 08:03:39,679] {scheduler_job.py:181} INFO - Started process (PID=1244) to work on /home/airflow/.local/lib/python3.6/site-packages/airflow/example_dags/example_kubernetes_executor_config.py
[2023-06-12 08:03:39,680] {scheduler_job.py:632} INFO - Processing file /home/airflow/.local/lib/python3.6/site-packages/airflow/example_dags/example_kubernetes_executor_config.py for tasks to queue
[2023-06-12 08:03:39,681] {logging_mixin.py:104} INFO - [2023-06-12 08:03:39,681] {dagbag.py:496} INFO - Filling up the DagBag from /home/airflow/.local/lib/python3.6/site-packages/airflow/example_dags/example_kubernetes_executor_config.py
[2023-06-12 08:03:39,693] {scheduler_job.py:642} INFO - DAG(s) dict_keys(['example_kubernetes_executor_config']) retrieved from /home/airflow/.local/lib/python3.6/site-packages/airflow/example_dags/example_kubernetes_executor_config.py
[2023-06-12 08:03:39,713] {logging_mixin.py:104} INFO - [2023-06-12 08:03:39,713] {dag.py:1833} INFO - Sync 1 DAGs
[2023-06-12 08:03:39,725] {logging_mixin.py:104} INFO - [2023-06-12 08:03:39,725] {dag.py:2306} INFO - Setting next_dagrun for example_kubernetes_executor_config to None
[2023-06-12 08:03:39,733] {scheduler_job.py:189} INFO - Processing /home/airflow/.local/lib/python3.6/site-packages/airflow/example_dags/example_kubernetes_executor_config.py took 0.057 seconds
[2023-06-12 08:04:10,091] {scheduler_job.py:181} INFO - Started process (PID=1298) to work on /home/airflow/.local/lib/python3.6/site-packages/airflow/example_dags/example_kubernetes_executor_config.py
[2023-06-12 08:04:10,092] {scheduler_job.py:632} INFO - Processing file /home/airflow/.local/lib/python3.6/site-packages/airflow/example_dags/example_kubernetes_executor_config.py for tasks to queue
[2023-06-12 08:04:10,093] {logging_mixin.py:104} INFO - [2023-06-12 08:04:10,093] {dagbag.py:496} INFO - Filling up the DagBag from /home/airflow/.local/lib/python3.6/site-packages/airflow/example_dags/example_kubernetes_executor_config.py
[2023-06-12 08:04:10,106] {scheduler_job.py:642} INFO - DAG(s) dict_keys(['example_kubernetes_executor_config']) retrieved from /home/airflow/.local/lib/python3.6/site-packages/airflow/example_dags/example_kubernetes_executor_config.py
[2023-06-12 08:04:10,125] {logging_mixin.py:104} INFO - [2023-06-12 08:04:10,125] {dag.py:1833} INFO - Sync 1 DAGs
[2023-06-12 08:04:10,136] {logging_mixin.py:104} INFO - [2023-06-12 08:04:10,136] {dag.py:2306} INFO - Setting next_dagrun for example_kubernetes_executor_config to None
[2023-06-12 08:04:10,146] {scheduler_job.py:189} INFO - Processing /home/airflow/.local/lib/python3.6/site-packages/airflow/example_dags/example_kubernetes_executor_config.py took 0.058 seconds
[2023-06-12 08:04:40,571] {scheduler_job.py:181} INFO - Started process (PID=1361) to work on /home/airflow/.local/lib/python3.6/site-packages/airflow/example_dags/example_kubernetes_executor_config.py
[2023-06-12 08:04:40,572] {scheduler_job.py:632} INFO - Processing file /home/airflow/.local/lib/python3.6/site-packages/airflow/example_dags/example_kubernetes_executor_config.py for tasks to queue
[2023-06-12 08:04:40,573] {logging_mixin.py:104} INFO - [2023-06-12 08:04:40,573] {dagbag.py:496} INFO - Filling up the DagBag from /home/airflow/.local/lib/python3.6/site-packages/airflow/example_dags/example_kubernetes_executor_config.py
[2023-06-12 08:04:40,586] {scheduler_job.py:642} INFO - DAG(s) dict_keys(['example_kubernetes_executor_config']) retrieved from /home/airflow/.local/lib/python3.6/site-packages/airflow/example_dags/example_kubernetes_executor_config.py
[2023-06-12 08:04:40,604] {logging_mixin.py:104} INFO - [2023-06-12 08:04:40,604] {dag.py:1833} INFO - Sync 1 DAGs
[2023-06-12 08:04:40,618] {logging_mixin.py:104} INFO - [2023-06-12 08:04:40,617] {dag.py:2306} INFO - Setting next_dagrun for example_kubernetes_executor_config to None
[2023-06-12 08:04:40,626] {scheduler_job.py:189} INFO - Processing /home/airflow/.local/lib/python3.6/site-packages/airflow/example_dags/example_kubernetes_executor_config.py took 0.057 seconds
[2023-06-12 08:05:10,916] {scheduler_job.py:181} INFO - Started process (PID=1424) to work on /home/airflow/.local/lib/python3.6/site-packages/airflow/example_dags/example_kubernetes_executor_config.py
[2023-06-12 08:05:10,917] {scheduler_job.py:632} INFO - Processing file /home/airflow/.local/lib/python3.6/site-packages/airflow/example_dags/example_kubernetes_executor_config.py for tasks to queue
[2023-06-12 08:05:10,918] {logging_mixin.py:104} INFO - [2023-06-12 08:05:10,918] {dagbag.py:496} INFO - Filling up the DagBag from /home/airflow/.local/lib/python3.6/site-packages/airflow/example_dags/example_kubernetes_executor_config.py
[2023-06-12 08:05:10,930] {scheduler_job.py:642} INFO - DAG(s) dict_keys(['example_kubernetes_executor_config']) retrieved from /home/airflow/.local/lib/python3.6/site-packages/airflow/example_dags/example_kubernetes_executor_config.py
[2023-06-12 08:05:10,949] {logging_mixin.py:104} INFO - [2023-06-12 08:05:10,949] {dag.py:1833} INFO - Sync 1 DAGs
[2023-06-12 08:05:10,961] {logging_mixin.py:104} INFO - [2023-06-12 08:05:10,961] {dag.py:2306} INFO - Setting next_dagrun for example_kubernetes_executor_config to None
[2023-06-12 08:05:10,972] {scheduler_job.py:189} INFO - Processing /home/airflow/.local/lib/python3.6/site-packages/airflow/example_dags/example_kubernetes_executor_config.py took 0.059 seconds
[2023-06-12 08:05:41,152] {scheduler_job.py:181} INFO - Started process (PID=1478) to work on /home/airflow/.local/lib/python3.6/site-packages/airflow/example_dags/example_kubernetes_executor_config.py
[2023-06-12 08:05:41,154] {scheduler_job.py:632} INFO - Processing file /home/airflow/.local/lib/python3.6/site-packages/airflow/example_dags/example_kubernetes_executor_config.py for tasks to queue
[2023-06-12 08:05:41,155] {logging_mixin.py:104} INFO - [2023-06-12 08:05:41,155] {dagbag.py:496} INFO - Filling up the DagBag from /home/airflow/.local/lib/python3.6/site-packages/airflow/example_dags/example_kubernetes_executor_config.py
[2023-06-12 08:05:41,165] {scheduler_job.py:642} INFO - DAG(s) dict_keys(['example_kubernetes_executor_config']) retrieved from /home/airflow/.local/lib/python3.6/site-packages/airflow/example_dags/example_kubernetes_executor_config.py
[2023-06-12 08:05:41,182] {logging_mixin.py:104} INFO - [2023-06-12 08:05:41,182] {dag.py:1833} INFO - Sync 1 DAGs
[2023-06-12 08:05:41,194] {logging_mixin.py:104} INFO - [2023-06-12 08:05:41,193] {dag.py:2306} INFO - Setting next_dagrun for example_kubernetes_executor_config to None
[2023-06-12 08:05:41,201] {scheduler_job.py:189} INFO - Processing /home/airflow/.local/lib/python3.6/site-packages/airflow/example_dags/example_kubernetes_executor_config.py took 0.051 seconds
[2023-06-12 08:06:11,704] {scheduler_job.py:181} INFO - Started process (PID=1541) to work on /home/airflow/.local/lib/python3.6/site-packages/airflow/example_dags/example_kubernetes_executor_config.py
[2023-06-12 08:06:11,705] {scheduler_job.py:632} INFO - Processing file /home/airflow/.local/lib/python3.6/site-packages/airflow/example_dags/example_kubernetes_executor_config.py for tasks to queue
[2023-06-12 08:06:11,706] {logging_mixin.py:104} INFO - [2023-06-12 08:06:11,706] {dagbag.py:496} INFO - Filling up the DagBag from /home/airflow/.local/lib/python3.6/site-packages/airflow/example_dags/example_kubernetes_executor_config.py
[2023-06-12 08:06:11,717] {scheduler_job.py:642} INFO - DAG(s) dict_keys(['example_kubernetes_executor_config']) retrieved from /home/airflow/.local/lib/python3.6/site-packages/airflow/example_dags/example_kubernetes_executor_config.py
[2023-06-12 08:06:11,733] {logging_mixin.py:104} INFO - [2023-06-12 08:06:11,733] {dag.py:1833} INFO - Sync 1 DAGs
[2023-06-12 08:06:11,744] {logging_mixin.py:104} INFO - [2023-06-12 08:06:11,744] {dag.py:2306} INFO - Setting next_dagrun for example_kubernetes_executor_config to None
[2023-06-12 08:06:11,755] {scheduler_job.py:189} INFO - Processing /home/airflow/.local/lib/python3.6/site-packages/airflow/example_dags/example_kubernetes_executor_config.py took 0.054 seconds
[2023-06-12 08:06:41,982] {scheduler_job.py:181} INFO - Started process (PID=1594) to work on /home/airflow/.local/lib/python3.6/site-packages/airflow/example_dags/example_kubernetes_executor_config.py
[2023-06-12 08:06:41,983] {scheduler_job.py:632} INFO - Processing file /home/airflow/.local/lib/python3.6/site-packages/airflow/example_dags/example_kubernetes_executor_config.py for tasks to queue
[2023-06-12 08:06:41,985] {logging_mixin.py:104} INFO - [2023-06-12 08:06:41,984] {dagbag.py:496} INFO - Filling up the DagBag from /home/airflow/.local/lib/python3.6/site-packages/airflow/example_dags/example_kubernetes_executor_config.py
[2023-06-12 08:06:41,997] {scheduler_job.py:642} INFO - DAG(s) dict_keys(['example_kubernetes_executor_config']) retrieved from /home/airflow/.local/lib/python3.6/site-packages/airflow/example_dags/example_kubernetes_executor_config.py
[2023-06-12 08:06:42,016] {logging_mixin.py:104} INFO - [2023-06-12 08:06:42,016] {dag.py:1833} INFO - Sync 1 DAGs
[2023-06-12 08:06:42,030] {logging_mixin.py:104} INFO - [2023-06-12 08:06:42,030] {dag.py:2306} INFO - Setting next_dagrun for example_kubernetes_executor_config to None
[2023-06-12 08:06:42,039] {scheduler_job.py:189} INFO - Processing /home/airflow/.local/lib/python3.6/site-packages/airflow/example_dags/example_kubernetes_executor_config.py took 0.060 seconds
[2023-06-12 08:07:12,828] {scheduler_job.py:181} INFO - Started process (PID=1657) to work on /home/airflow/.local/lib/python3.6/site-packages/airflow/example_dags/example_kubernetes_executor_config.py
[2023-06-12 08:07:12,830] {scheduler_job.py:632} INFO - Processing file /home/airflow/.local/lib/python3.6/site-packages/airflow/example_dags/example_kubernetes_executor_config.py for tasks to queue
[2023-06-12 08:07:12,831] {logging_mixin.py:104} INFO - [2023-06-12 08:07:12,830] {dagbag.py:496} INFO - Filling up the DagBag from /home/airflow/.local/lib/python3.6/site-packages/airflow/example_dags/example_kubernetes_executor_config.py
[2023-06-12 08:07:12,842] {scheduler_job.py:642} INFO - DAG(s) dict_keys(['example_kubernetes_executor_config']) retrieved from /home/airflow/.local/lib/python3.6/site-packages/airflow/example_dags/example_kubernetes_executor_config.py
[2023-06-12 08:07:12,859] {logging_mixin.py:104} INFO - [2023-06-12 08:07:12,859] {dag.py:1833} INFO - Sync 1 DAGs
[2023-06-12 08:07:12,871] {logging_mixin.py:104} INFO - [2023-06-12 08:07:12,871] {dag.py:2306} INFO - Setting next_dagrun for example_kubernetes_executor_config to None
[2023-06-12 08:07:12,879] {scheduler_job.py:189} INFO - Processing /home/airflow/.local/lib/python3.6/site-packages/airflow/example_dags/example_kubernetes_executor_config.py took 0.053 seconds
[2023-06-12 08:07:43,138] {scheduler_job.py:181} INFO - Started process (PID=1720) to work on /home/airflow/.local/lib/python3.6/site-packages/airflow/example_dags/example_kubernetes_executor_config.py
[2023-06-12 08:07:43,139] {scheduler_job.py:632} INFO - Processing file /home/airflow/.local/lib/python3.6/site-packages/airflow/example_dags/example_kubernetes_executor_config.py for tasks to queue
[2023-06-12 08:07:43,140] {logging_mixin.py:104} INFO - [2023-06-12 08:07:43,140] {dagbag.py:496} INFO - Filling up the DagBag from /home/airflow/.local/lib/python3.6/site-packages/airflow/example_dags/example_kubernetes_executor_config.py
[2023-06-12 08:07:43,154] {scheduler_job.py:642} INFO - DAG(s) dict_keys(['example_kubernetes_executor_config']) retrieved from /home/airflow/.local/lib/python3.6/site-packages/airflow/example_dags/example_kubernetes_executor_config.py
[2023-06-12 08:07:43,173] {logging_mixin.py:104} INFO - [2023-06-12 08:07:43,173] {dag.py:1833} INFO - Sync 1 DAGs
[2023-06-12 08:07:43,186] {logging_mixin.py:104} INFO - [2023-06-12 08:07:43,186] {dag.py:2306} INFO - Setting next_dagrun for example_kubernetes_executor_config to None
[2023-06-12 08:07:43,196] {scheduler_job.py:189} INFO - Processing /home/airflow/.local/lib/python3.6/site-packages/airflow/example_dags/example_kubernetes_executor_config.py took 0.060 seconds
[2023-06-12 08:08:13,433] {scheduler_job.py:181} INFO - Started process (PID=1773) to work on /home/airflow/.local/lib/python3.6/site-packages/airflow/example_dags/example_kubernetes_executor_config.py
[2023-06-12 08:08:13,434] {scheduler_job.py:632} INFO - Processing file /home/airflow/.local/lib/python3.6/site-packages/airflow/example_dags/example_kubernetes_executor_config.py for tasks to queue
[2023-06-12 08:08:13,435] {logging_mixin.py:104} INFO - [2023-06-12 08:08:13,435] {dagbag.py:496} INFO - Filling up the DagBag from /home/airflow/.local/lib/python3.6/site-packages/airflow/example_dags/example_kubernetes_executor_config.py
[2023-06-12 08:08:13,447] {scheduler_job.py:642} INFO - DAG(s) dict_keys(['example_kubernetes_executor_config']) retrieved from /home/airflow/.local/lib/python3.6/site-packages/airflow/example_dags/example_kubernetes_executor_config.py
[2023-06-12 08:08:13,465] {logging_mixin.py:104} INFO - [2023-06-12 08:08:13,465] {dag.py:1833} INFO - Sync 1 DAGs
[2023-06-12 08:08:13,478] {logging_mixin.py:104} INFO - [2023-06-12 08:08:13,478] {dag.py:2306} INFO - Setting next_dagrun for example_kubernetes_executor_config to None
[2023-06-12 08:08:13,487] {scheduler_job.py:189} INFO - Processing /home/airflow/.local/lib/python3.6/site-packages/airflow/example_dags/example_kubernetes_executor_config.py took 0.057 seconds
[2023-06-12 08:08:44,138] {scheduler_job.py:181} INFO - Started process (PID=1837) to work on /home/airflow/.local/lib/python3.6/site-packages/airflow/example_dags/example_kubernetes_executor_config.py
[2023-06-12 08:08:44,139] {scheduler_job.py:632} INFO - Processing file /home/airflow/.local/lib/python3.6/site-packages/airflow/example_dags/example_kubernetes_executor_config.py for tasks to queue
[2023-06-12 08:08:44,140] {logging_mixin.py:104} INFO - [2023-06-12 08:08:44,140] {dagbag.py:496} INFO - Filling up the DagBag from /home/airflow/.local/lib/python3.6/site-packages/airflow/example_dags/example_kubernetes_executor_config.py
[2023-06-12 08:08:44,150] {scheduler_job.py:642} INFO - DAG(s) dict_keys(['example_kubernetes_executor_config']) retrieved from /home/airflow/.local/lib/python3.6/site-packages/airflow/example_dags/example_kubernetes_executor_config.py
[2023-06-12 08:08:44,167] {logging_mixin.py:104} INFO - [2023-06-12 08:08:44,167] {dag.py:1833} INFO - Sync 1 DAGs
[2023-06-12 08:08:44,178] {logging_mixin.py:104} INFO - [2023-06-12 08:08:44,178] {dag.py:2306} INFO - Setting next_dagrun for example_kubernetes_executor_config to None
[2023-06-12 08:08:44,189] {scheduler_job.py:189} INFO - Processing /home/airflow/.local/lib/python3.6/site-packages/airflow/example_dags/example_kubernetes_executor_config.py took 0.053 seconds
[2023-06-12 08:09:14,436] {scheduler_job.py:181} INFO - Started process (PID=1890) to work on /home/airflow/.local/lib/python3.6/site-packages/airflow/example_dags/example_kubernetes_executor_config.py
[2023-06-12 08:09:14,437] {scheduler_job.py:632} INFO - Processing file /home/airflow/.local/lib/python3.6/site-packages/airflow/example_dags/example_kubernetes_executor_config.py for tasks to queue
[2023-06-12 08:09:14,438] {logging_mixin.py:104} INFO - [2023-06-12 08:09:14,438] {dagbag.py:496} INFO - Filling up the DagBag from /home/airflow/.local/lib/python3.6/site-packages/airflow/example_dags/example_kubernetes_executor_config.py
[2023-06-12 08:09:14,450] {scheduler_job.py:642} INFO - DAG(s) dict_keys(['example_kubernetes_executor_config']) retrieved from /home/airflow/.local/lib/python3.6/site-packages/airflow/example_dags/example_kubernetes_executor_config.py
[2023-06-12 08:09:14,468] {logging_mixin.py:104} INFO - [2023-06-12 08:09:14,468] {dag.py:1833} INFO - Sync 1 DAGs
[2023-06-12 08:09:14,481] {logging_mixin.py:104} INFO - [2023-06-12 08:09:14,481] {dag.py:2306} INFO - Setting next_dagrun for example_kubernetes_executor_config to None
[2023-06-12 08:09:14,490] {scheduler_job.py:189} INFO - Processing /home/airflow/.local/lib/python3.6/site-packages/airflow/example_dags/example_kubernetes_executor_config.py took 0.057 seconds
[2023-06-12 08:09:44,779] {scheduler_job.py:181} INFO - Started process (PID=1953) to work on /home/airflow/.local/lib/python3.6/site-packages/airflow/example_dags/example_kubernetes_executor_config.py
[2023-06-12 08:09:44,780] {scheduler_job.py:632} INFO - Processing file /home/airflow/.local/lib/python3.6/site-packages/airflow/example_dags/example_kubernetes_executor_config.py for tasks to queue
[2023-06-12 08:09:44,781] {logging_mixin.py:104} INFO - [2023-06-12 08:09:44,781] {dagbag.py:496} INFO - Filling up the DagBag from /home/airflow/.local/lib/python3.6/site-packages/airflow/example_dags/example_kubernetes_executor_config.py
[2023-06-12 08:09:44,792] {scheduler_job.py:642} INFO - DAG(s) dict_keys(['example_kubernetes_executor_config']) retrieved from /home/airflow/.local/lib/python3.6/site-packages/airflow/example_dags/example_kubernetes_executor_config.py
[2023-06-12 08:09:44,810] {logging_mixin.py:104} INFO - [2023-06-12 08:09:44,810] {dag.py:1833} INFO - Sync 1 DAGs
[2023-06-12 08:09:44,822] {logging_mixin.py:104} INFO - [2023-06-12 08:09:44,821] {dag.py:2306} INFO - Setting next_dagrun for example_kubernetes_executor_config to None
[2023-06-12 08:09:44,830] {scheduler_job.py:189} INFO - Processing /home/airflow/.local/lib/python3.6/site-packages/airflow/example_dags/example_kubernetes_executor_config.py took 0.054 seconds
[2023-06-12 08:10:15,302] {scheduler_job.py:181} INFO - Started process (PID=2016) to work on /home/airflow/.local/lib/python3.6/site-packages/airflow/example_dags/example_kubernetes_executor_config.py
[2023-06-12 08:10:15,303] {scheduler_job.py:632} INFO - Processing file /home/airflow/.local/lib/python3.6/site-packages/airflow/example_dags/example_kubernetes_executor_config.py for tasks to queue
[2023-06-12 08:10:15,304] {logging_mixin.py:104} INFO - [2023-06-12 08:10:15,304] {dagbag.py:496} INFO - Filling up the DagBag from /home/airflow/.local/lib/python3.6/site-packages/airflow/example_dags/example_kubernetes_executor_config.py
[2023-06-12 08:10:15,316] {scheduler_job.py:642} INFO - DAG(s) dict_keys(['example_kubernetes_executor_config']) retrieved from /home/airflow/.local/lib/python3.6/site-packages/airflow/example_dags/example_kubernetes_executor_config.py
[2023-06-12 08:10:15,334] {logging_mixin.py:104} INFO - [2023-06-12 08:10:15,334] {dag.py:1833} INFO - Sync 1 DAGs
[2023-06-12 08:10:15,347] {logging_mixin.py:104} INFO - [2023-06-12 08:10:15,347] {dag.py:2306} INFO - Setting next_dagrun for example_kubernetes_executor_config to None
[2023-06-12 08:10:15,356] {scheduler_job.py:189} INFO - Processing /home/airflow/.local/lib/python3.6/site-packages/airflow/example_dags/example_kubernetes_executor_config.py took 0.057 seconds
[2023-06-12 08:10:45,772] {scheduler_job.py:181} INFO - Started process (PID=2069) to work on /home/airflow/.local/lib/python3.6/site-packages/airflow/example_dags/example_kubernetes_executor_config.py
[2023-06-12 08:10:45,773] {scheduler_job.py:632} INFO - Processing file /home/airflow/.local/lib/python3.6/site-packages/airflow/example_dags/example_kubernetes_executor_config.py for tasks to queue
[2023-06-12 08:10:45,774] {logging_mixin.py:104} INFO - [2023-06-12 08:10:45,774] {dagbag.py:496} INFO - Filling up the DagBag from /home/airflow/.local/lib/python3.6/site-packages/airflow/example_dags/example_kubernetes_executor_config.py
[2023-06-12 08:10:45,785] {scheduler_job.py:642} INFO - DAG(s) dict_keys(['example_kubernetes_executor_config']) retrieved from /home/airflow/.local/lib/python3.6/site-packages/airflow/example_dags/example_kubernetes_executor_config.py
[2023-06-12 08:10:45,803] {logging_mixin.py:104} INFO - [2023-06-12 08:10:45,803] {dag.py:1833} INFO - Sync 1 DAGs
[2023-06-12 08:10:45,816] {logging_mixin.py:104} INFO - [2023-06-12 08:10:45,816] {dag.py:2306} INFO - Setting next_dagrun for example_kubernetes_executor_config to None
[2023-06-12 08:10:45,826] {scheduler_job.py:189} INFO - Processing /home/airflow/.local/lib/python3.6/site-packages/airflow/example_dags/example_kubernetes_executor_config.py took 0.056 seconds
[2023-06-12 08:11:16,453] {scheduler_job.py:181} INFO - Started process (PID=2132) to work on /home/airflow/.local/lib/python3.6/site-packages/airflow/example_dags/example_kubernetes_executor_config.py
[2023-06-12 08:11:16,454] {scheduler_job.py:632} INFO - Processing file /home/airflow/.local/lib/python3.6/site-packages/airflow/example_dags/example_kubernetes_executor_config.py for tasks to queue
[2023-06-12 08:11:16,455] {logging_mixin.py:104} INFO - [2023-06-12 08:11:16,455] {dagbag.py:496} INFO - Filling up the DagBag from /home/airflow/.local/lib/python3.6/site-packages/airflow/example_dags/example_kubernetes_executor_config.py
[2023-06-12 08:11:16,466] {scheduler_job.py:642} INFO - DAG(s) dict_keys(['example_kubernetes_executor_config']) retrieved from /home/airflow/.local/lib/python3.6/site-packages/airflow/example_dags/example_kubernetes_executor_config.py
[2023-06-12 08:11:16,485] {logging_mixin.py:104} INFO - [2023-06-12 08:11:16,485] {dag.py:1833} INFO - Sync 1 DAGs
[2023-06-12 08:11:16,498] {logging_mixin.py:104} INFO - [2023-06-12 08:11:16,498] {dag.py:2306} INFO - Setting next_dagrun for example_kubernetes_executor_config to None
[2023-06-12 08:11:16,506] {scheduler_job.py:189} INFO - Processing /home/airflow/.local/lib/python3.6/site-packages/airflow/example_dags/example_kubernetes_executor_config.py took 0.056 seconds
[2023-06-12 08:11:46,766] {scheduler_job.py:181} INFO - Started process (PID=2195) to work on /home/airflow/.local/lib/python3.6/site-packages/airflow/example_dags/example_kubernetes_executor_config.py
[2023-06-12 08:11:46,767] {scheduler_job.py:632} INFO - Processing file /home/airflow/.local/lib/python3.6/site-packages/airflow/example_dags/example_kubernetes_executor_config.py for tasks to queue
[2023-06-12 08:11:46,768] {logging_mixin.py:104} INFO - [2023-06-12 08:11:46,768] {dagbag.py:496} INFO - Filling up the DagBag from /home/airflow/.local/lib/python3.6/site-packages/airflow/example_dags/example_kubernetes_executor_config.py
[2023-06-12 08:11:46,779] {scheduler_job.py:642} INFO - DAG(s) dict_keys(['example_kubernetes_executor_config']) retrieved from /home/airflow/.local/lib/python3.6/site-packages/airflow/example_dags/example_kubernetes_executor_config.py
[2023-06-12 08:11:46,798] {logging_mixin.py:104} INFO - [2023-06-12 08:11:46,798] {dag.py:1833} INFO - Sync 1 DAGs
[2023-06-12 08:11:46,810] {logging_mixin.py:104} INFO - [2023-06-12 08:11:46,810] {dag.py:2306} INFO - Setting next_dagrun for example_kubernetes_executor_config to None
[2023-06-12 08:11:46,819] {scheduler_job.py:189} INFO - Processing /home/airflow/.local/lib/python3.6/site-packages/airflow/example_dags/example_kubernetes_executor_config.py took 0.056 seconds
[2023-06-12 08:12:16,925] {scheduler_job.py:181} INFO - Started process (PID=2248) to work on /home/airflow/.local/lib/python3.6/site-packages/airflow/example_dags/example_kubernetes_executor_config.py
[2023-06-12 08:12:16,926] {scheduler_job.py:632} INFO - Processing file /home/airflow/.local/lib/python3.6/site-packages/airflow/example_dags/example_kubernetes_executor_config.py for tasks to queue
[2023-06-12 08:12:16,927] {logging_mixin.py:104} INFO - [2023-06-12 08:12:16,927] {dagbag.py:496} INFO - Filling up the DagBag from /home/airflow/.local/lib/python3.6/site-packages/airflow/example_dags/example_kubernetes_executor_config.py
[2023-06-12 08:12:16,937] {scheduler_job.py:642} INFO - DAG(s) dict_keys(['example_kubernetes_executor_config']) retrieved from /home/airflow/.local/lib/python3.6/site-packages/airflow/example_dags/example_kubernetes_executor_config.py
[2023-06-12 08:12:16,954] {logging_mixin.py:104} INFO - [2023-06-12 08:12:16,954] {dag.py:1833} INFO - Sync 1 DAGs
[2023-06-12 08:12:16,964] {logging_mixin.py:104} INFO - [2023-06-12 08:12:16,964] {dag.py:2306} INFO - Setting next_dagrun for example_kubernetes_executor_config to None
[2023-06-12 08:12:16,974] {scheduler_job.py:189} INFO - Processing /home/airflow/.local/lib/python3.6/site-packages/airflow/example_dags/example_kubernetes_executor_config.py took 0.052 seconds
[2023-06-12 08:12:47,605] {scheduler_job.py:181} INFO - Started process (PID=2311) to work on /home/airflow/.local/lib/python3.6/site-packages/airflow/example_dags/example_kubernetes_executor_config.py
[2023-06-12 08:12:47,606] {scheduler_job.py:632} INFO - Processing file /home/airflow/.local/lib/python3.6/site-packages/airflow/example_dags/example_kubernetes_executor_config.py for tasks to queue
[2023-06-12 08:12:47,608] {logging_mixin.py:104} INFO - [2023-06-12 08:12:47,607] {dagbag.py:496} INFO - Filling up the DagBag from /home/airflow/.local/lib/python3.6/site-packages/airflow/example_dags/example_kubernetes_executor_config.py
[2023-06-12 08:12:47,618] {scheduler_job.py:642} INFO - DAG(s) dict_keys(['example_kubernetes_executor_config']) retrieved from /home/airflow/.local/lib/python3.6/site-packages/airflow/example_dags/example_kubernetes_executor_config.py
[2023-06-12 08:12:47,636] {logging_mixin.py:104} INFO - [2023-06-12 08:12:47,636] {dag.py:1833} INFO - Sync 1 DAGs
[2023-06-12 08:12:47,648] {logging_mixin.py:104} INFO - [2023-06-12 08:12:47,648] {dag.py:2306} INFO - Setting next_dagrun for example_kubernetes_executor_config to None
[2023-06-12 08:12:47,658] {scheduler_job.py:189} INFO - Processing /home/airflow/.local/lib/python3.6/site-packages/airflow/example_dags/example_kubernetes_executor_config.py took 0.056 seconds
