[2023-06-12 07:53:28,708] {scheduler_job.py:181} INFO - Started process (PID=67) to work on /home/airflow/.local/lib/python3.6/site-packages/airflow/example_dags/example_complex.py
[2023-06-12 07:53:28,710] {scheduler_job.py:632} INFO - Processing file /home/airflow/.local/lib/python3.6/site-packages/airflow/example_dags/example_complex.py for tasks to queue
[2023-06-12 07:53:28,711] {logging_mixin.py:104} INFO - [2023-06-12 07:53:28,711] {dagbag.py:496} INFO - Filling up the DagBag from /home/airflow/.local/lib/python3.6/site-packages/airflow/example_dags/example_complex.py
[2023-06-12 07:53:28,736] {scheduler_job.py:642} INFO - DAG(s) dict_keys(['example_complex']) retrieved from /home/airflow/.local/lib/python3.6/site-packages/airflow/example_dags/example_complex.py
[2023-06-12 07:53:29,011] {logging_mixin.py:104} INFO - [2023-06-12 07:53:29,011] {dag.py:1833} INFO - Sync 1 DAGs
[2023-06-12 07:53:29,028] {logging_mixin.py:104} INFO - [2023-06-12 07:53:29,028] {dag.py:2306} INFO - Setting next_dagrun for example_complex to None
[2023-06-12 07:53:29,045] {scheduler_job.py:189} INFO - Processing /home/airflow/.local/lib/python3.6/site-packages/airflow/example_dags/example_complex.py took 0.341 seconds
[2023-06-12 07:53:59,529] {scheduler_job.py:181} INFO - Started process (PID=120) to work on /home/airflow/.local/lib/python3.6/site-packages/airflow/example_dags/example_complex.py
[2023-06-12 07:53:59,530] {scheduler_job.py:632} INFO - Processing file /home/airflow/.local/lib/python3.6/site-packages/airflow/example_dags/example_complex.py for tasks to queue
[2023-06-12 07:53:59,531] {logging_mixin.py:104} INFO - [2023-06-12 07:53:59,531] {dagbag.py:496} INFO - Filling up the DagBag from /home/airflow/.local/lib/python3.6/site-packages/airflow/example_dags/example_complex.py
[2023-06-12 07:53:59,550] {scheduler_job.py:642} INFO - DAG(s) dict_keys(['example_complex']) retrieved from /home/airflow/.local/lib/python3.6/site-packages/airflow/example_dags/example_complex.py
[2023-06-12 07:53:59,581] {logging_mixin.py:104} INFO - [2023-06-12 07:53:59,581] {dag.py:1833} INFO - Sync 1 DAGs
[2023-06-12 07:53:59,596] {logging_mixin.py:104} INFO - [2023-06-12 07:53:59,596] {dag.py:2306} INFO - Setting next_dagrun for example_complex to None
[2023-06-12 07:53:59,607] {scheduler_job.py:189} INFO - Processing /home/airflow/.local/lib/python3.6/site-packages/airflow/example_dags/example_complex.py took 0.081 seconds
[2023-06-12 07:54:29,646] {scheduler_job.py:181} INFO - Started process (PID=183) to work on /home/airflow/.local/lib/python3.6/site-packages/airflow/example_dags/example_complex.py
[2023-06-12 07:54:29,648] {scheduler_job.py:632} INFO - Processing file /home/airflow/.local/lib/python3.6/site-packages/airflow/example_dags/example_complex.py for tasks to queue
[2023-06-12 07:54:29,649] {logging_mixin.py:104} INFO - [2023-06-12 07:54:29,649] {dagbag.py:496} INFO - Filling up the DagBag from /home/airflow/.local/lib/python3.6/site-packages/airflow/example_dags/example_complex.py
[2023-06-12 07:54:29,665] {scheduler_job.py:642} INFO - DAG(s) dict_keys(['example_complex']) retrieved from /home/airflow/.local/lib/python3.6/site-packages/airflow/example_dags/example_complex.py
[2023-06-12 07:54:29,687] {logging_mixin.py:104} INFO - [2023-06-12 07:54:29,687] {dag.py:1833} INFO - Sync 1 DAGs
[2023-06-12 07:54:29,699] {logging_mixin.py:104} INFO - [2023-06-12 07:54:29,699] {dag.py:2306} INFO - Setting next_dagrun for example_complex to None
[2023-06-12 07:54:29,711] {scheduler_job.py:189} INFO - Processing /home/airflow/.local/lib/python3.6/site-packages/airflow/example_dags/example_complex.py took 0.067 seconds
[2023-06-12 07:55:00,742] {scheduler_job.py:181} INFO - Started process (PID=236) to work on /home/airflow/.local/lib/python3.6/site-packages/airflow/example_dags/example_complex.py
[2023-06-12 07:55:00,743] {scheduler_job.py:632} INFO - Processing file /home/airflow/.local/lib/python3.6/site-packages/airflow/example_dags/example_complex.py for tasks to queue
[2023-06-12 07:55:00,744] {logging_mixin.py:104} INFO - [2023-06-12 07:55:00,744] {dagbag.py:496} INFO - Filling up the DagBag from /home/airflow/.local/lib/python3.6/site-packages/airflow/example_dags/example_complex.py
[2023-06-12 07:55:00,759] {scheduler_job.py:642} INFO - DAG(s) dict_keys(['example_complex']) retrieved from /home/airflow/.local/lib/python3.6/site-packages/airflow/example_dags/example_complex.py
[2023-06-12 07:55:00,777] {logging_mixin.py:104} INFO - [2023-06-12 07:55:00,777] {dag.py:1833} INFO - Sync 1 DAGs
[2023-06-12 07:55:00,788] {logging_mixin.py:104} INFO - [2023-06-12 07:55:00,788] {dag.py:2306} INFO - Setting next_dagrun for example_complex to None
[2023-06-12 07:55:00,798] {scheduler_job.py:189} INFO - Processing /home/airflow/.local/lib/python3.6/site-packages/airflow/example_dags/example_complex.py took 0.059 seconds
[2023-06-12 07:55:31,258] {scheduler_job.py:181} INFO - Started process (PID=299) to work on /home/airflow/.local/lib/python3.6/site-packages/airflow/example_dags/example_complex.py
[2023-06-12 07:55:31,259] {scheduler_job.py:632} INFO - Processing file /home/airflow/.local/lib/python3.6/site-packages/airflow/example_dags/example_complex.py for tasks to queue
[2023-06-12 07:55:31,260] {logging_mixin.py:104} INFO - [2023-06-12 07:55:31,260] {dagbag.py:496} INFO - Filling up the DagBag from /home/airflow/.local/lib/python3.6/site-packages/airflow/example_dags/example_complex.py
[2023-06-12 07:55:31,274] {scheduler_job.py:642} INFO - DAG(s) dict_keys(['example_complex']) retrieved from /home/airflow/.local/lib/python3.6/site-packages/airflow/example_dags/example_complex.py
[2023-06-12 07:55:31,294] {logging_mixin.py:104} INFO - [2023-06-12 07:55:31,293] {dag.py:1833} INFO - Sync 1 DAGs
[2023-06-12 07:55:31,305] {logging_mixin.py:104} INFO - [2023-06-12 07:55:31,305] {dag.py:2306} INFO - Setting next_dagrun for example_complex to None
[2023-06-12 07:55:31,315] {scheduler_job.py:189} INFO - Processing /home/airflow/.local/lib/python3.6/site-packages/airflow/example_dags/example_complex.py took 0.060 seconds
[2023-06-12 07:56:01,641] {scheduler_job.py:181} INFO - Started process (PID=362) to work on /home/airflow/.local/lib/python3.6/site-packages/airflow/example_dags/example_complex.py
[2023-06-12 07:56:01,642] {scheduler_job.py:632} INFO - Processing file /home/airflow/.local/lib/python3.6/site-packages/airflow/example_dags/example_complex.py for tasks to queue
[2023-06-12 07:56:01,644] {logging_mixin.py:104} INFO - [2023-06-12 07:56:01,643] {dagbag.py:496} INFO - Filling up the DagBag from /home/airflow/.local/lib/python3.6/site-packages/airflow/example_dags/example_complex.py
[2023-06-12 07:56:01,659] {scheduler_job.py:642} INFO - DAG(s) dict_keys(['example_complex']) retrieved from /home/airflow/.local/lib/python3.6/site-packages/airflow/example_dags/example_complex.py
[2023-06-12 07:56:01,679] {logging_mixin.py:104} INFO - [2023-06-12 07:56:01,679] {dag.py:1833} INFO - Sync 1 DAGs
[2023-06-12 07:56:01,692] {logging_mixin.py:104} INFO - [2023-06-12 07:56:01,692] {dag.py:2306} INFO - Setting next_dagrun for example_complex to None
[2023-06-12 07:56:01,702] {scheduler_job.py:189} INFO - Processing /home/airflow/.local/lib/python3.6/site-packages/airflow/example_dags/example_complex.py took 0.064 seconds
[2023-06-12 07:56:32,089] {scheduler_job.py:181} INFO - Started process (PID=415) to work on /home/airflow/.local/lib/python3.6/site-packages/airflow/example_dags/example_complex.py
[2023-06-12 07:56:32,091] {scheduler_job.py:632} INFO - Processing file /home/airflow/.local/lib/python3.6/site-packages/airflow/example_dags/example_complex.py for tasks to queue
[2023-06-12 07:56:32,092] {logging_mixin.py:104} INFO - [2023-06-12 07:56:32,092] {dagbag.py:496} INFO - Filling up the DagBag from /home/airflow/.local/lib/python3.6/site-packages/airflow/example_dags/example_complex.py
[2023-06-12 07:56:32,109] {scheduler_job.py:642} INFO - DAG(s) dict_keys(['example_complex']) retrieved from /home/airflow/.local/lib/python3.6/site-packages/airflow/example_dags/example_complex.py
[2023-06-12 07:56:32,130] {logging_mixin.py:104} INFO - [2023-06-12 07:56:32,130] {dag.py:1833} INFO - Sync 1 DAGs
[2023-06-12 07:56:32,147] {logging_mixin.py:104} INFO - [2023-06-12 07:56:32,147] {dag.py:2306} INFO - Setting next_dagrun for example_complex to None
[2023-06-12 07:56:32,158] {scheduler_job.py:189} INFO - Processing /home/airflow/.local/lib/python3.6/site-packages/airflow/example_dags/example_complex.py took 0.072 seconds
[2023-06-12 07:57:03,093] {scheduler_job.py:181} INFO - Started process (PID=478) to work on /home/airflow/.local/lib/python3.6/site-packages/airflow/example_dags/example_complex.py
[2023-06-12 07:57:03,094] {scheduler_job.py:632} INFO - Processing file /home/airflow/.local/lib/python3.6/site-packages/airflow/example_dags/example_complex.py for tasks to queue
[2023-06-12 07:57:03,095] {logging_mixin.py:104} INFO - [2023-06-12 07:57:03,095] {dagbag.py:496} INFO - Filling up the DagBag from /home/airflow/.local/lib/python3.6/site-packages/airflow/example_dags/example_complex.py
[2023-06-12 07:57:03,111] {scheduler_job.py:642} INFO - DAG(s) dict_keys(['example_complex']) retrieved from /home/airflow/.local/lib/python3.6/site-packages/airflow/example_dags/example_complex.py
[2023-06-12 07:57:03,133] {logging_mixin.py:104} INFO - [2023-06-12 07:57:03,133] {dag.py:1833} INFO - Sync 1 DAGs
[2023-06-12 07:57:03,146] {logging_mixin.py:104} INFO - [2023-06-12 07:57:03,146] {dag.py:2306} INFO - Setting next_dagrun for example_complex to None
[2023-06-12 07:57:03,156] {scheduler_job.py:189} INFO - Processing /home/airflow/.local/lib/python3.6/site-packages/airflow/example_dags/example_complex.py took 0.065 seconds
[2023-06-12 07:57:33,358] {scheduler_job.py:181} INFO - Started process (PID=531) to work on /home/airflow/.local/lib/python3.6/site-packages/airflow/example_dags/example_complex.py
[2023-06-12 07:57:33,359] {scheduler_job.py:632} INFO - Processing file /home/airflow/.local/lib/python3.6/site-packages/airflow/example_dags/example_complex.py for tasks to queue
[2023-06-12 07:57:33,360] {logging_mixin.py:104} INFO - [2023-06-12 07:57:33,359] {dagbag.py:496} INFO - Filling up the DagBag from /home/airflow/.local/lib/python3.6/site-packages/airflow/example_dags/example_complex.py
[2023-06-12 07:57:33,374] {scheduler_job.py:642} INFO - DAG(s) dict_keys(['example_complex']) retrieved from /home/airflow/.local/lib/python3.6/site-packages/airflow/example_dags/example_complex.py
[2023-06-12 07:57:33,396] {logging_mixin.py:104} INFO - [2023-06-12 07:57:33,396] {dag.py:1833} INFO - Sync 1 DAGs
[2023-06-12 07:57:33,409] {logging_mixin.py:104} INFO - [2023-06-12 07:57:33,409] {dag.py:2306} INFO - Setting next_dagrun for example_complex to None
[2023-06-12 07:57:33,418] {scheduler_job.py:189} INFO - Processing /home/airflow/.local/lib/python3.6/site-packages/airflow/example_dags/example_complex.py took 0.063 seconds
[2023-06-12 07:58:04,316] {scheduler_job.py:181} INFO - Started process (PID=594) to work on /home/airflow/.local/lib/python3.6/site-packages/airflow/example_dags/example_complex.py
[2023-06-12 07:58:04,318] {scheduler_job.py:632} INFO - Processing file /home/airflow/.local/lib/python3.6/site-packages/airflow/example_dags/example_complex.py for tasks to queue
[2023-06-12 07:58:04,319] {logging_mixin.py:104} INFO - [2023-06-12 07:58:04,318] {dagbag.py:496} INFO - Filling up the DagBag from /home/airflow/.local/lib/python3.6/site-packages/airflow/example_dags/example_complex.py
[2023-06-12 07:58:04,337] {scheduler_job.py:642} INFO - DAG(s) dict_keys(['example_complex']) retrieved from /home/airflow/.local/lib/python3.6/site-packages/airflow/example_dags/example_complex.py
[2023-06-12 07:58:04,361] {logging_mixin.py:104} INFO - [2023-06-12 07:58:04,361] {dag.py:1833} INFO - Sync 1 DAGs
[2023-06-12 07:58:04,378] {logging_mixin.py:104} INFO - [2023-06-12 07:58:04,378] {dag.py:2306} INFO - Setting next_dagrun for example_complex to None
[2023-06-12 07:58:04,389] {scheduler_job.py:189} INFO - Processing /home/airflow/.local/lib/python3.6/site-packages/airflow/example_dags/example_complex.py took 0.076 seconds
[2023-06-12 07:58:34,711] {scheduler_job.py:181} INFO - Started process (PID=657) to work on /home/airflow/.local/lib/python3.6/site-packages/airflow/example_dags/example_complex.py
[2023-06-12 07:58:34,712] {scheduler_job.py:632} INFO - Processing file /home/airflow/.local/lib/python3.6/site-packages/airflow/example_dags/example_complex.py for tasks to queue
[2023-06-12 07:58:34,713] {logging_mixin.py:104} INFO - [2023-06-12 07:58:34,713] {dagbag.py:496} INFO - Filling up the DagBag from /home/airflow/.local/lib/python3.6/site-packages/airflow/example_dags/example_complex.py
[2023-06-12 07:58:34,729] {scheduler_job.py:642} INFO - DAG(s) dict_keys(['example_complex']) retrieved from /home/airflow/.local/lib/python3.6/site-packages/airflow/example_dags/example_complex.py
[2023-06-12 07:58:34,751] {logging_mixin.py:104} INFO - [2023-06-12 07:58:34,751] {dag.py:1833} INFO - Sync 1 DAGs
[2023-06-12 07:58:34,763] {logging_mixin.py:104} INFO - [2023-06-12 07:58:34,763] {dag.py:2306} INFO - Setting next_dagrun for example_complex to None
[2023-06-12 07:58:34,772] {scheduler_job.py:189} INFO - Processing /home/airflow/.local/lib/python3.6/site-packages/airflow/example_dags/example_complex.py took 0.064 seconds
[2023-06-12 07:59:05,676] {scheduler_job.py:181} INFO - Started process (PID=710) to work on /home/airflow/.local/lib/python3.6/site-packages/airflow/example_dags/example_complex.py
[2023-06-12 07:59:05,678] {scheduler_job.py:632} INFO - Processing file /home/airflow/.local/lib/python3.6/site-packages/airflow/example_dags/example_complex.py for tasks to queue
[2023-06-12 07:59:05,679] {logging_mixin.py:104} INFO - [2023-06-12 07:59:05,679] {dagbag.py:496} INFO - Filling up the DagBag from /home/airflow/.local/lib/python3.6/site-packages/airflow/example_dags/example_complex.py
[2023-06-12 07:59:05,696] {scheduler_job.py:642} INFO - DAG(s) dict_keys(['example_complex']) retrieved from /home/airflow/.local/lib/python3.6/site-packages/airflow/example_dags/example_complex.py
[2023-06-12 07:59:05,719] {logging_mixin.py:104} INFO - [2023-06-12 07:59:05,719] {dag.py:1833} INFO - Sync 1 DAGs
[2023-06-12 07:59:05,731] {logging_mixin.py:104} INFO - [2023-06-12 07:59:05,731] {dag.py:2306} INFO - Setting next_dagrun for example_complex to None
[2023-06-12 07:59:05,741] {scheduler_job.py:189} INFO - Processing /home/airflow/.local/lib/python3.6/site-packages/airflow/example_dags/example_complex.py took 0.069 seconds
[2023-06-12 07:59:36,563] {scheduler_job.py:181} INFO - Started process (PID=773) to work on /home/airflow/.local/lib/python3.6/site-packages/airflow/example_dags/example_complex.py
[2023-06-12 07:59:36,565] {scheduler_job.py:632} INFO - Processing file /home/airflow/.local/lib/python3.6/site-packages/airflow/example_dags/example_complex.py for tasks to queue
[2023-06-12 07:59:36,565] {logging_mixin.py:104} INFO - [2023-06-12 07:59:36,565] {dagbag.py:496} INFO - Filling up the DagBag from /home/airflow/.local/lib/python3.6/site-packages/airflow/example_dags/example_complex.py
[2023-06-12 07:59:36,580] {scheduler_job.py:642} INFO - DAG(s) dict_keys(['example_complex']) retrieved from /home/airflow/.local/lib/python3.6/site-packages/airflow/example_dags/example_complex.py
[2023-06-12 07:59:36,602] {logging_mixin.py:104} INFO - [2023-06-12 07:59:36,602] {dag.py:1833} INFO - Sync 1 DAGs
[2023-06-12 07:59:36,614] {logging_mixin.py:104} INFO - [2023-06-12 07:59:36,614] {dag.py:2306} INFO - Setting next_dagrun for example_complex to None
[2023-06-12 07:59:36,623] {scheduler_job.py:189} INFO - Processing /home/airflow/.local/lib/python3.6/site-packages/airflow/example_dags/example_complex.py took 0.062 seconds
[2023-06-12 08:00:07,564] {scheduler_job.py:181} INFO - Started process (PID=836) to work on /home/airflow/.local/lib/python3.6/site-packages/airflow/example_dags/example_complex.py
[2023-06-12 08:00:07,566] {scheduler_job.py:632} INFO - Processing file /home/airflow/.local/lib/python3.6/site-packages/airflow/example_dags/example_complex.py for tasks to queue
[2023-06-12 08:00:07,566] {logging_mixin.py:104} INFO - [2023-06-12 08:00:07,566] {dagbag.py:496} INFO - Filling up the DagBag from /home/airflow/.local/lib/python3.6/site-packages/airflow/example_dags/example_complex.py
[2023-06-12 08:00:07,582] {scheduler_job.py:642} INFO - DAG(s) dict_keys(['example_complex']) retrieved from /home/airflow/.local/lib/python3.6/site-packages/airflow/example_dags/example_complex.py
[2023-06-12 08:00:07,604] {logging_mixin.py:104} INFO - [2023-06-12 08:00:07,604] {dag.py:1833} INFO - Sync 1 DAGs
[2023-06-12 08:00:07,616] {logging_mixin.py:104} INFO - [2023-06-12 08:00:07,616] {dag.py:2306} INFO - Setting next_dagrun for example_complex to None
[2023-06-12 08:00:07,626] {scheduler_job.py:189} INFO - Processing /home/airflow/.local/lib/python3.6/site-packages/airflow/example_dags/example_complex.py took 0.064 seconds
[2023-06-12 08:00:37,795] {scheduler_job.py:181} INFO - Started process (PID=889) to work on /home/airflow/.local/lib/python3.6/site-packages/airflow/example_dags/example_complex.py
[2023-06-12 08:00:37,797] {scheduler_job.py:632} INFO - Processing file /home/airflow/.local/lib/python3.6/site-packages/airflow/example_dags/example_complex.py for tasks to queue
[2023-06-12 08:00:37,797] {logging_mixin.py:104} INFO - [2023-06-12 08:00:37,797] {dagbag.py:496} INFO - Filling up the DagBag from /home/airflow/.local/lib/python3.6/site-packages/airflow/example_dags/example_complex.py
[2023-06-12 08:00:37,814] {scheduler_job.py:642} INFO - DAG(s) dict_keys(['example_complex']) retrieved from /home/airflow/.local/lib/python3.6/site-packages/airflow/example_dags/example_complex.py
[2023-06-12 08:00:37,833] {logging_mixin.py:104} INFO - [2023-06-12 08:00:37,833] {dag.py:1833} INFO - Sync 1 DAGs
[2023-06-12 08:00:37,845] {logging_mixin.py:104} INFO - [2023-06-12 08:00:37,845] {dag.py:2306} INFO - Setting next_dagrun for example_complex to None
[2023-06-12 08:00:37,855] {scheduler_job.py:189} INFO - Processing /home/airflow/.local/lib/python3.6/site-packages/airflow/example_dags/example_complex.py took 0.063 seconds
[2023-06-12 08:01:08,684] {scheduler_job.py:181} INFO - Started process (PID=952) to work on /home/airflow/.local/lib/python3.6/site-packages/airflow/example_dags/example_complex.py
[2023-06-12 08:01:08,685] {scheduler_job.py:632} INFO - Processing file /home/airflow/.local/lib/python3.6/site-packages/airflow/example_dags/example_complex.py for tasks to queue
[2023-06-12 08:01:08,686] {logging_mixin.py:104} INFO - [2023-06-12 08:01:08,686] {dagbag.py:496} INFO - Filling up the DagBag from /home/airflow/.local/lib/python3.6/site-packages/airflow/example_dags/example_complex.py
[2023-06-12 08:01:08,703] {scheduler_job.py:642} INFO - DAG(s) dict_keys(['example_complex']) retrieved from /home/airflow/.local/lib/python3.6/site-packages/airflow/example_dags/example_complex.py
[2023-06-12 08:01:08,723] {logging_mixin.py:104} INFO - [2023-06-12 08:01:08,723] {dag.py:1833} INFO - Sync 1 DAGs
[2023-06-12 08:01:08,735] {logging_mixin.py:104} INFO - [2023-06-12 08:01:08,735] {dag.py:2306} INFO - Setting next_dagrun for example_complex to None
[2023-06-12 08:01:08,744] {scheduler_job.py:189} INFO - Processing /home/airflow/.local/lib/python3.6/site-packages/airflow/example_dags/example_complex.py took 0.063 seconds
[2023-06-12 08:01:39,582] {scheduler_job.py:181} INFO - Started process (PID=1015) to work on /home/airflow/.local/lib/python3.6/site-packages/airflow/example_dags/example_complex.py
[2023-06-12 08:01:39,584] {scheduler_job.py:632} INFO - Processing file /home/airflow/.local/lib/python3.6/site-packages/airflow/example_dags/example_complex.py for tasks to queue
[2023-06-12 08:01:39,585] {logging_mixin.py:104} INFO - [2023-06-12 08:01:39,584] {dagbag.py:496} INFO - Filling up the DagBag from /home/airflow/.local/lib/python3.6/site-packages/airflow/example_dags/example_complex.py
[2023-06-12 08:01:39,605] {scheduler_job.py:642} INFO - DAG(s) dict_keys(['example_complex']) retrieved from /home/airflow/.local/lib/python3.6/site-packages/airflow/example_dags/example_complex.py
[2023-06-12 08:01:39,629] {logging_mixin.py:104} INFO - [2023-06-12 08:01:39,629] {dag.py:1833} INFO - Sync 1 DAGs
[2023-06-12 08:01:39,643] {logging_mixin.py:104} INFO - [2023-06-12 08:01:39,643] {dag.py:2306} INFO - Setting next_dagrun for example_complex to None
[2023-06-12 08:01:39,653] {scheduler_job.py:189} INFO - Processing /home/airflow/.local/lib/python3.6/site-packages/airflow/example_dags/example_complex.py took 0.073 seconds
[2023-06-12 08:02:09,842] {scheduler_job.py:181} INFO - Started process (PID=1068) to work on /home/airflow/.local/lib/python3.6/site-packages/airflow/example_dags/example_complex.py
[2023-06-12 08:02:09,843] {scheduler_job.py:632} INFO - Processing file /home/airflow/.local/lib/python3.6/site-packages/airflow/example_dags/example_complex.py for tasks to queue
[2023-06-12 08:02:09,844] {logging_mixin.py:104} INFO - [2023-06-12 08:02:09,844] {dagbag.py:496} INFO - Filling up the DagBag from /home/airflow/.local/lib/python3.6/site-packages/airflow/example_dags/example_complex.py
[2023-06-12 08:02:09,860] {scheduler_job.py:642} INFO - DAG(s) dict_keys(['example_complex']) retrieved from /home/airflow/.local/lib/python3.6/site-packages/airflow/example_dags/example_complex.py
[2023-06-12 08:02:09,881] {logging_mixin.py:104} INFO - [2023-06-12 08:02:09,881] {dag.py:1833} INFO - Sync 1 DAGs
[2023-06-12 08:02:09,897] {logging_mixin.py:104} INFO - [2023-06-12 08:02:09,897] {dag.py:2306} INFO - Setting next_dagrun for example_complex to None
[2023-06-12 08:02:09,907] {scheduler_job.py:189} INFO - Processing /home/airflow/.local/lib/python3.6/site-packages/airflow/example_dags/example_complex.py took 0.067 seconds
[2023-06-12 08:02:40,162] {scheduler_job.py:181} INFO - Started process (PID=1131) to work on /home/airflow/.local/lib/python3.6/site-packages/airflow/example_dags/example_complex.py
[2023-06-12 08:02:40,164] {scheduler_job.py:632} INFO - Processing file /home/airflow/.local/lib/python3.6/site-packages/airflow/example_dags/example_complex.py for tasks to queue
[2023-06-12 08:02:40,165] {logging_mixin.py:104} INFO - [2023-06-12 08:02:40,165] {dagbag.py:496} INFO - Filling up the DagBag from /home/airflow/.local/lib/python3.6/site-packages/airflow/example_dags/example_complex.py
[2023-06-12 08:02:40,181] {scheduler_job.py:642} INFO - DAG(s) dict_keys(['example_complex']) retrieved from /home/airflow/.local/lib/python3.6/site-packages/airflow/example_dags/example_complex.py
[2023-06-12 08:02:40,202] {logging_mixin.py:104} INFO - [2023-06-12 08:02:40,202] {dag.py:1833} INFO - Sync 1 DAGs
[2023-06-12 08:02:40,213] {logging_mixin.py:104} INFO - [2023-06-12 08:02:40,213] {dag.py:2306} INFO - Setting next_dagrun for example_complex to None
[2023-06-12 08:02:40,222] {scheduler_job.py:189} INFO - Processing /home/airflow/.local/lib/python3.6/site-packages/airflow/example_dags/example_complex.py took 0.063 seconds
[2023-06-12 08:03:10,513] {scheduler_job.py:181} INFO - Started process (PID=1184) to work on /home/airflow/.local/lib/python3.6/site-packages/airflow/example_dags/example_complex.py
[2023-06-12 08:03:10,514] {scheduler_job.py:632} INFO - Processing file /home/airflow/.local/lib/python3.6/site-packages/airflow/example_dags/example_complex.py for tasks to queue
[2023-06-12 08:03:10,515] {logging_mixin.py:104} INFO - [2023-06-12 08:03:10,515] {dagbag.py:496} INFO - Filling up the DagBag from /home/airflow/.local/lib/python3.6/site-packages/airflow/example_dags/example_complex.py
[2023-06-12 08:03:10,544] {scheduler_job.py:642} INFO - DAG(s) dict_keys(['example_complex']) retrieved from /home/airflow/.local/lib/python3.6/site-packages/airflow/example_dags/example_complex.py
[2023-06-12 08:03:10,568] {logging_mixin.py:104} INFO - [2023-06-12 08:03:10,568] {dag.py:1833} INFO - Sync 1 DAGs
[2023-06-12 08:03:10,581] {logging_mixin.py:104} INFO - [2023-06-12 08:03:10,581] {dag.py:2306} INFO - Setting next_dagrun for example_complex to None
[2023-06-12 08:03:10,592] {scheduler_job.py:189} INFO - Processing /home/airflow/.local/lib/python3.6/site-packages/airflow/example_dags/example_complex.py took 0.083 seconds
[2023-06-12 08:03:40,866] {scheduler_job.py:181} INFO - Started process (PID=1247) to work on /home/airflow/.local/lib/python3.6/site-packages/airflow/example_dags/example_complex.py
[2023-06-12 08:03:40,868] {scheduler_job.py:632} INFO - Processing file /home/airflow/.local/lib/python3.6/site-packages/airflow/example_dags/example_complex.py for tasks to queue
[2023-06-12 08:03:40,869] {logging_mixin.py:104} INFO - [2023-06-12 08:03:40,869] {dagbag.py:496} INFO - Filling up the DagBag from /home/airflow/.local/lib/python3.6/site-packages/airflow/example_dags/example_complex.py
[2023-06-12 08:03:40,885] {scheduler_job.py:642} INFO - DAG(s) dict_keys(['example_complex']) retrieved from /home/airflow/.local/lib/python3.6/site-packages/airflow/example_dags/example_complex.py
[2023-06-12 08:03:40,906] {logging_mixin.py:104} INFO - [2023-06-12 08:03:40,906] {dag.py:1833} INFO - Sync 1 DAGs
[2023-06-12 08:03:40,918] {logging_mixin.py:104} INFO - [2023-06-12 08:03:40,918] {dag.py:2306} INFO - Setting next_dagrun for example_complex to None
[2023-06-12 08:03:40,927] {scheduler_job.py:189} INFO - Processing /home/airflow/.local/lib/python3.6/site-packages/airflow/example_dags/example_complex.py took 0.064 seconds
[2023-06-12 08:04:11,258] {scheduler_job.py:181} INFO - Started process (PID=1308) to work on /home/airflow/.local/lib/python3.6/site-packages/airflow/example_dags/example_complex.py
[2023-06-12 08:04:11,259] {scheduler_job.py:632} INFO - Processing file /home/airflow/.local/lib/python3.6/site-packages/airflow/example_dags/example_complex.py for tasks to queue
[2023-06-12 08:04:11,260] {logging_mixin.py:104} INFO - [2023-06-12 08:04:11,260] {dagbag.py:496} INFO - Filling up the DagBag from /home/airflow/.local/lib/python3.6/site-packages/airflow/example_dags/example_complex.py
[2023-06-12 08:04:11,279] {scheduler_job.py:642} INFO - DAG(s) dict_keys(['example_complex']) retrieved from /home/airflow/.local/lib/python3.6/site-packages/airflow/example_dags/example_complex.py
[2023-06-12 08:04:11,303] {logging_mixin.py:104} INFO - [2023-06-12 08:04:11,303] {dag.py:1833} INFO - Sync 1 DAGs
[2023-06-12 08:04:11,319] {logging_mixin.py:104} INFO - [2023-06-12 08:04:11,318] {dag.py:2306} INFO - Setting next_dagrun for example_complex to None
[2023-06-12 08:04:11,331] {scheduler_job.py:189} INFO - Processing /home/airflow/.local/lib/python3.6/site-packages/airflow/example_dags/example_complex.py took 0.075 seconds
[2023-06-12 08:04:41,686] {scheduler_job.py:181} INFO - Started process (PID=1364) to work on /home/airflow/.local/lib/python3.6/site-packages/airflow/example_dags/example_complex.py
[2023-06-12 08:04:41,688] {scheduler_job.py:632} INFO - Processing file /home/airflow/.local/lib/python3.6/site-packages/airflow/example_dags/example_complex.py for tasks to queue
[2023-06-12 08:04:41,688] {logging_mixin.py:104} INFO - [2023-06-12 08:04:41,688] {dagbag.py:496} INFO - Filling up the DagBag from /home/airflow/.local/lib/python3.6/site-packages/airflow/example_dags/example_complex.py
[2023-06-12 08:04:41,704] {scheduler_job.py:642} INFO - DAG(s) dict_keys(['example_complex']) retrieved from /home/airflow/.local/lib/python3.6/site-packages/airflow/example_dags/example_complex.py
[2023-06-12 08:04:41,723] {logging_mixin.py:104} INFO - [2023-06-12 08:04:41,723] {dag.py:1833} INFO - Sync 1 DAGs
[2023-06-12 08:04:41,735] {logging_mixin.py:104} INFO - [2023-06-12 08:04:41,735] {dag.py:2306} INFO - Setting next_dagrun for example_complex to None
[2023-06-12 08:04:41,745] {scheduler_job.py:189} INFO - Processing /home/airflow/.local/lib/python3.6/site-packages/airflow/example_dags/example_complex.py took 0.061 seconds
[2023-06-12 08:05:12,086] {scheduler_job.py:181} INFO - Started process (PID=1427) to work on /home/airflow/.local/lib/python3.6/site-packages/airflow/example_dags/example_complex.py
[2023-06-12 08:05:12,087] {scheduler_job.py:632} INFO - Processing file /home/airflow/.local/lib/python3.6/site-packages/airflow/example_dags/example_complex.py for tasks to queue
[2023-06-12 08:05:12,088] {logging_mixin.py:104} INFO - [2023-06-12 08:05:12,088] {dagbag.py:496} INFO - Filling up the DagBag from /home/airflow/.local/lib/python3.6/site-packages/airflow/example_dags/example_complex.py
[2023-06-12 08:05:12,107] {scheduler_job.py:642} INFO - DAG(s) dict_keys(['example_complex']) retrieved from /home/airflow/.local/lib/python3.6/site-packages/airflow/example_dags/example_complex.py
[2023-06-12 08:05:12,130] {logging_mixin.py:104} INFO - [2023-06-12 08:05:12,130] {dag.py:1833} INFO - Sync 1 DAGs
[2023-06-12 08:05:12,143] {logging_mixin.py:104} INFO - [2023-06-12 08:05:12,143] {dag.py:2306} INFO - Setting next_dagrun for example_complex to None
[2023-06-12 08:05:12,153] {scheduler_job.py:189} INFO - Processing /home/airflow/.local/lib/python3.6/site-packages/airflow/example_dags/example_complex.py took 0.070 seconds
[2023-06-12 08:05:42,229] {scheduler_job.py:181} INFO - Started process (PID=1480) to work on /home/airflow/.local/lib/python3.6/site-packages/airflow/example_dags/example_complex.py
[2023-06-12 08:05:42,231] {scheduler_job.py:632} INFO - Processing file /home/airflow/.local/lib/python3.6/site-packages/airflow/example_dags/example_complex.py for tasks to queue
[2023-06-12 08:05:42,232] {logging_mixin.py:104} INFO - [2023-06-12 08:05:42,232] {dagbag.py:496} INFO - Filling up the DagBag from /home/airflow/.local/lib/python3.6/site-packages/airflow/example_dags/example_complex.py
[2023-06-12 08:05:42,249] {scheduler_job.py:642} INFO - DAG(s) dict_keys(['example_complex']) retrieved from /home/airflow/.local/lib/python3.6/site-packages/airflow/example_dags/example_complex.py
[2023-06-12 08:05:42,270] {logging_mixin.py:104} INFO - [2023-06-12 08:05:42,270] {dag.py:1833} INFO - Sync 1 DAGs
[2023-06-12 08:05:42,282] {logging_mixin.py:104} INFO - [2023-06-12 08:05:42,282] {dag.py:2306} INFO - Setting next_dagrun for example_complex to None
[2023-06-12 08:05:42,291] {scheduler_job.py:189} INFO - Processing /home/airflow/.local/lib/python3.6/site-packages/airflow/example_dags/example_complex.py took 0.065 seconds
[2023-06-12 08:06:12,789] {scheduler_job.py:181} INFO - Started process (PID=1544) to work on /home/airflow/.local/lib/python3.6/site-packages/airflow/example_dags/example_complex.py
[2023-06-12 08:06:12,790] {scheduler_job.py:632} INFO - Processing file /home/airflow/.local/lib/python3.6/site-packages/airflow/example_dags/example_complex.py for tasks to queue
[2023-06-12 08:06:12,791] {logging_mixin.py:104} INFO - [2023-06-12 08:06:12,791] {dagbag.py:496} INFO - Filling up the DagBag from /home/airflow/.local/lib/python3.6/site-packages/airflow/example_dags/example_complex.py
[2023-06-12 08:06:12,808] {scheduler_job.py:642} INFO - DAG(s) dict_keys(['example_complex']) retrieved from /home/airflow/.local/lib/python3.6/site-packages/airflow/example_dags/example_complex.py
[2023-06-12 08:06:12,830] {logging_mixin.py:104} INFO - [2023-06-12 08:06:12,830] {dag.py:1833} INFO - Sync 1 DAGs
[2023-06-12 08:06:12,842] {logging_mixin.py:104} INFO - [2023-06-12 08:06:12,842] {dag.py:2306} INFO - Setting next_dagrun for example_complex to None
[2023-06-12 08:06:12,851] {scheduler_job.py:189} INFO - Processing /home/airflow/.local/lib/python3.6/site-packages/airflow/example_dags/example_complex.py took 0.065 seconds
[2023-06-12 08:06:43,177] {scheduler_job.py:181} INFO - Started process (PID=1604) to work on /home/airflow/.local/lib/python3.6/site-packages/airflow/example_dags/example_complex.py
[2023-06-12 08:06:43,178] {scheduler_job.py:632} INFO - Processing file /home/airflow/.local/lib/python3.6/site-packages/airflow/example_dags/example_complex.py for tasks to queue
[2023-06-12 08:06:43,179] {logging_mixin.py:104} INFO - [2023-06-12 08:06:43,179] {dagbag.py:496} INFO - Filling up the DagBag from /home/airflow/.local/lib/python3.6/site-packages/airflow/example_dags/example_complex.py
[2023-06-12 08:06:43,198] {scheduler_job.py:642} INFO - DAG(s) dict_keys(['example_complex']) retrieved from /home/airflow/.local/lib/python3.6/site-packages/airflow/example_dags/example_complex.py
[2023-06-12 08:06:43,221] {logging_mixin.py:104} INFO - [2023-06-12 08:06:43,221] {dag.py:1833} INFO - Sync 1 DAGs
[2023-06-12 08:06:43,234] {logging_mixin.py:104} INFO - [2023-06-12 08:06:43,234] {dag.py:2306} INFO - Setting next_dagrun for example_complex to None
[2023-06-12 08:06:43,245] {scheduler_job.py:189} INFO - Processing /home/airflow/.local/lib/python3.6/site-packages/airflow/example_dags/example_complex.py took 0.071 seconds
[2023-06-12 08:07:13,919] {scheduler_job.py:181} INFO - Started process (PID=1660) to work on /home/airflow/.local/lib/python3.6/site-packages/airflow/example_dags/example_complex.py
[2023-06-12 08:07:13,920] {scheduler_job.py:632} INFO - Processing file /home/airflow/.local/lib/python3.6/site-packages/airflow/example_dags/example_complex.py for tasks to queue
[2023-06-12 08:07:13,921] {logging_mixin.py:104} INFO - [2023-06-12 08:07:13,921] {dagbag.py:496} INFO - Filling up the DagBag from /home/airflow/.local/lib/python3.6/site-packages/airflow/example_dags/example_complex.py
[2023-06-12 08:07:13,938] {scheduler_job.py:642} INFO - DAG(s) dict_keys(['example_complex']) retrieved from /home/airflow/.local/lib/python3.6/site-packages/airflow/example_dags/example_complex.py
[2023-06-12 08:07:13,960] {logging_mixin.py:104} INFO - [2023-06-12 08:07:13,960] {dag.py:1833} INFO - Sync 1 DAGs
[2023-06-12 08:07:13,973] {logging_mixin.py:104} INFO - [2023-06-12 08:07:13,973] {dag.py:2306} INFO - Setting next_dagrun for example_complex to None
[2023-06-12 08:07:13,984] {scheduler_job.py:189} INFO - Processing /home/airflow/.local/lib/python3.6/site-packages/airflow/example_dags/example_complex.py took 0.068 seconds
[2023-06-12 08:07:44,271] {scheduler_job.py:181} INFO - Started process (PID=1723) to work on /home/airflow/.local/lib/python3.6/site-packages/airflow/example_dags/example_complex.py
[2023-06-12 08:07:44,272] {scheduler_job.py:632} INFO - Processing file /home/airflow/.local/lib/python3.6/site-packages/airflow/example_dags/example_complex.py for tasks to queue
[2023-06-12 08:07:44,273] {logging_mixin.py:104} INFO - [2023-06-12 08:07:44,273] {dagbag.py:496} INFO - Filling up the DagBag from /home/airflow/.local/lib/python3.6/site-packages/airflow/example_dags/example_complex.py
[2023-06-12 08:07:44,289] {scheduler_job.py:642} INFO - DAG(s) dict_keys(['example_complex']) retrieved from /home/airflow/.local/lib/python3.6/site-packages/airflow/example_dags/example_complex.py
[2023-06-12 08:07:44,309] {logging_mixin.py:104} INFO - [2023-06-12 08:07:44,309] {dag.py:1833} INFO - Sync 1 DAGs
[2023-06-12 08:07:44,321] {logging_mixin.py:104} INFO - [2023-06-12 08:07:44,320] {dag.py:2306} INFO - Setting next_dagrun for example_complex to None
[2023-06-12 08:07:44,331] {scheduler_job.py:189} INFO - Processing /home/airflow/.local/lib/python3.6/site-packages/airflow/example_dags/example_complex.py took 0.063 seconds
[2023-06-12 08:08:14,576] {scheduler_job.py:181} INFO - Started process (PID=1776) to work on /home/airflow/.local/lib/python3.6/site-packages/airflow/example_dags/example_complex.py
[2023-06-12 08:08:14,578] {scheduler_job.py:632} INFO - Processing file /home/airflow/.local/lib/python3.6/site-packages/airflow/example_dags/example_complex.py for tasks to queue
[2023-06-12 08:08:14,579] {logging_mixin.py:104} INFO - [2023-06-12 08:08:14,579] {dagbag.py:496} INFO - Filling up the DagBag from /home/airflow/.local/lib/python3.6/site-packages/airflow/example_dags/example_complex.py
[2023-06-12 08:08:14,596] {scheduler_job.py:642} INFO - DAG(s) dict_keys(['example_complex']) retrieved from /home/airflow/.local/lib/python3.6/site-packages/airflow/example_dags/example_complex.py
[2023-06-12 08:08:14,619] {logging_mixin.py:104} INFO - [2023-06-12 08:08:14,619] {dag.py:1833} INFO - Sync 1 DAGs
[2023-06-12 08:08:14,632] {logging_mixin.py:104} INFO - [2023-06-12 08:08:14,632] {dag.py:2306} INFO - Setting next_dagrun for example_complex to None
[2023-06-12 08:08:14,641] {scheduler_job.py:189} INFO - Processing /home/airflow/.local/lib/python3.6/site-packages/airflow/example_dags/example_complex.py took 0.068 seconds
[2023-06-12 08:08:45,235] {scheduler_job.py:181} INFO - Started process (PID=1840) to work on /home/airflow/.local/lib/python3.6/site-packages/airflow/example_dags/example_complex.py
[2023-06-12 08:08:45,237] {scheduler_job.py:632} INFO - Processing file /home/airflow/.local/lib/python3.6/site-packages/airflow/example_dags/example_complex.py for tasks to queue
[2023-06-12 08:08:45,238] {logging_mixin.py:104} INFO - [2023-06-12 08:08:45,237] {dagbag.py:496} INFO - Filling up the DagBag from /home/airflow/.local/lib/python3.6/site-packages/airflow/example_dags/example_complex.py
[2023-06-12 08:08:45,257] {scheduler_job.py:642} INFO - DAG(s) dict_keys(['example_complex']) retrieved from /home/airflow/.local/lib/python3.6/site-packages/airflow/example_dags/example_complex.py
[2023-06-12 08:08:45,281] {logging_mixin.py:104} INFO - [2023-06-12 08:08:45,281] {dag.py:1833} INFO - Sync 1 DAGs
[2023-06-12 08:08:45,296] {logging_mixin.py:104} INFO - [2023-06-12 08:08:45,296] {dag.py:2306} INFO - Setting next_dagrun for example_complex to None
[2023-06-12 08:08:45,309] {scheduler_job.py:189} INFO - Processing /home/airflow/.local/lib/python3.6/site-packages/airflow/example_dags/example_complex.py took 0.078 seconds
[2023-06-12 08:09:15,565] {scheduler_job.py:181} INFO - Started process (PID=1903) to work on /home/airflow/.local/lib/python3.6/site-packages/airflow/example_dags/example_complex.py
[2023-06-12 08:09:15,566] {scheduler_job.py:632} INFO - Processing file /home/airflow/.local/lib/python3.6/site-packages/airflow/example_dags/example_complex.py for tasks to queue
[2023-06-12 08:09:15,567] {logging_mixin.py:104} INFO - [2023-06-12 08:09:15,567] {dagbag.py:496} INFO - Filling up the DagBag from /home/airflow/.local/lib/python3.6/site-packages/airflow/example_dags/example_complex.py
[2023-06-12 08:09:15,583] {scheduler_job.py:642} INFO - DAG(s) dict_keys(['example_complex']) retrieved from /home/airflow/.local/lib/python3.6/site-packages/airflow/example_dags/example_complex.py
[2023-06-12 08:09:15,605] {logging_mixin.py:104} INFO - [2023-06-12 08:09:15,605] {dag.py:1833} INFO - Sync 1 DAGs
[2023-06-12 08:09:15,618] {logging_mixin.py:104} INFO - [2023-06-12 08:09:15,618] {dag.py:2306} INFO - Setting next_dagrun for example_complex to None
[2023-06-12 08:09:15,629] {scheduler_job.py:189} INFO - Processing /home/airflow/.local/lib/python3.6/site-packages/airflow/example_dags/example_complex.py took 0.066 seconds
[2023-06-12 08:09:45,886] {scheduler_job.py:181} INFO - Started process (PID=1956) to work on /home/airflow/.local/lib/python3.6/site-packages/airflow/example_dags/example_complex.py
[2023-06-12 08:09:45,887] {scheduler_job.py:632} INFO - Processing file /home/airflow/.local/lib/python3.6/site-packages/airflow/example_dags/example_complex.py for tasks to queue
[2023-06-12 08:09:45,888] {logging_mixin.py:104} INFO - [2023-06-12 08:09:45,888] {dagbag.py:496} INFO - Filling up the DagBag from /home/airflow/.local/lib/python3.6/site-packages/airflow/example_dags/example_complex.py
[2023-06-12 08:09:45,903] {scheduler_job.py:642} INFO - DAG(s) dict_keys(['example_complex']) retrieved from /home/airflow/.local/lib/python3.6/site-packages/airflow/example_dags/example_complex.py
[2023-06-12 08:09:45,923] {logging_mixin.py:104} INFO - [2023-06-12 08:09:45,923] {dag.py:1833} INFO - Sync 1 DAGs
[2023-06-12 08:09:45,935] {logging_mixin.py:104} INFO - [2023-06-12 08:09:45,935] {dag.py:2306} INFO - Setting next_dagrun for example_complex to None
[2023-06-12 08:09:45,944] {scheduler_job.py:189} INFO - Processing /home/airflow/.local/lib/python3.6/site-packages/airflow/example_dags/example_complex.py took 0.061 seconds
[2023-06-12 08:10:16,439] {scheduler_job.py:181} INFO - Started process (PID=2019) to work on /home/airflow/.local/lib/python3.6/site-packages/airflow/example_dags/example_complex.py
[2023-06-12 08:10:16,440] {scheduler_job.py:632} INFO - Processing file /home/airflow/.local/lib/python3.6/site-packages/airflow/example_dags/example_complex.py for tasks to queue
[2023-06-12 08:10:16,440] {logging_mixin.py:104} INFO - [2023-06-12 08:10:16,440] {dagbag.py:496} INFO - Filling up the DagBag from /home/airflow/.local/lib/python3.6/site-packages/airflow/example_dags/example_complex.py
[2023-06-12 08:10:16,455] {scheduler_job.py:642} INFO - DAG(s) dict_keys(['example_complex']) retrieved from /home/airflow/.local/lib/python3.6/site-packages/airflow/example_dags/example_complex.py
[2023-06-12 08:10:16,475] {logging_mixin.py:104} INFO - [2023-06-12 08:10:16,475] {dag.py:1833} INFO - Sync 1 DAGs
[2023-06-12 08:10:16,487] {logging_mixin.py:104} INFO - [2023-06-12 08:10:16,487] {dag.py:2306} INFO - Setting next_dagrun for example_complex to None
[2023-06-12 08:10:16,496] {scheduler_job.py:189} INFO - Processing /home/airflow/.local/lib/python3.6/site-packages/airflow/example_dags/example_complex.py took 0.060 seconds
[2023-06-12 08:10:46,906] {scheduler_job.py:181} INFO - Started process (PID=2072) to work on /home/airflow/.local/lib/python3.6/site-packages/airflow/example_dags/example_complex.py
[2023-06-12 08:10:46,907] {scheduler_job.py:632} INFO - Processing file /home/airflow/.local/lib/python3.6/site-packages/airflow/example_dags/example_complex.py for tasks to queue
[2023-06-12 08:10:46,908] {logging_mixin.py:104} INFO - [2023-06-12 08:10:46,908] {dagbag.py:496} INFO - Filling up the DagBag from /home/airflow/.local/lib/python3.6/site-packages/airflow/example_dags/example_complex.py
[2023-06-12 08:10:46,924] {scheduler_job.py:642} INFO - DAG(s) dict_keys(['example_complex']) retrieved from /home/airflow/.local/lib/python3.6/site-packages/airflow/example_dags/example_complex.py
[2023-06-12 08:10:46,947] {logging_mixin.py:104} INFO - [2023-06-12 08:10:46,947] {dag.py:1833} INFO - Sync 1 DAGs
[2023-06-12 08:10:46,960] {logging_mixin.py:104} INFO - [2023-06-12 08:10:46,960] {dag.py:2306} INFO - Setting next_dagrun for example_complex to None
[2023-06-12 08:10:46,971] {scheduler_job.py:189} INFO - Processing /home/airflow/.local/lib/python3.6/site-packages/airflow/example_dags/example_complex.py took 0.068 seconds
[2023-06-12 08:11:17,528] {scheduler_job.py:181} INFO - Started process (PID=2135) to work on /home/airflow/.local/lib/python3.6/site-packages/airflow/example_dags/example_complex.py
[2023-06-12 08:11:17,529] {scheduler_job.py:632} INFO - Processing file /home/airflow/.local/lib/python3.6/site-packages/airflow/example_dags/example_complex.py for tasks to queue
[2023-06-12 08:11:17,530] {logging_mixin.py:104} INFO - [2023-06-12 08:11:17,530] {dagbag.py:496} INFO - Filling up the DagBag from /home/airflow/.local/lib/python3.6/site-packages/airflow/example_dags/example_complex.py
[2023-06-12 08:11:17,545] {scheduler_job.py:642} INFO - DAG(s) dict_keys(['example_complex']) retrieved from /home/airflow/.local/lib/python3.6/site-packages/airflow/example_dags/example_complex.py
[2023-06-12 08:11:17,565] {logging_mixin.py:104} INFO - [2023-06-12 08:11:17,565] {dag.py:1833} INFO - Sync 1 DAGs
[2023-06-12 08:11:17,577] {logging_mixin.py:104} INFO - [2023-06-12 08:11:17,577] {dag.py:2306} INFO - Setting next_dagrun for example_complex to None
[2023-06-12 08:11:17,586] {scheduler_job.py:189} INFO - Processing /home/airflow/.local/lib/python3.6/site-packages/airflow/example_dags/example_complex.py took 0.060 seconds
[2023-06-12 08:11:47,865] {scheduler_job.py:181} INFO - Started process (PID=2198) to work on /home/airflow/.local/lib/python3.6/site-packages/airflow/example_dags/example_complex.py
[2023-06-12 08:11:47,866] {scheduler_job.py:632} INFO - Processing file /home/airflow/.local/lib/python3.6/site-packages/airflow/example_dags/example_complex.py for tasks to queue
[2023-06-12 08:11:47,867] {logging_mixin.py:104} INFO - [2023-06-12 08:11:47,867] {dagbag.py:496} INFO - Filling up the DagBag from /home/airflow/.local/lib/python3.6/site-packages/airflow/example_dags/example_complex.py
[2023-06-12 08:11:47,882] {scheduler_job.py:642} INFO - DAG(s) dict_keys(['example_complex']) retrieved from /home/airflow/.local/lib/python3.6/site-packages/airflow/example_dags/example_complex.py
[2023-06-12 08:11:47,902] {logging_mixin.py:104} INFO - [2023-06-12 08:11:47,902] {dag.py:1833} INFO - Sync 1 DAGs
[2023-06-12 08:11:47,913] {logging_mixin.py:104} INFO - [2023-06-12 08:11:47,913] {dag.py:2306} INFO - Setting next_dagrun for example_complex to None
[2023-06-12 08:11:47,923] {scheduler_job.py:189} INFO - Processing /home/airflow/.local/lib/python3.6/site-packages/airflow/example_dags/example_complex.py took 0.061 seconds
[2023-06-12 08:12:18,153] {scheduler_job.py:181} INFO - Started process (PID=2251) to work on /home/airflow/.local/lib/python3.6/site-packages/airflow/example_dags/example_complex.py
[2023-06-12 08:12:18,154] {scheduler_job.py:632} INFO - Processing file /home/airflow/.local/lib/python3.6/site-packages/airflow/example_dags/example_complex.py for tasks to queue
[2023-06-12 08:12:18,154] {logging_mixin.py:104} INFO - [2023-06-12 08:12:18,154] {dagbag.py:496} INFO - Filling up the DagBag from /home/airflow/.local/lib/python3.6/site-packages/airflow/example_dags/example_complex.py
[2023-06-12 08:12:18,169] {scheduler_job.py:642} INFO - DAG(s) dict_keys(['example_complex']) retrieved from /home/airflow/.local/lib/python3.6/site-packages/airflow/example_dags/example_complex.py
[2023-06-12 08:12:18,188] {logging_mixin.py:104} INFO - [2023-06-12 08:12:18,188] {dag.py:1833} INFO - Sync 1 DAGs
[2023-06-12 08:12:18,198] {logging_mixin.py:104} INFO - [2023-06-12 08:12:18,198] {dag.py:2306} INFO - Setting next_dagrun for example_complex to None
[2023-06-12 08:12:18,208] {scheduler_job.py:189} INFO - Processing /home/airflow/.local/lib/python3.6/site-packages/airflow/example_dags/example_complex.py took 0.058 seconds
[2023-06-12 08:12:48,717] {scheduler_job.py:181} INFO - Started process (PID=2314) to work on /home/airflow/.local/lib/python3.6/site-packages/airflow/example_dags/example_complex.py
[2023-06-12 08:12:48,718] {scheduler_job.py:632} INFO - Processing file /home/airflow/.local/lib/python3.6/site-packages/airflow/example_dags/example_complex.py for tasks to queue
[2023-06-12 08:12:48,719] {logging_mixin.py:104} INFO - [2023-06-12 08:12:48,719] {dagbag.py:496} INFO - Filling up the DagBag from /home/airflow/.local/lib/python3.6/site-packages/airflow/example_dags/example_complex.py
[2023-06-12 08:12:48,735] {scheduler_job.py:642} INFO - DAG(s) dict_keys(['example_complex']) retrieved from /home/airflow/.local/lib/python3.6/site-packages/airflow/example_dags/example_complex.py
[2023-06-12 08:12:48,756] {logging_mixin.py:104} INFO - [2023-06-12 08:12:48,756] {dag.py:1833} INFO - Sync 1 DAGs
[2023-06-12 08:12:48,768] {logging_mixin.py:104} INFO - [2023-06-12 08:12:48,768] {dag.py:2306} INFO - Setting next_dagrun for example_complex to None
[2023-06-12 08:12:48,779] {scheduler_job.py:189} INFO - Processing /home/airflow/.local/lib/python3.6/site-packages/airflow/example_dags/example_complex.py took 0.064 seconds
