[2023-06-12 07:53:28,127] {scheduler_job.py:181} INFO - Started process (PID=62) to work on /home/airflow/.local/lib/python3.6/site-packages/airflow/example_dags/example_short_circuit_operator.py
[2023-06-12 07:53:28,128] {scheduler_job.py:632} INFO - Processing file /home/airflow/.local/lib/python3.6/site-packages/airflow/example_dags/example_short_circuit_operator.py for tasks to queue
[2023-06-12 07:53:28,129] {logging_mixin.py:104} INFO - [2023-06-12 07:53:28,129] {dagbag.py:496} INFO - Filling up the DagBag from /home/airflow/.local/lib/python3.6/site-packages/airflow/example_dags/example_short_circuit_operator.py
[2023-06-12 07:53:28,141] {scheduler_job.py:642} INFO - DAG(s) dict_keys(['example_short_circuit_operator']) retrieved from /home/airflow/.local/lib/python3.6/site-packages/airflow/example_dags/example_short_circuit_operator.py
[2023-06-12 07:53:28,373] {logging_mixin.py:104} INFO - [2023-06-12 07:53:28,373] {dag.py:1833} INFO - Sync 1 DAGs
[2023-06-12 07:53:28,388] {logging_mixin.py:104} INFO - [2023-06-12 07:53:28,387] {dag.py:2306} INFO - Setting next_dagrun for example_short_circuit_operator to 2023-06-10 00:00:00+00:00
[2023-06-12 07:53:28,400] {scheduler_job.py:189} INFO - Processing /home/airflow/.local/lib/python3.6/site-packages/airflow/example_dags/example_short_circuit_operator.py took 0.276 seconds
[2023-06-12 07:53:59,043] {scheduler_job.py:181} INFO - Started process (PID=116) to work on /home/airflow/.local/lib/python3.6/site-packages/airflow/example_dags/example_short_circuit_operator.py
[2023-06-12 07:53:59,045] {scheduler_job.py:632} INFO - Processing file /home/airflow/.local/lib/python3.6/site-packages/airflow/example_dags/example_short_circuit_operator.py for tasks to queue
[2023-06-12 07:53:59,045] {logging_mixin.py:104} INFO - [2023-06-12 07:53:59,045] {dagbag.py:496} INFO - Filling up the DagBag from /home/airflow/.local/lib/python3.6/site-packages/airflow/example_dags/example_short_circuit_operator.py
[2023-06-12 07:53:59,055] {scheduler_job.py:642} INFO - DAG(s) dict_keys(['example_short_circuit_operator']) retrieved from /home/airflow/.local/lib/python3.6/site-packages/airflow/example_dags/example_short_circuit_operator.py
[2023-06-12 07:53:59,071] {logging_mixin.py:104} INFO - [2023-06-12 07:53:59,071] {dag.py:1833} INFO - Sync 1 DAGs
[2023-06-12 07:53:59,082] {logging_mixin.py:104} INFO - [2023-06-12 07:53:59,082] {dag.py:2306} INFO - Setting next_dagrun for example_short_circuit_operator to 2023-06-10 00:00:00+00:00
[2023-06-12 07:53:59,091] {scheduler_job.py:189} INFO - Processing /home/airflow/.local/lib/python3.6/site-packages/airflow/example_dags/example_short_circuit_operator.py took 0.050 seconds
[2023-06-12 07:54:29,487] {scheduler_job.py:181} INFO - Started process (PID=179) to work on /home/airflow/.local/lib/python3.6/site-packages/airflow/example_dags/example_short_circuit_operator.py
[2023-06-12 07:54:29,488] {scheduler_job.py:632} INFO - Processing file /home/airflow/.local/lib/python3.6/site-packages/airflow/example_dags/example_short_circuit_operator.py for tasks to queue
[2023-06-12 07:54:29,489] {logging_mixin.py:104} INFO - [2023-06-12 07:54:29,489] {dagbag.py:496} INFO - Filling up the DagBag from /home/airflow/.local/lib/python3.6/site-packages/airflow/example_dags/example_short_circuit_operator.py
[2023-06-12 07:54:29,501] {scheduler_job.py:642} INFO - DAG(s) dict_keys(['example_short_circuit_operator']) retrieved from /home/airflow/.local/lib/python3.6/site-packages/airflow/example_dags/example_short_circuit_operator.py
[2023-06-12 07:54:29,519] {logging_mixin.py:104} INFO - [2023-06-12 07:54:29,519] {dag.py:1833} INFO - Sync 1 DAGs
[2023-06-12 07:54:29,531] {logging_mixin.py:104} INFO - [2023-06-12 07:54:29,531] {dag.py:2306} INFO - Setting next_dagrun for example_short_circuit_operator to 2023-06-10 00:00:00+00:00
[2023-06-12 07:54:29,540] {scheduler_job.py:189} INFO - Processing /home/airflow/.local/lib/python3.6/site-packages/airflow/example_dags/example_short_circuit_operator.py took 0.056 seconds
[2023-06-12 07:55:00,423] {scheduler_job.py:181} INFO - Started process (PID=232) to work on /home/airflow/.local/lib/python3.6/site-packages/airflow/example_dags/example_short_circuit_operator.py
[2023-06-12 07:55:00,424] {scheduler_job.py:632} INFO - Processing file /home/airflow/.local/lib/python3.6/site-packages/airflow/example_dags/example_short_circuit_operator.py for tasks to queue
[2023-06-12 07:55:00,425] {logging_mixin.py:104} INFO - [2023-06-12 07:55:00,425] {dagbag.py:496} INFO - Filling up the DagBag from /home/airflow/.local/lib/python3.6/site-packages/airflow/example_dags/example_short_circuit_operator.py
[2023-06-12 07:55:00,434] {scheduler_job.py:642} INFO - DAG(s) dict_keys(['example_short_circuit_operator']) retrieved from /home/airflow/.local/lib/python3.6/site-packages/airflow/example_dags/example_short_circuit_operator.py
[2023-06-12 07:55:00,450] {logging_mixin.py:104} INFO - [2023-06-12 07:55:00,450] {dag.py:1833} INFO - Sync 1 DAGs
[2023-06-12 07:55:00,462] {logging_mixin.py:104} INFO - [2023-06-12 07:55:00,461] {dag.py:2306} INFO - Setting next_dagrun for example_short_circuit_operator to 2023-06-10 00:00:00+00:00
[2023-06-12 07:55:00,471] {scheduler_job.py:189} INFO - Processing /home/airflow/.local/lib/python3.6/site-packages/airflow/example_dags/example_short_circuit_operator.py took 0.051 seconds
[2023-06-12 07:55:30,891] {scheduler_job.py:181} INFO - Started process (PID=295) to work on /home/airflow/.local/lib/python3.6/site-packages/airflow/example_dags/example_short_circuit_operator.py
[2023-06-12 07:55:30,892] {scheduler_job.py:632} INFO - Processing file /home/airflow/.local/lib/python3.6/site-packages/airflow/example_dags/example_short_circuit_operator.py for tasks to queue
[2023-06-12 07:55:30,893] {logging_mixin.py:104} INFO - [2023-06-12 07:55:30,893] {dagbag.py:496} INFO - Filling up the DagBag from /home/airflow/.local/lib/python3.6/site-packages/airflow/example_dags/example_short_circuit_operator.py
[2023-06-12 07:55:30,902] {scheduler_job.py:642} INFO - DAG(s) dict_keys(['example_short_circuit_operator']) retrieved from /home/airflow/.local/lib/python3.6/site-packages/airflow/example_dags/example_short_circuit_operator.py
[2023-06-12 07:55:30,919] {logging_mixin.py:104} INFO - [2023-06-12 07:55:30,919] {dag.py:1833} INFO - Sync 1 DAGs
[2023-06-12 07:55:30,930] {logging_mixin.py:104} INFO - [2023-06-12 07:55:30,930] {dag.py:2306} INFO - Setting next_dagrun for example_short_circuit_operator to 2023-06-10 00:00:00+00:00
[2023-06-12 07:55:30,941] {scheduler_job.py:189} INFO - Processing /home/airflow/.local/lib/python3.6/site-packages/airflow/example_dags/example_short_circuit_operator.py took 0.053 seconds
[2023-06-12 07:56:01,328] {scheduler_job.py:181} INFO - Started process (PID=358) to work on /home/airflow/.local/lib/python3.6/site-packages/airflow/example_dags/example_short_circuit_operator.py
[2023-06-12 07:56:01,329] {scheduler_job.py:632} INFO - Processing file /home/airflow/.local/lib/python3.6/site-packages/airflow/example_dags/example_short_circuit_operator.py for tasks to queue
[2023-06-12 07:56:01,330] {logging_mixin.py:104} INFO - [2023-06-12 07:56:01,330] {dagbag.py:496} INFO - Filling up the DagBag from /home/airflow/.local/lib/python3.6/site-packages/airflow/example_dags/example_short_circuit_operator.py
[2023-06-12 07:56:01,340] {scheduler_job.py:642} INFO - DAG(s) dict_keys(['example_short_circuit_operator']) retrieved from /home/airflow/.local/lib/python3.6/site-packages/airflow/example_dags/example_short_circuit_operator.py
[2023-06-12 07:56:01,358] {logging_mixin.py:104} INFO - [2023-06-12 07:56:01,358] {dag.py:1833} INFO - Sync 1 DAGs
[2023-06-12 07:56:01,371] {logging_mixin.py:104} INFO - [2023-06-12 07:56:01,371] {dag.py:2306} INFO - Setting next_dagrun for example_short_circuit_operator to 2023-06-10 00:00:00+00:00
[2023-06-12 07:56:01,382] {scheduler_job.py:189} INFO - Processing /home/airflow/.local/lib/python3.6/site-packages/airflow/example_dags/example_short_circuit_operator.py took 0.057 seconds
[2023-06-12 07:56:31,913] {scheduler_job.py:181} INFO - Started process (PID=411) to work on /home/airflow/.local/lib/python3.6/site-packages/airflow/example_dags/example_short_circuit_operator.py
[2023-06-12 07:56:31,914] {scheduler_job.py:632} INFO - Processing file /home/airflow/.local/lib/python3.6/site-packages/airflow/example_dags/example_short_circuit_operator.py for tasks to queue
[2023-06-12 07:56:31,915] {logging_mixin.py:104} INFO - [2023-06-12 07:56:31,915] {dagbag.py:496} INFO - Filling up the DagBag from /home/airflow/.local/lib/python3.6/site-packages/airflow/example_dags/example_short_circuit_operator.py
[2023-06-12 07:56:31,928] {scheduler_job.py:642} INFO - DAG(s) dict_keys(['example_short_circuit_operator']) retrieved from /home/airflow/.local/lib/python3.6/site-packages/airflow/example_dags/example_short_circuit_operator.py
[2023-06-12 07:56:31,949] {logging_mixin.py:104} INFO - [2023-06-12 07:56:31,949] {dag.py:1833} INFO - Sync 1 DAGs
[2023-06-12 07:56:31,964] {logging_mixin.py:104} INFO - [2023-06-12 07:56:31,964] {dag.py:2306} INFO - Setting next_dagrun for example_short_circuit_operator to 2023-06-10 00:00:00+00:00
[2023-06-12 07:56:31,975] {scheduler_job.py:189} INFO - Processing /home/airflow/.local/lib/python3.6/site-packages/airflow/example_dags/example_short_circuit_operator.py took 0.065 seconds
[2023-06-12 07:57:02,781] {scheduler_job.py:181} INFO - Started process (PID=474) to work on /home/airflow/.local/lib/python3.6/site-packages/airflow/example_dags/example_short_circuit_operator.py
[2023-06-12 07:57:02,783] {scheduler_job.py:632} INFO - Processing file /home/airflow/.local/lib/python3.6/site-packages/airflow/example_dags/example_short_circuit_operator.py for tasks to queue
[2023-06-12 07:57:02,784] {logging_mixin.py:104} INFO - [2023-06-12 07:57:02,783] {dagbag.py:496} INFO - Filling up the DagBag from /home/airflow/.local/lib/python3.6/site-packages/airflow/example_dags/example_short_circuit_operator.py
[2023-06-12 07:57:02,793] {scheduler_job.py:642} INFO - DAG(s) dict_keys(['example_short_circuit_operator']) retrieved from /home/airflow/.local/lib/python3.6/site-packages/airflow/example_dags/example_short_circuit_operator.py
[2023-06-12 07:57:02,811] {logging_mixin.py:104} INFO - [2023-06-12 07:57:02,811] {dag.py:1833} INFO - Sync 1 DAGs
[2023-06-12 07:57:02,824] {logging_mixin.py:104} INFO - [2023-06-12 07:57:02,823] {dag.py:2306} INFO - Setting next_dagrun for example_short_circuit_operator to 2023-06-10 00:00:00+00:00
[2023-06-12 07:57:02,833] {scheduler_job.py:189} INFO - Processing /home/airflow/.local/lib/python3.6/site-packages/airflow/example_dags/example_short_circuit_operator.py took 0.054 seconds
[2023-06-12 07:57:33,043] {scheduler_job.py:181} INFO - Started process (PID=527) to work on /home/airflow/.local/lib/python3.6/site-packages/airflow/example_dags/example_short_circuit_operator.py
[2023-06-12 07:57:33,045] {scheduler_job.py:632} INFO - Processing file /home/airflow/.local/lib/python3.6/site-packages/airflow/example_dags/example_short_circuit_operator.py for tasks to queue
[2023-06-12 07:57:33,046] {logging_mixin.py:104} INFO - [2023-06-12 07:57:33,045] {dagbag.py:496} INFO - Filling up the DagBag from /home/airflow/.local/lib/python3.6/site-packages/airflow/example_dags/example_short_circuit_operator.py
[2023-06-12 07:57:33,056] {scheduler_job.py:642} INFO - DAG(s) dict_keys(['example_short_circuit_operator']) retrieved from /home/airflow/.local/lib/python3.6/site-packages/airflow/example_dags/example_short_circuit_operator.py
[2023-06-12 07:57:33,073] {logging_mixin.py:104} INFO - [2023-06-12 07:57:33,073] {dag.py:1833} INFO - Sync 1 DAGs
[2023-06-12 07:57:33,086] {logging_mixin.py:104} INFO - [2023-06-12 07:57:33,086] {dag.py:2306} INFO - Setting next_dagrun for example_short_circuit_operator to 2023-06-10 00:00:00+00:00
[2023-06-12 07:57:33,096] {scheduler_job.py:189} INFO - Processing /home/airflow/.local/lib/python3.6/site-packages/airflow/example_dags/example_short_circuit_operator.py took 0.056 seconds
[2023-06-12 07:58:03,145] {scheduler_job.py:181} INFO - Started process (PID=590) to work on /home/airflow/.local/lib/python3.6/site-packages/airflow/example_dags/example_short_circuit_operator.py
[2023-06-12 07:58:03,146] {scheduler_job.py:632} INFO - Processing file /home/airflow/.local/lib/python3.6/site-packages/airflow/example_dags/example_short_circuit_operator.py for tasks to queue
[2023-06-12 07:58:03,147] {logging_mixin.py:104} INFO - [2023-06-12 07:58:03,147] {dagbag.py:496} INFO - Filling up the DagBag from /home/airflow/.local/lib/python3.6/site-packages/airflow/example_dags/example_short_circuit_operator.py
[2023-06-12 07:58:03,159] {scheduler_job.py:642} INFO - DAG(s) dict_keys(['example_short_circuit_operator']) retrieved from /home/airflow/.local/lib/python3.6/site-packages/airflow/example_dags/example_short_circuit_operator.py
[2023-06-12 07:58:03,178] {logging_mixin.py:104} INFO - [2023-06-12 07:58:03,177] {dag.py:1833} INFO - Sync 1 DAGs
[2023-06-12 07:58:03,192] {logging_mixin.py:104} INFO - [2023-06-12 07:58:03,192] {dag.py:2306} INFO - Setting next_dagrun for example_short_circuit_operator to 2023-06-10 00:00:00+00:00
[2023-06-12 07:58:03,202] {scheduler_job.py:189} INFO - Processing /home/airflow/.local/lib/python3.6/site-packages/airflow/example_dags/example_short_circuit_operator.py took 0.060 seconds
[2023-06-12 07:58:33,532] {scheduler_job.py:181} INFO - Started process (PID=653) to work on /home/airflow/.local/lib/python3.6/site-packages/airflow/example_dags/example_short_circuit_operator.py
[2023-06-12 07:58:33,535] {scheduler_job.py:632} INFO - Processing file /home/airflow/.local/lib/python3.6/site-packages/airflow/example_dags/example_short_circuit_operator.py for tasks to queue
[2023-06-12 07:58:33,536] {logging_mixin.py:104} INFO - [2023-06-12 07:58:33,536] {dagbag.py:496} INFO - Filling up the DagBag from /home/airflow/.local/lib/python3.6/site-packages/airflow/example_dags/example_short_circuit_operator.py
[2023-06-12 07:58:33,551] {scheduler_job.py:642} INFO - DAG(s) dict_keys(['example_short_circuit_operator']) retrieved from /home/airflow/.local/lib/python3.6/site-packages/airflow/example_dags/example_short_circuit_operator.py
[2023-06-12 07:58:33,569] {logging_mixin.py:104} INFO - [2023-06-12 07:58:33,568] {dag.py:1833} INFO - Sync 1 DAGs
[2023-06-12 07:58:33,585] {logging_mixin.py:104} INFO - [2023-06-12 07:58:33,585] {dag.py:2306} INFO - Setting next_dagrun for example_short_circuit_operator to 2023-06-10 00:00:00+00:00
[2023-06-12 07:58:33,594] {scheduler_job.py:189} INFO - Processing /home/airflow/.local/lib/python3.6/site-packages/airflow/example_dags/example_short_circuit_operator.py took 0.067 seconds
[2023-06-12 07:59:04,510] {scheduler_job.py:181} INFO - Started process (PID=706) to work on /home/airflow/.local/lib/python3.6/site-packages/airflow/example_dags/example_short_circuit_operator.py
[2023-06-12 07:59:04,512] {scheduler_job.py:632} INFO - Processing file /home/airflow/.local/lib/python3.6/site-packages/airflow/example_dags/example_short_circuit_operator.py for tasks to queue
[2023-06-12 07:59:04,513] {logging_mixin.py:104} INFO - [2023-06-12 07:59:04,513] {dagbag.py:496} INFO - Filling up the DagBag from /home/airflow/.local/lib/python3.6/site-packages/airflow/example_dags/example_short_circuit_operator.py
[2023-06-12 07:59:04,524] {scheduler_job.py:642} INFO - DAG(s) dict_keys(['example_short_circuit_operator']) retrieved from /home/airflow/.local/lib/python3.6/site-packages/airflow/example_dags/example_short_circuit_operator.py
[2023-06-12 07:59:04,543] {logging_mixin.py:104} INFO - [2023-06-12 07:59:04,543] {dag.py:1833} INFO - Sync 1 DAGs
[2023-06-12 07:59:04,558] {logging_mixin.py:104} INFO - [2023-06-12 07:59:04,558] {dag.py:2306} INFO - Setting next_dagrun for example_short_circuit_operator to 2023-06-10 00:00:00+00:00
[2023-06-12 07:59:04,568] {scheduler_job.py:189} INFO - Processing /home/airflow/.local/lib/python3.6/site-packages/airflow/example_dags/example_short_circuit_operator.py took 0.060 seconds
[2023-06-12 07:59:35,409] {scheduler_job.py:181} INFO - Started process (PID=769) to work on /home/airflow/.local/lib/python3.6/site-packages/airflow/example_dags/example_short_circuit_operator.py
[2023-06-12 07:59:35,410] {scheduler_job.py:632} INFO - Processing file /home/airflow/.local/lib/python3.6/site-packages/airflow/example_dags/example_short_circuit_operator.py for tasks to queue
[2023-06-12 07:59:35,411] {logging_mixin.py:104} INFO - [2023-06-12 07:59:35,411] {dagbag.py:496} INFO - Filling up the DagBag from /home/airflow/.local/lib/python3.6/site-packages/airflow/example_dags/example_short_circuit_operator.py
[2023-06-12 07:59:35,421] {scheduler_job.py:642} INFO - DAG(s) dict_keys(['example_short_circuit_operator']) retrieved from /home/airflow/.local/lib/python3.6/site-packages/airflow/example_dags/example_short_circuit_operator.py
[2023-06-12 07:59:35,437] {logging_mixin.py:104} INFO - [2023-06-12 07:59:35,437] {dag.py:1833} INFO - Sync 1 DAGs
[2023-06-12 07:59:35,450] {logging_mixin.py:104} INFO - [2023-06-12 07:59:35,450] {dag.py:2306} INFO - Setting next_dagrun for example_short_circuit_operator to 2023-06-10 00:00:00+00:00
[2023-06-12 07:59:35,458] {scheduler_job.py:189} INFO - Processing /home/airflow/.local/lib/python3.6/site-packages/airflow/example_dags/example_short_circuit_operator.py took 0.053 seconds
[2023-06-12 08:00:06,388] {scheduler_job.py:181} INFO - Started process (PID=832) to work on /home/airflow/.local/lib/python3.6/site-packages/airflow/example_dags/example_short_circuit_operator.py
[2023-06-12 08:00:06,389] {scheduler_job.py:632} INFO - Processing file /home/airflow/.local/lib/python3.6/site-packages/airflow/example_dags/example_short_circuit_operator.py for tasks to queue
[2023-06-12 08:00:06,390] {logging_mixin.py:104} INFO - [2023-06-12 08:00:06,390] {dagbag.py:496} INFO - Filling up the DagBag from /home/airflow/.local/lib/python3.6/site-packages/airflow/example_dags/example_short_circuit_operator.py
[2023-06-12 08:00:06,403] {scheduler_job.py:642} INFO - DAG(s) dict_keys(['example_short_circuit_operator']) retrieved from /home/airflow/.local/lib/python3.6/site-packages/airflow/example_dags/example_short_circuit_operator.py
[2023-06-12 08:00:06,421] {logging_mixin.py:104} INFO - [2023-06-12 08:00:06,421] {dag.py:1833} INFO - Sync 1 DAGs
[2023-06-12 08:00:06,435] {logging_mixin.py:104} INFO - [2023-06-12 08:00:06,435] {dag.py:2306} INFO - Setting next_dagrun for example_short_circuit_operator to 2023-06-10 00:00:00+00:00
[2023-06-12 08:00:06,445] {scheduler_job.py:189} INFO - Processing /home/airflow/.local/lib/python3.6/site-packages/airflow/example_dags/example_short_circuit_operator.py took 0.060 seconds
[2023-06-12 08:00:36,710] {scheduler_job.py:181} INFO - Started process (PID=885) to work on /home/airflow/.local/lib/python3.6/site-packages/airflow/example_dags/example_short_circuit_operator.py
[2023-06-12 08:00:36,712] {scheduler_job.py:632} INFO - Processing file /home/airflow/.local/lib/python3.6/site-packages/airflow/example_dags/example_short_circuit_operator.py for tasks to queue
[2023-06-12 08:00:36,713] {logging_mixin.py:104} INFO - [2023-06-12 08:00:36,713] {dagbag.py:496} INFO - Filling up the DagBag from /home/airflow/.local/lib/python3.6/site-packages/airflow/example_dags/example_short_circuit_operator.py
[2023-06-12 08:00:36,726] {scheduler_job.py:642} INFO - DAG(s) dict_keys(['example_short_circuit_operator']) retrieved from /home/airflow/.local/lib/python3.6/site-packages/airflow/example_dags/example_short_circuit_operator.py
[2023-06-12 08:00:36,743] {logging_mixin.py:104} INFO - [2023-06-12 08:00:36,743] {dag.py:1833} INFO - Sync 1 DAGs
[2023-06-12 08:00:36,758] {logging_mixin.py:104} INFO - [2023-06-12 08:00:36,758] {dag.py:2306} INFO - Setting next_dagrun for example_short_circuit_operator to 2023-06-10 00:00:00+00:00
[2023-06-12 08:00:36,768] {scheduler_job.py:189} INFO - Processing /home/airflow/.local/lib/python3.6/site-packages/airflow/example_dags/example_short_circuit_operator.py took 0.061 seconds
[2023-06-12 08:01:07,516] {scheduler_job.py:181} INFO - Started process (PID=948) to work on /home/airflow/.local/lib/python3.6/site-packages/airflow/example_dags/example_short_circuit_operator.py
[2023-06-12 08:01:07,517] {scheduler_job.py:632} INFO - Processing file /home/airflow/.local/lib/python3.6/site-packages/airflow/example_dags/example_short_circuit_operator.py for tasks to queue
[2023-06-12 08:01:07,518] {logging_mixin.py:104} INFO - [2023-06-12 08:01:07,518] {dagbag.py:496} INFO - Filling up the DagBag from /home/airflow/.local/lib/python3.6/site-packages/airflow/example_dags/example_short_circuit_operator.py
[2023-06-12 08:01:07,528] {scheduler_job.py:642} INFO - DAG(s) dict_keys(['example_short_circuit_operator']) retrieved from /home/airflow/.local/lib/python3.6/site-packages/airflow/example_dags/example_short_circuit_operator.py
[2023-06-12 08:01:07,546] {logging_mixin.py:104} INFO - [2023-06-12 08:01:07,546] {dag.py:1833} INFO - Sync 1 DAGs
[2023-06-12 08:01:07,561] {logging_mixin.py:104} INFO - [2023-06-12 08:01:07,561] {dag.py:2306} INFO - Setting next_dagrun for example_short_circuit_operator to 2023-06-10 00:00:00+00:00
[2023-06-12 08:01:07,571] {scheduler_job.py:189} INFO - Processing /home/airflow/.local/lib/python3.6/site-packages/airflow/example_dags/example_short_circuit_operator.py took 0.058 seconds
[2023-06-12 08:01:38,413] {scheduler_job.py:181} INFO - Started process (PID=1001) to work on /home/airflow/.local/lib/python3.6/site-packages/airflow/example_dags/example_short_circuit_operator.py
[2023-06-12 08:01:38,414] {scheduler_job.py:632} INFO - Processing file /home/airflow/.local/lib/python3.6/site-packages/airflow/example_dags/example_short_circuit_operator.py for tasks to queue
[2023-06-12 08:01:38,415] {logging_mixin.py:104} INFO - [2023-06-12 08:01:38,415] {dagbag.py:496} INFO - Filling up the DagBag from /home/airflow/.local/lib/python3.6/site-packages/airflow/example_dags/example_short_circuit_operator.py
[2023-06-12 08:01:38,425] {scheduler_job.py:642} INFO - DAG(s) dict_keys(['example_short_circuit_operator']) retrieved from /home/airflow/.local/lib/python3.6/site-packages/airflow/example_dags/example_short_circuit_operator.py
[2023-06-12 08:01:38,441] {logging_mixin.py:104} INFO - [2023-06-12 08:01:38,441] {dag.py:1833} INFO - Sync 1 DAGs
[2023-06-12 08:01:38,453] {logging_mixin.py:104} INFO - [2023-06-12 08:01:38,453] {dag.py:2306} INFO - Setting next_dagrun for example_short_circuit_operator to 2023-06-10 00:00:00+00:00
[2023-06-12 08:01:38,462] {scheduler_job.py:189} INFO - Processing /home/airflow/.local/lib/python3.6/site-packages/airflow/example_dags/example_short_circuit_operator.py took 0.052 seconds
[2023-06-12 08:02:08,661] {scheduler_job.py:181} INFO - Started process (PID=1064) to work on /home/airflow/.local/lib/python3.6/site-packages/airflow/example_dags/example_short_circuit_operator.py
[2023-06-12 08:02:08,663] {scheduler_job.py:632} INFO - Processing file /home/airflow/.local/lib/python3.6/site-packages/airflow/example_dags/example_short_circuit_operator.py for tasks to queue
[2023-06-12 08:02:08,664] {logging_mixin.py:104} INFO - [2023-06-12 08:02:08,664] {dagbag.py:496} INFO - Filling up the DagBag from /home/airflow/.local/lib/python3.6/site-packages/airflow/example_dags/example_short_circuit_operator.py
[2023-06-12 08:02:08,675] {scheduler_job.py:642} INFO - DAG(s) dict_keys(['example_short_circuit_operator']) retrieved from /home/airflow/.local/lib/python3.6/site-packages/airflow/example_dags/example_short_circuit_operator.py
[2023-06-12 08:02:08,695] {logging_mixin.py:104} INFO - [2023-06-12 08:02:08,694] {dag.py:1833} INFO - Sync 1 DAGs
[2023-06-12 08:02:08,712] {logging_mixin.py:104} INFO - [2023-06-12 08:02:08,712] {dag.py:2306} INFO - Setting next_dagrun for example_short_circuit_operator to 2023-06-10 00:00:00+00:00
[2023-06-12 08:02:08,721] {scheduler_job.py:189} INFO - Processing /home/airflow/.local/lib/python3.6/site-packages/airflow/example_dags/example_short_circuit_operator.py took 0.063 seconds
[2023-06-12 08:02:39,001] {scheduler_job.py:181} INFO - Started process (PID=1127) to work on /home/airflow/.local/lib/python3.6/site-packages/airflow/example_dags/example_short_circuit_operator.py
[2023-06-12 08:02:39,003] {scheduler_job.py:632} INFO - Processing file /home/airflow/.local/lib/python3.6/site-packages/airflow/example_dags/example_short_circuit_operator.py for tasks to queue
[2023-06-12 08:02:39,004] {logging_mixin.py:104} INFO - [2023-06-12 08:02:39,004] {dagbag.py:496} INFO - Filling up the DagBag from /home/airflow/.local/lib/python3.6/site-packages/airflow/example_dags/example_short_circuit_operator.py
[2023-06-12 08:02:39,015] {scheduler_job.py:642} INFO - DAG(s) dict_keys(['example_short_circuit_operator']) retrieved from /home/airflow/.local/lib/python3.6/site-packages/airflow/example_dags/example_short_circuit_operator.py
[2023-06-12 08:02:39,033] {logging_mixin.py:104} INFO - [2023-06-12 08:02:39,032] {dag.py:1833} INFO - Sync 1 DAGs
[2023-06-12 08:02:39,044] {logging_mixin.py:104} INFO - [2023-06-12 08:02:39,044] {dag.py:2306} INFO - Setting next_dagrun for example_short_circuit_operator to 2023-06-10 00:00:00+00:00
[2023-06-12 08:02:39,053] {scheduler_job.py:189} INFO - Processing /home/airflow/.local/lib/python3.6/site-packages/airflow/example_dags/example_short_circuit_operator.py took 0.055 seconds
[2023-06-12 08:03:09,278] {scheduler_job.py:181} INFO - Started process (PID=1180) to work on /home/airflow/.local/lib/python3.6/site-packages/airflow/example_dags/example_short_circuit_operator.py
[2023-06-12 08:03:09,279] {scheduler_job.py:632} INFO - Processing file /home/airflow/.local/lib/python3.6/site-packages/airflow/example_dags/example_short_circuit_operator.py for tasks to queue
[2023-06-12 08:03:09,280] {logging_mixin.py:104} INFO - [2023-06-12 08:03:09,280] {dagbag.py:496} INFO - Filling up the DagBag from /home/airflow/.local/lib/python3.6/site-packages/airflow/example_dags/example_short_circuit_operator.py
[2023-06-12 08:03:09,291] {scheduler_job.py:642} INFO - DAG(s) dict_keys(['example_short_circuit_operator']) retrieved from /home/airflow/.local/lib/python3.6/site-packages/airflow/example_dags/example_short_circuit_operator.py
[2023-06-12 08:03:09,311] {logging_mixin.py:104} INFO - [2023-06-12 08:03:09,311] {dag.py:1833} INFO - Sync 1 DAGs
[2023-06-12 08:03:09,326] {logging_mixin.py:104} INFO - [2023-06-12 08:03:09,326] {dag.py:2306} INFO - Setting next_dagrun for example_short_circuit_operator to 2023-06-10 00:00:00+00:00
[2023-06-12 08:03:09,334] {scheduler_job.py:189} INFO - Processing /home/airflow/.local/lib/python3.6/site-packages/airflow/example_dags/example_short_circuit_operator.py took 0.059 seconds
[2023-06-12 08:03:39,608] {scheduler_job.py:181} INFO - Started process (PID=1243) to work on /home/airflow/.local/lib/python3.6/site-packages/airflow/example_dags/example_short_circuit_operator.py
[2023-06-12 08:03:39,610] {scheduler_job.py:632} INFO - Processing file /home/airflow/.local/lib/python3.6/site-packages/airflow/example_dags/example_short_circuit_operator.py for tasks to queue
[2023-06-12 08:03:39,610] {logging_mixin.py:104} INFO - [2023-06-12 08:03:39,610] {dagbag.py:496} INFO - Filling up the DagBag from /home/airflow/.local/lib/python3.6/site-packages/airflow/example_dags/example_short_circuit_operator.py
[2023-06-12 08:03:39,622] {scheduler_job.py:642} INFO - DAG(s) dict_keys(['example_short_circuit_operator']) retrieved from /home/airflow/.local/lib/python3.6/site-packages/airflow/example_dags/example_short_circuit_operator.py
[2023-06-12 08:03:39,639] {logging_mixin.py:104} INFO - [2023-06-12 08:03:39,639] {dag.py:1833} INFO - Sync 1 DAGs
[2023-06-12 08:03:39,652] {logging_mixin.py:104} INFO - [2023-06-12 08:03:39,652] {dag.py:2306} INFO - Setting next_dagrun for example_short_circuit_operator to 2023-06-10 00:00:00+00:00
[2023-06-12 08:03:39,661] {scheduler_job.py:189} INFO - Processing /home/airflow/.local/lib/python3.6/site-packages/airflow/example_dags/example_short_circuit_operator.py took 0.056 seconds
[2023-06-12 08:04:10,021] {scheduler_job.py:181} INFO - Started process (PID=1297) to work on /home/airflow/.local/lib/python3.6/site-packages/airflow/example_dags/example_short_circuit_operator.py
[2023-06-12 08:04:10,023] {scheduler_job.py:632} INFO - Processing file /home/airflow/.local/lib/python3.6/site-packages/airflow/example_dags/example_short_circuit_operator.py for tasks to queue
[2023-06-12 08:04:10,024] {logging_mixin.py:104} INFO - [2023-06-12 08:04:10,023] {dagbag.py:496} INFO - Filling up the DagBag from /home/airflow/.local/lib/python3.6/site-packages/airflow/example_dags/example_short_circuit_operator.py
[2023-06-12 08:04:10,035] {scheduler_job.py:642} INFO - DAG(s) dict_keys(['example_short_circuit_operator']) retrieved from /home/airflow/.local/lib/python3.6/site-packages/airflow/example_dags/example_short_circuit_operator.py
[2023-06-12 08:04:10,052] {logging_mixin.py:104} INFO - [2023-06-12 08:04:10,052] {dag.py:1833} INFO - Sync 1 DAGs
[2023-06-12 08:04:10,063] {logging_mixin.py:104} INFO - [2023-06-12 08:04:10,063] {dag.py:2306} INFO - Setting next_dagrun for example_short_circuit_operator to 2023-06-10 00:00:00+00:00
[2023-06-12 08:04:10,073] {scheduler_job.py:189} INFO - Processing /home/airflow/.local/lib/python3.6/site-packages/airflow/example_dags/example_short_circuit_operator.py took 0.054 seconds
[2023-06-12 08:04:40,483] {scheduler_job.py:181} INFO - Started process (PID=1360) to work on /home/airflow/.local/lib/python3.6/site-packages/airflow/example_dags/example_short_circuit_operator.py
[2023-06-12 08:04:40,484] {scheduler_job.py:632} INFO - Processing file /home/airflow/.local/lib/python3.6/site-packages/airflow/example_dags/example_short_circuit_operator.py for tasks to queue
[2023-06-12 08:04:40,485] {logging_mixin.py:104} INFO - [2023-06-12 08:04:40,485] {dagbag.py:496} INFO - Filling up the DagBag from /home/airflow/.local/lib/python3.6/site-packages/airflow/example_dags/example_short_circuit_operator.py
[2023-06-12 08:04:40,496] {scheduler_job.py:642} INFO - DAG(s) dict_keys(['example_short_circuit_operator']) retrieved from /home/airflow/.local/lib/python3.6/site-packages/airflow/example_dags/example_short_circuit_operator.py
[2023-06-12 08:04:40,513] {logging_mixin.py:104} INFO - [2023-06-12 08:04:40,513] {dag.py:1833} INFO - Sync 1 DAGs
[2023-06-12 08:04:40,527] {logging_mixin.py:104} INFO - [2023-06-12 08:04:40,527] {dag.py:2306} INFO - Setting next_dagrun for example_short_circuit_operator to 2023-06-10 00:00:00+00:00
[2023-06-12 08:04:40,537] {scheduler_job.py:189} INFO - Processing /home/airflow/.local/lib/python3.6/site-packages/airflow/example_dags/example_short_circuit_operator.py took 0.057 seconds
[2023-06-12 08:05:10,902] {scheduler_job.py:181} INFO - Started process (PID=1423) to work on /home/airflow/.local/lib/python3.6/site-packages/airflow/example_dags/example_short_circuit_operator.py
[2023-06-12 08:05:10,903] {scheduler_job.py:632} INFO - Processing file /home/airflow/.local/lib/python3.6/site-packages/airflow/example_dags/example_short_circuit_operator.py for tasks to queue
[2023-06-12 08:05:10,904] {logging_mixin.py:104} INFO - [2023-06-12 08:05:10,904] {dagbag.py:496} INFO - Filling up the DagBag from /home/airflow/.local/lib/python3.6/site-packages/airflow/example_dags/example_short_circuit_operator.py
[2023-06-12 08:05:10,917] {scheduler_job.py:642} INFO - DAG(s) dict_keys(['example_short_circuit_operator']) retrieved from /home/airflow/.local/lib/python3.6/site-packages/airflow/example_dags/example_short_circuit_operator.py
[2023-06-12 08:05:10,935] {logging_mixin.py:104} INFO - [2023-06-12 08:05:10,935] {dag.py:1833} INFO - Sync 1 DAGs
[2023-06-12 08:05:10,948] {logging_mixin.py:104} INFO - [2023-06-12 08:05:10,948] {dag.py:2306} INFO - Setting next_dagrun for example_short_circuit_operator to 2023-06-10 00:00:00+00:00
[2023-06-12 08:05:10,957] {scheduler_job.py:189} INFO - Processing /home/airflow/.local/lib/python3.6/site-packages/airflow/example_dags/example_short_circuit_operator.py took 0.058 seconds
[2023-06-12 08:05:41,085] {scheduler_job.py:181} INFO - Started process (PID=1477) to work on /home/airflow/.local/lib/python3.6/site-packages/airflow/example_dags/example_short_circuit_operator.py
[2023-06-12 08:05:41,087] {scheduler_job.py:632} INFO - Processing file /home/airflow/.local/lib/python3.6/site-packages/airflow/example_dags/example_short_circuit_operator.py for tasks to queue
[2023-06-12 08:05:41,087] {logging_mixin.py:104} INFO - [2023-06-12 08:05:41,087] {dagbag.py:496} INFO - Filling up the DagBag from /home/airflow/.local/lib/python3.6/site-packages/airflow/example_dags/example_short_circuit_operator.py
[2023-06-12 08:05:41,098] {scheduler_job.py:642} INFO - DAG(s) dict_keys(['example_short_circuit_operator']) retrieved from /home/airflow/.local/lib/python3.6/site-packages/airflow/example_dags/example_short_circuit_operator.py
[2023-06-12 08:05:41,114] {logging_mixin.py:104} INFO - [2023-06-12 08:05:41,114] {dag.py:1833} INFO - Sync 1 DAGs
[2023-06-12 08:05:41,125] {logging_mixin.py:104} INFO - [2023-06-12 08:05:41,125] {dag.py:2306} INFO - Setting next_dagrun for example_short_circuit_operator to 2023-06-10 00:00:00+00:00
[2023-06-12 08:05:41,133] {scheduler_job.py:189} INFO - Processing /home/airflow/.local/lib/python3.6/site-packages/airflow/example_dags/example_short_circuit_operator.py took 0.051 seconds
[2023-06-12 08:06:11,704] {scheduler_job.py:181} INFO - Started process (PID=1540) to work on /home/airflow/.local/lib/python3.6/site-packages/airflow/example_dags/example_short_circuit_operator.py
[2023-06-12 08:06:11,705] {scheduler_job.py:632} INFO - Processing file /home/airflow/.local/lib/python3.6/site-packages/airflow/example_dags/example_short_circuit_operator.py for tasks to queue
[2023-06-12 08:06:11,706] {logging_mixin.py:104} INFO - [2023-06-12 08:06:11,706] {dagbag.py:496} INFO - Filling up the DagBag from /home/airflow/.local/lib/python3.6/site-packages/airflow/example_dags/example_short_circuit_operator.py
[2023-06-12 08:06:11,716] {scheduler_job.py:642} INFO - DAG(s) dict_keys(['example_short_circuit_operator']) retrieved from /home/airflow/.local/lib/python3.6/site-packages/airflow/example_dags/example_short_circuit_operator.py
[2023-06-12 08:06:11,733] {logging_mixin.py:104} INFO - [2023-06-12 08:06:11,733] {dag.py:1833} INFO - Sync 1 DAGs
[2023-06-12 08:06:11,744] {logging_mixin.py:104} INFO - [2023-06-12 08:06:11,744] {dag.py:2306} INFO - Setting next_dagrun for example_short_circuit_operator to 2023-06-10 00:00:00+00:00
[2023-06-12 08:06:11,756] {scheduler_job.py:189} INFO - Processing /home/airflow/.local/lib/python3.6/site-packages/airflow/example_dags/example_short_circuit_operator.py took 0.055 seconds
[2023-06-12 08:06:41,956] {scheduler_job.py:181} INFO - Started process (PID=1593) to work on /home/airflow/.local/lib/python3.6/site-packages/airflow/example_dags/example_short_circuit_operator.py
[2023-06-12 08:06:41,958] {scheduler_job.py:632} INFO - Processing file /home/airflow/.local/lib/python3.6/site-packages/airflow/example_dags/example_short_circuit_operator.py for tasks to queue
[2023-06-12 08:06:41,958] {logging_mixin.py:104} INFO - [2023-06-12 08:06:41,958] {dagbag.py:496} INFO - Filling up the DagBag from /home/airflow/.local/lib/python3.6/site-packages/airflow/example_dags/example_short_circuit_operator.py
[2023-06-12 08:06:41,972] {scheduler_job.py:642} INFO - DAG(s) dict_keys(['example_short_circuit_operator']) retrieved from /home/airflow/.local/lib/python3.6/site-packages/airflow/example_dags/example_short_circuit_operator.py
[2023-06-12 08:06:41,990] {logging_mixin.py:104} INFO - [2023-06-12 08:06:41,990] {dag.py:1833} INFO - Sync 1 DAGs
[2023-06-12 08:06:42,003] {logging_mixin.py:104} INFO - [2023-06-12 08:06:42,003] {dag.py:2306} INFO - Setting next_dagrun for example_short_circuit_operator to 2023-06-10 00:00:00+00:00
[2023-06-12 08:06:42,012] {scheduler_job.py:189} INFO - Processing /home/airflow/.local/lib/python3.6/site-packages/airflow/example_dags/example_short_circuit_operator.py took 0.058 seconds
[2023-06-12 08:07:12,828] {scheduler_job.py:181} INFO - Started process (PID=1656) to work on /home/airflow/.local/lib/python3.6/site-packages/airflow/example_dags/example_short_circuit_operator.py
[2023-06-12 08:07:12,829] {scheduler_job.py:632} INFO - Processing file /home/airflow/.local/lib/python3.6/site-packages/airflow/example_dags/example_short_circuit_operator.py for tasks to queue
[2023-06-12 08:07:12,830] {logging_mixin.py:104} INFO - [2023-06-12 08:07:12,829] {dagbag.py:496} INFO - Filling up the DagBag from /home/airflow/.local/lib/python3.6/site-packages/airflow/example_dags/example_short_circuit_operator.py
[2023-06-12 08:07:12,840] {scheduler_job.py:642} INFO - DAG(s) dict_keys(['example_short_circuit_operator']) retrieved from /home/airflow/.local/lib/python3.6/site-packages/airflow/example_dags/example_short_circuit_operator.py
[2023-06-12 08:07:12,856] {logging_mixin.py:104} INFO - [2023-06-12 08:07:12,856] {dag.py:1833} INFO - Sync 1 DAGs
[2023-06-12 08:07:12,868] {logging_mixin.py:104} INFO - [2023-06-12 08:07:12,868] {dag.py:2306} INFO - Setting next_dagrun for example_short_circuit_operator to 2023-06-10 00:00:00+00:00
[2023-06-12 08:07:12,877] {scheduler_job.py:189} INFO - Processing /home/airflow/.local/lib/python3.6/site-packages/airflow/example_dags/example_short_circuit_operator.py took 0.051 seconds
[2023-06-12 08:07:43,107] {scheduler_job.py:181} INFO - Started process (PID=1719) to work on /home/airflow/.local/lib/python3.6/site-packages/airflow/example_dags/example_short_circuit_operator.py
[2023-06-12 08:07:43,109] {scheduler_job.py:632} INFO - Processing file /home/airflow/.local/lib/python3.6/site-packages/airflow/example_dags/example_short_circuit_operator.py for tasks to queue
[2023-06-12 08:07:43,110] {logging_mixin.py:104} INFO - [2023-06-12 08:07:43,109] {dagbag.py:496} INFO - Filling up the DagBag from /home/airflow/.local/lib/python3.6/site-packages/airflow/example_dags/example_short_circuit_operator.py
[2023-06-12 08:07:43,122] {scheduler_job.py:642} INFO - DAG(s) dict_keys(['example_short_circuit_operator']) retrieved from /home/airflow/.local/lib/python3.6/site-packages/airflow/example_dags/example_short_circuit_operator.py
[2023-06-12 08:07:43,141] {logging_mixin.py:104} INFO - [2023-06-12 08:07:43,141] {dag.py:1833} INFO - Sync 1 DAGs
[2023-06-12 08:07:43,153] {logging_mixin.py:104} INFO - [2023-06-12 08:07:43,153] {dag.py:2306} INFO - Setting next_dagrun for example_short_circuit_operator to 2023-06-10 00:00:00+00:00
[2023-06-12 08:07:43,163] {scheduler_job.py:189} INFO - Processing /home/airflow/.local/lib/python3.6/site-packages/airflow/example_dags/example_short_circuit_operator.py took 0.059 seconds
[2023-06-12 08:08:13,418] {scheduler_job.py:181} INFO - Started process (PID=1772) to work on /home/airflow/.local/lib/python3.6/site-packages/airflow/example_dags/example_short_circuit_operator.py
[2023-06-12 08:08:13,419] {scheduler_job.py:632} INFO - Processing file /home/airflow/.local/lib/python3.6/site-packages/airflow/example_dags/example_short_circuit_operator.py for tasks to queue
[2023-06-12 08:08:13,420] {logging_mixin.py:104} INFO - [2023-06-12 08:08:13,420] {dagbag.py:496} INFO - Filling up the DagBag from /home/airflow/.local/lib/python3.6/site-packages/airflow/example_dags/example_short_circuit_operator.py
[2023-06-12 08:08:13,432] {scheduler_job.py:642} INFO - DAG(s) dict_keys(['example_short_circuit_operator']) retrieved from /home/airflow/.local/lib/python3.6/site-packages/airflow/example_dags/example_short_circuit_operator.py
[2023-06-12 08:08:13,450] {logging_mixin.py:104} INFO - [2023-06-12 08:08:13,450] {dag.py:1833} INFO - Sync 1 DAGs
[2023-06-12 08:08:13,461] {logging_mixin.py:104} INFO - [2023-06-12 08:08:13,461] {dag.py:2306} INFO - Setting next_dagrun for example_short_circuit_operator to 2023-06-10 00:00:00+00:00
[2023-06-12 08:08:13,471] {scheduler_job.py:189} INFO - Processing /home/airflow/.local/lib/python3.6/site-packages/airflow/example_dags/example_short_circuit_operator.py took 0.056 seconds
[2023-06-12 08:08:44,056] {scheduler_job.py:181} INFO - Started process (PID=1836) to work on /home/airflow/.local/lib/python3.6/site-packages/airflow/example_dags/example_short_circuit_operator.py
[2023-06-12 08:08:44,058] {scheduler_job.py:632} INFO - Processing file /home/airflow/.local/lib/python3.6/site-packages/airflow/example_dags/example_short_circuit_operator.py for tasks to queue
[2023-06-12 08:08:44,058] {logging_mixin.py:104} INFO - [2023-06-12 08:08:44,058] {dagbag.py:496} INFO - Filling up the DagBag from /home/airflow/.local/lib/python3.6/site-packages/airflow/example_dags/example_short_circuit_operator.py
[2023-06-12 08:08:44,068] {scheduler_job.py:642} INFO - DAG(s) dict_keys(['example_short_circuit_operator']) retrieved from /home/airflow/.local/lib/python3.6/site-packages/airflow/example_dags/example_short_circuit_operator.py
[2023-06-12 08:08:44,084] {logging_mixin.py:104} INFO - [2023-06-12 08:08:44,084] {dag.py:1833} INFO - Sync 1 DAGs
[2023-06-12 08:08:44,095] {logging_mixin.py:104} INFO - [2023-06-12 08:08:44,095] {dag.py:2306} INFO - Setting next_dagrun for example_short_circuit_operator to 2023-06-10 00:00:00+00:00
[2023-06-12 08:08:44,104] {scheduler_job.py:189} INFO - Processing /home/airflow/.local/lib/python3.6/site-packages/airflow/example_dags/example_short_circuit_operator.py took 0.051 seconds
[2023-06-12 08:09:14,406] {scheduler_job.py:181} INFO - Started process (PID=1889) to work on /home/airflow/.local/lib/python3.6/site-packages/airflow/example_dags/example_short_circuit_operator.py
[2023-06-12 08:09:14,407] {scheduler_job.py:632} INFO - Processing file /home/airflow/.local/lib/python3.6/site-packages/airflow/example_dags/example_short_circuit_operator.py for tasks to queue
[2023-06-12 08:09:14,408] {logging_mixin.py:104} INFO - [2023-06-12 08:09:14,408] {dagbag.py:496} INFO - Filling up the DagBag from /home/airflow/.local/lib/python3.6/site-packages/airflow/example_dags/example_short_circuit_operator.py
[2023-06-12 08:09:14,419] {scheduler_job.py:642} INFO - DAG(s) dict_keys(['example_short_circuit_operator']) retrieved from /home/airflow/.local/lib/python3.6/site-packages/airflow/example_dags/example_short_circuit_operator.py
[2023-06-12 08:09:14,440] {logging_mixin.py:104} INFO - [2023-06-12 08:09:14,440] {dag.py:1833} INFO - Sync 1 DAGs
[2023-06-12 08:09:14,453] {logging_mixin.py:104} INFO - [2023-06-12 08:09:14,453] {dag.py:2306} INFO - Setting next_dagrun for example_short_circuit_operator to 2023-06-10 00:00:00+00:00
[2023-06-12 08:09:14,461] {scheduler_job.py:189} INFO - Processing /home/airflow/.local/lib/python3.6/site-packages/airflow/example_dags/example_short_circuit_operator.py took 0.059 seconds
[2023-06-12 08:09:44,723] {scheduler_job.py:181} INFO - Started process (PID=1952) to work on /home/airflow/.local/lib/python3.6/site-packages/airflow/example_dags/example_short_circuit_operator.py
[2023-06-12 08:09:44,724] {scheduler_job.py:632} INFO - Processing file /home/airflow/.local/lib/python3.6/site-packages/airflow/example_dags/example_short_circuit_operator.py for tasks to queue
[2023-06-12 08:09:44,725] {logging_mixin.py:104} INFO - [2023-06-12 08:09:44,725] {dagbag.py:496} INFO - Filling up the DagBag from /home/airflow/.local/lib/python3.6/site-packages/airflow/example_dags/example_short_circuit_operator.py
[2023-06-12 08:09:44,735] {scheduler_job.py:642} INFO - DAG(s) dict_keys(['example_short_circuit_operator']) retrieved from /home/airflow/.local/lib/python3.6/site-packages/airflow/example_dags/example_short_circuit_operator.py
[2023-06-12 08:09:44,752] {logging_mixin.py:104} INFO - [2023-06-12 08:09:44,752] {dag.py:1833} INFO - Sync 1 DAGs
[2023-06-12 08:09:44,764] {logging_mixin.py:104} INFO - [2023-06-12 08:09:44,764] {dag.py:2306} INFO - Setting next_dagrun for example_short_circuit_operator to 2023-06-10 00:00:00+00:00
[2023-06-12 08:09:44,774] {scheduler_job.py:189} INFO - Processing /home/airflow/.local/lib/python3.6/site-packages/airflow/example_dags/example_short_circuit_operator.py took 0.054 seconds
[2023-06-12 08:10:15,276] {scheduler_job.py:181} INFO - Started process (PID=2015) to work on /home/airflow/.local/lib/python3.6/site-packages/airflow/example_dags/example_short_circuit_operator.py
[2023-06-12 08:10:15,277] {scheduler_job.py:632} INFO - Processing file /home/airflow/.local/lib/python3.6/site-packages/airflow/example_dags/example_short_circuit_operator.py for tasks to queue
[2023-06-12 08:10:15,278] {logging_mixin.py:104} INFO - [2023-06-12 08:10:15,278] {dagbag.py:496} INFO - Filling up the DagBag from /home/airflow/.local/lib/python3.6/site-packages/airflow/example_dags/example_short_circuit_operator.py
[2023-06-12 08:10:15,291] {scheduler_job.py:642} INFO - DAG(s) dict_keys(['example_short_circuit_operator']) retrieved from /home/airflow/.local/lib/python3.6/site-packages/airflow/example_dags/example_short_circuit_operator.py
[2023-06-12 08:10:15,310] {logging_mixin.py:104} INFO - [2023-06-12 08:10:15,310] {dag.py:1833} INFO - Sync 1 DAGs
[2023-06-12 08:10:15,323] {logging_mixin.py:104} INFO - [2023-06-12 08:10:15,322] {dag.py:2306} INFO - Setting next_dagrun for example_short_circuit_operator to 2023-06-10 00:00:00+00:00
[2023-06-12 08:10:15,331] {scheduler_job.py:189} INFO - Processing /home/airflow/.local/lib/python3.6/site-packages/airflow/example_dags/example_short_circuit_operator.py took 0.058 seconds
[2023-06-12 08:10:45,741] {scheduler_job.py:181} INFO - Started process (PID=2068) to work on /home/airflow/.local/lib/python3.6/site-packages/airflow/example_dags/example_short_circuit_operator.py
[2023-06-12 08:10:45,742] {scheduler_job.py:632} INFO - Processing file /home/airflow/.local/lib/python3.6/site-packages/airflow/example_dags/example_short_circuit_operator.py for tasks to queue
[2023-06-12 08:10:45,743] {logging_mixin.py:104} INFO - [2023-06-12 08:10:45,743] {dagbag.py:496} INFO - Filling up the DagBag from /home/airflow/.local/lib/python3.6/site-packages/airflow/example_dags/example_short_circuit_operator.py
[2023-06-12 08:10:45,754] {scheduler_job.py:642} INFO - DAG(s) dict_keys(['example_short_circuit_operator']) retrieved from /home/airflow/.local/lib/python3.6/site-packages/airflow/example_dags/example_short_circuit_operator.py
[2023-06-12 08:10:45,773] {logging_mixin.py:104} INFO - [2023-06-12 08:10:45,773] {dag.py:1833} INFO - Sync 1 DAGs
[2023-06-12 08:10:45,786] {logging_mixin.py:104} INFO - [2023-06-12 08:10:45,786] {dag.py:2306} INFO - Setting next_dagrun for example_short_circuit_operator to 2023-06-10 00:00:00+00:00
[2023-06-12 08:10:45,795] {scheduler_job.py:189} INFO - Processing /home/airflow/.local/lib/python3.6/site-packages/airflow/example_dags/example_short_circuit_operator.py took 0.056 seconds
[2023-06-12 08:11:16,367] {scheduler_job.py:181} INFO - Started process (PID=2131) to work on /home/airflow/.local/lib/python3.6/site-packages/airflow/example_dags/example_short_circuit_operator.py
[2023-06-12 08:11:16,368] {scheduler_job.py:632} INFO - Processing file /home/airflow/.local/lib/python3.6/site-packages/airflow/example_dags/example_short_circuit_operator.py for tasks to queue
[2023-06-12 08:11:16,369] {logging_mixin.py:104} INFO - [2023-06-12 08:11:16,369] {dagbag.py:496} INFO - Filling up the DagBag from /home/airflow/.local/lib/python3.6/site-packages/airflow/example_dags/example_short_circuit_operator.py
[2023-06-12 08:11:16,381] {scheduler_job.py:642} INFO - DAG(s) dict_keys(['example_short_circuit_operator']) retrieved from /home/airflow/.local/lib/python3.6/site-packages/airflow/example_dags/example_short_circuit_operator.py
[2023-06-12 08:11:16,397] {logging_mixin.py:104} INFO - [2023-06-12 08:11:16,397] {dag.py:1833} INFO - Sync 1 DAGs
[2023-06-12 08:11:16,410] {logging_mixin.py:104} INFO - [2023-06-12 08:11:16,410] {dag.py:2306} INFO - Setting next_dagrun for example_short_circuit_operator to 2023-06-10 00:00:00+00:00
[2023-06-12 08:11:16,420] {scheduler_job.py:189} INFO - Processing /home/airflow/.local/lib/python3.6/site-packages/airflow/example_dags/example_short_circuit_operator.py took 0.055 seconds
[2023-06-12 08:11:46,685] {scheduler_job.py:181} INFO - Started process (PID=2194) to work on /home/airflow/.local/lib/python3.6/site-packages/airflow/example_dags/example_short_circuit_operator.py
[2023-06-12 08:11:46,686] {scheduler_job.py:632} INFO - Processing file /home/airflow/.local/lib/python3.6/site-packages/airflow/example_dags/example_short_circuit_operator.py for tasks to queue
[2023-06-12 08:11:46,687] {logging_mixin.py:104} INFO - [2023-06-12 08:11:46,687] {dagbag.py:496} INFO - Filling up the DagBag from /home/airflow/.local/lib/python3.6/site-packages/airflow/example_dags/example_short_circuit_operator.py
[2023-06-12 08:11:46,698] {scheduler_job.py:642} INFO - DAG(s) dict_keys(['example_short_circuit_operator']) retrieved from /home/airflow/.local/lib/python3.6/site-packages/airflow/example_dags/example_short_circuit_operator.py
[2023-06-12 08:11:46,716] {logging_mixin.py:104} INFO - [2023-06-12 08:11:46,716] {dag.py:1833} INFO - Sync 1 DAGs
[2023-06-12 08:11:46,728] {logging_mixin.py:104} INFO - [2023-06-12 08:11:46,728] {dag.py:2306} INFO - Setting next_dagrun for example_short_circuit_operator to 2023-06-10 00:00:00+00:00
[2023-06-12 08:11:46,736] {scheduler_job.py:189} INFO - Processing /home/airflow/.local/lib/python3.6/site-packages/airflow/example_dags/example_short_circuit_operator.py took 0.055 seconds
[2023-06-12 08:12:16,846] {scheduler_job.py:181} INFO - Started process (PID=2247) to work on /home/airflow/.local/lib/python3.6/site-packages/airflow/example_dags/example_short_circuit_operator.py
[2023-06-12 08:12:16,847] {scheduler_job.py:632} INFO - Processing file /home/airflow/.local/lib/python3.6/site-packages/airflow/example_dags/example_short_circuit_operator.py for tasks to queue
[2023-06-12 08:12:16,848] {logging_mixin.py:104} INFO - [2023-06-12 08:12:16,848] {dagbag.py:496} INFO - Filling up the DagBag from /home/airflow/.local/lib/python3.6/site-packages/airflow/example_dags/example_short_circuit_operator.py
[2023-06-12 08:12:16,858] {scheduler_job.py:642} INFO - DAG(s) dict_keys(['example_short_circuit_operator']) retrieved from /home/airflow/.local/lib/python3.6/site-packages/airflow/example_dags/example_short_circuit_operator.py
[2023-06-12 08:12:16,874] {logging_mixin.py:104} INFO - [2023-06-12 08:12:16,874] {dag.py:1833} INFO - Sync 1 DAGs
[2023-06-12 08:12:16,886] {logging_mixin.py:104} INFO - [2023-06-12 08:12:16,885] {dag.py:2306} INFO - Setting next_dagrun for example_short_circuit_operator to 2023-06-10 00:00:00+00:00
[2023-06-12 08:12:16,895] {scheduler_job.py:189} INFO - Processing /home/airflow/.local/lib/python3.6/site-packages/airflow/example_dags/example_short_circuit_operator.py took 0.051 seconds
[2023-06-12 08:12:47,518] {scheduler_job.py:181} INFO - Started process (PID=2310) to work on /home/airflow/.local/lib/python3.6/site-packages/airflow/example_dags/example_short_circuit_operator.py
[2023-06-12 08:12:47,519] {scheduler_job.py:632} INFO - Processing file /home/airflow/.local/lib/python3.6/site-packages/airflow/example_dags/example_short_circuit_operator.py for tasks to queue
[2023-06-12 08:12:47,521] {logging_mixin.py:104} INFO - [2023-06-12 08:12:47,520] {dagbag.py:496} INFO - Filling up the DagBag from /home/airflow/.local/lib/python3.6/site-packages/airflow/example_dags/example_short_circuit_operator.py
[2023-06-12 08:12:47,531] {scheduler_job.py:642} INFO - DAG(s) dict_keys(['example_short_circuit_operator']) retrieved from /home/airflow/.local/lib/python3.6/site-packages/airflow/example_dags/example_short_circuit_operator.py
[2023-06-12 08:12:47,549] {logging_mixin.py:104} INFO - [2023-06-12 08:12:47,549] {dag.py:1833} INFO - Sync 1 DAGs
[2023-06-12 08:12:47,562] {logging_mixin.py:104} INFO - [2023-06-12 08:12:47,562] {dag.py:2306} INFO - Setting next_dagrun for example_short_circuit_operator to 2023-06-10 00:00:00+00:00
[2023-06-12 08:12:47,573] {scheduler_job.py:189} INFO - Processing /home/airflow/.local/lib/python3.6/site-packages/airflow/example_dags/example_short_circuit_operator.py took 0.057 seconds
