[2023-06-12 07:53:26,071] {scheduler_job.py:181} INFO - Started process (PID=39) to work on /home/airflow/.local/lib/python3.6/site-packages/airflow/example_dags/example_skip_dag.py
[2023-06-12 07:53:26,072] {scheduler_job.py:632} INFO - Processing file /home/airflow/.local/lib/python3.6/site-packages/airflow/example_dags/example_skip_dag.py for tasks to queue
[2023-06-12 07:53:26,073] {logging_mixin.py:104} INFO - [2023-06-12 07:53:26,073] {dagbag.py:496} INFO - Filling up the DagBag from /home/airflow/.local/lib/python3.6/site-packages/airflow/example_dags/example_skip_dag.py
[2023-06-12 07:53:26,176] {scheduler_job.py:642} INFO - DAG(s) dict_keys(['example_skip_dag']) retrieved from /home/airflow/.local/lib/python3.6/site-packages/airflow/example_dags/example_skip_dag.py
[2023-06-12 07:53:26,366] {logging_mixin.py:104} INFO - [2023-06-12 07:53:26,366] {dag.py:1833} INFO - Sync 1 DAGs
[2023-06-12 07:53:26,383] {logging_mixin.py:104} INFO - [2023-06-12 07:53:26,383] {dag.py:2306} INFO - Setting next_dagrun for example_skip_dag to 2023-06-10 00:00:00+00:00
[2023-06-12 07:53:26,394] {scheduler_job.py:189} INFO - Processing /home/airflow/.local/lib/python3.6/site-packages/airflow/example_dags/example_skip_dag.py took 0.326 seconds
[2023-06-12 07:53:57,091] {scheduler_job.py:181} INFO - Started process (PID=102) to work on /home/airflow/.local/lib/python3.6/site-packages/airflow/example_dags/example_skip_dag.py
[2023-06-12 07:53:57,093] {scheduler_job.py:632} INFO - Processing file /home/airflow/.local/lib/python3.6/site-packages/airflow/example_dags/example_skip_dag.py for tasks to queue
[2023-06-12 07:53:57,094] {logging_mixin.py:104} INFO - [2023-06-12 07:53:57,094] {dagbag.py:496} INFO - Filling up the DagBag from /home/airflow/.local/lib/python3.6/site-packages/airflow/example_dags/example_skip_dag.py
[2023-06-12 07:53:57,103] {scheduler_job.py:642} INFO - DAG(s) dict_keys(['example_skip_dag']) retrieved from /home/airflow/.local/lib/python3.6/site-packages/airflow/example_dags/example_skip_dag.py
[2023-06-12 07:53:57,122] {logging_mixin.py:104} INFO - [2023-06-12 07:53:57,122] {dag.py:1833} INFO - Sync 1 DAGs
[2023-06-12 07:53:57,135] {logging_mixin.py:104} INFO - [2023-06-12 07:53:57,135] {dag.py:2306} INFO - Setting next_dagrun for example_skip_dag to 2023-06-10 00:00:00+00:00
[2023-06-12 07:53:57,146] {scheduler_job.py:189} INFO - Processing /home/airflow/.local/lib/python3.6/site-packages/airflow/example_dags/example_skip_dag.py took 0.057 seconds
[2023-06-12 07:54:27,740] {scheduler_job.py:181} INFO - Started process (PID=165) to work on /home/airflow/.local/lib/python3.6/site-packages/airflow/example_dags/example_skip_dag.py
[2023-06-12 07:54:27,741] {scheduler_job.py:632} INFO - Processing file /home/airflow/.local/lib/python3.6/site-packages/airflow/example_dags/example_skip_dag.py for tasks to queue
[2023-06-12 07:54:27,742] {logging_mixin.py:104} INFO - [2023-06-12 07:54:27,742] {dagbag.py:496} INFO - Filling up the DagBag from /home/airflow/.local/lib/python3.6/site-packages/airflow/example_dags/example_skip_dag.py
[2023-06-12 07:54:27,753] {scheduler_job.py:642} INFO - DAG(s) dict_keys(['example_skip_dag']) retrieved from /home/airflow/.local/lib/python3.6/site-packages/airflow/example_dags/example_skip_dag.py
[2023-06-12 07:54:27,772] {logging_mixin.py:104} INFO - [2023-06-12 07:54:27,772] {dag.py:1833} INFO - Sync 1 DAGs
[2023-06-12 07:54:27,786] {logging_mixin.py:104} INFO - [2023-06-12 07:54:27,786] {dag.py:2306} INFO - Setting next_dagrun for example_skip_dag to 2023-06-10 00:00:00+00:00
[2023-06-12 07:54:27,795] {scheduler_job.py:189} INFO - Processing /home/airflow/.local/lib/python3.6/site-packages/airflow/example_dags/example_skip_dag.py took 0.059 seconds
[2023-06-12 07:54:58,623] {scheduler_job.py:181} INFO - Started process (PID=218) to work on /home/airflow/.local/lib/python3.6/site-packages/airflow/example_dags/example_skip_dag.py
[2023-06-12 07:54:58,624] {scheduler_job.py:632} INFO - Processing file /home/airflow/.local/lib/python3.6/site-packages/airflow/example_dags/example_skip_dag.py for tasks to queue
[2023-06-12 07:54:58,625] {logging_mixin.py:104} INFO - [2023-06-12 07:54:58,625] {dagbag.py:496} INFO - Filling up the DagBag from /home/airflow/.local/lib/python3.6/site-packages/airflow/example_dags/example_skip_dag.py
[2023-06-12 07:54:58,634] {scheduler_job.py:642} INFO - DAG(s) dict_keys(['example_skip_dag']) retrieved from /home/airflow/.local/lib/python3.6/site-packages/airflow/example_dags/example_skip_dag.py
[2023-06-12 07:54:58,653] {logging_mixin.py:104} INFO - [2023-06-12 07:54:58,652] {dag.py:1833} INFO - Sync 1 DAGs
[2023-06-12 07:54:58,666] {logging_mixin.py:104} INFO - [2023-06-12 07:54:58,666] {dag.py:2306} INFO - Setting next_dagrun for example_skip_dag to 2023-06-10 00:00:00+00:00
[2023-06-12 07:54:58,675] {scheduler_job.py:189} INFO - Processing /home/airflow/.local/lib/python3.6/site-packages/airflow/example_dags/example_skip_dag.py took 0.055 seconds
[2023-06-12 07:55:28,819] {scheduler_job.py:181} INFO - Started process (PID=281) to work on /home/airflow/.local/lib/python3.6/site-packages/airflow/example_dags/example_skip_dag.py
[2023-06-12 07:55:28,821] {scheduler_job.py:632} INFO - Processing file /home/airflow/.local/lib/python3.6/site-packages/airflow/example_dags/example_skip_dag.py for tasks to queue
[2023-06-12 07:55:28,822] {logging_mixin.py:104} INFO - [2023-06-12 07:55:28,822] {dagbag.py:496} INFO - Filling up the DagBag from /home/airflow/.local/lib/python3.6/site-packages/airflow/example_dags/example_skip_dag.py
[2023-06-12 07:55:28,830] {scheduler_job.py:642} INFO - DAG(s) dict_keys(['example_skip_dag']) retrieved from /home/airflow/.local/lib/python3.6/site-packages/airflow/example_dags/example_skip_dag.py
[2023-06-12 07:55:28,847] {logging_mixin.py:104} INFO - [2023-06-12 07:55:28,847] {dag.py:1833} INFO - Sync 1 DAGs
[2023-06-12 07:55:28,859] {logging_mixin.py:104} INFO - [2023-06-12 07:55:28,859] {dag.py:2306} INFO - Setting next_dagrun for example_skip_dag to 2023-06-10 00:00:00+00:00
[2023-06-12 07:55:28,869] {scheduler_job.py:189} INFO - Processing /home/airflow/.local/lib/python3.6/site-packages/airflow/example_dags/example_skip_dag.py took 0.052 seconds
[2023-06-12 07:55:59,263] {scheduler_job.py:181} INFO - Started process (PID=334) to work on /home/airflow/.local/lib/python3.6/site-packages/airflow/example_dags/example_skip_dag.py
[2023-06-12 07:55:59,265] {scheduler_job.py:632} INFO - Processing file /home/airflow/.local/lib/python3.6/site-packages/airflow/example_dags/example_skip_dag.py for tasks to queue
[2023-06-12 07:55:59,266] {logging_mixin.py:104} INFO - [2023-06-12 07:55:59,266] {dagbag.py:496} INFO - Filling up the DagBag from /home/airflow/.local/lib/python3.6/site-packages/airflow/example_dags/example_skip_dag.py
[2023-06-12 07:55:59,274] {scheduler_job.py:642} INFO - DAG(s) dict_keys(['example_skip_dag']) retrieved from /home/airflow/.local/lib/python3.6/site-packages/airflow/example_dags/example_skip_dag.py
[2023-06-12 07:55:59,292] {logging_mixin.py:104} INFO - [2023-06-12 07:55:59,292] {dag.py:1833} INFO - Sync 1 DAGs
[2023-06-12 07:55:59,304] {logging_mixin.py:104} INFO - [2023-06-12 07:55:59,304] {dag.py:2306} INFO - Setting next_dagrun for example_skip_dag to 2023-06-10 00:00:00+00:00
[2023-06-12 07:55:59,316] {scheduler_job.py:189} INFO - Processing /home/airflow/.local/lib/python3.6/site-packages/airflow/example_dags/example_skip_dag.py took 0.055 seconds
[2023-06-12 07:56:30,062] {scheduler_job.py:181} INFO - Started process (PID=397) to work on /home/airflow/.local/lib/python3.6/site-packages/airflow/example_dags/example_skip_dag.py
[2023-06-12 07:56:30,063] {scheduler_job.py:632} INFO - Processing file /home/airflow/.local/lib/python3.6/site-packages/airflow/example_dags/example_skip_dag.py for tasks to queue
[2023-06-12 07:56:30,064] {logging_mixin.py:104} INFO - [2023-06-12 07:56:30,064] {dagbag.py:496} INFO - Filling up the DagBag from /home/airflow/.local/lib/python3.6/site-packages/airflow/example_dags/example_skip_dag.py
[2023-06-12 07:56:30,073] {scheduler_job.py:642} INFO - DAG(s) dict_keys(['example_skip_dag']) retrieved from /home/airflow/.local/lib/python3.6/site-packages/airflow/example_dags/example_skip_dag.py
[2023-06-12 07:56:30,091] {logging_mixin.py:104} INFO - [2023-06-12 07:56:30,091] {dag.py:1833} INFO - Sync 1 DAGs
[2023-06-12 07:56:30,103] {logging_mixin.py:104} INFO - [2023-06-12 07:56:30,103] {dag.py:2306} INFO - Setting next_dagrun for example_skip_dag to 2023-06-10 00:00:00+00:00
[2023-06-12 07:56:30,112] {scheduler_job.py:189} INFO - Processing /home/airflow/.local/lib/python3.6/site-packages/airflow/example_dags/example_skip_dag.py took 0.053 seconds
[2023-06-12 07:57:00,557] {scheduler_job.py:181} INFO - Started process (PID=460) to work on /home/airflow/.local/lib/python3.6/site-packages/airflow/example_dags/example_skip_dag.py
[2023-06-12 07:57:00,558] {scheduler_job.py:632} INFO - Processing file /home/airflow/.local/lib/python3.6/site-packages/airflow/example_dags/example_skip_dag.py for tasks to queue
[2023-06-12 07:57:00,559] {logging_mixin.py:104} INFO - [2023-06-12 07:57:00,559] {dagbag.py:496} INFO - Filling up the DagBag from /home/airflow/.local/lib/python3.6/site-packages/airflow/example_dags/example_skip_dag.py
[2023-06-12 07:57:00,569] {scheduler_job.py:642} INFO - DAG(s) dict_keys(['example_skip_dag']) retrieved from /home/airflow/.local/lib/python3.6/site-packages/airflow/example_dags/example_skip_dag.py
[2023-06-12 07:57:00,590] {logging_mixin.py:104} INFO - [2023-06-12 07:57:00,590] {dag.py:1833} INFO - Sync 1 DAGs
[2023-06-12 07:57:00,608] {logging_mixin.py:104} INFO - [2023-06-12 07:57:00,608] {dag.py:2306} INFO - Setting next_dagrun for example_skip_dag to 2023-06-10 00:00:00+00:00
[2023-06-12 07:57:00,618] {scheduler_job.py:189} INFO - Processing /home/airflow/.local/lib/python3.6/site-packages/airflow/example_dags/example_skip_dag.py took 0.064 seconds
[2023-06-12 07:57:31,278] {scheduler_job.py:181} INFO - Started process (PID=513) to work on /home/airflow/.local/lib/python3.6/site-packages/airflow/example_dags/example_skip_dag.py
[2023-06-12 07:57:31,279] {scheduler_job.py:632} INFO - Processing file /home/airflow/.local/lib/python3.6/site-packages/airflow/example_dags/example_skip_dag.py for tasks to queue
[2023-06-12 07:57:31,280] {logging_mixin.py:104} INFO - [2023-06-12 07:57:31,279] {dagbag.py:496} INFO - Filling up the DagBag from /home/airflow/.local/lib/python3.6/site-packages/airflow/example_dags/example_skip_dag.py
[2023-06-12 07:57:31,288] {scheduler_job.py:642} INFO - DAG(s) dict_keys(['example_skip_dag']) retrieved from /home/airflow/.local/lib/python3.6/site-packages/airflow/example_dags/example_skip_dag.py
[2023-06-12 07:57:31,306] {logging_mixin.py:104} INFO - [2023-06-12 07:57:31,306] {dag.py:1833} INFO - Sync 1 DAGs
[2023-06-12 07:57:31,319] {logging_mixin.py:104} INFO - [2023-06-12 07:57:31,319] {dag.py:2306} INFO - Setting next_dagrun for example_skip_dag to 2023-06-10 00:00:00+00:00
[2023-06-12 07:57:31,328] {scheduler_job.py:189} INFO - Processing /home/airflow/.local/lib/python3.6/site-packages/airflow/example_dags/example_skip_dag.py took 0.053 seconds
[2023-06-12 07:58:01,379] {scheduler_job.py:181} INFO - Started process (PID=576) to work on /home/airflow/.local/lib/python3.6/site-packages/airflow/example_dags/example_skip_dag.py
[2023-06-12 07:58:01,380] {scheduler_job.py:632} INFO - Processing file /home/airflow/.local/lib/python3.6/site-packages/airflow/example_dags/example_skip_dag.py for tasks to queue
[2023-06-12 07:58:01,381] {logging_mixin.py:104} INFO - [2023-06-12 07:58:01,381] {dagbag.py:496} INFO - Filling up the DagBag from /home/airflow/.local/lib/python3.6/site-packages/airflow/example_dags/example_skip_dag.py
[2023-06-12 07:58:01,390] {scheduler_job.py:642} INFO - DAG(s) dict_keys(['example_skip_dag']) retrieved from /home/airflow/.local/lib/python3.6/site-packages/airflow/example_dags/example_skip_dag.py
[2023-06-12 07:58:01,407] {logging_mixin.py:104} INFO - [2023-06-12 07:58:01,406] {dag.py:1833} INFO - Sync 1 DAGs
[2023-06-12 07:58:01,418] {logging_mixin.py:104} INFO - [2023-06-12 07:58:01,418] {dag.py:2306} INFO - Setting next_dagrun for example_skip_dag to 2023-06-10 00:00:00+00:00
[2023-06-12 07:58:01,427] {scheduler_job.py:189} INFO - Processing /home/airflow/.local/lib/python3.6/site-packages/airflow/example_dags/example_skip_dag.py took 0.051 seconds
[2023-06-12 07:58:31,707] {scheduler_job.py:181} INFO - Started process (PID=629) to work on /home/airflow/.local/lib/python3.6/site-packages/airflow/example_dags/example_skip_dag.py
[2023-06-12 07:58:31,709] {scheduler_job.py:632} INFO - Processing file /home/airflow/.local/lib/python3.6/site-packages/airflow/example_dags/example_skip_dag.py for tasks to queue
[2023-06-12 07:58:31,710] {logging_mixin.py:104} INFO - [2023-06-12 07:58:31,710] {dagbag.py:496} INFO - Filling up the DagBag from /home/airflow/.local/lib/python3.6/site-packages/airflow/example_dags/example_skip_dag.py
[2023-06-12 07:58:31,719] {scheduler_job.py:642} INFO - DAG(s) dict_keys(['example_skip_dag']) retrieved from /home/airflow/.local/lib/python3.6/site-packages/airflow/example_dags/example_skip_dag.py
[2023-06-12 07:58:31,809] {logging_mixin.py:104} INFO - [2023-06-12 07:58:31,809] {dag.py:1833} INFO - Sync 1 DAGs
[2023-06-12 07:58:31,823] {logging_mixin.py:104} INFO - [2023-06-12 07:58:31,823] {dag.py:2306} INFO - Setting next_dagrun for example_skip_dag to 2023-06-10 00:00:00+00:00
[2023-06-12 07:58:31,834] {scheduler_job.py:189} INFO - Processing /home/airflow/.local/lib/python3.6/site-packages/airflow/example_dags/example_skip_dag.py took 0.129 seconds
[2023-06-12 07:59:02,739] {scheduler_job.py:181} INFO - Started process (PID=692) to work on /home/airflow/.local/lib/python3.6/site-packages/airflow/example_dags/example_skip_dag.py
[2023-06-12 07:59:02,741] {scheduler_job.py:632} INFO - Processing file /home/airflow/.local/lib/python3.6/site-packages/airflow/example_dags/example_skip_dag.py for tasks to queue
[2023-06-12 07:59:02,742] {logging_mixin.py:104} INFO - [2023-06-12 07:59:02,742] {dagbag.py:496} INFO - Filling up the DagBag from /home/airflow/.local/lib/python3.6/site-packages/airflow/example_dags/example_skip_dag.py
[2023-06-12 07:59:02,751] {scheduler_job.py:642} INFO - DAG(s) dict_keys(['example_skip_dag']) retrieved from /home/airflow/.local/lib/python3.6/site-packages/airflow/example_dags/example_skip_dag.py
[2023-06-12 07:59:02,772] {logging_mixin.py:104} INFO - [2023-06-12 07:59:02,771] {dag.py:1833} INFO - Sync 1 DAGs
[2023-06-12 07:59:02,785] {logging_mixin.py:104} INFO - [2023-06-12 07:59:02,785] {dag.py:2306} INFO - Setting next_dagrun for example_skip_dag to 2023-06-10 00:00:00+00:00
[2023-06-12 07:59:02,796] {scheduler_job.py:189} INFO - Processing /home/airflow/.local/lib/python3.6/site-packages/airflow/example_dags/example_skip_dag.py took 0.060 seconds
[2023-06-12 07:59:33,720] {scheduler_job.py:181} INFO - Started process (PID=755) to work on /home/airflow/.local/lib/python3.6/site-packages/airflow/example_dags/example_skip_dag.py
[2023-06-12 07:59:33,721] {scheduler_job.py:632} INFO - Processing file /home/airflow/.local/lib/python3.6/site-packages/airflow/example_dags/example_skip_dag.py for tasks to queue
[2023-06-12 07:59:33,722] {logging_mixin.py:104} INFO - [2023-06-12 07:59:33,722] {dagbag.py:496} INFO - Filling up the DagBag from /home/airflow/.local/lib/python3.6/site-packages/airflow/example_dags/example_skip_dag.py
[2023-06-12 07:59:33,731] {scheduler_job.py:642} INFO - DAG(s) dict_keys(['example_skip_dag']) retrieved from /home/airflow/.local/lib/python3.6/site-packages/airflow/example_dags/example_skip_dag.py
[2023-06-12 07:59:33,748] {logging_mixin.py:104} INFO - [2023-06-12 07:59:33,748] {dag.py:1833} INFO - Sync 1 DAGs
[2023-06-12 07:59:33,760] {logging_mixin.py:104} INFO - [2023-06-12 07:59:33,760] {dag.py:2306} INFO - Setting next_dagrun for example_skip_dag to 2023-06-10 00:00:00+00:00
[2023-06-12 07:59:33,772] {scheduler_job.py:189} INFO - Processing /home/airflow/.local/lib/python3.6/site-packages/airflow/example_dags/example_skip_dag.py took 0.054 seconds
[2023-06-12 08:00:04,649] {scheduler_job.py:181} INFO - Started process (PID=808) to work on /home/airflow/.local/lib/python3.6/site-packages/airflow/example_dags/example_skip_dag.py
[2023-06-12 08:00:04,650] {scheduler_job.py:632} INFO - Processing file /home/airflow/.local/lib/python3.6/site-packages/airflow/example_dags/example_skip_dag.py for tasks to queue
[2023-06-12 08:00:04,651] {logging_mixin.py:104} INFO - [2023-06-12 08:00:04,651] {dagbag.py:496} INFO - Filling up the DagBag from /home/airflow/.local/lib/python3.6/site-packages/airflow/example_dags/example_skip_dag.py
[2023-06-12 08:00:04,661] {scheduler_job.py:642} INFO - DAG(s) dict_keys(['example_skip_dag']) retrieved from /home/airflow/.local/lib/python3.6/site-packages/airflow/example_dags/example_skip_dag.py
[2023-06-12 08:00:04,679] {logging_mixin.py:104} INFO - [2023-06-12 08:00:04,679] {dag.py:1833} INFO - Sync 1 DAGs
[2023-06-12 08:00:04,693] {logging_mixin.py:104} INFO - [2023-06-12 08:00:04,693] {dag.py:2306} INFO - Setting next_dagrun for example_skip_dag to 2023-06-10 00:00:00+00:00
[2023-06-12 08:00:04,704] {scheduler_job.py:189} INFO - Processing /home/airflow/.local/lib/python3.6/site-packages/airflow/example_dags/example_skip_dag.py took 0.058 seconds
[2023-06-12 08:00:34,840] {scheduler_job.py:181} INFO - Started process (PID=871) to work on /home/airflow/.local/lib/python3.6/site-packages/airflow/example_dags/example_skip_dag.py
[2023-06-12 08:00:34,841] {scheduler_job.py:632} INFO - Processing file /home/airflow/.local/lib/python3.6/site-packages/airflow/example_dags/example_skip_dag.py for tasks to queue
[2023-06-12 08:00:34,842] {logging_mixin.py:104} INFO - [2023-06-12 08:00:34,842] {dagbag.py:496} INFO - Filling up the DagBag from /home/airflow/.local/lib/python3.6/site-packages/airflow/example_dags/example_skip_dag.py
[2023-06-12 08:00:34,851] {scheduler_job.py:642} INFO - DAG(s) dict_keys(['example_skip_dag']) retrieved from /home/airflow/.local/lib/python3.6/site-packages/airflow/example_dags/example_skip_dag.py
[2023-06-12 08:00:34,869] {logging_mixin.py:104} INFO - [2023-06-12 08:00:34,869] {dag.py:1833} INFO - Sync 1 DAGs
[2023-06-12 08:00:34,880] {logging_mixin.py:104} INFO - [2023-06-12 08:00:34,880] {dag.py:2306} INFO - Setting next_dagrun for example_skip_dag to 2023-06-10 00:00:00+00:00
[2023-06-12 08:00:34,890] {scheduler_job.py:189} INFO - Processing /home/airflow/.local/lib/python3.6/site-packages/airflow/example_dags/example_skip_dag.py took 0.052 seconds
[2023-06-12 08:01:05,817] {scheduler_job.py:181} INFO - Started process (PID=934) to work on /home/airflow/.local/lib/python3.6/site-packages/airflow/example_dags/example_skip_dag.py
[2023-06-12 08:01:05,819] {scheduler_job.py:632} INFO - Processing file /home/airflow/.local/lib/python3.6/site-packages/airflow/example_dags/example_skip_dag.py for tasks to queue
[2023-06-12 08:01:05,819] {logging_mixin.py:104} INFO - [2023-06-12 08:01:05,819] {dagbag.py:496} INFO - Filling up the DagBag from /home/airflow/.local/lib/python3.6/site-packages/airflow/example_dags/example_skip_dag.py
[2023-06-12 08:01:05,828] {scheduler_job.py:642} INFO - DAG(s) dict_keys(['example_skip_dag']) retrieved from /home/airflow/.local/lib/python3.6/site-packages/airflow/example_dags/example_skip_dag.py
[2023-06-12 08:01:05,845] {logging_mixin.py:104} INFO - [2023-06-12 08:01:05,845] {dag.py:1833} INFO - Sync 1 DAGs
[2023-06-12 08:01:05,858] {logging_mixin.py:104} INFO - [2023-06-12 08:01:05,858] {dag.py:2306} INFO - Setting next_dagrun for example_skip_dag to 2023-06-10 00:00:00+00:00
[2023-06-12 08:01:05,866] {scheduler_job.py:189} INFO - Processing /home/airflow/.local/lib/python3.6/site-packages/airflow/example_dags/example_skip_dag.py took 0.051 seconds
[2023-06-12 08:01:36,705] {scheduler_job.py:181} INFO - Started process (PID=987) to work on /home/airflow/.local/lib/python3.6/site-packages/airflow/example_dags/example_skip_dag.py
[2023-06-12 08:01:36,706] {scheduler_job.py:632} INFO - Processing file /home/airflow/.local/lib/python3.6/site-packages/airflow/example_dags/example_skip_dag.py for tasks to queue
[2023-06-12 08:01:36,707] {logging_mixin.py:104} INFO - [2023-06-12 08:01:36,707] {dagbag.py:496} INFO - Filling up the DagBag from /home/airflow/.local/lib/python3.6/site-packages/airflow/example_dags/example_skip_dag.py
[2023-06-12 08:01:36,723] {scheduler_job.py:642} INFO - DAG(s) dict_keys(['example_skip_dag']) retrieved from /home/airflow/.local/lib/python3.6/site-packages/airflow/example_dags/example_skip_dag.py
[2023-06-12 08:01:36,739] {logging_mixin.py:104} INFO - [2023-06-12 08:01:36,739] {dag.py:1833} INFO - Sync 1 DAGs
[2023-06-12 08:01:36,751] {logging_mixin.py:104} INFO - [2023-06-12 08:01:36,751] {dag.py:2306} INFO - Setting next_dagrun for example_skip_dag to 2023-06-10 00:00:00+00:00
[2023-06-12 08:01:36,762] {scheduler_job.py:189} INFO - Processing /home/airflow/.local/lib/python3.6/site-packages/airflow/example_dags/example_skip_dag.py took 0.059 seconds
[2023-06-12 08:02:07,704] {scheduler_job.py:181} INFO - Started process (PID=1050) to work on /home/airflow/.local/lib/python3.6/site-packages/airflow/example_dags/example_skip_dag.py
[2023-06-12 08:02:07,706] {scheduler_job.py:632} INFO - Processing file /home/airflow/.local/lib/python3.6/site-packages/airflow/example_dags/example_skip_dag.py for tasks to queue
[2023-06-12 08:02:07,707] {logging_mixin.py:104} INFO - [2023-06-12 08:02:07,707] {dagbag.py:496} INFO - Filling up the DagBag from /home/airflow/.local/lib/python3.6/site-packages/airflow/example_dags/example_skip_dag.py
[2023-06-12 08:02:07,716] {scheduler_job.py:642} INFO - DAG(s) dict_keys(['example_skip_dag']) retrieved from /home/airflow/.local/lib/python3.6/site-packages/airflow/example_dags/example_skip_dag.py
[2023-06-12 08:02:07,734] {logging_mixin.py:104} INFO - [2023-06-12 08:02:07,734] {dag.py:1833} INFO - Sync 1 DAGs
[2023-06-12 08:02:07,747] {logging_mixin.py:104} INFO - [2023-06-12 08:02:07,747] {dag.py:2306} INFO - Setting next_dagrun for example_skip_dag to 2023-06-10 00:00:00+00:00
[2023-06-12 08:02:07,757] {scheduler_job.py:189} INFO - Processing /home/airflow/.local/lib/python3.6/site-packages/airflow/example_dags/example_skip_dag.py took 0.056 seconds
[2023-06-12 08:02:38,098] {scheduler_job.py:181} INFO - Started process (PID=1112) to work on /home/airflow/.local/lib/python3.6/site-packages/airflow/example_dags/example_skip_dag.py
[2023-06-12 08:02:38,099] {scheduler_job.py:632} INFO - Processing file /home/airflow/.local/lib/python3.6/site-packages/airflow/example_dags/example_skip_dag.py for tasks to queue
[2023-06-12 08:02:38,101] {logging_mixin.py:104} INFO - [2023-06-12 08:02:38,101] {dagbag.py:496} INFO - Filling up the DagBag from /home/airflow/.local/lib/python3.6/site-packages/airflow/example_dags/example_skip_dag.py
[2023-06-12 08:02:38,110] {scheduler_job.py:642} INFO - DAG(s) dict_keys(['example_skip_dag']) retrieved from /home/airflow/.local/lib/python3.6/site-packages/airflow/example_dags/example_skip_dag.py
[2023-06-12 08:02:38,130] {logging_mixin.py:104} INFO - [2023-06-12 08:02:38,130] {dag.py:1833} INFO - Sync 1 DAGs
[2023-06-12 08:02:38,145] {logging_mixin.py:104} INFO - [2023-06-12 08:02:38,145] {dag.py:2306} INFO - Setting next_dagrun for example_skip_dag to 2023-06-10 00:00:00+00:00
[2023-06-12 08:02:38,155] {scheduler_job.py:189} INFO - Processing /home/airflow/.local/lib/python3.6/site-packages/airflow/example_dags/example_skip_dag.py took 0.060 seconds
[2023-06-12 08:03:08,434] {scheduler_job.py:181} INFO - Started process (PID=1166) to work on /home/airflow/.local/lib/python3.6/site-packages/airflow/example_dags/example_skip_dag.py
[2023-06-12 08:03:08,435] {scheduler_job.py:632} INFO - Processing file /home/airflow/.local/lib/python3.6/site-packages/airflow/example_dags/example_skip_dag.py for tasks to queue
[2023-06-12 08:03:08,436] {logging_mixin.py:104} INFO - [2023-06-12 08:03:08,436] {dagbag.py:496} INFO - Filling up the DagBag from /home/airflow/.local/lib/python3.6/site-packages/airflow/example_dags/example_skip_dag.py
[2023-06-12 08:03:08,444] {scheduler_job.py:642} INFO - DAG(s) dict_keys(['example_skip_dag']) retrieved from /home/airflow/.local/lib/python3.6/site-packages/airflow/example_dags/example_skip_dag.py
[2023-06-12 08:03:08,461] {logging_mixin.py:104} INFO - [2023-06-12 08:03:08,461] {dag.py:1833} INFO - Sync 1 DAGs
[2023-06-12 08:03:08,473] {logging_mixin.py:104} INFO - [2023-06-12 08:03:08,473] {dag.py:2306} INFO - Setting next_dagrun for example_skip_dag to 2023-06-10 00:00:00+00:00
[2023-06-12 08:03:08,482] {scheduler_job.py:189} INFO - Processing /home/airflow/.local/lib/python3.6/site-packages/airflow/example_dags/example_skip_dag.py took 0.051 seconds
[2023-06-12 08:03:38,753] {scheduler_job.py:181} INFO - Started process (PID=1229) to work on /home/airflow/.local/lib/python3.6/site-packages/airflow/example_dags/example_skip_dag.py
[2023-06-12 08:03:38,754] {scheduler_job.py:632} INFO - Processing file /home/airflow/.local/lib/python3.6/site-packages/airflow/example_dags/example_skip_dag.py for tasks to queue
[2023-06-12 08:03:38,755] {logging_mixin.py:104} INFO - [2023-06-12 08:03:38,755] {dagbag.py:496} INFO - Filling up the DagBag from /home/airflow/.local/lib/python3.6/site-packages/airflow/example_dags/example_skip_dag.py
[2023-06-12 08:03:38,763] {scheduler_job.py:642} INFO - DAG(s) dict_keys(['example_skip_dag']) retrieved from /home/airflow/.local/lib/python3.6/site-packages/airflow/example_dags/example_skip_dag.py
[2023-06-12 08:03:38,784] {logging_mixin.py:104} INFO - [2023-06-12 08:03:38,783] {dag.py:1833} INFO - Sync 1 DAGs
[2023-06-12 08:03:38,795] {logging_mixin.py:104} INFO - [2023-06-12 08:03:38,795] {dag.py:2306} INFO - Setting next_dagrun for example_skip_dag to 2023-06-10 00:00:00+00:00
[2023-06-12 08:03:38,807] {scheduler_job.py:189} INFO - Processing /home/airflow/.local/lib/python3.6/site-packages/airflow/example_dags/example_skip_dag.py took 0.058 seconds
[2023-06-12 08:04:09,126] {scheduler_job.py:181} INFO - Started process (PID=1283) to work on /home/airflow/.local/lib/python3.6/site-packages/airflow/example_dags/example_skip_dag.py
[2023-06-12 08:04:09,128] {scheduler_job.py:632} INFO - Processing file /home/airflow/.local/lib/python3.6/site-packages/airflow/example_dags/example_skip_dag.py for tasks to queue
[2023-06-12 08:04:09,129] {logging_mixin.py:104} INFO - [2023-06-12 08:04:09,129] {dagbag.py:496} INFO - Filling up the DagBag from /home/airflow/.local/lib/python3.6/site-packages/airflow/example_dags/example_skip_dag.py
[2023-06-12 08:04:09,142] {scheduler_job.py:642} INFO - DAG(s) dict_keys(['example_skip_dag']) retrieved from /home/airflow/.local/lib/python3.6/site-packages/airflow/example_dags/example_skip_dag.py
[2023-06-12 08:04:09,160] {logging_mixin.py:104} INFO - [2023-06-12 08:04:09,160] {dag.py:1833} INFO - Sync 1 DAGs
[2023-06-12 08:04:09,171] {logging_mixin.py:104} INFO - [2023-06-12 08:04:09,171] {dag.py:2306} INFO - Setting next_dagrun for example_skip_dag to 2023-06-10 00:00:00+00:00
[2023-06-12 08:04:09,180] {scheduler_job.py:189} INFO - Processing /home/airflow/.local/lib/python3.6/site-packages/airflow/example_dags/example_skip_dag.py took 0.059 seconds
[2023-06-12 08:04:39,514] {scheduler_job.py:181} INFO - Started process (PID=1346) to work on /home/airflow/.local/lib/python3.6/site-packages/airflow/example_dags/example_skip_dag.py
[2023-06-12 08:04:39,515] {scheduler_job.py:632} INFO - Processing file /home/airflow/.local/lib/python3.6/site-packages/airflow/example_dags/example_skip_dag.py for tasks to queue
[2023-06-12 08:04:39,516] {logging_mixin.py:104} INFO - [2023-06-12 08:04:39,516] {dagbag.py:496} INFO - Filling up the DagBag from /home/airflow/.local/lib/python3.6/site-packages/airflow/example_dags/example_skip_dag.py
[2023-06-12 08:04:39,524] {scheduler_job.py:642} INFO - DAG(s) dict_keys(['example_skip_dag']) retrieved from /home/airflow/.local/lib/python3.6/site-packages/airflow/example_dags/example_skip_dag.py
[2023-06-12 08:04:39,542] {logging_mixin.py:104} INFO - [2023-06-12 08:04:39,542] {dag.py:1833} INFO - Sync 1 DAGs
[2023-06-12 08:04:39,553] {logging_mixin.py:104} INFO - [2023-06-12 08:04:39,553] {dag.py:2306} INFO - Setting next_dagrun for example_skip_dag to 2023-06-10 00:00:00+00:00
[2023-06-12 08:04:39,562] {scheduler_job.py:189} INFO - Processing /home/airflow/.local/lib/python3.6/site-packages/airflow/example_dags/example_skip_dag.py took 0.051 seconds
[2023-06-12 08:05:09,908] {scheduler_job.py:181} INFO - Started process (PID=1406) to work on /home/airflow/.local/lib/python3.6/site-packages/airflow/example_dags/example_skip_dag.py
[2023-06-12 08:05:09,910] {scheduler_job.py:632} INFO - Processing file /home/airflow/.local/lib/python3.6/site-packages/airflow/example_dags/example_skip_dag.py for tasks to queue
[2023-06-12 08:05:09,911] {logging_mixin.py:104} INFO - [2023-06-12 08:05:09,911] {dagbag.py:496} INFO - Filling up the DagBag from /home/airflow/.local/lib/python3.6/site-packages/airflow/example_dags/example_skip_dag.py
[2023-06-12 08:05:09,920] {scheduler_job.py:642} INFO - DAG(s) dict_keys(['example_skip_dag']) retrieved from /home/airflow/.local/lib/python3.6/site-packages/airflow/example_dags/example_skip_dag.py
[2023-06-12 08:05:09,941] {logging_mixin.py:104} INFO - [2023-06-12 08:05:09,941] {dag.py:1833} INFO - Sync 1 DAGs
[2023-06-12 08:05:09,953] {logging_mixin.py:104} INFO - [2023-06-12 08:05:09,953] {dag.py:2306} INFO - Setting next_dagrun for example_skip_dag to 2023-06-10 00:00:00+00:00
[2023-06-12 08:05:09,964] {scheduler_job.py:189} INFO - Processing /home/airflow/.local/lib/python3.6/site-packages/airflow/example_dags/example_skip_dag.py took 0.059 seconds
[2023-06-12 08:05:40,289] {scheduler_job.py:181} INFO - Started process (PID=1463) to work on /home/airflow/.local/lib/python3.6/site-packages/airflow/example_dags/example_skip_dag.py
[2023-06-12 08:05:40,291] {scheduler_job.py:632} INFO - Processing file /home/airflow/.local/lib/python3.6/site-packages/airflow/example_dags/example_skip_dag.py for tasks to queue
[2023-06-12 08:05:40,292] {logging_mixin.py:104} INFO - [2023-06-12 08:05:40,292] {dagbag.py:496} INFO - Filling up the DagBag from /home/airflow/.local/lib/python3.6/site-packages/airflow/example_dags/example_skip_dag.py
[2023-06-12 08:05:40,301] {scheduler_job.py:642} INFO - DAG(s) dict_keys(['example_skip_dag']) retrieved from /home/airflow/.local/lib/python3.6/site-packages/airflow/example_dags/example_skip_dag.py
[2023-06-12 08:05:40,317] {logging_mixin.py:104} INFO - [2023-06-12 08:05:40,317] {dag.py:1833} INFO - Sync 1 DAGs
[2023-06-12 08:05:40,329] {logging_mixin.py:104} INFO - [2023-06-12 08:05:40,328] {dag.py:2306} INFO - Setting next_dagrun for example_skip_dag to 2023-06-10 00:00:00+00:00
[2023-06-12 08:05:40,338] {scheduler_job.py:189} INFO - Processing /home/airflow/.local/lib/python3.6/site-packages/airflow/example_dags/example_skip_dag.py took 0.051 seconds
[2023-06-12 08:06:10,686] {scheduler_job.py:181} INFO - Started process (PID=1526) to work on /home/airflow/.local/lib/python3.6/site-packages/airflow/example_dags/example_skip_dag.py
[2023-06-12 08:06:10,687] {scheduler_job.py:632} INFO - Processing file /home/airflow/.local/lib/python3.6/site-packages/airflow/example_dags/example_skip_dag.py for tasks to queue
[2023-06-12 08:06:10,688] {logging_mixin.py:104} INFO - [2023-06-12 08:06:10,688] {dagbag.py:496} INFO - Filling up the DagBag from /home/airflow/.local/lib/python3.6/site-packages/airflow/example_dags/example_skip_dag.py
[2023-06-12 08:06:10,698] {scheduler_job.py:642} INFO - DAG(s) dict_keys(['example_skip_dag']) retrieved from /home/airflow/.local/lib/python3.6/site-packages/airflow/example_dags/example_skip_dag.py
[2023-06-12 08:06:10,715] {logging_mixin.py:104} INFO - [2023-06-12 08:06:10,714] {dag.py:1833} INFO - Sync 1 DAGs
[2023-06-12 08:06:10,726] {logging_mixin.py:104} INFO - [2023-06-12 08:06:10,726] {dag.py:2306} INFO - Setting next_dagrun for example_skip_dag to 2023-06-10 00:00:00+00:00
[2023-06-12 08:06:10,734] {scheduler_job.py:189} INFO - Processing /home/airflow/.local/lib/python3.6/site-packages/airflow/example_dags/example_skip_dag.py took 0.051 seconds
[2023-06-12 08:06:41,019] {scheduler_job.py:181} INFO - Started process (PID=1579) to work on /home/airflow/.local/lib/python3.6/site-packages/airflow/example_dags/example_skip_dag.py
[2023-06-12 08:06:41,020] {scheduler_job.py:632} INFO - Processing file /home/airflow/.local/lib/python3.6/site-packages/airflow/example_dags/example_skip_dag.py for tasks to queue
[2023-06-12 08:06:41,021] {logging_mixin.py:104} INFO - [2023-06-12 08:06:41,021] {dagbag.py:496} INFO - Filling up the DagBag from /home/airflow/.local/lib/python3.6/site-packages/airflow/example_dags/example_skip_dag.py
[2023-06-12 08:06:41,033] {scheduler_job.py:642} INFO - DAG(s) dict_keys(['example_skip_dag']) retrieved from /home/airflow/.local/lib/python3.6/site-packages/airflow/example_dags/example_skip_dag.py
[2023-06-12 08:06:41,053] {logging_mixin.py:104} INFO - [2023-06-12 08:06:41,053] {dag.py:1833} INFO - Sync 1 DAGs
[2023-06-12 08:06:41,068] {logging_mixin.py:104} INFO - [2023-06-12 08:06:41,068] {dag.py:2306} INFO - Setting next_dagrun for example_skip_dag to 2023-06-10 00:00:00+00:00
[2023-06-12 08:06:41,077] {scheduler_job.py:189} INFO - Processing /home/airflow/.local/lib/python3.6/site-packages/airflow/example_dags/example_skip_dag.py took 0.061 seconds
[2023-06-12 08:07:11,179] {scheduler_job.py:181} INFO - Started process (PID=1642) to work on /home/airflow/.local/lib/python3.6/site-packages/airflow/example_dags/example_skip_dag.py
[2023-06-12 08:07:11,181] {scheduler_job.py:632} INFO - Processing file /home/airflow/.local/lib/python3.6/site-packages/airflow/example_dags/example_skip_dag.py for tasks to queue
[2023-06-12 08:07:11,181] {logging_mixin.py:104} INFO - [2023-06-12 08:07:11,181] {dagbag.py:496} INFO - Filling up the DagBag from /home/airflow/.local/lib/python3.6/site-packages/airflow/example_dags/example_skip_dag.py
[2023-06-12 08:07:11,191] {scheduler_job.py:642} INFO - DAG(s) dict_keys(['example_skip_dag']) retrieved from /home/airflow/.local/lib/python3.6/site-packages/airflow/example_dags/example_skip_dag.py
[2023-06-12 08:07:11,208] {logging_mixin.py:104} INFO - [2023-06-12 08:07:11,208] {dag.py:1833} INFO - Sync 1 DAGs
[2023-06-12 08:07:11,219] {logging_mixin.py:104} INFO - [2023-06-12 08:07:11,219] {dag.py:2306} INFO - Setting next_dagrun for example_skip_dag to 2023-06-10 00:00:00+00:00
[2023-06-12 08:07:11,228] {scheduler_job.py:189} INFO - Processing /home/airflow/.local/lib/python3.6/site-packages/airflow/example_dags/example_skip_dag.py took 0.052 seconds
[2023-06-12 08:07:42,249] {scheduler_job.py:181} INFO - Started process (PID=1704) to work on /home/airflow/.local/lib/python3.6/site-packages/airflow/example_dags/example_skip_dag.py
[2023-06-12 08:07:42,251] {scheduler_job.py:632} INFO - Processing file /home/airflow/.local/lib/python3.6/site-packages/airflow/example_dags/example_skip_dag.py for tasks to queue
[2023-06-12 08:07:42,252] {logging_mixin.py:104} INFO - [2023-06-12 08:07:42,252] {dagbag.py:496} INFO - Filling up the DagBag from /home/airflow/.local/lib/python3.6/site-packages/airflow/example_dags/example_skip_dag.py
[2023-06-12 08:07:42,263] {scheduler_job.py:642} INFO - DAG(s) dict_keys(['example_skip_dag']) retrieved from /home/airflow/.local/lib/python3.6/site-packages/airflow/example_dags/example_skip_dag.py
[2023-06-12 08:07:42,284] {logging_mixin.py:104} INFO - [2023-06-12 08:07:42,284] {dag.py:1833} INFO - Sync 1 DAGs
[2023-06-12 08:07:42,299] {logging_mixin.py:104} INFO - [2023-06-12 08:07:42,299] {dag.py:2306} INFO - Setting next_dagrun for example_skip_dag to 2023-06-10 00:00:00+00:00
[2023-06-12 08:07:42,309] {scheduler_job.py:189} INFO - Processing /home/airflow/.local/lib/python3.6/site-packages/airflow/example_dags/example_skip_dag.py took 0.062 seconds
[2023-06-12 08:08:12,622] {scheduler_job.py:181} INFO - Started process (PID=1758) to work on /home/airflow/.local/lib/python3.6/site-packages/airflow/example_dags/example_skip_dag.py
[2023-06-12 08:08:12,623] {scheduler_job.py:632} INFO - Processing file /home/airflow/.local/lib/python3.6/site-packages/airflow/example_dags/example_skip_dag.py for tasks to queue
[2023-06-12 08:08:12,624] {logging_mixin.py:104} INFO - [2023-06-12 08:08:12,624] {dagbag.py:496} INFO - Filling up the DagBag from /home/airflow/.local/lib/python3.6/site-packages/airflow/example_dags/example_skip_dag.py
[2023-06-12 08:08:12,635] {scheduler_job.py:642} INFO - DAG(s) dict_keys(['example_skip_dag']) retrieved from /home/airflow/.local/lib/python3.6/site-packages/airflow/example_dags/example_skip_dag.py
[2023-06-12 08:08:12,651] {logging_mixin.py:104} INFO - [2023-06-12 08:08:12,651] {dag.py:1833} INFO - Sync 1 DAGs
[2023-06-12 08:08:12,663] {logging_mixin.py:104} INFO - [2023-06-12 08:08:12,663] {dag.py:2306} INFO - Setting next_dagrun for example_skip_dag to 2023-06-10 00:00:00+00:00
[2023-06-12 08:08:12,671] {scheduler_job.py:189} INFO - Processing /home/airflow/.local/lib/python3.6/site-packages/airflow/example_dags/example_skip_dag.py took 0.051 seconds
[2023-06-12 08:08:43,192] {scheduler_job.py:181} INFO - Started process (PID=1822) to work on /home/airflow/.local/lib/python3.6/site-packages/airflow/example_dags/example_skip_dag.py
[2023-06-12 08:08:43,193] {scheduler_job.py:632} INFO - Processing file /home/airflow/.local/lib/python3.6/site-packages/airflow/example_dags/example_skip_dag.py for tasks to queue
[2023-06-12 08:08:43,194] {logging_mixin.py:104} INFO - [2023-06-12 08:08:43,194] {dagbag.py:496} INFO - Filling up the DagBag from /home/airflow/.local/lib/python3.6/site-packages/airflow/example_dags/example_skip_dag.py
[2023-06-12 08:08:43,202] {scheduler_job.py:642} INFO - DAG(s) dict_keys(['example_skip_dag']) retrieved from /home/airflow/.local/lib/python3.6/site-packages/airflow/example_dags/example_skip_dag.py
[2023-06-12 08:08:43,219] {logging_mixin.py:104} INFO - [2023-06-12 08:08:43,219] {dag.py:1833} INFO - Sync 1 DAGs
[2023-06-12 08:08:43,231] {logging_mixin.py:104} INFO - [2023-06-12 08:08:43,231] {dag.py:2306} INFO - Setting next_dagrun for example_skip_dag to 2023-06-10 00:00:00+00:00
[2023-06-12 08:08:43,240] {scheduler_job.py:189} INFO - Processing /home/airflow/.local/lib/python3.6/site-packages/airflow/example_dags/example_skip_dag.py took 0.050 seconds
[2023-06-12 08:09:13,560] {scheduler_job.py:181} INFO - Started process (PID=1875) to work on /home/airflow/.local/lib/python3.6/site-packages/airflow/example_dags/example_skip_dag.py
[2023-06-12 08:09:13,561] {scheduler_job.py:632} INFO - Processing file /home/airflow/.local/lib/python3.6/site-packages/airflow/example_dags/example_skip_dag.py for tasks to queue
[2023-06-12 08:09:13,562] {logging_mixin.py:104} INFO - [2023-06-12 08:09:13,562] {dagbag.py:496} INFO - Filling up the DagBag from /home/airflow/.local/lib/python3.6/site-packages/airflow/example_dags/example_skip_dag.py
[2023-06-12 08:09:13,571] {scheduler_job.py:642} INFO - DAG(s) dict_keys(['example_skip_dag']) retrieved from /home/airflow/.local/lib/python3.6/site-packages/airflow/example_dags/example_skip_dag.py
[2023-06-12 08:09:13,588] {logging_mixin.py:104} INFO - [2023-06-12 08:09:13,588] {dag.py:1833} INFO - Sync 1 DAGs
[2023-06-12 08:09:13,599] {logging_mixin.py:104} INFO - [2023-06-12 08:09:13,599] {dag.py:2306} INFO - Setting next_dagrun for example_skip_dag to 2023-06-10 00:00:00+00:00
[2023-06-12 08:09:13,608] {scheduler_job.py:189} INFO - Processing /home/airflow/.local/lib/python3.6/site-packages/airflow/example_dags/example_skip_dag.py took 0.050 seconds
[2023-06-12 08:09:43,915] {scheduler_job.py:181} INFO - Started process (PID=1938) to work on /home/airflow/.local/lib/python3.6/site-packages/airflow/example_dags/example_skip_dag.py
[2023-06-12 08:09:43,916] {scheduler_job.py:632} INFO - Processing file /home/airflow/.local/lib/python3.6/site-packages/airflow/example_dags/example_skip_dag.py for tasks to queue
[2023-06-12 08:09:43,917] {logging_mixin.py:104} INFO - [2023-06-12 08:09:43,917] {dagbag.py:496} INFO - Filling up the DagBag from /home/airflow/.local/lib/python3.6/site-packages/airflow/example_dags/example_skip_dag.py
[2023-06-12 08:09:43,929] {scheduler_job.py:642} INFO - DAG(s) dict_keys(['example_skip_dag']) retrieved from /home/airflow/.local/lib/python3.6/site-packages/airflow/example_dags/example_skip_dag.py
[2023-06-12 08:09:43,946] {logging_mixin.py:104} INFO - [2023-06-12 08:09:43,946] {dag.py:1833} INFO - Sync 1 DAGs
[2023-06-12 08:09:43,960] {logging_mixin.py:104} INFO - [2023-06-12 08:09:43,960] {dag.py:2306} INFO - Setting next_dagrun for example_skip_dag to 2023-06-10 00:00:00+00:00
[2023-06-12 08:09:43,969] {scheduler_job.py:189} INFO - Processing /home/airflow/.local/lib/python3.6/site-packages/airflow/example_dags/example_skip_dag.py took 0.057 seconds
[2023-06-12 08:10:14,420] {scheduler_job.py:181} INFO - Started process (PID=2001) to work on /home/airflow/.local/lib/python3.6/site-packages/airflow/example_dags/example_skip_dag.py
[2023-06-12 08:10:14,422] {scheduler_job.py:632} INFO - Processing file /home/airflow/.local/lib/python3.6/site-packages/airflow/example_dags/example_skip_dag.py for tasks to queue
[2023-06-12 08:10:14,423] {logging_mixin.py:104} INFO - [2023-06-12 08:10:14,423] {dagbag.py:496} INFO - Filling up the DagBag from /home/airflow/.local/lib/python3.6/site-packages/airflow/example_dags/example_skip_dag.py
[2023-06-12 08:10:14,436] {scheduler_job.py:642} INFO - DAG(s) dict_keys(['example_skip_dag']) retrieved from /home/airflow/.local/lib/python3.6/site-packages/airflow/example_dags/example_skip_dag.py
[2023-06-12 08:10:14,454] {logging_mixin.py:104} INFO - [2023-06-12 08:10:14,454] {dag.py:1833} INFO - Sync 1 DAGs
[2023-06-12 08:10:14,466] {logging_mixin.py:104} INFO - [2023-06-12 08:10:14,465] {dag.py:2306} INFO - Setting next_dagrun for example_skip_dag to 2023-06-10 00:00:00+00:00
[2023-06-12 08:10:14,474] {scheduler_job.py:189} INFO - Processing /home/airflow/.local/lib/python3.6/site-packages/airflow/example_dags/example_skip_dag.py took 0.056 seconds
[2023-06-12 08:10:44,776] {scheduler_job.py:181} INFO - Started process (PID=2054) to work on /home/airflow/.local/lib/python3.6/site-packages/airflow/example_dags/example_skip_dag.py
[2023-06-12 08:10:44,778] {scheduler_job.py:632} INFO - Processing file /home/airflow/.local/lib/python3.6/site-packages/airflow/example_dags/example_skip_dag.py for tasks to queue
[2023-06-12 08:10:44,779] {logging_mixin.py:104} INFO - [2023-06-12 08:10:44,779] {dagbag.py:496} INFO - Filling up the DagBag from /home/airflow/.local/lib/python3.6/site-packages/airflow/example_dags/example_skip_dag.py
[2023-06-12 08:10:44,788] {scheduler_job.py:642} INFO - DAG(s) dict_keys(['example_skip_dag']) retrieved from /home/airflow/.local/lib/python3.6/site-packages/airflow/example_dags/example_skip_dag.py
[2023-06-12 08:10:44,805] {logging_mixin.py:104} INFO - [2023-06-12 08:10:44,805] {dag.py:1833} INFO - Sync 1 DAGs
[2023-06-12 08:10:44,818] {logging_mixin.py:104} INFO - [2023-06-12 08:10:44,818] {dag.py:2306} INFO - Setting next_dagrun for example_skip_dag to 2023-06-10 00:00:00+00:00
[2023-06-12 08:10:44,828] {scheduler_job.py:189} INFO - Processing /home/airflow/.local/lib/python3.6/site-packages/airflow/example_dags/example_skip_dag.py took 0.055 seconds
[2023-06-12 08:11:15,257] {scheduler_job.py:181} INFO - Started process (PID=2117) to work on /home/airflow/.local/lib/python3.6/site-packages/airflow/example_dags/example_skip_dag.py
[2023-06-12 08:11:15,258] {scheduler_job.py:632} INFO - Processing file /home/airflow/.local/lib/python3.6/site-packages/airflow/example_dags/example_skip_dag.py for tasks to queue
[2023-06-12 08:11:15,259] {logging_mixin.py:104} INFO - [2023-06-12 08:11:15,259] {dagbag.py:496} INFO - Filling up the DagBag from /home/airflow/.local/lib/python3.6/site-packages/airflow/example_dags/example_skip_dag.py
[2023-06-12 08:11:15,268] {scheduler_job.py:642} INFO - DAG(s) dict_keys(['example_skip_dag']) retrieved from /home/airflow/.local/lib/python3.6/site-packages/airflow/example_dags/example_skip_dag.py
[2023-06-12 08:11:15,285] {logging_mixin.py:104} INFO - [2023-06-12 08:11:15,285] {dag.py:1833} INFO - Sync 1 DAGs
[2023-06-12 08:11:15,297] {logging_mixin.py:104} INFO - [2023-06-12 08:11:15,296] {dag.py:2306} INFO - Setting next_dagrun for example_skip_dag to 2023-06-10 00:00:00+00:00
[2023-06-12 08:11:15,305] {scheduler_job.py:189} INFO - Processing /home/airflow/.local/lib/python3.6/site-packages/airflow/example_dags/example_skip_dag.py took 0.051 seconds
[2023-06-12 08:11:45,552] {scheduler_job.py:181} INFO - Started process (PID=2170) to work on /home/airflow/.local/lib/python3.6/site-packages/airflow/example_dags/example_skip_dag.py
[2023-06-12 08:11:45,554] {scheduler_job.py:632} INFO - Processing file /home/airflow/.local/lib/python3.6/site-packages/airflow/example_dags/example_skip_dag.py for tasks to queue
[2023-06-12 08:11:45,555] {logging_mixin.py:104} INFO - [2023-06-12 08:11:45,555] {dagbag.py:496} INFO - Filling up the DagBag from /home/airflow/.local/lib/python3.6/site-packages/airflow/example_dags/example_skip_dag.py
[2023-06-12 08:11:45,564] {scheduler_job.py:642} INFO - DAG(s) dict_keys(['example_skip_dag']) retrieved from /home/airflow/.local/lib/python3.6/site-packages/airflow/example_dags/example_skip_dag.py
[2023-06-12 08:11:45,586] {logging_mixin.py:104} INFO - [2023-06-12 08:11:45,585] {dag.py:1833} INFO - Sync 1 DAGs
[2023-06-12 08:11:45,599] {logging_mixin.py:104} INFO - [2023-06-12 08:11:45,599] {dag.py:2306} INFO - Setting next_dagrun for example_skip_dag to 2023-06-10 00:00:00+00:00
[2023-06-12 08:11:45,608] {scheduler_job.py:189} INFO - Processing /home/airflow/.local/lib/python3.6/site-packages/airflow/example_dags/example_skip_dag.py took 0.059 seconds
[2023-06-12 08:12:16,167] {scheduler_job.py:181} INFO - Started process (PID=2233) to work on /home/airflow/.local/lib/python3.6/site-packages/airflow/example_dags/example_skip_dag.py
[2023-06-12 08:12:16,169] {scheduler_job.py:632} INFO - Processing file /home/airflow/.local/lib/python3.6/site-packages/airflow/example_dags/example_skip_dag.py for tasks to queue
[2023-06-12 08:12:16,169] {logging_mixin.py:104} INFO - [2023-06-12 08:12:16,169] {dagbag.py:496} INFO - Filling up the DagBag from /home/airflow/.local/lib/python3.6/site-packages/airflow/example_dags/example_skip_dag.py
[2023-06-12 08:12:16,178] {scheduler_job.py:642} INFO - DAG(s) dict_keys(['example_skip_dag']) retrieved from /home/airflow/.local/lib/python3.6/site-packages/airflow/example_dags/example_skip_dag.py
[2023-06-12 08:12:16,195] {logging_mixin.py:104} INFO - [2023-06-12 08:12:16,195] {dag.py:1833} INFO - Sync 1 DAGs
[2023-06-12 08:12:16,207] {logging_mixin.py:104} INFO - [2023-06-12 08:12:16,207] {dag.py:2306} INFO - Setting next_dagrun for example_skip_dag to 2023-06-10 00:00:00+00:00
[2023-06-12 08:12:16,216] {scheduler_job.py:189} INFO - Processing /home/airflow/.local/lib/python3.6/site-packages/airflow/example_dags/example_skip_dag.py took 0.051 seconds
[2023-06-12 08:12:46,502] {scheduler_job.py:181} INFO - Started process (PID=2296) to work on /home/airflow/.local/lib/python3.6/site-packages/airflow/example_dags/example_skip_dag.py
[2023-06-12 08:12:46,504] {scheduler_job.py:632} INFO - Processing file /home/airflow/.local/lib/python3.6/site-packages/airflow/example_dags/example_skip_dag.py for tasks to queue
[2023-06-12 08:12:46,505] {logging_mixin.py:104} INFO - [2023-06-12 08:12:46,505] {dagbag.py:496} INFO - Filling up the DagBag from /home/airflow/.local/lib/python3.6/site-packages/airflow/example_dags/example_skip_dag.py
[2023-06-12 08:12:46,517] {scheduler_job.py:642} INFO - DAG(s) dict_keys(['example_skip_dag']) retrieved from /home/airflow/.local/lib/python3.6/site-packages/airflow/example_dags/example_skip_dag.py
[2023-06-12 08:12:46,532] {logging_mixin.py:104} INFO - [2023-06-12 08:12:46,532] {dag.py:1833} INFO - Sync 1 DAGs
[2023-06-12 08:12:46,544] {logging_mixin.py:104} INFO - [2023-06-12 08:12:46,544] {dag.py:2306} INFO - Setting next_dagrun for example_skip_dag to 2023-06-10 00:00:00+00:00
[2023-06-12 08:12:46,552] {scheduler_job.py:189} INFO - Processing /home/airflow/.local/lib/python3.6/site-packages/airflow/example_dags/example_skip_dag.py took 0.055 seconds
