[2023-06-12 07:53:27,361] {scheduler_job.py:181} INFO - Started process (PID=48) to work on /home/airflow/.local/lib/python3.6/site-packages/airflow/example_dags/example_trigger_target_dag.py
[2023-06-12 07:53:27,362] {scheduler_job.py:632} INFO - Processing file /home/airflow/.local/lib/python3.6/site-packages/airflow/example_dags/example_trigger_target_dag.py for tasks to queue
[2023-06-12 07:53:27,363] {logging_mixin.py:104} INFO - [2023-06-12 07:53:27,363] {dagbag.py:496} INFO - Filling up the DagBag from /home/airflow/.local/lib/python3.6/site-packages/airflow/example_dags/example_trigger_target_dag.py
[2023-06-12 07:53:27,375] {scheduler_job.py:642} INFO - DAG(s) dict_keys(['example_trigger_target_dag']) retrieved from /home/airflow/.local/lib/python3.6/site-packages/airflow/example_dags/example_trigger_target_dag.py
[2023-06-12 07:53:27,564] {logging_mixin.py:104} INFO - [2023-06-12 07:53:27,564] {dag.py:1833} INFO - Sync 1 DAGs
[2023-06-12 07:53:27,576] {logging_mixin.py:104} INFO - [2023-06-12 07:53:27,576] {dag.py:2306} INFO - Setting next_dagrun for example_trigger_target_dag to None
[2023-06-12 07:53:27,587] {scheduler_job.py:189} INFO - Processing /home/airflow/.local/lib/python3.6/site-packages/airflow/example_dags/example_trigger_target_dag.py took 0.230 seconds
[2023-06-12 07:53:57,725] {scheduler_job.py:181} INFO - Started process (PID=111) to work on /home/airflow/.local/lib/python3.6/site-packages/airflow/example_dags/example_trigger_target_dag.py
[2023-06-12 07:53:57,726] {scheduler_job.py:632} INFO - Processing file /home/airflow/.local/lib/python3.6/site-packages/airflow/example_dags/example_trigger_target_dag.py for tasks to queue
[2023-06-12 07:53:57,727] {logging_mixin.py:104} INFO - [2023-06-12 07:53:57,727] {dagbag.py:496} INFO - Filling up the DagBag from /home/airflow/.local/lib/python3.6/site-packages/airflow/example_dags/example_trigger_target_dag.py
[2023-06-12 07:53:57,741] {scheduler_job.py:642} INFO - DAG(s) dict_keys(['example_trigger_target_dag']) retrieved from /home/airflow/.local/lib/python3.6/site-packages/airflow/example_dags/example_trigger_target_dag.py
[2023-06-12 07:53:57,811] {logging_mixin.py:104} INFO - [2023-06-12 07:53:57,811] {dag.py:1833} INFO - Sync 1 DAGs
[2023-06-12 07:53:57,827] {logging_mixin.py:104} INFO - [2023-06-12 07:53:57,827] {dag.py:2306} INFO - Setting next_dagrun for example_trigger_target_dag to None
[2023-06-12 07:53:57,838] {scheduler_job.py:189} INFO - Processing /home/airflow/.local/lib/python3.6/site-packages/airflow/example_dags/example_trigger_target_dag.py took 0.116 seconds
[2023-06-12 07:54:28,202] {scheduler_job.py:181} INFO - Started process (PID=174) to work on /home/airflow/.local/lib/python3.6/site-packages/airflow/example_dags/example_trigger_target_dag.py
[2023-06-12 07:54:28,204] {scheduler_job.py:632} INFO - Processing file /home/airflow/.local/lib/python3.6/site-packages/airflow/example_dags/example_trigger_target_dag.py for tasks to queue
[2023-06-12 07:54:28,205] {logging_mixin.py:104} INFO - [2023-06-12 07:54:28,205] {dagbag.py:496} INFO - Filling up the DagBag from /home/airflow/.local/lib/python3.6/site-packages/airflow/example_dags/example_trigger_target_dag.py
[2023-06-12 07:54:28,217] {scheduler_job.py:642} INFO - DAG(s) dict_keys(['example_trigger_target_dag']) retrieved from /home/airflow/.local/lib/python3.6/site-packages/airflow/example_dags/example_trigger_target_dag.py
[2023-06-12 07:54:28,237] {logging_mixin.py:104} INFO - [2023-06-12 07:54:28,236] {dag.py:1833} INFO - Sync 1 DAGs
[2023-06-12 07:54:28,250] {logging_mixin.py:104} INFO - [2023-06-12 07:54:28,250] {dag.py:2306} INFO - Setting next_dagrun for example_trigger_target_dag to None
[2023-06-12 07:54:28,261] {scheduler_job.py:189} INFO - Processing /home/airflow/.local/lib/python3.6/site-packages/airflow/example_dags/example_trigger_target_dag.py took 0.061 seconds
[2023-06-12 07:54:59,151] {scheduler_job.py:181} INFO - Started process (PID=227) to work on /home/airflow/.local/lib/python3.6/site-packages/airflow/example_dags/example_trigger_target_dag.py
[2023-06-12 07:54:59,153] {scheduler_job.py:632} INFO - Processing file /home/airflow/.local/lib/python3.6/site-packages/airflow/example_dags/example_trigger_target_dag.py for tasks to queue
[2023-06-12 07:54:59,154] {logging_mixin.py:104} INFO - [2023-06-12 07:54:59,154] {dagbag.py:496} INFO - Filling up the DagBag from /home/airflow/.local/lib/python3.6/site-packages/airflow/example_dags/example_trigger_target_dag.py
[2023-06-12 07:54:59,166] {scheduler_job.py:642} INFO - DAG(s) dict_keys(['example_trigger_target_dag']) retrieved from /home/airflow/.local/lib/python3.6/site-packages/airflow/example_dags/example_trigger_target_dag.py
[2023-06-12 07:54:59,184] {logging_mixin.py:104} INFO - [2023-06-12 07:54:59,184] {dag.py:1833} INFO - Sync 1 DAGs
[2023-06-12 07:54:59,198] {logging_mixin.py:104} INFO - [2023-06-12 07:54:59,198] {dag.py:2306} INFO - Setting next_dagrun for example_trigger_target_dag to None
[2023-06-12 07:54:59,208] {scheduler_job.py:189} INFO - Processing /home/airflow/.local/lib/python3.6/site-packages/airflow/example_dags/example_trigger_target_dag.py took 0.060 seconds
[2023-06-12 07:55:29,578] {scheduler_job.py:181} INFO - Started process (PID=290) to work on /home/airflow/.local/lib/python3.6/site-packages/airflow/example_dags/example_trigger_target_dag.py
[2023-06-12 07:55:29,579] {scheduler_job.py:632} INFO - Processing file /home/airflow/.local/lib/python3.6/site-packages/airflow/example_dags/example_trigger_target_dag.py for tasks to queue
[2023-06-12 07:55:29,580] {logging_mixin.py:104} INFO - [2023-06-12 07:55:29,580] {dagbag.py:496} INFO - Filling up the DagBag from /home/airflow/.local/lib/python3.6/site-packages/airflow/example_dags/example_trigger_target_dag.py
[2023-06-12 07:55:29,592] {scheduler_job.py:642} INFO - DAG(s) dict_keys(['example_trigger_target_dag']) retrieved from /home/airflow/.local/lib/python3.6/site-packages/airflow/example_dags/example_trigger_target_dag.py
[2023-06-12 07:55:29,611] {logging_mixin.py:104} INFO - [2023-06-12 07:55:29,610] {dag.py:1833} INFO - Sync 1 DAGs
[2023-06-12 07:55:29,623] {logging_mixin.py:104} INFO - [2023-06-12 07:55:29,623] {dag.py:2306} INFO - Setting next_dagrun for example_trigger_target_dag to None
[2023-06-12 07:55:29,632] {scheduler_job.py:189} INFO - Processing /home/airflow/.local/lib/python3.6/site-packages/airflow/example_dags/example_trigger_target_dag.py took 0.058 seconds
[2023-06-12 07:55:59,984] {scheduler_job.py:181} INFO - Started process (PID=343) to work on /home/airflow/.local/lib/python3.6/site-packages/airflow/example_dags/example_trigger_target_dag.py
[2023-06-12 07:55:59,986] {scheduler_job.py:632} INFO - Processing file /home/airflow/.local/lib/python3.6/site-packages/airflow/example_dags/example_trigger_target_dag.py for tasks to queue
[2023-06-12 07:55:59,987] {logging_mixin.py:104} INFO - [2023-06-12 07:55:59,987] {dagbag.py:496} INFO - Filling up the DagBag from /home/airflow/.local/lib/python3.6/site-packages/airflow/example_dags/example_trigger_target_dag.py
[2023-06-12 07:55:59,999] {scheduler_job.py:642} INFO - DAG(s) dict_keys(['example_trigger_target_dag']) retrieved from /home/airflow/.local/lib/python3.6/site-packages/airflow/example_dags/example_trigger_target_dag.py
[2023-06-12 07:56:00,020] {logging_mixin.py:104} INFO - [2023-06-12 07:56:00,020] {dag.py:1833} INFO - Sync 1 DAGs
[2023-06-12 07:56:00,034] {logging_mixin.py:104} INFO - [2023-06-12 07:56:00,034] {dag.py:2306} INFO - Setting next_dagrun for example_trigger_target_dag to None
[2023-06-12 07:56:00,046] {scheduler_job.py:189} INFO - Processing /home/airflow/.local/lib/python3.6/site-packages/airflow/example_dags/example_trigger_target_dag.py took 0.064 seconds
[2023-06-12 07:56:30,463] {scheduler_job.py:181} INFO - Started process (PID=406) to work on /home/airflow/.local/lib/python3.6/site-packages/airflow/example_dags/example_trigger_target_dag.py
[2023-06-12 07:56:30,464] {scheduler_job.py:632} INFO - Processing file /home/airflow/.local/lib/python3.6/site-packages/airflow/example_dags/example_trigger_target_dag.py for tasks to queue
[2023-06-12 07:56:30,465] {logging_mixin.py:104} INFO - [2023-06-12 07:56:30,465] {dagbag.py:496} INFO - Filling up the DagBag from /home/airflow/.local/lib/python3.6/site-packages/airflow/example_dags/example_trigger_target_dag.py
[2023-06-12 07:56:30,475] {scheduler_job.py:642} INFO - DAG(s) dict_keys(['example_trigger_target_dag']) retrieved from /home/airflow/.local/lib/python3.6/site-packages/airflow/example_dags/example_trigger_target_dag.py
[2023-06-12 07:56:30,493] {logging_mixin.py:104} INFO - [2023-06-12 07:56:30,493] {dag.py:1833} INFO - Sync 1 DAGs
[2023-06-12 07:56:30,505] {logging_mixin.py:104} INFO - [2023-06-12 07:56:30,505] {dag.py:2306} INFO - Setting next_dagrun for example_trigger_target_dag to None
[2023-06-12 07:56:30,515] {scheduler_job.py:189} INFO - Processing /home/airflow/.local/lib/python3.6/site-packages/airflow/example_dags/example_trigger_target_dag.py took 0.055 seconds
[2023-06-12 07:57:01,320] {scheduler_job.py:181} INFO - Started process (PID=468) to work on /home/airflow/.local/lib/python3.6/site-packages/airflow/example_dags/example_trigger_target_dag.py
[2023-06-12 07:57:01,322] {scheduler_job.py:632} INFO - Processing file /home/airflow/.local/lib/python3.6/site-packages/airflow/example_dags/example_trigger_target_dag.py for tasks to queue
[2023-06-12 07:57:01,324] {logging_mixin.py:104} INFO - [2023-06-12 07:57:01,323] {dagbag.py:496} INFO - Filling up the DagBag from /home/airflow/.local/lib/python3.6/site-packages/airflow/example_dags/example_trigger_target_dag.py
[2023-06-12 07:57:01,339] {scheduler_job.py:642} INFO - DAG(s) dict_keys(['example_trigger_target_dag']) retrieved from /home/airflow/.local/lib/python3.6/site-packages/airflow/example_dags/example_trigger_target_dag.py
[2023-06-12 07:57:01,401] {logging_mixin.py:104} INFO - [2023-06-12 07:57:01,401] {dag.py:1833} INFO - Sync 1 DAGs
[2023-06-12 07:57:01,420] {logging_mixin.py:104} INFO - [2023-06-12 07:57:01,420] {dag.py:2306} INFO - Setting next_dagrun for example_trigger_target_dag to None
[2023-06-12 07:57:01,431] {scheduler_job.py:189} INFO - Processing /home/airflow/.local/lib/python3.6/site-packages/airflow/example_dags/example_trigger_target_dag.py took 0.115 seconds
[2023-06-12 07:57:31,669] {scheduler_job.py:181} INFO - Started process (PID=521) to work on /home/airflow/.local/lib/python3.6/site-packages/airflow/example_dags/example_trigger_target_dag.py
[2023-06-12 07:57:31,670] {scheduler_job.py:632} INFO - Processing file /home/airflow/.local/lib/python3.6/site-packages/airflow/example_dags/example_trigger_target_dag.py for tasks to queue
[2023-06-12 07:57:31,671] {logging_mixin.py:104} INFO - [2023-06-12 07:57:31,671] {dagbag.py:496} INFO - Filling up the DagBag from /home/airflow/.local/lib/python3.6/site-packages/airflow/example_dags/example_trigger_target_dag.py
[2023-06-12 07:57:31,683] {scheduler_job.py:642} INFO - DAG(s) dict_keys(['example_trigger_target_dag']) retrieved from /home/airflow/.local/lib/python3.6/site-packages/airflow/example_dags/example_trigger_target_dag.py
[2023-06-12 07:57:31,707] {logging_mixin.py:104} INFO - [2023-06-12 07:57:31,707] {dag.py:1833} INFO - Sync 1 DAGs
[2023-06-12 07:57:31,721] {logging_mixin.py:104} INFO - [2023-06-12 07:57:31,720] {dag.py:2306} INFO - Setting next_dagrun for example_trigger_target_dag to None
[2023-06-12 07:57:31,730] {scheduler_job.py:189} INFO - Processing /home/airflow/.local/lib/python3.6/site-packages/airflow/example_dags/example_trigger_target_dag.py took 0.065 seconds
[2023-06-12 07:58:02,898] {scheduler_job.py:181} INFO - Started process (PID=585) to work on /home/airflow/.local/lib/python3.6/site-packages/airflow/example_dags/example_trigger_target_dag.py
[2023-06-12 07:58:02,899] {scheduler_job.py:632} INFO - Processing file /home/airflow/.local/lib/python3.6/site-packages/airflow/example_dags/example_trigger_target_dag.py for tasks to queue
[2023-06-12 07:58:02,900] {logging_mixin.py:104} INFO - [2023-06-12 07:58:02,900] {dagbag.py:496} INFO - Filling up the DagBag from /home/airflow/.local/lib/python3.6/site-packages/airflow/example_dags/example_trigger_target_dag.py
[2023-06-12 07:58:02,911] {scheduler_job.py:642} INFO - DAG(s) dict_keys(['example_trigger_target_dag']) retrieved from /home/airflow/.local/lib/python3.6/site-packages/airflow/example_dags/example_trigger_target_dag.py
[2023-06-12 07:58:02,929] {logging_mixin.py:104} INFO - [2023-06-12 07:58:02,929] {dag.py:1833} INFO - Sync 1 DAGs
[2023-06-12 07:58:02,941] {logging_mixin.py:104} INFO - [2023-06-12 07:58:02,941] {dag.py:2306} INFO - Setting next_dagrun for example_trigger_target_dag to None
[2023-06-12 07:58:02,950] {scheduler_job.py:189} INFO - Processing /home/airflow/.local/lib/python3.6/site-packages/airflow/example_dags/example_trigger_target_dag.py took 0.056 seconds
[2023-06-12 07:58:33,220] {scheduler_job.py:181} INFO - Started process (PID=648) to work on /home/airflow/.local/lib/python3.6/site-packages/airflow/example_dags/example_trigger_target_dag.py
[2023-06-12 07:58:33,221] {scheduler_job.py:632} INFO - Processing file /home/airflow/.local/lib/python3.6/site-packages/airflow/example_dags/example_trigger_target_dag.py for tasks to queue
[2023-06-12 07:58:33,222] {logging_mixin.py:104} INFO - [2023-06-12 07:58:33,222] {dagbag.py:496} INFO - Filling up the DagBag from /home/airflow/.local/lib/python3.6/site-packages/airflow/example_dags/example_trigger_target_dag.py
[2023-06-12 07:58:33,235] {scheduler_job.py:642} INFO - DAG(s) dict_keys(['example_trigger_target_dag']) retrieved from /home/airflow/.local/lib/python3.6/site-packages/airflow/example_dags/example_trigger_target_dag.py
[2023-06-12 07:58:33,254] {logging_mixin.py:104} INFO - [2023-06-12 07:58:33,254] {dag.py:1833} INFO - Sync 1 DAGs
[2023-06-12 07:58:33,270] {logging_mixin.py:104} INFO - [2023-06-12 07:58:33,270] {dag.py:2306} INFO - Setting next_dagrun for example_trigger_target_dag to None
[2023-06-12 07:58:33,280] {scheduler_job.py:189} INFO - Processing /home/airflow/.local/lib/python3.6/site-packages/airflow/example_dags/example_trigger_target_dag.py took 0.063 seconds
[2023-06-12 07:59:04,244] {scheduler_job.py:181} INFO - Started process (PID=701) to work on /home/airflow/.local/lib/python3.6/site-packages/airflow/example_dags/example_trigger_target_dag.py
[2023-06-12 07:59:04,245] {scheduler_job.py:632} INFO - Processing file /home/airflow/.local/lib/python3.6/site-packages/airflow/example_dags/example_trigger_target_dag.py for tasks to queue
[2023-06-12 07:59:04,246] {logging_mixin.py:104} INFO - [2023-06-12 07:59:04,246] {dagbag.py:496} INFO - Filling up the DagBag from /home/airflow/.local/lib/python3.6/site-packages/airflow/example_dags/example_trigger_target_dag.py
[2023-06-12 07:59:04,257] {scheduler_job.py:642} INFO - DAG(s) dict_keys(['example_trigger_target_dag']) retrieved from /home/airflow/.local/lib/python3.6/site-packages/airflow/example_dags/example_trigger_target_dag.py
[2023-06-12 07:59:04,276] {logging_mixin.py:104} INFO - [2023-06-12 07:59:04,276] {dag.py:1833} INFO - Sync 1 DAGs
[2023-06-12 07:59:04,289] {logging_mixin.py:104} INFO - [2023-06-12 07:59:04,289] {dag.py:2306} INFO - Setting next_dagrun for example_trigger_target_dag to None
[2023-06-12 07:59:04,300] {scheduler_job.py:189} INFO - Processing /home/airflow/.local/lib/python3.6/site-packages/airflow/example_dags/example_trigger_target_dag.py took 0.059 seconds
[2023-06-12 07:59:35,158] {scheduler_job.py:181} INFO - Started process (PID=764) to work on /home/airflow/.local/lib/python3.6/site-packages/airflow/example_dags/example_trigger_target_dag.py
[2023-06-12 07:59:35,159] {scheduler_job.py:632} INFO - Processing file /home/airflow/.local/lib/python3.6/site-packages/airflow/example_dags/example_trigger_target_dag.py for tasks to queue
[2023-06-12 07:59:35,160] {logging_mixin.py:104} INFO - [2023-06-12 07:59:35,160] {dagbag.py:496} INFO - Filling up the DagBag from /home/airflow/.local/lib/python3.6/site-packages/airflow/example_dags/example_trigger_target_dag.py
[2023-06-12 07:59:35,171] {scheduler_job.py:642} INFO - DAG(s) dict_keys(['example_trigger_target_dag']) retrieved from /home/airflow/.local/lib/python3.6/site-packages/airflow/example_dags/example_trigger_target_dag.py
[2023-06-12 07:59:35,189] {logging_mixin.py:104} INFO - [2023-06-12 07:59:35,188] {dag.py:1833} INFO - Sync 1 DAGs
[2023-06-12 07:59:35,202] {logging_mixin.py:104} INFO - [2023-06-12 07:59:35,202] {dag.py:2306} INFO - Setting next_dagrun for example_trigger_target_dag to None
[2023-06-12 07:59:35,212] {scheduler_job.py:189} INFO - Processing /home/airflow/.local/lib/python3.6/site-packages/airflow/example_dags/example_trigger_target_dag.py took 0.057 seconds
[2023-06-12 08:00:06,104] {scheduler_job.py:181} INFO - Started process (PID=827) to work on /home/airflow/.local/lib/python3.6/site-packages/airflow/example_dags/example_trigger_target_dag.py
[2023-06-12 08:00:06,106] {scheduler_job.py:632} INFO - Processing file /home/airflow/.local/lib/python3.6/site-packages/airflow/example_dags/example_trigger_target_dag.py for tasks to queue
[2023-06-12 08:00:06,106] {logging_mixin.py:104} INFO - [2023-06-12 08:00:06,106] {dagbag.py:496} INFO - Filling up the DagBag from /home/airflow/.local/lib/python3.6/site-packages/airflow/example_dags/example_trigger_target_dag.py
[2023-06-12 08:00:06,118] {scheduler_job.py:642} INFO - DAG(s) dict_keys(['example_trigger_target_dag']) retrieved from /home/airflow/.local/lib/python3.6/site-packages/airflow/example_dags/example_trigger_target_dag.py
[2023-06-12 08:00:06,136] {logging_mixin.py:104} INFO - [2023-06-12 08:00:06,136] {dag.py:1833} INFO - Sync 1 DAGs
[2023-06-12 08:00:06,150] {logging_mixin.py:104} INFO - [2023-06-12 08:00:06,150] {dag.py:2306} INFO - Setting next_dagrun for example_trigger_target_dag to None
[2023-06-12 08:00:06,160] {scheduler_job.py:189} INFO - Processing /home/airflow/.local/lib/python3.6/site-packages/airflow/example_dags/example_trigger_target_dag.py took 0.059 seconds
[2023-06-12 08:00:36,381] {scheduler_job.py:181} INFO - Started process (PID=880) to work on /home/airflow/.local/lib/python3.6/site-packages/airflow/example_dags/example_trigger_target_dag.py
[2023-06-12 08:00:36,383] {scheduler_job.py:632} INFO - Processing file /home/airflow/.local/lib/python3.6/site-packages/airflow/example_dags/example_trigger_target_dag.py for tasks to queue
[2023-06-12 08:00:36,384] {logging_mixin.py:104} INFO - [2023-06-12 08:00:36,383] {dagbag.py:496} INFO - Filling up the DagBag from /home/airflow/.local/lib/python3.6/site-packages/airflow/example_dags/example_trigger_target_dag.py
[2023-06-12 08:00:36,393] {scheduler_job.py:642} INFO - DAG(s) dict_keys(['example_trigger_target_dag']) retrieved from /home/airflow/.local/lib/python3.6/site-packages/airflow/example_dags/example_trigger_target_dag.py
[2023-06-12 08:00:36,410] {logging_mixin.py:104} INFO - [2023-06-12 08:00:36,410] {dag.py:1833} INFO - Sync 1 DAGs
[2023-06-12 08:00:36,427] {logging_mixin.py:104} INFO - [2023-06-12 08:00:36,427] {dag.py:2306} INFO - Setting next_dagrun for example_trigger_target_dag to None
[2023-06-12 08:00:36,436] {scheduler_job.py:189} INFO - Processing /home/airflow/.local/lib/python3.6/site-packages/airflow/example_dags/example_trigger_target_dag.py took 0.058 seconds
[2023-06-12 08:01:07,232] {scheduler_job.py:181} INFO - Started process (PID=943) to work on /home/airflow/.local/lib/python3.6/site-packages/airflow/example_dags/example_trigger_target_dag.py
[2023-06-12 08:01:07,234] {scheduler_job.py:632} INFO - Processing file /home/airflow/.local/lib/python3.6/site-packages/airflow/example_dags/example_trigger_target_dag.py for tasks to queue
[2023-06-12 08:01:07,235] {logging_mixin.py:104} INFO - [2023-06-12 08:01:07,235] {dagbag.py:496} INFO - Filling up the DagBag from /home/airflow/.local/lib/python3.6/site-packages/airflow/example_dags/example_trigger_target_dag.py
[2023-06-12 08:01:07,247] {scheduler_job.py:642} INFO - DAG(s) dict_keys(['example_trigger_target_dag']) retrieved from /home/airflow/.local/lib/python3.6/site-packages/airflow/example_dags/example_trigger_target_dag.py
[2023-06-12 08:01:07,265] {logging_mixin.py:104} INFO - [2023-06-12 08:01:07,265] {dag.py:1833} INFO - Sync 1 DAGs
[2023-06-12 08:01:07,281] {logging_mixin.py:104} INFO - [2023-06-12 08:01:07,281] {dag.py:2306} INFO - Setting next_dagrun for example_trigger_target_dag to None
[2023-06-12 08:01:07,289] {scheduler_job.py:189} INFO - Processing /home/airflow/.local/lib/python3.6/site-packages/airflow/example_dags/example_trigger_target_dag.py took 0.060 seconds
[2023-06-12 08:01:38,169] {scheduler_job.py:181} INFO - Started process (PID=996) to work on /home/airflow/.local/lib/python3.6/site-packages/airflow/example_dags/example_trigger_target_dag.py
[2023-06-12 08:01:38,170] {scheduler_job.py:632} INFO - Processing file /home/airflow/.local/lib/python3.6/site-packages/airflow/example_dags/example_trigger_target_dag.py for tasks to queue
[2023-06-12 08:01:38,171] {logging_mixin.py:104} INFO - [2023-06-12 08:01:38,171] {dagbag.py:496} INFO - Filling up the DagBag from /home/airflow/.local/lib/python3.6/site-packages/airflow/example_dags/example_trigger_target_dag.py
[2023-06-12 08:01:38,182] {scheduler_job.py:642} INFO - DAG(s) dict_keys(['example_trigger_target_dag']) retrieved from /home/airflow/.local/lib/python3.6/site-packages/airflow/example_dags/example_trigger_target_dag.py
[2023-06-12 08:01:38,198] {logging_mixin.py:104} INFO - [2023-06-12 08:01:38,198] {dag.py:1833} INFO - Sync 1 DAGs
[2023-06-12 08:01:38,210] {logging_mixin.py:104} INFO - [2023-06-12 08:01:38,210] {dag.py:2306} INFO - Setting next_dagrun for example_trigger_target_dag to None
[2023-06-12 08:01:38,219] {scheduler_job.py:189} INFO - Processing /home/airflow/.local/lib/python3.6/site-packages/airflow/example_dags/example_trigger_target_dag.py took 0.052 seconds
[2023-06-12 08:02:08,293] {scheduler_job.py:181} INFO - Started process (PID=1059) to work on /home/airflow/.local/lib/python3.6/site-packages/airflow/example_dags/example_trigger_target_dag.py
[2023-06-12 08:02:08,295] {scheduler_job.py:632} INFO - Processing file /home/airflow/.local/lib/python3.6/site-packages/airflow/example_dags/example_trigger_target_dag.py for tasks to queue
[2023-06-12 08:02:08,296] {logging_mixin.py:104} INFO - [2023-06-12 08:02:08,296] {dagbag.py:496} INFO - Filling up the DagBag from /home/airflow/.local/lib/python3.6/site-packages/airflow/example_dags/example_trigger_target_dag.py
[2023-06-12 08:02:08,307] {scheduler_job.py:642} INFO - DAG(s) dict_keys(['example_trigger_target_dag']) retrieved from /home/airflow/.local/lib/python3.6/site-packages/airflow/example_dags/example_trigger_target_dag.py
[2023-06-12 08:02:08,325] {logging_mixin.py:104} INFO - [2023-06-12 08:02:08,325] {dag.py:1833} INFO - Sync 1 DAGs
[2023-06-12 08:02:08,338] {logging_mixin.py:104} INFO - [2023-06-12 08:02:08,338] {dag.py:2306} INFO - Setting next_dagrun for example_trigger_target_dag to None
[2023-06-12 08:02:08,348] {scheduler_job.py:189} INFO - Processing /home/airflow/.local/lib/python3.6/site-packages/airflow/example_dags/example_trigger_target_dag.py took 0.058 seconds
[2023-06-12 08:02:38,654] {scheduler_job.py:181} INFO - Started process (PID=1121) to work on /home/airflow/.local/lib/python3.6/site-packages/airflow/example_dags/example_trigger_target_dag.py
[2023-06-12 08:02:38,656] {scheduler_job.py:632} INFO - Processing file /home/airflow/.local/lib/python3.6/site-packages/airflow/example_dags/example_trigger_target_dag.py for tasks to queue
[2023-06-12 08:02:38,657] {logging_mixin.py:104} INFO - [2023-06-12 08:02:38,657] {dagbag.py:496} INFO - Filling up the DagBag from /home/airflow/.local/lib/python3.6/site-packages/airflow/example_dags/example_trigger_target_dag.py
[2023-06-12 08:02:38,669] {scheduler_job.py:642} INFO - DAG(s) dict_keys(['example_trigger_target_dag']) retrieved from /home/airflow/.local/lib/python3.6/site-packages/airflow/example_dags/example_trigger_target_dag.py
[2023-06-12 08:02:38,694] {logging_mixin.py:104} INFO - [2023-06-12 08:02:38,694] {dag.py:1833} INFO - Sync 1 DAGs
[2023-06-12 08:02:38,707] {logging_mixin.py:104} INFO - [2023-06-12 08:02:38,707] {dag.py:2306} INFO - Setting next_dagrun for example_trigger_target_dag to None
[2023-06-12 08:02:38,715] {scheduler_job.py:189} INFO - Processing /home/airflow/.local/lib/python3.6/site-packages/airflow/example_dags/example_trigger_target_dag.py took 0.064 seconds
[2023-06-12 08:03:08,933] {scheduler_job.py:181} INFO - Started process (PID=1174) to work on /home/airflow/.local/lib/python3.6/site-packages/airflow/example_dags/example_trigger_target_dag.py
[2023-06-12 08:03:08,934] {scheduler_job.py:632} INFO - Processing file /home/airflow/.local/lib/python3.6/site-packages/airflow/example_dags/example_trigger_target_dag.py for tasks to queue
[2023-06-12 08:03:08,935] {logging_mixin.py:104} INFO - [2023-06-12 08:03:08,935] {dagbag.py:496} INFO - Filling up the DagBag from /home/airflow/.local/lib/python3.6/site-packages/airflow/example_dags/example_trigger_target_dag.py
[2023-06-12 08:03:08,946] {scheduler_job.py:642} INFO - DAG(s) dict_keys(['example_trigger_target_dag']) retrieved from /home/airflow/.local/lib/python3.6/site-packages/airflow/example_dags/example_trigger_target_dag.py
[2023-06-12 08:03:08,964] {logging_mixin.py:104} INFO - [2023-06-12 08:03:08,964] {dag.py:1833} INFO - Sync 1 DAGs
[2023-06-12 08:03:08,976] {logging_mixin.py:104} INFO - [2023-06-12 08:03:08,976] {dag.py:2306} INFO - Setting next_dagrun for example_trigger_target_dag to None
[2023-06-12 08:03:08,985] {scheduler_job.py:189} INFO - Processing /home/airflow/.local/lib/python3.6/site-packages/airflow/example_dags/example_trigger_target_dag.py took 0.055 seconds
[2023-06-12 08:03:39,301] {scheduler_job.py:181} INFO - Started process (PID=1237) to work on /home/airflow/.local/lib/python3.6/site-packages/airflow/example_dags/example_trigger_target_dag.py
[2023-06-12 08:03:39,302] {scheduler_job.py:632} INFO - Processing file /home/airflow/.local/lib/python3.6/site-packages/airflow/example_dags/example_trigger_target_dag.py for tasks to queue
[2023-06-12 08:03:39,303] {logging_mixin.py:104} INFO - [2023-06-12 08:03:39,303] {dagbag.py:496} INFO - Filling up the DagBag from /home/airflow/.local/lib/python3.6/site-packages/airflow/example_dags/example_trigger_target_dag.py
[2023-06-12 08:03:39,314] {scheduler_job.py:642} INFO - DAG(s) dict_keys(['example_trigger_target_dag']) retrieved from /home/airflow/.local/lib/python3.6/site-packages/airflow/example_dags/example_trigger_target_dag.py
[2023-06-12 08:03:39,330] {logging_mixin.py:104} INFO - [2023-06-12 08:03:39,330] {dag.py:1833} INFO - Sync 1 DAGs
[2023-06-12 08:03:39,340] {logging_mixin.py:104} INFO - [2023-06-12 08:03:39,340] {dag.py:2306} INFO - Setting next_dagrun for example_trigger_target_dag to None
[2023-06-12 08:03:39,350] {scheduler_job.py:189} INFO - Processing /home/airflow/.local/lib/python3.6/site-packages/airflow/example_dags/example_trigger_target_dag.py took 0.051 seconds
[2023-06-12 08:04:09,722] {scheduler_job.py:181} INFO - Started process (PID=1291) to work on /home/airflow/.local/lib/python3.6/site-packages/airflow/example_dags/example_trigger_target_dag.py
[2023-06-12 08:04:09,723] {scheduler_job.py:632} INFO - Processing file /home/airflow/.local/lib/python3.6/site-packages/airflow/example_dags/example_trigger_target_dag.py for tasks to queue
[2023-06-12 08:04:09,724] {logging_mixin.py:104} INFO - [2023-06-12 08:04:09,724] {dagbag.py:496} INFO - Filling up the DagBag from /home/airflow/.local/lib/python3.6/site-packages/airflow/example_dags/example_trigger_target_dag.py
[2023-06-12 08:04:09,735] {scheduler_job.py:642} INFO - DAG(s) dict_keys(['example_trigger_target_dag']) retrieved from /home/airflow/.local/lib/python3.6/site-packages/airflow/example_dags/example_trigger_target_dag.py
[2023-06-12 08:04:09,751] {logging_mixin.py:104} INFO - [2023-06-12 08:04:09,751] {dag.py:1833} INFO - Sync 1 DAGs
[2023-06-12 08:04:09,763] {logging_mixin.py:104} INFO - [2023-06-12 08:04:09,763] {dag.py:2306} INFO - Setting next_dagrun for example_trigger_target_dag to None
[2023-06-12 08:04:09,773] {scheduler_job.py:189} INFO - Processing /home/airflow/.local/lib/python3.6/site-packages/airflow/example_dags/example_trigger_target_dag.py took 0.054 seconds
[2023-06-12 08:04:40,113] {scheduler_job.py:181} INFO - Started process (PID=1354) to work on /home/airflow/.local/lib/python3.6/site-packages/airflow/example_dags/example_trigger_target_dag.py
[2023-06-12 08:04:40,129] {scheduler_job.py:632} INFO - Processing file /home/airflow/.local/lib/python3.6/site-packages/airflow/example_dags/example_trigger_target_dag.py for tasks to queue
[2023-06-12 08:04:40,131] {logging_mixin.py:104} INFO - [2023-06-12 08:04:40,131] {dagbag.py:496} INFO - Filling up the DagBag from /home/airflow/.local/lib/python3.6/site-packages/airflow/example_dags/example_trigger_target_dag.py
[2023-06-12 08:04:40,150] {scheduler_job.py:642} INFO - DAG(s) dict_keys(['example_trigger_target_dag']) retrieved from /home/airflow/.local/lib/python3.6/site-packages/airflow/example_dags/example_trigger_target_dag.py
[2023-06-12 08:04:40,173] {logging_mixin.py:104} INFO - [2023-06-12 08:04:40,173] {dag.py:1833} INFO - Sync 1 DAGs
[2023-06-12 08:04:40,191] {logging_mixin.py:104} INFO - [2023-06-12 08:04:40,191] {dag.py:2306} INFO - Setting next_dagrun for example_trigger_target_dag to None
[2023-06-12 08:04:40,203] {scheduler_job.py:189} INFO - Processing /home/airflow/.local/lib/python3.6/site-packages/airflow/example_dags/example_trigger_target_dag.py took 0.094 seconds
[2023-06-12 08:05:10,506] {scheduler_job.py:181} INFO - Started process (PID=1417) to work on /home/airflow/.local/lib/python3.6/site-packages/airflow/example_dags/example_trigger_target_dag.py
[2023-06-12 08:05:10,508] {scheduler_job.py:632} INFO - Processing file /home/airflow/.local/lib/python3.6/site-packages/airflow/example_dags/example_trigger_target_dag.py for tasks to queue
[2023-06-12 08:05:10,508] {logging_mixin.py:104} INFO - [2023-06-12 08:05:10,508] {dagbag.py:496} INFO - Filling up the DagBag from /home/airflow/.local/lib/python3.6/site-packages/airflow/example_dags/example_trigger_target_dag.py
[2023-06-12 08:05:10,520] {scheduler_job.py:642} INFO - DAG(s) dict_keys(['example_trigger_target_dag']) retrieved from /home/airflow/.local/lib/python3.6/site-packages/airflow/example_dags/example_trigger_target_dag.py
[2023-06-12 08:05:10,536] {logging_mixin.py:104} INFO - [2023-06-12 08:05:10,536] {dag.py:1833} INFO - Sync 1 DAGs
[2023-06-12 08:05:10,547] {logging_mixin.py:104} INFO - [2023-06-12 08:05:10,547] {dag.py:2306} INFO - Setting next_dagrun for example_trigger_target_dag to None
[2023-06-12 08:05:10,556] {scheduler_job.py:189} INFO - Processing /home/airflow/.local/lib/python3.6/site-packages/airflow/example_dags/example_trigger_target_dag.py took 0.052 seconds
[2023-06-12 08:05:40,666] {scheduler_job.py:181} INFO - Started process (PID=1471) to work on /home/airflow/.local/lib/python3.6/site-packages/airflow/example_dags/example_trigger_target_dag.py
[2023-06-12 08:05:40,668] {scheduler_job.py:632} INFO - Processing file /home/airflow/.local/lib/python3.6/site-packages/airflow/example_dags/example_trigger_target_dag.py for tasks to queue
[2023-06-12 08:05:40,669] {logging_mixin.py:104} INFO - [2023-06-12 08:05:40,669] {dagbag.py:496} INFO - Filling up the DagBag from /home/airflow/.local/lib/python3.6/site-packages/airflow/example_dags/example_trigger_target_dag.py
[2023-06-12 08:05:40,680] {scheduler_job.py:642} INFO - DAG(s) dict_keys(['example_trigger_target_dag']) retrieved from /home/airflow/.local/lib/python3.6/site-packages/airflow/example_dags/example_trigger_target_dag.py
[2023-06-12 08:05:40,697] {logging_mixin.py:104} INFO - [2023-06-12 08:05:40,697] {dag.py:1833} INFO - Sync 1 DAGs
[2023-06-12 08:05:40,709] {logging_mixin.py:104} INFO - [2023-06-12 08:05:40,709] {dag.py:2306} INFO - Setting next_dagrun for example_trigger_target_dag to None
[2023-06-12 08:05:40,718] {scheduler_job.py:189} INFO - Processing /home/airflow/.local/lib/python3.6/site-packages/airflow/example_dags/example_trigger_target_dag.py took 0.054 seconds
[2023-06-12 08:06:11,163] {scheduler_job.py:181} INFO - Started process (PID=1534) to work on /home/airflow/.local/lib/python3.6/site-packages/airflow/example_dags/example_trigger_target_dag.py
[2023-06-12 08:06:11,165] {scheduler_job.py:632} INFO - Processing file /home/airflow/.local/lib/python3.6/site-packages/airflow/example_dags/example_trigger_target_dag.py for tasks to queue
[2023-06-12 08:06:11,166] {logging_mixin.py:104} INFO - [2023-06-12 08:06:11,165] {dagbag.py:496} INFO - Filling up the DagBag from /home/airflow/.local/lib/python3.6/site-packages/airflow/example_dags/example_trigger_target_dag.py
[2023-06-12 08:06:11,177] {scheduler_job.py:642} INFO - DAG(s) dict_keys(['example_trigger_target_dag']) retrieved from /home/airflow/.local/lib/python3.6/site-packages/airflow/example_dags/example_trigger_target_dag.py
[2023-06-12 08:06:11,192] {logging_mixin.py:104} INFO - [2023-06-12 08:06:11,192] {dag.py:1833} INFO - Sync 1 DAGs
[2023-06-12 08:06:11,203] {logging_mixin.py:104} INFO - [2023-06-12 08:06:11,203] {dag.py:2306} INFO - Setting next_dagrun for example_trigger_target_dag to None
[2023-06-12 08:06:11,212] {scheduler_job.py:189} INFO - Processing /home/airflow/.local/lib/python3.6/site-packages/airflow/example_dags/example_trigger_target_dag.py took 0.051 seconds
[2023-06-12 08:06:41,698] {scheduler_job.py:181} INFO - Started process (PID=1588) to work on /home/airflow/.local/lib/python3.6/site-packages/airflow/example_dags/example_trigger_target_dag.py
[2023-06-12 08:06:41,699] {scheduler_job.py:632} INFO - Processing file /home/airflow/.local/lib/python3.6/site-packages/airflow/example_dags/example_trigger_target_dag.py for tasks to queue
[2023-06-12 08:06:41,700] {logging_mixin.py:104} INFO - [2023-06-12 08:06:41,700] {dagbag.py:496} INFO - Filling up the DagBag from /home/airflow/.local/lib/python3.6/site-packages/airflow/example_dags/example_trigger_target_dag.py
[2023-06-12 08:06:41,713] {scheduler_job.py:642} INFO - DAG(s) dict_keys(['example_trigger_target_dag']) retrieved from /home/airflow/.local/lib/python3.6/site-packages/airflow/example_dags/example_trigger_target_dag.py
[2023-06-12 08:06:41,731] {logging_mixin.py:104} INFO - [2023-06-12 08:06:41,731] {dag.py:1833} INFO - Sync 1 DAGs
[2023-06-12 08:06:41,746] {logging_mixin.py:104} INFO - [2023-06-12 08:06:41,746] {dag.py:2306} INFO - Setting next_dagrun for example_trigger_target_dag to None
[2023-06-12 08:06:41,756] {scheduler_job.py:189} INFO - Processing /home/airflow/.local/lib/python3.6/site-packages/airflow/example_dags/example_trigger_target_dag.py took 0.061 seconds
[2023-06-12 08:07:12,592] {scheduler_job.py:181} INFO - Started process (PID=1651) to work on /home/airflow/.local/lib/python3.6/site-packages/airflow/example_dags/example_trigger_target_dag.py
[2023-06-12 08:07:12,594] {scheduler_job.py:632} INFO - Processing file /home/airflow/.local/lib/python3.6/site-packages/airflow/example_dags/example_trigger_target_dag.py for tasks to queue
[2023-06-12 08:07:12,595] {logging_mixin.py:104} INFO - [2023-06-12 08:07:12,595] {dagbag.py:496} INFO - Filling up the DagBag from /home/airflow/.local/lib/python3.6/site-packages/airflow/example_dags/example_trigger_target_dag.py
[2023-06-12 08:07:12,607] {scheduler_job.py:642} INFO - DAG(s) dict_keys(['example_trigger_target_dag']) retrieved from /home/airflow/.local/lib/python3.6/site-packages/airflow/example_dags/example_trigger_target_dag.py
[2023-06-12 08:07:12,624] {logging_mixin.py:104} INFO - [2023-06-12 08:07:12,624] {dag.py:1833} INFO - Sync 1 DAGs
[2023-06-12 08:07:12,636] {logging_mixin.py:104} INFO - [2023-06-12 08:07:12,636] {dag.py:2306} INFO - Setting next_dagrun for example_trigger_target_dag to None
[2023-06-12 08:07:12,647] {scheduler_job.py:189} INFO - Processing /home/airflow/.local/lib/python3.6/site-packages/airflow/example_dags/example_trigger_target_dag.py took 0.057 seconds
[2023-06-12 08:07:42,770] {scheduler_job.py:181} INFO - Started process (PID=1713) to work on /home/airflow/.local/lib/python3.6/site-packages/airflow/example_dags/example_trigger_target_dag.py
[2023-06-12 08:07:42,771] {scheduler_job.py:632} INFO - Processing file /home/airflow/.local/lib/python3.6/site-packages/airflow/example_dags/example_trigger_target_dag.py for tasks to queue
[2023-06-12 08:07:42,772] {logging_mixin.py:104} INFO - [2023-06-12 08:07:42,772] {dagbag.py:496} INFO - Filling up the DagBag from /home/airflow/.local/lib/python3.6/site-packages/airflow/example_dags/example_trigger_target_dag.py
[2023-06-12 08:07:42,785] {scheduler_job.py:642} INFO - DAG(s) dict_keys(['example_trigger_target_dag']) retrieved from /home/airflow/.local/lib/python3.6/site-packages/airflow/example_dags/example_trigger_target_dag.py
[2023-06-12 08:07:42,802] {logging_mixin.py:104} INFO - [2023-06-12 08:07:42,802] {dag.py:1833} INFO - Sync 1 DAGs
[2023-06-12 08:07:42,816] {logging_mixin.py:104} INFO - [2023-06-12 08:07:42,816] {dag.py:2306} INFO - Setting next_dagrun for example_trigger_target_dag to None
[2023-06-12 08:07:42,830] {scheduler_job.py:189} INFO - Processing /home/airflow/.local/lib/python3.6/site-packages/airflow/example_dags/example_trigger_target_dag.py took 0.063 seconds
[2023-06-12 08:08:13,027] {scheduler_job.py:181} INFO - Started process (PID=1766) to work on /home/airflow/.local/lib/python3.6/site-packages/airflow/example_dags/example_trigger_target_dag.py
[2023-06-12 08:08:13,029] {scheduler_job.py:632} INFO - Processing file /home/airflow/.local/lib/python3.6/site-packages/airflow/example_dags/example_trigger_target_dag.py for tasks to queue
[2023-06-12 08:08:13,030] {logging_mixin.py:104} INFO - [2023-06-12 08:08:13,030] {dagbag.py:496} INFO - Filling up the DagBag from /home/airflow/.local/lib/python3.6/site-packages/airflow/example_dags/example_trigger_target_dag.py
[2023-06-12 08:08:13,044] {scheduler_job.py:642} INFO - DAG(s) dict_keys(['example_trigger_target_dag']) retrieved from /home/airflow/.local/lib/python3.6/site-packages/airflow/example_dags/example_trigger_target_dag.py
[2023-06-12 08:08:13,061] {logging_mixin.py:104} INFO - [2023-06-12 08:08:13,061] {dag.py:1833} INFO - Sync 1 DAGs
[2023-06-12 08:08:13,076] {logging_mixin.py:104} INFO - [2023-06-12 08:08:13,075] {dag.py:2306} INFO - Setting next_dagrun for example_trigger_target_dag to None
[2023-06-12 08:08:13,085] {scheduler_job.py:189} INFO - Processing /home/airflow/.local/lib/python3.6/site-packages/airflow/example_dags/example_trigger_target_dag.py took 0.061 seconds
[2023-06-12 08:08:43,723] {scheduler_job.py:181} INFO - Started process (PID=1831) to work on /home/airflow/.local/lib/python3.6/site-packages/airflow/example_dags/example_trigger_target_dag.py
[2023-06-12 08:08:43,724] {scheduler_job.py:632} INFO - Processing file /home/airflow/.local/lib/python3.6/site-packages/airflow/example_dags/example_trigger_target_dag.py for tasks to queue
[2023-06-12 08:08:43,725] {logging_mixin.py:104} INFO - [2023-06-12 08:08:43,725] {dagbag.py:496} INFO - Filling up the DagBag from /home/airflow/.local/lib/python3.6/site-packages/airflow/example_dags/example_trigger_target_dag.py
[2023-06-12 08:08:43,735] {scheduler_job.py:642} INFO - DAG(s) dict_keys(['example_trigger_target_dag']) retrieved from /home/airflow/.local/lib/python3.6/site-packages/airflow/example_dags/example_trigger_target_dag.py
[2023-06-12 08:08:43,751] {logging_mixin.py:104} INFO - [2023-06-12 08:08:43,751] {dag.py:1833} INFO - Sync 1 DAGs
[2023-06-12 08:08:43,762] {logging_mixin.py:104} INFO - [2023-06-12 08:08:43,762] {dag.py:2306} INFO - Setting next_dagrun for example_trigger_target_dag to None
[2023-06-12 08:08:43,771] {scheduler_job.py:189} INFO - Processing /home/airflow/.local/lib/python3.6/site-packages/airflow/example_dags/example_trigger_target_dag.py took 0.051 seconds
[2023-06-12 08:09:14,173] {scheduler_job.py:181} INFO - Started process (PID=1884) to work on /home/airflow/.local/lib/python3.6/site-packages/airflow/example_dags/example_trigger_target_dag.py
[2023-06-12 08:09:14,174] {scheduler_job.py:632} INFO - Processing file /home/airflow/.local/lib/python3.6/site-packages/airflow/example_dags/example_trigger_target_dag.py for tasks to queue
[2023-06-12 08:09:14,175] {logging_mixin.py:104} INFO - [2023-06-12 08:09:14,174] {dagbag.py:496} INFO - Filling up the DagBag from /home/airflow/.local/lib/python3.6/site-packages/airflow/example_dags/example_trigger_target_dag.py
[2023-06-12 08:09:14,185] {scheduler_job.py:642} INFO - DAG(s) dict_keys(['example_trigger_target_dag']) retrieved from /home/airflow/.local/lib/python3.6/site-packages/airflow/example_dags/example_trigger_target_dag.py
[2023-06-12 08:09:14,202] {logging_mixin.py:104} INFO - [2023-06-12 08:09:14,202] {dag.py:1833} INFO - Sync 1 DAGs
[2023-06-12 08:09:14,213] {logging_mixin.py:104} INFO - [2023-06-12 08:09:14,213] {dag.py:2306} INFO - Setting next_dagrun for example_trigger_target_dag to None
[2023-06-12 08:09:14,222] {scheduler_job.py:189} INFO - Processing /home/airflow/.local/lib/python3.6/site-packages/airflow/example_dags/example_trigger_target_dag.py took 0.052 seconds
[2023-06-12 08:09:44,557] {scheduler_job.py:181} INFO - Started process (PID=1947) to work on /home/airflow/.local/lib/python3.6/site-packages/airflow/example_dags/example_trigger_target_dag.py
[2023-06-12 08:09:44,558] {scheduler_job.py:632} INFO - Processing file /home/airflow/.local/lib/python3.6/site-packages/airflow/example_dags/example_trigger_target_dag.py for tasks to queue
[2023-06-12 08:09:44,559] {logging_mixin.py:104} INFO - [2023-06-12 08:09:44,559] {dagbag.py:496} INFO - Filling up the DagBag from /home/airflow/.local/lib/python3.6/site-packages/airflow/example_dags/example_trigger_target_dag.py
[2023-06-12 08:09:44,570] {scheduler_job.py:642} INFO - DAG(s) dict_keys(['example_trigger_target_dag']) retrieved from /home/airflow/.local/lib/python3.6/site-packages/airflow/example_dags/example_trigger_target_dag.py
[2023-06-12 08:09:44,587] {logging_mixin.py:104} INFO - [2023-06-12 08:09:44,586] {dag.py:1833} INFO - Sync 1 DAGs
[2023-06-12 08:09:44,598] {logging_mixin.py:104} INFO - [2023-06-12 08:09:44,598] {dag.py:2306} INFO - Setting next_dagrun for example_trigger_target_dag to None
[2023-06-12 08:09:44,608] {scheduler_job.py:189} INFO - Processing /home/airflow/.local/lib/python3.6/site-packages/airflow/example_dags/example_trigger_target_dag.py took 0.053 seconds
[2023-06-12 08:10:15,086] {scheduler_job.py:181} INFO - Started process (PID=2010) to work on /home/airflow/.local/lib/python3.6/site-packages/airflow/example_dags/example_trigger_target_dag.py
[2023-06-12 08:10:15,087] {scheduler_job.py:632} INFO - Processing file /home/airflow/.local/lib/python3.6/site-packages/airflow/example_dags/example_trigger_target_dag.py for tasks to queue
[2023-06-12 08:10:15,088] {logging_mixin.py:104} INFO - [2023-06-12 08:10:15,088] {dagbag.py:496} INFO - Filling up the DagBag from /home/airflow/.local/lib/python3.6/site-packages/airflow/example_dags/example_trigger_target_dag.py
[2023-06-12 08:10:15,099] {scheduler_job.py:642} INFO - DAG(s) dict_keys(['example_trigger_target_dag']) retrieved from /home/airflow/.local/lib/python3.6/site-packages/airflow/example_dags/example_trigger_target_dag.py
[2023-06-12 08:10:15,115] {logging_mixin.py:104} INFO - [2023-06-12 08:10:15,115] {dag.py:1833} INFO - Sync 1 DAGs
[2023-06-12 08:10:15,126] {logging_mixin.py:104} INFO - [2023-06-12 08:10:15,126] {dag.py:2306} INFO - Setting next_dagrun for example_trigger_target_dag to None
[2023-06-12 08:10:15,135] {scheduler_job.py:189} INFO - Processing /home/airflow/.local/lib/python3.6/site-packages/airflow/example_dags/example_trigger_target_dag.py took 0.052 seconds
[2023-06-12 08:10:45,473] {scheduler_job.py:181} INFO - Started process (PID=2063) to work on /home/airflow/.local/lib/python3.6/site-packages/airflow/example_dags/example_trigger_target_dag.py
[2023-06-12 08:10:45,475] {scheduler_job.py:632} INFO - Processing file /home/airflow/.local/lib/python3.6/site-packages/airflow/example_dags/example_trigger_target_dag.py for tasks to queue
[2023-06-12 08:10:45,476] {logging_mixin.py:104} INFO - [2023-06-12 08:10:45,476] {dagbag.py:496} INFO - Filling up the DagBag from /home/airflow/.local/lib/python3.6/site-packages/airflow/example_dags/example_trigger_target_dag.py
[2023-06-12 08:10:45,487] {scheduler_job.py:642} INFO - DAG(s) dict_keys(['example_trigger_target_dag']) retrieved from /home/airflow/.local/lib/python3.6/site-packages/airflow/example_dags/example_trigger_target_dag.py
[2023-06-12 08:10:45,506] {logging_mixin.py:104} INFO - [2023-06-12 08:10:45,506] {dag.py:1833} INFO - Sync 1 DAGs
[2023-06-12 08:10:45,528] {logging_mixin.py:104} INFO - [2023-06-12 08:10:45,528] {dag.py:2306} INFO - Setting next_dagrun for example_trigger_target_dag to None
[2023-06-12 08:10:45,539] {scheduler_job.py:189} INFO - Processing /home/airflow/.local/lib/python3.6/site-packages/airflow/example_dags/example_trigger_target_dag.py took 0.069 seconds
[2023-06-12 08:11:16,101] {scheduler_job.py:181} INFO - Started process (PID=2126) to work on /home/airflow/.local/lib/python3.6/site-packages/airflow/example_dags/example_trigger_target_dag.py
[2023-06-12 08:11:16,102] {scheduler_job.py:632} INFO - Processing file /home/airflow/.local/lib/python3.6/site-packages/airflow/example_dags/example_trigger_target_dag.py for tasks to queue
[2023-06-12 08:11:16,103] {logging_mixin.py:104} INFO - [2023-06-12 08:11:16,103] {dagbag.py:496} INFO - Filling up the DagBag from /home/airflow/.local/lib/python3.6/site-packages/airflow/example_dags/example_trigger_target_dag.py
[2023-06-12 08:11:16,113] {scheduler_job.py:642} INFO - DAG(s) dict_keys(['example_trigger_target_dag']) retrieved from /home/airflow/.local/lib/python3.6/site-packages/airflow/example_dags/example_trigger_target_dag.py
[2023-06-12 08:11:16,130] {logging_mixin.py:104} INFO - [2023-06-12 08:11:16,130] {dag.py:1833} INFO - Sync 1 DAGs
[2023-06-12 08:11:16,142] {logging_mixin.py:104} INFO - [2023-06-12 08:11:16,141] {dag.py:2306} INFO - Setting next_dagrun for example_trigger_target_dag to None
[2023-06-12 08:11:16,150] {scheduler_job.py:189} INFO - Processing /home/airflow/.local/lib/python3.6/site-packages/airflow/example_dags/example_trigger_target_dag.py took 0.052 seconds
[2023-06-12 08:11:46,408] {scheduler_job.py:181} INFO - Started process (PID=2188) to work on /home/airflow/.local/lib/python3.6/site-packages/airflow/example_dags/example_trigger_target_dag.py
[2023-06-12 08:11:46,409] {scheduler_job.py:632} INFO - Processing file /home/airflow/.local/lib/python3.6/site-packages/airflow/example_dags/example_trigger_target_dag.py for tasks to queue
[2023-06-12 08:11:46,410] {logging_mixin.py:104} INFO - [2023-06-12 08:11:46,410] {dagbag.py:496} INFO - Filling up the DagBag from /home/airflow/.local/lib/python3.6/site-packages/airflow/example_dags/example_trigger_target_dag.py
[2023-06-12 08:11:46,421] {scheduler_job.py:642} INFO - DAG(s) dict_keys(['example_trigger_target_dag']) retrieved from /home/airflow/.local/lib/python3.6/site-packages/airflow/example_dags/example_trigger_target_dag.py
[2023-06-12 08:11:46,439] {logging_mixin.py:104} INFO - [2023-06-12 08:11:46,439] {dag.py:1833} INFO - Sync 1 DAGs
[2023-06-12 08:11:46,452] {logging_mixin.py:104} INFO - [2023-06-12 08:11:46,452] {dag.py:2306} INFO - Setting next_dagrun for example_trigger_target_dag to None
[2023-06-12 08:11:46,462] {scheduler_job.py:189} INFO - Processing /home/airflow/.local/lib/python3.6/site-packages/airflow/example_dags/example_trigger_target_dag.py took 0.057 seconds
[2023-06-12 08:12:16,622] {scheduler_job.py:181} INFO - Started process (PID=2242) to work on /home/airflow/.local/lib/python3.6/site-packages/airflow/example_dags/example_trigger_target_dag.py
[2023-06-12 08:12:16,623] {scheduler_job.py:632} INFO - Processing file /home/airflow/.local/lib/python3.6/site-packages/airflow/example_dags/example_trigger_target_dag.py for tasks to queue
[2023-06-12 08:12:16,624] {logging_mixin.py:104} INFO - [2023-06-12 08:12:16,624] {dagbag.py:496} INFO - Filling up the DagBag from /home/airflow/.local/lib/python3.6/site-packages/airflow/example_dags/example_trigger_target_dag.py
[2023-06-12 08:12:16,634] {scheduler_job.py:642} INFO - DAG(s) dict_keys(['example_trigger_target_dag']) retrieved from /home/airflow/.local/lib/python3.6/site-packages/airflow/example_dags/example_trigger_target_dag.py
[2023-06-12 08:12:16,650] {logging_mixin.py:104} INFO - [2023-06-12 08:12:16,650] {dag.py:1833} INFO - Sync 1 DAGs
[2023-06-12 08:12:16,662] {logging_mixin.py:104} INFO - [2023-06-12 08:12:16,662] {dag.py:2306} INFO - Setting next_dagrun for example_trigger_target_dag to None
[2023-06-12 08:12:16,671] {scheduler_job.py:189} INFO - Processing /home/airflow/.local/lib/python3.6/site-packages/airflow/example_dags/example_trigger_target_dag.py took 0.052 seconds
[2023-06-12 08:12:46,984] {scheduler_job.py:181} INFO - Started process (PID=2304) to work on /home/airflow/.local/lib/python3.6/site-packages/airflow/example_dags/example_trigger_target_dag.py
[2023-06-12 08:12:46,985] {scheduler_job.py:632} INFO - Processing file /home/airflow/.local/lib/python3.6/site-packages/airflow/example_dags/example_trigger_target_dag.py for tasks to queue
[2023-06-12 08:12:46,986] {logging_mixin.py:104} INFO - [2023-06-12 08:12:46,986] {dagbag.py:496} INFO - Filling up the DagBag from /home/airflow/.local/lib/python3.6/site-packages/airflow/example_dags/example_trigger_target_dag.py
[2023-06-12 08:12:46,998] {scheduler_job.py:642} INFO - DAG(s) dict_keys(['example_trigger_target_dag']) retrieved from /home/airflow/.local/lib/python3.6/site-packages/airflow/example_dags/example_trigger_target_dag.py
[2023-06-12 08:12:47,015] {logging_mixin.py:104} INFO - [2023-06-12 08:12:47,015] {dag.py:1833} INFO - Sync 1 DAGs
[2023-06-12 08:12:47,028] {logging_mixin.py:104} INFO - [2023-06-12 08:12:47,028] {dag.py:2306} INFO - Setting next_dagrun for example_trigger_target_dag to None
[2023-06-12 08:12:47,037] {scheduler_job.py:189} INFO - Processing /home/airflow/.local/lib/python3.6/site-packages/airflow/example_dags/example_trigger_target_dag.py took 0.056 seconds
