[2023-06-12 07:53:30,644] {scheduler_job.py:181} INFO - Started process (PID=77) to work on /home/airflow/.local/lib/python3.6/site-packages/airflow/example_dags/tutorial_etl_dag.py
[2023-06-12 07:53:30,645] {scheduler_job.py:632} INFO - Processing file /home/airflow/.local/lib/python3.6/site-packages/airflow/example_dags/tutorial_etl_dag.py for tasks to queue
[2023-06-12 07:53:30,646] {logging_mixin.py:104} INFO - [2023-06-12 07:53:30,646] {dagbag.py:496} INFO - Filling up the DagBag from /home/airflow/.local/lib/python3.6/site-packages/airflow/example_dags/tutorial_etl_dag.py
[2023-06-12 07:53:30,662] {scheduler_job.py:642} INFO - DAG(s) dict_keys(['tutorial_etl_dag']) retrieved from /home/airflow/.local/lib/python3.6/site-packages/airflow/example_dags/tutorial_etl_dag.py
[2023-06-12 07:53:30,920] {logging_mixin.py:104} INFO - [2023-06-12 07:53:30,920] {dag.py:1833} INFO - Sync 1 DAGs
[2023-06-12 07:53:30,940] {logging_mixin.py:104} INFO - [2023-06-12 07:53:30,940] {dag.py:2306} INFO - Setting next_dagrun for tutorial_etl_dag to None
[2023-06-12 07:53:30,968] {scheduler_job.py:189} INFO - Processing /home/airflow/.local/lib/python3.6/site-packages/airflow/example_dags/tutorial_etl_dag.py took 0.328 seconds
[2023-06-12 07:54:01,368] {scheduler_job.py:181} INFO - Started process (PID=130) to work on /home/airflow/.local/lib/python3.6/site-packages/airflow/example_dags/tutorial_etl_dag.py
[2023-06-12 07:54:01,369] {scheduler_job.py:632} INFO - Processing file /home/airflow/.local/lib/python3.6/site-packages/airflow/example_dags/tutorial_etl_dag.py for tasks to queue
[2023-06-12 07:54:01,370] {logging_mixin.py:104} INFO - [2023-06-12 07:54:01,370] {dagbag.py:496} INFO - Filling up the DagBag from /home/airflow/.local/lib/python3.6/site-packages/airflow/example_dags/tutorial_etl_dag.py
[2023-06-12 07:54:01,380] {scheduler_job.py:642} INFO - DAG(s) dict_keys(['tutorial_etl_dag']) retrieved from /home/airflow/.local/lib/python3.6/site-packages/airflow/example_dags/tutorial_etl_dag.py
[2023-06-12 07:54:01,397] {logging_mixin.py:104} INFO - [2023-06-12 07:54:01,397] {dag.py:1833} INFO - Sync 1 DAGs
[2023-06-12 07:54:01,409] {logging_mixin.py:104} INFO - [2023-06-12 07:54:01,409] {dag.py:2306} INFO - Setting next_dagrun for tutorial_etl_dag to None
[2023-06-12 07:54:01,419] {scheduler_job.py:189} INFO - Processing /home/airflow/.local/lib/python3.6/site-packages/airflow/example_dags/tutorial_etl_dag.py took 0.053 seconds
[2023-06-12 07:54:32,265] {scheduler_job.py:181} INFO - Started process (PID=193) to work on /home/airflow/.local/lib/python3.6/site-packages/airflow/example_dags/tutorial_etl_dag.py
[2023-06-12 07:54:32,266] {scheduler_job.py:632} INFO - Processing file /home/airflow/.local/lib/python3.6/site-packages/airflow/example_dags/tutorial_etl_dag.py for tasks to queue
[2023-06-12 07:54:32,267] {logging_mixin.py:104} INFO - [2023-06-12 07:54:32,267] {dagbag.py:496} INFO - Filling up the DagBag from /home/airflow/.local/lib/python3.6/site-packages/airflow/example_dags/tutorial_etl_dag.py
[2023-06-12 07:54:32,276] {scheduler_job.py:642} INFO - DAG(s) dict_keys(['tutorial_etl_dag']) retrieved from /home/airflow/.local/lib/python3.6/site-packages/airflow/example_dags/tutorial_etl_dag.py
[2023-06-12 07:54:32,293] {logging_mixin.py:104} INFO - [2023-06-12 07:54:32,293] {dag.py:1833} INFO - Sync 1 DAGs
[2023-06-12 07:54:32,305] {logging_mixin.py:104} INFO - [2023-06-12 07:54:32,305] {dag.py:2306} INFO - Setting next_dagrun for tutorial_etl_dag to None
[2023-06-12 07:54:32,315] {scheduler_job.py:189} INFO - Processing /home/airflow/.local/lib/python3.6/site-packages/airflow/example_dags/tutorial_etl_dag.py took 0.053 seconds
[2023-06-12 07:55:02,541] {scheduler_job.py:181} INFO - Started process (PID=256) to work on /home/airflow/.local/lib/python3.6/site-packages/airflow/example_dags/tutorial_etl_dag.py
[2023-06-12 07:55:02,542] {scheduler_job.py:632} INFO - Processing file /home/airflow/.local/lib/python3.6/site-packages/airflow/example_dags/tutorial_etl_dag.py for tasks to queue
[2023-06-12 07:55:02,543] {logging_mixin.py:104} INFO - [2023-06-12 07:55:02,543] {dagbag.py:496} INFO - Filling up the DagBag from /home/airflow/.local/lib/python3.6/site-packages/airflow/example_dags/tutorial_etl_dag.py
[2023-06-12 07:55:02,553] {scheduler_job.py:642} INFO - DAG(s) dict_keys(['tutorial_etl_dag']) retrieved from /home/airflow/.local/lib/python3.6/site-packages/airflow/example_dags/tutorial_etl_dag.py
[2023-06-12 07:55:02,568] {logging_mixin.py:104} INFO - [2023-06-12 07:55:02,568] {dag.py:1833} INFO - Sync 1 DAGs
[2023-06-12 07:55:02,580] {logging_mixin.py:104} INFO - [2023-06-12 07:55:02,580] {dag.py:2306} INFO - Setting next_dagrun for tutorial_etl_dag to None
[2023-06-12 07:55:02,589] {scheduler_job.py:189} INFO - Processing /home/airflow/.local/lib/python3.6/site-packages/airflow/example_dags/tutorial_etl_dag.py took 0.051 seconds
[2023-06-12 07:55:32,850] {scheduler_job.py:181} INFO - Started process (PID=309) to work on /home/airflow/.local/lib/python3.6/site-packages/airflow/example_dags/tutorial_etl_dag.py
[2023-06-12 07:55:32,852] {scheduler_job.py:632} INFO - Processing file /home/airflow/.local/lib/python3.6/site-packages/airflow/example_dags/tutorial_etl_dag.py for tasks to queue
[2023-06-12 07:55:32,852] {logging_mixin.py:104} INFO - [2023-06-12 07:55:32,852] {dagbag.py:496} INFO - Filling up the DagBag from /home/airflow/.local/lib/python3.6/site-packages/airflow/example_dags/tutorial_etl_dag.py
[2023-06-12 07:55:32,863] {scheduler_job.py:642} INFO - DAG(s) dict_keys(['tutorial_etl_dag']) retrieved from /home/airflow/.local/lib/python3.6/site-packages/airflow/example_dags/tutorial_etl_dag.py
[2023-06-12 07:55:32,879] {logging_mixin.py:104} INFO - [2023-06-12 07:55:32,879] {dag.py:1833} INFO - Sync 1 DAGs
[2023-06-12 07:55:32,892] {logging_mixin.py:104} INFO - [2023-06-12 07:55:32,892] {dag.py:2306} INFO - Setting next_dagrun for tutorial_etl_dag to None
[2023-06-12 07:55:32,902] {scheduler_job.py:189} INFO - Processing /home/airflow/.local/lib/python3.6/site-packages/airflow/example_dags/tutorial_etl_dag.py took 0.054 seconds
[2023-06-12 07:56:03,698] {scheduler_job.py:181} INFO - Started process (PID=372) to work on /home/airflow/.local/lib/python3.6/site-packages/airflow/example_dags/tutorial_etl_dag.py
[2023-06-12 07:56:03,699] {scheduler_job.py:632} INFO - Processing file /home/airflow/.local/lib/python3.6/site-packages/airflow/example_dags/tutorial_etl_dag.py for tasks to queue
[2023-06-12 07:56:03,700] {logging_mixin.py:104} INFO - [2023-06-12 07:56:03,700] {dagbag.py:496} INFO - Filling up the DagBag from /home/airflow/.local/lib/python3.6/site-packages/airflow/example_dags/tutorial_etl_dag.py
[2023-06-12 07:56:03,710] {scheduler_job.py:642} INFO - DAG(s) dict_keys(['tutorial_etl_dag']) retrieved from /home/airflow/.local/lib/python3.6/site-packages/airflow/example_dags/tutorial_etl_dag.py
[2023-06-12 07:56:03,728] {logging_mixin.py:104} INFO - [2023-06-12 07:56:03,728] {dag.py:1833} INFO - Sync 1 DAGs
[2023-06-12 07:56:03,739] {logging_mixin.py:104} INFO - [2023-06-12 07:56:03,739] {dag.py:2306} INFO - Setting next_dagrun for tutorial_etl_dag to None
[2023-06-12 07:56:03,749] {scheduler_job.py:189} INFO - Processing /home/airflow/.local/lib/python3.6/site-packages/airflow/example_dags/tutorial_etl_dag.py took 0.054 seconds
[2023-06-12 07:56:34,108] {scheduler_job.py:181} INFO - Started process (PID=425) to work on /home/airflow/.local/lib/python3.6/site-packages/airflow/example_dags/tutorial_etl_dag.py
[2023-06-12 07:56:34,110] {scheduler_job.py:632} INFO - Processing file /home/airflow/.local/lib/python3.6/site-packages/airflow/example_dags/tutorial_etl_dag.py for tasks to queue
[2023-06-12 07:56:34,111] {logging_mixin.py:104} INFO - [2023-06-12 07:56:34,111] {dagbag.py:496} INFO - Filling up the DagBag from /home/airflow/.local/lib/python3.6/site-packages/airflow/example_dags/tutorial_etl_dag.py
[2023-06-12 07:56:34,120] {scheduler_job.py:642} INFO - DAG(s) dict_keys(['tutorial_etl_dag']) retrieved from /home/airflow/.local/lib/python3.6/site-packages/airflow/example_dags/tutorial_etl_dag.py
[2023-06-12 07:56:34,137] {logging_mixin.py:104} INFO - [2023-06-12 07:56:34,137] {dag.py:1833} INFO - Sync 1 DAGs
[2023-06-12 07:56:34,148] {logging_mixin.py:104} INFO - [2023-06-12 07:56:34,148] {dag.py:2306} INFO - Setting next_dagrun for tutorial_etl_dag to None
[2023-06-12 07:56:34,158] {scheduler_job.py:189} INFO - Processing /home/airflow/.local/lib/python3.6/site-packages/airflow/example_dags/tutorial_etl_dag.py took 0.052 seconds
[2023-06-12 07:57:04,865] {scheduler_job.py:181} INFO - Started process (PID=488) to work on /home/airflow/.local/lib/python3.6/site-packages/airflow/example_dags/tutorial_etl_dag.py
[2023-06-12 07:57:04,866] {scheduler_job.py:632} INFO - Processing file /home/airflow/.local/lib/python3.6/site-packages/airflow/example_dags/tutorial_etl_dag.py for tasks to queue
[2023-06-12 07:57:04,867] {logging_mixin.py:104} INFO - [2023-06-12 07:57:04,867] {dagbag.py:496} INFO - Filling up the DagBag from /home/airflow/.local/lib/python3.6/site-packages/airflow/example_dags/tutorial_etl_dag.py
[2023-06-12 07:57:04,877] {scheduler_job.py:642} INFO - DAG(s) dict_keys(['tutorial_etl_dag']) retrieved from /home/airflow/.local/lib/python3.6/site-packages/airflow/example_dags/tutorial_etl_dag.py
[2023-06-12 07:57:04,893] {logging_mixin.py:104} INFO - [2023-06-12 07:57:04,893] {dag.py:1833} INFO - Sync 1 DAGs
[2023-06-12 07:57:04,905] {logging_mixin.py:104} INFO - [2023-06-12 07:57:04,905] {dag.py:2306} INFO - Setting next_dagrun for tutorial_etl_dag to None
[2023-06-12 07:57:04,915] {scheduler_job.py:189} INFO - Processing /home/airflow/.local/lib/python3.6/site-packages/airflow/example_dags/tutorial_etl_dag.py took 0.053 seconds
[2023-06-12 07:57:35,864] {scheduler_job.py:181} INFO - Started process (PID=551) to work on /home/airflow/.local/lib/python3.6/site-packages/airflow/example_dags/tutorial_etl_dag.py
[2023-06-12 07:57:35,865] {scheduler_job.py:632} INFO - Processing file /home/airflow/.local/lib/python3.6/site-packages/airflow/example_dags/tutorial_etl_dag.py for tasks to queue
[2023-06-12 07:57:35,866] {logging_mixin.py:104} INFO - [2023-06-12 07:57:35,866] {dagbag.py:496} INFO - Filling up the DagBag from /home/airflow/.local/lib/python3.6/site-packages/airflow/example_dags/tutorial_etl_dag.py
[2023-06-12 07:57:35,878] {scheduler_job.py:642} INFO - DAG(s) dict_keys(['tutorial_etl_dag']) retrieved from /home/airflow/.local/lib/python3.6/site-packages/airflow/example_dags/tutorial_etl_dag.py
[2023-06-12 07:57:35,896] {logging_mixin.py:104} INFO - [2023-06-12 07:57:35,896] {dag.py:1833} INFO - Sync 1 DAGs
[2023-06-12 07:57:35,910] {logging_mixin.py:104} INFO - [2023-06-12 07:57:35,910] {dag.py:2306} INFO - Setting next_dagrun for tutorial_etl_dag to None
[2023-06-12 07:57:35,920] {scheduler_job.py:189} INFO - Processing /home/airflow/.local/lib/python3.6/site-packages/airflow/example_dags/tutorial_etl_dag.py took 0.059 seconds
[2023-06-12 07:58:06,116] {scheduler_job.py:181} INFO - Started process (PID=604) to work on /home/airflow/.local/lib/python3.6/site-packages/airflow/example_dags/tutorial_etl_dag.py
[2023-06-12 07:58:06,118] {scheduler_job.py:632} INFO - Processing file /home/airflow/.local/lib/python3.6/site-packages/airflow/example_dags/tutorial_etl_dag.py for tasks to queue
[2023-06-12 07:58:06,118] {logging_mixin.py:104} INFO - [2023-06-12 07:58:06,118] {dagbag.py:496} INFO - Filling up the DagBag from /home/airflow/.local/lib/python3.6/site-packages/airflow/example_dags/tutorial_etl_dag.py
[2023-06-12 07:58:06,127] {scheduler_job.py:642} INFO - DAG(s) dict_keys(['tutorial_etl_dag']) retrieved from /home/airflow/.local/lib/python3.6/site-packages/airflow/example_dags/tutorial_etl_dag.py
[2023-06-12 07:58:06,144] {logging_mixin.py:104} INFO - [2023-06-12 07:58:06,144] {dag.py:1833} INFO - Sync 1 DAGs
[2023-06-12 07:58:06,156] {logging_mixin.py:104} INFO - [2023-06-12 07:58:06,156] {dag.py:2306} INFO - Setting next_dagrun for tutorial_etl_dag to None
[2023-06-12 07:58:06,166] {scheduler_job.py:189} INFO - Processing /home/airflow/.local/lib/python3.6/site-packages/airflow/example_dags/tutorial_etl_dag.py took 0.052 seconds
[2023-06-12 07:58:36,290] {scheduler_job.py:181} INFO - Started process (PID=666) to work on /home/airflow/.local/lib/python3.6/site-packages/airflow/example_dags/tutorial_etl_dag.py
[2023-06-12 07:58:36,291] {scheduler_job.py:632} INFO - Processing file /home/airflow/.local/lib/python3.6/site-packages/airflow/example_dags/tutorial_etl_dag.py for tasks to queue
[2023-06-12 07:58:36,292] {logging_mixin.py:104} INFO - [2023-06-12 07:58:36,292] {dagbag.py:496} INFO - Filling up the DagBag from /home/airflow/.local/lib/python3.6/site-packages/airflow/example_dags/tutorial_etl_dag.py
[2023-06-12 07:58:36,302] {scheduler_job.py:642} INFO - DAG(s) dict_keys(['tutorial_etl_dag']) retrieved from /home/airflow/.local/lib/python3.6/site-packages/airflow/example_dags/tutorial_etl_dag.py
[2023-06-12 07:58:36,319] {logging_mixin.py:104} INFO - [2023-06-12 07:58:36,319] {dag.py:1833} INFO - Sync 1 DAGs
[2023-06-12 07:58:36,333] {logging_mixin.py:104} INFO - [2023-06-12 07:58:36,333] {dag.py:2306} INFO - Setting next_dagrun for tutorial_etl_dag to None
[2023-06-12 07:58:36,343] {scheduler_job.py:189} INFO - Processing /home/airflow/.local/lib/python3.6/site-packages/airflow/example_dags/tutorial_etl_dag.py took 0.055 seconds
[2023-06-12 07:59:07,319] {scheduler_job.py:181} INFO - Started process (PID=729) to work on /home/airflow/.local/lib/python3.6/site-packages/airflow/example_dags/tutorial_etl_dag.py
[2023-06-12 07:59:07,320] {scheduler_job.py:632} INFO - Processing file /home/airflow/.local/lib/python3.6/site-packages/airflow/example_dags/tutorial_etl_dag.py for tasks to queue
[2023-06-12 07:59:07,321] {logging_mixin.py:104} INFO - [2023-06-12 07:59:07,320] {dagbag.py:496} INFO - Filling up the DagBag from /home/airflow/.local/lib/python3.6/site-packages/airflow/example_dags/tutorial_etl_dag.py
[2023-06-12 07:59:07,331] {scheduler_job.py:642} INFO - DAG(s) dict_keys(['tutorial_etl_dag']) retrieved from /home/airflow/.local/lib/python3.6/site-packages/airflow/example_dags/tutorial_etl_dag.py
[2023-06-12 07:59:07,347] {logging_mixin.py:104} INFO - [2023-06-12 07:59:07,347] {dag.py:1833} INFO - Sync 1 DAGs
[2023-06-12 07:59:07,361] {logging_mixin.py:104} INFO - [2023-06-12 07:59:07,361] {dag.py:2306} INFO - Setting next_dagrun for tutorial_etl_dag to None
[2023-06-12 07:59:07,372] {scheduler_job.py:189} INFO - Processing /home/airflow/.local/lib/python3.6/site-packages/airflow/example_dags/tutorial_etl_dag.py took 0.056 seconds
[2023-06-12 07:59:38,219] {scheduler_job.py:181} INFO - Started process (PID=783) to work on /home/airflow/.local/lib/python3.6/site-packages/airflow/example_dags/tutorial_etl_dag.py
[2023-06-12 07:59:38,220] {scheduler_job.py:632} INFO - Processing file /home/airflow/.local/lib/python3.6/site-packages/airflow/example_dags/tutorial_etl_dag.py for tasks to queue
[2023-06-12 07:59:38,221] {logging_mixin.py:104} INFO - [2023-06-12 07:59:38,221] {dagbag.py:496} INFO - Filling up the DagBag from /home/airflow/.local/lib/python3.6/site-packages/airflow/example_dags/tutorial_etl_dag.py
[2023-06-12 07:59:38,231] {scheduler_job.py:642} INFO - DAG(s) dict_keys(['tutorial_etl_dag']) retrieved from /home/airflow/.local/lib/python3.6/site-packages/airflow/example_dags/tutorial_etl_dag.py
[2023-06-12 07:59:38,246] {logging_mixin.py:104} INFO - [2023-06-12 07:59:38,246] {dag.py:1833} INFO - Sync 1 DAGs
[2023-06-12 07:59:38,260] {logging_mixin.py:104} INFO - [2023-06-12 07:59:38,259] {dag.py:2306} INFO - Setting next_dagrun for tutorial_etl_dag to None
[2023-06-12 07:59:38,268] {scheduler_job.py:189} INFO - Processing /home/airflow/.local/lib/python3.6/site-packages/airflow/example_dags/tutorial_etl_dag.py took 0.051 seconds
[2023-06-12 08:00:09,341] {scheduler_job.py:181} INFO - Started process (PID=846) to work on /home/airflow/.local/lib/python3.6/site-packages/airflow/example_dags/tutorial_etl_dag.py
[2023-06-12 08:00:09,343] {scheduler_job.py:632} INFO - Processing file /home/airflow/.local/lib/python3.6/site-packages/airflow/example_dags/tutorial_etl_dag.py for tasks to queue
[2023-06-12 08:00:09,343] {logging_mixin.py:104} INFO - [2023-06-12 08:00:09,343] {dagbag.py:496} INFO - Filling up the DagBag from /home/airflow/.local/lib/python3.6/site-packages/airflow/example_dags/tutorial_etl_dag.py
[2023-06-12 08:00:09,353] {scheduler_job.py:642} INFO - DAG(s) dict_keys(['tutorial_etl_dag']) retrieved from /home/airflow/.local/lib/python3.6/site-packages/airflow/example_dags/tutorial_etl_dag.py
[2023-06-12 08:00:09,370] {logging_mixin.py:104} INFO - [2023-06-12 08:00:09,370] {dag.py:1833} INFO - Sync 1 DAGs
[2023-06-12 08:00:09,383] {logging_mixin.py:104} INFO - [2023-06-12 08:00:09,383] {dag.py:2306} INFO - Setting next_dagrun for tutorial_etl_dag to None
[2023-06-12 08:00:09,392] {scheduler_job.py:189} INFO - Processing /home/airflow/.local/lib/python3.6/site-packages/airflow/example_dags/tutorial_etl_dag.py took 0.054 seconds
[2023-06-12 08:00:40,338] {scheduler_job.py:181} INFO - Started process (PID=899) to work on /home/airflow/.local/lib/python3.6/site-packages/airflow/example_dags/tutorial_etl_dag.py
[2023-06-12 08:00:40,340] {scheduler_job.py:632} INFO - Processing file /home/airflow/.local/lib/python3.6/site-packages/airflow/example_dags/tutorial_etl_dag.py for tasks to queue
[2023-06-12 08:00:40,340] {logging_mixin.py:104} INFO - [2023-06-12 08:00:40,340] {dagbag.py:496} INFO - Filling up the DagBag from /home/airflow/.local/lib/python3.6/site-packages/airflow/example_dags/tutorial_etl_dag.py
[2023-06-12 08:00:40,349] {scheduler_job.py:642} INFO - DAG(s) dict_keys(['tutorial_etl_dag']) retrieved from /home/airflow/.local/lib/python3.6/site-packages/airflow/example_dags/tutorial_etl_dag.py
[2023-06-12 08:00:40,366] {logging_mixin.py:104} INFO - [2023-06-12 08:00:40,366] {dag.py:1833} INFO - Sync 1 DAGs
[2023-06-12 08:00:40,378] {logging_mixin.py:104} INFO - [2023-06-12 08:00:40,378] {dag.py:2306} INFO - Setting next_dagrun for tutorial_etl_dag to None
[2023-06-12 08:00:40,388] {scheduler_job.py:189} INFO - Processing /home/airflow/.local/lib/python3.6/site-packages/airflow/example_dags/tutorial_etl_dag.py took 0.052 seconds
[2023-06-12 08:01:11,178] {scheduler_job.py:181} INFO - Started process (PID=962) to work on /home/airflow/.local/lib/python3.6/site-packages/airflow/example_dags/tutorial_etl_dag.py
[2023-06-12 08:01:11,180] {scheduler_job.py:632} INFO - Processing file /home/airflow/.local/lib/python3.6/site-packages/airflow/example_dags/tutorial_etl_dag.py for tasks to queue
[2023-06-12 08:01:11,181] {logging_mixin.py:104} INFO - [2023-06-12 08:01:11,180] {dagbag.py:496} INFO - Filling up the DagBag from /home/airflow/.local/lib/python3.6/site-packages/airflow/example_dags/tutorial_etl_dag.py
[2023-06-12 08:01:11,190] {scheduler_job.py:642} INFO - DAG(s) dict_keys(['tutorial_etl_dag']) retrieved from /home/airflow/.local/lib/python3.6/site-packages/airflow/example_dags/tutorial_etl_dag.py
[2023-06-12 08:01:11,207] {logging_mixin.py:104} INFO - [2023-06-12 08:01:11,207] {dag.py:1833} INFO - Sync 1 DAGs
[2023-06-12 08:01:11,220] {logging_mixin.py:104} INFO - [2023-06-12 08:01:11,220] {dag.py:2306} INFO - Setting next_dagrun for tutorial_etl_dag to None
[2023-06-12 08:01:11,229] {scheduler_job.py:189} INFO - Processing /home/airflow/.local/lib/python3.6/site-packages/airflow/example_dags/tutorial_etl_dag.py took 0.054 seconds
[2023-06-12 08:01:42,165] {scheduler_job.py:181} INFO - Started process (PID=1025) to work on /home/airflow/.local/lib/python3.6/site-packages/airflow/example_dags/tutorial_etl_dag.py
[2023-06-12 08:01:42,167] {scheduler_job.py:632} INFO - Processing file /home/airflow/.local/lib/python3.6/site-packages/airflow/example_dags/tutorial_etl_dag.py for tasks to queue
[2023-06-12 08:01:42,167] {logging_mixin.py:104} INFO - [2023-06-12 08:01:42,167] {dagbag.py:496} INFO - Filling up the DagBag from /home/airflow/.local/lib/python3.6/site-packages/airflow/example_dags/tutorial_etl_dag.py
[2023-06-12 08:01:42,176] {scheduler_job.py:642} INFO - DAG(s) dict_keys(['tutorial_etl_dag']) retrieved from /home/airflow/.local/lib/python3.6/site-packages/airflow/example_dags/tutorial_etl_dag.py
[2023-06-12 08:01:42,192] {logging_mixin.py:104} INFO - [2023-06-12 08:01:42,192] {dag.py:1833} INFO - Sync 1 DAGs
[2023-06-12 08:01:42,205] {logging_mixin.py:104} INFO - [2023-06-12 08:01:42,205] {dag.py:2306} INFO - Setting next_dagrun for tutorial_etl_dag to None
[2023-06-12 08:01:42,215] {scheduler_job.py:189} INFO - Processing /home/airflow/.local/lib/python3.6/site-packages/airflow/example_dags/tutorial_etl_dag.py took 0.052 seconds
[2023-06-12 08:02:12,510] {scheduler_job.py:181} INFO - Started process (PID=1078) to work on /home/airflow/.local/lib/python3.6/site-packages/airflow/example_dags/tutorial_etl_dag.py
[2023-06-12 08:02:12,511] {scheduler_job.py:632} INFO - Processing file /home/airflow/.local/lib/python3.6/site-packages/airflow/example_dags/tutorial_etl_dag.py for tasks to queue
[2023-06-12 08:02:12,512] {logging_mixin.py:104} INFO - [2023-06-12 08:02:12,512] {dagbag.py:496} INFO - Filling up the DagBag from /home/airflow/.local/lib/python3.6/site-packages/airflow/example_dags/tutorial_etl_dag.py
[2023-06-12 08:02:12,527] {scheduler_job.py:642} INFO - DAG(s) dict_keys(['tutorial_etl_dag']) retrieved from /home/airflow/.local/lib/python3.6/site-packages/airflow/example_dags/tutorial_etl_dag.py
[2023-06-12 08:02:12,552] {logging_mixin.py:104} INFO - [2023-06-12 08:02:12,552] {dag.py:1833} INFO - Sync 1 DAGs
[2023-06-12 08:02:12,567] {logging_mixin.py:104} INFO - [2023-06-12 08:02:12,567] {dag.py:2306} INFO - Setting next_dagrun for tutorial_etl_dag to None
[2023-06-12 08:02:12,581] {scheduler_job.py:189} INFO - Processing /home/airflow/.local/lib/python3.6/site-packages/airflow/example_dags/tutorial_etl_dag.py took 0.074 seconds
[2023-06-12 08:02:42,911] {scheduler_job.py:181} INFO - Started process (PID=1141) to work on /home/airflow/.local/lib/python3.6/site-packages/airflow/example_dags/tutorial_etl_dag.py
[2023-06-12 08:02:42,913] {scheduler_job.py:632} INFO - Processing file /home/airflow/.local/lib/python3.6/site-packages/airflow/example_dags/tutorial_etl_dag.py for tasks to queue
[2023-06-12 08:02:42,914] {logging_mixin.py:104} INFO - [2023-06-12 08:02:42,913] {dagbag.py:496} INFO - Filling up the DagBag from /home/airflow/.local/lib/python3.6/site-packages/airflow/example_dags/tutorial_etl_dag.py
[2023-06-12 08:02:42,925] {scheduler_job.py:642} INFO - DAG(s) dict_keys(['tutorial_etl_dag']) retrieved from /home/airflow/.local/lib/python3.6/site-packages/airflow/example_dags/tutorial_etl_dag.py
[2023-06-12 08:02:42,943] {logging_mixin.py:104} INFO - [2023-06-12 08:02:42,943] {dag.py:1833} INFO - Sync 1 DAGs
[2023-06-12 08:02:42,956] {logging_mixin.py:104} INFO - [2023-06-12 08:02:42,956] {dag.py:2306} INFO - Setting next_dagrun for tutorial_etl_dag to None
[2023-06-12 08:02:42,967] {scheduler_job.py:189} INFO - Processing /home/airflow/.local/lib/python3.6/site-packages/airflow/example_dags/tutorial_etl_dag.py took 0.060 seconds
[2023-06-12 08:03:13,162] {scheduler_job.py:181} INFO - Started process (PID=1203) to work on /home/airflow/.local/lib/python3.6/site-packages/airflow/example_dags/tutorial_etl_dag.py
[2023-06-12 08:03:13,163] {scheduler_job.py:632} INFO - Processing file /home/airflow/.local/lib/python3.6/site-packages/airflow/example_dags/tutorial_etl_dag.py for tasks to queue
[2023-06-12 08:03:13,164] {logging_mixin.py:104} INFO - [2023-06-12 08:03:13,164] {dagbag.py:496} INFO - Filling up the DagBag from /home/airflow/.local/lib/python3.6/site-packages/airflow/example_dags/tutorial_etl_dag.py
[2023-06-12 08:03:13,175] {scheduler_job.py:642} INFO - DAG(s) dict_keys(['tutorial_etl_dag']) retrieved from /home/airflow/.local/lib/python3.6/site-packages/airflow/example_dags/tutorial_etl_dag.py
[2023-06-12 08:03:13,192] {logging_mixin.py:104} INFO - [2023-06-12 08:03:13,192] {dag.py:1833} INFO - Sync 1 DAGs
[2023-06-12 08:03:13,207] {logging_mixin.py:104} INFO - [2023-06-12 08:03:13,207] {dag.py:2306} INFO - Setting next_dagrun for tutorial_etl_dag to None
[2023-06-12 08:03:13,218] {scheduler_job.py:189} INFO - Processing /home/airflow/.local/lib/python3.6/site-packages/airflow/example_dags/tutorial_etl_dag.py took 0.059 seconds
[2023-06-12 08:03:43,517] {scheduler_job.py:181} INFO - Started process (PID=1257) to work on /home/airflow/.local/lib/python3.6/site-packages/airflow/example_dags/tutorial_etl_dag.py
[2023-06-12 08:03:43,518] {scheduler_job.py:632} INFO - Processing file /home/airflow/.local/lib/python3.6/site-packages/airflow/example_dags/tutorial_etl_dag.py for tasks to queue
[2023-06-12 08:03:43,519] {logging_mixin.py:104} INFO - [2023-06-12 08:03:43,519] {dagbag.py:496} INFO - Filling up the DagBag from /home/airflow/.local/lib/python3.6/site-packages/airflow/example_dags/tutorial_etl_dag.py
[2023-06-12 08:03:43,528] {scheduler_job.py:642} INFO - DAG(s) dict_keys(['tutorial_etl_dag']) retrieved from /home/airflow/.local/lib/python3.6/site-packages/airflow/example_dags/tutorial_etl_dag.py
[2023-06-12 08:03:43,545] {logging_mixin.py:104} INFO - [2023-06-12 08:03:43,545] {dag.py:1833} INFO - Sync 1 DAGs
[2023-06-12 08:03:43,556] {logging_mixin.py:104} INFO - [2023-06-12 08:03:43,556] {dag.py:2306} INFO - Setting next_dagrun for tutorial_etl_dag to None
[2023-06-12 08:03:43,565] {scheduler_job.py:189} INFO - Processing /home/airflow/.local/lib/python3.6/site-packages/airflow/example_dags/tutorial_etl_dag.py took 0.051 seconds
[2023-06-12 08:04:13,940] {scheduler_job.py:181} INFO - Started process (PID=1321) to work on /home/airflow/.local/lib/python3.6/site-packages/airflow/example_dags/tutorial_etl_dag.py
[2023-06-12 08:04:13,941] {scheduler_job.py:632} INFO - Processing file /home/airflow/.local/lib/python3.6/site-packages/airflow/example_dags/tutorial_etl_dag.py for tasks to queue
[2023-06-12 08:04:13,942] {logging_mixin.py:104} INFO - [2023-06-12 08:04:13,942] {dagbag.py:496} INFO - Filling up the DagBag from /home/airflow/.local/lib/python3.6/site-packages/airflow/example_dags/tutorial_etl_dag.py
[2023-06-12 08:04:13,952] {scheduler_job.py:642} INFO - DAG(s) dict_keys(['tutorial_etl_dag']) retrieved from /home/airflow/.local/lib/python3.6/site-packages/airflow/example_dags/tutorial_etl_dag.py
[2023-06-12 08:04:13,970] {logging_mixin.py:104} INFO - [2023-06-12 08:04:13,970] {dag.py:1833} INFO - Sync 1 DAGs
[2023-06-12 08:04:13,981] {logging_mixin.py:104} INFO - [2023-06-12 08:04:13,981] {dag.py:2306} INFO - Setting next_dagrun for tutorial_etl_dag to None
[2023-06-12 08:04:13,991] {scheduler_job.py:189} INFO - Processing /home/airflow/.local/lib/python3.6/site-packages/airflow/example_dags/tutorial_etl_dag.py took 0.053 seconds
[2023-06-12 08:04:44,368] {scheduler_job.py:181} INFO - Started process (PID=1374) to work on /home/airflow/.local/lib/python3.6/site-packages/airflow/example_dags/tutorial_etl_dag.py
[2023-06-12 08:04:44,370] {scheduler_job.py:632} INFO - Processing file /home/airflow/.local/lib/python3.6/site-packages/airflow/example_dags/tutorial_etl_dag.py for tasks to queue
[2023-06-12 08:04:44,370] {logging_mixin.py:104} INFO - [2023-06-12 08:04:44,370] {dagbag.py:496} INFO - Filling up the DagBag from /home/airflow/.local/lib/python3.6/site-packages/airflow/example_dags/tutorial_etl_dag.py
[2023-06-12 08:04:44,380] {scheduler_job.py:642} INFO - DAG(s) dict_keys(['tutorial_etl_dag']) retrieved from /home/airflow/.local/lib/python3.6/site-packages/airflow/example_dags/tutorial_etl_dag.py
[2023-06-12 08:04:44,395] {logging_mixin.py:104} INFO - [2023-06-12 08:04:44,395] {dag.py:1833} INFO - Sync 1 DAGs
[2023-06-12 08:04:44,406] {logging_mixin.py:104} INFO - [2023-06-12 08:04:44,406] {dag.py:2306} INFO - Setting next_dagrun for tutorial_etl_dag to None
[2023-06-12 08:04:44,415] {scheduler_job.py:189} INFO - Processing /home/airflow/.local/lib/python3.6/site-packages/airflow/example_dags/tutorial_etl_dag.py took 0.050 seconds
[2023-06-12 08:05:14,675] {scheduler_job.py:181} INFO - Started process (PID=1437) to work on /home/airflow/.local/lib/python3.6/site-packages/airflow/example_dags/tutorial_etl_dag.py
[2023-06-12 08:05:14,676] {scheduler_job.py:632} INFO - Processing file /home/airflow/.local/lib/python3.6/site-packages/airflow/example_dags/tutorial_etl_dag.py for tasks to queue
[2023-06-12 08:05:14,677] {logging_mixin.py:104} INFO - [2023-06-12 08:05:14,677] {dagbag.py:496} INFO - Filling up the DagBag from /home/airflow/.local/lib/python3.6/site-packages/airflow/example_dags/tutorial_etl_dag.py
[2023-06-12 08:05:14,687] {scheduler_job.py:642} INFO - DAG(s) dict_keys(['tutorial_etl_dag']) retrieved from /home/airflow/.local/lib/python3.6/site-packages/airflow/example_dags/tutorial_etl_dag.py
[2023-06-12 08:05:14,703] {logging_mixin.py:104} INFO - [2023-06-12 08:05:14,703] {dag.py:1833} INFO - Sync 1 DAGs
[2023-06-12 08:05:14,715] {logging_mixin.py:104} INFO - [2023-06-12 08:05:14,714] {dag.py:2306} INFO - Setting next_dagrun for tutorial_etl_dag to None
[2023-06-12 08:05:14,724] {scheduler_job.py:189} INFO - Processing /home/airflow/.local/lib/python3.6/site-packages/airflow/example_dags/tutorial_etl_dag.py took 0.051 seconds
[2023-06-12 08:05:45,027] {scheduler_job.py:181} INFO - Started process (PID=1498) to work on /home/airflow/.local/lib/python3.6/site-packages/airflow/example_dags/tutorial_etl_dag.py
[2023-06-12 08:05:45,029] {scheduler_job.py:632} INFO - Processing file /home/airflow/.local/lib/python3.6/site-packages/airflow/example_dags/tutorial_etl_dag.py for tasks to queue
[2023-06-12 08:05:45,030] {logging_mixin.py:104} INFO - [2023-06-12 08:05:45,030] {dagbag.py:496} INFO - Filling up the DagBag from /home/airflow/.local/lib/python3.6/site-packages/airflow/example_dags/tutorial_etl_dag.py
[2023-06-12 08:05:45,042] {scheduler_job.py:642} INFO - DAG(s) dict_keys(['tutorial_etl_dag']) retrieved from /home/airflow/.local/lib/python3.6/site-packages/airflow/example_dags/tutorial_etl_dag.py
[2023-06-12 08:05:45,060] {logging_mixin.py:104} INFO - [2023-06-12 08:05:45,060] {dag.py:1833} INFO - Sync 1 DAGs
[2023-06-12 08:05:45,074] {logging_mixin.py:104} INFO - [2023-06-12 08:05:45,074] {dag.py:2306} INFO - Setting next_dagrun for tutorial_etl_dag to None
[2023-06-12 08:05:45,086] {scheduler_job.py:189} INFO - Processing /home/airflow/.local/lib/python3.6/site-packages/airflow/example_dags/tutorial_etl_dag.py took 0.061 seconds
[2023-06-12 08:06:15,531] {scheduler_job.py:181} INFO - Started process (PID=1554) to work on /home/airflow/.local/lib/python3.6/site-packages/airflow/example_dags/tutorial_etl_dag.py
[2023-06-12 08:06:15,532] {scheduler_job.py:632} INFO - Processing file /home/airflow/.local/lib/python3.6/site-packages/airflow/example_dags/tutorial_etl_dag.py for tasks to queue
[2023-06-12 08:06:15,533] {logging_mixin.py:104} INFO - [2023-06-12 08:06:15,533] {dagbag.py:496} INFO - Filling up the DagBag from /home/airflow/.local/lib/python3.6/site-packages/airflow/example_dags/tutorial_etl_dag.py
[2023-06-12 08:06:15,543] {scheduler_job.py:642} INFO - DAG(s) dict_keys(['tutorial_etl_dag']) retrieved from /home/airflow/.local/lib/python3.6/site-packages/airflow/example_dags/tutorial_etl_dag.py
[2023-06-12 08:06:15,559] {logging_mixin.py:104} INFO - [2023-06-12 08:06:15,559] {dag.py:1833} INFO - Sync 1 DAGs
[2023-06-12 08:06:15,570] {logging_mixin.py:104} INFO - [2023-06-12 08:06:15,570] {dag.py:2306} INFO - Setting next_dagrun for tutorial_etl_dag to None
[2023-06-12 08:06:15,581] {scheduler_job.py:189} INFO - Processing /home/airflow/.local/lib/python3.6/site-packages/airflow/example_dags/tutorial_etl_dag.py took 0.052 seconds
[2023-06-12 08:06:45,722] {scheduler_job.py:181} INFO - Started process (PID=1617) to work on /home/airflow/.local/lib/python3.6/site-packages/airflow/example_dags/tutorial_etl_dag.py
[2023-06-12 08:06:45,723] {scheduler_job.py:632} INFO - Processing file /home/airflow/.local/lib/python3.6/site-packages/airflow/example_dags/tutorial_etl_dag.py for tasks to queue
[2023-06-12 08:06:45,724] {logging_mixin.py:104} INFO - [2023-06-12 08:06:45,724] {dagbag.py:496} INFO - Filling up the DagBag from /home/airflow/.local/lib/python3.6/site-packages/airflow/example_dags/tutorial_etl_dag.py
[2023-06-12 08:06:45,735] {scheduler_job.py:642} INFO - DAG(s) dict_keys(['tutorial_etl_dag']) retrieved from /home/airflow/.local/lib/python3.6/site-packages/airflow/example_dags/tutorial_etl_dag.py
[2023-06-12 08:06:45,753] {logging_mixin.py:104} INFO - [2023-06-12 08:06:45,753] {dag.py:1833} INFO - Sync 1 DAGs
[2023-06-12 08:06:45,764] {logging_mixin.py:104} INFO - [2023-06-12 08:06:45,764] {dag.py:2306} INFO - Setting next_dagrun for tutorial_etl_dag to None
[2023-06-12 08:06:45,774] {scheduler_job.py:189} INFO - Processing /home/airflow/.local/lib/python3.6/site-packages/airflow/example_dags/tutorial_etl_dag.py took 0.055 seconds
[2023-06-12 08:07:16,754] {scheduler_job.py:181} INFO - Started process (PID=1670) to work on /home/airflow/.local/lib/python3.6/site-packages/airflow/example_dags/tutorial_etl_dag.py
[2023-06-12 08:07:16,755] {scheduler_job.py:632} INFO - Processing file /home/airflow/.local/lib/python3.6/site-packages/airflow/example_dags/tutorial_etl_dag.py for tasks to queue
[2023-06-12 08:07:16,756] {logging_mixin.py:104} INFO - [2023-06-12 08:07:16,756] {dagbag.py:496} INFO - Filling up the DagBag from /home/airflow/.local/lib/python3.6/site-packages/airflow/example_dags/tutorial_etl_dag.py
[2023-06-12 08:07:16,770] {scheduler_job.py:642} INFO - DAG(s) dict_keys(['tutorial_etl_dag']) retrieved from /home/airflow/.local/lib/python3.6/site-packages/airflow/example_dags/tutorial_etl_dag.py
[2023-06-12 08:07:16,786] {logging_mixin.py:104} INFO - [2023-06-12 08:07:16,786] {dag.py:1833} INFO - Sync 1 DAGs
[2023-06-12 08:07:16,798] {logging_mixin.py:104} INFO - [2023-06-12 08:07:16,798] {dag.py:2306} INFO - Setting next_dagrun for tutorial_etl_dag to None
[2023-06-12 08:07:16,807] {scheduler_job.py:189} INFO - Processing /home/airflow/.local/lib/python3.6/site-packages/airflow/example_dags/tutorial_etl_dag.py took 0.057 seconds
[2023-06-12 08:07:47,107] {scheduler_job.py:181} INFO - Started process (PID=1733) to work on /home/airflow/.local/lib/python3.6/site-packages/airflow/example_dags/tutorial_etl_dag.py
[2023-06-12 08:07:47,108] {scheduler_job.py:632} INFO - Processing file /home/airflow/.local/lib/python3.6/site-packages/airflow/example_dags/tutorial_etl_dag.py for tasks to queue
[2023-06-12 08:07:47,109] {logging_mixin.py:104} INFO - [2023-06-12 08:07:47,109] {dagbag.py:496} INFO - Filling up the DagBag from /home/airflow/.local/lib/python3.6/site-packages/airflow/example_dags/tutorial_etl_dag.py
[2023-06-12 08:07:47,121] {scheduler_job.py:642} INFO - DAG(s) dict_keys(['tutorial_etl_dag']) retrieved from /home/airflow/.local/lib/python3.6/site-packages/airflow/example_dags/tutorial_etl_dag.py
[2023-06-12 08:07:47,140] {logging_mixin.py:104} INFO - [2023-06-12 08:07:47,139] {dag.py:1833} INFO - Sync 1 DAGs
[2023-06-12 08:07:47,153] {logging_mixin.py:104} INFO - [2023-06-12 08:07:47,153] {dag.py:2306} INFO - Setting next_dagrun for tutorial_etl_dag to None
[2023-06-12 08:07:47,162] {scheduler_job.py:189} INFO - Processing /home/airflow/.local/lib/python3.6/site-packages/airflow/example_dags/tutorial_etl_dag.py took 0.058 seconds
[2023-06-12 08:08:17,519] {scheduler_job.py:181} INFO - Started process (PID=1796) to work on /home/airflow/.local/lib/python3.6/site-packages/airflow/example_dags/tutorial_etl_dag.py
[2023-06-12 08:08:17,520] {scheduler_job.py:632} INFO - Processing file /home/airflow/.local/lib/python3.6/site-packages/airflow/example_dags/tutorial_etl_dag.py for tasks to queue
[2023-06-12 08:08:17,521] {logging_mixin.py:104} INFO - [2023-06-12 08:08:17,521] {dagbag.py:496} INFO - Filling up the DagBag from /home/airflow/.local/lib/python3.6/site-packages/airflow/example_dags/tutorial_etl_dag.py
[2023-06-12 08:08:17,531] {scheduler_job.py:642} INFO - DAG(s) dict_keys(['tutorial_etl_dag']) retrieved from /home/airflow/.local/lib/python3.6/site-packages/airflow/example_dags/tutorial_etl_dag.py
[2023-06-12 08:08:17,549] {logging_mixin.py:104} INFO - [2023-06-12 08:08:17,549] {dag.py:1833} INFO - Sync 1 DAGs
[2023-06-12 08:08:17,563] {logging_mixin.py:104} INFO - [2023-06-12 08:08:17,563] {dag.py:2306} INFO - Setting next_dagrun for tutorial_etl_dag to None
[2023-06-12 08:08:17,573] {scheduler_job.py:189} INFO - Processing /home/airflow/.local/lib/python3.6/site-packages/airflow/example_dags/tutorial_etl_dag.py took 0.057 seconds
[2023-06-12 08:08:48,050] {scheduler_job.py:181} INFO - Started process (PID=1850) to work on /home/airflow/.local/lib/python3.6/site-packages/airflow/example_dags/tutorial_etl_dag.py
[2023-06-12 08:08:48,052] {scheduler_job.py:632} INFO - Processing file /home/airflow/.local/lib/python3.6/site-packages/airflow/example_dags/tutorial_etl_dag.py for tasks to queue
[2023-06-12 08:08:48,052] {logging_mixin.py:104} INFO - [2023-06-12 08:08:48,052] {dagbag.py:496} INFO - Filling up the DagBag from /home/airflow/.local/lib/python3.6/site-packages/airflow/example_dags/tutorial_etl_dag.py
[2023-06-12 08:08:48,061] {scheduler_job.py:642} INFO - DAG(s) dict_keys(['tutorial_etl_dag']) retrieved from /home/airflow/.local/lib/python3.6/site-packages/airflow/example_dags/tutorial_etl_dag.py
[2023-06-12 08:08:48,078] {logging_mixin.py:104} INFO - [2023-06-12 08:08:48,078] {dag.py:1833} INFO - Sync 1 DAGs
[2023-06-12 08:08:48,089] {logging_mixin.py:104} INFO - [2023-06-12 08:08:48,089] {dag.py:2306} INFO - Setting next_dagrun for tutorial_etl_dag to None
[2023-06-12 08:08:48,099] {scheduler_job.py:189} INFO - Processing /home/airflow/.local/lib/python3.6/site-packages/airflow/example_dags/tutorial_etl_dag.py took 0.051 seconds
[2023-06-12 08:09:18,411] {scheduler_job.py:181} INFO - Started process (PID=1913) to work on /home/airflow/.local/lib/python3.6/site-packages/airflow/example_dags/tutorial_etl_dag.py
[2023-06-12 08:09:18,414] {scheduler_job.py:632} INFO - Processing file /home/airflow/.local/lib/python3.6/site-packages/airflow/example_dags/tutorial_etl_dag.py for tasks to queue
[2023-06-12 08:09:18,415] {logging_mixin.py:104} INFO - [2023-06-12 08:09:18,415] {dagbag.py:496} INFO - Filling up the DagBag from /home/airflow/.local/lib/python3.6/site-packages/airflow/example_dags/tutorial_etl_dag.py
[2023-06-12 08:09:18,450] {scheduler_job.py:642} INFO - DAG(s) dict_keys(['tutorial_etl_dag']) retrieved from /home/airflow/.local/lib/python3.6/site-packages/airflow/example_dags/tutorial_etl_dag.py
[2023-06-12 08:09:18,472] {logging_mixin.py:104} INFO - [2023-06-12 08:09:18,472] {dag.py:1833} INFO - Sync 1 DAGs
[2023-06-12 08:09:18,485] {logging_mixin.py:104} INFO - [2023-06-12 08:09:18,485] {dag.py:2306} INFO - Setting next_dagrun for tutorial_etl_dag to None
[2023-06-12 08:09:18,495] {scheduler_job.py:189} INFO - Processing /home/airflow/.local/lib/python3.6/site-packages/airflow/example_dags/tutorial_etl_dag.py took 0.087 seconds
[2023-06-12 08:09:48,881] {scheduler_job.py:181} INFO - Started process (PID=1966) to work on /home/airflow/.local/lib/python3.6/site-packages/airflow/example_dags/tutorial_etl_dag.py
[2023-06-12 08:09:48,882] {scheduler_job.py:632} INFO - Processing file /home/airflow/.local/lib/python3.6/site-packages/airflow/example_dags/tutorial_etl_dag.py for tasks to queue
[2023-06-12 08:09:48,883] {logging_mixin.py:104} INFO - [2023-06-12 08:09:48,883] {dagbag.py:496} INFO - Filling up the DagBag from /home/airflow/.local/lib/python3.6/site-packages/airflow/example_dags/tutorial_etl_dag.py
[2023-06-12 08:09:48,893] {scheduler_job.py:642} INFO - DAG(s) dict_keys(['tutorial_etl_dag']) retrieved from /home/airflow/.local/lib/python3.6/site-packages/airflow/example_dags/tutorial_etl_dag.py
[2023-06-12 08:09:48,909] {logging_mixin.py:104} INFO - [2023-06-12 08:09:48,909] {dag.py:1833} INFO - Sync 1 DAGs
[2023-06-12 08:09:48,922] {logging_mixin.py:104} INFO - [2023-06-12 08:09:48,922] {dag.py:2306} INFO - Setting next_dagrun for tutorial_etl_dag to None
[2023-06-12 08:09:48,930] {scheduler_job.py:189} INFO - Processing /home/airflow/.local/lib/python3.6/site-packages/airflow/example_dags/tutorial_etl_dag.py took 0.051 seconds
[2023-06-12 08:10:19,241] {scheduler_job.py:181} INFO - Started process (PID=2029) to work on /home/airflow/.local/lib/python3.6/site-packages/airflow/example_dags/tutorial_etl_dag.py
[2023-06-12 08:10:19,243] {scheduler_job.py:632} INFO - Processing file /home/airflow/.local/lib/python3.6/site-packages/airflow/example_dags/tutorial_etl_dag.py for tasks to queue
[2023-06-12 08:10:19,244] {logging_mixin.py:104} INFO - [2023-06-12 08:10:19,243] {dagbag.py:496} INFO - Filling up the DagBag from /home/airflow/.local/lib/python3.6/site-packages/airflow/example_dags/tutorial_etl_dag.py
[2023-06-12 08:10:19,254] {scheduler_job.py:642} INFO - DAG(s) dict_keys(['tutorial_etl_dag']) retrieved from /home/airflow/.local/lib/python3.6/site-packages/airflow/example_dags/tutorial_etl_dag.py
[2023-06-12 08:10:19,271] {logging_mixin.py:104} INFO - [2023-06-12 08:10:19,271] {dag.py:1833} INFO - Sync 1 DAGs
[2023-06-12 08:10:19,284] {logging_mixin.py:104} INFO - [2023-06-12 08:10:19,284] {dag.py:2306} INFO - Setting next_dagrun for tutorial_etl_dag to None
[2023-06-12 08:10:19,295] {scheduler_job.py:189} INFO - Processing /home/airflow/.local/lib/python3.6/site-packages/airflow/example_dags/tutorial_etl_dag.py took 0.056 seconds
[2023-06-12 08:10:49,781] {scheduler_job.py:181} INFO - Started process (PID=2092) to work on /home/airflow/.local/lib/python3.6/site-packages/airflow/example_dags/tutorial_etl_dag.py
[2023-06-12 08:10:49,782] {scheduler_job.py:632} INFO - Processing file /home/airflow/.local/lib/python3.6/site-packages/airflow/example_dags/tutorial_etl_dag.py for tasks to queue
[2023-06-12 08:10:49,783] {logging_mixin.py:104} INFO - [2023-06-12 08:10:49,783] {dagbag.py:496} INFO - Filling up the DagBag from /home/airflow/.local/lib/python3.6/site-packages/airflow/example_dags/tutorial_etl_dag.py
[2023-06-12 08:10:49,792] {scheduler_job.py:642} INFO - DAG(s) dict_keys(['tutorial_etl_dag']) retrieved from /home/airflow/.local/lib/python3.6/site-packages/airflow/example_dags/tutorial_etl_dag.py
[2023-06-12 08:10:49,810] {logging_mixin.py:104} INFO - [2023-06-12 08:10:49,810] {dag.py:1833} INFO - Sync 1 DAGs
[2023-06-12 08:10:49,821] {logging_mixin.py:104} INFO - [2023-06-12 08:10:49,821] {dag.py:2306} INFO - Setting next_dagrun for tutorial_etl_dag to None
[2023-06-12 08:10:49,831] {scheduler_job.py:189} INFO - Processing /home/airflow/.local/lib/python3.6/site-packages/airflow/example_dags/tutorial_etl_dag.py took 0.054 seconds
[2023-06-12 08:11:20,071] {scheduler_job.py:181} INFO - Started process (PID=2145) to work on /home/airflow/.local/lib/python3.6/site-packages/airflow/example_dags/tutorial_etl_dag.py
[2023-06-12 08:11:20,072] {scheduler_job.py:632} INFO - Processing file /home/airflow/.local/lib/python3.6/site-packages/airflow/example_dags/tutorial_etl_dag.py for tasks to queue
[2023-06-12 08:11:20,073] {logging_mixin.py:104} INFO - [2023-06-12 08:11:20,073] {dagbag.py:496} INFO - Filling up the DagBag from /home/airflow/.local/lib/python3.6/site-packages/airflow/example_dags/tutorial_etl_dag.py
[2023-06-12 08:11:20,082] {scheduler_job.py:642} INFO - DAG(s) dict_keys(['tutorial_etl_dag']) retrieved from /home/airflow/.local/lib/python3.6/site-packages/airflow/example_dags/tutorial_etl_dag.py
[2023-06-12 08:11:20,099] {logging_mixin.py:104} INFO - [2023-06-12 08:11:20,098] {dag.py:1833} INFO - Sync 1 DAGs
[2023-06-12 08:11:20,112] {logging_mixin.py:104} INFO - [2023-06-12 08:11:20,112] {dag.py:2306} INFO - Setting next_dagrun for tutorial_etl_dag to None
[2023-06-12 08:11:20,120] {scheduler_job.py:189} INFO - Processing /home/airflow/.local/lib/python3.6/site-packages/airflow/example_dags/tutorial_etl_dag.py took 0.052 seconds
[2023-06-12 08:11:50,620] {scheduler_job.py:181} INFO - Started process (PID=2208) to work on /home/airflow/.local/lib/python3.6/site-packages/airflow/example_dags/tutorial_etl_dag.py
[2023-06-12 08:11:50,621] {scheduler_job.py:632} INFO - Processing file /home/airflow/.local/lib/python3.6/site-packages/airflow/example_dags/tutorial_etl_dag.py for tasks to queue
[2023-06-12 08:11:50,622] {logging_mixin.py:104} INFO - [2023-06-12 08:11:50,622] {dagbag.py:496} INFO - Filling up the DagBag from /home/airflow/.local/lib/python3.6/site-packages/airflow/example_dags/tutorial_etl_dag.py
[2023-06-12 08:11:50,631] {scheduler_job.py:642} INFO - DAG(s) dict_keys(['tutorial_etl_dag']) retrieved from /home/airflow/.local/lib/python3.6/site-packages/airflow/example_dags/tutorial_etl_dag.py
[2023-06-12 08:11:50,647] {logging_mixin.py:104} INFO - [2023-06-12 08:11:50,647] {dag.py:1833} INFO - Sync 1 DAGs
[2023-06-12 08:11:50,659] {logging_mixin.py:104} INFO - [2023-06-12 08:11:50,658] {dag.py:2306} INFO - Setting next_dagrun for tutorial_etl_dag to None
[2023-06-12 08:11:50,668] {scheduler_job.py:189} INFO - Processing /home/airflow/.local/lib/python3.6/site-packages/airflow/example_dags/tutorial_etl_dag.py took 0.051 seconds
[2023-06-12 08:12:21,013] {scheduler_job.py:181} INFO - Started process (PID=2268) to work on /home/airflow/.local/lib/python3.6/site-packages/airflow/example_dags/tutorial_etl_dag.py
[2023-06-12 08:12:21,015] {scheduler_job.py:632} INFO - Processing file /home/airflow/.local/lib/python3.6/site-packages/airflow/example_dags/tutorial_etl_dag.py for tasks to queue
[2023-06-12 08:12:21,016] {logging_mixin.py:104} INFO - [2023-06-12 08:12:21,016] {dagbag.py:496} INFO - Filling up the DagBag from /home/airflow/.local/lib/python3.6/site-packages/airflow/example_dags/tutorial_etl_dag.py
[2023-06-12 08:12:21,030] {scheduler_job.py:642} INFO - DAG(s) dict_keys(['tutorial_etl_dag']) retrieved from /home/airflow/.local/lib/python3.6/site-packages/airflow/example_dags/tutorial_etl_dag.py
[2023-06-12 08:12:21,052] {logging_mixin.py:104} INFO - [2023-06-12 08:12:21,052] {dag.py:1833} INFO - Sync 1 DAGs
[2023-06-12 08:12:21,067] {logging_mixin.py:104} INFO - [2023-06-12 08:12:21,067] {dag.py:2306} INFO - Setting next_dagrun for tutorial_etl_dag to None
[2023-06-12 08:12:21,078] {scheduler_job.py:189} INFO - Processing /home/airflow/.local/lib/python3.6/site-packages/airflow/example_dags/tutorial_etl_dag.py took 0.068 seconds
[2023-06-12 08:12:51,147] {scheduler_job.py:181} INFO - Started process (PID=2324) to work on /home/airflow/.local/lib/python3.6/site-packages/airflow/example_dags/tutorial_etl_dag.py
[2023-06-12 08:12:51,149] {scheduler_job.py:632} INFO - Processing file /home/airflow/.local/lib/python3.6/site-packages/airflow/example_dags/tutorial_etl_dag.py for tasks to queue
[2023-06-12 08:12:51,150] {logging_mixin.py:104} INFO - [2023-06-12 08:12:51,149] {dagbag.py:496} INFO - Filling up the DagBag from /home/airflow/.local/lib/python3.6/site-packages/airflow/example_dags/tutorial_etl_dag.py
[2023-06-12 08:12:51,159] {scheduler_job.py:642} INFO - DAG(s) dict_keys(['tutorial_etl_dag']) retrieved from /home/airflow/.local/lib/python3.6/site-packages/airflow/example_dags/tutorial_etl_dag.py
[2023-06-12 08:12:51,175] {logging_mixin.py:104} INFO - [2023-06-12 08:12:51,175] {dag.py:1833} INFO - Sync 1 DAGs
[2023-06-12 08:12:51,186] {logging_mixin.py:104} INFO - [2023-06-12 08:12:51,186] {dag.py:2306} INFO - Setting next_dagrun for tutorial_etl_dag to None
[2023-06-12 08:12:51,195] {scheduler_job.py:189} INFO - Processing /home/airflow/.local/lib/python3.6/site-packages/airflow/example_dags/tutorial_etl_dag.py took 0.050 seconds
