[2023-06-12 07:53:28,427] {scheduler_job.py:181} INFO - Started process (PID=64) to work on /home/airflow/.local/lib/python3.6/site-packages/airflow/example_dags/tutorial_taskflow_api_etl.py
[2023-06-12 07:53:28,429] {scheduler_job.py:632} INFO - Processing file /home/airflow/.local/lib/python3.6/site-packages/airflow/example_dags/tutorial_taskflow_api_etl.py for tasks to queue
[2023-06-12 07:53:28,430] {logging_mixin.py:104} INFO - [2023-06-12 07:53:28,430] {dagbag.py:496} INFO - Filling up the DagBag from /home/airflow/.local/lib/python3.6/site-packages/airflow/example_dags/tutorial_taskflow_api_etl.py
[2023-06-12 07:53:28,446] {scheduler_job.py:642} INFO - DAG(s) dict_keys(['tutorial_taskflow_api_etl']) retrieved from /home/airflow/.local/lib/python3.6/site-packages/airflow/example_dags/tutorial_taskflow_api_etl.py
[2023-06-12 07:53:28,655] {logging_mixin.py:104} INFO - [2023-06-12 07:53:28,655] {dag.py:1833} INFO - Sync 1 DAGs
[2023-06-12 07:53:28,668] {logging_mixin.py:104} INFO - [2023-06-12 07:53:28,668] {dag.py:2306} INFO - Setting next_dagrun for tutorial_taskflow_api_etl to None
[2023-06-12 07:53:28,682] {scheduler_job.py:189} INFO - Processing /home/airflow/.local/lib/python3.6/site-packages/airflow/example_dags/tutorial_taskflow_api_etl.py took 0.258 seconds
[2023-06-12 07:53:59,121] {scheduler_job.py:181} INFO - Started process (PID=118) to work on /home/airflow/.local/lib/python3.6/site-packages/airflow/example_dags/tutorial_taskflow_api_etl.py
[2023-06-12 07:53:59,122] {scheduler_job.py:632} INFO - Processing file /home/airflow/.local/lib/python3.6/site-packages/airflow/example_dags/tutorial_taskflow_api_etl.py for tasks to queue
[2023-06-12 07:53:59,123] {logging_mixin.py:104} INFO - [2023-06-12 07:53:59,123] {dagbag.py:496} INFO - Filling up the DagBag from /home/airflow/.local/lib/python3.6/site-packages/airflow/example_dags/tutorial_taskflow_api_etl.py
[2023-06-12 07:53:59,135] {scheduler_job.py:642} INFO - DAG(s) dict_keys(['tutorial_taskflow_api_etl']) retrieved from /home/airflow/.local/lib/python3.6/site-packages/airflow/example_dags/tutorial_taskflow_api_etl.py
[2023-06-12 07:53:59,295] {logging_mixin.py:104} INFO - [2023-06-12 07:53:59,295] {dag.py:1833} INFO - Sync 1 DAGs
[2023-06-12 07:53:59,305] {logging_mixin.py:104} INFO - [2023-06-12 07:53:59,305] {dag.py:2306} INFO - Setting next_dagrun for tutorial_taskflow_api_etl to None
[2023-06-12 07:53:59,314] {scheduler_job.py:189} INFO - Processing /home/airflow/.local/lib/python3.6/site-packages/airflow/example_dags/tutorial_taskflow_api_etl.py took 0.195 seconds
[2023-06-12 07:54:29,567] {scheduler_job.py:181} INFO - Started process (PID=181) to work on /home/airflow/.local/lib/python3.6/site-packages/airflow/example_dags/tutorial_taskflow_api_etl.py
[2023-06-12 07:54:29,568] {scheduler_job.py:632} INFO - Processing file /home/airflow/.local/lib/python3.6/site-packages/airflow/example_dags/tutorial_taskflow_api_etl.py for tasks to queue
[2023-06-12 07:54:29,569] {logging_mixin.py:104} INFO - [2023-06-12 07:54:29,569] {dagbag.py:496} INFO - Filling up the DagBag from /home/airflow/.local/lib/python3.6/site-packages/airflow/example_dags/tutorial_taskflow_api_etl.py
[2023-06-12 07:54:29,581] {scheduler_job.py:642} INFO - DAG(s) dict_keys(['tutorial_taskflow_api_etl']) retrieved from /home/airflow/.local/lib/python3.6/site-packages/airflow/example_dags/tutorial_taskflow_api_etl.py
[2023-06-12 07:54:29,754] {logging_mixin.py:104} INFO - [2023-06-12 07:54:29,754] {dag.py:1833} INFO - Sync 1 DAGs
[2023-06-12 07:54:29,766] {logging_mixin.py:104} INFO - [2023-06-12 07:54:29,766] {dag.py:2306} INFO - Setting next_dagrun for tutorial_taskflow_api_etl to None
[2023-06-12 07:54:29,775] {scheduler_job.py:189} INFO - Processing /home/airflow/.local/lib/python3.6/site-packages/airflow/example_dags/tutorial_taskflow_api_etl.py took 0.211 seconds
[2023-06-12 07:55:00,502] {scheduler_job.py:181} INFO - Started process (PID=234) to work on /home/airflow/.local/lib/python3.6/site-packages/airflow/example_dags/tutorial_taskflow_api_etl.py
[2023-06-12 07:55:00,504] {scheduler_job.py:632} INFO - Processing file /home/airflow/.local/lib/python3.6/site-packages/airflow/example_dags/tutorial_taskflow_api_etl.py for tasks to queue
[2023-06-12 07:55:00,504] {logging_mixin.py:104} INFO - [2023-06-12 07:55:00,504] {dagbag.py:496} INFO - Filling up the DagBag from /home/airflow/.local/lib/python3.6/site-packages/airflow/example_dags/tutorial_taskflow_api_etl.py
[2023-06-12 07:55:00,516] {scheduler_job.py:642} INFO - DAG(s) dict_keys(['tutorial_taskflow_api_etl']) retrieved from /home/airflow/.local/lib/python3.6/site-packages/airflow/example_dags/tutorial_taskflow_api_etl.py
[2023-06-12 07:55:00,671] {logging_mixin.py:104} INFO - [2023-06-12 07:55:00,670] {dag.py:1833} INFO - Sync 1 DAGs
[2023-06-12 07:55:00,681] {logging_mixin.py:104} INFO - [2023-06-12 07:55:00,681] {dag.py:2306} INFO - Setting next_dagrun for tutorial_taskflow_api_etl to None
[2023-06-12 07:55:00,692] {scheduler_job.py:189} INFO - Processing /home/airflow/.local/lib/python3.6/site-packages/airflow/example_dags/tutorial_taskflow_api_etl.py took 0.192 seconds
[2023-06-12 07:55:30,971] {scheduler_job.py:181} INFO - Started process (PID=297) to work on /home/airflow/.local/lib/python3.6/site-packages/airflow/example_dags/tutorial_taskflow_api_etl.py
[2023-06-12 07:55:30,972] {scheduler_job.py:632} INFO - Processing file /home/airflow/.local/lib/python3.6/site-packages/airflow/example_dags/tutorial_taskflow_api_etl.py for tasks to queue
[2023-06-12 07:55:30,973] {logging_mixin.py:104} INFO - [2023-06-12 07:55:30,973] {dagbag.py:496} INFO - Filling up the DagBag from /home/airflow/.local/lib/python3.6/site-packages/airflow/example_dags/tutorial_taskflow_api_etl.py
[2023-06-12 07:55:30,985] {scheduler_job.py:642} INFO - DAG(s) dict_keys(['tutorial_taskflow_api_etl']) retrieved from /home/airflow/.local/lib/python3.6/site-packages/airflow/example_dags/tutorial_taskflow_api_etl.py
[2023-06-12 07:55:31,142] {logging_mixin.py:104} INFO - [2023-06-12 07:55:31,141] {dag.py:1833} INFO - Sync 1 DAGs
[2023-06-12 07:55:31,152] {logging_mixin.py:104} INFO - [2023-06-12 07:55:31,151] {dag.py:2306} INFO - Setting next_dagrun for tutorial_taskflow_api_etl to None
[2023-06-12 07:55:31,161] {scheduler_job.py:189} INFO - Processing /home/airflow/.local/lib/python3.6/site-packages/airflow/example_dags/tutorial_taskflow_api_etl.py took 0.192 seconds
[2023-06-12 07:56:01,418] {scheduler_job.py:181} INFO - Started process (PID=360) to work on /home/airflow/.local/lib/python3.6/site-packages/airflow/example_dags/tutorial_taskflow_api_etl.py
[2023-06-12 07:56:01,420] {scheduler_job.py:632} INFO - Processing file /home/airflow/.local/lib/python3.6/site-packages/airflow/example_dags/tutorial_taskflow_api_etl.py for tasks to queue
[2023-06-12 07:56:01,420] {logging_mixin.py:104} INFO - [2023-06-12 07:56:01,420] {dagbag.py:496} INFO - Filling up the DagBag from /home/airflow/.local/lib/python3.6/site-packages/airflow/example_dags/tutorial_taskflow_api_etl.py
[2023-06-12 07:56:01,433] {scheduler_job.py:642} INFO - DAG(s) dict_keys(['tutorial_taskflow_api_etl']) retrieved from /home/airflow/.local/lib/python3.6/site-packages/airflow/example_dags/tutorial_taskflow_api_etl.py
[2023-06-12 07:56:01,594] {logging_mixin.py:104} INFO - [2023-06-12 07:56:01,594] {dag.py:1833} INFO - Sync 1 DAGs
[2023-06-12 07:56:01,605] {logging_mixin.py:104} INFO - [2023-06-12 07:56:01,605] {dag.py:2306} INFO - Setting next_dagrun for tutorial_taskflow_api_etl to None
[2023-06-12 07:56:01,616] {scheduler_job.py:189} INFO - Processing /home/airflow/.local/lib/python3.6/site-packages/airflow/example_dags/tutorial_taskflow_api_etl.py took 0.200 seconds
[2023-06-12 07:56:31,999] {scheduler_job.py:181} INFO - Started process (PID=413) to work on /home/airflow/.local/lib/python3.6/site-packages/airflow/example_dags/tutorial_taskflow_api_etl.py
[2023-06-12 07:56:32,001] {scheduler_job.py:632} INFO - Processing file /home/airflow/.local/lib/python3.6/site-packages/airflow/example_dags/tutorial_taskflow_api_etl.py for tasks to queue
[2023-06-12 07:56:32,001] {logging_mixin.py:104} INFO - [2023-06-12 07:56:32,001] {dagbag.py:496} INFO - Filling up the DagBag from /home/airflow/.local/lib/python3.6/site-packages/airflow/example_dags/tutorial_taskflow_api_etl.py
[2023-06-12 07:56:32,017] {scheduler_job.py:642} INFO - DAG(s) dict_keys(['tutorial_taskflow_api_etl']) retrieved from /home/airflow/.local/lib/python3.6/site-packages/airflow/example_dags/tutorial_taskflow_api_etl.py
[2023-06-12 07:56:32,196] {logging_mixin.py:104} INFO - [2023-06-12 07:56:32,196] {dag.py:1833} INFO - Sync 1 DAGs
[2023-06-12 07:56:32,209] {logging_mixin.py:104} INFO - [2023-06-12 07:56:32,209] {dag.py:2306} INFO - Setting next_dagrun for tutorial_taskflow_api_etl to None
[2023-06-12 07:56:32,221] {scheduler_job.py:189} INFO - Processing /home/airflow/.local/lib/python3.6/site-packages/airflow/example_dags/tutorial_taskflow_api_etl.py took 0.224 seconds
[2023-06-12 07:57:02,865] {scheduler_job.py:181} INFO - Started process (PID=476) to work on /home/airflow/.local/lib/python3.6/site-packages/airflow/example_dags/tutorial_taskflow_api_etl.py
[2023-06-12 07:57:02,866] {scheduler_job.py:632} INFO - Processing file /home/airflow/.local/lib/python3.6/site-packages/airflow/example_dags/tutorial_taskflow_api_etl.py for tasks to queue
[2023-06-12 07:57:02,867] {logging_mixin.py:104} INFO - [2023-06-12 07:57:02,867] {dagbag.py:496} INFO - Filling up the DagBag from /home/airflow/.local/lib/python3.6/site-packages/airflow/example_dags/tutorial_taskflow_api_etl.py
[2023-06-12 07:57:02,880] {scheduler_job.py:642} INFO - DAG(s) dict_keys(['tutorial_taskflow_api_etl']) retrieved from /home/airflow/.local/lib/python3.6/site-packages/airflow/example_dags/tutorial_taskflow_api_etl.py
[2023-06-12 07:57:03,044] {logging_mixin.py:104} INFO - [2023-06-12 07:57:03,044] {dag.py:1833} INFO - Sync 1 DAGs
[2023-06-12 07:57:03,056] {logging_mixin.py:104} INFO - [2023-06-12 07:57:03,056] {dag.py:2306} INFO - Setting next_dagrun for tutorial_taskflow_api_etl to None
[2023-06-12 07:57:03,067] {scheduler_job.py:189} INFO - Processing /home/airflow/.local/lib/python3.6/site-packages/airflow/example_dags/tutorial_taskflow_api_etl.py took 0.204 seconds
[2023-06-12 07:57:33,129] {scheduler_job.py:181} INFO - Started process (PID=529) to work on /home/airflow/.local/lib/python3.6/site-packages/airflow/example_dags/tutorial_taskflow_api_etl.py
[2023-06-12 07:57:33,130] {scheduler_job.py:632} INFO - Processing file /home/airflow/.local/lib/python3.6/site-packages/airflow/example_dags/tutorial_taskflow_api_etl.py for tasks to queue
[2023-06-12 07:57:33,131] {logging_mixin.py:104} INFO - [2023-06-12 07:57:33,131] {dagbag.py:496} INFO - Filling up the DagBag from /home/airflow/.local/lib/python3.6/site-packages/airflow/example_dags/tutorial_taskflow_api_etl.py
[2023-06-12 07:57:33,144] {scheduler_job.py:642} INFO - DAG(s) dict_keys(['tutorial_taskflow_api_etl']) retrieved from /home/airflow/.local/lib/python3.6/site-packages/airflow/example_dags/tutorial_taskflow_api_etl.py
[2023-06-12 07:57:33,305] {logging_mixin.py:104} INFO - [2023-06-12 07:57:33,305] {dag.py:1833} INFO - Sync 1 DAGs
[2023-06-12 07:57:33,315] {logging_mixin.py:104} INFO - [2023-06-12 07:57:33,315] {dag.py:2306} INFO - Setting next_dagrun for tutorial_taskflow_api_etl to None
[2023-06-12 07:57:33,325] {scheduler_job.py:189} INFO - Processing /home/airflow/.local/lib/python3.6/site-packages/airflow/example_dags/tutorial_taskflow_api_etl.py took 0.199 seconds
[2023-06-12 07:58:04,238] {scheduler_job.py:181} INFO - Started process (PID=592) to work on /home/airflow/.local/lib/python3.6/site-packages/airflow/example_dags/tutorial_taskflow_api_etl.py
[2023-06-12 07:58:04,239] {scheduler_job.py:632} INFO - Processing file /home/airflow/.local/lib/python3.6/site-packages/airflow/example_dags/tutorial_taskflow_api_etl.py for tasks to queue
[2023-06-12 07:58:04,240] {logging_mixin.py:104} INFO - [2023-06-12 07:58:04,240] {dagbag.py:496} INFO - Filling up the DagBag from /home/airflow/.local/lib/python3.6/site-packages/airflow/example_dags/tutorial_taskflow_api_etl.py
[2023-06-12 07:58:04,253] {scheduler_job.py:642} INFO - DAG(s) dict_keys(['tutorial_taskflow_api_etl']) retrieved from /home/airflow/.local/lib/python3.6/site-packages/airflow/example_dags/tutorial_taskflow_api_etl.py
[2023-06-12 07:58:04,430] {logging_mixin.py:104} INFO - [2023-06-12 07:58:04,430] {dag.py:1833} INFO - Sync 1 DAGs
[2023-06-12 07:58:04,444] {logging_mixin.py:104} INFO - [2023-06-12 07:58:04,444] {dag.py:2306} INFO - Setting next_dagrun for tutorial_taskflow_api_etl to None
[2023-06-12 07:58:04,456] {scheduler_job.py:189} INFO - Processing /home/airflow/.local/lib/python3.6/site-packages/airflow/example_dags/tutorial_taskflow_api_etl.py took 0.221 seconds
[2023-06-12 07:58:34,636] {scheduler_job.py:181} INFO - Started process (PID=655) to work on /home/airflow/.local/lib/python3.6/site-packages/airflow/example_dags/tutorial_taskflow_api_etl.py
[2023-06-12 07:58:34,638] {scheduler_job.py:632} INFO - Processing file /home/airflow/.local/lib/python3.6/site-packages/airflow/example_dags/tutorial_taskflow_api_etl.py for tasks to queue
[2023-06-12 07:58:34,639] {logging_mixin.py:104} INFO - [2023-06-12 07:58:34,639] {dagbag.py:496} INFO - Filling up the DagBag from /home/airflow/.local/lib/python3.6/site-packages/airflow/example_dags/tutorial_taskflow_api_etl.py
[2023-06-12 07:58:34,652] {scheduler_job.py:642} INFO - DAG(s) dict_keys(['tutorial_taskflow_api_etl']) retrieved from /home/airflow/.local/lib/python3.6/site-packages/airflow/example_dags/tutorial_taskflow_api_etl.py
[2023-06-12 07:58:34,808] {logging_mixin.py:104} INFO - [2023-06-12 07:58:34,807] {dag.py:1833} INFO - Sync 1 DAGs
[2023-06-12 07:58:34,820] {logging_mixin.py:104} INFO - [2023-06-12 07:58:34,820] {dag.py:2306} INFO - Setting next_dagrun for tutorial_taskflow_api_etl to None
[2023-06-12 07:58:34,832] {scheduler_job.py:189} INFO - Processing /home/airflow/.local/lib/python3.6/site-packages/airflow/example_dags/tutorial_taskflow_api_etl.py took 0.199 seconds
[2023-06-12 07:59:05,601] {scheduler_job.py:181} INFO - Started process (PID=708) to work on /home/airflow/.local/lib/python3.6/site-packages/airflow/example_dags/tutorial_taskflow_api_etl.py
[2023-06-12 07:59:05,602] {scheduler_job.py:632} INFO - Processing file /home/airflow/.local/lib/python3.6/site-packages/airflow/example_dags/tutorial_taskflow_api_etl.py for tasks to queue
[2023-06-12 07:59:05,603] {logging_mixin.py:104} INFO - [2023-06-12 07:59:05,603] {dagbag.py:496} INFO - Filling up the DagBag from /home/airflow/.local/lib/python3.6/site-packages/airflow/example_dags/tutorial_taskflow_api_etl.py
[2023-06-12 07:59:05,615] {scheduler_job.py:642} INFO - DAG(s) dict_keys(['tutorial_taskflow_api_etl']) retrieved from /home/airflow/.local/lib/python3.6/site-packages/airflow/example_dags/tutorial_taskflow_api_etl.py
[2023-06-12 07:59:05,797] {logging_mixin.py:104} INFO - [2023-06-12 07:59:05,797] {dag.py:1833} INFO - Sync 1 DAGs
[2023-06-12 07:59:05,830] {logging_mixin.py:104} INFO - [2023-06-12 07:59:05,830] {dag.py:2306} INFO - Setting next_dagrun for tutorial_taskflow_api_etl to None
[2023-06-12 07:59:05,854] {scheduler_job.py:189} INFO - Processing /home/airflow/.local/lib/python3.6/site-packages/airflow/example_dags/tutorial_taskflow_api_etl.py took 0.256 seconds
[2023-06-12 07:59:36,493] {scheduler_job.py:181} INFO - Started process (PID=771) to work on /home/airflow/.local/lib/python3.6/site-packages/airflow/example_dags/tutorial_taskflow_api_etl.py
[2023-06-12 07:59:36,494] {scheduler_job.py:632} INFO - Processing file /home/airflow/.local/lib/python3.6/site-packages/airflow/example_dags/tutorial_taskflow_api_etl.py for tasks to queue
[2023-06-12 07:59:36,495] {logging_mixin.py:104} INFO - [2023-06-12 07:59:36,495] {dagbag.py:496} INFO - Filling up the DagBag from /home/airflow/.local/lib/python3.6/site-packages/airflow/example_dags/tutorial_taskflow_api_etl.py
[2023-06-12 07:59:36,507] {scheduler_job.py:642} INFO - DAG(s) dict_keys(['tutorial_taskflow_api_etl']) retrieved from /home/airflow/.local/lib/python3.6/site-packages/airflow/example_dags/tutorial_taskflow_api_etl.py
[2023-06-12 07:59:36,658] {logging_mixin.py:104} INFO - [2023-06-12 07:59:36,658] {dag.py:1833} INFO - Sync 1 DAGs
[2023-06-12 07:59:36,667] {logging_mixin.py:104} INFO - [2023-06-12 07:59:36,667] {dag.py:2306} INFO - Setting next_dagrun for tutorial_taskflow_api_etl to None
[2023-06-12 07:59:36,677] {scheduler_job.py:189} INFO - Processing /home/airflow/.local/lib/python3.6/site-packages/airflow/example_dags/tutorial_taskflow_api_etl.py took 0.186 seconds
[2023-06-12 08:00:07,483] {scheduler_job.py:181} INFO - Started process (PID=834) to work on /home/airflow/.local/lib/python3.6/site-packages/airflow/example_dags/tutorial_taskflow_api_etl.py
[2023-06-12 08:00:07,484] {scheduler_job.py:632} INFO - Processing file /home/airflow/.local/lib/python3.6/site-packages/airflow/example_dags/tutorial_taskflow_api_etl.py for tasks to queue
[2023-06-12 08:00:07,486] {logging_mixin.py:104} INFO - [2023-06-12 08:00:07,485] {dagbag.py:496} INFO - Filling up the DagBag from /home/airflow/.local/lib/python3.6/site-packages/airflow/example_dags/tutorial_taskflow_api_etl.py
[2023-06-12 08:00:07,500] {scheduler_job.py:642} INFO - DAG(s) dict_keys(['tutorial_taskflow_api_etl']) retrieved from /home/airflow/.local/lib/python3.6/site-packages/airflow/example_dags/tutorial_taskflow_api_etl.py
[2023-06-12 08:00:07,664] {logging_mixin.py:104} INFO - [2023-06-12 08:00:07,664] {dag.py:1833} INFO - Sync 1 DAGs
[2023-06-12 08:00:07,677] {logging_mixin.py:104} INFO - [2023-06-12 08:00:07,677] {dag.py:2306} INFO - Setting next_dagrun for tutorial_taskflow_api_etl to None
[2023-06-12 08:00:07,687] {scheduler_job.py:189} INFO - Processing /home/airflow/.local/lib/python3.6/site-packages/airflow/example_dags/tutorial_taskflow_api_etl.py took 0.207 seconds
[2023-06-12 08:00:37,722] {scheduler_job.py:181} INFO - Started process (PID=887) to work on /home/airflow/.local/lib/python3.6/site-packages/airflow/example_dags/tutorial_taskflow_api_etl.py
[2023-06-12 08:00:37,723] {scheduler_job.py:632} INFO - Processing file /home/airflow/.local/lib/python3.6/site-packages/airflow/example_dags/tutorial_taskflow_api_etl.py for tasks to queue
[2023-06-12 08:00:37,724] {logging_mixin.py:104} INFO - [2023-06-12 08:00:37,724] {dagbag.py:496} INFO - Filling up the DagBag from /home/airflow/.local/lib/python3.6/site-packages/airflow/example_dags/tutorial_taskflow_api_etl.py
[2023-06-12 08:00:37,737] {scheduler_job.py:642} INFO - DAG(s) dict_keys(['tutorial_taskflow_api_etl']) retrieved from /home/airflow/.local/lib/python3.6/site-packages/airflow/example_dags/tutorial_taskflow_api_etl.py
[2023-06-12 08:00:37,890] {logging_mixin.py:104} INFO - [2023-06-12 08:00:37,890] {dag.py:1833} INFO - Sync 1 DAGs
[2023-06-12 08:00:37,901] {logging_mixin.py:104} INFO - [2023-06-12 08:00:37,901] {dag.py:2306} INFO - Setting next_dagrun for tutorial_taskflow_api_etl to None
[2023-06-12 08:00:37,911] {scheduler_job.py:189} INFO - Processing /home/airflow/.local/lib/python3.6/site-packages/airflow/example_dags/tutorial_taskflow_api_etl.py took 0.191 seconds
[2023-06-12 08:01:08,609] {scheduler_job.py:181} INFO - Started process (PID=950) to work on /home/airflow/.local/lib/python3.6/site-packages/airflow/example_dags/tutorial_taskflow_api_etl.py
[2023-06-12 08:01:08,610] {scheduler_job.py:632} INFO - Processing file /home/airflow/.local/lib/python3.6/site-packages/airflow/example_dags/tutorial_taskflow_api_etl.py for tasks to queue
[2023-06-12 08:01:08,611] {logging_mixin.py:104} INFO - [2023-06-12 08:01:08,610] {dagbag.py:496} INFO - Filling up the DagBag from /home/airflow/.local/lib/python3.6/site-packages/airflow/example_dags/tutorial_taskflow_api_etl.py
[2023-06-12 08:01:08,624] {scheduler_job.py:642} INFO - DAG(s) dict_keys(['tutorial_taskflow_api_etl']) retrieved from /home/airflow/.local/lib/python3.6/site-packages/airflow/example_dags/tutorial_taskflow_api_etl.py
[2023-06-12 08:01:08,775] {logging_mixin.py:104} INFO - [2023-06-12 08:01:08,775] {dag.py:1833} INFO - Sync 1 DAGs
[2023-06-12 08:01:08,786] {logging_mixin.py:104} INFO - [2023-06-12 08:01:08,786] {dag.py:2306} INFO - Setting next_dagrun for tutorial_taskflow_api_etl to None
[2023-06-12 08:01:08,796] {scheduler_job.py:189} INFO - Processing /home/airflow/.local/lib/python3.6/site-packages/airflow/example_dags/tutorial_taskflow_api_etl.py took 0.190 seconds
[2023-06-12 08:01:39,498] {scheduler_job.py:181} INFO - Started process (PID=1012) to work on /home/airflow/.local/lib/python3.6/site-packages/airflow/example_dags/tutorial_taskflow_api_etl.py
[2023-06-12 08:01:39,499] {scheduler_job.py:632} INFO - Processing file /home/airflow/.local/lib/python3.6/site-packages/airflow/example_dags/tutorial_taskflow_api_etl.py for tasks to queue
[2023-06-12 08:01:39,500] {logging_mixin.py:104} INFO - [2023-06-12 08:01:39,500] {dagbag.py:496} INFO - Filling up the DagBag from /home/airflow/.local/lib/python3.6/site-packages/airflow/example_dags/tutorial_taskflow_api_etl.py
[2023-06-12 08:01:39,514] {scheduler_job.py:642} INFO - DAG(s) dict_keys(['tutorial_taskflow_api_etl']) retrieved from /home/airflow/.local/lib/python3.6/site-packages/airflow/example_dags/tutorial_taskflow_api_etl.py
[2023-06-12 08:01:39,701] {logging_mixin.py:104} INFO - [2023-06-12 08:01:39,701] {dag.py:1833} INFO - Sync 1 DAGs
[2023-06-12 08:01:39,713] {logging_mixin.py:104} INFO - [2023-06-12 08:01:39,713] {dag.py:2306} INFO - Setting next_dagrun for tutorial_taskflow_api_etl to None
[2023-06-12 08:01:39,726] {scheduler_job.py:189} INFO - Processing /home/airflow/.local/lib/python3.6/site-packages/airflow/example_dags/tutorial_taskflow_api_etl.py took 0.231 seconds
[2023-06-12 08:02:09,771] {scheduler_job.py:181} INFO - Started process (PID=1066) to work on /home/airflow/.local/lib/python3.6/site-packages/airflow/example_dags/tutorial_taskflow_api_etl.py
[2023-06-12 08:02:09,772] {scheduler_job.py:632} INFO - Processing file /home/airflow/.local/lib/python3.6/site-packages/airflow/example_dags/tutorial_taskflow_api_etl.py for tasks to queue
[2023-06-12 08:02:09,773] {logging_mixin.py:104} INFO - [2023-06-12 08:02:09,773] {dagbag.py:496} INFO - Filling up the DagBag from /home/airflow/.local/lib/python3.6/site-packages/airflow/example_dags/tutorial_taskflow_api_etl.py
[2023-06-12 08:02:09,785] {scheduler_job.py:642} INFO - DAG(s) dict_keys(['tutorial_taskflow_api_etl']) retrieved from /home/airflow/.local/lib/python3.6/site-packages/airflow/example_dags/tutorial_taskflow_api_etl.py
[2023-06-12 08:02:09,950] {logging_mixin.py:104} INFO - [2023-06-12 08:02:09,950] {dag.py:1833} INFO - Sync 1 DAGs
[2023-06-12 08:02:09,962] {logging_mixin.py:104} INFO - [2023-06-12 08:02:09,962] {dag.py:2306} INFO - Setting next_dagrun for tutorial_taskflow_api_etl to None
[2023-06-12 08:02:09,976] {scheduler_job.py:189} INFO - Processing /home/airflow/.local/lib/python3.6/site-packages/airflow/example_dags/tutorial_taskflow_api_etl.py took 0.208 seconds
[2023-06-12 08:02:40,091] {scheduler_job.py:181} INFO - Started process (PID=1129) to work on /home/airflow/.local/lib/python3.6/site-packages/airflow/example_dags/tutorial_taskflow_api_etl.py
[2023-06-12 08:02:40,092] {scheduler_job.py:632} INFO - Processing file /home/airflow/.local/lib/python3.6/site-packages/airflow/example_dags/tutorial_taskflow_api_etl.py for tasks to queue
[2023-06-12 08:02:40,093] {logging_mixin.py:104} INFO - [2023-06-12 08:02:40,093] {dagbag.py:496} INFO - Filling up the DagBag from /home/airflow/.local/lib/python3.6/site-packages/airflow/example_dags/tutorial_taskflow_api_etl.py
[2023-06-12 08:02:40,105] {scheduler_job.py:642} INFO - DAG(s) dict_keys(['tutorial_taskflow_api_etl']) retrieved from /home/airflow/.local/lib/python3.6/site-packages/airflow/example_dags/tutorial_taskflow_api_etl.py
[2023-06-12 08:02:40,257] {logging_mixin.py:104} INFO - [2023-06-12 08:02:40,256] {dag.py:1833} INFO - Sync 1 DAGs
[2023-06-12 08:02:40,267] {logging_mixin.py:104} INFO - [2023-06-12 08:02:40,267] {dag.py:2306} INFO - Setting next_dagrun for tutorial_taskflow_api_etl to None
[2023-06-12 08:02:40,278] {scheduler_job.py:189} INFO - Processing /home/airflow/.local/lib/python3.6/site-packages/airflow/example_dags/tutorial_taskflow_api_etl.py took 0.190 seconds
[2023-06-12 08:03:10,400] {scheduler_job.py:181} INFO - Started process (PID=1182) to work on /home/airflow/.local/lib/python3.6/site-packages/airflow/example_dags/tutorial_taskflow_api_etl.py
[2023-06-12 08:03:10,401] {scheduler_job.py:632} INFO - Processing file /home/airflow/.local/lib/python3.6/site-packages/airflow/example_dags/tutorial_taskflow_api_etl.py for tasks to queue
[2023-06-12 08:03:10,402] {logging_mixin.py:104} INFO - [2023-06-12 08:03:10,402] {dagbag.py:496} INFO - Filling up the DagBag from /home/airflow/.local/lib/python3.6/site-packages/airflow/example_dags/tutorial_taskflow_api_etl.py
[2023-06-12 08:03:10,414] {scheduler_job.py:642} INFO - DAG(s) dict_keys(['tutorial_taskflow_api_etl']) retrieved from /home/airflow/.local/lib/python3.6/site-packages/airflow/example_dags/tutorial_taskflow_api_etl.py
[2023-06-12 08:03:10,642] {logging_mixin.py:104} INFO - [2023-06-12 08:03:10,642] {dag.py:1833} INFO - Sync 1 DAGs
[2023-06-12 08:03:10,654] {logging_mixin.py:104} INFO - [2023-06-12 08:03:10,654] {dag.py:2306} INFO - Setting next_dagrun for tutorial_taskflow_api_etl to None
[2023-06-12 08:03:10,665] {scheduler_job.py:189} INFO - Processing /home/airflow/.local/lib/python3.6/site-packages/airflow/example_dags/tutorial_taskflow_api_etl.py took 0.268 seconds
[2023-06-12 08:03:40,793] {scheduler_job.py:181} INFO - Started process (PID=1245) to work on /home/airflow/.local/lib/python3.6/site-packages/airflow/example_dags/tutorial_taskflow_api_etl.py
[2023-06-12 08:03:40,794] {scheduler_job.py:632} INFO - Processing file /home/airflow/.local/lib/python3.6/site-packages/airflow/example_dags/tutorial_taskflow_api_etl.py for tasks to queue
[2023-06-12 08:03:40,795] {logging_mixin.py:104} INFO - [2023-06-12 08:03:40,795] {dagbag.py:496} INFO - Filling up the DagBag from /home/airflow/.local/lib/python3.6/site-packages/airflow/example_dags/tutorial_taskflow_api_etl.py
[2023-06-12 08:03:40,808] {scheduler_job.py:642} INFO - DAG(s) dict_keys(['tutorial_taskflow_api_etl']) retrieved from /home/airflow/.local/lib/python3.6/site-packages/airflow/example_dags/tutorial_taskflow_api_etl.py
[2023-06-12 08:03:40,967] {logging_mixin.py:104} INFO - [2023-06-12 08:03:40,967] {dag.py:1833} INFO - Sync 1 DAGs
[2023-06-12 08:03:40,983] {logging_mixin.py:104} INFO - [2023-06-12 08:03:40,983] {dag.py:2306} INFO - Setting next_dagrun for tutorial_taskflow_api_etl to None
[2023-06-12 08:03:40,995] {scheduler_job.py:189} INFO - Processing /home/airflow/.local/lib/python3.6/site-packages/airflow/example_dags/tutorial_taskflow_api_etl.py took 0.205 seconds
[2023-06-12 08:04:11,139] {scheduler_job.py:181} INFO - Started process (PID=1306) to work on /home/airflow/.local/lib/python3.6/site-packages/airflow/example_dags/tutorial_taskflow_api_etl.py
[2023-06-12 08:04:11,140] {scheduler_job.py:632} INFO - Processing file /home/airflow/.local/lib/python3.6/site-packages/airflow/example_dags/tutorial_taskflow_api_etl.py for tasks to queue
[2023-06-12 08:04:11,142] {logging_mixin.py:104} INFO - [2023-06-12 08:04:11,141] {dagbag.py:496} INFO - Filling up the DagBag from /home/airflow/.local/lib/python3.6/site-packages/airflow/example_dags/tutorial_taskflow_api_etl.py
[2023-06-12 08:04:11,157] {scheduler_job.py:642} INFO - DAG(s) dict_keys(['tutorial_taskflow_api_etl']) retrieved from /home/airflow/.local/lib/python3.6/site-packages/airflow/example_dags/tutorial_taskflow_api_etl.py
[2023-06-12 08:04:11,372] {logging_mixin.py:104} INFO - [2023-06-12 08:04:11,372] {dag.py:1833} INFO - Sync 1 DAGs
[2023-06-12 08:04:11,385] {logging_mixin.py:104} INFO - [2023-06-12 08:04:11,385] {dag.py:2306} INFO - Setting next_dagrun for tutorial_taskflow_api_etl to None
[2023-06-12 08:04:11,398] {scheduler_job.py:189} INFO - Processing /home/airflow/.local/lib/python3.6/site-packages/airflow/example_dags/tutorial_taskflow_api_etl.py took 0.261 seconds
[2023-06-12 08:04:41,569] {scheduler_job.py:181} INFO - Started process (PID=1362) to work on /home/airflow/.local/lib/python3.6/site-packages/airflow/example_dags/tutorial_taskflow_api_etl.py
[2023-06-12 08:04:41,571] {scheduler_job.py:632} INFO - Processing file /home/airflow/.local/lib/python3.6/site-packages/airflow/example_dags/tutorial_taskflow_api_etl.py for tasks to queue
[2023-06-12 08:04:41,595] {logging_mixin.py:104} INFO - [2023-06-12 08:04:41,594] {dagbag.py:496} INFO - Filling up the DagBag from /home/airflow/.local/lib/python3.6/site-packages/airflow/example_dags/tutorial_taskflow_api_etl.py
[2023-06-12 08:04:41,627] {scheduler_job.py:642} INFO - DAG(s) dict_keys(['tutorial_taskflow_api_etl']) retrieved from /home/airflow/.local/lib/python3.6/site-packages/airflow/example_dags/tutorial_taskflow_api_etl.py
[2023-06-12 08:04:41,787] {logging_mixin.py:104} INFO - [2023-06-12 08:04:41,787] {dag.py:1833} INFO - Sync 1 DAGs
[2023-06-12 08:04:41,800] {logging_mixin.py:104} INFO - [2023-06-12 08:04:41,800] {dag.py:2306} INFO - Setting next_dagrun for tutorial_taskflow_api_etl to None
[2023-06-12 08:04:41,809] {scheduler_job.py:189} INFO - Processing /home/airflow/.local/lib/python3.6/site-packages/airflow/example_dags/tutorial_taskflow_api_etl.py took 0.242 seconds
[2023-06-12 08:05:12,002] {scheduler_job.py:181} INFO - Started process (PID=1425) to work on /home/airflow/.local/lib/python3.6/site-packages/airflow/example_dags/tutorial_taskflow_api_etl.py
[2023-06-12 08:05:12,004] {scheduler_job.py:632} INFO - Processing file /home/airflow/.local/lib/python3.6/site-packages/airflow/example_dags/tutorial_taskflow_api_etl.py for tasks to queue
[2023-06-12 08:05:12,005] {logging_mixin.py:104} INFO - [2023-06-12 08:05:12,005] {dagbag.py:496} INFO - Filling up the DagBag from /home/airflow/.local/lib/python3.6/site-packages/airflow/example_dags/tutorial_taskflow_api_etl.py
[2023-06-12 08:05:12,023] {scheduler_job.py:642} INFO - DAG(s) dict_keys(['tutorial_taskflow_api_etl']) retrieved from /home/airflow/.local/lib/python3.6/site-packages/airflow/example_dags/tutorial_taskflow_api_etl.py
[2023-06-12 08:05:12,201] {logging_mixin.py:104} INFO - [2023-06-12 08:05:12,201] {dag.py:1833} INFO - Sync 1 DAGs
[2023-06-12 08:05:12,212] {logging_mixin.py:104} INFO - [2023-06-12 08:05:12,212] {dag.py:2306} INFO - Setting next_dagrun for tutorial_taskflow_api_etl to None
[2023-06-12 08:05:12,222] {scheduler_job.py:189} INFO - Processing /home/airflow/.local/lib/python3.6/site-packages/airflow/example_dags/tutorial_taskflow_api_etl.py took 0.223 seconds
[2023-06-12 08:05:42,264] {scheduler_job.py:181} INFO - Started process (PID=1481) to work on /home/airflow/.local/lib/python3.6/site-packages/airflow/example_dags/tutorial_taskflow_api_etl.py
[2023-06-12 08:05:42,266] {scheduler_job.py:632} INFO - Processing file /home/airflow/.local/lib/python3.6/site-packages/airflow/example_dags/tutorial_taskflow_api_etl.py for tasks to queue
[2023-06-12 08:05:42,267] {logging_mixin.py:104} INFO - [2023-06-12 08:05:42,267] {dagbag.py:496} INFO - Filling up the DagBag from /home/airflow/.local/lib/python3.6/site-packages/airflow/example_dags/tutorial_taskflow_api_etl.py
[2023-06-12 08:05:42,281] {scheduler_job.py:642} INFO - DAG(s) dict_keys(['tutorial_taskflow_api_etl']) retrieved from /home/airflow/.local/lib/python3.6/site-packages/airflow/example_dags/tutorial_taskflow_api_etl.py
[2023-06-12 08:05:42,447] {logging_mixin.py:104} INFO - [2023-06-12 08:05:42,447] {dag.py:1833} INFO - Sync 1 DAGs
[2023-06-12 08:05:42,458] {logging_mixin.py:104} INFO - [2023-06-12 08:05:42,458] {dag.py:2306} INFO - Setting next_dagrun for tutorial_taskflow_api_etl to None
[2023-06-12 08:05:42,467] {scheduler_job.py:189} INFO - Processing /home/airflow/.local/lib/python3.6/site-packages/airflow/example_dags/tutorial_taskflow_api_etl.py took 0.205 seconds
[2023-06-12 08:06:12,713] {scheduler_job.py:181} INFO - Started process (PID=1542) to work on /home/airflow/.local/lib/python3.6/site-packages/airflow/example_dags/tutorial_taskflow_api_etl.py
[2023-06-12 08:06:12,715] {scheduler_job.py:632} INFO - Processing file /home/airflow/.local/lib/python3.6/site-packages/airflow/example_dags/tutorial_taskflow_api_etl.py for tasks to queue
[2023-06-12 08:06:12,716] {logging_mixin.py:104} INFO - [2023-06-12 08:06:12,715] {dagbag.py:496} INFO - Filling up the DagBag from /home/airflow/.local/lib/python3.6/site-packages/airflow/example_dags/tutorial_taskflow_api_etl.py
[2023-06-12 08:06:12,729] {scheduler_job.py:642} INFO - DAG(s) dict_keys(['tutorial_taskflow_api_etl']) retrieved from /home/airflow/.local/lib/python3.6/site-packages/airflow/example_dags/tutorial_taskflow_api_etl.py
[2023-06-12 08:06:12,894] {logging_mixin.py:104} INFO - [2023-06-12 08:06:12,894] {dag.py:1833} INFO - Sync 1 DAGs
[2023-06-12 08:06:12,909] {logging_mixin.py:104} INFO - [2023-06-12 08:06:12,909] {dag.py:2306} INFO - Setting next_dagrun for tutorial_taskflow_api_etl to None
[2023-06-12 08:06:12,922] {scheduler_job.py:189} INFO - Processing /home/airflow/.local/lib/python3.6/site-packages/airflow/example_dags/tutorial_taskflow_api_etl.py took 0.212 seconds
[2023-06-12 08:06:43,091] {scheduler_job.py:181} INFO - Started process (PID=1597) to work on /home/airflow/.local/lib/python3.6/site-packages/airflow/example_dags/tutorial_taskflow_api_etl.py
[2023-06-12 08:06:43,092] {scheduler_job.py:632} INFO - Processing file /home/airflow/.local/lib/python3.6/site-packages/airflow/example_dags/tutorial_taskflow_api_etl.py for tasks to queue
[2023-06-12 08:06:43,093] {logging_mixin.py:104} INFO - [2023-06-12 08:06:43,093] {dagbag.py:496} INFO - Filling up the DagBag from /home/airflow/.local/lib/python3.6/site-packages/airflow/example_dags/tutorial_taskflow_api_etl.py
[2023-06-12 08:06:43,108] {scheduler_job.py:642} INFO - DAG(s) dict_keys(['tutorial_taskflow_api_etl']) retrieved from /home/airflow/.local/lib/python3.6/site-packages/airflow/example_dags/tutorial_taskflow_api_etl.py
[2023-06-12 08:06:43,290] {logging_mixin.py:104} INFO - [2023-06-12 08:06:43,290] {dag.py:1833} INFO - Sync 1 DAGs
[2023-06-12 08:06:43,301] {logging_mixin.py:104} INFO - [2023-06-12 08:06:43,301] {dag.py:2306} INFO - Setting next_dagrun for tutorial_taskflow_api_etl to None
[2023-06-12 08:06:43,312] {scheduler_job.py:189} INFO - Processing /home/airflow/.local/lib/python3.6/site-packages/airflow/example_dags/tutorial_taskflow_api_etl.py took 0.224 seconds
[2023-06-12 08:07:13,842] {scheduler_job.py:181} INFO - Started process (PID=1658) to work on /home/airflow/.local/lib/python3.6/site-packages/airflow/example_dags/tutorial_taskflow_api_etl.py
[2023-06-12 08:07:13,843] {scheduler_job.py:632} INFO - Processing file /home/airflow/.local/lib/python3.6/site-packages/airflow/example_dags/tutorial_taskflow_api_etl.py for tasks to queue
[2023-06-12 08:07:13,844] {logging_mixin.py:104} INFO - [2023-06-12 08:07:13,843] {dagbag.py:496} INFO - Filling up the DagBag from /home/airflow/.local/lib/python3.6/site-packages/airflow/example_dags/tutorial_taskflow_api_etl.py
[2023-06-12 08:07:13,858] {scheduler_job.py:642} INFO - DAG(s) dict_keys(['tutorial_taskflow_api_etl']) retrieved from /home/airflow/.local/lib/python3.6/site-packages/airflow/example_dags/tutorial_taskflow_api_etl.py
[2023-06-12 08:07:14,023] {logging_mixin.py:104} INFO - [2023-06-12 08:07:14,023] {dag.py:1833} INFO - Sync 1 DAGs
[2023-06-12 08:07:14,035] {logging_mixin.py:104} INFO - [2023-06-12 08:07:14,035] {dag.py:2306} INFO - Setting next_dagrun for tutorial_taskflow_api_etl to None
[2023-06-12 08:07:14,047] {scheduler_job.py:189} INFO - Processing /home/airflow/.local/lib/python3.6/site-packages/airflow/example_dags/tutorial_taskflow_api_etl.py took 0.208 seconds
[2023-06-12 08:07:44,197] {scheduler_job.py:181} INFO - Started process (PID=1721) to work on /home/airflow/.local/lib/python3.6/site-packages/airflow/example_dags/tutorial_taskflow_api_etl.py
[2023-06-12 08:07:44,198] {scheduler_job.py:632} INFO - Processing file /home/airflow/.local/lib/python3.6/site-packages/airflow/example_dags/tutorial_taskflow_api_etl.py for tasks to queue
[2023-06-12 08:07:44,199] {logging_mixin.py:104} INFO - [2023-06-12 08:07:44,199] {dagbag.py:496} INFO - Filling up the DagBag from /home/airflow/.local/lib/python3.6/site-packages/airflow/example_dags/tutorial_taskflow_api_etl.py
[2023-06-12 08:07:44,214] {scheduler_job.py:642} INFO - DAG(s) dict_keys(['tutorial_taskflow_api_etl']) retrieved from /home/airflow/.local/lib/python3.6/site-packages/airflow/example_dags/tutorial_taskflow_api_etl.py
[2023-06-12 08:07:44,366] {logging_mixin.py:104} INFO - [2023-06-12 08:07:44,366] {dag.py:1833} INFO - Sync 1 DAGs
[2023-06-12 08:07:44,376] {logging_mixin.py:104} INFO - [2023-06-12 08:07:44,376] {dag.py:2306} INFO - Setting next_dagrun for tutorial_taskflow_api_etl to None
[2023-06-12 08:07:44,385] {scheduler_job.py:189} INFO - Processing /home/airflow/.local/lib/python3.6/site-packages/airflow/example_dags/tutorial_taskflow_api_etl.py took 0.191 seconds
[2023-06-12 08:08:14,503] {scheduler_job.py:181} INFO - Started process (PID=1774) to work on /home/airflow/.local/lib/python3.6/site-packages/airflow/example_dags/tutorial_taskflow_api_etl.py
[2023-06-12 08:08:14,505] {scheduler_job.py:632} INFO - Processing file /home/airflow/.local/lib/python3.6/site-packages/airflow/example_dags/tutorial_taskflow_api_etl.py for tasks to queue
[2023-06-12 08:08:14,505] {logging_mixin.py:104} INFO - [2023-06-12 08:08:14,505] {dagbag.py:496} INFO - Filling up the DagBag from /home/airflow/.local/lib/python3.6/site-packages/airflow/example_dags/tutorial_taskflow_api_etl.py
[2023-06-12 08:08:14,519] {scheduler_job.py:642} INFO - DAG(s) dict_keys(['tutorial_taskflow_api_etl']) retrieved from /home/airflow/.local/lib/python3.6/site-packages/airflow/example_dags/tutorial_taskflow_api_etl.py
[2023-06-12 08:08:14,675] {logging_mixin.py:104} INFO - [2023-06-12 08:08:14,675] {dag.py:1833} INFO - Sync 1 DAGs
[2023-06-12 08:08:14,686] {logging_mixin.py:104} INFO - [2023-06-12 08:08:14,686] {dag.py:2306} INFO - Setting next_dagrun for tutorial_taskflow_api_etl to None
[2023-06-12 08:08:14,696] {scheduler_job.py:189} INFO - Processing /home/airflow/.local/lib/python3.6/site-packages/airflow/example_dags/tutorial_taskflow_api_etl.py took 0.195 seconds
[2023-06-12 08:08:45,143] {scheduler_job.py:181} INFO - Started process (PID=1838) to work on /home/airflow/.local/lib/python3.6/site-packages/airflow/example_dags/tutorial_taskflow_api_etl.py
[2023-06-12 08:08:45,144] {scheduler_job.py:632} INFO - Processing file /home/airflow/.local/lib/python3.6/site-packages/airflow/example_dags/tutorial_taskflow_api_etl.py for tasks to queue
[2023-06-12 08:08:45,145] {logging_mixin.py:104} INFO - [2023-06-12 08:08:45,145] {dagbag.py:496} INFO - Filling up the DagBag from /home/airflow/.local/lib/python3.6/site-packages/airflow/example_dags/tutorial_taskflow_api_etl.py
[2023-06-12 08:08:45,163] {scheduler_job.py:642} INFO - DAG(s) dict_keys(['tutorial_taskflow_api_etl']) retrieved from /home/airflow/.local/lib/python3.6/site-packages/airflow/example_dags/tutorial_taskflow_api_etl.py
[2023-06-12 08:08:45,359] {logging_mixin.py:104} INFO - [2023-06-12 08:08:45,358] {dag.py:1833} INFO - Sync 1 DAGs
[2023-06-12 08:08:45,373] {logging_mixin.py:104} INFO - [2023-06-12 08:08:45,373] {dag.py:2306} INFO - Setting next_dagrun for tutorial_taskflow_api_etl to None
[2023-06-12 08:08:45,385] {scheduler_job.py:189} INFO - Processing /home/airflow/.local/lib/python3.6/site-packages/airflow/example_dags/tutorial_taskflow_api_etl.py took 0.246 seconds
[2023-06-12 08:09:15,492] {scheduler_job.py:181} INFO - Started process (PID=1900) to work on /home/airflow/.local/lib/python3.6/site-packages/airflow/example_dags/tutorial_taskflow_api_etl.py
[2023-06-12 08:09:15,493] {scheduler_job.py:632} INFO - Processing file /home/airflow/.local/lib/python3.6/site-packages/airflow/example_dags/tutorial_taskflow_api_etl.py for tasks to queue
[2023-06-12 08:09:15,494] {logging_mixin.py:104} INFO - [2023-06-12 08:09:15,494] {dagbag.py:496} INFO - Filling up the DagBag from /home/airflow/.local/lib/python3.6/site-packages/airflow/example_dags/tutorial_taskflow_api_etl.py
[2023-06-12 08:09:15,506] {scheduler_job.py:642} INFO - DAG(s) dict_keys(['tutorial_taskflow_api_etl']) retrieved from /home/airflow/.local/lib/python3.6/site-packages/airflow/example_dags/tutorial_taskflow_api_etl.py
[2023-06-12 08:09:15,662] {logging_mixin.py:104} INFO - [2023-06-12 08:09:15,662] {dag.py:1833} INFO - Sync 1 DAGs
[2023-06-12 08:09:15,673] {logging_mixin.py:104} INFO - [2023-06-12 08:09:15,673] {dag.py:2306} INFO - Setting next_dagrun for tutorial_taskflow_api_etl to None
[2023-06-12 08:09:15,682] {scheduler_job.py:189} INFO - Processing /home/airflow/.local/lib/python3.6/site-packages/airflow/example_dags/tutorial_taskflow_api_etl.py took 0.193 seconds
[2023-06-12 08:09:45,816] {scheduler_job.py:181} INFO - Started process (PID=1954) to work on /home/airflow/.local/lib/python3.6/site-packages/airflow/example_dags/tutorial_taskflow_api_etl.py
[2023-06-12 08:09:45,818] {scheduler_job.py:632} INFO - Processing file /home/airflow/.local/lib/python3.6/site-packages/airflow/example_dags/tutorial_taskflow_api_etl.py for tasks to queue
[2023-06-12 08:09:45,818] {logging_mixin.py:104} INFO - [2023-06-12 08:09:45,818] {dagbag.py:496} INFO - Filling up the DagBag from /home/airflow/.local/lib/python3.6/site-packages/airflow/example_dags/tutorial_taskflow_api_etl.py
[2023-06-12 08:09:45,830] {scheduler_job.py:642} INFO - DAG(s) dict_keys(['tutorial_taskflow_api_etl']) retrieved from /home/airflow/.local/lib/python3.6/site-packages/airflow/example_dags/tutorial_taskflow_api_etl.py
[2023-06-12 08:09:45,980] {logging_mixin.py:104} INFO - [2023-06-12 08:09:45,980] {dag.py:1833} INFO - Sync 1 DAGs
[2023-06-12 08:09:45,990] {logging_mixin.py:104} INFO - [2023-06-12 08:09:45,990] {dag.py:2306} INFO - Setting next_dagrun for tutorial_taskflow_api_etl to None
[2023-06-12 08:09:46,000] {scheduler_job.py:189} INFO - Processing /home/airflow/.local/lib/python3.6/site-packages/airflow/example_dags/tutorial_taskflow_api_etl.py took 0.186 seconds
[2023-06-12 08:10:16,368] {scheduler_job.py:181} INFO - Started process (PID=2017) to work on /home/airflow/.local/lib/python3.6/site-packages/airflow/example_dags/tutorial_taskflow_api_etl.py
[2023-06-12 08:10:16,369] {scheduler_job.py:632} INFO - Processing file /home/airflow/.local/lib/python3.6/site-packages/airflow/example_dags/tutorial_taskflow_api_etl.py for tasks to queue
[2023-06-12 08:10:16,370] {logging_mixin.py:104} INFO - [2023-06-12 08:10:16,370] {dagbag.py:496} INFO - Filling up the DagBag from /home/airflow/.local/lib/python3.6/site-packages/airflow/example_dags/tutorial_taskflow_api_etl.py
[2023-06-12 08:10:16,383] {scheduler_job.py:642} INFO - DAG(s) dict_keys(['tutorial_taskflow_api_etl']) retrieved from /home/airflow/.local/lib/python3.6/site-packages/airflow/example_dags/tutorial_taskflow_api_etl.py
[2023-06-12 08:10:16,534] {logging_mixin.py:104} INFO - [2023-06-12 08:10:16,534] {dag.py:1833} INFO - Sync 1 DAGs
[2023-06-12 08:10:16,546] {logging_mixin.py:104} INFO - [2023-06-12 08:10:16,546] {dag.py:2306} INFO - Setting next_dagrun for tutorial_taskflow_api_etl to None
[2023-06-12 08:10:16,556] {scheduler_job.py:189} INFO - Processing /home/airflow/.local/lib/python3.6/site-packages/airflow/example_dags/tutorial_taskflow_api_etl.py took 0.191 seconds
[2023-06-12 08:10:46,825] {scheduler_job.py:181} INFO - Started process (PID=2070) to work on /home/airflow/.local/lib/python3.6/site-packages/airflow/example_dags/tutorial_taskflow_api_etl.py
[2023-06-12 08:10:46,826] {scheduler_job.py:632} INFO - Processing file /home/airflow/.local/lib/python3.6/site-packages/airflow/example_dags/tutorial_taskflow_api_etl.py for tasks to queue
[2023-06-12 08:10:46,827] {logging_mixin.py:104} INFO - [2023-06-12 08:10:46,827] {dagbag.py:496} INFO - Filling up the DagBag from /home/airflow/.local/lib/python3.6/site-packages/airflow/example_dags/tutorial_taskflow_api_etl.py
[2023-06-12 08:10:46,842] {scheduler_job.py:642} INFO - DAG(s) dict_keys(['tutorial_taskflow_api_etl']) retrieved from /home/airflow/.local/lib/python3.6/site-packages/airflow/example_dags/tutorial_taskflow_api_etl.py
[2023-06-12 08:10:47,018] {logging_mixin.py:104} INFO - [2023-06-12 08:10:47,018] {dag.py:1833} INFO - Sync 1 DAGs
[2023-06-12 08:10:47,030] {logging_mixin.py:104} INFO - [2023-06-12 08:10:47,030] {dag.py:2306} INFO - Setting next_dagrun for tutorial_taskflow_api_etl to None
[2023-06-12 08:10:47,043] {scheduler_job.py:189} INFO - Processing /home/airflow/.local/lib/python3.6/site-packages/airflow/example_dags/tutorial_taskflow_api_etl.py took 0.220 seconds
[2023-06-12 08:11:17,455] {scheduler_job.py:181} INFO - Started process (PID=2133) to work on /home/airflow/.local/lib/python3.6/site-packages/airflow/example_dags/tutorial_taskflow_api_etl.py
[2023-06-12 08:11:17,456] {scheduler_job.py:632} INFO - Processing file /home/airflow/.local/lib/python3.6/site-packages/airflow/example_dags/tutorial_taskflow_api_etl.py for tasks to queue
[2023-06-12 08:11:17,457] {logging_mixin.py:104} INFO - [2023-06-12 08:11:17,457] {dagbag.py:496} INFO - Filling up the DagBag from /home/airflow/.local/lib/python3.6/site-packages/airflow/example_dags/tutorial_taskflow_api_etl.py
[2023-06-12 08:11:17,469] {scheduler_job.py:642} INFO - DAG(s) dict_keys(['tutorial_taskflow_api_etl']) retrieved from /home/airflow/.local/lib/python3.6/site-packages/airflow/example_dags/tutorial_taskflow_api_etl.py
[2023-06-12 08:11:17,637] {logging_mixin.py:104} INFO - [2023-06-12 08:11:17,637] {dag.py:1833} INFO - Sync 1 DAGs
[2023-06-12 08:11:17,650] {logging_mixin.py:104} INFO - [2023-06-12 08:11:17,650] {dag.py:2306} INFO - Setting next_dagrun for tutorial_taskflow_api_etl to None
[2023-06-12 08:11:17,662] {scheduler_job.py:189} INFO - Processing /home/airflow/.local/lib/python3.6/site-packages/airflow/example_dags/tutorial_taskflow_api_etl.py took 0.210 seconds
[2023-06-12 08:11:47,786] {scheduler_job.py:181} INFO - Started process (PID=2196) to work on /home/airflow/.local/lib/python3.6/site-packages/airflow/example_dags/tutorial_taskflow_api_etl.py
[2023-06-12 08:11:47,788] {scheduler_job.py:632} INFO - Processing file /home/airflow/.local/lib/python3.6/site-packages/airflow/example_dags/tutorial_taskflow_api_etl.py for tasks to queue
[2023-06-12 08:11:47,789] {logging_mixin.py:104} INFO - [2023-06-12 08:11:47,788] {dagbag.py:496} INFO - Filling up the DagBag from /home/airflow/.local/lib/python3.6/site-packages/airflow/example_dags/tutorial_taskflow_api_etl.py
[2023-06-12 08:11:47,801] {scheduler_job.py:642} INFO - DAG(s) dict_keys(['tutorial_taskflow_api_etl']) retrieved from /home/airflow/.local/lib/python3.6/site-packages/airflow/example_dags/tutorial_taskflow_api_etl.py
[2023-06-12 08:11:47,816] {logging_mixin.py:104} INFO - [2023-06-12 08:11:47,816] {dag.py:1833} INFO - Sync 1 DAGs
[2023-06-12 08:11:47,827] {logging_mixin.py:104} INFO - [2023-06-12 08:11:47,827] {dag.py:2306} INFO - Setting next_dagrun for tutorial_taskflow_api_etl to None
[2023-06-12 08:11:47,836] {scheduler_job.py:189} INFO - Processing /home/airflow/.local/lib/python3.6/site-packages/airflow/example_dags/tutorial_taskflow_api_etl.py took 0.052 seconds
[2023-06-12 08:12:17,929] {scheduler_job.py:181} INFO - Started process (PID=2249) to work on /home/airflow/.local/lib/python3.6/site-packages/airflow/example_dags/tutorial_taskflow_api_etl.py
[2023-06-12 08:12:17,930] {scheduler_job.py:632} INFO - Processing file /home/airflow/.local/lib/python3.6/site-packages/airflow/example_dags/tutorial_taskflow_api_etl.py for tasks to queue
[2023-06-12 08:12:17,931] {logging_mixin.py:104} INFO - [2023-06-12 08:12:17,931] {dagbag.py:496} INFO - Filling up the DagBag from /home/airflow/.local/lib/python3.6/site-packages/airflow/example_dags/tutorial_taskflow_api_etl.py
[2023-06-12 08:12:17,943] {scheduler_job.py:642} INFO - DAG(s) dict_keys(['tutorial_taskflow_api_etl']) retrieved from /home/airflow/.local/lib/python3.6/site-packages/airflow/example_dags/tutorial_taskflow_api_etl.py
[2023-06-12 08:12:18,101] {logging_mixin.py:104} INFO - [2023-06-12 08:12:18,101] {dag.py:1833} INFO - Sync 1 DAGs
[2023-06-12 08:12:18,112] {logging_mixin.py:104} INFO - [2023-06-12 08:12:18,112] {dag.py:2306} INFO - Setting next_dagrun for tutorial_taskflow_api_etl to None
[2023-06-12 08:12:18,122] {scheduler_job.py:189} INFO - Processing /home/airflow/.local/lib/python3.6/site-packages/airflow/example_dags/tutorial_taskflow_api_etl.py took 0.196 seconds
[2023-06-12 08:12:48,629] {scheduler_job.py:181} INFO - Started process (PID=2312) to work on /home/airflow/.local/lib/python3.6/site-packages/airflow/example_dags/tutorial_taskflow_api_etl.py
[2023-06-12 08:12:48,630] {scheduler_job.py:632} INFO - Processing file /home/airflow/.local/lib/python3.6/site-packages/airflow/example_dags/tutorial_taskflow_api_etl.py for tasks to queue
[2023-06-12 08:12:48,631] {logging_mixin.py:104} INFO - [2023-06-12 08:12:48,631] {dagbag.py:496} INFO - Filling up the DagBag from /home/airflow/.local/lib/python3.6/site-packages/airflow/example_dags/tutorial_taskflow_api_etl.py
[2023-06-12 08:12:48,644] {scheduler_job.py:642} INFO - DAG(s) dict_keys(['tutorial_taskflow_api_etl']) retrieved from /home/airflow/.local/lib/python3.6/site-packages/airflow/example_dags/tutorial_taskflow_api_etl.py
[2023-06-12 08:12:48,661] {logging_mixin.py:104} INFO - [2023-06-12 08:12:48,661] {dag.py:1833} INFO - Sync 1 DAGs
[2023-06-12 08:12:48,673] {logging_mixin.py:104} INFO - [2023-06-12 08:12:48,673] {dag.py:2306} INFO - Setting next_dagrun for tutorial_taskflow_api_etl to None
[2023-06-12 08:12:48,683] {scheduler_job.py:189} INFO - Processing /home/airflow/.local/lib/python3.6/site-packages/airflow/example_dags/tutorial_taskflow_api_etl.py took 0.056 seconds
