[2023-06-12 07:53:29,704] {scheduler_job.py:181} INFO - Started process (PID=73) to work on /home/airflow/.local/lib/python3.6/site-packages/airflow/example_dags/tutorial.py
[2023-06-12 07:53:29,706] {scheduler_job.py:632} INFO - Processing file /home/airflow/.local/lib/python3.6/site-packages/airflow/example_dags/tutorial.py for tasks to queue
[2023-06-12 07:53:29,708] {logging_mixin.py:104} INFO - [2023-06-12 07:53:29,708] {dagbag.py:496} INFO - Filling up the DagBag from /home/airflow/.local/lib/python3.6/site-packages/airflow/example_dags/tutorial.py
[2023-06-12 07:53:29,723] {scheduler_job.py:642} INFO - DAG(s) dict_keys(['tutorial']) retrieved from /home/airflow/.local/lib/python3.6/site-packages/airflow/example_dags/tutorial.py
[2023-06-12 07:53:30,092] {logging_mixin.py:104} INFO - [2023-06-12 07:53:30,091] {dag.py:1833} INFO - Sync 1 DAGs
[2023-06-12 07:53:30,115] {logging_mixin.py:104} INFO - [2023-06-12 07:53:30,115] {dag.py:2306} INFO - Setting next_dagrun for tutorial to 2023-06-10 00:00:00+00:00
[2023-06-12 07:53:30,134] {scheduler_job.py:189} INFO - Processing /home/airflow/.local/lib/python3.6/site-packages/airflow/example_dags/tutorial.py took 0.434 seconds
[2023-06-12 07:54:00,201] {scheduler_job.py:181} INFO - Started process (PID=126) to work on /home/airflow/.local/lib/python3.6/site-packages/airflow/example_dags/tutorial.py
[2023-06-12 07:54:00,203] {scheduler_job.py:632} INFO - Processing file /home/airflow/.local/lib/python3.6/site-packages/airflow/example_dags/tutorial.py for tasks to queue
[2023-06-12 07:54:00,204] {logging_mixin.py:104} INFO - [2023-06-12 07:54:00,204] {dagbag.py:496} INFO - Filling up the DagBag from /home/airflow/.local/lib/python3.6/site-packages/airflow/example_dags/tutorial.py
[2023-06-12 07:54:00,217] {scheduler_job.py:642} INFO - DAG(s) dict_keys(['tutorial']) retrieved from /home/airflow/.local/lib/python3.6/site-packages/airflow/example_dags/tutorial.py
[2023-06-12 07:54:00,242] {logging_mixin.py:104} INFO - [2023-06-12 07:54:00,242] {dag.py:1833} INFO - Sync 1 DAGs
[2023-06-12 07:54:00,259] {logging_mixin.py:104} INFO - [2023-06-12 07:54:00,259] {dag.py:2306} INFO - Setting next_dagrun for tutorial to 2023-06-10 00:00:00+00:00
[2023-06-12 07:54:00,272] {scheduler_job.py:189} INFO - Processing /home/airflow/.local/lib/python3.6/site-packages/airflow/example_dags/tutorial.py took 0.075 seconds
[2023-06-12 07:54:31,117] {scheduler_job.py:181} INFO - Started process (PID=189) to work on /home/airflow/.local/lib/python3.6/site-packages/airflow/example_dags/tutorial.py
[2023-06-12 07:54:31,118] {scheduler_job.py:632} INFO - Processing file /home/airflow/.local/lib/python3.6/site-packages/airflow/example_dags/tutorial.py for tasks to queue
[2023-06-12 07:54:31,119] {logging_mixin.py:104} INFO - [2023-06-12 07:54:31,119] {dagbag.py:496} INFO - Filling up the DagBag from /home/airflow/.local/lib/python3.6/site-packages/airflow/example_dags/tutorial.py
[2023-06-12 07:54:31,128] {scheduler_job.py:642} INFO - DAG(s) dict_keys(['tutorial']) retrieved from /home/airflow/.local/lib/python3.6/site-packages/airflow/example_dags/tutorial.py
[2023-06-12 07:54:31,143] {logging_mixin.py:104} INFO - [2023-06-12 07:54:31,143] {dag.py:1833} INFO - Sync 1 DAGs
[2023-06-12 07:54:31,155] {logging_mixin.py:104} INFO - [2023-06-12 07:54:31,154] {dag.py:2306} INFO - Setting next_dagrun for tutorial to 2023-06-10 00:00:00+00:00
[2023-06-12 07:54:31,164] {scheduler_job.py:189} INFO - Processing /home/airflow/.local/lib/python3.6/site-packages/airflow/example_dags/tutorial.py took 0.050 seconds
[2023-06-12 07:55:02,229] {scheduler_job.py:181} INFO - Started process (PID=251) to work on /home/airflow/.local/lib/python3.6/site-packages/airflow/example_dags/tutorial.py
[2023-06-12 07:55:02,230] {scheduler_job.py:632} INFO - Processing file /home/airflow/.local/lib/python3.6/site-packages/airflow/example_dags/tutorial.py for tasks to queue
[2023-06-12 07:55:02,231] {logging_mixin.py:104} INFO - [2023-06-12 07:55:02,231] {dagbag.py:496} INFO - Filling up the DagBag from /home/airflow/.local/lib/python3.6/site-packages/airflow/example_dags/tutorial.py
[2023-06-12 07:55:02,242] {scheduler_job.py:642} INFO - DAG(s) dict_keys(['tutorial']) retrieved from /home/airflow/.local/lib/python3.6/site-packages/airflow/example_dags/tutorial.py
[2023-06-12 07:55:02,261] {logging_mixin.py:104} INFO - [2023-06-12 07:55:02,261] {dag.py:1833} INFO - Sync 1 DAGs
[2023-06-12 07:55:02,274] {logging_mixin.py:104} INFO - [2023-06-12 07:55:02,274] {dag.py:2306} INFO - Setting next_dagrun for tutorial to 2023-06-10 00:00:00+00:00
[2023-06-12 07:55:02,283] {scheduler_job.py:189} INFO - Processing /home/airflow/.local/lib/python3.6/site-packages/airflow/example_dags/tutorial.py took 0.058 seconds
[2023-06-12 07:55:32,561] {scheduler_job.py:181} INFO - Started process (PID=305) to work on /home/airflow/.local/lib/python3.6/site-packages/airflow/example_dags/tutorial.py
[2023-06-12 07:55:32,563] {scheduler_job.py:632} INFO - Processing file /home/airflow/.local/lib/python3.6/site-packages/airflow/example_dags/tutorial.py for tasks to queue
[2023-06-12 07:55:32,563] {logging_mixin.py:104} INFO - [2023-06-12 07:55:32,563] {dagbag.py:496} INFO - Filling up the DagBag from /home/airflow/.local/lib/python3.6/site-packages/airflow/example_dags/tutorial.py
[2023-06-12 07:55:32,572] {scheduler_job.py:642} INFO - DAG(s) dict_keys(['tutorial']) retrieved from /home/airflow/.local/lib/python3.6/site-packages/airflow/example_dags/tutorial.py
[2023-06-12 07:55:32,589] {logging_mixin.py:104} INFO - [2023-06-12 07:55:32,589] {dag.py:1833} INFO - Sync 1 DAGs
[2023-06-12 07:55:32,601] {logging_mixin.py:104} INFO - [2023-06-12 07:55:32,601] {dag.py:2306} INFO - Setting next_dagrun for tutorial to 2023-06-10 00:00:00+00:00
[2023-06-12 07:55:32,611] {scheduler_job.py:189} INFO - Processing /home/airflow/.local/lib/python3.6/site-packages/airflow/example_dags/tutorial.py took 0.052 seconds
[2023-06-12 07:56:03,221] {scheduler_job.py:181} INFO - Started process (PID=368) to work on /home/airflow/.local/lib/python3.6/site-packages/airflow/example_dags/tutorial.py
[2023-06-12 07:56:03,223] {scheduler_job.py:632} INFO - Processing file /home/airflow/.local/lib/python3.6/site-packages/airflow/example_dags/tutorial.py for tasks to queue
[2023-06-12 07:56:03,224] {logging_mixin.py:104} INFO - [2023-06-12 07:56:03,224] {dagbag.py:496} INFO - Filling up the DagBag from /home/airflow/.local/lib/python3.6/site-packages/airflow/example_dags/tutorial.py
[2023-06-12 07:56:03,235] {scheduler_job.py:642} INFO - DAG(s) dict_keys(['tutorial']) retrieved from /home/airflow/.local/lib/python3.6/site-packages/airflow/example_dags/tutorial.py
[2023-06-12 07:56:03,255] {logging_mixin.py:104} INFO - [2023-06-12 07:56:03,254] {dag.py:1833} INFO - Sync 1 DAGs
[2023-06-12 07:56:03,267] {logging_mixin.py:104} INFO - [2023-06-12 07:56:03,267] {dag.py:2306} INFO - Setting next_dagrun for tutorial to 2023-06-10 00:00:00+00:00
[2023-06-12 07:56:03,277] {scheduler_job.py:189} INFO - Processing /home/airflow/.local/lib/python3.6/site-packages/airflow/example_dags/tutorial.py took 0.059 seconds
[2023-06-12 07:56:33,650] {scheduler_job.py:181} INFO - Started process (PID=421) to work on /home/airflow/.local/lib/python3.6/site-packages/airflow/example_dags/tutorial.py
[2023-06-12 07:56:33,652] {scheduler_job.py:632} INFO - Processing file /home/airflow/.local/lib/python3.6/site-packages/airflow/example_dags/tutorial.py for tasks to queue
[2023-06-12 07:56:33,653] {logging_mixin.py:104} INFO - [2023-06-12 07:56:33,652] {dagbag.py:496} INFO - Filling up the DagBag from /home/airflow/.local/lib/python3.6/site-packages/airflow/example_dags/tutorial.py
[2023-06-12 07:56:33,663] {scheduler_job.py:642} INFO - DAG(s) dict_keys(['tutorial']) retrieved from /home/airflow/.local/lib/python3.6/site-packages/airflow/example_dags/tutorial.py
[2023-06-12 07:56:33,680] {logging_mixin.py:104} INFO - [2023-06-12 07:56:33,680] {dag.py:1833} INFO - Sync 1 DAGs
[2023-06-12 07:56:33,692] {logging_mixin.py:104} INFO - [2023-06-12 07:56:33,691] {dag.py:2306} INFO - Setting next_dagrun for tutorial to 2023-06-10 00:00:00+00:00
[2023-06-12 07:56:33,702] {scheduler_job.py:189} INFO - Processing /home/airflow/.local/lib/python3.6/site-packages/airflow/example_dags/tutorial.py took 0.054 seconds
[2023-06-12 07:57:04,691] {scheduler_job.py:181} INFO - Started process (PID=484) to work on /home/airflow/.local/lib/python3.6/site-packages/airflow/example_dags/tutorial.py
[2023-06-12 07:57:04,692] {scheduler_job.py:632} INFO - Processing file /home/airflow/.local/lib/python3.6/site-packages/airflow/example_dags/tutorial.py for tasks to queue
[2023-06-12 07:57:04,694] {logging_mixin.py:104} INFO - [2023-06-12 07:57:04,694] {dagbag.py:496} INFO - Filling up the DagBag from /home/airflow/.local/lib/python3.6/site-packages/airflow/example_dags/tutorial.py
[2023-06-12 07:57:04,703] {scheduler_job.py:642} INFO - DAG(s) dict_keys(['tutorial']) retrieved from /home/airflow/.local/lib/python3.6/site-packages/airflow/example_dags/tutorial.py
[2023-06-12 07:57:04,724] {logging_mixin.py:104} INFO - [2023-06-12 07:57:04,724] {dag.py:1833} INFO - Sync 1 DAGs
[2023-06-12 07:57:04,737] {logging_mixin.py:104} INFO - [2023-06-12 07:57:04,737] {dag.py:2306} INFO - Setting next_dagrun for tutorial to 2023-06-10 00:00:00+00:00
[2023-06-12 07:57:04,749] {scheduler_job.py:189} INFO - Processing /home/airflow/.local/lib/python3.6/site-packages/airflow/example_dags/tutorial.py took 0.063 seconds
[2023-06-12 07:57:35,659] {scheduler_job.py:181} INFO - Started process (PID=547) to work on /home/airflow/.local/lib/python3.6/site-packages/airflow/example_dags/tutorial.py
[2023-06-12 07:57:35,660] {scheduler_job.py:632} INFO - Processing file /home/airflow/.local/lib/python3.6/site-packages/airflow/example_dags/tutorial.py for tasks to queue
[2023-06-12 07:57:35,661] {logging_mixin.py:104} INFO - [2023-06-12 07:57:35,661] {dagbag.py:496} INFO - Filling up the DagBag from /home/airflow/.local/lib/python3.6/site-packages/airflow/example_dags/tutorial.py
[2023-06-12 07:57:35,672] {scheduler_job.py:642} INFO - DAG(s) dict_keys(['tutorial']) retrieved from /home/airflow/.local/lib/python3.6/site-packages/airflow/example_dags/tutorial.py
[2023-06-12 07:57:35,691] {logging_mixin.py:104} INFO - [2023-06-12 07:57:35,691] {dag.py:1833} INFO - Sync 1 DAGs
[2023-06-12 07:57:35,706] {logging_mixin.py:104} INFO - [2023-06-12 07:57:35,706] {dag.py:2306} INFO - Setting next_dagrun for tutorial to 2023-06-10 00:00:00+00:00
[2023-06-12 07:57:35,716] {scheduler_job.py:189} INFO - Processing /home/airflow/.local/lib/python3.6/site-packages/airflow/example_dags/tutorial.py took 0.060 seconds
[2023-06-12 07:58:05,909] {scheduler_job.py:181} INFO - Started process (PID=600) to work on /home/airflow/.local/lib/python3.6/site-packages/airflow/example_dags/tutorial.py
[2023-06-12 07:58:05,910] {scheduler_job.py:632} INFO - Processing file /home/airflow/.local/lib/python3.6/site-packages/airflow/example_dags/tutorial.py for tasks to queue
[2023-06-12 07:58:05,911] {logging_mixin.py:104} INFO - [2023-06-12 07:58:05,911] {dagbag.py:496} INFO - Filling up the DagBag from /home/airflow/.local/lib/python3.6/site-packages/airflow/example_dags/tutorial.py
[2023-06-12 07:58:05,922] {scheduler_job.py:642} INFO - DAG(s) dict_keys(['tutorial']) retrieved from /home/airflow/.local/lib/python3.6/site-packages/airflow/example_dags/tutorial.py
[2023-06-12 07:58:05,939] {logging_mixin.py:104} INFO - [2023-06-12 07:58:05,939] {dag.py:1833} INFO - Sync 1 DAGs
[2023-06-12 07:58:05,951] {logging_mixin.py:104} INFO - [2023-06-12 07:58:05,951] {dag.py:2306} INFO - Setting next_dagrun for tutorial to 2023-06-10 00:00:00+00:00
[2023-06-12 07:58:05,960] {scheduler_job.py:189} INFO - Processing /home/airflow/.local/lib/python3.6/site-packages/airflow/example_dags/tutorial.py took 0.054 seconds
[2023-06-12 07:58:35,994] {scheduler_job.py:181} INFO - Started process (PID=662) to work on /home/airflow/.local/lib/python3.6/site-packages/airflow/example_dags/tutorial.py
[2023-06-12 07:58:35,996] {scheduler_job.py:632} INFO - Processing file /home/airflow/.local/lib/python3.6/site-packages/airflow/example_dags/tutorial.py for tasks to queue
[2023-06-12 07:58:35,997] {logging_mixin.py:104} INFO - [2023-06-12 07:58:35,997] {dagbag.py:496} INFO - Filling up the DagBag from /home/airflow/.local/lib/python3.6/site-packages/airflow/example_dags/tutorial.py
[2023-06-12 07:58:36,006] {scheduler_job.py:642} INFO - DAG(s) dict_keys(['tutorial']) retrieved from /home/airflow/.local/lib/python3.6/site-packages/airflow/example_dags/tutorial.py
[2023-06-12 07:58:36,022] {logging_mixin.py:104} INFO - [2023-06-12 07:58:36,022] {dag.py:1833} INFO - Sync 1 DAGs
[2023-06-12 07:58:36,033] {logging_mixin.py:104} INFO - [2023-06-12 07:58:36,033] {dag.py:2306} INFO - Setting next_dagrun for tutorial to 2023-06-10 00:00:00+00:00
[2023-06-12 07:58:36,041] {scheduler_job.py:189} INFO - Processing /home/airflow/.local/lib/python3.6/site-packages/airflow/example_dags/tutorial.py took 0.050 seconds
[2023-06-12 07:59:07,158] {scheduler_job.py:181} INFO - Started process (PID=725) to work on /home/airflow/.local/lib/python3.6/site-packages/airflow/example_dags/tutorial.py
[2023-06-12 07:59:07,159] {scheduler_job.py:632} INFO - Processing file /home/airflow/.local/lib/python3.6/site-packages/airflow/example_dags/tutorial.py for tasks to queue
[2023-06-12 07:59:07,160] {logging_mixin.py:104} INFO - [2023-06-12 07:59:07,160] {dagbag.py:496} INFO - Filling up the DagBag from /home/airflow/.local/lib/python3.6/site-packages/airflow/example_dags/tutorial.py
[2023-06-12 07:59:07,171] {scheduler_job.py:642} INFO - DAG(s) dict_keys(['tutorial']) retrieved from /home/airflow/.local/lib/python3.6/site-packages/airflow/example_dags/tutorial.py
[2023-06-12 07:59:07,191] {logging_mixin.py:104} INFO - [2023-06-12 07:59:07,190] {dag.py:1833} INFO - Sync 1 DAGs
[2023-06-12 07:59:07,205] {logging_mixin.py:104} INFO - [2023-06-12 07:59:07,204] {dag.py:2306} INFO - Setting next_dagrun for tutorial to 2023-06-10 00:00:00+00:00
[2023-06-12 07:59:07,215] {scheduler_job.py:189} INFO - Processing /home/airflow/.local/lib/python3.6/site-packages/airflow/example_dags/tutorial.py took 0.060 seconds
[2023-06-12 07:59:38,047] {scheduler_job.py:181} INFO - Started process (PID=779) to work on /home/airflow/.local/lib/python3.6/site-packages/airflow/example_dags/tutorial.py
[2023-06-12 07:59:38,048] {scheduler_job.py:632} INFO - Processing file /home/airflow/.local/lib/python3.6/site-packages/airflow/example_dags/tutorial.py for tasks to queue
[2023-06-12 07:59:38,049] {logging_mixin.py:104} INFO - [2023-06-12 07:59:38,049] {dagbag.py:496} INFO - Filling up the DagBag from /home/airflow/.local/lib/python3.6/site-packages/airflow/example_dags/tutorial.py
[2023-06-12 07:59:38,059] {scheduler_job.py:642} INFO - DAG(s) dict_keys(['tutorial']) retrieved from /home/airflow/.local/lib/python3.6/site-packages/airflow/example_dags/tutorial.py
[2023-06-12 07:59:38,078] {logging_mixin.py:104} INFO - [2023-06-12 07:59:38,078] {dag.py:1833} INFO - Sync 1 DAGs
[2023-06-12 07:59:38,091] {logging_mixin.py:104} INFO - [2023-06-12 07:59:38,090] {dag.py:2306} INFO - Setting next_dagrun for tutorial to 2023-06-10 00:00:00+00:00
[2023-06-12 07:59:38,102] {scheduler_job.py:189} INFO - Processing /home/airflow/.local/lib/python3.6/site-packages/airflow/example_dags/tutorial.py took 0.058 seconds
[2023-06-12 08:00:09,106] {scheduler_job.py:181} INFO - Started process (PID=842) to work on /home/airflow/.local/lib/python3.6/site-packages/airflow/example_dags/tutorial.py
[2023-06-12 08:00:09,107] {scheduler_job.py:632} INFO - Processing file /home/airflow/.local/lib/python3.6/site-packages/airflow/example_dags/tutorial.py for tasks to queue
[2023-06-12 08:00:09,108] {logging_mixin.py:104} INFO - [2023-06-12 08:00:09,108] {dagbag.py:496} INFO - Filling up the DagBag from /home/airflow/.local/lib/python3.6/site-packages/airflow/example_dags/tutorial.py
[2023-06-12 08:00:09,117] {scheduler_job.py:642} INFO - DAG(s) dict_keys(['tutorial']) retrieved from /home/airflow/.local/lib/python3.6/site-packages/airflow/example_dags/tutorial.py
[2023-06-12 08:00:09,133] {logging_mixin.py:104} INFO - [2023-06-12 08:00:09,133] {dag.py:1833} INFO - Sync 1 DAGs
[2023-06-12 08:00:09,145] {logging_mixin.py:104} INFO - [2023-06-12 08:00:09,145] {dag.py:2306} INFO - Setting next_dagrun for tutorial to 2023-06-10 00:00:00+00:00
[2023-06-12 08:00:09,156] {scheduler_job.py:189} INFO - Processing /home/airflow/.local/lib/python3.6/site-packages/airflow/example_dags/tutorial.py took 0.053 seconds
[2023-06-12 08:00:40,046] {scheduler_job.py:181} INFO - Started process (PID=895) to work on /home/airflow/.local/lib/python3.6/site-packages/airflow/example_dags/tutorial.py
[2023-06-12 08:00:40,048] {scheduler_job.py:632} INFO - Processing file /home/airflow/.local/lib/python3.6/site-packages/airflow/example_dags/tutorial.py for tasks to queue
[2023-06-12 08:00:40,049] {logging_mixin.py:104} INFO - [2023-06-12 08:00:40,048] {dagbag.py:496} INFO - Filling up the DagBag from /home/airflow/.local/lib/python3.6/site-packages/airflow/example_dags/tutorial.py
[2023-06-12 08:00:40,057] {scheduler_job.py:642} INFO - DAG(s) dict_keys(['tutorial']) retrieved from /home/airflow/.local/lib/python3.6/site-packages/airflow/example_dags/tutorial.py
[2023-06-12 08:00:40,074] {logging_mixin.py:104} INFO - [2023-06-12 08:00:40,074] {dag.py:1833} INFO - Sync 1 DAGs
[2023-06-12 08:00:40,087] {logging_mixin.py:104} INFO - [2023-06-12 08:00:40,086] {dag.py:2306} INFO - Setting next_dagrun for tutorial to 2023-06-10 00:00:00+00:00
[2023-06-12 08:00:40,098] {scheduler_job.py:189} INFO - Processing /home/airflow/.local/lib/python3.6/site-packages/airflow/example_dags/tutorial.py took 0.054 seconds
[2023-06-12 08:01:10,909] {scheduler_job.py:181} INFO - Started process (PID=958) to work on /home/airflow/.local/lib/python3.6/site-packages/airflow/example_dags/tutorial.py
[2023-06-12 08:01:10,910] {scheduler_job.py:632} INFO - Processing file /home/airflow/.local/lib/python3.6/site-packages/airflow/example_dags/tutorial.py for tasks to queue
[2023-06-12 08:01:10,911] {logging_mixin.py:104} INFO - [2023-06-12 08:01:10,911] {dagbag.py:496} INFO - Filling up the DagBag from /home/airflow/.local/lib/python3.6/site-packages/airflow/example_dags/tutorial.py
[2023-06-12 08:01:10,921] {scheduler_job.py:642} INFO - DAG(s) dict_keys(['tutorial']) retrieved from /home/airflow/.local/lib/python3.6/site-packages/airflow/example_dags/tutorial.py
[2023-06-12 08:01:10,941] {logging_mixin.py:104} INFO - [2023-06-12 08:01:10,940] {dag.py:1833} INFO - Sync 1 DAGs
[2023-06-12 08:01:10,956] {logging_mixin.py:104} INFO - [2023-06-12 08:01:10,956] {dag.py:2306} INFO - Setting next_dagrun for tutorial to 2023-06-10 00:00:00+00:00
[2023-06-12 08:01:10,966] {scheduler_job.py:189} INFO - Processing /home/airflow/.local/lib/python3.6/site-packages/airflow/example_dags/tutorial.py took 0.060 seconds
[2023-06-12 08:01:41,007] {scheduler_job.py:181} INFO - Started process (PID=1021) to work on /home/airflow/.local/lib/python3.6/site-packages/airflow/example_dags/tutorial.py
[2023-06-12 08:01:41,008] {scheduler_job.py:632} INFO - Processing file /home/airflow/.local/lib/python3.6/site-packages/airflow/example_dags/tutorial.py for tasks to queue
[2023-06-12 08:01:41,009] {logging_mixin.py:104} INFO - [2023-06-12 08:01:41,009] {dagbag.py:496} INFO - Filling up the DagBag from /home/airflow/.local/lib/python3.6/site-packages/airflow/example_dags/tutorial.py
[2023-06-12 08:01:41,018] {scheduler_job.py:642} INFO - DAG(s) dict_keys(['tutorial']) retrieved from /home/airflow/.local/lib/python3.6/site-packages/airflow/example_dags/tutorial.py
[2023-06-12 08:01:41,035] {logging_mixin.py:104} INFO - [2023-06-12 08:01:41,035] {dag.py:1833} INFO - Sync 1 DAGs
[2023-06-12 08:01:41,048] {logging_mixin.py:104} INFO - [2023-06-12 08:01:41,047] {dag.py:2306} INFO - Setting next_dagrun for tutorial to 2023-06-10 00:00:00+00:00
[2023-06-12 08:01:41,057] {scheduler_job.py:189} INFO - Processing /home/airflow/.local/lib/python3.6/site-packages/airflow/example_dags/tutorial.py took 0.053 seconds
[2023-06-12 08:02:11,242] {scheduler_job.py:181} INFO - Started process (PID=1074) to work on /home/airflow/.local/lib/python3.6/site-packages/airflow/example_dags/tutorial.py
[2023-06-12 08:02:11,243] {scheduler_job.py:632} INFO - Processing file /home/airflow/.local/lib/python3.6/site-packages/airflow/example_dags/tutorial.py for tasks to queue
[2023-06-12 08:02:11,245] {logging_mixin.py:104} INFO - [2023-06-12 08:02:11,244] {dagbag.py:496} INFO - Filling up the DagBag from /home/airflow/.local/lib/python3.6/site-packages/airflow/example_dags/tutorial.py
[2023-06-12 08:02:11,256] {scheduler_job.py:642} INFO - DAG(s) dict_keys(['tutorial']) retrieved from /home/airflow/.local/lib/python3.6/site-packages/airflow/example_dags/tutorial.py
[2023-06-12 08:02:11,281] {logging_mixin.py:104} INFO - [2023-06-12 08:02:11,281] {dag.py:1833} INFO - Sync 1 DAGs
[2023-06-12 08:02:11,296] {logging_mixin.py:104} INFO - [2023-06-12 08:02:11,296] {dag.py:2306} INFO - Setting next_dagrun for tutorial to 2023-06-10 00:00:00+00:00
[2023-06-12 08:02:11,306] {scheduler_job.py:189} INFO - Processing /home/airflow/.local/lib/python3.6/site-packages/airflow/example_dags/tutorial.py took 0.068 seconds
[2023-06-12 08:02:41,709] {scheduler_job.py:181} INFO - Started process (PID=1137) to work on /home/airflow/.local/lib/python3.6/site-packages/airflow/example_dags/tutorial.py
[2023-06-12 08:02:41,710] {scheduler_job.py:632} INFO - Processing file /home/airflow/.local/lib/python3.6/site-packages/airflow/example_dags/tutorial.py for tasks to queue
[2023-06-12 08:02:41,712] {logging_mixin.py:104} INFO - [2023-06-12 08:02:41,711] {dagbag.py:496} INFO - Filling up the DagBag from /home/airflow/.local/lib/python3.6/site-packages/airflow/example_dags/tutorial.py
[2023-06-12 08:02:41,721] {scheduler_job.py:642} INFO - DAG(s) dict_keys(['tutorial']) retrieved from /home/airflow/.local/lib/python3.6/site-packages/airflow/example_dags/tutorial.py
[2023-06-12 08:02:41,737] {logging_mixin.py:104} INFO - [2023-06-12 08:02:41,737] {dag.py:1833} INFO - Sync 1 DAGs
[2023-06-12 08:02:41,749] {logging_mixin.py:104} INFO - [2023-06-12 08:02:41,749] {dag.py:2306} INFO - Setting next_dagrun for tutorial to 2023-06-10 00:00:00+00:00
[2023-06-12 08:02:41,758] {scheduler_job.py:189} INFO - Processing /home/airflow/.local/lib/python3.6/site-packages/airflow/example_dags/tutorial.py took 0.052 seconds
[2023-06-12 08:03:11,970] {scheduler_job.py:181} INFO - Started process (PID=1190) to work on /home/airflow/.local/lib/python3.6/site-packages/airflow/example_dags/tutorial.py
[2023-06-12 08:03:11,972] {scheduler_job.py:632} INFO - Processing file /home/airflow/.local/lib/python3.6/site-packages/airflow/example_dags/tutorial.py for tasks to queue
[2023-06-12 08:03:11,973] {logging_mixin.py:104} INFO - [2023-06-12 08:03:11,973] {dagbag.py:496} INFO - Filling up the DagBag from /home/airflow/.local/lib/python3.6/site-packages/airflow/example_dags/tutorial.py
[2023-06-12 08:03:11,984] {scheduler_job.py:642} INFO - DAG(s) dict_keys(['tutorial']) retrieved from /home/airflow/.local/lib/python3.6/site-packages/airflow/example_dags/tutorial.py
[2023-06-12 08:03:12,004] {logging_mixin.py:104} INFO - [2023-06-12 08:03:12,004] {dag.py:1833} INFO - Sync 1 DAGs
[2023-06-12 08:03:12,019] {logging_mixin.py:104} INFO - [2023-06-12 08:03:12,019] {dag.py:2306} INFO - Setting next_dagrun for tutorial to 2023-06-10 00:00:00+00:00
[2023-06-12 08:03:12,029] {scheduler_job.py:189} INFO - Processing /home/airflow/.local/lib/python3.6/site-packages/airflow/example_dags/tutorial.py took 0.061 seconds
[2023-06-12 08:03:42,322] {scheduler_job.py:181} INFO - Started process (PID=1253) to work on /home/airflow/.local/lib/python3.6/site-packages/airflow/example_dags/tutorial.py
[2023-06-12 08:03:42,323] {scheduler_job.py:632} INFO - Processing file /home/airflow/.local/lib/python3.6/site-packages/airflow/example_dags/tutorial.py for tasks to queue
[2023-06-12 08:03:42,324] {logging_mixin.py:104} INFO - [2023-06-12 08:03:42,324] {dagbag.py:496} INFO - Filling up the DagBag from /home/airflow/.local/lib/python3.6/site-packages/airflow/example_dags/tutorial.py
[2023-06-12 08:03:42,335] {scheduler_job.py:642} INFO - DAG(s) dict_keys(['tutorial']) retrieved from /home/airflow/.local/lib/python3.6/site-packages/airflow/example_dags/tutorial.py
[2023-06-12 08:03:42,355] {logging_mixin.py:104} INFO - [2023-06-12 08:03:42,355] {dag.py:1833} INFO - Sync 1 DAGs
[2023-06-12 08:03:42,368] {logging_mixin.py:104} INFO - [2023-06-12 08:03:42,368] {dag.py:2306} INFO - Setting next_dagrun for tutorial to 2023-06-10 00:00:00+00:00
[2023-06-12 08:03:42,379] {scheduler_job.py:189} INFO - Processing /home/airflow/.local/lib/python3.6/site-packages/airflow/example_dags/tutorial.py took 0.060 seconds
[2023-06-12 08:04:12,761] {scheduler_job.py:181} INFO - Started process (PID=1317) to work on /home/airflow/.local/lib/python3.6/site-packages/airflow/example_dags/tutorial.py
[2023-06-12 08:04:12,762] {scheduler_job.py:632} INFO - Processing file /home/airflow/.local/lib/python3.6/site-packages/airflow/example_dags/tutorial.py for tasks to queue
[2023-06-12 08:04:12,763] {logging_mixin.py:104} INFO - [2023-06-12 08:04:12,763] {dagbag.py:496} INFO - Filling up the DagBag from /home/airflow/.local/lib/python3.6/site-packages/airflow/example_dags/tutorial.py
[2023-06-12 08:04:12,772] {scheduler_job.py:642} INFO - DAG(s) dict_keys(['tutorial']) retrieved from /home/airflow/.local/lib/python3.6/site-packages/airflow/example_dags/tutorial.py
[2023-06-12 08:04:12,790] {logging_mixin.py:104} INFO - [2023-06-12 08:04:12,790] {dag.py:1833} INFO - Sync 1 DAGs
[2023-06-12 08:04:12,801] {logging_mixin.py:104} INFO - [2023-06-12 08:04:12,801] {dag.py:2306} INFO - Setting next_dagrun for tutorial to 2023-06-10 00:00:00+00:00
[2023-06-12 08:04:12,809] {scheduler_job.py:189} INFO - Processing /home/airflow/.local/lib/python3.6/site-packages/airflow/example_dags/tutorial.py took 0.050 seconds
[2023-06-12 08:04:43,192] {scheduler_job.py:181} INFO - Started process (PID=1370) to work on /home/airflow/.local/lib/python3.6/site-packages/airflow/example_dags/tutorial.py
[2023-06-12 08:04:43,193] {scheduler_job.py:632} INFO - Processing file /home/airflow/.local/lib/python3.6/site-packages/airflow/example_dags/tutorial.py for tasks to queue
[2023-06-12 08:04:43,194] {logging_mixin.py:104} INFO - [2023-06-12 08:04:43,194] {dagbag.py:496} INFO - Filling up the DagBag from /home/airflow/.local/lib/python3.6/site-packages/airflow/example_dags/tutorial.py
[2023-06-12 08:04:43,204] {scheduler_job.py:642} INFO - DAG(s) dict_keys(['tutorial']) retrieved from /home/airflow/.local/lib/python3.6/site-packages/airflow/example_dags/tutorial.py
[2023-06-12 08:04:43,224] {logging_mixin.py:104} INFO - [2023-06-12 08:04:43,224] {dag.py:1833} INFO - Sync 1 DAGs
[2023-06-12 08:04:43,237] {logging_mixin.py:104} INFO - [2023-06-12 08:04:43,237] {dag.py:2306} INFO - Setting next_dagrun for tutorial to 2023-06-10 00:00:00+00:00
[2023-06-12 08:04:43,247] {scheduler_job.py:189} INFO - Processing /home/airflow/.local/lib/python3.6/site-packages/airflow/example_dags/tutorial.py took 0.058 seconds
[2023-06-12 08:05:13,523] {scheduler_job.py:181} INFO - Started process (PID=1433) to work on /home/airflow/.local/lib/python3.6/site-packages/airflow/example_dags/tutorial.py
[2023-06-12 08:05:13,525] {scheduler_job.py:632} INFO - Processing file /home/airflow/.local/lib/python3.6/site-packages/airflow/example_dags/tutorial.py for tasks to queue
[2023-06-12 08:05:13,526] {logging_mixin.py:104} INFO - [2023-06-12 08:05:13,525] {dagbag.py:496} INFO - Filling up the DagBag from /home/airflow/.local/lib/python3.6/site-packages/airflow/example_dags/tutorial.py
[2023-06-12 08:05:13,537] {scheduler_job.py:642} INFO - DAG(s) dict_keys(['tutorial']) retrieved from /home/airflow/.local/lib/python3.6/site-packages/airflow/example_dags/tutorial.py
[2023-06-12 08:05:13,554] {logging_mixin.py:104} INFO - [2023-06-12 08:05:13,553] {dag.py:1833} INFO - Sync 1 DAGs
[2023-06-12 08:05:13,566] {logging_mixin.py:104} INFO - [2023-06-12 08:05:13,565] {dag.py:2306} INFO - Setting next_dagrun for tutorial to 2023-06-10 00:00:00+00:00
[2023-06-12 08:05:13,574] {scheduler_job.py:189} INFO - Processing /home/airflow/.local/lib/python3.6/site-packages/airflow/example_dags/tutorial.py took 0.053 seconds
[2023-06-12 08:05:44,727] {scheduler_job.py:181} INFO - Started process (PID=1487) to work on /home/airflow/.local/lib/python3.6/site-packages/airflow/example_dags/tutorial.py
[2023-06-12 08:05:44,729] {scheduler_job.py:632} INFO - Processing file /home/airflow/.local/lib/python3.6/site-packages/airflow/example_dags/tutorial.py for tasks to queue
[2023-06-12 08:05:44,730] {logging_mixin.py:104} INFO - [2023-06-12 08:05:44,730] {dagbag.py:496} INFO - Filling up the DagBag from /home/airflow/.local/lib/python3.6/site-packages/airflow/example_dags/tutorial.py
[2023-06-12 08:05:44,739] {scheduler_job.py:642} INFO - DAG(s) dict_keys(['tutorial']) retrieved from /home/airflow/.local/lib/python3.6/site-packages/airflow/example_dags/tutorial.py
[2023-06-12 08:05:44,806] {logging_mixin.py:104} INFO - [2023-06-12 08:05:44,806] {dag.py:1833} INFO - Sync 1 DAGs
[2023-06-12 08:05:44,821] {logging_mixin.py:104} INFO - [2023-06-12 08:05:44,821] {dag.py:2306} INFO - Setting next_dagrun for tutorial to 2023-06-10 00:00:00+00:00
[2023-06-12 08:05:44,834] {scheduler_job.py:189} INFO - Processing /home/airflow/.local/lib/python3.6/site-packages/airflow/example_dags/tutorial.py took 0.110 seconds
[2023-06-12 08:06:15,362] {scheduler_job.py:181} INFO - Started process (PID=1550) to work on /home/airflow/.local/lib/python3.6/site-packages/airflow/example_dags/tutorial.py
[2023-06-12 08:06:15,363] {scheduler_job.py:632} INFO - Processing file /home/airflow/.local/lib/python3.6/site-packages/airflow/example_dags/tutorial.py for tasks to queue
[2023-06-12 08:06:15,364] {logging_mixin.py:104} INFO - [2023-06-12 08:06:15,364] {dagbag.py:496} INFO - Filling up the DagBag from /home/airflow/.local/lib/python3.6/site-packages/airflow/example_dags/tutorial.py
[2023-06-12 08:06:15,374] {scheduler_job.py:642} INFO - DAG(s) dict_keys(['tutorial']) retrieved from /home/airflow/.local/lib/python3.6/site-packages/airflow/example_dags/tutorial.py
[2023-06-12 08:06:15,395] {logging_mixin.py:104} INFO - [2023-06-12 08:06:15,395] {dag.py:1833} INFO - Sync 1 DAGs
[2023-06-12 08:06:15,406] {logging_mixin.py:104} INFO - [2023-06-12 08:06:15,406] {dag.py:2306} INFO - Setting next_dagrun for tutorial to 2023-06-10 00:00:00+00:00
[2023-06-12 08:06:15,415] {scheduler_job.py:189} INFO - Processing /home/airflow/.local/lib/python3.6/site-packages/airflow/example_dags/tutorial.py took 0.055 seconds
[2023-06-12 08:06:45,582] {scheduler_job.py:181} INFO - Started process (PID=1613) to work on /home/airflow/.local/lib/python3.6/site-packages/airflow/example_dags/tutorial.py
[2023-06-12 08:06:45,583] {scheduler_job.py:632} INFO - Processing file /home/airflow/.local/lib/python3.6/site-packages/airflow/example_dags/tutorial.py for tasks to queue
[2023-06-12 08:06:45,584] {logging_mixin.py:104} INFO - [2023-06-12 08:06:45,584] {dagbag.py:496} INFO - Filling up the DagBag from /home/airflow/.local/lib/python3.6/site-packages/airflow/example_dags/tutorial.py
[2023-06-12 08:06:45,594] {scheduler_job.py:642} INFO - DAG(s) dict_keys(['tutorial']) retrieved from /home/airflow/.local/lib/python3.6/site-packages/airflow/example_dags/tutorial.py
[2023-06-12 08:06:45,612] {logging_mixin.py:104} INFO - [2023-06-12 08:06:45,611] {dag.py:1833} INFO - Sync 1 DAGs
[2023-06-12 08:06:45,623] {logging_mixin.py:104} INFO - [2023-06-12 08:06:45,623] {dag.py:2306} INFO - Setting next_dagrun for tutorial to 2023-06-10 00:00:00+00:00
[2023-06-12 08:06:45,631] {scheduler_job.py:189} INFO - Processing /home/airflow/.local/lib/python3.6/site-packages/airflow/example_dags/tutorial.py took 0.052 seconds
[2023-06-12 08:07:16,468] {scheduler_job.py:181} INFO - Started process (PID=1666) to work on /home/airflow/.local/lib/python3.6/site-packages/airflow/example_dags/tutorial.py
[2023-06-12 08:07:16,469] {scheduler_job.py:632} INFO - Processing file /home/airflow/.local/lib/python3.6/site-packages/airflow/example_dags/tutorial.py for tasks to queue
[2023-06-12 08:07:16,470] {logging_mixin.py:104} INFO - [2023-06-12 08:07:16,470] {dagbag.py:496} INFO - Filling up the DagBag from /home/airflow/.local/lib/python3.6/site-packages/airflow/example_dags/tutorial.py
[2023-06-12 08:07:16,479] {scheduler_job.py:642} INFO - DAG(s) dict_keys(['tutorial']) retrieved from /home/airflow/.local/lib/python3.6/site-packages/airflow/example_dags/tutorial.py
[2023-06-12 08:07:16,496] {logging_mixin.py:104} INFO - [2023-06-12 08:07:16,496] {dag.py:1833} INFO - Sync 1 DAGs
[2023-06-12 08:07:16,507] {logging_mixin.py:104} INFO - [2023-06-12 08:07:16,507] {dag.py:2306} INFO - Setting next_dagrun for tutorial to 2023-06-10 00:00:00+00:00
[2023-06-12 08:07:16,518] {scheduler_job.py:189} INFO - Processing /home/airflow/.local/lib/python3.6/site-packages/airflow/example_dags/tutorial.py took 0.052 seconds
[2023-06-12 08:07:46,931] {scheduler_job.py:181} INFO - Started process (PID=1729) to work on /home/airflow/.local/lib/python3.6/site-packages/airflow/example_dags/tutorial.py
[2023-06-12 08:07:46,932] {scheduler_job.py:632} INFO - Processing file /home/airflow/.local/lib/python3.6/site-packages/airflow/example_dags/tutorial.py for tasks to queue
[2023-06-12 08:07:46,933] {logging_mixin.py:104} INFO - [2023-06-12 08:07:46,933] {dagbag.py:496} INFO - Filling up the DagBag from /home/airflow/.local/lib/python3.6/site-packages/airflow/example_dags/tutorial.py
[2023-06-12 08:07:46,944] {scheduler_job.py:642} INFO - DAG(s) dict_keys(['tutorial']) retrieved from /home/airflow/.local/lib/python3.6/site-packages/airflow/example_dags/tutorial.py
[2023-06-12 08:07:46,962] {logging_mixin.py:104} INFO - [2023-06-12 08:07:46,962] {dag.py:1833} INFO - Sync 1 DAGs
[2023-06-12 08:07:46,978] {logging_mixin.py:104} INFO - [2023-06-12 08:07:46,978] {dag.py:2306} INFO - Setting next_dagrun for tutorial to 2023-06-10 00:00:00+00:00
[2023-06-12 08:07:46,988] {scheduler_job.py:189} INFO - Processing /home/airflow/.local/lib/python3.6/site-packages/airflow/example_dags/tutorial.py took 0.060 seconds
[2023-06-12 08:08:17,192] {scheduler_job.py:181} INFO - Started process (PID=1791) to work on /home/airflow/.local/lib/python3.6/site-packages/airflow/example_dags/tutorial.py
[2023-06-12 08:08:17,194] {scheduler_job.py:632} INFO - Processing file /home/airflow/.local/lib/python3.6/site-packages/airflow/example_dags/tutorial.py for tasks to queue
[2023-06-12 08:08:17,195] {logging_mixin.py:104} INFO - [2023-06-12 08:08:17,195] {dagbag.py:496} INFO - Filling up the DagBag from /home/airflow/.local/lib/python3.6/site-packages/airflow/example_dags/tutorial.py
[2023-06-12 08:08:17,207] {scheduler_job.py:642} INFO - DAG(s) dict_keys(['tutorial']) retrieved from /home/airflow/.local/lib/python3.6/site-packages/airflow/example_dags/tutorial.py
[2023-06-12 08:08:17,228] {logging_mixin.py:104} INFO - [2023-06-12 08:08:17,228] {dag.py:1833} INFO - Sync 1 DAGs
[2023-06-12 08:08:17,241] {logging_mixin.py:104} INFO - [2023-06-12 08:08:17,241] {dag.py:2306} INFO - Setting next_dagrun for tutorial to 2023-06-10 00:00:00+00:00
[2023-06-12 08:08:17,251] {scheduler_job.py:189} INFO - Processing /home/airflow/.local/lib/python3.6/site-packages/airflow/example_dags/tutorial.py took 0.062 seconds
[2023-06-12 08:08:47,821] {scheduler_job.py:181} INFO - Started process (PID=1846) to work on /home/airflow/.local/lib/python3.6/site-packages/airflow/example_dags/tutorial.py
[2023-06-12 08:08:47,822] {scheduler_job.py:632} INFO - Processing file /home/airflow/.local/lib/python3.6/site-packages/airflow/example_dags/tutorial.py for tasks to queue
[2023-06-12 08:08:47,823] {logging_mixin.py:104} INFO - [2023-06-12 08:08:47,823] {dagbag.py:496} INFO - Filling up the DagBag from /home/airflow/.local/lib/python3.6/site-packages/airflow/example_dags/tutorial.py
[2023-06-12 08:08:47,832] {scheduler_job.py:642} INFO - DAG(s) dict_keys(['tutorial']) retrieved from /home/airflow/.local/lib/python3.6/site-packages/airflow/example_dags/tutorial.py
[2023-06-12 08:08:47,848] {logging_mixin.py:104} INFO - [2023-06-12 08:08:47,848] {dag.py:1833} INFO - Sync 1 DAGs
[2023-06-12 08:08:47,859] {logging_mixin.py:104} INFO - [2023-06-12 08:08:47,859] {dag.py:2306} INFO - Setting next_dagrun for tutorial to 2023-06-10 00:00:00+00:00
[2023-06-12 08:08:47,868] {scheduler_job.py:189} INFO - Processing /home/airflow/.local/lib/python3.6/site-packages/airflow/example_dags/tutorial.py took 0.050 seconds
[2023-06-12 08:09:18,085] {scheduler_job.py:181} INFO - Started process (PID=1909) to work on /home/airflow/.local/lib/python3.6/site-packages/airflow/example_dags/tutorial.py
[2023-06-12 08:09:18,087] {scheduler_job.py:632} INFO - Processing file /home/airflow/.local/lib/python3.6/site-packages/airflow/example_dags/tutorial.py for tasks to queue
[2023-06-12 08:09:18,088] {logging_mixin.py:104} INFO - [2023-06-12 08:09:18,088] {dagbag.py:496} INFO - Filling up the DagBag from /home/airflow/.local/lib/python3.6/site-packages/airflow/example_dags/tutorial.py
[2023-06-12 08:09:18,097] {scheduler_job.py:642} INFO - DAG(s) dict_keys(['tutorial']) retrieved from /home/airflow/.local/lib/python3.6/site-packages/airflow/example_dags/tutorial.py
[2023-06-12 08:09:18,114] {logging_mixin.py:104} INFO - [2023-06-12 08:09:18,114] {dag.py:1833} INFO - Sync 1 DAGs
[2023-06-12 08:09:18,126] {logging_mixin.py:104} INFO - [2023-06-12 08:09:18,126] {dag.py:2306} INFO - Setting next_dagrun for tutorial to 2023-06-10 00:00:00+00:00
[2023-06-12 08:09:18,136] {scheduler_job.py:189} INFO - Processing /home/airflow/.local/lib/python3.6/site-packages/airflow/example_dags/tutorial.py took 0.053 seconds
[2023-06-12 08:09:48,252] {scheduler_job.py:181} INFO - Started process (PID=1962) to work on /home/airflow/.local/lib/python3.6/site-packages/airflow/example_dags/tutorial.py
[2023-06-12 08:09:48,253] {scheduler_job.py:632} INFO - Processing file /home/airflow/.local/lib/python3.6/site-packages/airflow/example_dags/tutorial.py for tasks to queue
[2023-06-12 08:09:48,254] {logging_mixin.py:104} INFO - [2023-06-12 08:09:48,254] {dagbag.py:496} INFO - Filling up the DagBag from /home/airflow/.local/lib/python3.6/site-packages/airflow/example_dags/tutorial.py
[2023-06-12 08:09:48,263] {scheduler_job.py:642} INFO - DAG(s) dict_keys(['tutorial']) retrieved from /home/airflow/.local/lib/python3.6/site-packages/airflow/example_dags/tutorial.py
[2023-06-12 08:09:48,279] {logging_mixin.py:104} INFO - [2023-06-12 08:09:48,279] {dag.py:1833} INFO - Sync 1 DAGs
[2023-06-12 08:09:48,290] {logging_mixin.py:104} INFO - [2023-06-12 08:09:48,290] {dag.py:2306} INFO - Setting next_dagrun for tutorial to 2023-06-10 00:00:00+00:00
[2023-06-12 08:09:48,298] {scheduler_job.py:189} INFO - Processing /home/airflow/.local/lib/python3.6/site-packages/airflow/example_dags/tutorial.py took 0.048 seconds
[2023-06-12 08:10:18,919] {scheduler_job.py:181} INFO - Started process (PID=2025) to work on /home/airflow/.local/lib/python3.6/site-packages/airflow/example_dags/tutorial.py
[2023-06-12 08:10:18,921] {scheduler_job.py:632} INFO - Processing file /home/airflow/.local/lib/python3.6/site-packages/airflow/example_dags/tutorial.py for tasks to queue
[2023-06-12 08:10:18,922] {logging_mixin.py:104} INFO - [2023-06-12 08:10:18,922] {dagbag.py:496} INFO - Filling up the DagBag from /home/airflow/.local/lib/python3.6/site-packages/airflow/example_dags/tutorial.py
[2023-06-12 08:10:18,937] {scheduler_job.py:642} INFO - DAG(s) dict_keys(['tutorial']) retrieved from /home/airflow/.local/lib/python3.6/site-packages/airflow/example_dags/tutorial.py
[2023-06-12 08:10:18,958] {logging_mixin.py:104} INFO - [2023-06-12 08:10:18,958] {dag.py:1833} INFO - Sync 1 DAGs
[2023-06-12 08:10:18,974] {logging_mixin.py:104} INFO - [2023-06-12 08:10:18,974] {dag.py:2306} INFO - Setting next_dagrun for tutorial to 2023-06-10 00:00:00+00:00
[2023-06-12 08:10:18,987] {scheduler_job.py:189} INFO - Processing /home/airflow/.local/lib/python3.6/site-packages/airflow/example_dags/tutorial.py took 0.073 seconds
[2023-06-12 08:10:49,542] {scheduler_job.py:181} INFO - Started process (PID=2088) to work on /home/airflow/.local/lib/python3.6/site-packages/airflow/example_dags/tutorial.py
[2023-06-12 08:10:49,543] {scheduler_job.py:632} INFO - Processing file /home/airflow/.local/lib/python3.6/site-packages/airflow/example_dags/tutorial.py for tasks to queue
[2023-06-12 08:10:49,544] {logging_mixin.py:104} INFO - [2023-06-12 08:10:49,544] {dagbag.py:496} INFO - Filling up the DagBag from /home/airflow/.local/lib/python3.6/site-packages/airflow/example_dags/tutorial.py
[2023-06-12 08:10:49,553] {scheduler_job.py:642} INFO - DAG(s) dict_keys(['tutorial']) retrieved from /home/airflow/.local/lib/python3.6/site-packages/airflow/example_dags/tutorial.py
[2023-06-12 08:10:49,570] {logging_mixin.py:104} INFO - [2023-06-12 08:10:49,570] {dag.py:1833} INFO - Sync 1 DAGs
[2023-06-12 08:10:49,582] {logging_mixin.py:104} INFO - [2023-06-12 08:10:49,582] {dag.py:2306} INFO - Setting next_dagrun for tutorial to 2023-06-10 00:00:00+00:00
[2023-06-12 08:10:49,590] {scheduler_job.py:189} INFO - Processing /home/airflow/.local/lib/python3.6/site-packages/airflow/example_dags/tutorial.py took 0.051 seconds
[2023-06-12 08:11:19,922] {scheduler_job.py:181} INFO - Started process (PID=2141) to work on /home/airflow/.local/lib/python3.6/site-packages/airflow/example_dags/tutorial.py
[2023-06-12 08:11:19,923] {scheduler_job.py:632} INFO - Processing file /home/airflow/.local/lib/python3.6/site-packages/airflow/example_dags/tutorial.py for tasks to queue
[2023-06-12 08:11:19,924] {logging_mixin.py:104} INFO - [2023-06-12 08:11:19,924] {dagbag.py:496} INFO - Filling up the DagBag from /home/airflow/.local/lib/python3.6/site-packages/airflow/example_dags/tutorial.py
[2023-06-12 08:11:19,936] {scheduler_job.py:642} INFO - DAG(s) dict_keys(['tutorial']) retrieved from /home/airflow/.local/lib/python3.6/site-packages/airflow/example_dags/tutorial.py
[2023-06-12 08:11:19,954] {logging_mixin.py:104} INFO - [2023-06-12 08:11:19,954] {dag.py:1833} INFO - Sync 1 DAGs
[2023-06-12 08:11:19,969] {logging_mixin.py:104} INFO - [2023-06-12 08:11:19,968] {dag.py:2306} INFO - Setting next_dagrun for tutorial to 2023-06-10 00:00:00+00:00
[2023-06-12 08:11:19,979] {scheduler_job.py:189} INFO - Processing /home/airflow/.local/lib/python3.6/site-packages/airflow/example_dags/tutorial.py took 0.059 seconds
[2023-06-12 08:11:50,075] {scheduler_job.py:181} INFO - Started process (PID=2204) to work on /home/airflow/.local/lib/python3.6/site-packages/airflow/example_dags/tutorial.py
[2023-06-12 08:11:50,076] {scheduler_job.py:632} INFO - Processing file /home/airflow/.local/lib/python3.6/site-packages/airflow/example_dags/tutorial.py for tasks to queue
[2023-06-12 08:11:50,077] {logging_mixin.py:104} INFO - [2023-06-12 08:11:50,077] {dagbag.py:496} INFO - Filling up the DagBag from /home/airflow/.local/lib/python3.6/site-packages/airflow/example_dags/tutorial.py
[2023-06-12 08:11:50,086] {scheduler_job.py:642} INFO - DAG(s) dict_keys(['tutorial']) retrieved from /home/airflow/.local/lib/python3.6/site-packages/airflow/example_dags/tutorial.py
[2023-06-12 08:11:50,103] {logging_mixin.py:104} INFO - [2023-06-12 08:11:50,102] {dag.py:1833} INFO - Sync 1 DAGs
[2023-06-12 08:11:50,114] {logging_mixin.py:104} INFO - [2023-06-12 08:11:50,114] {dag.py:2306} INFO - Setting next_dagrun for tutorial to 2023-06-10 00:00:00+00:00
[2023-06-12 08:11:50,124] {scheduler_job.py:189} INFO - Processing /home/airflow/.local/lib/python3.6/site-packages/airflow/example_dags/tutorial.py took 0.052 seconds
[2023-06-12 08:12:20,664] {scheduler_job.py:181} INFO - Started process (PID=2257) to work on /home/airflow/.local/lib/python3.6/site-packages/airflow/example_dags/tutorial.py
[2023-06-12 08:12:20,666] {scheduler_job.py:632} INFO - Processing file /home/airflow/.local/lib/python3.6/site-packages/airflow/example_dags/tutorial.py for tasks to queue
[2023-06-12 08:12:20,667] {logging_mixin.py:104} INFO - [2023-06-12 08:12:20,666] {dagbag.py:496} INFO - Filling up the DagBag from /home/airflow/.local/lib/python3.6/site-packages/airflow/example_dags/tutorial.py
[2023-06-12 08:12:20,677] {scheduler_job.py:642} INFO - DAG(s) dict_keys(['tutorial']) retrieved from /home/airflow/.local/lib/python3.6/site-packages/airflow/example_dags/tutorial.py
[2023-06-12 08:12:20,698] {logging_mixin.py:104} INFO - [2023-06-12 08:12:20,698] {dag.py:1833} INFO - Sync 1 DAGs
[2023-06-12 08:12:20,713] {logging_mixin.py:104} INFO - [2023-06-12 08:12:20,712] {dag.py:2306} INFO - Setting next_dagrun for tutorial to 2023-06-10 00:00:00+00:00
[2023-06-12 08:12:20,723] {scheduler_job.py:189} INFO - Processing /home/airflow/.local/lib/python3.6/site-packages/airflow/example_dags/tutorial.py took 0.062 seconds
[2023-06-12 08:12:50,993] {scheduler_job.py:181} INFO - Started process (PID=2320) to work on /home/airflow/.local/lib/python3.6/site-packages/airflow/example_dags/tutorial.py
[2023-06-12 08:12:50,994] {scheduler_job.py:632} INFO - Processing file /home/airflow/.local/lib/python3.6/site-packages/airflow/example_dags/tutorial.py for tasks to queue
[2023-06-12 08:12:50,995] {logging_mixin.py:104} INFO - [2023-06-12 08:12:50,995] {dagbag.py:496} INFO - Filling up the DagBag from /home/airflow/.local/lib/python3.6/site-packages/airflow/example_dags/tutorial.py
[2023-06-12 08:12:51,004] {scheduler_job.py:642} INFO - DAG(s) dict_keys(['tutorial']) retrieved from /home/airflow/.local/lib/python3.6/site-packages/airflow/example_dags/tutorial.py
[2023-06-12 08:12:51,020] {logging_mixin.py:104} INFO - [2023-06-12 08:12:51,020] {dag.py:1833} INFO - Sync 1 DAGs
[2023-06-12 08:12:51,031] {logging_mixin.py:104} INFO - [2023-06-12 08:12:51,031] {dag.py:2306} INFO - Setting next_dagrun for tutorial to 2023-06-10 00:00:00+00:00
[2023-06-12 08:12:51,040] {scheduler_job.py:189} INFO - Processing /home/airflow/.local/lib/python3.6/site-packages/airflow/example_dags/tutorial.py took 0.050 seconds
