[2023-06-12 07:53:25,486] {scheduler_job.py:181} INFO - Started process (PID=37) to work on /opt/airflow/dags/init.py
[2023-06-12 07:53:25,488] {scheduler_job.py:632} INFO - Processing file /opt/airflow/dags/init.py for tasks to queue
[2023-06-12 07:53:25,489] {logging_mixin.py:104} INFO - [2023-06-12 07:53:25,489] {dagbag.py:496} INFO - Filling up the DagBag from /opt/airflow/dags/init.py
[2023-06-12 07:53:25,546] {scheduler_job.py:642} INFO - DAG(s) dict_keys(['1_init_once_seed_data']) retrieved from /opt/airflow/dags/init.py
[2023-06-12 07:53:25,568] {logging_mixin.py:104} INFO - [2023-06-12 07:53:25,568] {dag.py:1833} INFO - Sync 1 DAGs
[2023-06-12 07:53:25,597] {logging_mixin.py:104} INFO - [2023-06-12 07:53:25,597] {dag.py:2306} INFO - Setting next_dagrun for 1_init_once_seed_data to None
[2023-06-12 07:53:25,618] {scheduler_job.py:189} INFO - Processing /opt/airflow/dags/init.py took 0.135 seconds
[2023-06-12 07:53:55,970] {scheduler_job.py:181} INFO - Started process (PID=100) to work on /opt/airflow/dags/init.py
[2023-06-12 07:53:55,971] {scheduler_job.py:632} INFO - Processing file /opt/airflow/dags/init.py for tasks to queue
[2023-06-12 07:53:55,972] {logging_mixin.py:104} INFO - [2023-06-12 07:53:55,972] {dagbag.py:496} INFO - Filling up the DagBag from /opt/airflow/dags/init.py
[2023-06-12 07:53:56,015] {scheduler_job.py:642} INFO - DAG(s) dict_keys(['1_init_once_seed_data']) retrieved from /opt/airflow/dags/init.py
[2023-06-12 07:53:56,032] {logging_mixin.py:104} INFO - [2023-06-12 07:53:56,032] {dag.py:1833} INFO - Sync 1 DAGs
[2023-06-12 07:53:56,044] {logging_mixin.py:104} INFO - [2023-06-12 07:53:56,044] {dag.py:2306} INFO - Setting next_dagrun for 1_init_once_seed_data to None
[2023-06-12 07:53:56,054] {scheduler_job.py:189} INFO - Processing /opt/airflow/dags/init.py took 0.087 seconds
[2023-06-12 07:54:26,609] {scheduler_job.py:181} INFO - Started process (PID=153) to work on /opt/airflow/dags/init.py
[2023-06-12 07:54:26,610] {scheduler_job.py:632} INFO - Processing file /opt/airflow/dags/init.py for tasks to queue
[2023-06-12 07:54:26,612] {logging_mixin.py:104} INFO - [2023-06-12 07:54:26,611] {dagbag.py:496} INFO - Filling up the DagBag from /opt/airflow/dags/init.py
[2023-06-12 07:54:26,658] {scheduler_job.py:642} INFO - DAG(s) dict_keys(['1_init_once_seed_data']) retrieved from /opt/airflow/dags/init.py
[2023-06-12 07:54:26,676] {logging_mixin.py:104} INFO - [2023-06-12 07:54:26,676] {dag.py:1833} INFO - Sync 1 DAGs
[2023-06-12 07:54:26,693] {logging_mixin.py:104} INFO - [2023-06-12 07:54:26,693] {dag.py:2306} INFO - Setting next_dagrun for 1_init_once_seed_data to None
[2023-06-12 07:54:26,707] {scheduler_job.py:189} INFO - Processing /opt/airflow/dags/init.py took 0.100 seconds
[2023-06-12 07:54:57,503] {scheduler_job.py:181} INFO - Started process (PID=216) to work on /opt/airflow/dags/init.py
[2023-06-12 07:54:57,504] {scheduler_job.py:632} INFO - Processing file /opt/airflow/dags/init.py for tasks to queue
[2023-06-12 07:54:57,505] {logging_mixin.py:104} INFO - [2023-06-12 07:54:57,505] {dagbag.py:496} INFO - Filling up the DagBag from /opt/airflow/dags/init.py
[2023-06-12 07:54:57,545] {scheduler_job.py:642} INFO - DAG(s) dict_keys(['1_init_once_seed_data']) retrieved from /opt/airflow/dags/init.py
[2023-06-12 07:54:57,562] {logging_mixin.py:104} INFO - [2023-06-12 07:54:57,562] {dag.py:1833} INFO - Sync 1 DAGs
[2023-06-12 07:54:57,574] {logging_mixin.py:104} INFO - [2023-06-12 07:54:57,574] {dag.py:2306} INFO - Setting next_dagrun for 1_init_once_seed_data to None
[2023-06-12 07:54:57,586] {scheduler_job.py:189} INFO - Processing /opt/airflow/dags/init.py took 0.086 seconds
[2023-06-12 07:55:27,700] {scheduler_job.py:181} INFO - Started process (PID=279) to work on /opt/airflow/dags/init.py
[2023-06-12 07:55:27,701] {scheduler_job.py:632} INFO - Processing file /opt/airflow/dags/init.py for tasks to queue
[2023-06-12 07:55:27,702] {logging_mixin.py:104} INFO - [2023-06-12 07:55:27,702] {dagbag.py:496} INFO - Filling up the DagBag from /opt/airflow/dags/init.py
[2023-06-12 07:55:27,746] {scheduler_job.py:642} INFO - DAG(s) dict_keys(['1_init_once_seed_data']) retrieved from /opt/airflow/dags/init.py
[2023-06-12 07:55:27,764] {logging_mixin.py:104} INFO - [2023-06-12 07:55:27,764] {dag.py:1833} INFO - Sync 1 DAGs
[2023-06-12 07:55:27,777] {logging_mixin.py:104} INFO - [2023-06-12 07:55:27,777] {dag.py:2306} INFO - Setting next_dagrun for 1_init_once_seed_data to None
[2023-06-12 07:55:27,787] {scheduler_job.py:189} INFO - Processing /opt/airflow/dags/init.py took 0.090 seconds
[2023-06-12 07:55:58,134] {scheduler_job.py:181} INFO - Started process (PID=332) to work on /opt/airflow/dags/init.py
[2023-06-12 07:55:58,136] {scheduler_job.py:632} INFO - Processing file /opt/airflow/dags/init.py for tasks to queue
[2023-06-12 07:55:58,137] {logging_mixin.py:104} INFO - [2023-06-12 07:55:58,136] {dagbag.py:496} INFO - Filling up the DagBag from /opt/airflow/dags/init.py
[2023-06-12 07:55:58,177] {scheduler_job.py:642} INFO - DAG(s) dict_keys(['1_init_once_seed_data']) retrieved from /opt/airflow/dags/init.py
[2023-06-12 07:55:58,194] {logging_mixin.py:104} INFO - [2023-06-12 07:55:58,194] {dag.py:1833} INFO - Sync 1 DAGs
[2023-06-12 07:55:58,206] {logging_mixin.py:104} INFO - [2023-06-12 07:55:58,206] {dag.py:2306} INFO - Setting next_dagrun for 1_init_once_seed_data to None
[2023-06-12 07:55:58,219] {scheduler_job.py:189} INFO - Processing /opt/airflow/dags/init.py took 0.088 seconds
[2023-06-12 07:56:28,922] {scheduler_job.py:181} INFO - Started process (PID=395) to work on /opt/airflow/dags/init.py
[2023-06-12 07:56:28,923] {scheduler_job.py:632} INFO - Processing file /opt/airflow/dags/init.py for tasks to queue
[2023-06-12 07:56:28,924] {logging_mixin.py:104} INFO - [2023-06-12 07:56:28,924] {dagbag.py:496} INFO - Filling up the DagBag from /opt/airflow/dags/init.py
[2023-06-12 07:56:28,968] {scheduler_job.py:642} INFO - DAG(s) dict_keys(['1_init_once_seed_data']) retrieved from /opt/airflow/dags/init.py
[2023-06-12 07:56:28,993] {logging_mixin.py:104} INFO - [2023-06-12 07:56:28,993] {dag.py:1833} INFO - Sync 1 DAGs
[2023-06-12 07:56:29,015] {logging_mixin.py:104} INFO - [2023-06-12 07:56:29,014] {dag.py:2306} INFO - Setting next_dagrun for 1_init_once_seed_data to None
[2023-06-12 07:56:29,026] {scheduler_job.py:189} INFO - Processing /opt/airflow/dags/init.py took 0.107 seconds
[2023-06-12 07:56:59,331] {scheduler_job.py:181} INFO - Started process (PID=458) to work on /opt/airflow/dags/init.py
[2023-06-12 07:56:59,332] {scheduler_job.py:632} INFO - Processing file /opt/airflow/dags/init.py for tasks to queue
[2023-06-12 07:56:59,333] {logging_mixin.py:104} INFO - [2023-06-12 07:56:59,333] {dagbag.py:496} INFO - Filling up the DagBag from /opt/airflow/dags/init.py
[2023-06-12 07:56:59,372] {scheduler_job.py:642} INFO - DAG(s) dict_keys(['1_init_once_seed_data']) retrieved from /opt/airflow/dags/init.py
[2023-06-12 07:56:59,389] {logging_mixin.py:104} INFO - [2023-06-12 07:56:59,389] {dag.py:1833} INFO - Sync 1 DAGs
[2023-06-12 07:56:59,402] {logging_mixin.py:104} INFO - [2023-06-12 07:56:59,402] {dag.py:2306} INFO - Setting next_dagrun for 1_init_once_seed_data to None
[2023-06-12 07:56:59,413] {scheduler_job.py:189} INFO - Processing /opt/airflow/dags/init.py took 0.085 seconds
[2023-06-12 07:57:30,140] {scheduler_job.py:181} INFO - Started process (PID=511) to work on /opt/airflow/dags/init.py
[2023-06-12 07:57:30,141] {scheduler_job.py:632} INFO - Processing file /opt/airflow/dags/init.py for tasks to queue
[2023-06-12 07:57:30,143] {logging_mixin.py:104} INFO - [2023-06-12 07:57:30,142] {dagbag.py:496} INFO - Filling up the DagBag from /opt/airflow/dags/init.py
[2023-06-12 07:57:30,192] {scheduler_job.py:642} INFO - DAG(s) dict_keys(['1_init_once_seed_data']) retrieved from /opt/airflow/dags/init.py
[2023-06-12 07:57:30,211] {logging_mixin.py:104} INFO - [2023-06-12 07:57:30,211] {dag.py:1833} INFO - Sync 1 DAGs
[2023-06-12 07:57:30,227] {logging_mixin.py:104} INFO - [2023-06-12 07:57:30,227] {dag.py:2306} INFO - Setting next_dagrun for 1_init_once_seed_data to None
[2023-06-12 07:57:30,239] {scheduler_job.py:189} INFO - Processing /opt/airflow/dags/init.py took 0.101 seconds
[2023-06-12 07:58:01,198] {scheduler_job.py:181} INFO - Started process (PID=574) to work on /opt/airflow/dags/init.py
[2023-06-12 07:58:01,199] {scheduler_job.py:632} INFO - Processing file /opt/airflow/dags/init.py for tasks to queue
[2023-06-12 07:58:01,199] {logging_mixin.py:104} INFO - [2023-06-12 07:58:01,199] {dagbag.py:496} INFO - Filling up the DagBag from /opt/airflow/dags/init.py
[2023-06-12 07:58:01,236] {scheduler_job.py:642} INFO - DAG(s) dict_keys(['1_init_once_seed_data']) retrieved from /opt/airflow/dags/init.py
[2023-06-12 07:58:01,251] {logging_mixin.py:104} INFO - [2023-06-12 07:58:01,251] {dag.py:1833} INFO - Sync 1 DAGs
[2023-06-12 07:58:01,262] {logging_mixin.py:104} INFO - [2023-06-12 07:58:01,262] {dag.py:2306} INFO - Setting next_dagrun for 1_init_once_seed_data to None
[2023-06-12 07:58:01,272] {scheduler_job.py:189} INFO - Processing /opt/airflow/dags/init.py took 0.077 seconds
[2023-06-12 07:58:31,476] {scheduler_job.py:181} INFO - Started process (PID=627) to work on /opt/airflow/dags/init.py
[2023-06-12 07:58:31,478] {scheduler_job.py:632} INFO - Processing file /opt/airflow/dags/init.py for tasks to queue
[2023-06-12 07:58:31,479] {logging_mixin.py:104} INFO - [2023-06-12 07:58:31,479] {dagbag.py:496} INFO - Filling up the DagBag from /opt/airflow/dags/init.py
[2023-06-12 07:58:31,519] {scheduler_job.py:642} INFO - DAG(s) dict_keys(['1_init_once_seed_data']) retrieved from /opt/airflow/dags/init.py
[2023-06-12 07:58:31,536] {logging_mixin.py:104} INFO - [2023-06-12 07:58:31,535] {dag.py:1833} INFO - Sync 1 DAGs
[2023-06-12 07:58:31,550] {logging_mixin.py:104} INFO - [2023-06-12 07:58:31,550] {dag.py:2306} INFO - Setting next_dagrun for 1_init_once_seed_data to None
[2023-06-12 07:58:31,562] {scheduler_job.py:189} INFO - Processing /opt/airflow/dags/init.py took 0.089 seconds
[2023-06-12 07:59:01,601] {scheduler_job.py:181} INFO - Started process (PID=690) to work on /opt/airflow/dags/init.py
[2023-06-12 07:59:01,602] {scheduler_job.py:632} INFO - Processing file /opt/airflow/dags/init.py for tasks to queue
[2023-06-12 07:59:01,603] {logging_mixin.py:104} INFO - [2023-06-12 07:59:01,603] {dagbag.py:496} INFO - Filling up the DagBag from /opt/airflow/dags/init.py
[2023-06-12 07:59:01,643] {scheduler_job.py:642} INFO - DAG(s) dict_keys(['1_init_once_seed_data']) retrieved from /opt/airflow/dags/init.py
[2023-06-12 07:59:01,659] {logging_mixin.py:104} INFO - [2023-06-12 07:59:01,659] {dag.py:1833} INFO - Sync 1 DAGs
[2023-06-12 07:59:01,671] {logging_mixin.py:104} INFO - [2023-06-12 07:59:01,671] {dag.py:2306} INFO - Setting next_dagrun for 1_init_once_seed_data to None
[2023-06-12 07:59:01,682] {scheduler_job.py:189} INFO - Processing /opt/airflow/dags/init.py took 0.083 seconds
[2023-06-12 07:59:32,604] {scheduler_job.py:181} INFO - Started process (PID=753) to work on /opt/airflow/dags/init.py
[2023-06-12 07:59:32,605] {scheduler_job.py:632} INFO - Processing file /opt/airflow/dags/init.py for tasks to queue
[2023-06-12 07:59:32,606] {logging_mixin.py:104} INFO - [2023-06-12 07:59:32,606] {dagbag.py:496} INFO - Filling up the DagBag from /opt/airflow/dags/init.py
[2023-06-12 07:59:32,646] {scheduler_job.py:642} INFO - DAG(s) dict_keys(['1_init_once_seed_data']) retrieved from /opt/airflow/dags/init.py
[2023-06-12 07:59:32,662] {logging_mixin.py:104} INFO - [2023-06-12 07:59:32,662] {dag.py:1833} INFO - Sync 1 DAGs
[2023-06-12 07:59:32,675] {logging_mixin.py:104} INFO - [2023-06-12 07:59:32,674] {dag.py:2306} INFO - Setting next_dagrun for 1_init_once_seed_data to None
[2023-06-12 07:59:32,684] {scheduler_job.py:189} INFO - Processing /opt/airflow/dags/init.py took 0.083 seconds
[2023-06-12 08:00:03,532] {scheduler_job.py:181} INFO - Started process (PID=806) to work on /opt/airflow/dags/init.py
[2023-06-12 08:00:03,533] {scheduler_job.py:632} INFO - Processing file /opt/airflow/dags/init.py for tasks to queue
[2023-06-12 08:00:03,534] {logging_mixin.py:104} INFO - [2023-06-12 08:00:03,534] {dagbag.py:496} INFO - Filling up the DagBag from /opt/airflow/dags/init.py
[2023-06-12 08:00:03,575] {scheduler_job.py:642} INFO - DAG(s) dict_keys(['1_init_once_seed_data']) retrieved from /opt/airflow/dags/init.py
[2023-06-12 08:00:03,591] {logging_mixin.py:104} INFO - [2023-06-12 08:00:03,590] {dag.py:1833} INFO - Sync 1 DAGs
[2023-06-12 08:00:03,603] {logging_mixin.py:104} INFO - [2023-06-12 08:00:03,602] {dag.py:2306} INFO - Setting next_dagrun for 1_init_once_seed_data to None
[2023-06-12 08:00:03,612] {scheduler_job.py:189} INFO - Processing /opt/airflow/dags/init.py took 0.082 seconds
[2023-06-12 08:00:34,595] {scheduler_job.py:181} INFO - Started process (PID=869) to work on /opt/airflow/dags/init.py
[2023-06-12 08:00:34,597] {scheduler_job.py:632} INFO - Processing file /opt/airflow/dags/init.py for tasks to queue
[2023-06-12 08:00:34,598] {logging_mixin.py:104} INFO - [2023-06-12 08:00:34,598] {dagbag.py:496} INFO - Filling up the DagBag from /opt/airflow/dags/init.py
[2023-06-12 08:00:34,636] {scheduler_job.py:642} INFO - DAG(s) dict_keys(['1_init_once_seed_data']) retrieved from /opt/airflow/dags/init.py
[2023-06-12 08:00:34,652] {logging_mixin.py:104} INFO - [2023-06-12 08:00:34,652] {dag.py:1833} INFO - Sync 1 DAGs
[2023-06-12 08:00:34,665] {logging_mixin.py:104} INFO - [2023-06-12 08:00:34,665] {dag.py:2306} INFO - Setting next_dagrun for 1_init_once_seed_data to None
[2023-06-12 08:00:34,676] {scheduler_job.py:189} INFO - Processing /opt/airflow/dags/init.py took 0.083 seconds
[2023-06-12 08:01:05,590] {scheduler_job.py:181} INFO - Started process (PID=932) to work on /opt/airflow/dags/init.py
[2023-06-12 08:01:05,591] {scheduler_job.py:632} INFO - Processing file /opt/airflow/dags/init.py for tasks to queue
[2023-06-12 08:01:05,592] {logging_mixin.py:104} INFO - [2023-06-12 08:01:05,592] {dagbag.py:496} INFO - Filling up the DagBag from /opt/airflow/dags/init.py
[2023-06-12 08:01:05,630] {scheduler_job.py:642} INFO - DAG(s) dict_keys(['1_init_once_seed_data']) retrieved from /opt/airflow/dags/init.py
[2023-06-12 08:01:05,646] {logging_mixin.py:104} INFO - [2023-06-12 08:01:05,646] {dag.py:1833} INFO - Sync 1 DAGs
[2023-06-12 08:01:05,658] {logging_mixin.py:104} INFO - [2023-06-12 08:01:05,658] {dag.py:2306} INFO - Setting next_dagrun for 1_init_once_seed_data to None
[2023-06-12 08:01:05,670] {scheduler_job.py:189} INFO - Processing /opt/airflow/dags/init.py took 0.082 seconds
[2023-06-12 08:01:36,486] {scheduler_job.py:181} INFO - Started process (PID=985) to work on /opt/airflow/dags/init.py
[2023-06-12 08:01:36,487] {scheduler_job.py:632} INFO - Processing file /opt/airflow/dags/init.py for tasks to queue
[2023-06-12 08:01:36,488] {logging_mixin.py:104} INFO - [2023-06-12 08:01:36,488] {dagbag.py:496} INFO - Filling up the DagBag from /opt/airflow/dags/init.py
[2023-06-12 08:01:36,527] {scheduler_job.py:642} INFO - DAG(s) dict_keys(['1_init_once_seed_data']) retrieved from /opt/airflow/dags/init.py
[2023-06-12 08:01:36,542] {logging_mixin.py:104} INFO - [2023-06-12 08:01:36,542] {dag.py:1833} INFO - Sync 1 DAGs
[2023-06-12 08:01:36,554] {logging_mixin.py:104} INFO - [2023-06-12 08:01:36,554] {dag.py:2306} INFO - Setting next_dagrun for 1_init_once_seed_data to None
[2023-06-12 08:01:36,563] {scheduler_job.py:189} INFO - Processing /opt/airflow/dags/init.py took 0.080 seconds
[2023-06-12 08:02:07,520] {scheduler_job.py:181} INFO - Started process (PID=1048) to work on /opt/airflow/dags/init.py
[2023-06-12 08:02:07,521] {scheduler_job.py:632} INFO - Processing file /opt/airflow/dags/init.py for tasks to queue
[2023-06-12 08:02:07,521] {logging_mixin.py:104} INFO - [2023-06-12 08:02:07,521] {dagbag.py:496} INFO - Filling up the DagBag from /opt/airflow/dags/init.py
[2023-06-12 08:02:07,560] {scheduler_job.py:642} INFO - DAG(s) dict_keys(['1_init_once_seed_data']) retrieved from /opt/airflow/dags/init.py
[2023-06-12 08:02:07,577] {logging_mixin.py:104} INFO - [2023-06-12 08:02:07,577] {dag.py:1833} INFO - Sync 1 DAGs
[2023-06-12 08:02:07,587] {logging_mixin.py:104} INFO - [2023-06-12 08:02:07,587] {dag.py:2306} INFO - Setting next_dagrun for 1_init_once_seed_data to None
[2023-06-12 08:02:07,600] {scheduler_job.py:189} INFO - Processing /opt/airflow/dags/init.py took 0.083 seconds
[2023-06-12 08:02:37,877] {scheduler_job.py:181} INFO - Started process (PID=1110) to work on /opt/airflow/dags/init.py
[2023-06-12 08:02:37,879] {scheduler_job.py:632} INFO - Processing file /opt/airflow/dags/init.py for tasks to queue
[2023-06-12 08:02:37,880] {logging_mixin.py:104} INFO - [2023-06-12 08:02:37,880] {dagbag.py:496} INFO - Filling up the DagBag from /opt/airflow/dags/init.py
[2023-06-12 08:02:37,921] {scheduler_job.py:642} INFO - DAG(s) dict_keys(['1_init_once_seed_data']) retrieved from /opt/airflow/dags/init.py
[2023-06-12 08:02:37,939] {logging_mixin.py:104} INFO - [2023-06-12 08:02:37,939] {dag.py:1833} INFO - Sync 1 DAGs
[2023-06-12 08:02:37,952] {logging_mixin.py:104} INFO - [2023-06-12 08:02:37,952] {dag.py:2306} INFO - Setting next_dagrun for 1_init_once_seed_data to None
[2023-06-12 08:02:37,964] {scheduler_job.py:189} INFO - Processing /opt/airflow/dags/init.py took 0.090 seconds
[2023-06-12 08:03:08,248] {scheduler_job.py:181} INFO - Started process (PID=1164) to work on /opt/airflow/dags/init.py
[2023-06-12 08:03:08,249] {scheduler_job.py:632} INFO - Processing file /opt/airflow/dags/init.py for tasks to queue
[2023-06-12 08:03:08,250] {logging_mixin.py:104} INFO - [2023-06-12 08:03:08,250] {dagbag.py:496} INFO - Filling up the DagBag from /opt/airflow/dags/init.py
[2023-06-12 08:03:08,289] {scheduler_job.py:642} INFO - DAG(s) dict_keys(['1_init_once_seed_data']) retrieved from /opt/airflow/dags/init.py
[2023-06-12 08:03:08,307] {logging_mixin.py:104} INFO - [2023-06-12 08:03:08,306] {dag.py:1833} INFO - Sync 1 DAGs
[2023-06-12 08:03:08,318] {logging_mixin.py:104} INFO - [2023-06-12 08:03:08,318] {dag.py:2306} INFO - Setting next_dagrun for 1_init_once_seed_data to None
[2023-06-12 08:03:08,330] {scheduler_job.py:189} INFO - Processing /opt/airflow/dags/init.py took 0.085 seconds
[2023-06-12 08:03:38,529] {scheduler_job.py:181} INFO - Started process (PID=1227) to work on /opt/airflow/dags/init.py
[2023-06-12 08:03:38,530] {scheduler_job.py:632} INFO - Processing file /opt/airflow/dags/init.py for tasks to queue
[2023-06-12 08:03:38,531] {logging_mixin.py:104} INFO - [2023-06-12 08:03:38,531] {dagbag.py:496} INFO - Filling up the DagBag from /opt/airflow/dags/init.py
[2023-06-12 08:03:38,570] {scheduler_job.py:642} INFO - DAG(s) dict_keys(['1_init_once_seed_data']) retrieved from /opt/airflow/dags/init.py
[2023-06-12 08:03:38,586] {logging_mixin.py:104} INFO - [2023-06-12 08:03:38,586] {dag.py:1833} INFO - Sync 1 DAGs
[2023-06-12 08:03:38,597] {logging_mixin.py:104} INFO - [2023-06-12 08:03:38,597] {dag.py:2306} INFO - Setting next_dagrun for 1_init_once_seed_data to None
[2023-06-12 08:03:38,607] {scheduler_job.py:189} INFO - Processing /opt/airflow/dags/init.py took 0.080 seconds
[2023-06-12 08:04:08,876] {scheduler_job.py:181} INFO - Started process (PID=1281) to work on /opt/airflow/dags/init.py
[2023-06-12 08:04:08,877] {scheduler_job.py:632} INFO - Processing file /opt/airflow/dags/init.py for tasks to queue
[2023-06-12 08:04:08,877] {logging_mixin.py:104} INFO - [2023-06-12 08:04:08,877] {dagbag.py:496} INFO - Filling up the DagBag from /opt/airflow/dags/init.py
[2023-06-12 08:04:08,917] {scheduler_job.py:642} INFO - DAG(s) dict_keys(['1_init_once_seed_data']) retrieved from /opt/airflow/dags/init.py
[2023-06-12 08:04:08,932] {logging_mixin.py:104} INFO - [2023-06-12 08:04:08,932] {dag.py:1833} INFO - Sync 1 DAGs
[2023-06-12 08:04:08,942] {logging_mixin.py:104} INFO - [2023-06-12 08:04:08,942] {dag.py:2306} INFO - Setting next_dagrun for 1_init_once_seed_data to None
[2023-06-12 08:04:08,953] {scheduler_job.py:189} INFO - Processing /opt/airflow/dags/init.py took 0.080 seconds
[2023-06-12 08:04:39,332] {scheduler_job.py:181} INFO - Started process (PID=1344) to work on /opt/airflow/dags/init.py
[2023-06-12 08:04:39,333] {scheduler_job.py:632} INFO - Processing file /opt/airflow/dags/init.py for tasks to queue
[2023-06-12 08:04:39,334] {logging_mixin.py:104} INFO - [2023-06-12 08:04:39,334] {dagbag.py:496} INFO - Filling up the DagBag from /opt/airflow/dags/init.py
[2023-06-12 08:04:39,375] {scheduler_job.py:642} INFO - DAG(s) dict_keys(['1_init_once_seed_data']) retrieved from /opt/airflow/dags/init.py
[2023-06-12 08:04:39,390] {logging_mixin.py:104} INFO - [2023-06-12 08:04:39,390] {dag.py:1833} INFO - Sync 1 DAGs
[2023-06-12 08:04:39,401] {logging_mixin.py:104} INFO - [2023-06-12 08:04:39,401] {dag.py:2306} INFO - Setting next_dagrun for 1_init_once_seed_data to None
[2023-06-12 08:04:39,413] {scheduler_job.py:189} INFO - Processing /opt/airflow/dags/init.py took 0.084 seconds
[2023-06-12 08:05:09,674] {scheduler_job.py:181} INFO - Started process (PID=1397) to work on /opt/airflow/dags/init.py
[2023-06-12 08:05:09,675] {scheduler_job.py:632} INFO - Processing file /opt/airflow/dags/init.py for tasks to queue
[2023-06-12 08:05:09,676] {logging_mixin.py:104} INFO - [2023-06-12 08:05:09,676] {dagbag.py:496} INFO - Filling up the DagBag from /opt/airflow/dags/init.py
[2023-06-12 08:05:09,719] {scheduler_job.py:642} INFO - DAG(s) dict_keys(['1_init_once_seed_data']) retrieved from /opt/airflow/dags/init.py
[2023-06-12 08:05:09,758] {logging_mixin.py:104} INFO - [2023-06-12 08:05:09,758] {dag.py:1833} INFO - Sync 1 DAGs
[2023-06-12 08:05:09,772] {logging_mixin.py:104} INFO - [2023-06-12 08:05:09,772] {dag.py:2306} INFO - Setting next_dagrun for 1_init_once_seed_data to None
[2023-06-12 08:05:09,783] {scheduler_job.py:189} INFO - Processing /opt/airflow/dags/init.py took 0.112 seconds
[2023-06-12 08:05:39,993] {scheduler_job.py:181} INFO - Started process (PID=1461) to work on /opt/airflow/dags/init.py
[2023-06-12 08:05:39,994] {scheduler_job.py:632} INFO - Processing file /opt/airflow/dags/init.py for tasks to queue
[2023-06-12 08:05:39,995] {logging_mixin.py:104} INFO - [2023-06-12 08:05:39,995] {dagbag.py:496} INFO - Filling up the DagBag from /opt/airflow/dags/init.py
[2023-06-12 08:05:40,034] {scheduler_job.py:642} INFO - DAG(s) dict_keys(['1_init_once_seed_data']) retrieved from /opt/airflow/dags/init.py
[2023-06-12 08:05:40,051] {logging_mixin.py:104} INFO - [2023-06-12 08:05:40,051] {dag.py:1833} INFO - Sync 1 DAGs
[2023-06-12 08:05:40,063] {logging_mixin.py:104} INFO - [2023-06-12 08:05:40,063] {dag.py:2306} INFO - Setting next_dagrun for 1_init_once_seed_data to None
[2023-06-12 08:05:40,074] {scheduler_job.py:189} INFO - Processing /opt/airflow/dags/init.py took 0.084 seconds
[2023-06-12 08:06:10,459] {scheduler_job.py:181} INFO - Started process (PID=1524) to work on /opt/airflow/dags/init.py
[2023-06-12 08:06:10,460] {scheduler_job.py:632} INFO - Processing file /opt/airflow/dags/init.py for tasks to queue
[2023-06-12 08:06:10,461] {logging_mixin.py:104} INFO - [2023-06-12 08:06:10,461] {dagbag.py:496} INFO - Filling up the DagBag from /opt/airflow/dags/init.py
[2023-06-12 08:06:10,504] {scheduler_job.py:642} INFO - DAG(s) dict_keys(['1_init_once_seed_data']) retrieved from /opt/airflow/dags/init.py
[2023-06-12 08:06:10,519] {logging_mixin.py:104} INFO - [2023-06-12 08:06:10,519] {dag.py:1833} INFO - Sync 1 DAGs
[2023-06-12 08:06:10,531] {logging_mixin.py:104} INFO - [2023-06-12 08:06:10,530] {dag.py:2306} INFO - Setting next_dagrun for 1_init_once_seed_data to None
[2023-06-12 08:06:10,542] {scheduler_job.py:189} INFO - Processing /opt/airflow/dags/init.py took 0.085 seconds
[2023-06-12 08:06:40,798] {scheduler_job.py:181} INFO - Started process (PID=1577) to work on /opt/airflow/dags/init.py
[2023-06-12 08:06:40,800] {scheduler_job.py:632} INFO - Processing file /opt/airflow/dags/init.py for tasks to queue
[2023-06-12 08:06:40,801] {logging_mixin.py:104} INFO - [2023-06-12 08:06:40,801] {dagbag.py:496} INFO - Filling up the DagBag from /opt/airflow/dags/init.py
[2023-06-12 08:06:40,842] {scheduler_job.py:642} INFO - DAG(s) dict_keys(['1_init_once_seed_data']) retrieved from /opt/airflow/dags/init.py
[2023-06-12 08:06:40,858] {logging_mixin.py:104} INFO - [2023-06-12 08:06:40,857] {dag.py:1833} INFO - Sync 1 DAGs
[2023-06-12 08:06:40,869] {logging_mixin.py:104} INFO - [2023-06-12 08:06:40,869] {dag.py:2306} INFO - Setting next_dagrun for 1_init_once_seed_data to None
[2023-06-12 08:06:40,881] {scheduler_job.py:189} INFO - Processing /opt/airflow/dags/init.py took 0.085 seconds
[2023-06-12 08:07:10,972] {scheduler_job.py:181} INFO - Started process (PID=1640) to work on /opt/airflow/dags/init.py
[2023-06-12 08:07:10,973] {scheduler_job.py:632} INFO - Processing file /opt/airflow/dags/init.py for tasks to queue
[2023-06-12 08:07:10,974] {logging_mixin.py:104} INFO - [2023-06-12 08:07:10,974] {dagbag.py:496} INFO - Filling up the DagBag from /opt/airflow/dags/init.py
[2023-06-12 08:07:11,015] {scheduler_job.py:642} INFO - DAG(s) dict_keys(['1_init_once_seed_data']) retrieved from /opt/airflow/dags/init.py
[2023-06-12 08:07:11,031] {logging_mixin.py:104} INFO - [2023-06-12 08:07:11,031] {dag.py:1833} INFO - Sync 1 DAGs
[2023-06-12 08:07:11,042] {logging_mixin.py:104} INFO - [2023-06-12 08:07:11,042] {dag.py:2306} INFO - Setting next_dagrun for 1_init_once_seed_data to None
[2023-06-12 08:07:11,052] {scheduler_job.py:189} INFO - Processing /opt/airflow/dags/init.py took 0.083 seconds
[2023-06-12 08:07:42,024] {scheduler_job.py:181} INFO - Started process (PID=1702) to work on /opt/airflow/dags/init.py
[2023-06-12 08:07:42,026] {scheduler_job.py:632} INFO - Processing file /opt/airflow/dags/init.py for tasks to queue
[2023-06-12 08:07:42,027] {logging_mixin.py:104} INFO - [2023-06-12 08:07:42,027] {dagbag.py:496} INFO - Filling up the DagBag from /opt/airflow/dags/init.py
[2023-06-12 08:07:42,076] {scheduler_job.py:642} INFO - DAG(s) dict_keys(['1_init_once_seed_data']) retrieved from /opt/airflow/dags/init.py
[2023-06-12 08:07:42,092] {logging_mixin.py:104} INFO - [2023-06-12 08:07:42,092] {dag.py:1833} INFO - Sync 1 DAGs
[2023-06-12 08:07:42,105] {logging_mixin.py:104} INFO - [2023-06-12 08:07:42,105] {dag.py:2306} INFO - Setting next_dagrun for 1_init_once_seed_data to None
[2023-06-12 08:07:42,116] {scheduler_job.py:189} INFO - Processing /opt/airflow/dags/init.py took 0.095 seconds
[2023-06-12 08:08:12,393] {scheduler_job.py:181} INFO - Started process (PID=1756) to work on /opt/airflow/dags/init.py
[2023-06-12 08:08:12,394] {scheduler_job.py:632} INFO - Processing file /opt/airflow/dags/init.py for tasks to queue
[2023-06-12 08:08:12,395] {logging_mixin.py:104} INFO - [2023-06-12 08:08:12,395] {dagbag.py:496} INFO - Filling up the DagBag from /opt/airflow/dags/init.py
[2023-06-12 08:08:12,440] {scheduler_job.py:642} INFO - DAG(s) dict_keys(['1_init_once_seed_data']) retrieved from /opt/airflow/dags/init.py
[2023-06-12 08:08:12,458] {logging_mixin.py:104} INFO - [2023-06-12 08:08:12,458] {dag.py:1833} INFO - Sync 1 DAGs
[2023-06-12 08:08:12,470] {logging_mixin.py:104} INFO - [2023-06-12 08:08:12,470] {dag.py:2306} INFO - Setting next_dagrun for 1_init_once_seed_data to None
[2023-06-12 08:08:12,481] {scheduler_job.py:189} INFO - Processing /opt/airflow/dags/init.py took 0.091 seconds
[2023-06-12 08:08:42,956] {scheduler_job.py:181} INFO - Started process (PID=1820) to work on /opt/airflow/dags/init.py
[2023-06-12 08:08:42,957] {scheduler_job.py:632} INFO - Processing file /opt/airflow/dags/init.py for tasks to queue
[2023-06-12 08:08:42,958] {logging_mixin.py:104} INFO - [2023-06-12 08:08:42,958] {dagbag.py:496} INFO - Filling up the DagBag from /opt/airflow/dags/init.py
[2023-06-12 08:08:42,999] {scheduler_job.py:642} INFO - DAG(s) dict_keys(['1_init_once_seed_data']) retrieved from /opt/airflow/dags/init.py
[2023-06-12 08:08:43,022] {logging_mixin.py:104} INFO - [2023-06-12 08:08:43,022] {dag.py:1833} INFO - Sync 1 DAGs
[2023-06-12 08:08:43,035] {logging_mixin.py:104} INFO - [2023-06-12 08:08:43,035] {dag.py:2306} INFO - Setting next_dagrun for 1_init_once_seed_data to None
[2023-06-12 08:08:43,046] {scheduler_job.py:189} INFO - Processing /opt/airflow/dags/init.py took 0.093 seconds
[2023-06-12 08:09:13,332] {scheduler_job.py:181} INFO - Started process (PID=1873) to work on /opt/airflow/dags/init.py
[2023-06-12 08:09:13,333] {scheduler_job.py:632} INFO - Processing file /opt/airflow/dags/init.py for tasks to queue
[2023-06-12 08:09:13,334] {logging_mixin.py:104} INFO - [2023-06-12 08:09:13,334] {dagbag.py:496} INFO - Filling up the DagBag from /opt/airflow/dags/init.py
[2023-06-12 08:09:13,373] {scheduler_job.py:642} INFO - DAG(s) dict_keys(['1_init_once_seed_data']) retrieved from /opt/airflow/dags/init.py
[2023-06-12 08:09:13,388] {logging_mixin.py:104} INFO - [2023-06-12 08:09:13,388] {dag.py:1833} INFO - Sync 1 DAGs
[2023-06-12 08:09:13,400] {logging_mixin.py:104} INFO - [2023-06-12 08:09:13,399] {dag.py:2306} INFO - Setting next_dagrun for 1_init_once_seed_data to None
[2023-06-12 08:09:13,410] {scheduler_job.py:189} INFO - Processing /opt/airflow/dags/init.py took 0.081 seconds
[2023-06-12 08:09:43,685] {scheduler_job.py:181} INFO - Started process (PID=1936) to work on /opt/airflow/dags/init.py
[2023-06-12 08:09:43,686] {scheduler_job.py:632} INFO - Processing file /opt/airflow/dags/init.py for tasks to queue
[2023-06-12 08:09:43,687] {logging_mixin.py:104} INFO - [2023-06-12 08:09:43,687] {dagbag.py:496} INFO - Filling up the DagBag from /opt/airflow/dags/init.py
[2023-06-12 08:09:43,729] {scheduler_job.py:642} INFO - DAG(s) dict_keys(['1_init_once_seed_data']) retrieved from /opt/airflow/dags/init.py
[2023-06-12 08:09:43,748] {logging_mixin.py:104} INFO - [2023-06-12 08:09:43,748] {dag.py:1833} INFO - Sync 1 DAGs
[2023-06-12 08:09:43,760] {logging_mixin.py:104} INFO - [2023-06-12 08:09:43,760] {dag.py:2306} INFO - Setting next_dagrun for 1_init_once_seed_data to None
[2023-06-12 08:09:43,772] {scheduler_job.py:189} INFO - Processing /opt/airflow/dags/init.py took 0.090 seconds
[2023-06-12 08:10:14,190] {scheduler_job.py:181} INFO - Started process (PID=1999) to work on /opt/airflow/dags/init.py
[2023-06-12 08:10:14,192] {scheduler_job.py:632} INFO - Processing file /opt/airflow/dags/init.py for tasks to queue
[2023-06-12 08:10:14,193] {logging_mixin.py:104} INFO - [2023-06-12 08:10:14,192] {dagbag.py:496} INFO - Filling up the DagBag from /opt/airflow/dags/init.py
[2023-06-12 08:10:14,236] {scheduler_job.py:642} INFO - DAG(s) dict_keys(['1_init_once_seed_data']) retrieved from /opt/airflow/dags/init.py
[2023-06-12 08:10:14,253] {logging_mixin.py:104} INFO - [2023-06-12 08:10:14,253] {dag.py:1833} INFO - Sync 1 DAGs
[2023-06-12 08:10:14,265] {logging_mixin.py:104} INFO - [2023-06-12 08:10:14,265] {dag.py:2306} INFO - Setting next_dagrun for 1_init_once_seed_data to None
[2023-06-12 08:10:14,276] {scheduler_job.py:189} INFO - Processing /opt/airflow/dags/init.py took 0.089 seconds
[2023-06-12 08:10:44,558] {scheduler_job.py:181} INFO - Started process (PID=2052) to work on /opt/airflow/dags/init.py
[2023-06-12 08:10:44,559] {scheduler_job.py:632} INFO - Processing file /opt/airflow/dags/init.py for tasks to queue
[2023-06-12 08:10:44,560] {logging_mixin.py:104} INFO - [2023-06-12 08:10:44,560] {dagbag.py:496} INFO - Filling up the DagBag from /opt/airflow/dags/init.py
[2023-06-12 08:10:44,601] {scheduler_job.py:642} INFO - DAG(s) dict_keys(['1_init_once_seed_data']) retrieved from /opt/airflow/dags/init.py
[2023-06-12 08:10:44,618] {logging_mixin.py:104} INFO - [2023-06-12 08:10:44,617] {dag.py:1833} INFO - Sync 1 DAGs
[2023-06-12 08:10:44,629] {logging_mixin.py:104} INFO - [2023-06-12 08:10:44,629] {dag.py:2306} INFO - Setting next_dagrun for 1_init_once_seed_data to None
[2023-06-12 08:10:44,641] {scheduler_job.py:189} INFO - Processing /opt/airflow/dags/init.py took 0.086 seconds
[2023-06-12 08:11:15,041] {scheduler_job.py:181} INFO - Started process (PID=2115) to work on /opt/airflow/dags/init.py
[2023-06-12 08:11:15,042] {scheduler_job.py:632} INFO - Processing file /opt/airflow/dags/init.py for tasks to queue
[2023-06-12 08:11:15,043] {logging_mixin.py:104} INFO - [2023-06-12 08:11:15,043] {dagbag.py:496} INFO - Filling up the DagBag from /opt/airflow/dags/init.py
[2023-06-12 08:11:15,083] {scheduler_job.py:642} INFO - DAG(s) dict_keys(['1_init_once_seed_data']) retrieved from /opt/airflow/dags/init.py
[2023-06-12 08:11:15,098] {logging_mixin.py:104} INFO - [2023-06-12 08:11:15,098] {dag.py:1833} INFO - Sync 1 DAGs
[2023-06-12 08:11:15,110] {logging_mixin.py:104} INFO - [2023-06-12 08:11:15,110] {dag.py:2306} INFO - Setting next_dagrun for 1_init_once_seed_data to None
[2023-06-12 08:11:15,121] {scheduler_job.py:189} INFO - Processing /opt/airflow/dags/init.py took 0.082 seconds
[2023-06-12 08:11:45,342] {scheduler_job.py:181} INFO - Started process (PID=2168) to work on /opt/airflow/dags/init.py
[2023-06-12 08:11:45,344] {scheduler_job.py:632} INFO - Processing file /opt/airflow/dags/init.py for tasks to queue
[2023-06-12 08:11:45,345] {logging_mixin.py:104} INFO - [2023-06-12 08:11:45,344] {dagbag.py:496} INFO - Filling up the DagBag from /opt/airflow/dags/init.py
[2023-06-12 08:11:45,384] {scheduler_job.py:642} INFO - DAG(s) dict_keys(['1_init_once_seed_data']) retrieved from /opt/airflow/dags/init.py
[2023-06-12 08:11:45,400] {logging_mixin.py:104} INFO - [2023-06-12 08:11:45,400] {dag.py:1833} INFO - Sync 1 DAGs
[2023-06-12 08:11:45,412] {logging_mixin.py:104} INFO - [2023-06-12 08:11:45,412] {dag.py:2306} INFO - Setting next_dagrun for 1_init_once_seed_data to None
[2023-06-12 08:11:45,424] {scheduler_job.py:189} INFO - Processing /opt/airflow/dags/init.py took 0.084 seconds
[2023-06-12 08:12:15,950] {scheduler_job.py:181} INFO - Started process (PID=2231) to work on /opt/airflow/dags/init.py
[2023-06-12 08:12:15,951] {scheduler_job.py:632} INFO - Processing file /opt/airflow/dags/init.py for tasks to queue
[2023-06-12 08:12:15,952] {logging_mixin.py:104} INFO - [2023-06-12 08:12:15,952] {dagbag.py:496} INFO - Filling up the DagBag from /opt/airflow/dags/init.py
[2023-06-12 08:12:15,992] {scheduler_job.py:642} INFO - DAG(s) dict_keys(['1_init_once_seed_data']) retrieved from /opt/airflow/dags/init.py
[2023-06-12 08:12:16,008] {logging_mixin.py:104} INFO - [2023-06-12 08:12:16,008] {dag.py:1833} INFO - Sync 1 DAGs
[2023-06-12 08:12:16,019] {logging_mixin.py:104} INFO - [2023-06-12 08:12:16,019] {dag.py:2306} INFO - Setting next_dagrun for 1_init_once_seed_data to None
[2023-06-12 08:12:16,030] {scheduler_job.py:189} INFO - Processing /opt/airflow/dags/init.py took 0.083 seconds
[2023-06-12 08:12:46,333] {scheduler_job.py:181} INFO - Started process (PID=2294) to work on /opt/airflow/dags/init.py
[2023-06-12 08:12:46,334] {scheduler_job.py:632} INFO - Processing file /opt/airflow/dags/init.py for tasks to queue
[2023-06-12 08:12:46,336] {logging_mixin.py:104} INFO - [2023-06-12 08:12:46,335] {dagbag.py:496} INFO - Filling up the DagBag from /opt/airflow/dags/init.py
[2023-06-12 08:12:46,381] {scheduler_job.py:642} INFO - DAG(s) dict_keys(['1_init_once_seed_data']) retrieved from /opt/airflow/dags/init.py
[2023-06-12 08:12:46,428] {logging_mixin.py:104} INFO - [2023-06-12 08:12:46,427] {dag.py:1833} INFO - Sync 1 DAGs
[2023-06-12 08:12:46,449] {logging_mixin.py:104} INFO - [2023-06-12 08:12:46,449] {dag.py:2306} INFO - Setting next_dagrun for 1_init_once_seed_data to None
[2023-06-12 08:12:46,473] {scheduler_job.py:189} INFO - Processing /opt/airflow/dags/init.py took 0.143 seconds
