[2023-06-12 07:53:25,486] {scheduler_job.py:181} INFO - Started process (PID=36) to work on /opt/airflow/dags/transform_and_analysis.py
[2023-06-12 07:53:25,488] {scheduler_job.py:632} INFO - Processing file /opt/airflow/dags/transform_and_analysis.py for tasks to queue
[2023-06-12 07:53:25,489] {logging_mixin.py:104} INFO - [2023-06-12 07:53:25,489] {dagbag.py:496} INFO - Filling up the DagBag from /opt/airflow/dags/transform_and_analysis.py
[2023-06-12 07:53:25,546] {scheduler_job.py:642} INFO - DAG(s) dict_keys(['2_daily_transformation_analysis']) retrieved from /opt/airflow/dags/transform_and_analysis.py
[2023-06-12 07:53:25,568] {logging_mixin.py:104} INFO - [2023-06-12 07:53:25,568] {dag.py:1833} INFO - Sync 1 DAGs
[2023-06-12 07:53:25,599] {logging_mixin.py:104} INFO - [2023-06-12 07:53:25,599] {dag.py:2306} INFO - Setting next_dagrun for 2_daily_transformation_analysis to None
[2023-06-12 07:53:25,621] {scheduler_job.py:189} INFO - Processing /opt/airflow/dags/transform_and_analysis.py took 0.138 seconds
[2023-06-12 07:53:55,970] {scheduler_job.py:181} INFO - Started process (PID=99) to work on /opt/airflow/dags/transform_and_analysis.py
[2023-06-12 07:53:55,971] {scheduler_job.py:632} INFO - Processing file /opt/airflow/dags/transform_and_analysis.py for tasks to queue
[2023-06-12 07:53:55,972] {logging_mixin.py:104} INFO - [2023-06-12 07:53:55,972] {dagbag.py:496} INFO - Filling up the DagBag from /opt/airflow/dags/transform_and_analysis.py
[2023-06-12 07:53:56,015] {scheduler_job.py:642} INFO - DAG(s) dict_keys(['2_daily_transformation_analysis']) retrieved from /opt/airflow/dags/transform_and_analysis.py
[2023-06-12 07:53:56,032] {logging_mixin.py:104} INFO - [2023-06-12 07:53:56,032] {dag.py:1833} INFO - Sync 1 DAGs
[2023-06-12 07:53:56,044] {logging_mixin.py:104} INFO - [2023-06-12 07:53:56,044] {dag.py:2306} INFO - Setting next_dagrun for 2_daily_transformation_analysis to None
[2023-06-12 07:53:56,055] {scheduler_job.py:189} INFO - Processing /opt/airflow/dags/transform_and_analysis.py took 0.088 seconds
[2023-06-12 07:54:26,609] {scheduler_job.py:181} INFO - Started process (PID=152) to work on /opt/airflow/dags/transform_and_analysis.py
[2023-06-12 07:54:26,610] {scheduler_job.py:632} INFO - Processing file /opt/airflow/dags/transform_and_analysis.py for tasks to queue
[2023-06-12 07:54:26,612] {logging_mixin.py:104} INFO - [2023-06-12 07:54:26,611] {dagbag.py:496} INFO - Filling up the DagBag from /opt/airflow/dags/transform_and_analysis.py
[2023-06-12 07:54:26,658] {scheduler_job.py:642} INFO - DAG(s) dict_keys(['2_daily_transformation_analysis']) retrieved from /opt/airflow/dags/transform_and_analysis.py
[2023-06-12 07:54:26,676] {logging_mixin.py:104} INFO - [2023-06-12 07:54:26,676] {dag.py:1833} INFO - Sync 1 DAGs
[2023-06-12 07:54:26,693] {logging_mixin.py:104} INFO - [2023-06-12 07:54:26,693] {dag.py:2306} INFO - Setting next_dagrun for 2_daily_transformation_analysis to None
[2023-06-12 07:54:26,708] {scheduler_job.py:189} INFO - Processing /opt/airflow/dags/transform_and_analysis.py took 0.102 seconds
[2023-06-12 07:54:57,503] {scheduler_job.py:181} INFO - Started process (PID=215) to work on /opt/airflow/dags/transform_and_analysis.py
[2023-06-12 07:54:57,504] {scheduler_job.py:632} INFO - Processing file /opt/airflow/dags/transform_and_analysis.py for tasks to queue
[2023-06-12 07:54:57,505] {logging_mixin.py:104} INFO - [2023-06-12 07:54:57,505] {dagbag.py:496} INFO - Filling up the DagBag from /opt/airflow/dags/transform_and_analysis.py
[2023-06-12 07:54:57,545] {scheduler_job.py:642} INFO - DAG(s) dict_keys(['2_daily_transformation_analysis']) retrieved from /opt/airflow/dags/transform_and_analysis.py
[2023-06-12 07:54:57,562] {logging_mixin.py:104} INFO - [2023-06-12 07:54:57,561] {dag.py:1833} INFO - Sync 1 DAGs
[2023-06-12 07:54:57,574] {logging_mixin.py:104} INFO - [2023-06-12 07:54:57,574] {dag.py:2306} INFO - Setting next_dagrun for 2_daily_transformation_analysis to None
[2023-06-12 07:54:57,585] {scheduler_job.py:189} INFO - Processing /opt/airflow/dags/transform_and_analysis.py took 0.084 seconds
[2023-06-12 07:55:27,700] {scheduler_job.py:181} INFO - Started process (PID=278) to work on /opt/airflow/dags/transform_and_analysis.py
[2023-06-12 07:55:27,701] {scheduler_job.py:632} INFO - Processing file /opt/airflow/dags/transform_and_analysis.py for tasks to queue
[2023-06-12 07:55:27,702] {logging_mixin.py:104} INFO - [2023-06-12 07:55:27,702] {dagbag.py:496} INFO - Filling up the DagBag from /opt/airflow/dags/transform_and_analysis.py
[2023-06-12 07:55:27,746] {scheduler_job.py:642} INFO - DAG(s) dict_keys(['2_daily_transformation_analysis']) retrieved from /opt/airflow/dags/transform_and_analysis.py
[2023-06-12 07:55:27,763] {logging_mixin.py:104} INFO - [2023-06-12 07:55:27,763] {dag.py:1833} INFO - Sync 1 DAGs
[2023-06-12 07:55:27,777] {logging_mixin.py:104} INFO - [2023-06-12 07:55:27,777] {dag.py:2306} INFO - Setting next_dagrun for 2_daily_transformation_analysis to None
[2023-06-12 07:55:27,788] {scheduler_job.py:189} INFO - Processing /opt/airflow/dags/transform_and_analysis.py took 0.091 seconds
[2023-06-12 07:55:58,134] {scheduler_job.py:181} INFO - Started process (PID=331) to work on /opt/airflow/dags/transform_and_analysis.py
[2023-06-12 07:55:58,136] {scheduler_job.py:632} INFO - Processing file /opt/airflow/dags/transform_and_analysis.py for tasks to queue
[2023-06-12 07:55:58,137] {logging_mixin.py:104} INFO - [2023-06-12 07:55:58,136] {dagbag.py:496} INFO - Filling up the DagBag from /opt/airflow/dags/transform_and_analysis.py
[2023-06-12 07:55:58,177] {scheduler_job.py:642} INFO - DAG(s) dict_keys(['2_daily_transformation_analysis']) retrieved from /opt/airflow/dags/transform_and_analysis.py
[2023-06-12 07:55:58,194] {logging_mixin.py:104} INFO - [2023-06-12 07:55:58,194] {dag.py:1833} INFO - Sync 1 DAGs
[2023-06-12 07:55:58,206] {logging_mixin.py:104} INFO - [2023-06-12 07:55:58,206] {dag.py:2306} INFO - Setting next_dagrun for 2_daily_transformation_analysis to None
[2023-06-12 07:55:58,220] {scheduler_job.py:189} INFO - Processing /opt/airflow/dags/transform_and_analysis.py took 0.088 seconds
[2023-06-12 07:56:28,922] {scheduler_job.py:181} INFO - Started process (PID=394) to work on /opt/airflow/dags/transform_and_analysis.py
[2023-06-12 07:56:28,923] {scheduler_job.py:632} INFO - Processing file /opt/airflow/dags/transform_and_analysis.py for tasks to queue
[2023-06-12 07:56:28,924] {logging_mixin.py:104} INFO - [2023-06-12 07:56:28,924] {dagbag.py:496} INFO - Filling up the DagBag from /opt/airflow/dags/transform_and_analysis.py
[2023-06-12 07:56:28,969] {scheduler_job.py:642} INFO - DAG(s) dict_keys(['2_daily_transformation_analysis']) retrieved from /opt/airflow/dags/transform_and_analysis.py
[2023-06-12 07:56:28,994] {logging_mixin.py:104} INFO - [2023-06-12 07:56:28,994] {dag.py:1833} INFO - Sync 1 DAGs
[2023-06-12 07:56:29,015] {logging_mixin.py:104} INFO - [2023-06-12 07:56:29,014] {dag.py:2306} INFO - Setting next_dagrun for 2_daily_transformation_analysis to None
[2023-06-12 07:56:29,028] {scheduler_job.py:189} INFO - Processing /opt/airflow/dags/transform_and_analysis.py took 0.109 seconds
[2023-06-12 07:56:59,331] {scheduler_job.py:181} INFO - Started process (PID=457) to work on /opt/airflow/dags/transform_and_analysis.py
[2023-06-12 07:56:59,332] {scheduler_job.py:632} INFO - Processing file /opt/airflow/dags/transform_and_analysis.py for tasks to queue
[2023-06-12 07:56:59,333] {logging_mixin.py:104} INFO - [2023-06-12 07:56:59,333] {dagbag.py:496} INFO - Filling up the DagBag from /opt/airflow/dags/transform_and_analysis.py
[2023-06-12 07:56:59,373] {scheduler_job.py:642} INFO - DAG(s) dict_keys(['2_daily_transformation_analysis']) retrieved from /opt/airflow/dags/transform_and_analysis.py
[2023-06-12 07:56:59,390] {logging_mixin.py:104} INFO - [2023-06-12 07:56:59,390] {dag.py:1833} INFO - Sync 1 DAGs
[2023-06-12 07:56:59,402] {logging_mixin.py:104} INFO - [2023-06-12 07:56:59,402] {dag.py:2306} INFO - Setting next_dagrun for 2_daily_transformation_analysis to None
[2023-06-12 07:56:59,414] {scheduler_job.py:189} INFO - Processing /opt/airflow/dags/transform_and_analysis.py took 0.085 seconds
[2023-06-12 07:57:30,140] {scheduler_job.py:181} INFO - Started process (PID=510) to work on /opt/airflow/dags/transform_and_analysis.py
[2023-06-12 07:57:30,141] {scheduler_job.py:632} INFO - Processing file /opt/airflow/dags/transform_and_analysis.py for tasks to queue
[2023-06-12 07:57:30,143] {logging_mixin.py:104} INFO - [2023-06-12 07:57:30,142] {dagbag.py:496} INFO - Filling up the DagBag from /opt/airflow/dags/transform_and_analysis.py
[2023-06-12 07:57:30,193] {scheduler_job.py:642} INFO - DAG(s) dict_keys(['2_daily_transformation_analysis']) retrieved from /opt/airflow/dags/transform_and_analysis.py
[2023-06-12 07:57:30,211] {logging_mixin.py:104} INFO - [2023-06-12 07:57:30,211] {dag.py:1833} INFO - Sync 1 DAGs
[2023-06-12 07:57:30,228] {logging_mixin.py:104} INFO - [2023-06-12 07:57:30,228] {dag.py:2306} INFO - Setting next_dagrun for 2_daily_transformation_analysis to None
[2023-06-12 07:57:30,240] {scheduler_job.py:189} INFO - Processing /opt/airflow/dags/transform_and_analysis.py took 0.103 seconds
[2023-06-12 07:58:01,197] {scheduler_job.py:181} INFO - Started process (PID=573) to work on /opt/airflow/dags/transform_and_analysis.py
[2023-06-12 07:58:01,199] {scheduler_job.py:632} INFO - Processing file /opt/airflow/dags/transform_and_analysis.py for tasks to queue
[2023-06-12 07:58:01,199] {logging_mixin.py:104} INFO - [2023-06-12 07:58:01,199] {dagbag.py:496} INFO - Filling up the DagBag from /opt/airflow/dags/transform_and_analysis.py
[2023-06-12 07:58:01,237] {scheduler_job.py:642} INFO - DAG(s) dict_keys(['2_daily_transformation_analysis']) retrieved from /opt/airflow/dags/transform_and_analysis.py
[2023-06-12 07:58:01,251] {logging_mixin.py:104} INFO - [2023-06-12 07:58:01,251] {dag.py:1833} INFO - Sync 1 DAGs
[2023-06-12 07:58:01,262] {logging_mixin.py:104} INFO - [2023-06-12 07:58:01,262] {dag.py:2306} INFO - Setting next_dagrun for 2_daily_transformation_analysis to None
[2023-06-12 07:58:01,272] {scheduler_job.py:189} INFO - Processing /opt/airflow/dags/transform_and_analysis.py took 0.077 seconds
[2023-06-12 07:58:31,476] {scheduler_job.py:181} INFO - Started process (PID=626) to work on /opt/airflow/dags/transform_and_analysis.py
[2023-06-12 07:58:31,478] {scheduler_job.py:632} INFO - Processing file /opt/airflow/dags/transform_and_analysis.py for tasks to queue
[2023-06-12 07:58:31,479] {logging_mixin.py:104} INFO - [2023-06-12 07:58:31,479] {dagbag.py:496} INFO - Filling up the DagBag from /opt/airflow/dags/transform_and_analysis.py
[2023-06-12 07:58:31,520] {scheduler_job.py:642} INFO - DAG(s) dict_keys(['2_daily_transformation_analysis']) retrieved from /opt/airflow/dags/transform_and_analysis.py
[2023-06-12 07:58:31,536] {logging_mixin.py:104} INFO - [2023-06-12 07:58:31,536] {dag.py:1833} INFO - Sync 1 DAGs
[2023-06-12 07:58:31,551] {logging_mixin.py:104} INFO - [2023-06-12 07:58:31,551] {dag.py:2306} INFO - Setting next_dagrun for 2_daily_transformation_analysis to None
[2023-06-12 07:58:31,564] {scheduler_job.py:189} INFO - Processing /opt/airflow/dags/transform_and_analysis.py took 0.090 seconds
[2023-06-12 07:59:01,601] {scheduler_job.py:181} INFO - Started process (PID=689) to work on /opt/airflow/dags/transform_and_analysis.py
[2023-06-12 07:59:01,602] {scheduler_job.py:632} INFO - Processing file /opt/airflow/dags/transform_and_analysis.py for tasks to queue
[2023-06-12 07:59:01,603] {logging_mixin.py:104} INFO - [2023-06-12 07:59:01,603] {dagbag.py:496} INFO - Filling up the DagBag from /opt/airflow/dags/transform_and_analysis.py
[2023-06-12 07:59:01,644] {scheduler_job.py:642} INFO - DAG(s) dict_keys(['2_daily_transformation_analysis']) retrieved from /opt/airflow/dags/transform_and_analysis.py
[2023-06-12 07:59:01,659] {logging_mixin.py:104} INFO - [2023-06-12 07:59:01,659] {dag.py:1833} INFO - Sync 1 DAGs
[2023-06-12 07:59:01,671] {logging_mixin.py:104} INFO - [2023-06-12 07:59:01,671] {dag.py:2306} INFO - Setting next_dagrun for 2_daily_transformation_analysis to None
[2023-06-12 07:59:01,683] {scheduler_job.py:189} INFO - Processing /opt/airflow/dags/transform_and_analysis.py took 0.085 seconds
[2023-06-12 07:59:32,603] {scheduler_job.py:181} INFO - Started process (PID=752) to work on /opt/airflow/dags/transform_and_analysis.py
[2023-06-12 07:59:32,605] {scheduler_job.py:632} INFO - Processing file /opt/airflow/dags/transform_and_analysis.py for tasks to queue
[2023-06-12 07:59:32,606] {logging_mixin.py:104} INFO - [2023-06-12 07:59:32,606] {dagbag.py:496} INFO - Filling up the DagBag from /opt/airflow/dags/transform_and_analysis.py
[2023-06-12 07:59:32,646] {scheduler_job.py:642} INFO - DAG(s) dict_keys(['2_daily_transformation_analysis']) retrieved from /opt/airflow/dags/transform_and_analysis.py
[2023-06-12 07:59:32,662] {logging_mixin.py:104} INFO - [2023-06-12 07:59:32,662] {dag.py:1833} INFO - Sync 1 DAGs
[2023-06-12 07:59:32,675] {logging_mixin.py:104} INFO - [2023-06-12 07:59:32,674] {dag.py:2306} INFO - Setting next_dagrun for 2_daily_transformation_analysis to None
[2023-06-12 07:59:32,685] {scheduler_job.py:189} INFO - Processing /opt/airflow/dags/transform_and_analysis.py took 0.085 seconds
[2023-06-12 08:00:03,532] {scheduler_job.py:181} INFO - Started process (PID=805) to work on /opt/airflow/dags/transform_and_analysis.py
[2023-06-12 08:00:03,533] {scheduler_job.py:632} INFO - Processing file /opt/airflow/dags/transform_and_analysis.py for tasks to queue
[2023-06-12 08:00:03,534] {logging_mixin.py:104} INFO - [2023-06-12 08:00:03,534] {dagbag.py:496} INFO - Filling up the DagBag from /opt/airflow/dags/transform_and_analysis.py
[2023-06-12 08:00:03,575] {scheduler_job.py:642} INFO - DAG(s) dict_keys(['2_daily_transformation_analysis']) retrieved from /opt/airflow/dags/transform_and_analysis.py
[2023-06-12 08:00:03,590] {logging_mixin.py:104} INFO - [2023-06-12 08:00:03,590] {dag.py:1833} INFO - Sync 1 DAGs
[2023-06-12 08:00:03,603] {logging_mixin.py:104} INFO - [2023-06-12 08:00:03,603] {dag.py:2306} INFO - Setting next_dagrun for 2_daily_transformation_analysis to None
[2023-06-12 08:00:03,613] {scheduler_job.py:189} INFO - Processing /opt/airflow/dags/transform_and_analysis.py took 0.084 seconds
[2023-06-12 08:00:34,595] {scheduler_job.py:181} INFO - Started process (PID=868) to work on /opt/airflow/dags/transform_and_analysis.py
[2023-06-12 08:00:34,597] {scheduler_job.py:632} INFO - Processing file /opt/airflow/dags/transform_and_analysis.py for tasks to queue
[2023-06-12 08:00:34,598] {logging_mixin.py:104} INFO - [2023-06-12 08:00:34,598] {dagbag.py:496} INFO - Filling up the DagBag from /opt/airflow/dags/transform_and_analysis.py
[2023-06-12 08:00:34,637] {scheduler_job.py:642} INFO - DAG(s) dict_keys(['2_daily_transformation_analysis']) retrieved from /opt/airflow/dags/transform_and_analysis.py
[2023-06-12 08:00:34,652] {logging_mixin.py:104} INFO - [2023-06-12 08:00:34,652] {dag.py:1833} INFO - Sync 1 DAGs
[2023-06-12 08:00:34,665] {logging_mixin.py:104} INFO - [2023-06-12 08:00:34,665] {dag.py:2306} INFO - Setting next_dagrun for 2_daily_transformation_analysis to None
[2023-06-12 08:00:34,677] {scheduler_job.py:189} INFO - Processing /opt/airflow/dags/transform_and_analysis.py took 0.084 seconds
[2023-06-12 08:01:05,590] {scheduler_job.py:181} INFO - Started process (PID=931) to work on /opt/airflow/dags/transform_and_analysis.py
[2023-06-12 08:01:05,591] {scheduler_job.py:632} INFO - Processing file /opt/airflow/dags/transform_and_analysis.py for tasks to queue
[2023-06-12 08:01:05,592] {logging_mixin.py:104} INFO - [2023-06-12 08:01:05,592] {dagbag.py:496} INFO - Filling up the DagBag from /opt/airflow/dags/transform_and_analysis.py
[2023-06-12 08:01:05,630] {scheduler_job.py:642} INFO - DAG(s) dict_keys(['2_daily_transformation_analysis']) retrieved from /opt/airflow/dags/transform_and_analysis.py
[2023-06-12 08:01:05,646] {logging_mixin.py:104} INFO - [2023-06-12 08:01:05,646] {dag.py:1833} INFO - Sync 1 DAGs
[2023-06-12 08:01:05,658] {logging_mixin.py:104} INFO - [2023-06-12 08:01:05,658] {dag.py:2306} INFO - Setting next_dagrun for 2_daily_transformation_analysis to None
[2023-06-12 08:01:05,669] {scheduler_job.py:189} INFO - Processing /opt/airflow/dags/transform_and_analysis.py took 0.082 seconds
[2023-06-12 08:01:36,486] {scheduler_job.py:181} INFO - Started process (PID=984) to work on /opt/airflow/dags/transform_and_analysis.py
[2023-06-12 08:01:36,487] {scheduler_job.py:632} INFO - Processing file /opt/airflow/dags/transform_and_analysis.py for tasks to queue
[2023-06-12 08:01:36,488] {logging_mixin.py:104} INFO - [2023-06-12 08:01:36,488] {dagbag.py:496} INFO - Filling up the DagBag from /opt/airflow/dags/transform_and_analysis.py
[2023-06-12 08:01:36,527] {scheduler_job.py:642} INFO - DAG(s) dict_keys(['2_daily_transformation_analysis']) retrieved from /opt/airflow/dags/transform_and_analysis.py
[2023-06-12 08:01:36,542] {logging_mixin.py:104} INFO - [2023-06-12 08:01:36,542] {dag.py:1833} INFO - Sync 1 DAGs
[2023-06-12 08:01:36,554] {logging_mixin.py:104} INFO - [2023-06-12 08:01:36,554] {dag.py:2306} INFO - Setting next_dagrun for 2_daily_transformation_analysis to None
[2023-06-12 08:01:36,565] {scheduler_job.py:189} INFO - Processing /opt/airflow/dags/transform_and_analysis.py took 0.082 seconds
[2023-06-12 08:02:07,519] {scheduler_job.py:181} INFO - Started process (PID=1047) to work on /opt/airflow/dags/transform_and_analysis.py
[2023-06-12 08:02:07,521] {scheduler_job.py:632} INFO - Processing file /opt/airflow/dags/transform_and_analysis.py for tasks to queue
[2023-06-12 08:02:07,521] {logging_mixin.py:104} INFO - [2023-06-12 08:02:07,521] {dagbag.py:496} INFO - Filling up the DagBag from /opt/airflow/dags/transform_and_analysis.py
[2023-06-12 08:02:07,561] {scheduler_job.py:642} INFO - DAG(s) dict_keys(['2_daily_transformation_analysis']) retrieved from /opt/airflow/dags/transform_and_analysis.py
[2023-06-12 08:02:07,576] {logging_mixin.py:104} INFO - [2023-06-12 08:02:07,576] {dag.py:1833} INFO - Sync 1 DAGs
[2023-06-12 08:02:07,587] {logging_mixin.py:104} INFO - [2023-06-12 08:02:07,587] {dag.py:2306} INFO - Setting next_dagrun for 2_daily_transformation_analysis to None
[2023-06-12 08:02:07,599] {scheduler_job.py:189} INFO - Processing /opt/airflow/dags/transform_and_analysis.py took 0.082 seconds
[2023-06-12 08:02:37,877] {scheduler_job.py:181} INFO - Started process (PID=1109) to work on /opt/airflow/dags/transform_and_analysis.py
[2023-06-12 08:02:37,878] {scheduler_job.py:632} INFO - Processing file /opt/airflow/dags/transform_and_analysis.py for tasks to queue
[2023-06-12 08:02:37,879] {logging_mixin.py:104} INFO - [2023-06-12 08:02:37,879] {dagbag.py:496} INFO - Filling up the DagBag from /opt/airflow/dags/transform_and_analysis.py
[2023-06-12 08:02:37,921] {scheduler_job.py:642} INFO - DAG(s) dict_keys(['2_daily_transformation_analysis']) retrieved from /opt/airflow/dags/transform_and_analysis.py
[2023-06-12 08:02:37,939] {logging_mixin.py:104} INFO - [2023-06-12 08:02:37,939] {dag.py:1833} INFO - Sync 1 DAGs
[2023-06-12 08:02:37,952] {logging_mixin.py:104} INFO - [2023-06-12 08:02:37,952] {dag.py:2306} INFO - Setting next_dagrun for 2_daily_transformation_analysis to None
[2023-06-12 08:02:37,963] {scheduler_job.py:189} INFO - Processing /opt/airflow/dags/transform_and_analysis.py took 0.089 seconds
[2023-06-12 08:03:08,247] {scheduler_job.py:181} INFO - Started process (PID=1163) to work on /opt/airflow/dags/transform_and_analysis.py
[2023-06-12 08:03:08,249] {scheduler_job.py:632} INFO - Processing file /opt/airflow/dags/transform_and_analysis.py for tasks to queue
[2023-06-12 08:03:08,250] {logging_mixin.py:104} INFO - [2023-06-12 08:03:08,249] {dagbag.py:496} INFO - Filling up the DagBag from /opt/airflow/dags/transform_and_analysis.py
[2023-06-12 08:03:08,289] {scheduler_job.py:642} INFO - DAG(s) dict_keys(['2_daily_transformation_analysis']) retrieved from /opt/airflow/dags/transform_and_analysis.py
[2023-06-12 08:03:08,306] {logging_mixin.py:104} INFO - [2023-06-12 08:03:08,306] {dag.py:1833} INFO - Sync 1 DAGs
[2023-06-12 08:03:08,318] {logging_mixin.py:104} INFO - [2023-06-12 08:03:08,318] {dag.py:2306} INFO - Setting next_dagrun for 2_daily_transformation_analysis to None
[2023-06-12 08:03:08,331] {scheduler_job.py:189} INFO - Processing /opt/airflow/dags/transform_and_analysis.py took 0.086 seconds
[2023-06-12 08:03:38,529] {scheduler_job.py:181} INFO - Started process (PID=1226) to work on /opt/airflow/dags/transform_and_analysis.py
[2023-06-12 08:03:38,530] {scheduler_job.py:632} INFO - Processing file /opt/airflow/dags/transform_and_analysis.py for tasks to queue
[2023-06-12 08:03:38,531] {logging_mixin.py:104} INFO - [2023-06-12 08:03:38,531] {dagbag.py:496} INFO - Filling up the DagBag from /opt/airflow/dags/transform_and_analysis.py
[2023-06-12 08:03:38,571] {scheduler_job.py:642} INFO - DAG(s) dict_keys(['2_daily_transformation_analysis']) retrieved from /opt/airflow/dags/transform_and_analysis.py
[2023-06-12 08:03:38,586] {logging_mixin.py:104} INFO - [2023-06-12 08:03:38,586] {dag.py:1833} INFO - Sync 1 DAGs
[2023-06-12 08:03:38,597] {logging_mixin.py:104} INFO - [2023-06-12 08:03:38,597] {dag.py:2306} INFO - Setting next_dagrun for 2_daily_transformation_analysis to None
[2023-06-12 08:03:38,608] {scheduler_job.py:189} INFO - Processing /opt/airflow/dags/transform_and_analysis.py took 0.082 seconds
[2023-06-12 08:04:08,875] {scheduler_job.py:181} INFO - Started process (PID=1280) to work on /opt/airflow/dags/transform_and_analysis.py
[2023-06-12 08:04:08,876] {scheduler_job.py:632} INFO - Processing file /opt/airflow/dags/transform_and_analysis.py for tasks to queue
[2023-06-12 08:04:08,877] {logging_mixin.py:104} INFO - [2023-06-12 08:04:08,877] {dagbag.py:496} INFO - Filling up the DagBag from /opt/airflow/dags/transform_and_analysis.py
[2023-06-12 08:04:08,917] {scheduler_job.py:642} INFO - DAG(s) dict_keys(['2_daily_transformation_analysis']) retrieved from /opt/airflow/dags/transform_and_analysis.py
[2023-06-12 08:04:08,932] {logging_mixin.py:104} INFO - [2023-06-12 08:04:08,932] {dag.py:1833} INFO - Sync 1 DAGs
[2023-06-12 08:04:08,943] {logging_mixin.py:104} INFO - [2023-06-12 08:04:08,942] {dag.py:2306} INFO - Setting next_dagrun for 2_daily_transformation_analysis to None
[2023-06-12 08:04:08,952] {scheduler_job.py:189} INFO - Processing /opt/airflow/dags/transform_and_analysis.py took 0.080 seconds
[2023-06-12 08:04:39,331] {scheduler_job.py:181} INFO - Started process (PID=1343) to work on /opt/airflow/dags/transform_and_analysis.py
[2023-06-12 08:04:39,333] {scheduler_job.py:632} INFO - Processing file /opt/airflow/dags/transform_and_analysis.py for tasks to queue
[2023-06-12 08:04:39,333] {logging_mixin.py:104} INFO - [2023-06-12 08:04:39,333] {dagbag.py:496} INFO - Filling up the DagBag from /opt/airflow/dags/transform_and_analysis.py
[2023-06-12 08:04:39,375] {scheduler_job.py:642} INFO - DAG(s) dict_keys(['2_daily_transformation_analysis']) retrieved from /opt/airflow/dags/transform_and_analysis.py
[2023-06-12 08:04:39,390] {logging_mixin.py:104} INFO - [2023-06-12 08:04:39,389] {dag.py:1833} INFO - Sync 1 DAGs
[2023-06-12 08:04:39,401] {logging_mixin.py:104} INFO - [2023-06-12 08:04:39,401] {dag.py:2306} INFO - Setting next_dagrun for 2_daily_transformation_analysis to None
[2023-06-12 08:04:39,412] {scheduler_job.py:189} INFO - Processing /opt/airflow/dags/transform_and_analysis.py took 0.083 seconds
[2023-06-12 08:05:09,674] {scheduler_job.py:181} INFO - Started process (PID=1396) to work on /opt/airflow/dags/transform_and_analysis.py
[2023-06-12 08:05:09,675] {scheduler_job.py:632} INFO - Processing file /opt/airflow/dags/transform_and_analysis.py for tasks to queue
[2023-06-12 08:05:09,676] {logging_mixin.py:104} INFO - [2023-06-12 08:05:09,676] {dagbag.py:496} INFO - Filling up the DagBag from /opt/airflow/dags/transform_and_analysis.py
[2023-06-12 08:05:09,720] {scheduler_job.py:642} INFO - DAG(s) dict_keys(['2_daily_transformation_analysis']) retrieved from /opt/airflow/dags/transform_and_analysis.py
[2023-06-12 08:05:09,759] {logging_mixin.py:104} INFO - [2023-06-12 08:05:09,758] {dag.py:1833} INFO - Sync 1 DAGs
[2023-06-12 08:05:09,772] {logging_mixin.py:104} INFO - [2023-06-12 08:05:09,772] {dag.py:2306} INFO - Setting next_dagrun for 2_daily_transformation_analysis to None
[2023-06-12 08:05:09,784] {scheduler_job.py:189} INFO - Processing /opt/airflow/dags/transform_and_analysis.py took 0.113 seconds
[2023-06-12 08:05:39,993] {scheduler_job.py:181} INFO - Started process (PID=1460) to work on /opt/airflow/dags/transform_and_analysis.py
[2023-06-12 08:05:39,994] {scheduler_job.py:632} INFO - Processing file /opt/airflow/dags/transform_and_analysis.py for tasks to queue
[2023-06-12 08:05:39,995] {logging_mixin.py:104} INFO - [2023-06-12 08:05:39,995] {dagbag.py:496} INFO - Filling up the DagBag from /opt/airflow/dags/transform_and_analysis.py
[2023-06-12 08:05:40,035] {scheduler_job.py:642} INFO - DAG(s) dict_keys(['2_daily_transformation_analysis']) retrieved from /opt/airflow/dags/transform_and_analysis.py
[2023-06-12 08:05:40,051] {logging_mixin.py:104} INFO - [2023-06-12 08:05:40,051] {dag.py:1833} INFO - Sync 1 DAGs
[2023-06-12 08:05:40,063] {logging_mixin.py:104} INFO - [2023-06-12 08:05:40,063] {dag.py:2306} INFO - Setting next_dagrun for 2_daily_transformation_analysis to None
[2023-06-12 08:05:40,075] {scheduler_job.py:189} INFO - Processing /opt/airflow/dags/transform_and_analysis.py took 0.085 seconds
[2023-06-12 08:06:10,459] {scheduler_job.py:181} INFO - Started process (PID=1523) to work on /opt/airflow/dags/transform_and_analysis.py
[2023-06-12 08:06:10,460] {scheduler_job.py:632} INFO - Processing file /opt/airflow/dags/transform_and_analysis.py for tasks to queue
[2023-06-12 08:06:10,461] {logging_mixin.py:104} INFO - [2023-06-12 08:06:10,461] {dagbag.py:496} INFO - Filling up the DagBag from /opt/airflow/dags/transform_and_analysis.py
[2023-06-12 08:06:10,504] {scheduler_job.py:642} INFO - DAG(s) dict_keys(['2_daily_transformation_analysis']) retrieved from /opt/airflow/dags/transform_and_analysis.py
[2023-06-12 08:06:10,519] {logging_mixin.py:104} INFO - [2023-06-12 08:06:10,519] {dag.py:1833} INFO - Sync 1 DAGs
[2023-06-12 08:06:10,531] {logging_mixin.py:104} INFO - [2023-06-12 08:06:10,530] {dag.py:2306} INFO - Setting next_dagrun for 2_daily_transformation_analysis to None
[2023-06-12 08:06:10,541] {scheduler_job.py:189} INFO - Processing /opt/airflow/dags/transform_and_analysis.py took 0.084 seconds
[2023-06-12 08:06:40,798] {scheduler_job.py:181} INFO - Started process (PID=1576) to work on /opt/airflow/dags/transform_and_analysis.py
[2023-06-12 08:06:40,800] {scheduler_job.py:632} INFO - Processing file /opt/airflow/dags/transform_and_analysis.py for tasks to queue
[2023-06-12 08:06:40,801] {logging_mixin.py:104} INFO - [2023-06-12 08:06:40,801] {dagbag.py:496} INFO - Filling up the DagBag from /opt/airflow/dags/transform_and_analysis.py
[2023-06-12 08:06:40,842] {scheduler_job.py:642} INFO - DAG(s) dict_keys(['2_daily_transformation_analysis']) retrieved from /opt/airflow/dags/transform_and_analysis.py
[2023-06-12 08:06:40,858] {logging_mixin.py:104} INFO - [2023-06-12 08:06:40,857] {dag.py:1833} INFO - Sync 1 DAGs
[2023-06-12 08:06:40,869] {logging_mixin.py:104} INFO - [2023-06-12 08:06:40,869] {dag.py:2306} INFO - Setting next_dagrun for 2_daily_transformation_analysis to None
[2023-06-12 08:06:40,880] {scheduler_job.py:189} INFO - Processing /opt/airflow/dags/transform_and_analysis.py took 0.085 seconds
[2023-06-12 08:07:10,971] {scheduler_job.py:181} INFO - Started process (PID=1639) to work on /opt/airflow/dags/transform_and_analysis.py
[2023-06-12 08:07:10,973] {scheduler_job.py:632} INFO - Processing file /opt/airflow/dags/transform_and_analysis.py for tasks to queue
[2023-06-12 08:07:10,974] {logging_mixin.py:104} INFO - [2023-06-12 08:07:10,973] {dagbag.py:496} INFO - Filling up the DagBag from /opt/airflow/dags/transform_and_analysis.py
[2023-06-12 08:07:11,015] {scheduler_job.py:642} INFO - DAG(s) dict_keys(['2_daily_transformation_analysis']) retrieved from /opt/airflow/dags/transform_and_analysis.py
[2023-06-12 08:07:11,031] {logging_mixin.py:104} INFO - [2023-06-12 08:07:11,031] {dag.py:1833} INFO - Sync 1 DAGs
[2023-06-12 08:07:11,042] {logging_mixin.py:104} INFO - [2023-06-12 08:07:11,042] {dag.py:2306} INFO - Setting next_dagrun for 2_daily_transformation_analysis to None
[2023-06-12 08:07:11,054] {scheduler_job.py:189} INFO - Processing /opt/airflow/dags/transform_and_analysis.py took 0.085 seconds
[2023-06-12 08:07:42,024] {scheduler_job.py:181} INFO - Started process (PID=1701) to work on /opt/airflow/dags/transform_and_analysis.py
[2023-06-12 08:07:42,026] {scheduler_job.py:632} INFO - Processing file /opt/airflow/dags/transform_and_analysis.py for tasks to queue
[2023-06-12 08:07:42,027] {logging_mixin.py:104} INFO - [2023-06-12 08:07:42,027] {dagbag.py:496} INFO - Filling up the DagBag from /opt/airflow/dags/transform_and_analysis.py
[2023-06-12 08:07:42,076] {scheduler_job.py:642} INFO - DAG(s) dict_keys(['2_daily_transformation_analysis']) retrieved from /opt/airflow/dags/transform_and_analysis.py
[2023-06-12 08:07:42,092] {logging_mixin.py:104} INFO - [2023-06-12 08:07:42,092] {dag.py:1833} INFO - Sync 1 DAGs
[2023-06-12 08:07:42,105] {logging_mixin.py:104} INFO - [2023-06-12 08:07:42,105] {dag.py:2306} INFO - Setting next_dagrun for 2_daily_transformation_analysis to None
[2023-06-12 08:07:42,116] {scheduler_job.py:189} INFO - Processing /opt/airflow/dags/transform_and_analysis.py took 0.095 seconds
[2023-06-12 08:08:12,392] {scheduler_job.py:181} INFO - Started process (PID=1755) to work on /opt/airflow/dags/transform_and_analysis.py
[2023-06-12 08:08:12,394] {scheduler_job.py:632} INFO - Processing file /opt/airflow/dags/transform_and_analysis.py for tasks to queue
[2023-06-12 08:08:12,395] {logging_mixin.py:104} INFO - [2023-06-12 08:08:12,395] {dagbag.py:496} INFO - Filling up the DagBag from /opt/airflow/dags/transform_and_analysis.py
[2023-06-12 08:08:12,441] {scheduler_job.py:642} INFO - DAG(s) dict_keys(['2_daily_transformation_analysis']) retrieved from /opt/airflow/dags/transform_and_analysis.py
[2023-06-12 08:08:12,458] {logging_mixin.py:104} INFO - [2023-06-12 08:08:12,458] {dag.py:1833} INFO - Sync 1 DAGs
[2023-06-12 08:08:12,470] {logging_mixin.py:104} INFO - [2023-06-12 08:08:12,470] {dag.py:2306} INFO - Setting next_dagrun for 2_daily_transformation_analysis to None
[2023-06-12 08:08:12,483] {scheduler_job.py:189} INFO - Processing /opt/airflow/dags/transform_and_analysis.py took 0.093 seconds
[2023-06-12 08:08:42,956] {scheduler_job.py:181} INFO - Started process (PID=1819) to work on /opt/airflow/dags/transform_and_analysis.py
[2023-06-12 08:08:42,957] {scheduler_job.py:632} INFO - Processing file /opt/airflow/dags/transform_and_analysis.py for tasks to queue
[2023-06-12 08:08:42,958] {logging_mixin.py:104} INFO - [2023-06-12 08:08:42,958] {dagbag.py:496} INFO - Filling up the DagBag from /opt/airflow/dags/transform_and_analysis.py
[2023-06-12 08:08:43,000] {scheduler_job.py:642} INFO - DAG(s) dict_keys(['2_daily_transformation_analysis']) retrieved from /opt/airflow/dags/transform_and_analysis.py
[2023-06-12 08:08:43,022] {logging_mixin.py:104} INFO - [2023-06-12 08:08:43,022] {dag.py:1833} INFO - Sync 1 DAGs
[2023-06-12 08:08:43,035] {logging_mixin.py:104} INFO - [2023-06-12 08:08:43,035] {dag.py:2306} INFO - Setting next_dagrun for 2_daily_transformation_analysis to None
[2023-06-12 08:08:43,047] {scheduler_job.py:189} INFO - Processing /opt/airflow/dags/transform_and_analysis.py took 0.094 seconds
[2023-06-12 08:09:13,332] {scheduler_job.py:181} INFO - Started process (PID=1872) to work on /opt/airflow/dags/transform_and_analysis.py
[2023-06-12 08:09:13,333] {scheduler_job.py:632} INFO - Processing file /opt/airflow/dags/transform_and_analysis.py for tasks to queue
[2023-06-12 08:09:13,334] {logging_mixin.py:104} INFO - [2023-06-12 08:09:13,334] {dagbag.py:496} INFO - Filling up the DagBag from /opt/airflow/dags/transform_and_analysis.py
[2023-06-12 08:09:13,373] {scheduler_job.py:642} INFO - DAG(s) dict_keys(['2_daily_transformation_analysis']) retrieved from /opt/airflow/dags/transform_and_analysis.py
[2023-06-12 08:09:13,388] {logging_mixin.py:104} INFO - [2023-06-12 08:09:13,388] {dag.py:1833} INFO - Sync 1 DAGs
[2023-06-12 08:09:13,400] {logging_mixin.py:104} INFO - [2023-06-12 08:09:13,399] {dag.py:2306} INFO - Setting next_dagrun for 2_daily_transformation_analysis to None
[2023-06-12 08:09:13,409] {scheduler_job.py:189} INFO - Processing /opt/airflow/dags/transform_and_analysis.py took 0.080 seconds
[2023-06-12 08:09:43,685] {scheduler_job.py:181} INFO - Started process (PID=1935) to work on /opt/airflow/dags/transform_and_analysis.py
[2023-06-12 08:09:43,687] {scheduler_job.py:632} INFO - Processing file /opt/airflow/dags/transform_and_analysis.py for tasks to queue
[2023-06-12 08:09:43,688] {logging_mixin.py:104} INFO - [2023-06-12 08:09:43,688] {dagbag.py:496} INFO - Filling up the DagBag from /opt/airflow/dags/transform_and_analysis.py
[2023-06-12 08:09:43,730] {scheduler_job.py:642} INFO - DAG(s) dict_keys(['2_daily_transformation_analysis']) retrieved from /opt/airflow/dags/transform_and_analysis.py
[2023-06-12 08:09:43,748] {logging_mixin.py:104} INFO - [2023-06-12 08:09:43,748] {dag.py:1833} INFO - Sync 1 DAGs
[2023-06-12 08:09:43,760] {logging_mixin.py:104} INFO - [2023-06-12 08:09:43,760] {dag.py:2306} INFO - Setting next_dagrun for 2_daily_transformation_analysis to None
[2023-06-12 08:09:43,771] {scheduler_job.py:189} INFO - Processing /opt/airflow/dags/transform_and_analysis.py took 0.089 seconds
[2023-06-12 08:10:14,190] {scheduler_job.py:181} INFO - Started process (PID=1998) to work on /opt/airflow/dags/transform_and_analysis.py
[2023-06-12 08:10:14,192] {scheduler_job.py:632} INFO - Processing file /opt/airflow/dags/transform_and_analysis.py for tasks to queue
[2023-06-12 08:10:14,193] {logging_mixin.py:104} INFO - [2023-06-12 08:10:14,192] {dagbag.py:496} INFO - Filling up the DagBag from /opt/airflow/dags/transform_and_analysis.py
[2023-06-12 08:10:14,238] {scheduler_job.py:642} INFO - DAG(s) dict_keys(['2_daily_transformation_analysis']) retrieved from /opt/airflow/dags/transform_and_analysis.py
[2023-06-12 08:10:14,254] {logging_mixin.py:104} INFO - [2023-06-12 08:10:14,254] {dag.py:1833} INFO - Sync 1 DAGs
[2023-06-12 08:10:14,266] {logging_mixin.py:104} INFO - [2023-06-12 08:10:14,266] {dag.py:2306} INFO - Setting next_dagrun for 2_daily_transformation_analysis to None
[2023-06-12 08:10:14,278] {scheduler_job.py:189} INFO - Processing /opt/airflow/dags/transform_and_analysis.py took 0.090 seconds
[2023-06-12 08:10:44,557] {scheduler_job.py:181} INFO - Started process (PID=2051) to work on /opt/airflow/dags/transform_and_analysis.py
[2023-06-12 08:10:44,559] {scheduler_job.py:632} INFO - Processing file /opt/airflow/dags/transform_and_analysis.py for tasks to queue
[2023-06-12 08:10:44,560] {logging_mixin.py:104} INFO - [2023-06-12 08:10:44,560] {dagbag.py:496} INFO - Filling up the DagBag from /opt/airflow/dags/transform_and_analysis.py
[2023-06-12 08:10:44,601] {scheduler_job.py:642} INFO - DAG(s) dict_keys(['2_daily_transformation_analysis']) retrieved from /opt/airflow/dags/transform_and_analysis.py
[2023-06-12 08:10:44,618] {logging_mixin.py:104} INFO - [2023-06-12 08:10:44,617] {dag.py:1833} INFO - Sync 1 DAGs
[2023-06-12 08:10:44,629] {logging_mixin.py:104} INFO - [2023-06-12 08:10:44,629] {dag.py:2306} INFO - Setting next_dagrun for 2_daily_transformation_analysis to None
[2023-06-12 08:10:44,642] {scheduler_job.py:189} INFO - Processing /opt/airflow/dags/transform_and_analysis.py took 0.087 seconds
[2023-06-12 08:11:15,041] {scheduler_job.py:181} INFO - Started process (PID=2114) to work on /opt/airflow/dags/transform_and_analysis.py
[2023-06-12 08:11:15,042] {scheduler_job.py:632} INFO - Processing file /opt/airflow/dags/transform_and_analysis.py for tasks to queue
[2023-06-12 08:11:15,043] {logging_mixin.py:104} INFO - [2023-06-12 08:11:15,043] {dagbag.py:496} INFO - Filling up the DagBag from /opt/airflow/dags/transform_and_analysis.py
[2023-06-12 08:11:15,083] {scheduler_job.py:642} INFO - DAG(s) dict_keys(['2_daily_transformation_analysis']) retrieved from /opt/airflow/dags/transform_and_analysis.py
[2023-06-12 08:11:15,098] {logging_mixin.py:104} INFO - [2023-06-12 08:11:15,098] {dag.py:1833} INFO - Sync 1 DAGs
[2023-06-12 08:11:15,110] {logging_mixin.py:104} INFO - [2023-06-12 08:11:15,110] {dag.py:2306} INFO - Setting next_dagrun for 2_daily_transformation_analysis to None
[2023-06-12 08:11:15,121] {scheduler_job.py:189} INFO - Processing /opt/airflow/dags/transform_and_analysis.py took 0.083 seconds
[2023-06-12 08:11:45,342] {scheduler_job.py:181} INFO - Started process (PID=2167) to work on /opt/airflow/dags/transform_and_analysis.py
[2023-06-12 08:11:45,344] {scheduler_job.py:632} INFO - Processing file /opt/airflow/dags/transform_and_analysis.py for tasks to queue
[2023-06-12 08:11:45,345] {logging_mixin.py:104} INFO - [2023-06-12 08:11:45,344] {dagbag.py:496} INFO - Filling up the DagBag from /opt/airflow/dags/transform_and_analysis.py
[2023-06-12 08:11:45,385] {scheduler_job.py:642} INFO - DAG(s) dict_keys(['2_daily_transformation_analysis']) retrieved from /opt/airflow/dags/transform_and_analysis.py
[2023-06-12 08:11:45,400] {logging_mixin.py:104} INFO - [2023-06-12 08:11:45,400] {dag.py:1833} INFO - Sync 1 DAGs
[2023-06-12 08:11:45,412] {logging_mixin.py:104} INFO - [2023-06-12 08:11:45,412] {dag.py:2306} INFO - Setting next_dagrun for 2_daily_transformation_analysis to None
[2023-06-12 08:11:45,425] {scheduler_job.py:189} INFO - Processing /opt/airflow/dags/transform_and_analysis.py took 0.085 seconds
[2023-06-12 08:12:15,949] {scheduler_job.py:181} INFO - Started process (PID=2230) to work on /opt/airflow/dags/transform_and_analysis.py
[2023-06-12 08:12:15,951] {scheduler_job.py:632} INFO - Processing file /opt/airflow/dags/transform_and_analysis.py for tasks to queue
[2023-06-12 08:12:15,952] {logging_mixin.py:104} INFO - [2023-06-12 08:12:15,951] {dagbag.py:496} INFO - Filling up the DagBag from /opt/airflow/dags/transform_and_analysis.py
[2023-06-12 08:12:15,992] {scheduler_job.py:642} INFO - DAG(s) dict_keys(['2_daily_transformation_analysis']) retrieved from /opt/airflow/dags/transform_and_analysis.py
[2023-06-12 08:12:16,008] {logging_mixin.py:104} INFO - [2023-06-12 08:12:16,008] {dag.py:1833} INFO - Sync 1 DAGs
[2023-06-12 08:12:16,019] {logging_mixin.py:104} INFO - [2023-06-12 08:12:16,019] {dag.py:2306} INFO - Setting next_dagrun for 2_daily_transformation_analysis to None
[2023-06-12 08:12:16,029] {scheduler_job.py:189} INFO - Processing /opt/airflow/dags/transform_and_analysis.py took 0.082 seconds
[2023-06-12 08:12:46,333] {scheduler_job.py:181} INFO - Started process (PID=2293) to work on /opt/airflow/dags/transform_and_analysis.py
[2023-06-12 08:12:46,334] {scheduler_job.py:632} INFO - Processing file /opt/airflow/dags/transform_and_analysis.py for tasks to queue
[2023-06-12 08:12:46,336] {logging_mixin.py:104} INFO - [2023-06-12 08:12:46,335] {dagbag.py:496} INFO - Filling up the DagBag from /opt/airflow/dags/transform_and_analysis.py
[2023-06-12 08:12:46,381] {scheduler_job.py:642} INFO - DAG(s) dict_keys(['2_daily_transformation_analysis']) retrieved from /opt/airflow/dags/transform_and_analysis.py
[2023-06-12 08:12:46,423] {logging_mixin.py:104} INFO - [2023-06-12 08:12:46,423] {dag.py:1833} INFO - Sync 1 DAGs
[2023-06-12 08:12:46,446] {logging_mixin.py:104} INFO - [2023-06-12 08:12:46,446] {dag.py:2306} INFO - Setting next_dagrun for 2_daily_transformation_analysis to None
[2023-06-12 08:12:46,462] {scheduler_job.py:189} INFO - Processing /opt/airflow/dags/transform_and_analysis.py took 0.132 seconds
