[0m09:27:40.710267 [debug] [MainThread]: Sending event: {'category': 'dbt', 'action': 'invocation', 'label': 'start', 'context': [<snowplow_tracker.self_describing_json.SelfDescribingJson object at 0x7fab26eb9d20>, <snowplow_tracker.self_describing_json.SelfDescribingJson object at 0x7fab258648e0>, <snowplow_tracker.self_describing_json.SelfDescribingJson object at 0x7fab25864820>]}


============================== 09:27:40.714724 | ec741392-5b79-45a0-bb5d-99fc7568bcdd ==============================
[0m09:27:40.714724 [info ] [MainThread]: Running with dbt=1.5.1
[0m09:27:40.716461 [debug] [MainThread]: running dbt with arguments {'printer_width': '80', 'indirect_selection': 'eager', 'write_json': 'True', 'log_cache_events': 'False', 'partial_parse': 'True', 'cache_selected_only': 'False', 'profiles_dir': '/home/mtenaud/.dbt', 'debug': 'False', 'version_check': 'True', 'log_path': 'logs', 'warn_error': 'None', 'fail_fast': 'False', 'use_colors': 'True', 'use_experimental_parser': 'False', 'no_print': 'None', 'quiet': 'False', 'warn_error_options': 'WarnErrorOptions(include=[], exclude=[])', 'static_parser': 'True', 'introspect': 'True', 'log_format': 'default', 'target_path': 'None', 'send_anonymous_usage_stats': 'True'}
[0m09:27:54.935432 [debug] [MainThread]: Starter project path: /home/mtenaud/.local/lib/python3.10/site-packages/dbt/include/starter_project
[0m09:29:15.052569 [info ] [MainThread]: Profile Airflow_DBT_Snowflake written to /home/mtenaud/.dbt/profiles.yml using target's profile_template.yml and your supplied values. Run 'dbt debug' to validate the connection.
[0m09:29:15.054888 [info ] [MainThread]: 
Your new dbt project "Airflow_DBT_Snowflake" was created!

For more information on how to configure the profiles.yml file,
please consult the dbt documentation here:

  https://docs.getdbt.com/docs/configure-your-profile

One more thing:

Need help? Don't hesitate to reach out to us via GitHub issues or on Slack:

  https://community.getdbt.com/

Happy modeling!

[0m09:29:15.057404 [debug] [MainThread]: Command `dbt init` succeeded at 09:29:15.057181 after 94.37 seconds
[0m09:29:15.058951 [debug] [MainThread]: Sending event: {'category': 'dbt', 'action': 'invocation', 'label': 'end', 'context': [<snowplow_tracker.self_describing_json.SelfDescribingJson object at 0x7fab26eb9d20>, <snowplow_tracker.self_describing_json.SelfDescribingJson object at 0x7fab26833c70>, <snowplow_tracker.self_describing_json.SelfDescribingJson object at 0x7fab26833d00>]}
[0m09:29:15.060274 [debug] [MainThread]: Flushing usage events
[0m17:51:44.238071 [debug] [MainThread]: Sending event: {'category': 'dbt', 'action': 'invocation', 'label': 'start', 'context': [<snowplow_tracker.self_describing_json.SelfDescribingJson object at 0x7f5288c65c90>, <snowplow_tracker.self_describing_json.SelfDescribingJson object at 0x7f5287578a60>, <snowplow_tracker.self_describing_json.SelfDescribingJson object at 0x7f5287578910>]}


============================== 17:51:44.243969 | 4b72d0cd-2189-4ea4-9128-1c8a188dd45e ==============================
[0m17:51:44.243969 [info ] [MainThread]: Running with dbt=1.5.1
[0m17:51:44.245937 [debug] [MainThread]: running dbt with arguments {'printer_width': '80', 'indirect_selection': 'eager', 'write_json': 'True', 'log_cache_events': 'False', 'partial_parse': 'True', 'cache_selected_only': 'False', 'profiles_dir': '/home/mtenaud/.dbt', 'fail_fast': 'False', 'debug': 'False', 'log_path': 'logs', 'warn_error': 'None', 'version_check': 'True', 'use_colors': 'True', 'use_experimental_parser': 'False', 'no_print': 'None', 'quiet': 'False', 'log_format': 'default', 'introspect': 'True', 'warn_error_options': 'WarnErrorOptions(include=[], exclude=[])', 'static_parser': 'True', 'target_path': 'None', 'send_anonymous_usage_stats': 'True'}
[0m17:51:44.248095 [error] [MainThread]: Encountered an error:
Runtime Error
  No dbt_project.yml found at expected path /mnt/d/IPPON/Airflow DBT Snowflake/Tuto_Airflow_DBT_Snowflake/Tuto_Airflow_DBT_Snowflake/dbt_project.yml
  Verify that each entry within packages.yml (and their transitive dependencies) contains a file named dbt_project.yml
  
[0m17:51:44.250064 [debug] [MainThread]: Command `dbt deps` failed at 17:51:44.249931 after 0.03 seconds
[0m17:51:44.251535 [debug] [MainThread]: Sending event: {'category': 'dbt', 'action': 'invocation', 'label': 'end', 'context': [<snowplow_tracker.self_describing_json.SelfDescribingJson object at 0x7f5288c65c90>, <snowplow_tracker.self_describing_json.SelfDescribingJson object at 0x7f5287578c40>, <snowplow_tracker.self_describing_json.SelfDescribingJson object at 0x7f5287578b50>]}
[0m17:51:44.253207 [debug] [MainThread]: Flushing usage events
