[0m11:13:11.920194 [debug] [MainThread]: Sending event: {'category': 'dbt', 'action': 'invocation', 'label': 'start', 'context': [<snowplow_tracker.self_describing_json.SelfDescribingJson object at 0x7f38d2ec5c60>, <snowplow_tracker.self_describing_json.SelfDescribingJson object at 0x7f38d1999f00>, <snowplow_tracker.self_describing_json.SelfDescribingJson object at 0x7f38d1999e40>]}


============================== 11:13:11.923913 | c4658e8d-0eb0-40ef-8db6-6107e0bfc2d6 ==============================
[0m11:13:11.923913 [info ] [MainThread]: Running with dbt=1.5.1
[0m11:13:11.925366 [debug] [MainThread]: running dbt with arguments {'printer_width': '80', 'indirect_selection': 'eager', 'log_cache_events': 'False', 'write_json': 'True', 'partial_parse': 'True', 'cache_selected_only': 'False', 'warn_error': 'None', 'debug': 'False', 'fail_fast': 'False', 'log_path': 'logs', 'version_check': 'True', 'profiles_dir': '/home/mtenaud/.dbt', 'use_colors': 'True', 'use_experimental_parser': 'False', 'no_print': 'None', 'quiet': 'False', 'log_format': 'default', 'static_parser': 'True', 'warn_error_options': 'WarnErrorOptions(include=[], exclude=[])', 'introspect': 'True', 'target_path': 'None', 'send_anonymous_usage_stats': 'True'}
[0m11:13:16.823291 [debug] [MainThread]: Starter project path: /home/mtenaud/.local/lib/python3.10/site-packages/dbt/include/starter_project
[0m11:15:04.073110 [info ] [MainThread]: Profile dbt_project written to /home/mtenaud/.dbt/profiles.yml using target's profile_template.yml and your supplied values. Run 'dbt debug' to validate the connection.
[0m11:15:04.074699 [info ] [MainThread]: 
Your new dbt project "dbt_project" was created!

For more information on how to configure the profiles.yml file,
please consult the dbt documentation here:

  https://docs.getdbt.com/docs/configure-your-profile

One more thing:

Need help? Don't hesitate to reach out to us via GitHub issues or on Slack:

  https://community.getdbt.com/

Happy modeling!

[0m11:15:04.076391 [debug] [MainThread]: Command `dbt init` succeeded at 11:15:04.076193 after 112.49 seconds
[0m11:15:04.077479 [debug] [MainThread]: Sending event: {'category': 'dbt', 'action': 'invocation', 'label': 'end', 'context': [<snowplow_tracker.self_describing_json.SelfDescribingJson object at 0x7f38d2ec5c60>, <snowplow_tracker.self_describing_json.SelfDescribingJson object at 0x7f38d4f72350>, <snowplow_tracker.self_describing_json.SelfDescribingJson object at 0x7f38d1999de0>]}
[0m11:15:04.078502 [debug] [MainThread]: Flushing usage events
[0m11:15:18.259681 [debug] [MainThread]: Sending event: {'category': 'dbt', 'action': 'invocation', 'label': 'start', 'context': [<snowplow_tracker.self_describing_json.SelfDescribingJson object at 0x7fa3130ca0e0>, <snowplow_tracker.self_describing_json.SelfDescribingJson object at 0x7fa311ba9f00>, <snowplow_tracker.self_describing_json.SelfDescribingJson object at 0x7fa311ba9e10>]}


============================== 11:15:18.262341 | 291f2393-232a-4644-b2b8-a2f463474f3d ==============================
[0m11:15:18.262341 [info ] [MainThread]: Running with dbt=1.5.1
[0m11:15:18.263907 [debug] [MainThread]: running dbt with arguments {'printer_width': '80', 'indirect_selection': 'eager', 'write_json': 'True', 'log_cache_events': 'False', 'partial_parse': 'True', 'cache_selected_only': 'False', 'warn_error': 'None', 'version_check': 'True', 'debug': 'False', 'log_path': 'logs', 'fail_fast': 'False', 'profiles_dir': '/home/mtenaud/.dbt', 'use_colors': 'True', 'use_experimental_parser': 'False', 'no_print': 'None', 'quiet': 'False', 'warn_error_options': 'WarnErrorOptions(include=[], exclude=[])', 'static_parser': 'True', 'introspect': 'True', 'log_format': 'default', 'target_path': 'None', 'send_anonymous_usage_stats': 'True'}
[0m11:15:18.266264 [info ] [MainThread]: dbt version: 1.5.1
[0m11:15:18.267716 [info ] [MainThread]: python version: 3.10.6
[0m11:15:18.268953 [info ] [MainThread]: python path: /usr/bin/python3
[0m11:15:18.270102 [info ] [MainThread]: os info: Linux-5.15.90.1-microsoft-standard-WSL2-x86_64-with-glibc2.35
[0m11:15:18.271382 [info ] [MainThread]: Using profiles.yml file at /home/mtenaud/.dbt/profiles.yml
[0m11:15:18.272480 [info ] [MainThread]: Using dbt_project.yml file at /mnt/d/IPPON/Airflow DBT Snowflake/Tuto_Airflow_DBT_Snowflake/Tuto_Airflow_DBT_Snowflake/dbt_airflow/dbt_project.yml
[0m11:15:18.273554 [info ] [MainThread]: Configuration:
[0m11:15:18.436250 [info ] [MainThread]:   profiles.yml file [[32mOK found and valid[0m]
[0m11:15:18.438244 [info ] [MainThread]:   dbt_project.yml file [[31mERROR not found[0m]
[0m11:15:18.439925 [info ] [MainThread]: Required dependencies:
[0m11:15:18.442993 [debug] [MainThread]: Executing "git --help"
[0m11:15:18.445364 [debug] [MainThread]: STDOUT: "b"usage: git [--version] [--help] [-C <path>] [-c <name>=<value>]\n           [--exec-path[=<path>]] [--html-path] [--man-path] [--info-path]\n           [-p | --paginate | -P | --no-pager] [--no-replace-objects] [--bare]\n           [--git-dir=<path>] [--work-tree=<path>] [--namespace=<name>]\n           [--super-prefix=<path>] [--config-env=<name>=<envvar>]\n           <command> [<args>]\n\nThese are common Git commands used in various situations:\n\nstart a working area (see also: git help tutorial)\n   clone     Clone a repository into a new directory\n   init      Create an empty Git repository or reinitialize an existing one\n\nwork on the current change (see also: git help everyday)\n   add       Add file contents to the index\n   mv        Move or rename a file, a directory, or a symlink\n   restore   Restore working tree files\n   rm        Remove files from the working tree and from the index\n\nexamine the history and state (see also: git help revisions)\n   bisect    Use binary search to find the commit that introduced a bug\n   diff      Show changes between commits, commit and working tree, etc\n   grep      Print lines matching a pattern\n   log       Show commit logs\n   show      Show various types of objects\n   status    Show the working tree status\n\ngrow, mark and tweak your common history\n   branch    List, create, or delete branches\n   commit    Record changes to the repository\n   merge     Join two or more development histories together\n   rebase    Reapply commits on top of another base tip\n   reset     Reset current HEAD to the specified state\n   switch    Switch branches\n   tag       Create, list, delete or verify a tag object signed with GPG\n\ncollaborate (see also: git help workflows)\n   fetch     Download objects and refs from another repository\n   pull      Fetch from and integrate with another repository or a local branch\n   push      Update remote refs along with associated objects\n\n'git help -a' and 'git help -g' list available subcommands and some\nconcept guides. See 'git help <command>' or 'git help <concept>'\nto read about a specific subcommand or concept.\nSee 'git help git' for an overview of the system.\n""
[0m11:15:18.446438 [debug] [MainThread]: STDERR: "b''"
[0m11:15:18.447460 [info ] [MainThread]:  - git [[32mOK found[0m]

[0m11:15:18.449451 [info ] [MainThread]: Connection:
[0m11:15:18.450931 [info ] [MainThread]:   account: IPPONPARTNER
[0m11:15:18.452185 [info ] [MainThread]:   user: MTENAUD
[0m11:15:18.453365 [info ] [MainThread]:   database: MTENAUD_DB
[0m11:15:18.454943 [info ] [MainThread]:   schema: PUBLIC
[0m11:15:18.456451 [info ] [MainThread]:   warehouse: MTENAUD_WH_XS
[0m11:15:18.457993 [info ] [MainThread]:   role: MTENAUD_ROLE
[0m11:15:18.459147 [info ] [MainThread]:   client_session_keep_alive: False
[0m11:15:18.460138 [info ] [MainThread]:   query_tag: None
[0m11:15:18.461340 [debug] [MainThread]: Acquiring new snowflake connection 'debug'
[0m11:15:18.462592 [debug] [MainThread]: Using snowflake connection "debug"
[0m11:15:18.463715 [debug] [MainThread]: On debug: select 1 as id
[0m11:15:18.464533 [debug] [MainThread]: Opening a new connection, currently in state init
[0m11:15:19.609226 [debug] [MainThread]: Snowflake adapter: Error running SQL: select 1 as id
[0m11:15:19.610389 [debug] [MainThread]: Snowflake adapter: Rolling back transaction.
[0m11:15:19.611433 [debug] [MainThread]: On debug: No close available on handle
[0m11:15:19.612521 [info ] [MainThread]:   Connection test: [[31mERROR[0m]

[0m11:15:19.613826 [info ] [MainThread]: [31m2 checks failed:[0m
[0m11:15:19.615140 [info ] [MainThread]: Could not load dbt_project.yml

[0m11:15:19.616551 [info ] [MainThread]: dbt was unable to connect to the specified database.
The database returned the following error:

  >Database Error
  250001 (08001): Failed to connect to DB. Verify the account name is correct: IPPONPARTNER.snowflakecomputing.com:443. HTTP 403: Forbidden

Check your database credentials and try again. For more information, visit:
https://docs.getdbt.com/docs/configure-your-profile


[0m11:15:19.618418 [debug] [MainThread]: Command `dbt debug` failed at 11:15:19.618251 after 1.37 seconds
[0m11:15:19.619575 [debug] [MainThread]: Connection 'debug' was properly closed.
[0m11:15:19.620626 [debug] [MainThread]: Sending event: {'category': 'dbt', 'action': 'invocation', 'label': 'end', 'context': [<snowplow_tracker.self_describing_json.SelfDescribingJson object at 0x7fa3130ca0e0>, <snowplow_tracker.self_describing_json.SelfDescribingJson object at 0x7fa30c3db880>, <snowplow_tracker.self_describing_json.SelfDescribingJson object at 0x7fa310b8dd80>]}
[0m11:15:19.622215 [debug] [MainThread]: Flushing usage events
